Building DAG of jobs...
Using shell: /usr/bin/bash
Provided cores: 4
Rules claiming more threads will be scaled down.
Job counts:
	count	jobs
	1	mutect
	1

[Sat Mar 13 00:25:01 2021]
rule mutect:
    input: /spin1/scratch/tandonm/pipeline_out/tn_test_1/bams/chrom_split/Sample4_CRL1622_S31.test.chr20.split.bam, /spin1/scratch/tandonm/pipeline_out/tn_test_1/bams/chrom_split/Sample10_ARK1_S37.test.chr20.split.bam
    output: /spin1/scratch/tandonm/pipeline_out/tn_test_1/somatic/SNP_Indels/mutect_out/chrom_split/Sample10_ARK1_S37.test.chr20.vcf, /spin1/scratch/tandonm/pipeline_out/tn_test_1/somatic/SNP_Indels/mutect_out/chrom_split/Sample10_ARK1_S37.test.chr20.stats.out
    jobid: 0
    wildcards: samples=Sample10_ARK1_S37.test, chroms=chr20


  +--------------------------------------------------------------------------+
           muTect functionality has been merged with GATK since 2015.
                   Please consider using GATK instead.

                     For more information please see:

             https://software.broadinstitute.org/gatk/blog?id=6495
  +--------------------------------------------------------------------------+

[+] Loading java 1.7.0_80  ... 
[+] Loading mutect / 1.1.7  ... 
mem = 2g
tmpdir = /lscratch/10304401/muTect
INFO  00:25:07,722 HelpFormatter - -------------------------------------------------------------------------------- 
INFO  00:25:07,724 HelpFormatter - The Genome Analysis Toolkit (GATK) v3.1-0-g72492bb, Compiled 2014/12/15 20:09:26 
INFO  00:25:07,724 HelpFormatter - Copyright (c) 2010 The Broad Institute 
INFO  00:25:07,724 HelpFormatter - For support and documentation go to http://www.broadinstitute.org/gatk 
INFO  00:25:07,727 HelpFormatter - Program Args: --analysis_type MuTect --reference_sequence /data/tandonm/pl_test_data/human/genome/hg38/Homo_sapiens_assembly38.fasta --normal_panel /data/CCBR_Pipeliner/db/PipeDB/lib/hg38.noCOSMIC_ClinVar.pon.vcf.gz --vcf /spin1/scratch/tandonm/pipeline_out/tn_test_1/somatic/SNP_Indels/mutect_out/chrom_split/Sample10_ARK1_S37.test.chr20.vcf --cosmic /data/CCBR_Pipeliner/db/PipeDB/lib/COSMIC_82_hg38.vcf.gz --dbsnp /fdb/GATK_resource_bundle/hg38bundle/dbsnp_138.hg38.vcf.gz --disable_auto_index_creation_and_locking_when_reading_rods --input_file:normal /spin1/scratch/tandonm/pipeline_out/tn_test_1/bams/chrom_split/Sample4_CRL1622_S31.test.chr20.split.bam --input_file:tumor /spin1/scratch/tandonm/pipeline_out/tn_test_1/bams/chrom_split/Sample10_ARK1_S37.test.chr20.split.bam --out /spin1/scratch/tandonm/pipeline_out/tn_test_1/somatic/SNP_Indels/mutect_out/chrom_split/Sample10_ARK1_S37.test.chr20.stats.out -rf BadCigar 
INFO  00:25:07,731 HelpFormatter - Executing as tandonm@cn2422 on Linux 3.10.0-862.14.4.el7.x86_64 amd64; Java HotSpot(TM) 64-Bit Server VM 1.7.0_80-b15. 
INFO  00:25:07,731 HelpFormatter - Date/Time: 2021/03/13 00:25:07 
INFO  00:25:07,731 HelpFormatter - -------------------------------------------------------------------------------- 
INFO  00:25:07,731 HelpFormatter - -------------------------------------------------------------------------------- 
INFO  00:25:08,184 GenomeAnalysisEngine - Strictness is SILENT 
INFO  00:25:08,534 GenomeAnalysisEngine - Downsampling Settings: Method: BY_SAMPLE, Target Coverage: 1000 
INFO  00:25:08,541 SAMDataSource$SAMReaders - Initializing SAMRecords in serial 
INFO  00:25:08,646 SAMDataSource$SAMReaders - Done initializing BAM readers: total time 0.10 
WARN  00:25:09,404 IndexDictionaryUtils - Track dbsnp doesn't have a sequence dictionary built in, skipping dictionary validation 
WARN  00:25:09,404 IndexDictionaryUtils - Track cosmic doesn't have a sequence dictionary built in, skipping dictionary validation 
WARN  00:25:09,404 IndexDictionaryUtils - Track normal_panel doesn't have a sequence dictionary built in, skipping dictionary validation 
INFO  00:25:09,469 GenomeAnalysisEngine - Preparing for traversal over 2 BAM files 
INFO  00:25:09,565 GenomeAnalysisEngine - Done preparing for traversal 
INFO  00:25:09,566 ProgressMeter - [INITIALIZATION COMPLETE; STARTING PROCESSING] 
INFO  00:25:09,566 ProgressMeter -        Location processed.sites  runtime per.1M.sites completed total.runtime remaining 
INFO  00:25:09,568 MuTect - VERSION INFO: MuTect:1.1.6-4-g69b7a37 Gatk:3.1-0-g72492bb 
INFO  00:25:39,569 ProgressMeter -   chr1:42046101        0.00e+00   30.0 s       49.6 w      1.3%        38.3 m    37.8 m 
INFO  00:26:09,606 ProgressMeter -   chr1:92964101        0.00e+00   60.0 s       99.3 w      2.9%        34.6 m    33.6 m 
INFO  00:26:39,607 ProgressMeter -  chr1:151657001        0.00e+00   90.0 s      148.9 w      4.7%        31.8 m    30.3 m 
INFO  00:27:09,635 ProgressMeter -  chr1:202134801        0.00e+00  120.0 s      198.5 w      6.3%        31.8 m    29.8 m 
INFO  00:27:39,653 ProgressMeter -     chr2:680401        2.49e+08    2.5 m        0.0 s      7.8%        32.2 m    29.7 m 
INFO  00:28:09,676 ProgressMeter -   chr2:48122401        2.49e+08    3.0 m        0.0 s      9.2%        32.5 m    29.5 m 
INFO  00:28:39,849 ProgressMeter -   chr2:99021301        2.49e+08    3.5 m        0.0 s     10.8%        32.4 m    28.9 m 
INFO  00:29:09,850 ProgressMeter -  chr2:148235301        2.49e+08    4.0 m        0.0 s     12.3%        32.4 m    28.4 m 
INFO  00:29:39,852 ProgressMeter -  chr2:199228701        2.49e+08    4.5 m        1.0 s     13.9%        32.3 m    27.8 m 
INFO  00:30:09,853 ProgressMeter -    chr3:3864201        4.91e+08    5.0 m        0.0 s     15.4%        32.5 m    27.5 m 
INFO  00:30:40,025 ProgressMeter -   chr3:52874901        4.91e+08    5.5 m        0.0 s     16.9%        32.5 m    27.0 m 
INFO  00:31:10,027 ProgressMeter -  chr3:102947001        4.91e+08    6.0 m        0.0 s     18.5%        32.5 m    26.5 m 
INFO  00:31:40,082 ProgressMeter -  chr3:151495801        4.91e+08    6.5 m        0.0 s     20.0%        32.5 m    26.0 m 
INFO  00:32:10,177 ProgressMeter -      chr4:42601        6.89e+08    7.0 m        0.0 s     21.4%        32.7 m    25.7 m 
INFO  00:32:40,178 ProgressMeter -   chr4:46441801        6.89e+08    7.5 m        0.0 s     22.9%        32.8 m    25.3 m 
INFO  00:33:10,180 ProgressMeter -   chr4:95472301        6.89e+08    8.0 m        0.0 s     24.4%        32.8 m    24.8 m 
INFO  00:33:40,227 ProgressMeter -  chr4:144626701        6.89e+08    8.5 m        0.0 s     25.9%        32.8 m    24.3 m 
INFO  00:34:10,353 ProgressMeter -     chr5:549501        8.80e+08    9.0 m        0.0 s     27.4%        32.9 m    23.9 m 
INFO  00:34:40,355 ProgressMeter -   chr5:46945501        8.80e+08    9.5 m        0.0 s     28.8%        33.0 m    23.5 m 
INFO  00:35:10,363 ProgressMeter -   chr5:97999501        8.80e+08   10.0 m        0.0 s     30.4%        32.9 m    22.9 m 
INFO  00:35:40,398 ProgressMeter -  chr5:146073901        8.80e+08   10.5 m        0.0 s     31.9%        32.9 m    22.4 m 
INFO  00:36:10,569 ProgressMeter -    chr6:8850101        1.06e+09   11.0 m        0.0 s     33.3%        33.1 m    22.1 m 
INFO  00:36:40,657 ProgressMeter -   chr6:53476401        1.06e+09   11.5 m        0.0 s     34.6%        33.2 m    21.7 m 
INFO  00:37:10,770 ProgressMeter -  chr6:101640001        1.06e+09   12.0 m        0.0 s     36.1%        33.2 m    21.2 m 
INFO  00:37:40,813 ProgressMeter -  chr6:150317301        1.06e+09   12.5 m        0.0 s     37.7%        33.2 m    20.7 m 
INFO  00:38:10,959 ProgressMeter -   chr7:22122601        1.23e+09   13.0 m        0.0 s     39.0%        33.4 m    20.4 m 
INFO  00:38:40,976 ProgressMeter -   chr7:71347001        1.23e+09   13.5 m        0.0 s     40.5%        33.4 m    19.8 m 
INFO  00:39:10,977 ProgressMeter -  chr7:122323801        1.23e+09   14.0 m        0.0 s     42.1%        33.3 m    19.3 m 
INFO  00:39:40,978 ProgressMeter -    chr8:8726001        1.39e+09   14.5 m        0.0 s     43.5%        33.4 m    18.8 m 
INFO  00:40:10,980 ProgressMeter -   chr8:57132201        1.39e+09   15.0 m        0.0 s     45.0%        33.4 m    18.3 m 
INFO  00:40:40,981 ProgressMeter -  chr8:108030601        1.39e+09   15.5 m        0.0 s     46.6%        33.3 m    17.8 m 
INFO  00:41:11,082 ProgressMeter -   chr9:10155301        1.54e+09   16.0 m        0.0 s     48.1%        33.3 m    17.3 m 
INFO  00:41:41,139 ProgressMeter -   chr9:65100501        1.54e+09   16.5 m        0.0 s     49.8%        33.2 m    16.7 m 
INFO  00:42:11,234 ProgressMeter -  chr9:116014001        1.54e+09   17.0 m        0.0 s     51.4%        33.1 m    16.1 m 
INFO  00:42:41,236 ProgressMeter -  chr10:22796901        1.67e+09   17.5 m        0.0 s     52.8%        33.2 m    15.7 m 
INFO  00:43:11,238 ProgressMeter -  chr10:72137701        1.67e+09   18.0 m        0.0 s     54.3%        33.2 m    15.2 m 
INFO  00:43:41,323 ProgressMeter - chr10:121389001        1.67e+09   18.5 m        0.0 s     55.8%        33.2 m    14.6 m 
INFO  00:44:11,325 ProgressMeter -  chr11:32688001        1.81e+09   19.0 m        0.0 s     57.2%        33.2 m    14.2 m 
INFO  00:44:41,326 ProgressMeter -  chr11:81212401        1.81e+09   19.5 m        0.0 s     58.7%        33.2 m    13.7 m 
INFO  00:45:11,368 ProgressMeter - chr11:129393501        1.81e+09   20.0 m        0.0 s     60.2%        33.2 m    13.2 m 
INFO  00:45:41,381 ProgressMeter -  chr12:40441401        1.94e+09   20.5 m        0.0 s     61.7%        33.3 m    12.8 m 
INFO  00:46:11,383 ProgressMeter -  chr12:89601901        1.94e+09   21.0 m        0.0 s     63.2%        33.3 m    12.2 m 
INFO  00:46:41,384 ProgressMeter -   chr13:2130101        2.08e+09   21.5 m        0.0 s     64.6%        33.3 m    11.8 m 
INFO  00:47:11,426 ProgressMeter -  chr13:54797601        2.08e+09   22.0 m        0.0 s     66.3%        33.2 m    11.2 m 
INFO  00:47:41,427 ProgressMeter - chr13:103411701        2.08e+09   22.5 m        0.0 s     67.8%        33.2 m    10.7 m 
INFO  00:48:11,429 ProgressMeter -  chr14:40296501        2.19e+09   23.0 m        0.0 s     69.4%        33.2 m    10.2 m 
INFO  00:48:41,430 ProgressMeter -  chr14:87594601        2.19e+09   23.5 m        0.0 s     70.8%        33.2 m     9.7 m 
INFO  00:49:11,432 ProgressMeter -  chr15:32112901        2.30e+09   24.0 m        0.0 s     72.4%        33.2 m     9.1 m 
INFO  00:49:41,434 ProgressMeter -  chr15:79087101        2.30e+09   24.5 m        0.0 s     73.9%        33.2 m     8.7 m 
INFO  00:50:11,436 ProgressMeter -  chr16:19515801        2.40e+09   25.0 m        0.0 s     75.2%        33.3 m     8.2 m 
INFO  00:50:41,470 ProgressMeter -  chr16:72525801        2.40e+09   25.5 m        0.0 s     76.9%        33.2 m     7.7 m 
INFO  00:51:11,471 ProgressMeter -  chr17:28124501        2.49e+09   26.0 m        0.0 s     78.3%        33.2 m     7.2 m 
INFO  00:51:41,473 ProgressMeter -  chr17:77652401        2.49e+09   26.5 m        0.0 s     79.8%        33.2 m     6.7 m 
INFO  00:52:11,585 ProgressMeter -  chr18:45051101        2.57e+09   27.0 m        0.0 s     81.4%        33.2 m     6.2 m 
INFO  00:52:41,698 ProgressMeter -  chr19:11174701        2.65e+09   27.5 m        0.0 s     82.9%        33.2 m     5.7 m 
INFO  00:53:11,699 ProgressMeter -  chr19:55875301        2.65e+09   28.0 m        0.0 s     84.2%        33.3 m     5.2 m 
INFO  00:53:17,153 MuTect - [MUTECT] Processed 1000015 reads in 1687479 ms 
INFO  00:53:19,193 MuTect - [MUTECT] Inspected 1000 potential candidates 
INFO  00:53:19,287 MuTect - [MUTECT] Processed 2000016 reads in 2134 ms 
INFO  00:53:20,802 MuTect - [MUTECT] Processed 3000077 reads in 1515 ms 
INFO  00:53:21,755 MuTect - [MUTECT] Processed 4000135 reads in 953 ms 
INFO  00:53:22,248 MuTect - [MUTECT] Inspected 2000 potential candidates 
INFO  00:53:22,826 MuTect - [MUTECT] Processed 5000136 reads in 1071 ms 
INFO  00:53:23,822 MuTect - [MUTECT] Processed 6000141 reads in 996 ms 
INFO  00:53:24,185 MuTect - [MUTECT] Inspected 3000 potential candidates 
INFO  00:53:24,526 MuTect - [MUTECT] Processed 7000161 reads in 704 ms 
INFO  00:53:25,437 MuTect - [MUTECT] Processed 8000210 reads in 910 ms 
INFO  00:53:25,822 MuTect - [MUTECT] Inspected 4000 potential candidates 
INFO  00:53:26,179 MuTect - [MUTECT] Processed 9000288 reads in 743 ms 
INFO  00:53:27,067 MuTect - [MUTECT] Processed 10000298 reads in 888 ms 
INFO  00:53:27,738 MuTect - [MUTECT] Inspected 5000 potential candidates 
INFO  00:53:28,069 MuTect - [MUTECT] Processed 11000338 reads in 1002 ms 
INFO  00:53:28,746 MuTect - [MUTECT] Processed 12000387 reads in 677 ms 
INFO  00:53:29,372 MuTect - [MUTECT] Inspected 6000 potential candidates 
INFO  00:53:29,467 MuTect - [MUTECT] Processed 13000396 reads in 721 ms 
INFO  00:53:30,985 MuTect - [MUTECT] Processed 14000437 reads in 1517 ms 
INFO  00:53:32,264 MuTect - [MUTECT] Inspected 7000 potential candidates 
INFO  00:53:32,439 MuTect - [MUTECT] Processed 15000439 reads in 1455 ms 
INFO  00:53:33,728 MuTect - [MUTECT] Processed 16000576 reads in 1289 ms 
INFO  00:53:34,595 MuTect - [MUTECT] Inspected 8000 potential candidates 
INFO  00:53:34,731 MuTect - [MUTECT] Processed 17000589 reads in 1003 ms 
INFO  00:53:36,896 MuTect - [MUTECT] Processed 18000628 reads in 2165 ms 
INFO  00:53:38,471 MuTect - [MUTECT] Inspected 9000 potential candidates 
INFO  00:53:38,739 MuTect - [MUTECT] Processed 19000631 reads in 1843 ms 
INFO  00:53:40,075 MuTect - [MUTECT] Processed 20000631 reads in 1336 ms 
INFO  00:53:41,073 MuTect - [MUTECT] Processed 21000636 reads in 998 ms 
INFO  00:53:41,629 MuTect - [MUTECT] Inspected 10000 potential candidates 
INFO  00:53:41,768 ProgressMeter -  chr20:10973697        2.72e+09   28.5 m        0.0 s     84.7%        33.7 m     5.2 m 
INFO  00:53:42,934 MuTect - [MUTECT] Processed 22000636 reads in 1861 ms 
INFO  00:53:44,888 MuTect - [MUTECT] Processed 23000673 reads in 1953 ms 
INFO  00:53:45,536 MuTect - [MUTECT] Inspected 11000 potential candidates 
INFO  00:53:46,431 MuTect - [MUTECT] Processed 24000673 reads in 1544 ms 
INFO  00:53:48,509 MuTect - [MUTECT] Processed 25000740 reads in 2078 ms 
INFO  00:53:49,587 MuTect - [MUTECT] Inspected 12000 potential candidates 
INFO  00:53:49,809 MuTect - [MUTECT] Processed 26000743 reads in 1300 ms 
INFO  00:53:51,116 MuTect - [MUTECT] Processed 27000762 reads in 1307 ms 
INFO  00:53:51,851 MuTect - [MUTECT] Inspected 13000 potential candidates 
INFO  00:53:51,945 MuTect - [MUTECT] Processed 28000765 reads in 829 ms 
INFO  00:53:53,714 MuTect - [MUTECT] Processed 29000766 reads in 1769 ms 
INFO  00:53:54,675 MuTect - [MUTECT] Processed 30000816 reads in 961 ms 
INFO  00:53:54,776 MuTect - [MUTECT] Inspected 14000 potential candidates 
INFO  00:53:55,615 MuTect - [MUTECT] Processed 31000817 reads in 940 ms 
INFO  00:53:56,925 MuTect - [MUTECT] Processed 32000870 reads in 1310 ms 
INFO  00:53:57,805 MuTect - [MUTECT] Inspected 15000 potential candidates 
INFO  00:53:58,778 MuTect - [MUTECT] Processed 33000929 reads in 1853 ms 
INFO  00:54:00,454 MuTect - [MUTECT] Processed 34001005 reads in 1676 ms 
INFO  00:54:00,872 MuTect - [MUTECT] Inspected 16000 potential candidates 
INFO  00:54:01,569 MuTect - [MUTECT] Processed 35001124 reads in 1115 ms 
INFO  00:54:02,369 MuTect - [MUTECT] Processed 36001125 reads in 800 ms 
INFO  00:54:02,767 MuTect - [MUTECT] Inspected 17000 potential candidates 
INFO  00:54:05,008 MuTect - [MUTECT] Processed 37001125 reads in 2639 ms 
INFO  00:54:06,417 MuTect - [MUTECT] Inspected 18000 potential candidates 
INFO  00:54:07,473 MuTect - [MUTECT] Processed 38001133 reads in 2465 ms 
INFO  00:54:08,462 MuTect - [MUTECT] Inspected 19000 potential candidates 
INFO  00:54:08,464 MuTect - [MUTECT] Processed 39001151 reads in 991 ms 
INFO  00:54:09,209 MuTect - [MUTECT] Processed 40001156 reads in 745 ms 
INFO  00:54:10,075 MuTect - [MUTECT] Processed 41001162 reads in 866 ms 
INFO  00:54:10,252 MuTect - [MUTECT] Inspected 20000 potential candidates 
INFO  00:54:10,769 MuTect - [MUTECT] Processed 42001169 reads in 694 ms 
INFO  00:54:11,849 ProgressMeter -  chr20:32864669        2.75e+09   29.0 m        0.0 s     85.3%        34.0 m     5.0 m 
INFO  00:54:11,858 MuTect - [MUTECT] Processed 43001218 reads in 1089 ms 
INFO  00:54:12,005 MuTect - [MUTECT] Inspected 21000 potential candidates 
INFO  00:54:12,566 MuTect - [MUTECT] Processed 44001236 reads in 708 ms 
INFO  00:54:13,432 MuTect - [MUTECT] Processed 45001313 reads in 866 ms 
INFO  00:54:13,666 MuTect - [MUTECT] Inspected 22000 potential candidates 
INFO  00:54:14,412 MuTect - [MUTECT] Processed 46001325 reads in 980 ms 
INFO  00:54:15,448 MuTect - [MUTECT] Processed 47001325 reads in 1036 ms 
INFO  00:54:15,830 MuTect - [MUTECT] Inspected 23000 potential candidates 
INFO  00:54:16,418 MuTect - [MUTECT] Processed 48001394 reads in 970 ms 
INFO  00:54:17,155 MuTect - [MUTECT] Processed 49001450 reads in 737 ms 
INFO  00:54:17,644 MuTect - [MUTECT] Inspected 24000 potential candidates 
INFO  00:54:17,832 MuTect - [MUTECT] Processed 50001499 reads in 677 ms 
INFO  00:54:18,482 MuTect - [MUTECT] Processed 51001529 reads in 650 ms 
INFO  00:54:19,273 MuTect - [MUTECT] Inspected 25000 potential candidates 
INFO  00:54:19,317 MuTect - [MUTECT] Processed 52001595 reads in 835 ms 
INFO  00:54:20,086 MuTect - [MUTECT] Processed 53001645 reads in 769 ms 
INFO  00:54:20,772 MuTect - [MUTECT] Processed 54001763 reads in 686 ms 
INFO  00:54:21,039 MuTect - [MUTECT] Inspected 26000 potential candidates 
INFO  00:54:21,558 MuTect - [MUTECT] Processed 55001774 reads in 786 ms 
INFO  00:54:22,400 MuTect - [MUTECT] Processed 56001775 reads in 842 ms 
INFO  00:54:23,489 MuTect - [MUTECT] Inspected 27000 potential candidates 
INFO  00:54:23,604 MuTect - [MUTECT] Processed 57001803 reads in 1204 ms 
INFO  00:54:24,365 MuTect - [MUTECT] Processed 58001804 reads in 761 ms 
INFO  00:54:25,315 MuTect - [MUTECT] Processed 59001870 reads in 950 ms 
INFO  00:54:25,398 MuTect - [MUTECT] Inspected 28000 potential candidates 
INFO  00:54:26,423 MuTect - [MUTECT] Processed 60001870 reads in 1108 ms 
INFO  00:54:27,315 MuTect - [MUTECT] Processed 61001930 reads in 892 ms 
INFO  00:54:27,568 MuTect - [MUTECT] Inspected 29000 potential candidates 
INFO  00:54:28,109 MuTect - [MUTECT] Processed 62001957 reads in 794 ms 
INFO  00:54:28,888 MuTect - [MUTECT] Processed 63001966 reads in 779 ms 
INFO  00:54:29,296 MuTect - [MUTECT] Inspected 30000 potential candidates 
INFO  00:54:29,792 MuTect - [MUTECT] Processed 64001975 reads in 904 ms 
INFO  00:54:31,994 MuTect - [MUTECT] Processed 65002082 reads in 2202 ms 
INFO  00:54:32,355 MuTect - [MUTECT] Inspected 31000 potential candidates 
INFO  00:54:32,721 MuTect - [MUTECT] Processed 66002085 reads in 727 ms 
INFO  00:54:33,375 MuTect - [MUTECT] Processed 67002119 reads in 654 ms 
INFO  00:54:34,674 MuTect - [MUTECT] Inspected 32000 potential candidates 
INFO  00:54:34,923 MuTect - [MUTECT] Processed 68002186 reads in 1548 ms 
INFO  00:54:36,289 MuTect - [MUTECT] Processed 69002190 reads in 1366 ms 
INFO  00:54:37,345 MuTect - [MUTECT] Inspected 33000 potential candidates 
INFO  00:54:37,551 MuTect - [MUTECT] Processed 70002313 reads in 1262 ms 
INFO  00:54:38,379 MuTect - [MUTECT] Processed 71002328 reads in 828 ms 
INFO  00:54:39,370 MuTect - [MUTECT] Inspected 34000 potential candidates 
INFO  00:54:39,406 MuTect - [MUTECT] Processed 72002377 reads in 1027 ms 
INFO  00:54:40,175 MuTect - [MUTECT] Processed 73002422 reads in 769 ms 
INFO  00:54:40,906 MuTect - [MUTECT] Processed 74002446 reads in 731 ms 
INFO  00:54:40,992 MuTect - [MUTECT] Inspected 35000 potential candidates 
INFO  00:54:41,716 MuTect - [MUTECT] Processed 75002559 reads in 810 ms 
INFO  00:54:41,879 ProgressMeter -  chr20:45775429        2.76e+09   29.5 m        0.0 s     85.7%        34.4 m     4.9 m 
INFO  00:54:42,515 MuTect - [MUTECT] Processed 76002669 reads in 799 ms 
INFO  00:54:42,651 MuTect - [MUTECT] Inspected 36000 potential candidates 
INFO  00:54:43,159 MuTect - [MUTECT] Processed 77002731 reads in 644 ms 
INFO  00:54:43,717 MuTect - [MUTECT] Processed 78002757 reads in 558 ms 
INFO  00:54:44,047 MuTect - [MUTECT] Inspected 37000 potential candidates 
INFO  00:54:44,499 MuTect - [MUTECT] Processed 79002759 reads in 781 ms 
INFO  00:54:45,261 MuTect - [MUTECT] Processed 80002785 reads in 763 ms 
INFO  00:54:46,063 MuTect - [MUTECT] Inspected 38000 potential candidates 
INFO  00:54:46,513 MuTect - [MUTECT] Processed 81002791 reads in 1252 ms 
INFO  00:54:48,291 MuTect - [MUTECT] Processed 82002792 reads in 1778 ms 
INFO  00:54:48,870 MuTect - [MUTECT] Inspected 39000 potential candidates 
INFO  00:54:49,349 MuTect - [MUTECT] Processed 83002811 reads in 1058 ms 
INFO  00:54:49,945 MuTect - [MUTECT] Processed 84002812 reads in 596 ms 
INFO  00:54:50,528 MuTect - [MUTECT] Inspected 40000 potential candidates 
INFO  00:54:50,638 MuTect - [MUTECT] Processed 85002916 reads in 693 ms 
INFO  00:54:51,744 MuTect - [MUTECT] Processed 86002920 reads in 1106 ms 
INFO  00:54:52,716 MuTect - [MUTECT] Inspected 41000 potential candidates 
INFO  00:54:52,733 MuTect - [MUTECT] Processed 87002930 reads in 989 ms 
INFO  00:54:53,879 MuTect - [MUTECT] Processed 88002973 reads in 1146 ms 
INFO  00:54:54,677 MuTect - [MUTECT] Processed 89003034 reads in 798 ms 
INFO  00:54:54,801 MuTect - [MUTECT] Inspected 42000 potential candidates 
INFO  00:54:55,894 MuTect - [MUTECT] Processed 90003064 reads in 1217 ms 
INFO  00:54:57,008 MuTect - [MUTECT] Inspected 43000 potential candidates 
INFO  00:54:57,499 MuTect - [MUTECT] Processed 91003064 reads in 1605 ms 
INFO  00:54:59,283 MuTect - [MUTECT] Processed 92003064 reads in 1784 ms 
INFO  00:55:01,003 MuTect - [MUTECT] Inspected 44000 potential candidates 
INFO  00:55:02,028 MuTect - [MUTECT] Processed 93003088 reads in 2745 ms 
INFO  00:55:02,701 MuTect - [MUTECT] Processed 94003174 reads in 673 ms 
INFO  00:55:03,959 MuTect - [MUTECT] Inspected 45000 potential candidates 
INFO  00:55:04,136 MuTect - [MUTECT] Processed 95003203 reads in 1435 ms 
INFO  00:55:05,304 MuTect - [MUTECT] Processed 96003203 reads in 1168 ms 
INFO  00:55:06,388 MuTect - [MUTECT] Inspected 46000 potential candidates 
INFO  00:55:06,578 MuTect - [MUTECT] Processed 97003245 reads in 1274 ms 
INFO  00:55:07,448 MuTect - [MUTECT] Processed 98003258 reads in 870 ms 
INFO  00:55:08,661 MuTect - [MUTECT] Processed 99003364 reads in 1213 ms 
INFO  00:55:08,702 MuTect - [MUTECT] Inspected 47000 potential candidates 
INFO  00:55:11,012 MuTect - [MUTECT] Processed 100003410 reads in 2351 ms 
INFO  00:55:11,930 MuTect - [MUTECT] Processed 101003534 reads in 918 ms 
INFO  00:55:11,972 ProgressMeter -  chr20:62241633        2.78e+09   30.0 m        0.0 s     86.3%        34.8 m     4.8 m 
INFO  00:55:12,076 MuTect - [MUTECT] Inspected 48000 potential candidates 
INFO  00:55:12,525 MuTect - [MUTECT] Processed 102003539 reads in 595 ms 
INFO  00:55:13,281 MuTect - [MUTECT] Processed 103003542 reads in 756 ms 
INFO  00:55:13,425 MuTect - [MUTECT] Inspected 49000 potential candidates 
INFO  00:55:14,239 MuTect - [MUTECT] Processed 104003571 reads in 958 ms 
INFO  00:55:14,822 MuTect - [MUTECT] Processed 105003585 reads in 583 ms 
INFO  00:55:14,862 MuTect - [MUTECT] Inspected 50000 potential candidates 
INFO  00:55:15,843 MuTect - [MUTECT] Processed 106003642 reads in 1021 ms 
INFO  00:55:16,497 MuTect - [MUTECT] Processed 107003675 reads in 654 ms 
INFO  00:55:16,623 MuTect - [MUTECT] Inspected 51000 potential candidates 
INFO  00:55:17,279 MuTect - [MUTECT] Processed 108003675 reads in 782 ms 
INFO  00:55:17,816 MuTect - [MUTECT] Processed 109003690 reads in 537 ms 
INFO  00:55:18,093 MuTect - [MUTECT] Inspected 52000 potential candidates 
INFO  00:55:18,545 MuTect - [MUTECT] Processed 110003722 reads in 729 ms 
INFO  00:55:19,361 MuTect - [MUTECT] Processed 111003765 reads in 816 ms 
INFO  00:55:19,569 MuTect - [MUTECT] Inspected 53000 potential candidates 
INFO  00:55:20,001 MuTect - [MUTECT] Processed 112003766 reads in 640 ms 
INFO  00:55:41,973 ProgressMeter -  chr21:35581301        2.78e+09   30.5 m        0.0 s     87.4%        34.9 m     4.4 m 
INFO  00:56:12,030 ProgressMeter -  chr22:38241501        2.82e+09   31.0 m        0.0 s     89.0%        34.9 m     3.8 m 
INFO  00:56:44,289 ProgressMeter -   chrX:35401401        2.88e+09   31.6 m        0.0 s     90.5%        34.9 m     3.3 m 
INFO  00:57:14,291 ProgressMeter -   chrX:88654301        2.88e+09   32.1 m        0.0 s     92.1%        34.8 m     2.7 m 
INFO  00:57:44,313 ProgressMeter -  chrX:142246701        2.88e+09   32.6 m        0.0 s     93.8%        34.7 m     2.2 m 
INFO  00:58:14,314 ProgressMeter -   chrY:48739001        3.03e+09   33.1 m        0.0 s     95.7%        34.5 m    88.0 s 
INFO  00:58:44,374 ProgressMeter - chr6_GL000251v2_alt:543201        3.16e+09   33.6 m        0.0 s     98.2%        34.2 m    37.0 s 
INFO  00:59:08,327 Walker - [REDUCE RESULT] Traversal result is: 0 
INFO  00:59:08,557 ProgressMeter -            done        3.22e+09   34.0 m        0.0 s    100.0%        34.0 m     0.0 s 
INFO  00:59:08,557 ProgressMeter - Total runtime 2038.99 secs, 33.98 min, 0.57 hours 
INFO  00:59:08,627 MicroScheduler - 35774 reads were filtered out during the traversal out of approximately 855968 total reads (4.18%) 
INFO  00:59:08,627 MicroScheduler -   -> 0 reads (0.00% of total) failing BadCigarFilter 
INFO  00:59:08,628 MicroScheduler -   -> 34665 reads (4.05% of total) failing DuplicateReadFilter 
INFO  00:59:08,628 MicroScheduler -   -> 0 reads (0.00% of total) failing FailsVendorQualityCheckFilter 
INFO  00:59:08,628 MicroScheduler -   -> 0 reads (0.00% of total) failing MalformedReadFilter 
INFO  00:59:08,628 MicroScheduler -   -> 629 reads (0.07% of total) failing NotPrimaryAlignmentFilter 
INFO  00:59:08,628 MicroScheduler -   -> 480 reads (0.06% of total) failing UnmappedReadFilter 
[Sat Mar 13 00:59:12 2021]
Finished job 0.
1 of 1 steps (100%) done
{'Sample10_ARK1_S37.test': '--variant:vardict /spin1/scratch/tandonm/pipeline_out/tn_test_1/somatic/SNP_Indels/vardict_out/vcf/Sample10_ARK1_S37.test.FINAL.vcf --variant:varscan /spin1/scratch/tandonm/pipeline_out/tn_test_1/somatic/SNP_Indels/varscan_out/vcf/Sample10_ARK1_S37.test.FINAL.vcf --variant:strelka /spin1/scratch/tandonm/pipeline_out/tn_test_1/somatic/SNP_Indels/strelka_out/vcf/Sample10_ARK1_S37.test.FINAL.vcf --variant:mutect /spin1/scratch/tandonm/pipeline_out/tn_test_1/somatic/SNP_Indels/mutect_out/vcf/Sample10_ARK1_S37.test.FINAL.vcf --variant:mutect2 /spin1/scratch/tandonm/pipeline_out/tn_test_1/somatic/SNP_Indels/mutect2_out/vcf/Sample10_ARK1_S37.test.FINAL.vcf', 'Sample11_ACI_158_S38.test': '--variant:vardict /spin1/scratch/tandonm/pipeline_out/tn_test_1/somatic/SNP_Indels/vardict_out/vcf/Sample11_ACI_158_S38.test.FINAL.vcf --variant:varscan /spin1/scratch/tandonm/pipeline_out/tn_test_1/somatic/SNP_Indels/varscan_out/vcf/Sample11_ACI_158_S38.test.FINAL.vcf --variant:strelka /spin1/scratch/tandonm/pipeline_out/tn_test_1/somatic/SNP_Indels/strelka_out/vcf/Sample11_ACI_158_S38.test.FINAL.vcf --variant:mutect /spin1/scratch/tandonm/pipeline_out/tn_test_1/somatic/SNP_Indels/mutect_out/vcf/Sample11_ACI_158_S38.test.FINAL.vcf --variant:mutect2 /spin1/scratch/tandonm/pipeline_out/tn_test_1/somatic/SNP_Indels/mutect2_out/vcf/Sample11_ACI_158_S38.test.FINAL.vcf'}
