Building DAG of jobs...
Using shell: /usr/bin/bash
Provided cores: 4
Rules claiming more threads will be scaled down.
Job counts:
	count	jobs
	1	pileup_tumor
	1

[Sat Mar 13 00:18:54 2021]
rule pileup_tumor:
    input: /spin1/scratch/tandonm/pipeline_out/tn_test_1/bams/Sample11_ACI_158_S38.test.recal.bam
    output: /spin1/scratch/tandonm/pipeline_out/tn_test_1/somatic/SNP_Indels/mutect2_out/pileup_summaries/Sample11_ACI_158_S38.test_tumor.pileup.table
    jobid: 0
    wildcards: samples=Sample11_ACI_158_S38.test

[+] Loading gcc  9.2.0  ... 
[+] Loading GSL 2.6 for GCC 9.2.0 ... 
[-] Unloading gcc  9.2.0  ... 
[+] Loading gcc  9.2.0  ... 
[+] Loading openmpi 3.1.4  for GCC 9.2.0 
[+] Loading ImageMagick  7.0.8  on cn2410 
[+] Loading HDF5  1.10.4 
[-] Unloading gcc  9.2.0  ... 
[+] Loading gcc  9.2.0  ... 
[+] Loading NetCDF 4.7.4_gcc9.2.0 
[+] Loading pandoc  2.11.4  on cn2410 
[+] Loading R 3.6.3 
[+] Loading GATK  4.1.4.1 

GATK/4 includes its own python environment. Loading a different python
environment
after the GATK module will result in some tools failing. Conversely, the python
environment included with GATK/4 will override any python modules you may
already
have loaded.


00:18:57.831 INFO  NativeLibraryLoader - Loading libgkl_compression.so from jar:file:/usr/local/apps/GATK/4.1.4.1/gatk-package-4.1.4.1-local.jar!/com/intel/gkl/native/libgkl_compression.so
Mar 13, 2021 12:18:58 AM shaded.cloud_nio.com.google.auth.oauth2.ComputeEngineCredentials runningOnComputeEngine
INFO: Failed to detect whether we are running on Google Compute Engine.
00:18:58.077 INFO  GetPileupSummaries - ------------------------------------------------------------
00:18:58.077 INFO  GetPileupSummaries - The Genome Analysis Toolkit (GATK) v4.1.4.1
00:18:58.078 INFO  GetPileupSummaries - For support and documentation go to https://software.broadinstitute.org/gatk/
00:18:58.078 INFO  GetPileupSummaries - Executing as tandonm@cn2410 on Linux v3.10.0-862.14.4.el7.x86_64 amd64
00:18:58.078 INFO  GetPileupSummaries - Java runtime: OpenJDK 64-Bit Server VM v1.8.0_181-b13
00:18:58.078 INFO  GetPileupSummaries - Start Date/Time: March 13, 2021 12:18:57 AM EST
00:18:58.078 INFO  GetPileupSummaries - ------------------------------------------------------------
00:18:58.078 INFO  GetPileupSummaries - ------------------------------------------------------------
00:18:58.079 INFO  GetPileupSummaries - HTSJDK Version: 2.21.0
00:18:58.079 INFO  GetPileupSummaries - Picard Version: 2.21.2
00:18:58.079 INFO  GetPileupSummaries - HTSJDK Defaults.COMPRESSION_LEVEL : 2
00:18:58.079 INFO  GetPileupSummaries - HTSJDK Defaults.USE_ASYNC_IO_READ_FOR_SAMTOOLS : false
00:18:58.079 INFO  GetPileupSummaries - HTSJDK Defaults.USE_ASYNC_IO_WRITE_FOR_SAMTOOLS : true
00:18:58.079 INFO  GetPileupSummaries - HTSJDK Defaults.USE_ASYNC_IO_WRITE_FOR_TRIBBLE : false
00:18:58.079 INFO  GetPileupSummaries - Deflater: IntelDeflater
00:18:58.079 INFO  GetPileupSummaries - Inflater: IntelInflater
00:18:58.079 INFO  GetPileupSummaries - GCS max retries/reopens: 20
00:18:58.079 INFO  GetPileupSummaries - Requester pays: disabled
00:18:58.079 INFO  GetPileupSummaries - Initializing engine
WARNING	2021-03-13 00:18:58	SamFiles	The index file /gpfs/gsfs7/users/tandonm/pl_test_data/human/bams/Sample11_ACI_158_S38.test.recal.bai was found by resolving the canonical path of a symlink: /spin1/scratch/tandonm/pipeline_out/tn_test_1/bams/Sample11_ACI_158_S38.test.recal.bam -> /gpfs/gsfs7/users/tandonm/pl_test_data/human/bams/Sample11_ACI_158_S38.test.recal.bam
WARNING: BAM index file /gpfs/gsfs7/users/tandonm/pl_test_data/human/bams/Sample11_ACI_158_S38.test.recal.bai is older than BAM /spin1/scratch/tandonm/pipeline_out/tn_test_1/bams/Sample11_ACI_158_S38.test.recal.bam
00:18:58.508 INFO  FeatureManager - Using codec VCFCodec to read file file:///fdb/GATK_resource_bundle/hg38bundle/1000G_phase1.snps.high_confidence.hg38.vcf.gz
00:18:58.728 INFO  FeatureManager - Using codec VCFCodec to read file file:///fdb/GATK_resource_bundle/hg38bundle/1000G_phase1.snps.high_confidence.hg38.vcf.gz
00:22:12.378 INFO  IntervalArgumentCollection - Processing 28565336 bp from intervals
00:22:13.223 INFO  GetPileupSummaries - Done initializing engine
00:22:13.224 INFO  ProgressMeter - Starting traversal
00:22:13.224 INFO  ProgressMeter -        Current Locus  Elapsed Minutes        Loci Processed      Loci/Minute
00:23:38.432 INFO  ProgressMeter -         chr1:1298789              1.4                  1000            704.2
00:23:48.456 INFO  ProgressMeter -        chr1:39318629              1.6                 44000          27721.8
00:23:58.509 INFO  ProgressMeter -        chr1:94891308              1.8                 92000          52429.1
00:24:08.666 INFO  ProgressMeter -       chr1:167117481              1.9                136000          70684.8
00:24:18.788 INFO  ProgressMeter -       chr1:213677787              2.1                176000          84101.2
00:24:28.892 INFO  ProgressMeter -        chr2:26414618              2.3                221000          97738.6
00:24:38.986 INFO  ProgressMeter -        chr2:86251746              2.4                266000         109493.6
00:24:49.106 INFO  ProgressMeter -       chr2:174219907              2.6                314000         120861.4
00:24:59.181 INFO  ProgressMeter -       chr2:235770415              2.8                361000         130515.7
00:25:09.203 INFO  ProgressMeter -        chr3:74481862              2.9                412000         140472.1
00:25:19.302 INFO  ProgressMeter -       chr3:152661516              3.1                453000         146067.8
00:25:29.349 INFO  ProgressMeter -        chr4:26182297              3.3                504000         154187.4
00:25:39.437 INFO  ProgressMeter -       chr4:128987751              3.4                547000         159155.8
00:25:49.481 INFO  ProgressMeter -        chr5:42892296              3.6                592000         164249.8
00:25:59.505 INFO  ProgressMeter -       chr5:154889143              3.8                644000         170761.9
00:26:09.568 INFO  ProgressMeter -        chr6:34389783              3.9                692000         175676.1
00:26:19.635 INFO  ProgressMeter -       chr6:114000002              4.1                741000         180430.3
00:26:29.757 INFO  ProgressMeter -         chr7:6337224              4.3                784000         183368.2
00:26:39.775 INFO  ProgressMeter -        chr7:82277241              4.4                828000         186380.8
00:26:49.986 INFO  ProgressMeter -       chr7:151376438              4.6                877000         190127.3
00:27:00.066 INFO  ProgressMeter -        chr8:55810998              4.8                923000         193068.0
00:27:10.070 INFO  ProgressMeter -       chr8:123806056              4.9                971000         196264.0
00:27:20.069 INFO  ProgressMeter -        chr9:88057962              5.1               1017000         198862.6
00:27:30.243 INFO  ProgressMeter -       chr10:11190041              5.3               1067000         201944.4
00:27:40.249 INFO  ProgressMeter -       chr10:95339048              5.5               1113000         204204.6
00:27:50.446 INFO  ProgressMeter -       chr11:33574770              5.6               1158000         206036.4
00:28:00.597 INFO  ProgressMeter -      chr11:100943781              5.8               1208000         208651.8
00:28:10.636 INFO  ProgressMeter -       chr12:26904288              6.0               1257000         211017.6
00:28:20.722 INFO  ProgressMeter -      chr12:105188503              6.1               1309000         213715.4
00:28:30.883 INFO  ProgressMeter -       chr13:49755664              6.3               1357000         215591.3
00:28:40.988 INFO  ProgressMeter -       chr14:60125169              6.5               1402000         216936.1
00:28:51.068 INFO  ProgressMeter -       chr15:64809427              6.6               1459000         220036.0
00:29:01.083 INFO  ProgressMeter -       chr16:23348881              6.8               1508000         221841.9
00:29:11.190 INFO  ProgressMeter -        chr17:1515565              7.0               1557000         223511.5
00:29:21.254 INFO  ProgressMeter -       chr17:61966210              7.1               1610000         225685.1
00:29:31.540 INFO  ProgressMeter -       chr18:31412728              7.3               1660000         227233.8
00:29:41.556 INFO  ProgressMeter -       chr19:18626038              7.5               1712000         229116.4
00:29:51.689 INFO  ProgressMeter -       chr19:46251919              7.6               1753000         229417.7
00:30:01.856 INFO  ProgressMeter -       chr20:23639438              7.8               1800000         230458.0
00:30:12.010 INFO  ProgressMeter -       chr21:23251111              8.0               1844000         231084.9
00:30:22.099 INFO  ProgressMeter -         chrX:6231653              8.1               1901000         233311.2
00:30:31.310 INFO  GetPileupSummaries - 540017 read(s) filtered by: (((((((((MappingQualityAvailableReadFilter AND MappingQualityNotZeroReadFilter) AND MappedReadFilter) AND PrimaryLineReadFilter) AND NotDuplicateReadFilter) AND PassesVendorQualityCheckReadFilter) AND NonZeroReferenceLengthAlignmentReadFilter) AND MateOnSameContigOrNoMappedMateReadFilter) AND GoodCigarReadFilter) AND WellformedReadFilter)
  540017 read(s) filtered by: ((((((((MappingQualityAvailableReadFilter AND MappingQualityNotZeroReadFilter) AND MappedReadFilter) AND PrimaryLineReadFilter) AND NotDuplicateReadFilter) AND PassesVendorQualityCheckReadFilter) AND NonZeroReferenceLengthAlignmentReadFilter) AND MateOnSameContigOrNoMappedMateReadFilter) AND GoodCigarReadFilter)
      540017 read(s) filtered by: (((((((MappingQualityAvailableReadFilter AND MappingQualityNotZeroReadFilter) AND MappedReadFilter) AND PrimaryLineReadFilter) AND NotDuplicateReadFilter) AND PassesVendorQualityCheckReadFilter) AND NonZeroReferenceLengthAlignmentReadFilter) AND MateOnSameContigOrNoMappedMateReadFilter)
          527928 read(s) filtered by: ((((((MappingQualityAvailableReadFilter AND MappingQualityNotZeroReadFilter) AND MappedReadFilter) AND PrimaryLineReadFilter) AND NotDuplicateReadFilter) AND PassesVendorQualityCheckReadFilter) AND NonZeroReferenceLengthAlignmentReadFilter)
              527928 read(s) filtered by: (((((MappingQualityAvailableReadFilter AND MappingQualityNotZeroReadFilter) AND MappedReadFilter) AND PrimaryLineReadFilter) AND NotDuplicateReadFilter) AND PassesVendorQualityCheckReadFilter)
                  527928 read(s) filtered by: ((((MappingQualityAvailableReadFilter AND MappingQualityNotZeroReadFilter) AND MappedReadFilter) AND PrimaryLineReadFilter) AND NotDuplicateReadFilter)
                      146916 read(s) filtered by: (((MappingQualityAvailableReadFilter AND MappingQualityNotZeroReadFilter) AND MappedReadFilter) AND PrimaryLineReadFilter)
                          144759 read(s) filtered by: ((MappingQualityAvailableReadFilter AND MappingQualityNotZeroReadFilter) AND MappedReadFilter)
                              144759 read(s) filtered by: (MappingQualityAvailableReadFilter AND MappingQualityNotZeroReadFilter)
                                  144759 read(s) filtered by: MappingQualityNotZeroReadFilter 
                          2157 read(s) filtered by: PrimaryLineReadFilter 
                      381012 read(s) filtered by: NotDuplicateReadFilter 
          12089 read(s) filtered by: MateOnSameContigOrNoMappedMateReadFilter 

00:30:31.311 INFO  ProgressMeter -       chrX:154363833              8.3               1947968         234653.9
00:30:31.311 INFO  ProgressMeter - Traversal complete. Processed 1947968 total loci in 8.3 minutes.
00:30:32.126 INFO  GetPileupSummaries - Shutting down engine
[March 13, 2021 12:30:32 AM EST] org.broadinstitute.hellbender.tools.walkers.contamination.GetPileupSummaries done. Elapsed time: 11.57 minutes.
Runtime.totalMemory()=26226458624
Tool returned:
SUCCESS
Using GATK jar /usr/local/apps/GATK/4.1.4.1/gatk-package-4.1.4.1-local.jar
Running:
    java -Dsamjdk.use_async_io_read_samtools=false -Dsamjdk.use_async_io_write_samtools=true -Dsamjdk.use_async_io_write_tribble=false -Dsamjdk.compression_level=2 -Xmx48g -jar /usr/local/apps/GATK/4.1.4.1/gatk-package-4.1.4.1-local.jar GetPileupSummaries -I /spin1/scratch/tandonm/pipeline_out/tn_test_1/bams/Sample11_ACI_158_S38.test.recal.bam -V /fdb/GATK_resource_bundle/hg38bundle/1000G_phase1.snps.high_confidence.hg38.vcf.gz -L /fdb/GATK_resource_bundle/hg38bundle/1000G_phase1.snps.high_confidence.hg38.vcf.gz -O /spin1/scratch/tandonm/pipeline_out/tn_test_1/somatic/SNP_Indels/mutect2_out/pileup_summaries/Sample11_ACI_158_S38.test_tumor.pileup.table
[Sat Mar 13 00:30:34 2021]
Finished job 0.
1 of 1 steps (100%) done
{'Sample10_ARK1_S37.test': '--variant:mutect2 /spin1/scratch/tandonm/pipeline_out/tn_test_1/somatic/SNP_Indels/mutect2_out/vcf/Sample10_ARK1_S37.test.FINAL.vcf --variant:strelka /spin1/scratch/tandonm/pipeline_out/tn_test_1/somatic/SNP_Indels/strelka_out/vcf/Sample10_ARK1_S37.test.FINAL.vcf --variant:vardict /spin1/scratch/tandonm/pipeline_out/tn_test_1/somatic/SNP_Indels/vardict_out/vcf/Sample10_ARK1_S37.test.FINAL.vcf --variant:mutect /spin1/scratch/tandonm/pipeline_out/tn_test_1/somatic/SNP_Indels/mutect_out/vcf/Sample10_ARK1_S37.test.FINAL.vcf --variant:varscan /spin1/scratch/tandonm/pipeline_out/tn_test_1/somatic/SNP_Indels/varscan_out/vcf/Sample10_ARK1_S37.test.FINAL.vcf', 'Sample11_ACI_158_S38.test': '--variant:mutect2 /spin1/scratch/tandonm/pipeline_out/tn_test_1/somatic/SNP_Indels/mutect2_out/vcf/Sample11_ACI_158_S38.test.FINAL.vcf --variant:strelka /spin1/scratch/tandonm/pipeline_out/tn_test_1/somatic/SNP_Indels/strelka_out/vcf/Sample11_ACI_158_S38.test.FINAL.vcf --variant:vardict /spin1/scratch/tandonm/pipeline_out/tn_test_1/somatic/SNP_Indels/vardict_out/vcf/Sample11_ACI_158_S38.test.FINAL.vcf --variant:mutect /spin1/scratch/tandonm/pipeline_out/tn_test_1/somatic/SNP_Indels/mutect_out/vcf/Sample11_ACI_158_S38.test.FINAL.vcf --variant:varscan /spin1/scratch/tandonm/pipeline_out/tn_test_1/somatic/SNP_Indels/varscan_out/vcf/Sample11_ACI_158_S38.test.FINAL.vcf'}
