Building DAG of jobs...
Using shell: /usr/bin/bash
Provided cores: 4
Rules claiming more threads will be scaled down.
Job counts:
	count	jobs
	1	gatk_mutect2
	1

[Sat Mar 13 00:23:58 2021]
rule gatk_mutect2:
    input: /spin1/scratch/tandonm/pipeline_out/tn_test_1/bams/chrom_split/Sample4_CRL1622_S31.test.chr2.split.bam, /spin1/scratch/tandonm/pipeline_out/tn_test_1/bams/chrom_split/Sample10_ARK1_S37.test.chr2.split.bam
    output: /spin1/scratch/tandonm/pipeline_out/tn_test_1/somatic/SNP_Indels/mutect2_out/chrom_split/Sample10_ARK1_S37.test.chr2.vcf, /spin1/scratch/tandonm/pipeline_out/tn_test_1/somatic/SNP_Indels/mutect2_out/chrom_split/Sample10_ARK1_S37.test.chr2.f1r2.tar.gz, /spin1/scratch/tandonm/pipeline_out/tn_test_1/somatic/SNP_Indels/mutect2_out/chrom_split/Sample10_ARK1_S37.test.chr2.vcf.stats
    jobid: 0
    wildcards: samples=Sample10_ARK1_S37.test, chroms=chr2
    threads: 2

[+] Loading gcc  9.2.0  ... 
[+] Loading GSL 2.6 for GCC 9.2.0 ... 
[-] Unloading gcc  9.2.0  ... 
[+] Loading gcc  9.2.0  ... 
[+] Loading openmpi 3.1.4  for GCC 9.2.0 
[+] Loading ImageMagick  7.0.8  on cn4515 
[+] Loading HDF5  1.10.4 
[-] Unloading gcc  9.2.0  ... 
[+] Loading gcc  9.2.0  ... 
[+] Loading NetCDF 4.7.4_gcc9.2.0 
[+] Loading pandoc  2.11.4  on cn4515 
[+] Loading R 3.6.3 
[+] Loading GATK  4.1.4.1 

GATK/4 includes its own python environment. Loading a different python
environment
after the GATK module will result in some tools failing. Conversely, the python
environment included with GATK/4 will override any python modules you may
already
have loaded.


00:24:05.266 INFO  NativeLibraryLoader - Loading libgkl_compression.so from jar:file:/usr/local/apps/GATK/4.1.4.1/gatk-package-4.1.4.1-local.jar!/com/intel/gkl/native/libgkl_compression.so
Mar 13, 2021 12:24:05 AM shaded.cloud_nio.com.google.auth.oauth2.ComputeEngineCredentials runningOnComputeEngine
INFO: Failed to detect whether we are running on Google Compute Engine.
00:24:05.490 INFO  Mutect2 - ------------------------------------------------------------
00:24:05.491 INFO  Mutect2 - The Genome Analysis Toolkit (GATK) v4.1.4.1
00:24:05.491 INFO  Mutect2 - For support and documentation go to https://software.broadinstitute.org/gatk/
00:24:05.491 INFO  Mutect2 - Executing as tandonm@cn4515 on Linux v3.10.0-862.14.4.el7.x86_64 amd64
00:24:05.492 INFO  Mutect2 - Java runtime: OpenJDK 64-Bit Server VM v1.8.0_181-b13
00:24:05.492 INFO  Mutect2 - Start Date/Time: March 13, 2021 12:24:05 AM EST
00:24:05.492 INFO  Mutect2 - ------------------------------------------------------------
00:24:05.492 INFO  Mutect2 - ------------------------------------------------------------
00:24:05.493 INFO  Mutect2 - HTSJDK Version: 2.21.0
00:24:05.493 INFO  Mutect2 - Picard Version: 2.21.2
00:24:05.493 INFO  Mutect2 - HTSJDK Defaults.COMPRESSION_LEVEL : 2
00:24:05.493 INFO  Mutect2 - HTSJDK Defaults.USE_ASYNC_IO_READ_FOR_SAMTOOLS : false
00:24:05.493 INFO  Mutect2 - HTSJDK Defaults.USE_ASYNC_IO_WRITE_FOR_SAMTOOLS : true
00:24:05.493 INFO  Mutect2 - HTSJDK Defaults.USE_ASYNC_IO_WRITE_FOR_TRIBBLE : false
00:24:05.493 INFO  Mutect2 - Deflater: IntelDeflater
00:24:05.493 INFO  Mutect2 - Inflater: IntelInflater
00:24:05.493 INFO  Mutect2 - GCS max retries/reopens: 20
00:24:05.493 INFO  Mutect2 - Requester pays: disabled
00:24:05.493 INFO  Mutect2 - Initializing engine
00:24:06.351 INFO  FeatureManager - Using codec VCFCodec to read file file:///data/CCBR_Pipeliner/db/PipeDB/lib/hg38.noCOSMIC_ClinVar.pon.vcf.gz
00:24:06.587 INFO  FeatureManager - Using codec VCFCodec to read file file:///data/MA_shared/justin_wes_pipe/somatic-hg38-af-only-gnomad.hg38.vcf.gz
00:24:06.806 INFO  IntervalArgumentCollection - Processing 242193529 bp from intervals
00:24:06.941 INFO  Mutect2 - Done initializing engine
00:24:07.101 INFO  NativeLibraryLoader - Loading libgkl_utils.so from jar:file:/usr/local/apps/GATK/4.1.4.1/gatk-package-4.1.4.1-local.jar!/com/intel/gkl/native/libgkl_utils.so
00:24:07.104 INFO  NativeLibraryLoader - Loading libgkl_pairhmm_omp.so from jar:file:/usr/local/apps/GATK/4.1.4.1/gatk-package-4.1.4.1-local.jar!/com/intel/gkl/native/libgkl_pairhmm_omp.so
00:24:07.175 INFO  IntelPairHmm - Flush-to-zero (FTZ) is enabled when running PairHMM
00:24:07.175 INFO  IntelPairHmm - Available threads: 2
00:24:07.175 INFO  IntelPairHmm - Requested threads: 4
00:24:07.175 WARN  IntelPairHmm - Using 2 available threads, but 4 were requested
00:24:07.175 INFO  PairHMM - Using the OpenMP multi-threaded AVX-accelerated native PairHMM implementation
00:24:07.371 INFO  ProgressMeter - Starting traversal
00:24:07.371 INFO  ProgressMeter -        Current Locus  Elapsed Minutes     Regions Processed   Regions/Minute
00:24:17.386 INFO  ProgressMeter -         chr2:1691906              0.2                  5790          34694.9
00:24:27.401 INFO  ProgressMeter -         chr2:7612533              0.3                 26030          77976.9
00:24:37.403 INFO  ProgressMeter -        chr2:11192410              0.5                 38600          77120.3
00:24:47.403 INFO  ProgressMeter -        chr2:17910753              0.7                 61650          92403.4
00:24:57.409 INFO  ProgressMeter -        chr2:23231824              0.8                 79850          95749.1
00:25:07.442 INFO  ProgressMeter -        chr2:26455135              1.0                 91370          91263.5
00:25:17.444 INFO  ProgressMeter -        chr2:28512879              1.2                 98790          84590.1
00:25:27.444 INFO  ProgressMeter -        chr2:31769740              1.3                110170          82553.2
00:25:37.447 INFO  ProgressMeter -        chr2:36894695              1.5                128030          85282.3
00:25:47.449 INFO  ProgressMeter -        chr2:41819493              1.7                145190          87047.0
00:25:57.460 INFO  ProgressMeter -        chr2:45547577              1.8                158410          86336.4
00:26:07.471 INFO  ProgressMeter -        chr2:50305618              2.0                175020          87437.9
00:26:17.471 INFO  ProgressMeter -        chr2:56532658              2.2                196530          90637.1
00:26:27.493 INFO  ProgressMeter -        chr2:63259332              2.3                219830          94131.5
00:26:37.498 INFO  ProgressMeter -        chr2:69433232              2.5                241200          96399.0
00:26:47.505 INFO  ProgressMeter -        chr2:73210816              2.7                254580          95388.2
00:26:57.505 INFO  ProgressMeter -        chr2:76820838              2.8                267220          94239.2
00:27:07.539 INFO  ProgressMeter -        chr2:85598366              3.0                297320          99014.8
00:27:17.583 INFO  ProgressMeter -        chr2:89213514              3.2                310030          97795.6
00:27:28.688 INFO  ProgressMeter -        chr2:95940495              3.4                332920          99223.6
00:27:38.691 INFO  ProgressMeter -        chr2:97777748              3.5                339430          96374.7
00:27:48.707 INFO  ProgressMeter -       chr2:102023121              3.7                354360          96061.2
00:27:58.717 INFO  ProgressMeter -       chr2:108659888              3.9                377220          97833.1
00:28:08.736 INFO  ProgressMeter -       chr2:113006433              4.0                392420          97550.6
00:28:18.738 INFO  ProgressMeter -       chr2:119608118              4.2                415120          99087.4
00:28:28.757 INFO  ProgressMeter -       chr2:127493774              4.4                442300         101528.4
00:28:38.818 INFO  ProgressMeter -       chr2:130917635              4.5                454410         100442.1
00:28:48.831 INFO  ProgressMeter -       chr2:135637926              4.7                470820         100367.0
00:28:58.835 INFO  ProgressMeter -       chr2:144263391              4.9                500370         103005.2
00:29:08.841 INFO  ProgressMeter -       chr2:151658902              5.0                525720         104631.7
00:29:18.845 INFO  ProgressMeter -       chr2:159008992              5.2                550950         106131.5
00:29:28.909 INFO  ProgressMeter -       chr2:165091795              5.4                571840         106707.5
00:29:38.909 INFO  ProgressMeter -       chr2:169538507              5.5                587240         106275.9
00:29:48.916 INFO  ProgressMeter -       chr2:173230871              5.7                600280         105452.9
00:29:59.013 INFO  ProgressMeter -       chr2:178535034              5.9                618670         105562.8
00:30:09.031 INFO  ProgressMeter -       chr2:178757218              6.0                619570         102788.0
00:30:19.102 INFO  ProgressMeter -       chr2:185804579              6.2                643640         103888.3
00:30:29.102 INFO  ProgressMeter -       chr2:191242973              6.4                662390         104113.9
00:30:39.105 INFO  ProgressMeter -       chr2:198205899              6.5                686290         105116.0
00:30:49.105 INFO  ProgressMeter -       chr2:202504605              6.7                701380         104753.2
00:30:59.109 INFO  ProgressMeter -       chr2:207624340              6.9                719180         104801.9
00:31:09.114 INFO  ProgressMeter -       chr2:214437241              7.0                742560         105641.8
00:31:19.157 INFO  ProgressMeter -       chr2:218585057              7.2                757000         105191.2
00:31:29.163 INFO  ProgressMeter -       chr2:219862792              7.4                761740         103452.5
00:31:39.201 INFO  ProgressMeter -       chr2:227267136              7.5                787250         104541.8
00:31:49.204 INFO  ProgressMeter -       chr2:231685870              7.7                802730         104288.6
00:31:59.283 INFO  ProgressMeter -       chr2:233761927              7.9                810150         103004.6
00:32:09.290 INFO  ProgressMeter -       chr2:238260162              8.0                825870         102823.1
00:32:19.295 INFO  ProgressMeter -       chr2:241667465              8.2                837890         102197.7
00:32:20.321 INFO  Mutect2 - 262614 read(s) filtered by: (((((((((((MappingQualityReadFilter AND MappingQualityAvailableReadFilter) AND MappingQualityNotZeroReadFilter) AND MappedReadFilter) AND NotSecondaryAlignmentReadFilter) AND NotDuplicateReadFilter) AND PassesVendorQualityCheckReadFilter) AND NonChimericOriginalAlignmentReadFilter) AND NonZeroReferenceLengthAlignmentReadFilter) AND ReadLengthReadFilter) AND GoodCigarReadFilter) AND WellformedReadFilter)
  262614 read(s) filtered by: ((((((((((MappingQualityReadFilter AND MappingQualityAvailableReadFilter) AND MappingQualityNotZeroReadFilter) AND MappedReadFilter) AND NotSecondaryAlignmentReadFilter) AND NotDuplicateReadFilter) AND PassesVendorQualityCheckReadFilter) AND NonChimericOriginalAlignmentReadFilter) AND NonZeroReferenceLengthAlignmentReadFilter) AND ReadLengthReadFilter) AND GoodCigarReadFilter)
      262614 read(s) filtered by: (((((((((MappingQualityReadFilter AND MappingQualityAvailableReadFilter) AND MappingQualityNotZeroReadFilter) AND MappedReadFilter) AND NotSecondaryAlignmentReadFilter) AND NotDuplicateReadFilter) AND PassesVendorQualityCheckReadFilter) AND NonChimericOriginalAlignmentReadFilter) AND NonZeroReferenceLengthAlignmentReadFilter) AND ReadLengthReadFilter)
          248340 read(s) filtered by: ((((((((MappingQualityReadFilter AND MappingQualityAvailableReadFilter) AND MappingQualityNotZeroReadFilter) AND MappedReadFilter) AND NotSecondaryAlignmentReadFilter) AND NotDuplicateReadFilter) AND PassesVendorQualityCheckReadFilter) AND NonChimericOriginalAlignmentReadFilter) AND NonZeroReferenceLengthAlignmentReadFilter)
              248340 read(s) filtered by: (((((((MappingQualityReadFilter AND MappingQualityAvailableReadFilter) AND MappingQualityNotZeroReadFilter) AND MappedReadFilter) AND NotSecondaryAlignmentReadFilter) AND NotDuplicateReadFilter) AND PassesVendorQualityCheckReadFilter) AND NonChimericOriginalAlignmentReadFilter)
                  248340 read(s) filtered by: ((((((MappingQualityReadFilter AND MappingQualityAvailableReadFilter) AND MappingQualityNotZeroReadFilter) AND MappedReadFilter) AND NotSecondaryAlignmentReadFilter) AND NotDuplicateReadFilter) AND PassesVendorQualityCheckReadFilter)
                      248340 read(s) filtered by: (((((MappingQualityReadFilter AND MappingQualityAvailableReadFilter) AND MappingQualityNotZeroReadFilter) AND MappedReadFilter) AND NotSecondaryAlignmentReadFilter) AND NotDuplicateReadFilter)
                          127775 read(s) filtered by: ((((MappingQualityReadFilter AND MappingQualityAvailableReadFilter) AND MappingQualityNotZeroReadFilter) AND MappedReadFilter) AND NotSecondaryAlignmentReadFilter)
                              126572 read(s) filtered by: (((MappingQualityReadFilter AND MappingQualityAvailableReadFilter) AND MappingQualityNotZeroReadFilter) AND MappedReadFilter)
                                  126572 read(s) filtered by: ((MappingQualityReadFilter AND MappingQualityAvailableReadFilter) AND MappingQualityNotZeroReadFilter)
                                      126572 read(s) filtered by: (MappingQualityReadFilter AND MappingQualityAvailableReadFilter)
                                          126572 read(s) filtered by: MappingQualityReadFilter 
                              1203 read(s) filtered by: NotSecondaryAlignmentReadFilter 
                          120565 read(s) filtered by: NotDuplicateReadFilter 
          14274 read(s) filtered by: ReadLengthReadFilter 

00:32:20.321 INFO  ProgressMeter -       chr2:242191578              8.2                839706         102206.0
00:32:20.321 INFO  ProgressMeter - Traversal complete. Processed 839706 total regions in 8.2 minutes.
00:32:20.797 INFO  VectorLoglessPairHMM - Time spent in setup for JNI call : 0.15484492300000002
00:32:20.797 INFO  PairHMM - Total compute time in PairHMM computeLogLikelihoods() : 12.620302419000001
00:32:20.797 INFO  SmithWatermanAligner - Total compute time in java Smith-Waterman : 19.47 sec
00:32:20.798 INFO  Mutect2 - Shutting down engine
[March 13, 2021 12:32:20 AM EST] org.broadinstitute.hellbender.tools.walkers.mutect.Mutect2 done. Elapsed time: 8.26 minutes.
Runtime.totalMemory()=1840775168
Tool returned:
SUCCESS
Using GATK jar /usr/local/apps/GATK/4.1.4.1/gatk-package-4.1.4.1-local.jar
Running:
    java -Dsamjdk.use_async_io_read_samtools=false -Dsamjdk.use_async_io_write_samtools=true -Dsamjdk.use_async_io_write_tribble=false -Dsamjdk.compression_level=2 -jar /usr/local/apps/GATK/4.1.4.1/gatk-package-4.1.4.1-local.jar Mutect2 -R /data/tandonm/pl_test_data/human/genome/hg38/Homo_sapiens_assembly38.fasta -I /spin1/scratch/tandonm/pipeline_out/tn_test_1/bams/chrom_split/Sample10_ARK1_S37.test.chr2.split.bam -I /spin1/scratch/tandonm/pipeline_out/tn_test_1/bams/chrom_split/Sample4_CRL1622_S31.test.chr2.split.bam -normal Sample4_CRL1622_S31.test --panel-of-normals /data/CCBR_Pipeliner/db/PipeDB/lib/hg38.noCOSMIC_ClinVar.pon.vcf.gz --germline-resource /data/MA_shared/justin_wes_pipe/somatic-hg38-af-only-gnomad.hg38.vcf.gz -L chr2 -O /spin1/scratch/tandonm/pipeline_out/tn_test_1/somatic/SNP_Indels/mutect2_out/chrom_split/Sample10_ARK1_S37.test.chr2.vcf --f1r2-tar-gz /spin1/scratch/tandonm/pipeline_out/tn_test_1/somatic/SNP_Indels/mutect2_out/chrom_split/Sample10_ARK1_S37.test.chr2.f1r2.tar.gz --independent-mates
[Sat Mar 13 00:32:21 2021]
Finished job 0.
1 of 1 steps (100%) done
{'Sample10_ARK1_S37.test': '--variant:varscan /spin1/scratch/tandonm/pipeline_out/tn_test_1/somatic/SNP_Indels/varscan_out/vcf/Sample10_ARK1_S37.test.FINAL.vcf --variant:mutect2 /spin1/scratch/tandonm/pipeline_out/tn_test_1/somatic/SNP_Indels/mutect2_out/vcf/Sample10_ARK1_S37.test.FINAL.vcf --variant:vardict /spin1/scratch/tandonm/pipeline_out/tn_test_1/somatic/SNP_Indels/vardict_out/vcf/Sample10_ARK1_S37.test.FINAL.vcf --variant:mutect /spin1/scratch/tandonm/pipeline_out/tn_test_1/somatic/SNP_Indels/mutect_out/vcf/Sample10_ARK1_S37.test.FINAL.vcf --variant:strelka /spin1/scratch/tandonm/pipeline_out/tn_test_1/somatic/SNP_Indels/strelka_out/vcf/Sample10_ARK1_S37.test.FINAL.vcf', 'Sample11_ACI_158_S38.test': '--variant:varscan /spin1/scratch/tandonm/pipeline_out/tn_test_1/somatic/SNP_Indels/varscan_out/vcf/Sample11_ACI_158_S38.test.FINAL.vcf --variant:mutect2 /spin1/scratch/tandonm/pipeline_out/tn_test_1/somatic/SNP_Indels/mutect2_out/vcf/Sample11_ACI_158_S38.test.FINAL.vcf --variant:vardict /spin1/scratch/tandonm/pipeline_out/tn_test_1/somatic/SNP_Indels/vardict_out/vcf/Sample11_ACI_158_S38.test.FINAL.vcf --variant:mutect /spin1/scratch/tandonm/pipeline_out/tn_test_1/somatic/SNP_Indels/mutect_out/vcf/Sample11_ACI_158_S38.test.FINAL.vcf --variant:strelka /spin1/scratch/tandonm/pipeline_out/tn_test_1/somatic/SNP_Indels/strelka_out/vcf/Sample11_ACI_158_S38.test.FINAL.vcf'}
