Building DAG of jobs...
Using shell: /usr/bin/bash
Provided cores: 4
Rules claiming more threads will be scaled down.
Job counts:
	count	jobs
	1	mutect
	1

[Sat Mar 13 00:25:39 2021]
rule mutect:
    input: /spin1/scratch/tandonm/pipeline_out/tn_test_1/bams/chrom_split/Sample4_CRL1622_S31.test.chr11.split.bam, /spin1/scratch/tandonm/pipeline_out/tn_test_1/bams/chrom_split/Sample10_ARK1_S37.test.chr11.split.bam
    output: /spin1/scratch/tandonm/pipeline_out/tn_test_1/somatic/SNP_Indels/mutect_out/chrom_split/Sample10_ARK1_S37.test.chr11.vcf, /spin1/scratch/tandonm/pipeline_out/tn_test_1/somatic/SNP_Indels/mutect_out/chrom_split/Sample10_ARK1_S37.test.chr11.stats.out
    jobid: 0
    wildcards: samples=Sample10_ARK1_S37.test, chroms=chr11


  +--------------------------------------------------------------------------+
           muTect functionality has been merged with GATK since 2015.
                   Please consider using GATK instead.

                     For more information please see:

             https://software.broadinstitute.org/gatk/blog?id=6495
  +--------------------------------------------------------------------------+

[+] Loading java 1.7.0_80  ... 
[+] Loading mutect / 1.1.7  ... 
mem = 2g
tmpdir = /lscratch/10304445/muTect
INFO  00:25:43,647 HelpFormatter - -------------------------------------------------------------------------------- 
INFO  00:25:43,648 HelpFormatter - The Genome Analysis Toolkit (GATK) v3.1-0-g72492bb, Compiled 2014/12/15 20:09:26 
INFO  00:25:43,648 HelpFormatter - Copyright (c) 2010 The Broad Institute 
INFO  00:25:43,649 HelpFormatter - For support and documentation go to http://www.broadinstitute.org/gatk 
INFO  00:25:43,651 HelpFormatter - Program Args: --analysis_type MuTect --reference_sequence /data/tandonm/pl_test_data/human/genome/hg38/Homo_sapiens_assembly38.fasta --normal_panel /data/CCBR_Pipeliner/db/PipeDB/lib/hg38.noCOSMIC_ClinVar.pon.vcf.gz --vcf /spin1/scratch/tandonm/pipeline_out/tn_test_1/somatic/SNP_Indels/mutect_out/chrom_split/Sample10_ARK1_S37.test.chr11.vcf --cosmic /data/CCBR_Pipeliner/db/PipeDB/lib/COSMIC_82_hg38.vcf.gz --dbsnp /fdb/GATK_resource_bundle/hg38bundle/dbsnp_138.hg38.vcf.gz --disable_auto_index_creation_and_locking_when_reading_rods --input_file:normal /spin1/scratch/tandonm/pipeline_out/tn_test_1/bams/chrom_split/Sample4_CRL1622_S31.test.chr11.split.bam --input_file:tumor /spin1/scratch/tandonm/pipeline_out/tn_test_1/bams/chrom_split/Sample10_ARK1_S37.test.chr11.split.bam --out /spin1/scratch/tandonm/pipeline_out/tn_test_1/somatic/SNP_Indels/mutect_out/chrom_split/Sample10_ARK1_S37.test.chr11.stats.out -rf BadCigar 
INFO  00:25:43,654 HelpFormatter - Executing as tandonm@cn2398 on Linux 3.10.0-862.14.4.el7.x86_64 amd64; Java HotSpot(TM) 64-Bit Server VM 1.7.0_80-b15. 
INFO  00:25:43,654 HelpFormatter - Date/Time: 2021/03/13 00:25:43 
INFO  00:25:43,654 HelpFormatter - -------------------------------------------------------------------------------- 
INFO  00:25:43,655 HelpFormatter - -------------------------------------------------------------------------------- 
INFO  00:25:44,102 GenomeAnalysisEngine - Strictness is SILENT 
INFO  00:25:44,415 GenomeAnalysisEngine - Downsampling Settings: Method: BY_SAMPLE, Target Coverage: 1000 
INFO  00:25:44,421 SAMDataSource$SAMReaders - Initializing SAMRecords in serial 
INFO  00:25:44,534 SAMDataSource$SAMReaders - Done initializing BAM readers: total time 0.11 
WARN  00:25:45,345 IndexDictionaryUtils - Track dbsnp doesn't have a sequence dictionary built in, skipping dictionary validation 
WARN  00:25:45,345 IndexDictionaryUtils - Track cosmic doesn't have a sequence dictionary built in, skipping dictionary validation 
WARN  00:25:45,346 IndexDictionaryUtils - Track normal_panel doesn't have a sequence dictionary built in, skipping dictionary validation 
INFO  00:25:45,398 GenomeAnalysisEngine - Preparing for traversal over 2 BAM files 
INFO  00:25:45,480 GenomeAnalysisEngine - Done preparing for traversal 
INFO  00:25:45,480 ProgressMeter - [INITIALIZATION COMPLETE; STARTING PROCESSING] 
INFO  00:25:45,481 ProgressMeter -        Location processed.sites  runtime per.1M.sites completed total.runtime remaining 
INFO  00:25:45,481 MuTect - VERSION INFO: MuTect:1.1.6-4-g69b7a37 Gatk:3.1-0-g72492bb 
INFO  00:26:15,549 ProgressMeter -   chr1:44763801        0.00e+00   30.0 s       49.7 w      1.4%        35.9 m    35.4 m 
INFO  00:26:45,555 ProgressMeter -  chr1:102807801        0.00e+00   60.0 s       99.3 w      3.2%        31.3 m    30.3 m 
INFO  00:27:15,557 ProgressMeter -  chr1:167537901        0.00e+00   90.0 s      148.9 w      5.2%        28.8 m    27.3 m 
INFO  00:27:45,560 ProgressMeter -  chr1:225612801        0.00e+00  120.0 s      198.5 w      7.0%        28.5 m    26.5 m 
INFO  00:28:15,561 ProgressMeter -   chr2:27356101        2.49e+08    2.5 m        0.0 s      8.6%        29.1 m    26.6 m 
INFO  00:28:45,629 ProgressMeter -   chr2:84865101        2.49e+08    3.0 m        0.0 s     10.4%        28.9 m    25.9 m 
INFO  00:29:15,631 ProgressMeter -  chr2:142140901        2.49e+08    3.5 m        0.0 s     12.2%        28.8 m    25.3 m 
INFO  00:29:45,632 ProgressMeter -  chr2:197995201        2.49e+08    4.0 m        0.0 s     13.9%        28.8 m    24.8 m 
INFO  00:30:15,666 ProgressMeter -    chr3:3756201        4.91e+08    4.5 m        0.0 s     15.4%        29.3 m    24.8 m 
INFO  00:30:45,668 ProgressMeter -   chr3:57494101        4.91e+08    5.0 m        0.0 s     17.1%        29.3 m    24.3 m 
INFO  00:31:15,746 ProgressMeter -  chr3:112136701        4.91e+08    5.5 m        0.0 s     18.8%        29.3 m    23.8 m 
INFO  00:31:45,747 ProgressMeter -  chr3:165636101        4.91e+08    6.0 m        0.0 s     20.4%        29.4 m    23.4 m 
INFO  00:32:16,438 ProgressMeter -   chr4:17402801        6.89e+08    6.5 m        0.0 s     22.0%        29.6 m    23.1 m 
INFO  00:32:46,505 ProgressMeter -   chr4:70161901        6.89e+08    7.0 m        0.0 s     23.6%        29.7 m    22.7 m 
INFO  00:33:16,675 ProgressMeter -  chr4:126359801        6.89e+08    7.5 m        0.0 s     25.4%        29.6 m    22.1 m 
INFO  00:33:46,743 ProgressMeter -  chr4:182522701        6.89e+08    8.0 m        0.0 s     27.1%        29.6 m    21.6 m 
INFO  00:34:16,912 ProgressMeter -   chr5:40336801        8.80e+08    8.5 m        0.0 s     28.6%        29.8 m    21.3 m 
INFO  00:34:46,917 ProgressMeter -   chr5:97229401        8.80e+08    9.0 m        0.0 s     30.4%        29.7 m    20.7 m 
INFO  00:35:16,972 ProgressMeter -  chr5:150338301        8.80e+08    9.5 m        0.0 s     32.0%        29.7 m    20.2 m 
INFO  00:35:47,560 ProgressMeter -   chr6:16300601        1.06e+09   10.0 m        0.0 s     33.5%        30.0 m    19.9 m 
INFO  00:36:17,579 ProgressMeter -   chr6:66347101        1.06e+09   10.5 m        0.0 s     35.0%        30.1 m    19.5 m 
INFO  00:36:47,581 ProgressMeter -  chr6:121067101        1.06e+09   11.0 m        0.0 s     36.7%        30.0 m    19.0 m 
INFO  00:37:17,671 ProgressMeter -    chr7:1910401        1.23e+09   11.5 m        0.0 s     38.4%        30.1 m    18.5 m 
INFO  00:37:47,673 ProgressMeter -   chr7:57338001        1.23e+09   12.0 m        0.0 s     40.1%        30.0 m    18.0 m 
INFO  00:38:17,676 ProgressMeter -  chr7:115084401        1.23e+09   12.5 m        0.0 s     41.9%        29.9 m    17.4 m 
INFO  00:38:47,678 ProgressMeter -    chr8:9841601        1.39e+09   13.0 m        0.0 s     43.6%        29.9 m    16.9 m 
INFO  00:39:17,718 ProgressMeter -   chr8:66687701        1.39e+09   13.5 m        0.0 s     45.3%        29.9 m    16.3 m 
INFO  00:39:47,719 ProgressMeter -  chr8:124845701        1.39e+09   14.0 m        0.0 s     47.1%        29.8 m    15.7 m 
INFO  00:40:17,796 ProgressMeter -   chr9:31932701        1.54e+09   14.5 m        0.0 s     48.7%        29.8 m    15.3 m 
INFO  00:40:47,826 ProgressMeter -   chr9:95539401        1.54e+09   15.0 m        0.0 s     50.7%        29.6 m    14.6 m 
INFO  00:41:17,929 ProgressMeter -  chr10:10373101        1.67e+09   15.5 m        0.0 s     52.4%        29.7 m    14.1 m 
INFO  00:41:47,931 ProgressMeter -  chr10:66649201        1.67e+09   16.0 m        0.0 s     54.1%        29.6 m    13.6 m 
INFO  00:42:17,932 ProgressMeter - chr10:122882001        1.67e+09   16.5 m        0.0 s     55.9%        29.6 m    13.1 m 
INFO  00:42:26,971 MuTect - [MUTECT] Processed 1000015 reads in 1001397 ms 
INFO  00:42:27,719 MuTect - [MUTECT] Processed 2000063 reads in 748 ms 
INFO  00:42:27,904 MuTect - [MUTECT] Inspected 1000 potential candidates 
INFO  00:42:28,296 MuTect - [MUTECT] Processed 3000072 reads in 576 ms 
INFO  00:42:29,370 MuTect - [MUTECT] Processed 4000095 reads in 1075 ms 
INFO  00:42:29,933 MuTect - [MUTECT] Processed 5000183 reads in 562 ms 
INFO  00:42:30,237 MuTect - [MUTECT] Inspected 2000 potential candidates 
INFO  00:42:30,807 MuTect - [MUTECT] Processed 6000183 reads in 875 ms 
INFO  00:42:31,515 MuTect - [MUTECT] Processed 7000189 reads in 708 ms 
INFO  00:42:32,142 MuTect - [MUTECT] Inspected 3000 potential candidates 
INFO  00:42:32,246 MuTect - [MUTECT] Processed 8000276 reads in 731 ms 
INFO  00:42:32,917 MuTect - [MUTECT] Processed 9000324 reads in 671 ms 
INFO  00:42:33,389 MuTect - [MUTECT] Inspected 4000 potential candidates 
INFO  00:42:33,459 MuTect - [MUTECT] Processed 10000364 reads in 542 ms 
INFO  00:42:34,016 MuTect - [MUTECT] Processed 11000385 reads in 557 ms 
INFO  00:42:35,105 MuTect - [MUTECT] Processed 12000410 reads in 1089 ms 
INFO  00:42:35,284 MuTect - [MUTECT] Inspected 5000 potential candidates 
INFO  00:42:35,880 MuTect - [MUTECT] Processed 13000424 reads in 775 ms 
INFO  00:42:36,704 MuTect - [MUTECT] Processed 14000457 reads in 824 ms 
INFO  00:42:37,033 MuTect - [MUTECT] Inspected 6000 potential candidates 
INFO  00:42:37,665 MuTect - [MUTECT] Processed 15000457 reads in 961 ms 
INFO  00:42:38,712 MuTect - [MUTECT] Processed 16000457 reads in 1047 ms 
INFO  00:42:39,096 MuTect - [MUTECT] Inspected 7000 potential candidates 
INFO  00:42:39,353 MuTect - [MUTECT] Processed 17000463 reads in 641 ms 
INFO  00:42:40,445 MuTect - [MUTECT] Processed 18000486 reads in 1092 ms 
INFO  00:42:41,015 MuTect - [MUTECT] Inspected 8000 potential candidates 
INFO  00:42:41,158 MuTect - [MUTECT] Processed 19000498 reads in 713 ms 
INFO  00:42:41,848 MuTect - [MUTECT] Processed 20000554 reads in 690 ms 
INFO  00:42:42,592 MuTect - [MUTECT] Processed 21000614 reads in 744 ms 
INFO  00:42:42,754 MuTect - [MUTECT] Inspected 9000 potential candidates 
INFO  00:42:43,230 MuTect - [MUTECT] Processed 22000670 reads in 638 ms 
INFO  00:42:43,914 MuTect - [MUTECT] Processed 23000717 reads in 684 ms 
INFO  00:42:44,231 MuTect - [MUTECT] Inspected 10000 potential candidates 
INFO  00:42:44,605 MuTect - [MUTECT] Processed 24000788 reads in 691 ms 
INFO  00:42:45,297 MuTect - [MUTECT] Processed 25000799 reads in 692 ms 
INFO  00:42:45,947 MuTect - [MUTECT] Processed 26000893 reads in 650 ms 
INFO  00:42:46,244 MuTect - [MUTECT] Inspected 11000 potential candidates 
INFO  00:42:46,778 MuTect - [MUTECT] Processed 27000933 reads in 831 ms 
INFO  00:42:47,220 MuTect - [MUTECT] Processed 28000991 reads in 442 ms 
INFO  00:42:47,615 MuTect - [MUTECT] Inspected 12000 potential candidates 
INFO  00:42:47,725 MuTect - [MUTECT] Processed 29001022 reads in 505 ms 
INFO  00:42:47,945 ProgressMeter -   chr11:6683105        1.82e+09   17.0 m        0.0 s     56.4%        30.2 m    13.2 m 
INFO  00:42:48,413 MuTect - [MUTECT] Processed 30001037 reads in 687 ms 
INFO  00:42:49,053 MuTect - [MUTECT] Processed 31001158 reads in 641 ms 
INFO  00:42:49,390 MuTect - [MUTECT] Inspected 13000 potential candidates 
INFO  00:42:49,990 MuTect - [MUTECT] Processed 32001184 reads in 937 ms 
INFO  00:42:51,061 MuTect - [MUTECT] Processed 33001196 reads in 1071 ms 
INFO  00:42:51,635 MuTect - [MUTECT] Inspected 14000 potential candidates 
INFO  00:42:51,790 MuTect - [MUTECT] Processed 34001248 reads in 729 ms 
INFO  00:42:52,690 MuTect - [MUTECT] Processed 35001248 reads in 900 ms 
INFO  00:42:53,475 MuTect - [MUTECT] Inspected 15000 potential candidates 
INFO  00:42:53,522 MuTect - [MUTECT] Processed 36001296 reads in 832 ms 
INFO  00:42:54,332 MuTect - [MUTECT] Processed 37001335 reads in 810 ms 
INFO  00:42:55,406 MuTect - [MUTECT] Processed 38001430 reads in 1074 ms 
INFO  00:42:55,578 MuTect - [MUTECT] Inspected 16000 potential candidates 
INFO  00:42:56,092 MuTect - [MUTECT] Processed 39001499 reads in 686 ms 
INFO  00:42:57,064 MuTect - [MUTECT] Processed 40001508 reads in 972 ms 
INFO  00:42:58,093 MuTect - [MUTECT] Inspected 17000 potential candidates 
INFO  00:42:58,394 MuTect - [MUTECT] Processed 41001508 reads in 1330 ms 
INFO  00:42:59,754 MuTect - [MUTECT] Processed 42001550 reads in 1360 ms 
INFO  00:43:00,788 MuTect - [MUTECT] Inspected 18000 potential candidates 
INFO  00:43:01,010 MuTect - [MUTECT] Processed 43001550 reads in 1256 ms 
INFO  00:43:01,827 MuTect - [MUTECT] Processed 44001551 reads in 817 ms 
INFO  00:43:03,508 MuTect - [MUTECT] Processed 45001596 reads in 1681 ms 
INFO  00:43:03,636 MuTect - [MUTECT] Inspected 19000 potential candidates 
INFO  00:43:04,239 MuTect - [MUTECT] Processed 46001628 reads in 731 ms 
INFO  00:43:04,916 MuTect - [MUTECT] Processed 47001671 reads in 677 ms 
INFO  00:43:05,397 MuTect - [MUTECT] Inspected 20000 potential candidates 
INFO  00:43:05,533 MuTect - [MUTECT] Processed 48001686 reads in 617 ms 
INFO  00:43:06,226 MuTect - [MUTECT] Processed 49001715 reads in 693 ms 
INFO  00:43:07,019 MuTect - [MUTECT] Inspected 21000 potential candidates 
INFO  00:43:07,060 MuTect - [MUTECT] Processed 50001743 reads in 834 ms 
INFO  00:43:07,684 MuTect - [MUTECT] Processed 51001761 reads in 624 ms 
INFO  00:43:08,422 MuTect - [MUTECT] Processed 52001856 reads in 738 ms 
INFO  00:43:08,735 MuTect - [MUTECT] Inspected 22000 potential candidates 
INFO  00:43:09,255 MuTect - [MUTECT] Processed 53001880 reads in 833 ms 
INFO  00:43:10,458 MuTect - [MUTECT] Processed 54001924 reads in 1203 ms 
INFO  00:43:10,988 MuTect - [MUTECT] Inspected 23000 potential candidates 
INFO  00:43:11,472 MuTect - [MUTECT] Processed 55001937 reads in 1014 ms 
INFO  00:43:13,302 MuTect - [MUTECT] Processed 56001948 reads in 1830 ms 
INFO  00:43:14,081 MuTect - [MUTECT] Inspected 24000 potential candidates 
INFO  00:43:15,292 MuTect - [MUTECT] Processed 57001949 reads in 1990 ms 
INFO  00:43:17,541 MuTect - [MUTECT] Processed 58001978 reads in 2249 ms 
INFO  00:43:17,945 ProgressMeter -  chr11:27074633        1.84e+09   17.5 m        0.0 s     57.1%        30.7 m    13.2 m 
INFO  00:43:18,521 MuTect - [MUTECT] Inspected 25000 potential candidates 
INFO  00:43:18,995 MuTect - [MUTECT] Processed 59002069 reads in 1454 ms 
INFO  00:43:21,064 MuTect - [MUTECT] Processed 60002093 reads in 2069 ms 
INFO  00:43:22,484 MuTect - [MUTECT] Processed 61002093 reads in 1420 ms 
INFO  00:43:22,692 MuTect - [MUTECT] Inspected 26000 potential candidates 
INFO  00:43:23,473 MuTect - [MUTECT] Processed 62002150 reads in 989 ms 
INFO  00:43:24,487 MuTect - [MUTECT] Processed 63002283 reads in 1014 ms 
INFO  00:43:24,871 MuTect - [MUTECT] Inspected 27000 potential candidates 
INFO  00:43:25,194 MuTect - [MUTECT] Processed 64002352 reads in 707 ms 
INFO  00:43:26,053 MuTect - [MUTECT] Processed 65002433 reads in 859 ms 
INFO  00:43:26,836 MuTect - [MUTECT] Inspected 28000 potential candidates 
INFO  00:43:26,881 MuTect - [MUTECT] Processed 66002522 reads in 828 ms 
INFO  00:43:27,794 MuTect - [MUTECT] Processed 67002570 reads in 913 ms 
INFO  00:43:28,835 MuTect - [MUTECT] Processed 68002614 reads in 1041 ms 
INFO  00:43:28,992 MuTect - [MUTECT] Inspected 29000 potential candidates 
INFO  00:43:30,079 MuTect - [MUTECT] Processed 69002708 reads in 1244 ms 
INFO  00:43:33,357 MuTect - [MUTECT] Processed 70002711 reads in 3278 ms 
INFO  00:43:35,550 MuTect - [MUTECT] Inspected 30000 potential candidates 
INFO  00:43:36,206 MuTect - [MUTECT] Processed 71002748 reads in 2849 ms 
INFO  00:43:36,909 MuTect - [MUTECT] Processed 72002763 reads in 703 ms 
INFO  00:43:37,969 MuTect - [MUTECT] Inspected 31000 potential candidates 
INFO  00:43:38,462 MuTect - [MUTECT] Processed 73002862 reads in 1553 ms 
INFO  00:43:39,504 MuTect - [MUTECT] Processed 74002925 reads in 1042 ms 
INFO  00:43:40,241 MuTect - [MUTECT] Inspected 32000 potential candidates 
INFO  00:43:40,302 MuTect - [MUTECT] Processed 75002936 reads in 798 ms 
INFO  00:43:40,935 MuTect - [MUTECT] Processed 76002948 reads in 633 ms 
INFO  00:43:41,571 MuTect - [MUTECT] Processed 77002985 reads in 636 ms 
INFO  00:43:41,749 MuTect - [MUTECT] Inspected 33000 potential candidates 
INFO  00:43:42,109 MuTect - [MUTECT] Processed 78003030 reads in 538 ms 
INFO  00:43:42,834 MuTect - [MUTECT] Processed 79003039 reads in 725 ms 
INFO  00:43:43,349 MuTect - [MUTECT] Inspected 34000 potential candidates 
INFO  00:43:43,441 MuTect - [MUTECT] Processed 80003067 reads in 607 ms 
INFO  00:43:44,033 MuTect - [MUTECT] Processed 81003101 reads in 592 ms 
INFO  00:43:44,623 MuTect - [MUTECT] Processed 82003108 reads in 590 ms 
INFO  00:43:44,647 MuTect - [MUTECT] Inspected 35000 potential candidates 
INFO  00:43:45,261 MuTect - [MUTECT] Processed 83003163 reads in 638 ms 
INFO  00:43:45,861 MuTect - [MUTECT] Processed 84003165 reads in 600 ms 
INFO  00:43:46,389 MuTect - [MUTECT] Inspected 36000 potential candidates 
INFO  00:43:46,768 MuTect - [MUTECT] Processed 85003169 reads in 907 ms 
INFO  00:43:47,900 MuTect - [MUTECT] Processed 86003316 reads in 1132 ms 
INFO  00:43:47,948 ProgressMeter -  chr11:49035229        1.86e+09   18.0 m        0.0 s     57.7%        31.2 m    13.2 m 
INFO  00:43:48,578 MuTect - [MUTECT] Inspected 37000 potential candidates 
INFO  00:43:48,666 MuTect - [MUTECT] Processed 87003324 reads in 766 ms 
INFO  00:43:51,650 MuTect - [MUTECT] Processed 88003332 reads in 2984 ms 
INFO  00:43:52,766 MuTect - [MUTECT] Processed 89003445 reads in 1116 ms 
INFO  00:43:53,115 MuTect - [MUTECT] Inspected 38000 potential candidates 
INFO  00:43:53,428 MuTect - [MUTECT] Processed 90003461 reads in 662 ms 
INFO  00:43:54,080 MuTect - [MUTECT] Processed 91003560 reads in 652 ms 
INFO  00:43:54,704 MuTect - [MUTECT] Processed 92003588 reads in 624 ms 
INFO  00:43:55,126 MuTect - [MUTECT] Inspected 39000 potential candidates 
INFO  00:43:55,515 MuTect - [MUTECT] Processed 93003598 reads in 811 ms 
INFO  00:43:56,288 MuTect - [MUTECT] Processed 94003620 reads in 773 ms 
INFO  00:43:56,968 MuTect - [MUTECT] Processed 95003624 reads in 680 ms 
INFO  00:43:57,007 MuTect - [MUTECT] Inspected 40000 potential candidates 
INFO  00:43:57,713 MuTect - [MUTECT] Processed 96003662 reads in 745 ms 
INFO  00:43:58,524 MuTect - [MUTECT] Processed 97003840 reads in 811 ms 
INFO  00:43:59,128 MuTect - [MUTECT] Inspected 41000 potential candidates 
INFO  00:43:59,391 MuTect - [MUTECT] Processed 98003882 reads in 866 ms 
INFO  00:44:00,207 MuTect - [MUTECT] Processed 99003922 reads in 817 ms 
INFO  00:44:00,916 MuTect - [MUTECT] Processed 100003923 reads in 709 ms 
INFO  00:44:01,396 MuTect - [MUTECT] Inspected 42000 potential candidates 
INFO  00:44:01,519 MuTect - [MUTECT] Processed 101003990 reads in 603 ms 
INFO  00:44:02,161 MuTect - [MUTECT] Processed 102004050 reads in 642 ms 
INFO  00:44:02,891 MuTect - [MUTECT] Processed 103004102 reads in 730 ms 
INFO  00:44:03,311 MuTect - [MUTECT] Inspected 43000 potential candidates 
INFO  00:44:03,653 MuTect - [MUTECT] Processed 104004102 reads in 761 ms 
INFO  00:44:04,384 MuTect - [MUTECT] Processed 105004142 reads in 732 ms 
INFO  00:44:04,961 MuTect - [MUTECT] Processed 106004251 reads in 577 ms 
INFO  00:44:05,235 MuTect - [MUTECT] Inspected 44000 potential candidates 
INFO  00:44:05,674 MuTect - [MUTECT] Processed 107004254 reads in 713 ms 
INFO  00:44:06,114 MuTect - [MUTECT] Processed 108004273 reads in 440 ms 
INFO  00:44:06,673 MuTect - [MUTECT] Processed 109004275 reads in 559 ms 
INFO  00:44:07,223 MuTect - [MUTECT] Inspected 45000 potential candidates 
INFO  00:44:07,588 MuTect - [MUTECT] Processed 110004276 reads in 915 ms 
INFO  00:44:08,094 MuTect - [MUTECT] Processed 111004278 reads in 506 ms 
INFO  00:44:08,689 MuTect - [MUTECT] Processed 112004309 reads in 594 ms 
INFO  00:44:08,975 MuTect - [MUTECT] Inspected 46000 potential candidates 
INFO  00:44:09,507 MuTect - [MUTECT] Processed 113004343 reads in 819 ms 
INFO  00:44:10,230 MuTect - [MUTECT] Processed 114004513 reads in 723 ms 
INFO  00:44:10,678 MuTect - [MUTECT] Processed 115004547 reads in 448 ms 
INFO  00:44:10,744 MuTect - [MUTECT] Inspected 47000 potential candidates 
INFO  00:44:11,224 MuTect - [MUTECT] Processed 116004889 reads in 546 ms 
INFO  00:44:11,622 MuTect - [MUTECT] Processed 117005043 reads in 398 ms 
INFO  00:44:12,072 MuTect - [MUTECT] Processed 118005074 reads in 450 ms 
INFO  00:44:12,108 MuTect - [MUTECT] Inspected 48000 potential candidates 
INFO  00:44:12,558 MuTect - [MUTECT] Processed 119005095 reads in 486 ms 
INFO  00:44:13,008 MuTect - [MUTECT] Processed 120005130 reads in 450 ms 
INFO  00:44:13,510 MuTect - [MUTECT] Processed 121005194 reads in 502 ms 
INFO  00:44:13,535 MuTect - [MUTECT] Inspected 49000 potential candidates 
INFO  00:44:14,043 MuTect - [MUTECT] Processed 122005312 reads in 533 ms 
INFO  00:44:14,675 MuTect - [MUTECT] Processed 123005338 reads in 632 ms 
INFO  00:44:15,967 MuTect - [MUTECT] Inspected 50000 potential candidates 
INFO  00:44:16,040 MuTect - [MUTECT] Processed 124005350 reads in 1365 ms 
INFO  00:44:16,809 MuTect - [MUTECT] Processed 125005352 reads in 769 ms 
INFO  00:44:17,472 MuTect - [MUTECT] Processed 126005418 reads in 663 ms 
INFO  00:44:17,950 ProgressMeter -  chr11:63904901        1.87e+09   18.5 m        0.0 s     58.2%        31.8 m    13.3 m 
INFO  00:44:18,041 MuTect - [MUTECT] Inspected 51000 potential candidates 
INFO  00:44:18,248 MuTect - [MUTECT] Processed 127005463 reads in 776 ms 
INFO  00:44:18,982 MuTect - [MUTECT] Processed 128005463 reads in 734 ms 
INFO  00:44:19,573 MuTect - [MUTECT] Processed 129005472 reads in 591 ms 
INFO  00:44:19,758 MuTect - [MUTECT] Inspected 52000 potential candidates 
INFO  00:44:20,118 MuTect - [MUTECT] Processed 130005514 reads in 545 ms 
INFO  00:44:20,586 MuTect - [MUTECT] Processed 131005518 reads in 468 ms 
INFO  00:44:21,510 MuTect - [MUTECT] Processed 132005543 reads in 923 ms 
INFO  00:44:21,586 MuTect - [MUTECT] Inspected 53000 potential candidates 
INFO  00:44:22,003 MuTect - [MUTECT] Processed 133005550 reads in 494 ms 
INFO  00:44:22,559 MuTect - [MUTECT] Processed 134005567 reads in 556 ms 
INFO  00:44:23,070 MuTect - [MUTECT] Inspected 54000 potential candidates 
INFO  00:44:23,178 MuTect - [MUTECT] Processed 135005676 reads in 619 ms 
INFO  00:44:23,645 MuTect - [MUTECT] Processed 136005676 reads in 467 ms 
INFO  00:44:24,247 MuTect - [MUTECT] Processed 137005679 reads in 602 ms 
INFO  00:44:24,535 MuTect - [MUTECT] Inspected 55000 potential candidates 
INFO  00:44:24,756 MuTect - [MUTECT] Processed 138005731 reads in 509 ms 
INFO  00:44:25,423 MuTect - [MUTECT] Processed 139005814 reads in 666 ms 
INFO  00:44:26,004 MuTect - [MUTECT] Processed 140005850 reads in 582 ms 
INFO  00:44:26,216 MuTect - [MUTECT] Inspected 56000 potential candidates 
INFO  00:44:26,635 MuTect - [MUTECT] Processed 141005902 reads in 631 ms 
INFO  00:44:27,058 MuTect - [MUTECT] Processed 142005942 reads in 423 ms 
INFO  00:44:27,548 MuTect - [MUTECT] Processed 143005949 reads in 490 ms 
INFO  00:44:27,557 MuTect - [MUTECT] Inspected 57000 potential candidates 
INFO  00:44:28,203 MuTect - [MUTECT] Processed 144005949 reads in 655 ms 
INFO  00:44:28,759 MuTect - [MUTECT] Processed 145005975 reads in 556 ms 
INFO  00:44:29,119 MuTect - [MUTECT] Inspected 58000 potential candidates 
INFO  00:44:29,367 MuTect - [MUTECT] Processed 146005999 reads in 608 ms 
INFO  00:44:30,025 MuTect - [MUTECT] Processed 147006049 reads in 658 ms 
INFO  00:44:30,513 MuTect - [MUTECT] Processed 148006198 reads in 488 ms 
INFO  00:44:30,788 MuTect - [MUTECT] Inspected 59000 potential candidates 
INFO  00:44:31,135 MuTect - [MUTECT] Processed 149006263 reads in 622 ms 
INFO  00:44:31,657 MuTect - [MUTECT] Processed 150006324 reads in 522 ms 
INFO  00:44:32,184 MuTect - [MUTECT] Processed 151006351 reads in 527 ms 
INFO  00:44:32,250 MuTect - [MUTECT] Inspected 60000 potential candidates 
INFO  00:44:32,719 MuTect - [MUTECT] Processed 152006377 reads in 535 ms 
INFO  00:44:33,145 MuTect - [MUTECT] Processed 153006408 reads in 426 ms 
INFO  00:44:33,755 MuTect - [MUTECT] Processed 154006420 reads in 610 ms 
INFO  00:44:33,823 MuTect - [MUTECT] Inspected 61000 potential candidates 
INFO  00:44:34,697 MuTect - [MUTECT] Processed 155006441 reads in 942 ms 
INFO  00:44:35,318 MuTect - [MUTECT] Processed 156006521 reads in 621 ms 
INFO  00:44:35,864 MuTect - [MUTECT] Inspected 62000 potential candidates 
INFO  00:44:35,903 MuTect - [MUTECT] Processed 157006676 reads in 585 ms 
INFO  00:44:36,417 MuTect - [MUTECT] Processed 158006706 reads in 514 ms 
INFO  00:44:37,016 MuTect - [MUTECT] Processed 159006764 reads in 599 ms 
INFO  00:44:37,324 MuTect - [MUTECT] Inspected 63000 potential candidates 
INFO  00:44:37,643 MuTect - [MUTECT] Processed 160006888 reads in 627 ms 
INFO  00:44:38,565 MuTect - [MUTECT] Processed 161007033 reads in 922 ms 
INFO  00:44:39,086 MuTect - [MUTECT] Inspected 64000 potential candidates 
INFO  00:44:39,156 MuTect - [MUTECT] Processed 162007084 reads in 591 ms 
INFO  00:44:39,850 MuTect - [MUTECT] Processed 163007101 reads in 694 ms 
INFO  00:44:40,652 MuTect - [MUTECT] Processed 164007101 reads in 802 ms 
INFO  00:44:41,032 MuTect - [MUTECT] Inspected 65000 potential candidates 
INFO  00:44:41,385 MuTect - [MUTECT] Processed 165007122 reads in 733 ms 
INFO  00:44:42,516 MuTect - [MUTECT] Processed 166007200 reads in 1131 ms 
INFO  00:44:43,521 MuTect - [MUTECT] Inspected 66000 potential candidates 
INFO  00:44:43,556 MuTect - [MUTECT] Processed 167007201 reads in 1040 ms 
INFO  00:44:44,374 MuTect - [MUTECT] Processed 168007249 reads in 818 ms 
INFO  00:44:44,851 MuTect - [MUTECT] Processed 169007644 reads in 477 ms 
INFO  00:44:45,602 MuTect - [MUTECT] Inspected 67000 potential candidates 
INFO  00:44:46,253 MuTect - [MUTECT] Processed 170007660 reads in 1402 ms 
INFO  00:44:47,190 MuTect - [MUTECT] Processed 171007725 reads in 937 ms 
INFO  00:44:47,687 MuTect - [MUTECT] Inspected 68000 potential candidates 
INFO  00:44:47,868 MuTect - [MUTECT] Processed 172007825 reads in 678 ms 
INFO  00:44:48,007 ProgressMeter -  chr11:72023981        1.88e+09   19.0 m        0.0 s     58.5%        32.6 m    13.5 m 
INFO  00:44:48,674 MuTect - [MUTECT] Processed 173007827 reads in 806 ms 
INFO  00:44:49,450 MuTect - [MUTECT] Processed 174007827 reads in 776 ms 
INFO  00:44:49,579 MuTect - [MUTECT] Inspected 69000 potential candidates 
INFO  00:44:50,110 MuTect - [MUTECT] Processed 175007827 reads in 660 ms 
INFO  00:44:50,791 MuTect - [MUTECT] Processed 176007827 reads in 681 ms 
INFO  00:44:51,457 MuTect - [MUTECT] Inspected 70000 potential candidates 
INFO  00:44:51,547 MuTect - [MUTECT] Processed 177007835 reads in 756 ms 
INFO  00:44:52,481 MuTect - [MUTECT] Processed 178007835 reads in 934 ms 
INFO  00:44:53,251 MuTect - [MUTECT] Processed 179007920 reads in 770 ms 
INFO  00:44:53,454 MuTect - [MUTECT] Inspected 71000 potential candidates 
INFO  00:44:53,836 MuTect - [MUTECT] Processed 180008076 reads in 585 ms 
INFO  00:44:54,494 MuTect - [MUTECT] Processed 181008107 reads in 658 ms 
INFO  00:44:55,303 MuTect - [MUTECT] Processed 182008407 reads in 809 ms 
INFO  00:44:55,543 MuTect - [MUTECT] Inspected 72000 potential candidates 
INFO  00:44:55,984 MuTect - [MUTECT] Processed 183008421 reads in 681 ms 
INFO  00:44:56,670 MuTect - [MUTECT] Processed 184008422 reads in 686 ms 
INFO  00:44:57,403 MuTect - [MUTECT] Inspected 73000 potential candidates 
INFO  00:44:57,531 MuTect - [MUTECT] Processed 185008422 reads in 861 ms 
INFO  00:44:58,398 MuTect - [MUTECT] Processed 186008439 reads in 867 ms 
INFO  00:44:59,316 MuTect - [MUTECT] Processed 187008521 reads in 918 ms 
INFO  00:44:59,558 MuTect - [MUTECT] Inspected 74000 potential candidates 
INFO  00:44:59,927 MuTect - [MUTECT] Processed 188008604 reads in 611 ms 
INFO  00:45:00,774 MuTect - [MUTECT] Processed 189008670 reads in 847 ms 
INFO  00:45:01,479 MuTect - [MUTECT] Inspected 75000 potential candidates 
INFO  00:45:01,506 MuTect - [MUTECT] Processed 190008713 reads in 732 ms 
INFO  00:45:02,223 MuTect - [MUTECT] Processed 191008715 reads in 717 ms 
INFO  00:45:03,143 MuTect - [MUTECT] Processed 192008828 reads in 920 ms 
INFO  00:45:03,346 MuTect - [MUTECT] Inspected 76000 potential candidates 
INFO  00:45:05,917 MuTect - [MUTECT] Processed 193008828 reads in 2774 ms 
INFO  00:45:08,281 MuTect - [MUTECT] Processed 194008914 reads in 2363 ms 
INFO  00:45:08,814 MuTect - [MUTECT] Inspected 77000 potential candidates 
INFO  00:45:09,084 MuTect - [MUTECT] Processed 195008928 reads in 804 ms 
INFO  00:45:10,420 MuTect - [MUTECT] Processed 196008928 reads in 1335 ms 
INFO  00:45:11,839 MuTect - [MUTECT] Processed 197008994 reads in 1420 ms 
INFO  00:45:11,992 MuTect - [MUTECT] Inspected 78000 potential candidates 
INFO  00:45:12,425 MuTect - [MUTECT] Processed 198009038 reads in 585 ms 
INFO  00:45:13,200 MuTect - [MUTECT] Processed 199009146 reads in 776 ms 
INFO  00:45:14,145 MuTect - [MUTECT] Processed 200009168 reads in 945 ms 
INFO  00:45:14,244 MuTect - [MUTECT] Inspected 79000 potential candidates 
INFO  00:45:15,682 MuTect - [MUTECT] Processed 201009169 reads in 1537 ms 
INFO  00:45:16,846 MuTect - [MUTECT] Processed 202009202 reads in 1164 ms 
INFO  00:45:17,587 MuTect - [MUTECT] Processed 203009248 reads in 741 ms 
INFO  00:45:17,610 MuTect - [MUTECT] Inspected 80000 potential candidates 
INFO  00:45:18,027 ProgressMeter -  chr11:89911909        1.90e+09   19.5 m        0.0 s     59.0%        33.1 m    13.6 m 
INFO  00:45:18,106 MuTect - [MUTECT] Processed 204009331 reads in 519 ms 
INFO  00:45:18,756 MuTect - [MUTECT] Processed 205009338 reads in 650 ms 
INFO  00:45:21,004 MuTect - [MUTECT] Processed 206009413 reads in 2248 ms 
INFO  00:45:21,713 MuTect - [MUTECT] Processed 207009537 reads in 709 ms 
INFO  00:45:21,760 MuTect - [MUTECT] Inspected 81000 potential candidates 
INFO  00:45:22,393 MuTect - [MUTECT] Processed 208009542 reads in 680 ms 
INFO  00:45:23,309 MuTect - [MUTECT] Processed 209009559 reads in 916 ms 
INFO  00:45:23,764 MuTect - [MUTECT] Inspected 82000 potential candidates 
INFO  00:45:24,033 MuTect - [MUTECT] Processed 210009618 reads in 724 ms 
INFO  00:45:24,859 MuTect - [MUTECT] Processed 211009630 reads in 826 ms 
INFO  00:45:25,649 MuTect - [MUTECT] Processed 212009693 reads in 790 ms 
INFO  00:45:25,722 MuTect - [MUTECT] Inspected 83000 potential candidates 
INFO  00:45:26,669 MuTect - [MUTECT] Processed 213009715 reads in 1020 ms 
INFO  00:45:27,518 MuTect - [MUTECT] Processed 214009731 reads in 849 ms 
INFO  00:45:29,422 MuTect - [MUTECT] Inspected 84000 potential candidates 
INFO  00:45:30,888 MuTect - [MUTECT] Processed 215009772 reads in 3370 ms 
INFO  00:45:32,154 MuTect - [MUTECT] Processed 216009792 reads in 1266 ms 
INFO  00:45:32,830 MuTect - [MUTECT] Inspected 85000 potential candidates 
INFO  00:45:33,149 MuTect - [MUTECT] Processed 217009835 reads in 995 ms 
INFO  00:45:33,893 MuTect - [MUTECT] Processed 218009839 reads in 744 ms 
INFO  00:45:34,520 MuTect - [MUTECT] Processed 219009849 reads in 627 ms 
INFO  00:45:34,596 MuTect - [MUTECT] Inspected 86000 potential candidates 
INFO  00:45:35,182 MuTect - [MUTECT] Processed 220009853 reads in 662 ms 
INFO  00:45:35,785 MuTect - [MUTECT] Processed 221009923 reads in 603 ms 
INFO  00:45:36,597 MuTect - [MUTECT] Inspected 87000 potential candidates 
INFO  00:45:37,417 MuTect - [MUTECT] Processed 222009923 reads in 1632 ms 
INFO  00:45:38,520 MuTect - [MUTECT] Processed 223009936 reads in 1103 ms 
INFO  00:45:39,546 MuTect - [MUTECT] Inspected 88000 potential candidates 
INFO  00:45:39,981 MuTect - [MUTECT] Processed 224009964 reads in 1461 ms 
INFO  00:45:41,040 MuTect - [MUTECT] Processed 225010053 reads in 1059 ms 
INFO  00:45:41,683 MuTect - [MUTECT] Inspected 89000 potential candidates 
INFO  00:45:41,725 MuTect - [MUTECT] Processed 226010059 reads in 685 ms 
INFO  00:45:42,263 MuTect - [MUTECT] Processed 227010189 reads in 538 ms 
INFO  00:45:42,823 MuTect - [MUTECT] Processed 228010253 reads in 560 ms 
INFO  00:45:43,134 MuTect - [MUTECT] Inspected 90000 potential candidates 
INFO  00:45:44,384 MuTect - [MUTECT] Processed 229010255 reads in 1561 ms 
INFO  00:45:45,355 MuTect - [MUTECT] Processed 230010255 reads in 971 ms 
INFO  00:45:46,187 MuTect - [MUTECT] Inspected 91000 potential candidates 
INFO  00:45:46,468 MuTect - [MUTECT] Processed 231010279 reads in 1113 ms 
INFO  00:45:47,037 MuTect - [MUTECT] Processed 232010338 reads in 569 ms 
INFO  00:45:47,612 MuTect - [MUTECT] Processed 233010366 reads in 575 ms 
INFO  00:45:47,627 MuTect - [MUTECT] Inspected 92000 potential candidates 
INFO  00:45:48,028 ProgressMeter - chr11:112210533        1.92e+09   20.0 m        0.0 s     59.7%        33.6 m    13.5 m 
INFO  00:45:49,077 MuTect - [MUTECT] Processed 234010368 reads in 1465 ms 
INFO  00:45:49,676 MuTect - [MUTECT] Processed 235010436 reads in 599 ms 
INFO  00:45:49,971 MuTect - [MUTECT] Inspected 93000 potential candidates 
INFO  00:45:50,375 MuTect - [MUTECT] Processed 236010474 reads in 699 ms 
INFO  00:45:51,295 MuTect - [MUTECT] Processed 237010474 reads in 920 ms 
INFO  00:45:51,652 MuTect - [MUTECT] Inspected 94000 potential candidates 
INFO  00:45:52,312 MuTect - [MUTECT] Processed 238010498 reads in 1017 ms 
INFO  00:45:53,920 MuTect - [MUTECT] Processed 239010652 reads in 1608 ms 
INFO  00:45:54,272 MuTect - [MUTECT] Inspected 95000 potential candidates 
INFO  00:45:54,792 MuTect - [MUTECT] Processed 240010687 reads in 872 ms 
INFO  00:45:55,400 MuTect - [MUTECT] Processed 241010688 reads in 608 ms 
INFO  00:45:55,890 MuTect - [MUTECT] Inspected 96000 potential candidates 
INFO  00:45:55,972 MuTect - [MUTECT] Processed 242010728 reads in 572 ms 
INFO  00:45:56,889 MuTect - [MUTECT] Processed 243010751 reads in 917 ms 
INFO  00:45:57,547 MuTect - [MUTECT] Inspected 97000 potential candidates 
INFO  00:45:57,610 MuTect - [MUTECT] Processed 244010752 reads in 721 ms 
INFO  00:45:58,147 MuTect - [MUTECT] Processed 245010753 reads in 537 ms 
INFO  00:45:58,651 MuTect - [MUTECT] Processed 246010774 reads in 503 ms 
INFO  00:45:58,845 MuTect - [MUTECT] Inspected 98000 potential candidates 
INFO  00:45:59,238 MuTect - [MUTECT] Processed 247010783 reads in 588 ms 
INFO  00:45:59,979 MuTect - [MUTECT] Processed 248010844 reads in 741 ms 
INFO  00:46:00,211 MuTect - [MUTECT] Inspected 99000 potential candidates 
INFO  00:46:00,618 MuTect - [MUTECT] Processed 249010881 reads in 639 ms 
INFO  00:46:01,151 MuTect - [MUTECT] Processed 250011011 reads in 533 ms 
INFO  00:46:01,460 MuTect - [MUTECT] Inspected 100000 potential candidates 
INFO  00:46:01,615 MuTect - [MUTECT] Processed 251011086 reads in 464 ms 
INFO  00:46:02,173 MuTect - [MUTECT] Processed 252011209 reads in 558 ms 
INFO  00:46:02,842 MuTect - [MUTECT] Inspected 101000 potential candidates 
INFO  00:46:02,974 MuTect - [MUTECT] Processed 253011269 reads in 801 ms 
INFO  00:46:03,891 MuTect - [MUTECT] Processed 254011301 reads in 917 ms 
INFO  00:46:04,839 MuTect - [MUTECT] Processed 255011316 reads in 948 ms 
INFO  00:46:04,930 MuTect - [MUTECT] Inspected 102000 potential candidates 
INFO  00:46:05,541 MuTect - [MUTECT] Processed 256011358 reads in 702 ms 
INFO  00:46:06,852 MuTect - [MUTECT] Processed 257011408 reads in 1311 ms 
INFO  00:46:07,172 MuTect - [MUTECT] Inspected 103000 potential candidates 
INFO  00:46:07,837 MuTect - [MUTECT] Processed 258011493 reads in 985 ms 
INFO  00:46:08,977 MuTect - [MUTECT] Processed 259011493 reads in 1140 ms 
INFO  00:46:09,034 MuTect - [MUTECT] Inspected 104000 potential candidates 
INFO  00:46:09,625 MuTect - [MUTECT] Processed 260011606 reads in 648 ms 
INFO  00:46:10,295 MuTect - [MUTECT] Processed 261011606 reads in 670 ms 
INFO  00:46:10,777 MuTect - [MUTECT] Inspected 105000 potential candidates 
INFO  00:46:10,982 MuTect - [MUTECT] Processed 262011643 reads in 687 ms 
INFO  00:46:11,553 MuTect - [MUTECT] Processed 263011708 reads in 571 ms 
INFO  00:46:12,206 MuTect - [MUTECT] Inspected 106000 potential candidates 
INFO  00:46:12,389 MuTect - [MUTECT] Processed 264011793 reads in 836 ms 
INFO  00:46:13,157 MuTect - [MUTECT] Processed 265011855 reads in 768 ms 
INFO  00:46:13,786 MuTect - [MUTECT] Processed 266011862 reads in 629 ms 
INFO  00:46:13,792 MuTect - [MUTECT] Inspected 107000 potential candidates 
INFO  00:46:14,465 MuTect - [MUTECT] Processed 267011870 reads in 679 ms 
INFO  00:46:16,522 MuTect - [MUTECT] Processed 268011872 reads in 2057 ms 
INFO  00:46:16,814 MuTect - [MUTECT] Inspected 108000 potential candidates 
INFO  00:46:17,285 MuTect - [MUTECT] Processed 269011937 reads in 763 ms 
INFO  00:46:18,029 ProgressMeter - chr11:129549889        1.94e+09   20.5 m        0.0 s     60.2%        34.1 m    13.6 m 
INFO  00:46:18,520 MuTect - [MUTECT] Processed 270011942 reads in 1235 ms 
INFO  00:46:18,714 MuTect - [MUTECT] Inspected 109000 potential candidates 
INFO  00:46:19,260 MuTect - [MUTECT] Processed 271011992 reads in 740 ms 
INFO  00:46:20,022 MuTect - [MUTECT] Processed 272012041 reads in 762 ms 
INFO  00:46:20,535 MuTect - [MUTECT] Inspected 110000 potential candidates 
INFO  00:46:21,926 MuTect - [MUTECT] Processed 273012068 reads in 1904 ms 
INFO  00:46:23,519 MuTect - [MUTECT] Processed 274012134 reads in 1593 ms 
INFO  00:46:23,875 MuTect - [MUTECT] Inspected 111000 potential candidates 
INFO  00:46:24,130 MuTect - [MUTECT] Processed 275012139 reads in 611 ms 
INFO  00:46:48,057 ProgressMeter -  chr12:38116601        1.94e+09   21.0 m        0.0 s     61.6%        34.1 m    13.1 m 
INFO  00:47:18,113 ProgressMeter -  chr12:91680301        1.94e+09   21.5 m        0.0 s     63.3%        34.0 m    12.5 m 
INFO  00:47:48,114 ProgressMeter -  chr13:12383301        2.08e+09   22.0 m        0.0 s     64.9%        33.9 m    11.9 m 
INFO  00:48:18,115 ProgressMeter -  chr13:68860501        2.08e+09   22.5 m        0.0 s     66.7%        33.8 m    11.3 m 
INFO  00:48:48,116 ProgressMeter -   chr14:9587901        2.19e+09   23.0 m        0.0 s     68.4%        33.7 m    10.6 m 
INFO  00:49:18,118 ProgressMeter -  chr14:64638401        2.19e+09   23.5 m        0.0 s     70.1%        33.6 m    10.0 m 
INFO  00:49:48,119 ProgressMeter -   chr15:3624001        2.30e+09   24.0 m        0.0 s     71.6%        33.6 m     9.6 m 
INFO  00:50:18,268 ProgressMeter -  chr15:64269501        2.30e+09   24.5 m        0.0 s     73.4%        33.4 m     8.9 m 
INFO  00:50:48,336 ProgressMeter -  chr16:13113701        2.40e+09   25.0 m        0.0 s     75.0%        33.4 m     8.3 m 
INFO  00:51:18,337 ProgressMeter -  chr16:69865001        2.40e+09   25.5 m        0.0 s     76.8%        33.3 m     7.7 m 
INFO  00:51:48,338 ProgressMeter -  chr17:29295401        2.49e+09   26.0 m        0.0 s     78.3%        33.2 m     7.2 m 
INFO  00:52:18,340 ProgressMeter -  chr17:82024901        2.49e+09   26.5 m        0.0 s     80.0%        33.2 m     6.6 m 
INFO  00:52:48,349 ProgressMeter -  chr18:53205201        2.57e+09   27.0 m        0.0 s     81.7%        33.1 m     6.1 m 
INFO  00:53:18,351 ProgressMeter -  chr19:21771001        2.65e+09   27.5 m        0.0 s     83.2%        33.1 m     5.6 m 
INFO  00:53:48,398 ProgressMeter -  chr20:12231301        2.71e+09   28.0 m        0.0 s     84.7%        33.1 m     5.1 m 
INFO  00:54:18,399 ProgressMeter -  chr20:63604701        2.71e+09   28.5 m        0.0 s     86.3%        33.1 m     4.5 m 
INFO  00:54:48,441 ProgressMeter -   chr22:7399201        2.82e+09   29.0 m        0.0 s     88.0%        33.0 m     4.0 m 
INFO  00:55:18,442 ProgressMeter -    chrX:5696901        2.88e+09   29.5 m        0.0 s     89.5%        33.0 m     3.5 m 
INFO  00:55:48,444 ProgressMeter -   chrX:61696001        2.88e+09   30.0 m        0.0 s     91.3%        32.9 m     2.9 m 
INFO  00:56:18,445 ProgressMeter -  chrX:118406601        2.88e+09   30.5 m        0.0 s     93.0%        32.8 m     2.3 m 
INFO  00:56:48,474 ProgressMeter -   chrY:21655201        3.03e+09   31.0 m        0.0 s     94.9%        32.7 m   100.0 s 
INFO  00:57:18,648 ProgressMeter - chr14_KI270844v1_alt:229501        3.13e+09   31.6 m        0.0 s     97.3%        32.4 m    52.0 s 
INFO  00:57:50,852 ProgressMeter - chrUn_JTFH01000641v1_decoy:701        3.21e+09   32.1 m        0.0 s     99.9%        32.1 m     2.0 s 
INFO  00:57:54,303 Walker - [REDUCE RESULT] Traversal result is: 0 
INFO  00:57:54,664 ProgressMeter -            done        3.22e+09   32.2 m        0.0 s    100.0%        32.2 m     0.0 s 
INFO  00:57:54,664 ProgressMeter - Total runtime 1929.18 secs, 32.15 min, 0.54 hours 
INFO  00:57:54,724 MicroScheduler - 88604 reads were filtered out during the traversal out of approximately 2099814 total reads (4.22%) 
INFO  00:57:54,725 MicroScheduler -   -> 0 reads (0.00% of total) failing BadCigarFilter 
INFO  00:57:54,725 MicroScheduler -   -> 86103 reads (4.10% of total) failing DuplicateReadFilter 
INFO  00:57:54,725 MicroScheduler -   -> 0 reads (0.00% of total) failing FailsVendorQualityCheckFilter 
INFO  00:57:54,725 MicroScheduler -   -> 0 reads (0.00% of total) failing MalformedReadFilter 
INFO  00:57:54,725 MicroScheduler -   -> 1302 reads (0.06% of total) failing NotPrimaryAlignmentFilter 
INFO  00:57:54,725 MicroScheduler -   -> 1199 reads (0.06% of total) failing UnmappedReadFilter 
[Sat Mar 13 00:57:58 2021]
Finished job 0.
1 of 1 steps (100%) done
{'Sample10_ARK1_S37.test': '--variant:mutect /spin1/scratch/tandonm/pipeline_out/tn_test_1/somatic/SNP_Indels/mutect_out/vcf/Sample10_ARK1_S37.test.FINAL.vcf --variant:varscan /spin1/scratch/tandonm/pipeline_out/tn_test_1/somatic/SNP_Indels/varscan_out/vcf/Sample10_ARK1_S37.test.FINAL.vcf --variant:mutect2 /spin1/scratch/tandonm/pipeline_out/tn_test_1/somatic/SNP_Indels/mutect2_out/vcf/Sample10_ARK1_S37.test.FINAL.vcf --variant:strelka /spin1/scratch/tandonm/pipeline_out/tn_test_1/somatic/SNP_Indels/strelka_out/vcf/Sample10_ARK1_S37.test.FINAL.vcf --variant:vardict /spin1/scratch/tandonm/pipeline_out/tn_test_1/somatic/SNP_Indels/vardict_out/vcf/Sample10_ARK1_S37.test.FINAL.vcf', 'Sample11_ACI_158_S38.test': '--variant:mutect /spin1/scratch/tandonm/pipeline_out/tn_test_1/somatic/SNP_Indels/mutect_out/vcf/Sample11_ACI_158_S38.test.FINAL.vcf --variant:varscan /spin1/scratch/tandonm/pipeline_out/tn_test_1/somatic/SNP_Indels/varscan_out/vcf/Sample11_ACI_158_S38.test.FINAL.vcf --variant:mutect2 /spin1/scratch/tandonm/pipeline_out/tn_test_1/somatic/SNP_Indels/mutect2_out/vcf/Sample11_ACI_158_S38.test.FINAL.vcf --variant:strelka /spin1/scratch/tandonm/pipeline_out/tn_test_1/somatic/SNP_Indels/strelka_out/vcf/Sample11_ACI_158_S38.test.FINAL.vcf --variant:vardict /spin1/scratch/tandonm/pipeline_out/tn_test_1/somatic/SNP_Indels/vardict_out/vcf/Sample11_ACI_158_S38.test.FINAL.vcf'}
