Building DAG of jobs...
Using shell: /usr/bin/bash
Provided cores: 4
Rules claiming more threads will be scaled down.
Job counts:
	count	jobs
	1	gatk_mutect2
	1

[Sat Mar 13 00:23:58 2021]
rule gatk_mutect2:
    input: /spin1/scratch/tandonm/pipeline_out/tn_test_1/bams/chrom_split/Sample4_CRL1622_S31.test.chr5.split.bam, /spin1/scratch/tandonm/pipeline_out/tn_test_1/bams/chrom_split/Sample10_ARK1_S37.test.chr5.split.bam
    output: /spin1/scratch/tandonm/pipeline_out/tn_test_1/somatic/SNP_Indels/mutect2_out/chrom_split/Sample10_ARK1_S37.test.chr5.vcf, /spin1/scratch/tandonm/pipeline_out/tn_test_1/somatic/SNP_Indels/mutect2_out/chrom_split/Sample10_ARK1_S37.test.chr5.f1r2.tar.gz, /spin1/scratch/tandonm/pipeline_out/tn_test_1/somatic/SNP_Indels/mutect2_out/chrom_split/Sample10_ARK1_S37.test.chr5.vcf.stats
    jobid: 0
    wildcards: samples=Sample10_ARK1_S37.test, chroms=chr5
    threads: 2

[+] Loading gcc  9.2.0  ... 
[+] Loading GSL 2.6 for GCC 9.2.0 ... 
[-] Unloading gcc  9.2.0  ... 
[+] Loading gcc  9.2.0  ... 
[+] Loading openmpi 3.1.4  for GCC 9.2.0 
[+] Loading ImageMagick  7.0.8  on cn2402 
[+] Loading HDF5  1.10.4 
[-] Unloading gcc  9.2.0  ... 
[+] Loading gcc  9.2.0  ... 
[+] Loading NetCDF 4.7.4_gcc9.2.0 
[+] Loading pandoc  2.11.4  on cn2402 
[+] Loading R 3.6.3 
[+] Loading GATK  4.1.4.1 

GATK/4 includes its own python environment. Loading a different python
environment
after the GATK module will result in some tools failing. Conversely, the python
environment included with GATK/4 will override any python modules you may
already
have loaded.


00:24:03.706 INFO  NativeLibraryLoader - Loading libgkl_compression.so from jar:file:/usr/local/apps/GATK/4.1.4.1/gatk-package-4.1.4.1-local.jar!/com/intel/gkl/native/libgkl_compression.so
Mar 13, 2021 12:24:03 AM shaded.cloud_nio.com.google.auth.oauth2.ComputeEngineCredentials runningOnComputeEngine
INFO: Failed to detect whether we are running on Google Compute Engine.
00:24:03.935 INFO  Mutect2 - ------------------------------------------------------------
00:24:03.935 INFO  Mutect2 - The Genome Analysis Toolkit (GATK) v4.1.4.1
00:24:03.936 INFO  Mutect2 - For support and documentation go to https://software.broadinstitute.org/gatk/
00:24:03.936 INFO  Mutect2 - Executing as tandonm@cn2402 on Linux v3.10.0-862.14.4.el7.x86_64 amd64
00:24:03.936 INFO  Mutect2 - Java runtime: OpenJDK 64-Bit Server VM v1.8.0_181-b13
00:24:03.936 INFO  Mutect2 - Start Date/Time: March 13, 2021 12:24:03 AM EST
00:24:03.936 INFO  Mutect2 - ------------------------------------------------------------
00:24:03.936 INFO  Mutect2 - ------------------------------------------------------------
00:24:03.937 INFO  Mutect2 - HTSJDK Version: 2.21.0
00:24:03.937 INFO  Mutect2 - Picard Version: 2.21.2
00:24:03.937 INFO  Mutect2 - HTSJDK Defaults.COMPRESSION_LEVEL : 2
00:24:03.937 INFO  Mutect2 - HTSJDK Defaults.USE_ASYNC_IO_READ_FOR_SAMTOOLS : false
00:24:03.937 INFO  Mutect2 - HTSJDK Defaults.USE_ASYNC_IO_WRITE_FOR_SAMTOOLS : true
00:24:03.937 INFO  Mutect2 - HTSJDK Defaults.USE_ASYNC_IO_WRITE_FOR_TRIBBLE : false
00:24:03.937 INFO  Mutect2 - Deflater: IntelDeflater
00:24:03.937 INFO  Mutect2 - Inflater: IntelInflater
00:24:03.937 INFO  Mutect2 - GCS max retries/reopens: 20
00:24:03.937 INFO  Mutect2 - Requester pays: disabled
00:24:03.937 INFO  Mutect2 - Initializing engine
00:24:04.694 INFO  FeatureManager - Using codec VCFCodec to read file file:///data/CCBR_Pipeliner/db/PipeDB/lib/hg38.noCOSMIC_ClinVar.pon.vcf.gz
00:24:04.892 INFO  FeatureManager - Using codec VCFCodec to read file file:///data/MA_shared/justin_wes_pipe/somatic-hg38-af-only-gnomad.hg38.vcf.gz
00:24:05.055 INFO  IntervalArgumentCollection - Processing 181538259 bp from intervals
00:24:05.149 INFO  Mutect2 - Done initializing engine
00:24:05.254 INFO  NativeLibraryLoader - Loading libgkl_utils.so from jar:file:/usr/local/apps/GATK/4.1.4.1/gatk-package-4.1.4.1-local.jar!/com/intel/gkl/native/libgkl_utils.so
00:24:05.256 INFO  NativeLibraryLoader - Loading libgkl_pairhmm_omp.so from jar:file:/usr/local/apps/GATK/4.1.4.1/gatk-package-4.1.4.1-local.jar!/com/intel/gkl/native/libgkl_pairhmm_omp.so
00:24:05.319 INFO  IntelPairHmm - Using CPU-supported AVX-512 instructions
00:24:05.319 INFO  IntelPairHmm - Flush-to-zero (FTZ) is enabled when running PairHMM
00:24:05.320 INFO  IntelPairHmm - Available threads: 2
00:24:05.320 INFO  IntelPairHmm - Requested threads: 4
00:24:05.320 WARN  IntelPairHmm - Using 2 available threads, but 4 were requested
00:24:05.320 INFO  PairHMM - Using the OpenMP multi-threaded AVX-accelerated native PairHMM implementation
00:24:05.477 INFO  ProgressMeter - Starting traversal
00:24:05.477 INFO  ProgressMeter -        Current Locus  Elapsed Minutes     Regions Processed   Regions/Minute
00:24:15.908 INFO  ProgressMeter -          chr5:795773              0.2                  2880          16566.0
00:24:25.908 INFO  ProgressMeter -         chr5:5658755              0.3                 19690          57823.9
00:24:35.917 INFO  ProgressMeter -        chr5:13762723              0.5                 47630          93883.0
00:24:45.920 INFO  ProgressMeter -        chr5:19573150              0.7                 67920         100764.0
00:24:55.925 INFO  ProgressMeter -        chr5:31532494              0.8                108840         129448.1
00:25:05.928 INFO  ProgressMeter -        chr5:36154340              1.0                125240         124307.7
00:25:15.939 INFO  ProgressMeter -        chr5:41070388              1.2                142550         121384.6
00:25:25.939 INFO  ProgressMeter -        chr5:52459490              1.3                181400         135268.8
00:25:36.026 INFO  ProgressMeter -        chr5:58458216              1.5                202390         134108.6
00:25:46.028 INFO  ProgressMeter -        chr5:66481192              1.7                230150         137333.3
00:25:56.045 INFO  ProgressMeter -        chr5:74748596              1.8                258690         140378.8
00:26:06.052 INFO  ProgressMeter -        chr5:79401764              2.0                275240         136964.9
00:26:16.056 INFO  ProgressMeter -        chr5:86055897              2.2                298390         137107.8
00:26:26.099 INFO  ProgressMeter -        chr5:95653574              2.3                331340         141374.7
00:26:36.099 INFO  ProgressMeter -       chr5:104289106              2.5                361090         143839.5
00:26:46.106 INFO  ProgressMeter -       chr5:112769675              2.7                390320         145796.8
00:26:56.106 INFO  ProgressMeter -       chr5:118692335              2.8                410920         144496.0
00:27:06.106 INFO  ProgressMeter -       chr5:127319445              3.0                440830         146431.6
00:27:16.113 INFO  ProgressMeter -       chr5:133004107              3.2                460680         144992.6
00:27:26.149 INFO  ProgressMeter -       chr5:138254525              3.3                479240         143290.5
00:27:36.255 INFO  ProgressMeter -       chr5:140831420              3.5                488700         139113.2
00:27:46.269 INFO  ProgressMeter -       chr5:141865404              3.7                492570         133855.4
00:27:56.285 INFO  ProgressMeter -       chr5:148675089              3.8                516320         134220.7
00:28:06.285 INFO  ProgressMeter -       chr5:151719689              4.0                527320         131387.7
00:28:16.288 INFO  ProgressMeter -       chr5:157784190              4.2                548570         131231.1
00:28:26.290 INFO  ProgressMeter -       chr5:166946941              4.3                580260         133488.7
00:28:36.302 INFO  ProgressMeter -       chr5:172105921              4.5                598450         132583.8
00:28:46.302 INFO  ProgressMeter -       chr5:176859603              4.7                615340         131471.2
00:28:56.315 INFO  ProgressMeter -       chr5:179078985              4.8                623560         128640.7
00:29:05.105 INFO  Mutect2 - 132737 read(s) filtered by: (((((((((((MappingQualityReadFilter AND MappingQualityAvailableReadFilter) AND MappingQualityNotZeroReadFilter) AND MappedReadFilter) AND NotSecondaryAlignmentReadFilter) AND NotDuplicateReadFilter) AND PassesVendorQualityCheckReadFilter) AND NonChimericOriginalAlignmentReadFilter) AND NonZeroReferenceLengthAlignmentReadFilter) AND ReadLengthReadFilter) AND GoodCigarReadFilter) AND WellformedReadFilter)
  132737 read(s) filtered by: ((((((((((MappingQualityReadFilter AND MappingQualityAvailableReadFilter) AND MappingQualityNotZeroReadFilter) AND MappedReadFilter) AND NotSecondaryAlignmentReadFilter) AND NotDuplicateReadFilter) AND PassesVendorQualityCheckReadFilter) AND NonChimericOriginalAlignmentReadFilter) AND NonZeroReferenceLengthAlignmentReadFilter) AND ReadLengthReadFilter) AND GoodCigarReadFilter)
      132737 read(s) filtered by: (((((((((MappingQualityReadFilter AND MappingQualityAvailableReadFilter) AND MappingQualityNotZeroReadFilter) AND MappedReadFilter) AND NotSecondaryAlignmentReadFilter) AND NotDuplicateReadFilter) AND PassesVendorQualityCheckReadFilter) AND NonChimericOriginalAlignmentReadFilter) AND NonZeroReferenceLengthAlignmentReadFilter) AND ReadLengthReadFilter)
          123790 read(s) filtered by: ((((((((MappingQualityReadFilter AND MappingQualityAvailableReadFilter) AND MappingQualityNotZeroReadFilter) AND MappedReadFilter) AND NotSecondaryAlignmentReadFilter) AND NotDuplicateReadFilter) AND PassesVendorQualityCheckReadFilter) AND NonChimericOriginalAlignmentReadFilter) AND NonZeroReferenceLengthAlignmentReadFilter)
              123790 read(s) filtered by: (((((((MappingQualityReadFilter AND MappingQualityAvailableReadFilter) AND MappingQualityNotZeroReadFilter) AND MappedReadFilter) AND NotSecondaryAlignmentReadFilter) AND NotDuplicateReadFilter) AND PassesVendorQualityCheckReadFilter) AND NonChimericOriginalAlignmentReadFilter)
                  123790 read(s) filtered by: ((((((MappingQualityReadFilter AND MappingQualityAvailableReadFilter) AND MappingQualityNotZeroReadFilter) AND MappedReadFilter) AND NotSecondaryAlignmentReadFilter) AND NotDuplicateReadFilter) AND PassesVendorQualityCheckReadFilter)
                      123790 read(s) filtered by: (((((MappingQualityReadFilter AND MappingQualityAvailableReadFilter) AND MappingQualityNotZeroReadFilter) AND MappedReadFilter) AND NotSecondaryAlignmentReadFilter) AND NotDuplicateReadFilter)
                          49697 read(s) filtered by: ((((MappingQualityReadFilter AND MappingQualityAvailableReadFilter) AND MappingQualityNotZeroReadFilter) AND MappedReadFilter) AND NotSecondaryAlignmentReadFilter)
                              48808 read(s) filtered by: (((MappingQualityReadFilter AND MappingQualityAvailableReadFilter) AND MappingQualityNotZeroReadFilter) AND MappedReadFilter)
                                  48808 read(s) filtered by: ((MappingQualityReadFilter AND MappingQualityAvailableReadFilter) AND MappingQualityNotZeroReadFilter)
                                      48808 read(s) filtered by: (MappingQualityReadFilter AND MappingQualityAvailableReadFilter)
                                          48808 read(s) filtered by: MappingQualityReadFilter 
                              889 read(s) filtered by: NotSecondaryAlignmentReadFilter 
                          74093 read(s) filtered by: NotDuplicateReadFilter 
          8947 read(s) filtered by: ReadLengthReadFilter 

00:29:05.106 INFO  ProgressMeter -       chr5:181536330              5.0                632526         126661.8
00:29:05.106 INFO  ProgressMeter - Traversal complete. Processed 632526 total regions in 5.0 minutes.
00:29:05.381 INFO  VectorLoglessPairHMM - Time spent in setup for JNI call : 0.097085741
00:29:05.381 INFO  PairHMM - Total compute time in PairHMM computeLogLikelihoods() : 7.318178023000001
00:29:05.382 INFO  SmithWatermanAligner - Total compute time in java Smith-Waterman : 15.71 sec
00:29:05.382 INFO  Mutect2 - Shutting down engine
[March 13, 2021 12:29:05 AM EST] org.broadinstitute.hellbender.tools.walkers.mutect.Mutect2 done. Elapsed time: 5.03 minutes.
Runtime.totalMemory()=1971847168
Tool returned:
SUCCESS
Using GATK jar /usr/local/apps/GATK/4.1.4.1/gatk-package-4.1.4.1-local.jar
Running:
    java -Dsamjdk.use_async_io_read_samtools=false -Dsamjdk.use_async_io_write_samtools=true -Dsamjdk.use_async_io_write_tribble=false -Dsamjdk.compression_level=2 -jar /usr/local/apps/GATK/4.1.4.1/gatk-package-4.1.4.1-local.jar Mutect2 -R /data/tandonm/pl_test_data/human/genome/hg38/Homo_sapiens_assembly38.fasta -I /spin1/scratch/tandonm/pipeline_out/tn_test_1/bams/chrom_split/Sample10_ARK1_S37.test.chr5.split.bam -I /spin1/scratch/tandonm/pipeline_out/tn_test_1/bams/chrom_split/Sample4_CRL1622_S31.test.chr5.split.bam -normal Sample4_CRL1622_S31.test --panel-of-normals /data/CCBR_Pipeliner/db/PipeDB/lib/hg38.noCOSMIC_ClinVar.pon.vcf.gz --germline-resource /data/MA_shared/justin_wes_pipe/somatic-hg38-af-only-gnomad.hg38.vcf.gz -L chr5 -O /spin1/scratch/tandonm/pipeline_out/tn_test_1/somatic/SNP_Indels/mutect2_out/chrom_split/Sample10_ARK1_S37.test.chr5.vcf --f1r2-tar-gz /spin1/scratch/tandonm/pipeline_out/tn_test_1/somatic/SNP_Indels/mutect2_out/chrom_split/Sample10_ARK1_S37.test.chr5.f1r2.tar.gz --independent-mates
[Sat Mar 13 00:29:05 2021]
Finished job 0.
1 of 1 steps (100%) done
{'Sample10_ARK1_S37.test': '--variant:varscan /spin1/scratch/tandonm/pipeline_out/tn_test_1/somatic/SNP_Indels/varscan_out/vcf/Sample10_ARK1_S37.test.FINAL.vcf --variant:mutect /spin1/scratch/tandonm/pipeline_out/tn_test_1/somatic/SNP_Indels/mutect_out/vcf/Sample10_ARK1_S37.test.FINAL.vcf --variant:mutect2 /spin1/scratch/tandonm/pipeline_out/tn_test_1/somatic/SNP_Indels/mutect2_out/vcf/Sample10_ARK1_S37.test.FINAL.vcf --variant:strelka /spin1/scratch/tandonm/pipeline_out/tn_test_1/somatic/SNP_Indels/strelka_out/vcf/Sample10_ARK1_S37.test.FINAL.vcf --variant:vardict /spin1/scratch/tandonm/pipeline_out/tn_test_1/somatic/SNP_Indels/vardict_out/vcf/Sample10_ARK1_S37.test.FINAL.vcf', 'Sample11_ACI_158_S38.test': '--variant:varscan /spin1/scratch/tandonm/pipeline_out/tn_test_1/somatic/SNP_Indels/varscan_out/vcf/Sample11_ACI_158_S38.test.FINAL.vcf --variant:mutect /spin1/scratch/tandonm/pipeline_out/tn_test_1/somatic/SNP_Indels/mutect_out/vcf/Sample11_ACI_158_S38.test.FINAL.vcf --variant:mutect2 /spin1/scratch/tandonm/pipeline_out/tn_test_1/somatic/SNP_Indels/mutect2_out/vcf/Sample11_ACI_158_S38.test.FINAL.vcf --variant:strelka /spin1/scratch/tandonm/pipeline_out/tn_test_1/somatic/SNP_Indels/strelka_out/vcf/Sample11_ACI_158_S38.test.FINAL.vcf --variant:vardict /spin1/scratch/tandonm/pipeline_out/tn_test_1/somatic/SNP_Indels/vardict_out/vcf/Sample11_ACI_158_S38.test.FINAL.vcf'}
