Building DAG of jobs...
Using shell: /usr/bin/bash
Provided cores: 4
Rules claiming more threads will be scaled down.
Job counts:
	count	jobs
	1	gatk_mutect2
	1

[Sat Mar 13 00:24:54 2021]
rule gatk_mutect2:
    input: /spin1/scratch/tandonm/pipeline_out/tn_test_1/bams/chrom_split/Sample4_CRL1622_S31.test.chr11.split.bam, /spin1/scratch/tandonm/pipeline_out/tn_test_1/bams/chrom_split/Sample10_ARK1_S37.test.chr11.split.bam
    output: /spin1/scratch/tandonm/pipeline_out/tn_test_1/somatic/SNP_Indels/mutect2_out/chrom_split/Sample10_ARK1_S37.test.chr11.vcf, /spin1/scratch/tandonm/pipeline_out/tn_test_1/somatic/SNP_Indels/mutect2_out/chrom_split/Sample10_ARK1_S37.test.chr11.f1r2.tar.gz, /spin1/scratch/tandonm/pipeline_out/tn_test_1/somatic/SNP_Indels/mutect2_out/chrom_split/Sample10_ARK1_S37.test.chr11.vcf.stats
    jobid: 0
    wildcards: samples=Sample10_ARK1_S37.test, chroms=chr11
    threads: 2

[+] Loading gcc  9.2.0  ... 
[+] Loading GSL 2.6 for GCC 9.2.0 ... 
[-] Unloading gcc  9.2.0  ... 
[+] Loading gcc  9.2.0  ... 
[+] Loading openmpi 3.1.4  for GCC 9.2.0 
[+] Loading ImageMagick  7.0.8  on cn2407 
[+] Loading HDF5  1.10.4 
[-] Unloading gcc  9.2.0  ... 
[+] Loading gcc  9.2.0  ... 
[+] Loading NetCDF 4.7.4_gcc9.2.0 
[+] Loading pandoc  2.11.4  on cn2407 
[+] Loading R 3.6.3 
[+] Loading GATK  4.1.4.1 

GATK/4 includes its own python environment. Loading a different python
environment
after the GATK module will result in some tools failing. Conversely, the python
environment included with GATK/4 will override any python modules you may
already
have loaded.


00:24:58.263 INFO  NativeLibraryLoader - Loading libgkl_compression.so from jar:file:/usr/local/apps/GATK/4.1.4.1/gatk-package-4.1.4.1-local.jar!/com/intel/gkl/native/libgkl_compression.so
Mar 13, 2021 12:24:58 AM shaded.cloud_nio.com.google.auth.oauth2.ComputeEngineCredentials runningOnComputeEngine
INFO: Failed to detect whether we are running on Google Compute Engine.
00:24:58.480 INFO  Mutect2 - ------------------------------------------------------------
00:24:58.480 INFO  Mutect2 - The Genome Analysis Toolkit (GATK) v4.1.4.1
00:24:58.480 INFO  Mutect2 - For support and documentation go to https://software.broadinstitute.org/gatk/
00:24:58.480 INFO  Mutect2 - Executing as tandonm@cn2407 on Linux v3.10.0-862.14.4.el7.x86_64 amd64
00:24:58.480 INFO  Mutect2 - Java runtime: OpenJDK 64-Bit Server VM v1.8.0_181-b13
00:24:58.481 INFO  Mutect2 - Start Date/Time: March 13, 2021 12:24:58 AM EST
00:24:58.481 INFO  Mutect2 - ------------------------------------------------------------
00:24:58.481 INFO  Mutect2 - ------------------------------------------------------------
00:24:58.481 INFO  Mutect2 - HTSJDK Version: 2.21.0
00:24:58.481 INFO  Mutect2 - Picard Version: 2.21.2
00:24:58.481 INFO  Mutect2 - HTSJDK Defaults.COMPRESSION_LEVEL : 2
00:24:58.481 INFO  Mutect2 - HTSJDK Defaults.USE_ASYNC_IO_READ_FOR_SAMTOOLS : false
00:24:58.481 INFO  Mutect2 - HTSJDK Defaults.USE_ASYNC_IO_WRITE_FOR_SAMTOOLS : true
00:24:58.481 INFO  Mutect2 - HTSJDK Defaults.USE_ASYNC_IO_WRITE_FOR_TRIBBLE : false
00:24:58.482 INFO  Mutect2 - Deflater: IntelDeflater
00:24:58.482 INFO  Mutect2 - Inflater: IntelInflater
00:24:58.482 INFO  Mutect2 - GCS max retries/reopens: 20
00:24:58.482 INFO  Mutect2 - Requester pays: disabled
00:24:58.482 INFO  Mutect2 - Initializing engine
00:24:59.100 INFO  FeatureManager - Using codec VCFCodec to read file file:///data/CCBR_Pipeliner/db/PipeDB/lib/hg38.noCOSMIC_ClinVar.pon.vcf.gz
00:24:59.317 INFO  FeatureManager - Using codec VCFCodec to read file file:///data/MA_shared/justin_wes_pipe/somatic-hg38-af-only-gnomad.hg38.vcf.gz
00:24:59.468 INFO  IntervalArgumentCollection - Processing 135086622 bp from intervals
00:24:59.563 INFO  Mutect2 - Done initializing engine
00:24:59.684 INFO  NativeLibraryLoader - Loading libgkl_utils.so from jar:file:/usr/local/apps/GATK/4.1.4.1/gatk-package-4.1.4.1-local.jar!/com/intel/gkl/native/libgkl_utils.so
00:24:59.686 INFO  NativeLibraryLoader - Loading libgkl_pairhmm_omp.so from jar:file:/usr/local/apps/GATK/4.1.4.1/gatk-package-4.1.4.1-local.jar!/com/intel/gkl/native/libgkl_pairhmm_omp.so
00:24:59.744 INFO  IntelPairHmm - Using CPU-supported AVX-512 instructions
00:24:59.744 INFO  IntelPairHmm - Flush-to-zero (FTZ) is enabled when running PairHMM
00:24:59.744 INFO  IntelPairHmm - Available threads: 2
00:24:59.744 INFO  IntelPairHmm - Requested threads: 4
00:24:59.744 WARN  IntelPairHmm - Using 2 available threads, but 4 were requested
00:24:59.745 INFO  PairHMM - Using the OpenMP multi-threaded AVX-accelerated native PairHMM implementation
00:24:59.895 INFO  ProgressMeter - Starting traversal
00:24:59.896 INFO  ProgressMeter -        Current Locus  Elapsed Minutes     Regions Processed   Regions/Minute
00:25:09.985 INFO  ProgressMeter -         chr11:790376              0.2                  2890          17188.7
00:25:19.986 INFO  ProgressMeter -        chr11:2165648              0.3                  7840          23415.8
00:25:30.001 INFO  ProgressMeter -        chr11:5001254              0.5                 18040          35954.2
00:25:40.031 INFO  ProgressMeter -        chr11:7044021              0.7                 25300          37822.3
00:25:50.064 INFO  ProgressMeter -       chr11:12296827              0.8                 43810          52395.9
00:26:00.064 INFO  ProgressMeter -       chr11:18630355              1.0                 65860          65676.1
00:26:10.077 INFO  ProgressMeter -       chr11:30419195              1.2                106310          90887.8
00:26:20.077 INFO  ProgressMeter -       chr11:37151132              1.3                129840          97160.2
00:26:30.090 INFO  ProgressMeter -       chr11:47167010              1.5                164480         109418.7
00:26:40.100 INFO  ProgressMeter -       chr11:55828486              1.7                194270         116324.7
00:26:50.106 INFO  ProgressMeter -       chr11:60926471              1.8                212170         115508.6
00:27:00.108 INFO  ProgressMeter -       chr11:63046604              2.0                220050         109831.0
00:27:10.111 INFO  ProgressMeter -       chr11:65293177              2.2                228350         105218.3
00:27:20.117 INFO  ProgressMeter -       chr11:67279821              2.3                235890         100936.4
00:27:30.117 INFO  ProgressMeter -       chr11:70267948              2.5                246770          98562.8
00:27:40.126 INFO  ProgressMeter -       chr11:74113622              2.7                260670          97611.5
00:27:50.132 INFO  ProgressMeter -       chr11:78199704              2.8                275390          97061.7
00:28:00.223 INFO  ProgressMeter -       chr11:88295763              3.0                310270         103235.8
00:28:10.256 INFO  ProgressMeter -       chr11:95980972              3.2                336860         106175.7
00:28:20.258 INFO  ProgressMeter -      chr11:105424676              3.3                369470         110640.7
00:28:30.274 INFO  ProgressMeter -      chr11:112096604              3.5                392900         112055.4
00:28:40.275 INFO  ProgressMeter -      chr11:118183688              3.7                414280         112791.1
00:28:50.300 INFO  ProgressMeter -      chr11:121605177              3.8                426570         111084.0
00:29:00.300 INFO  ProgressMeter -      chr11:126363716              4.0                443430         110671.2
00:29:09.425 INFO  Mutect2 - 151203 read(s) filtered by: (((((((((((MappingQualityReadFilter AND MappingQualityAvailableReadFilter) AND MappingQualityNotZeroReadFilter) AND MappedReadFilter) AND NotSecondaryAlignmentReadFilter) AND NotDuplicateReadFilter) AND PassesVendorQualityCheckReadFilter) AND NonChimericOriginalAlignmentReadFilter) AND NonZeroReferenceLengthAlignmentReadFilter) AND ReadLengthReadFilter) AND GoodCigarReadFilter) AND WellformedReadFilter)
  151203 read(s) filtered by: ((((((((((MappingQualityReadFilter AND MappingQualityAvailableReadFilter) AND MappingQualityNotZeroReadFilter) AND MappedReadFilter) AND NotSecondaryAlignmentReadFilter) AND NotDuplicateReadFilter) AND PassesVendorQualityCheckReadFilter) AND NonChimericOriginalAlignmentReadFilter) AND NonZeroReferenceLengthAlignmentReadFilter) AND ReadLengthReadFilter) AND GoodCigarReadFilter)
      151203 read(s) filtered by: (((((((((MappingQualityReadFilter AND MappingQualityAvailableReadFilter) AND MappingQualityNotZeroReadFilter) AND MappedReadFilter) AND NotSecondaryAlignmentReadFilter) AND NotDuplicateReadFilter) AND PassesVendorQualityCheckReadFilter) AND NonChimericOriginalAlignmentReadFilter) AND NonZeroReferenceLengthAlignmentReadFilter) AND ReadLengthReadFilter)
          141142 read(s) filtered by: ((((((((MappingQualityReadFilter AND MappingQualityAvailableReadFilter) AND MappingQualityNotZeroReadFilter) AND MappedReadFilter) AND NotSecondaryAlignmentReadFilter) AND NotDuplicateReadFilter) AND PassesVendorQualityCheckReadFilter) AND NonChimericOriginalAlignmentReadFilter) AND NonZeroReferenceLengthAlignmentReadFilter)
              141142 read(s) filtered by: (((((((MappingQualityReadFilter AND MappingQualityAvailableReadFilter) AND MappingQualityNotZeroReadFilter) AND MappedReadFilter) AND NotSecondaryAlignmentReadFilter) AND NotDuplicateReadFilter) AND PassesVendorQualityCheckReadFilter) AND NonChimericOriginalAlignmentReadFilter)
                  141142 read(s) filtered by: ((((((MappingQualityReadFilter AND MappingQualityAvailableReadFilter) AND MappingQualityNotZeroReadFilter) AND MappedReadFilter) AND NotSecondaryAlignmentReadFilter) AND NotDuplicateReadFilter) AND PassesVendorQualityCheckReadFilter)
                      141142 read(s) filtered by: (((((MappingQualityReadFilter AND MappingQualityAvailableReadFilter) AND MappingQualityNotZeroReadFilter) AND MappedReadFilter) AND NotSecondaryAlignmentReadFilter) AND NotDuplicateReadFilter)
                          56491 read(s) filtered by: ((((MappingQualityReadFilter AND MappingQualityAvailableReadFilter) AND MappingQualityNotZeroReadFilter) AND MappedReadFilter) AND NotSecondaryAlignmentReadFilter)
                              55649 read(s) filtered by: (((MappingQualityReadFilter AND MappingQualityAvailableReadFilter) AND MappingQualityNotZeroReadFilter) AND MappedReadFilter)
                                  55649 read(s) filtered by: ((MappingQualityReadFilter AND MappingQualityAvailableReadFilter) AND MappingQualityNotZeroReadFilter)
                                      55649 read(s) filtered by: (MappingQualityReadFilter AND MappingQualityAvailableReadFilter)
                                          55649 read(s) filtered by: MappingQualityReadFilter 
                              842 read(s) filtered by: NotSecondaryAlignmentReadFilter 
                          84651 read(s) filtered by: NotDuplicateReadFilter 
          10061 read(s) filtered by: ReadLengthReadFilter 

00:29:09.426 INFO  ProgressMeter -      chr11:135083894              4.2                473659         113892.3
00:29:09.426 INFO  ProgressMeter - Traversal complete. Processed 473659 total regions in 4.2 minutes.
00:29:09.694 INFO  VectorLoglessPairHMM - Time spent in setup for JNI call : 0.090098177
00:29:09.695 INFO  PairHMM - Total compute time in PairHMM computeLogLikelihoods() : 4.67431102
00:29:09.696 INFO  SmithWatermanAligner - Total compute time in java Smith-Waterman : 14.14 sec
00:29:09.696 INFO  Mutect2 - Shutting down engine
[March 13, 2021 12:29:09 AM EST] org.broadinstitute.hellbender.tools.walkers.mutect.Mutect2 done. Elapsed time: 4.19 minutes.
Runtime.totalMemory()=2109734912
Tool returned:
SUCCESS
Using GATK jar /usr/local/apps/GATK/4.1.4.1/gatk-package-4.1.4.1-local.jar
Running:
    java -Dsamjdk.use_async_io_read_samtools=false -Dsamjdk.use_async_io_write_samtools=true -Dsamjdk.use_async_io_write_tribble=false -Dsamjdk.compression_level=2 -jar /usr/local/apps/GATK/4.1.4.1/gatk-package-4.1.4.1-local.jar Mutect2 -R /data/tandonm/pl_test_data/human/genome/hg38/Homo_sapiens_assembly38.fasta -I /spin1/scratch/tandonm/pipeline_out/tn_test_1/bams/chrom_split/Sample10_ARK1_S37.test.chr11.split.bam -I /spin1/scratch/tandonm/pipeline_out/tn_test_1/bams/chrom_split/Sample4_CRL1622_S31.test.chr11.split.bam -normal Sample4_CRL1622_S31.test --panel-of-normals /data/CCBR_Pipeliner/db/PipeDB/lib/hg38.noCOSMIC_ClinVar.pon.vcf.gz --germline-resource /data/MA_shared/justin_wes_pipe/somatic-hg38-af-only-gnomad.hg38.vcf.gz -L chr11 -O /spin1/scratch/tandonm/pipeline_out/tn_test_1/somatic/SNP_Indels/mutect2_out/chrom_split/Sample10_ARK1_S37.test.chr11.vcf --f1r2-tar-gz /spin1/scratch/tandonm/pipeline_out/tn_test_1/somatic/SNP_Indels/mutect2_out/chrom_split/Sample10_ARK1_S37.test.chr11.f1r2.tar.gz --independent-mates
[Sat Mar 13 00:29:10 2021]
Finished job 0.
1 of 1 steps (100%) done
{'Sample10_ARK1_S37.test': '--variant:mutect /spin1/scratch/tandonm/pipeline_out/tn_test_1/somatic/SNP_Indels/mutect_out/vcf/Sample10_ARK1_S37.test.FINAL.vcf --variant:strelka /spin1/scratch/tandonm/pipeline_out/tn_test_1/somatic/SNP_Indels/strelka_out/vcf/Sample10_ARK1_S37.test.FINAL.vcf --variant:vardict /spin1/scratch/tandonm/pipeline_out/tn_test_1/somatic/SNP_Indels/vardict_out/vcf/Sample10_ARK1_S37.test.FINAL.vcf --variant:mutect2 /spin1/scratch/tandonm/pipeline_out/tn_test_1/somatic/SNP_Indels/mutect2_out/vcf/Sample10_ARK1_S37.test.FINAL.vcf --variant:varscan /spin1/scratch/tandonm/pipeline_out/tn_test_1/somatic/SNP_Indels/varscan_out/vcf/Sample10_ARK1_S37.test.FINAL.vcf', 'Sample11_ACI_158_S38.test': '--variant:mutect /spin1/scratch/tandonm/pipeline_out/tn_test_1/somatic/SNP_Indels/mutect_out/vcf/Sample11_ACI_158_S38.test.FINAL.vcf --variant:strelka /spin1/scratch/tandonm/pipeline_out/tn_test_1/somatic/SNP_Indels/strelka_out/vcf/Sample11_ACI_158_S38.test.FINAL.vcf --variant:vardict /spin1/scratch/tandonm/pipeline_out/tn_test_1/somatic/SNP_Indels/vardict_out/vcf/Sample11_ACI_158_S38.test.FINAL.vcf --variant:mutect2 /spin1/scratch/tandonm/pipeline_out/tn_test_1/somatic/SNP_Indels/mutect2_out/vcf/Sample11_ACI_158_S38.test.FINAL.vcf --variant:varscan /spin1/scratch/tandonm/pipeline_out/tn_test_1/somatic/SNP_Indels/varscan_out/vcf/Sample11_ACI_158_S38.test.FINAL.vcf'}
