Building DAG of jobs...
Using shell: /usr/bin/bash
Provided cores: 4
Rules claiming more threads will be scaled down.
Job counts:
	count	jobs
	1	haplotypecaller
	1

[Sat Mar 13 00:20:36 2021]
rule haplotypecaller:
    input: /spin1/scratch/tandonm/pipeline_out/tn_test_1/bams/Sample4_CRL1622_S31.test.recal.bam
    output: /spin1/scratch/tandonm/pipeline_out/tn_test_1/germline/gVCFs/Sample4_CRL1622_S31.test.chr5.g.vcf.gz, /spin1/scratch/tandonm/pipeline_out/tn_test_1/germline/gVCFs/Sample4_CRL1622_S31.test.chr5.g.vcf.gz.tbi
    jobid: 0
    wildcards: samples=Sample4_CRL1622_S31.test, chroms=chr5

[+] Loading gcc  9.2.0  ... 
[+] Loading GSL 2.6 for GCC 9.2.0 ... 
[-] Unloading gcc  9.2.0  ... 
[+] Loading gcc  9.2.0  ... 
[+] Loading openmpi 3.1.4  for GCC 9.2.0 
[+] Loading ImageMagick  7.0.8  on cn2427 
[+] Loading HDF5  1.10.4 
[-] Unloading gcc  9.2.0  ... 
[+] Loading gcc  9.2.0  ... 
[+] Loading NetCDF 4.7.4_gcc9.2.0 
[+] Loading pandoc  2.11.4  on cn2427 
[+] Loading R 3.6.3 
[+] Loading GATK  4.1.4.1 

GATK/4 includes its own python environment. Loading a different python
environment
after the GATK module will result in some tools failing. Conversely, the python
environment included with GATK/4 will override any python modules you may
already
have loaded.


00:20:41.949 WARN  GATKAnnotationPluginDescriptor - Redundant enabled annotation group (StandardAnnotation) is enabled for this tool by default
Mar 13, 2021 12:20:42 AM shaded.cloud_nio.com.google.auth.oauth2.ComputeEngineCredentials runningOnComputeEngine
INFO: Failed to detect whether we are running on Google Compute Engine.
00:20:42.208 INFO  HaplotypeCaller - ------------------------------------------------------------
00:20:42.209 INFO  HaplotypeCaller - The Genome Analysis Toolkit (GATK) v4.1.4.1
00:20:42.209 INFO  HaplotypeCaller - For support and documentation go to https://software.broadinstitute.org/gatk/
00:20:42.209 INFO  HaplotypeCaller - Executing as tandonm@cn2427 on Linux v3.10.0-862.14.4.el7.x86_64 amd64
00:20:42.209 INFO  HaplotypeCaller - Java runtime: OpenJDK 64-Bit Server VM v1.8.0_181-b13
00:20:42.209 INFO  HaplotypeCaller - Start Date/Time: March 13, 2021 12:20:41 AM EST
00:20:42.209 INFO  HaplotypeCaller - ------------------------------------------------------------
00:20:42.209 INFO  HaplotypeCaller - ------------------------------------------------------------
00:20:42.210 INFO  HaplotypeCaller - HTSJDK Version: 2.21.0
00:20:42.210 INFO  HaplotypeCaller - Picard Version: 2.21.2
00:20:42.213 INFO  HaplotypeCaller - HTSJDK Defaults.COMPRESSION_LEVEL : 2
00:20:42.213 INFO  HaplotypeCaller - HTSJDK Defaults.USE_ASYNC_IO_READ_FOR_SAMTOOLS : false
00:20:42.213 INFO  HaplotypeCaller - HTSJDK Defaults.USE_ASYNC_IO_WRITE_FOR_SAMTOOLS : true
00:20:42.213 INFO  HaplotypeCaller - HTSJDK Defaults.USE_ASYNC_IO_WRITE_FOR_TRIBBLE : false
00:20:42.214 INFO  HaplotypeCaller - Deflater: JdkDeflater
00:20:42.215 INFO  HaplotypeCaller - Inflater: JdkInflater
00:20:42.215 INFO  HaplotypeCaller - GCS max retries/reopens: 20
00:20:42.215 INFO  HaplotypeCaller - Requester pays: disabled
00:20:42.215 INFO  HaplotypeCaller - Initializing engine
WARNING	2021-03-13 00:20:42	SamFiles	The index file /gpfs/gsfs7/users/tandonm/pl_test_data/human/bams/Sample4_CRL1622_S31.test.recal.bai was found by resolving the canonical path of a symlink: /spin1/scratch/tandonm/pipeline_out/tn_test_1/bams/Sample4_CRL1622_S31.test.recal.bam -> /gpfs/gsfs7/users/tandonm/pl_test_data/human/bams/Sample4_CRL1622_S31.test.recal.bam
WARNING: BAM index file /gpfs/gsfs7/users/tandonm/pl_test_data/human/bams/Sample4_CRL1622_S31.test.recal.bai is older than BAM /spin1/scratch/tandonm/pipeline_out/tn_test_1/bams/Sample4_CRL1622_S31.test.recal.bam
00:20:42.923 INFO  FeatureManager - Using codec VCFCodec to read file file:///fdb/GATK_resource_bundle/hg38bundle/dbsnp_138.hg38.vcf.gz
00:20:43.143 INFO  IntervalArgumentCollection - Processing 181538259 bp from intervals
00:20:43.188 INFO  HaplotypeCaller - Done initializing engine
00:20:43.190 INFO  HaplotypeCallerEngine - Tool is in reference confidence mode and the annotation, the following changes will be made to any specified annotations: 'StrandBiasBySample' will be enabled. 'ChromosomeCounts', 'FisherStrand', 'StrandOddsRatio' and 'QualByDepth' annotations have been disabled
00:20:43.265 INFO  HaplotypeCallerEngine - Standard Emitting and Calling confidence set to 0.0 for reference-model confidence output
00:20:43.265 INFO  HaplotypeCallerEngine - All sites annotated with PLs forced to true for reference-model confidence output
00:20:43.279 INFO  NativeLibraryLoader - Loading libgkl_utils.so from jar:file:/usr/local/apps/GATK/4.1.4.1/gatk-package-4.1.4.1-local.jar!/com/intel/gkl/native/libgkl_utils.so
00:20:43.282 INFO  NativeLibraryLoader - Loading libgkl_pairhmm_omp.so from jar:file:/usr/local/apps/GATK/4.1.4.1/gatk-package-4.1.4.1-local.jar!/com/intel/gkl/native/libgkl_pairhmm_omp.so
00:20:43.338 INFO  IntelPairHmm - Using CPU-supported AVX-512 instructions
00:20:43.338 INFO  IntelPairHmm - Flush-to-zero (FTZ) is enabled when running PairHMM
00:20:43.339 INFO  IntelPairHmm - Available threads: 1
00:20:43.339 INFO  IntelPairHmm - Requested threads: 4
00:20:43.339 WARN  IntelPairHmm - Using 1 available threads, but 4 were requested
00:20:43.339 INFO  PairHMM - Using the OpenMP multi-threaded AVX-accelerated native PairHMM implementation
00:20:43.432 INFO  ProgressMeter - Starting traversal
00:20:43.432 INFO  ProgressMeter -        Current Locus  Elapsed Minutes     Regions Processed   Regions/Minute
00:20:44.846 WARN  InbreedingCoeff - InbreedingCoeff will not be calculated; at least 10 samples must have called genotypes
00:20:53.449 INFO  ProgressMeter -         chr5:1240605              0.2                  4530          27133.9
00:21:03.450 INFO  ProgressMeter -         chr5:5700170              0.3                 20030          60036.0
00:21:10.889 WARN  DepthPerSampleHC - Annotation will not be calculated, genotype is not called or alleleLikelihoodMap is null
00:21:10.889 WARN  StrandBiasBySample - Annotation will not be calculated, genotype is not called or alleleLikelihoodMap is null
00:21:10.891 WARN  StrandBiasBySample - Annotation will not be calculated, genotype is not called or alleleLikelihoodMap is null
00:21:10.891 WARN  StrandBiasBySample - Annotation will not be calculated, genotype is not called or alleleLikelihoodMap is null
00:21:13.457 INFO  ProgressMeter -        chr5:11056975              0.5                 38730          77395.5
00:21:23.457 INFO  ProgressMeter -        chr5:16494761              0.7                 57620          86376.0
00:21:33.458 INFO  ProgressMeter -        chr5:23372891              0.8                 81450          97689.2
00:21:43.458 INFO  ProgressMeter -        chr5:31853411              1.0                110440         110392.2
00:21:53.468 INFO  ProgressMeter -        chr5:37180151              1.2                129190         110678.9
00:22:03.468 INFO  ProgressMeter -        chr5:43508341              1.3                151190         113341.5
00:22:09.135 WARN  StrandBiasBySample - Annotation will not be calculated, genotype is not called or alleleLikelihoodMap is null
00:22:13.469 INFO  ProgressMeter -        chr5:53806011              1.5                185990         123942.4
00:22:23.471 INFO  ProgressMeter -        chr5:61387343              1.7                212130         127228.4
00:22:33.473 INFO  ProgressMeter -        chr5:69374303              1.8                239640         130664.0
00:22:43.498 INFO  ProgressMeter -        chr5:76703068              2.0                264790         132323.3
00:22:53.497 INFO  ProgressMeter -        chr5:82398230              2.2                284890         131422.0
00:22:58.441 WARN  StrandBiasBySample - Annotation will not be calculated, genotype is not called or alleleLikelihoodMap is null
00:22:58.441 WARN  StrandBiasBySample - Annotation will not be calculated, genotype is not called or alleleLikelihoodMap is null
00:23:03.502 INFO  ProgressMeter -        chr5:91262691              2.3                315100         134975.4
00:23:13.507 INFO  ProgressMeter -        chr5:99534332              2.5                343480         137323.3
00:23:20.621 WARN  StrandBiasBySample - Annotation will not be calculated, genotype is not called or alleleLikelihoodMap is null
00:23:20.623 WARN  StrandBiasBySample - Annotation will not be calculated, genotype is not called or alleleLikelihoodMap is null
00:23:23.508 INFO  ProgressMeter -       chr5:109421224              2.7                377060         141330.4
00:23:33.510 INFO  ProgressMeter -       chr5:115856040              2.8                399370         140889.5
00:23:43.510 INFO  ProgressMeter -       chr5:124282455              3.0                428200         142671.5
00:23:53.515 INFO  ProgressMeter -       chr5:132088368              3.2                455110         143656.2
00:24:03.517 INFO  ProgressMeter -       chr5:138098428              3.3                476180         142793.3
00:24:13.538 INFO  ProgressMeter -       chr5:141247162              3.5                487520         139221.2
00:24:23.545 INFO  ProgressMeter -       chr5:147671857              3.7                509840         138976.5
00:24:33.565 INFO  ProgressMeter -       chr5:152392219              3.8                526530         137276.3
00:24:43.567 INFO  ProgressMeter -       chr5:158306379              4.0                547260         136738.7
00:24:53.568 INFO  ProgressMeter -       chr5:164915878              4.2                570390         136819.2
00:25:03.570 INFO  ProgressMeter -       chr5:170848615              4.3                591250         136369.9
00:25:13.572 INFO  ProgressMeter -       chr5:175502921              4.5                608070         135056.6
00:25:23.600 INFO  ProgressMeter -       chr5:178040767              4.7                617600         132263.5
00:25:33.860 INFO  ProgressMeter -       chr5:180619541              4.8                627510         129638.3
00:25:36.812 INFO  HaplotypeCaller - 53665 read(s) filtered by: ((((((((MappingQualityReadFilter AND MappingQualityAvailableReadFilter) AND MappedReadFilter) AND NotSecondaryAlignmentReadFilter) AND NotDuplicateReadFilter) AND PassesVendorQualityCheckReadFilter) AND NonZeroReferenceLengthAlignmentReadFilter) AND GoodCigarReadFilter) AND WellformedReadFilter)
  53665 read(s) filtered by: (((((((MappingQualityReadFilter AND MappingQualityAvailableReadFilter) AND MappedReadFilter) AND NotSecondaryAlignmentReadFilter) AND NotDuplicateReadFilter) AND PassesVendorQualityCheckReadFilter) AND NonZeroReferenceLengthAlignmentReadFilter) AND GoodCigarReadFilter)
      53665 read(s) filtered by: ((((((MappingQualityReadFilter AND MappingQualityAvailableReadFilter) AND MappedReadFilter) AND NotSecondaryAlignmentReadFilter) AND NotDuplicateReadFilter) AND PassesVendorQualityCheckReadFilter) AND NonZeroReferenceLengthAlignmentReadFilter)
          53665 read(s) filtered by: (((((MappingQualityReadFilter AND MappingQualityAvailableReadFilter) AND MappedReadFilter) AND NotSecondaryAlignmentReadFilter) AND NotDuplicateReadFilter) AND PassesVendorQualityCheckReadFilter)
              53665 read(s) filtered by: ((((MappingQualityReadFilter AND MappingQualityAvailableReadFilter) AND MappedReadFilter) AND NotSecondaryAlignmentReadFilter) AND NotDuplicateReadFilter)
                  21914 read(s) filtered by: (((MappingQualityReadFilter AND MappingQualityAvailableReadFilter) AND MappedReadFilter) AND NotSecondaryAlignmentReadFilter)
                      21516 read(s) filtered by: ((MappingQualityReadFilter AND MappingQualityAvailableReadFilter) AND MappedReadFilter)
                          21516 read(s) filtered by: (MappingQualityReadFilter AND MappingQualityAvailableReadFilter)
                              21516 read(s) filtered by: MappingQualityReadFilter 
                      398 read(s) filtered by: NotSecondaryAlignmentReadFilter 
                  31751 read(s) filtered by: NotDuplicateReadFilter 

00:25:36.812 INFO  ProgressMeter -       chr5:181536869              4.9                630854         129017.8
00:25:36.812 INFO  ProgressMeter - Traversal complete. Processed 630854 total regions in 4.9 minutes.
00:25:36.843 INFO  VectorLoglessPairHMM - Time spent in setup for JNI call : 0.045658511000000006
00:25:36.844 INFO  PairHMM - Total compute time in PairHMM computeLogLikelihoods() : 3.8827463540000005
00:25:36.844 INFO  SmithWatermanAligner - Total compute time in java Smith-Waterman : 4.45 sec
00:25:36.844 INFO  HaplotypeCaller - Shutting down engine
[March 13, 2021 12:25:36 AM EST] org.broadinstitute.hellbender.tools.walkers.haplotypecaller.HaplotypeCaller done. Elapsed time: 4.91 minutes.
Runtime.totalMemory()=2400190464
Using GATK jar /usr/local/apps/GATK/4.1.4.1/gatk-package-4.1.4.1-local.jar
Running:
    java -Dsamjdk.use_async_io_read_samtools=false -Dsamjdk.use_async_io_write_samtools=true -Dsamjdk.use_async_io_write_tribble=false -Dsamjdk.compression_level=2 -Xmx24g -jar /usr/local/apps/GATK/4.1.4.1/gatk-package-4.1.4.1-local.jar HaplotypeCaller --reference /data/tandonm/pl_test_data/human/genome/hg38/Homo_sapiens_assembly38.fasta --input /spin1/scratch/tandonm/pipeline_out/tn_test_1/bams/Sample4_CRL1622_S31.test.recal.bam --use-jdk-inflater --use-jdk-deflater --emit-ref-confidence GVCF --annotation-group StandardAnnotation --annotation-group AS_StandardAnnotation --dbsnp /fdb/GATK_resource_bundle/hg38bundle/dbsnp_138.hg38.vcf.gz --output /spin1/scratch/tandonm/pipeline_out/tn_test_1/germline/gVCFs/Sample4_CRL1622_S31.test.chr5.g.vcf.gz --intervals chr5 --max-alternate-alleles 3
[Sat Mar 13 00:25:37 2021]
Finished job 0.
1 of 1 steps (100%) done
{'Sample10_ARK1_S37.test': '--variant:varscan /spin1/scratch/tandonm/pipeline_out/tn_test_1/somatic/SNP_Indels/varscan_out/vcf/Sample10_ARK1_S37.test.FINAL.vcf --variant:vardict /spin1/scratch/tandonm/pipeline_out/tn_test_1/somatic/SNP_Indels/vardict_out/vcf/Sample10_ARK1_S37.test.FINAL.vcf --variant:mutect /spin1/scratch/tandonm/pipeline_out/tn_test_1/somatic/SNP_Indels/mutect_out/vcf/Sample10_ARK1_S37.test.FINAL.vcf --variant:strelka /spin1/scratch/tandonm/pipeline_out/tn_test_1/somatic/SNP_Indels/strelka_out/vcf/Sample10_ARK1_S37.test.FINAL.vcf --variant:mutect2 /spin1/scratch/tandonm/pipeline_out/tn_test_1/somatic/SNP_Indels/mutect2_out/vcf/Sample10_ARK1_S37.test.FINAL.vcf', 'Sample11_ACI_158_S38.test': '--variant:varscan /spin1/scratch/tandonm/pipeline_out/tn_test_1/somatic/SNP_Indels/varscan_out/vcf/Sample11_ACI_158_S38.test.FINAL.vcf --variant:vardict /spin1/scratch/tandonm/pipeline_out/tn_test_1/somatic/SNP_Indels/vardict_out/vcf/Sample11_ACI_158_S38.test.FINAL.vcf --variant:mutect /spin1/scratch/tandonm/pipeline_out/tn_test_1/somatic/SNP_Indels/mutect_out/vcf/Sample11_ACI_158_S38.test.FINAL.vcf --variant:strelka /spin1/scratch/tandonm/pipeline_out/tn_test_1/somatic/SNP_Indels/strelka_out/vcf/Sample11_ACI_158_S38.test.FINAL.vcf --variant:mutect2 /spin1/scratch/tandonm/pipeline_out/tn_test_1/somatic/SNP_Indels/mutect2_out/vcf/Sample11_ACI_158_S38.test.FINAL.vcf'}
