Building DAG of jobs...
Using shell: /usr/bin/bash
Provided cores: 4
Rules claiming more threads will be scaled down.
Job counts:
	count	jobs
	1	mutect
	1

[Sat Mar 13 00:24:54 2021]
rule mutect:
    input: /spin1/scratch/tandonm/pipeline_out/tn_test_1/bams/chrom_split/Sample4_CRL1622_S31.test.chr2.split.bam, /spin1/scratch/tandonm/pipeline_out/tn_test_1/bams/chrom_split/Sample10_ARK1_S37.test.chr2.split.bam
    output: /spin1/scratch/tandonm/pipeline_out/tn_test_1/somatic/SNP_Indels/mutect_out/chrom_split/Sample10_ARK1_S37.test.chr2.vcf, /spin1/scratch/tandonm/pipeline_out/tn_test_1/somatic/SNP_Indels/mutect_out/chrom_split/Sample10_ARK1_S37.test.chr2.stats.out
    jobid: 0
    wildcards: samples=Sample10_ARK1_S37.test, chroms=chr2


  +--------------------------------------------------------------------------+
           muTect functionality has been merged with GATK since 2015.
                   Please consider using GATK instead.

                     For more information please see:

             https://software.broadinstitute.org/gatk/blog?id=6495
  +--------------------------------------------------------------------------+

[+] Loading java 1.7.0_80  ... 
[+] Loading mutect / 1.1.7  ... 
mem = 2g
tmpdir = /lscratch/10304355/muTect
INFO  00:24:58,586 HelpFormatter - -------------------------------------------------------------------------------- 
INFO  00:24:58,588 HelpFormatter - The Genome Analysis Toolkit (GATK) v3.1-0-g72492bb, Compiled 2014/12/15 20:09:26 
INFO  00:24:58,588 HelpFormatter - Copyright (c) 2010 The Broad Institute 
INFO  00:24:58,588 HelpFormatter - For support and documentation go to http://www.broadinstitute.org/gatk 
INFO  00:24:58,591 HelpFormatter - Program Args: --analysis_type MuTect --reference_sequence /data/tandonm/pl_test_data/human/genome/hg38/Homo_sapiens_assembly38.fasta --normal_panel /data/CCBR_Pipeliner/db/PipeDB/lib/hg38.noCOSMIC_ClinVar.pon.vcf.gz --vcf /spin1/scratch/tandonm/pipeline_out/tn_test_1/somatic/SNP_Indels/mutect_out/chrom_split/Sample10_ARK1_S37.test.chr2.vcf --cosmic /data/CCBR_Pipeliner/db/PipeDB/lib/COSMIC_82_hg38.vcf.gz --dbsnp /fdb/GATK_resource_bundle/hg38bundle/dbsnp_138.hg38.vcf.gz --disable_auto_index_creation_and_locking_when_reading_rods --input_file:normal /spin1/scratch/tandonm/pipeline_out/tn_test_1/bams/chrom_split/Sample4_CRL1622_S31.test.chr2.split.bam --input_file:tumor /spin1/scratch/tandonm/pipeline_out/tn_test_1/bams/chrom_split/Sample10_ARK1_S37.test.chr2.split.bam --out /spin1/scratch/tandonm/pipeline_out/tn_test_1/somatic/SNP_Indels/mutect_out/chrom_split/Sample10_ARK1_S37.test.chr2.stats.out -rf BadCigar 
INFO  00:24:58,594 HelpFormatter - Executing as tandonm@cn2418 on Linux 3.10.0-862.14.4.el7.x86_64 amd64; Java HotSpot(TM) 64-Bit Server VM 1.7.0_80-b15. 
INFO  00:24:58,594 HelpFormatter - Date/Time: 2021/03/13 00:24:58 
INFO  00:24:58,594 HelpFormatter - -------------------------------------------------------------------------------- 
INFO  00:24:58,594 HelpFormatter - -------------------------------------------------------------------------------- 
INFO  00:24:59,011 GenomeAnalysisEngine - Strictness is SILENT 
INFO  00:24:59,309 GenomeAnalysisEngine - Downsampling Settings: Method: BY_SAMPLE, Target Coverage: 1000 
INFO  00:24:59,314 SAMDataSource$SAMReaders - Initializing SAMRecords in serial 
INFO  00:24:59,418 SAMDataSource$SAMReaders - Done initializing BAM readers: total time 0.10 
WARN  00:25:00,158 IndexDictionaryUtils - Track dbsnp doesn't have a sequence dictionary built in, skipping dictionary validation 
WARN  00:25:00,159 IndexDictionaryUtils - Track cosmic doesn't have a sequence dictionary built in, skipping dictionary validation 
WARN  00:25:00,159 IndexDictionaryUtils - Track normal_panel doesn't have a sequence dictionary built in, skipping dictionary validation 
INFO  00:25:00,218 GenomeAnalysisEngine - Preparing for traversal over 2 BAM files 
INFO  00:25:00,579 GenomeAnalysisEngine - Done preparing for traversal 
INFO  00:25:00,579 ProgressMeter - [INITIALIZATION COMPLETE; STARTING PROCESSING] 
INFO  00:25:00,579 ProgressMeter -        Location processed.sites  runtime per.1M.sites completed total.runtime remaining 
INFO  00:25:00,580 MuTect - VERSION INFO: MuTect:1.1.6-4-g69b7a37 Gatk:3.1-0-g72492bb 
INFO  00:25:30,583 ProgressMeter -   chr1:44257901        0.00e+00   30.0 s       49.6 w      1.4%        36.3 m    35.8 m 
INFO  00:26:00,622 ProgressMeter -  chr1:102392101        0.00e+00   60.0 s       99.3 w      3.2%        31.4 m    30.4 m 
INFO  00:26:30,676 ProgressMeter -  chr1:167864801        0.00e+00   90.0 s      149.0 w      5.2%        28.7 m    27.2 m 
INFO  00:27:00,679 ProgressMeter -  chr1:225343601        0.00e+00  120.0 s      198.6 w      7.0%        28.6 m    26.6 m 
INFO  00:27:16,896 MuTect - [MUTECT] Processed 1000006 reads in 136222 ms 
INFO  00:27:18,406 MuTect - [MUTECT] Processed 2000094 reads in 1509 ms 
INFO  00:27:20,046 MuTect - [MUTECT] Inspected 1000 potential candidates 
INFO  00:27:20,270 MuTect - [MUTECT] Processed 3000110 reads in 1865 ms 
INFO  00:27:22,461 MuTect - [MUTECT] Processed 4000111 reads in 2190 ms 
INFO  00:27:25,877 MuTect - [MUTECT] Processed 5000114 reads in 3417 ms 
INFO  00:27:26,163 MuTect - [MUTECT] Inspected 2000 potential candidates 
INFO  00:27:26,912 MuTect - [MUTECT] Processed 6000119 reads in 1035 ms 
INFO  00:27:27,561 MuTect - [MUTECT] Processed 7000156 reads in 649 ms 
INFO  00:27:28,874 MuTect - [MUTECT] Processed 8000160 reads in 1312 ms 
INFO  00:27:29,106 MuTect - [MUTECT] Inspected 3000 potential candidates 
INFO  00:27:30,013 MuTect - [MUTECT] Processed 9000164 reads in 1140 ms 
INFO  00:27:30,681 ProgressMeter -   chr2:10802457        2.60e+08    2.5 m        0.0 s      8.1%        31.0 m    28.5 m 
INFO  00:27:30,894 MuTect - [MUTECT] Processed 10000184 reads in 881 ms 
INFO  00:27:31,942 MuTect - [MUTECT] Processed 11000203 reads in 1048 ms 
INFO  00:27:32,116 MuTect - [MUTECT] Inspected 4000 potential candidates 
INFO  00:27:32,659 MuTect - [MUTECT] Processed 12000217 reads in 716 ms 
INFO  00:27:35,760 MuTect - [MUTECT] Processed 13000346 reads in 3102 ms 
INFO  00:27:36,567 MuTect - [MUTECT] Inspected 5000 potential candidates 
INFO  00:27:36,648 MuTect - [MUTECT] Processed 14000348 reads in 888 ms 
INFO  00:27:38,708 MuTect - [MUTECT] Processed 15000444 reads in 2060 ms 
INFO  00:27:39,953 MuTect - [MUTECT] Processed 16000518 reads in 1245 ms 
INFO  00:27:41,325 MuTect - [MUTECT] Inspected 6000 potential candidates 
INFO  00:27:41,497 MuTect - [MUTECT] Processed 17000523 reads in 1544 ms 
INFO  00:27:42,197 MuTect - [MUTECT] Processed 18000524 reads in 700 ms 
INFO  00:27:43,191 MuTect - [MUTECT] Processed 19000783 reads in 994 ms 
INFO  00:27:43,744 MuTect - [MUTECT] Processed 20000872 reads in 553 ms 
INFO  00:27:43,973 MuTect - [MUTECT] Inspected 7000 potential candidates 
INFO  00:27:44,189 MuTect - [MUTECT] Processed 21001272 reads in 445 ms 
INFO  00:27:44,604 MuTect - [MUTECT] Processed 22001584 reads in 415 ms 
INFO  00:27:45,172 MuTect - [MUTECT] Processed 23001807 reads in 568 ms 
INFO  00:27:45,626 MuTect - [MUTECT] Processed 24001807 reads in 454 ms 
INFO  00:27:47,898 MuTect - [MUTECT] Processed 25001811 reads in 2272 ms 
INFO  00:27:48,187 MuTect - [MUTECT] Inspected 8000 potential candidates 
INFO  00:27:48,608 MuTect - [MUTECT] Processed 26001822 reads in 710 ms 
INFO  00:27:49,200 MuTect - [MUTECT] Processed 27001837 reads in 592 ms 
INFO  00:27:50,102 MuTect - [MUTECT] Processed 28001840 reads in 902 ms 
INFO  00:27:50,599 MuTect - [MUTECT] Inspected 9000 potential candidates 
INFO  00:27:50,971 MuTect - [MUTECT] Processed 29001844 reads in 869 ms 
INFO  00:27:51,789 MuTect - [MUTECT] Processed 30001859 reads in 818 ms 
INFO  00:27:52,796 MuTect - [MUTECT] Processed 31001912 reads in 1007 ms 
INFO  00:27:53,193 MuTect - [MUTECT] Inspected 10000 potential candidates 
INFO  00:27:53,513 MuTect - [MUTECT] Processed 32001975 reads in 717 ms 
INFO  00:27:54,109 MuTect - [MUTECT] Processed 33002016 reads in 596 ms 
INFO  00:27:54,756 MuTect - [MUTECT] Processed 34002017 reads in 647 ms 
INFO  00:27:55,013 MuTect - [MUTECT] Inspected 11000 potential candidates 
INFO  00:27:55,528 MuTect - [MUTECT] Processed 35002125 reads in 772 ms 
INFO  00:27:56,026 MuTect - [MUTECT] Processed 36002164 reads in 498 ms 
INFO  00:27:56,506 MuTect - [MUTECT] Processed 37002249 reads in 480 ms 
INFO  00:27:56,741 MuTect - [MUTECT] Inspected 12000 potential candidates 
INFO  00:27:57,034 MuTect - [MUTECT] Processed 38002334 reads in 528 ms 
INFO  00:27:57,516 MuTect - [MUTECT] Processed 39002763 reads in 482 ms 
INFO  00:27:58,001 MuTect - [MUTECT] Processed 40002784 reads in 485 ms 
INFO  00:27:58,234 MuTect - [MUTECT] Inspected 13000 potential candidates 
INFO  00:27:58,451 MuTect - [MUTECT] Processed 41002803 reads in 450 ms 
INFO  00:27:58,950 MuTect - [MUTECT] Processed 42002912 reads in 499 ms 
INFO  00:27:59,514 MuTect - [MUTECT] Processed 43003086 reads in 564 ms 
INFO  00:28:00,490 MuTect - [MUTECT] Inspected 14000 potential candidates 
INFO  00:28:00,611 MuTect - [MUTECT] Processed 44003119 reads in 1097 ms 
INFO  00:28:00,682 ProgressMeter -   chr2:28597997        2.78e+08    3.0 m        0.0 s      8.6%        34.8 m    31.8 m 
INFO  00:28:01,270 MuTect - [MUTECT] Processed 45003119 reads in 659 ms 
INFO  00:28:02,001 MuTect - [MUTECT] Processed 46003361 reads in 731 ms 
INFO  00:28:02,566 MuTect - [MUTECT] Processed 47003923 reads in 565 ms 
INFO  00:28:03,180 MuTect - [MUTECT] Processed 48004910 reads in 614 ms 
INFO  00:28:03,809 MuTect - [MUTECT] Inspected 15000 potential candidates 
INFO  00:28:03,977 MuTect - [MUTECT] Processed 49005082 reads in 797 ms 
INFO  00:28:05,836 MuTect - [MUTECT] Processed 50005110 reads in 1859 ms 
INFO  00:28:06,708 MuTect - [MUTECT] Processed 51005111 reads in 872 ms 
INFO  00:28:07,057 MuTect - [MUTECT] Inspected 16000 potential candidates 
INFO  00:28:07,752 MuTect - [MUTECT] Processed 52005111 reads in 1044 ms 
INFO  00:28:08,410 MuTect - [MUTECT] Processed 53005138 reads in 658 ms 
INFO  00:28:09,052 MuTect - [MUTECT] Processed 54005145 reads in 642 ms 
INFO  00:28:09,496 MuTect - [MUTECT] Inspected 17000 potential candidates 
INFO  00:28:09,591 MuTect - [MUTECT] Processed 55005166 reads in 539 ms 
INFO  00:28:10,951 MuTect - [MUTECT] Processed 56005180 reads in 1360 ms 
INFO  00:28:11,832 MuTect - [MUTECT] Processed 57005228 reads in 881 ms 
INFO  00:28:13,754 MuTect - [MUTECT] Inspected 18000 potential candidates 
INFO  00:28:14,594 MuTect - [MUTECT] Processed 58005298 reads in 2762 ms 
INFO  00:28:15,399 MuTect - [MUTECT] Processed 59005313 reads in 805 ms 
INFO  00:28:16,015 MuTect - [MUTECT] Processed 60005337 reads in 616 ms 
INFO  00:28:16,390 MuTect - [MUTECT] Inspected 19000 potential candidates 
INFO  00:28:16,576 MuTect - [MUTECT] Processed 61005426 reads in 561 ms 
INFO  00:28:17,721 MuTect - [MUTECT] Processed 62005501 reads in 1145 ms 
INFO  00:28:18,625 MuTect - [MUTECT] Processed 63005508 reads in 904 ms 
INFO  00:28:18,980 MuTect - [MUTECT] Inspected 20000 potential candidates 
INFO  00:28:19,228 MuTect - [MUTECT] Processed 64005510 reads in 603 ms 
INFO  00:28:19,968 MuTect - [MUTECT] Processed 65005599 reads in 740 ms 
INFO  00:28:22,244 MuTect - [MUTECT] Processed 66005599 reads in 2276 ms 
INFO  00:28:22,813 MuTect - [MUTECT] Inspected 21000 potential candidates 
INFO  00:28:23,304 MuTect - [MUTECT] Processed 67005599 reads in 1060 ms 
INFO  00:28:24,418 MuTect - [MUTECT] Processed 68005681 reads in 1114 ms 
INFO  00:28:25,220 MuTect - [MUTECT] Processed 69005688 reads in 802 ms 
INFO  00:28:25,371 MuTect - [MUTECT] Inspected 22000 potential candidates 
INFO  00:28:25,798 MuTect - [MUTECT] Processed 70005796 reads in 578 ms 
INFO  00:28:26,518 MuTect - [MUTECT] Processed 71005801 reads in 720 ms 
INFO  00:28:27,365 MuTect - [MUTECT] Processed 72005803 reads in 847 ms 
INFO  00:28:27,638 MuTect - [MUTECT] Inspected 23000 potential candidates 
INFO  00:28:28,868 MuTect - [MUTECT] Processed 73005803 reads in 1503 ms 
INFO  00:28:29,868 MuTect - [MUTECT] Processed 74005829 reads in 1000 ms 
INFO  00:28:30,684 ProgressMeter -   chr2:47225189        2.96e+08    3.5 m        0.0 s      9.2%        38.0 m    34.5 m 
INFO  00:28:30,795 MuTect - [MUTECT] Inspected 24000 potential candidates 
INFO  00:28:30,910 MuTect - [MUTECT] Processed 75005860 reads in 1041 ms 
INFO  00:28:31,425 MuTect - [MUTECT] Processed 76005886 reads in 516 ms 
INFO  00:28:32,163 MuTect - [MUTECT] Processed 77005893 reads in 738 ms 
INFO  00:28:33,161 MuTect - [MUTECT] Processed 78005912 reads in 998 ms 
INFO  00:28:33,354 MuTect - [MUTECT] Inspected 25000 potential candidates 
INFO  00:28:33,922 MuTect - [MUTECT] Processed 79005920 reads in 761 ms 
INFO  00:28:35,500 MuTect - [MUTECT] Processed 80005943 reads in 1578 ms 
INFO  00:28:38,109 MuTect - [MUTECT] Processed 81005962 reads in 2609 ms 
INFO  00:28:38,237 MuTect - [MUTECT] Inspected 26000 potential candidates 
INFO  00:28:38,648 MuTect - [MUTECT] Processed 82006024 reads in 538 ms 
INFO  00:28:39,641 MuTect - [MUTECT] Processed 83006059 reads in 994 ms 
INFO  00:28:40,313 MuTect - [MUTECT] Processed 84006142 reads in 672 ms 
INFO  00:28:40,722 MuTect - [MUTECT] Inspected 27000 potential candidates 
INFO  00:28:40,986 MuTect - [MUTECT] Processed 85006165 reads in 673 ms 
INFO  00:28:41,761 MuTect - [MUTECT] Processed 86006202 reads in 775 ms 
INFO  00:28:42,795 MuTect - [MUTECT] Processed 87006274 reads in 1034 ms 
INFO  00:28:44,366 MuTect - [MUTECT] Inspected 28000 potential candidates 
INFO  00:28:46,096 MuTect - [MUTECT] Processed 88006303 reads in 3301 ms 
INFO  00:28:46,938 MuTect - [MUTECT] Processed 89006303 reads in 842 ms 
INFO  00:28:47,649 MuTect - [MUTECT] Processed 90006420 reads in 711 ms 
INFO  00:28:47,976 MuTect - [MUTECT] Inspected 29000 potential candidates 
INFO  00:28:48,165 MuTect - [MUTECT] Processed 91006430 reads in 516 ms 
INFO  00:28:49,056 MuTect - [MUTECT] Processed 92006431 reads in 891 ms 
INFO  00:28:50,418 MuTect - [MUTECT] Processed 93006460 reads in 1362 ms 
INFO  00:28:50,861 MuTect - [MUTECT] Inspected 30000 potential candidates 
INFO  00:28:51,459 MuTect - [MUTECT] Processed 94006519 reads in 1041 ms 
INFO  00:28:52,315 MuTect - [MUTECT] Processed 95006595 reads in 856 ms 
INFO  00:28:53,479 MuTect - [MUTECT] Processed 96006616 reads in 1164 ms 
INFO  00:28:53,981 MuTect - [MUTECT] Inspected 31000 potential candidates 
INFO  00:28:54,831 MuTect - [MUTECT] Processed 97006617 reads in 1352 ms 
INFO  00:28:56,752 MuTect - [MUTECT] Processed 98006679 reads in 1921 ms 
INFO  00:28:57,605 MuTect - [MUTECT] Processed 99006707 reads in 853 ms 
INFO  00:28:57,922 MuTect - [MUTECT] Inspected 32000 potential candidates 
INFO  00:28:58,478 MuTect - [MUTECT] Processed 100006736 reads in 873 ms 
INFO  00:28:59,153 MuTect - [MUTECT] Processed 101006803 reads in 675 ms 
INFO  00:29:00,073 MuTect - [MUTECT] Processed 102006829 reads in 920 ms 
INFO  00:29:00,248 MuTect - [MUTECT] Inspected 33000 potential candidates 
INFO  00:29:00,697 ProgressMeter -   chr2:70358745        3.19e+08    4.0 m        0.0 s      9.9%        40.3 m    36.3 m 
INFO  00:29:00,781 MuTect - [MUTECT] Processed 103006879 reads in 708 ms 
INFO  00:29:01,684 MuTect - [MUTECT] Processed 104006904 reads in 903 ms 
INFO  00:29:02,344 MuTect - [MUTECT] Processed 105006976 reads in 660 ms 
INFO  00:29:02,621 MuTect - [MUTECT] Inspected 34000 potential candidates 
INFO  00:29:03,038 MuTect - [MUTECT] Processed 106006992 reads in 694 ms 
INFO  00:29:03,975 MuTect - [MUTECT] Processed 107007020 reads in 937 ms 
INFO  00:29:05,169 MuTect - [MUTECT] Processed 108007020 reads in 1194 ms 
INFO  00:29:05,219 MuTect - [MUTECT] Inspected 35000 potential candidates 
INFO  00:29:05,782 MuTect - [MUTECT] Processed 109007069 reads in 613 ms 
INFO  00:29:06,220 MuTect - [MUTECT] Processed 110007117 reads in 438 ms 
INFO  00:29:06,881 MuTect - [MUTECT] Processed 111007134 reads in 661 ms 
INFO  00:29:07,227 MuTect - [MUTECT] Inspected 36000 potential candidates 
INFO  00:29:07,615 MuTect - [MUTECT] Processed 112007289 reads in 734 ms 
INFO  00:29:08,255 MuTect - [MUTECT] Processed 113007296 reads in 639 ms 
INFO  00:29:08,736 MuTect - [MUTECT] Processed 114007298 reads in 482 ms 
INFO  00:29:08,928 MuTect - [MUTECT] Inspected 37000 potential candidates 
INFO  00:29:09,153 MuTect - [MUTECT] Processed 115007320 reads in 417 ms 
INFO  00:29:09,618 MuTect - [MUTECT] Processed 116007343 reads in 465 ms 
INFO  00:29:10,339 MuTect - [MUTECT] Processed 117007348 reads in 721 ms 
INFO  00:29:10,699 MuTect - [MUTECT] Inspected 38000 potential candidates 
INFO  00:29:11,388 MuTect - [MUTECT] Processed 118007367 reads in 1049 ms 
INFO  00:29:14,502 MuTect - [MUTECT] Processed 119007376 reads in 3114 ms 
INFO  00:29:15,820 MuTect - [MUTECT] Inspected 39000 potential candidates 
INFO  00:29:18,027 MuTect - [MUTECT] Processed 120007423 reads in 3525 ms 
INFO  00:29:18,669 MuTect - [MUTECT] Processed 121007483 reads in 642 ms 
INFO  00:29:19,511 MuTect - [MUTECT] Processed 122007487 reads in 842 ms 
INFO  00:29:19,979 MuTect - [MUTECT] Inspected 40000 potential candidates 
INFO  00:29:20,192 MuTect - [MUTECT] Processed 123007500 reads in 681 ms 
INFO  00:29:20,820 MuTect - [MUTECT] Processed 124007512 reads in 628 ms 
INFO  00:29:21,706 MuTect - [MUTECT] Processed 125007512 reads in 886 ms 
INFO  00:29:22,071 MuTect - [MUTECT] Inspected 41000 potential candidates 
INFO  00:29:22,341 MuTect - [MUTECT] Processed 126007515 reads in 635 ms 
INFO  00:29:23,056 MuTect - [MUTECT] Processed 127007528 reads in 715 ms 
INFO  00:29:23,793 MuTect - [MUTECT] Processed 128007588 reads in 737 ms 
INFO  00:29:24,310 MuTect - [MUTECT] Processed 129007657 reads in 517 ms 
INFO  00:29:25,295 MuTect - [MUTECT] Processed 130007866 reads in 985 ms 
INFO  00:29:25,852 MuTect - [MUTECT] Inspected 42000 potential candidates 
INFO  00:29:25,887 MuTect - [MUTECT] Processed 131007933 reads in 592 ms 
INFO  00:29:26,835 MuTect - [MUTECT] Processed 132007936 reads in 948 ms 
INFO  00:29:27,587 MuTect - [MUTECT] Processed 133007957 reads in 752 ms 
INFO  00:29:28,197 MuTect - [MUTECT] Processed 134008131 reads in 610 ms 
INFO  00:29:28,393 MuTect - [MUTECT] Inspected 43000 potential candidates 
INFO  00:29:28,713 MuTect - [MUTECT] Processed 135008274 reads in 516 ms 
INFO  00:29:29,442 MuTect - [MUTECT] Processed 136008310 reads in 729 ms 
INFO  00:29:30,009 MuTect - [MUTECT] Processed 137008361 reads in 567 ms 
INFO  00:29:30,698 ProgressMeter -   chr2:91486973        3.40e+08    4.5 m        0.0 s     10.6%        42.5 m    38.0 m 
INFO  00:29:32,276 MuTect - [MUTECT] Processed 138008417 reads in 2267 ms 
INFO  00:29:33,057 MuTect - [MUTECT] Inspected 44000 potential candidates 
INFO  00:29:33,333 MuTect - [MUTECT] Processed 139008438 reads in 1057 ms 
INFO  00:29:33,929 MuTect - [MUTECT] Processed 140008442 reads in 596 ms 
INFO  00:29:34,629 MuTect - [MUTECT] Processed 141008443 reads in 700 ms 
INFO  00:29:35,384 MuTect - [MUTECT] Processed 142008443 reads in 755 ms 
INFO  00:29:35,531 MuTect - [MUTECT] Inspected 45000 potential candidates 
INFO  00:29:35,978 MuTect - [MUTECT] Processed 143008445 reads in 594 ms 
INFO  00:29:36,513 MuTect - [MUTECT] Processed 144008519 reads in 535 ms 
INFO  00:29:37,187 MuTect - [MUTECT] Processed 145008604 reads in 674 ms 
INFO  00:29:37,478 MuTect - [MUTECT] Inspected 46000 potential candidates 
INFO  00:29:37,763 MuTect - [MUTECT] Processed 146008655 reads in 576 ms 
INFO  00:29:38,307 MuTect - [MUTECT] Processed 147008699 reads in 544 ms 
INFO  00:29:38,914 MuTect - [MUTECT] Processed 148008728 reads in 607 ms 
INFO  00:29:39,413 MuTect - [MUTECT] Inspected 47000 potential candidates 
INFO  00:29:39,633 MuTect - [MUTECT] Processed 149008728 reads in 719 ms 
INFO  00:29:40,256 MuTect - [MUTECT] Processed 150008758 reads in 623 ms 
INFO  00:29:40,937 MuTect - [MUTECT] Processed 151008763 reads in 681 ms 
INFO  00:29:41,659 MuTect - [MUTECT] Processed 152008841 reads in 722 ms 
INFO  00:29:42,172 MuTect - [MUTECT] Inspected 48000 potential candidates 
INFO  00:29:42,292 MuTect - [MUTECT] Processed 153008866 reads in 633 ms 
INFO  00:29:43,052 MuTect - [MUTECT] Processed 154008953 reads in 760 ms 
INFO  00:29:43,644 MuTect - [MUTECT] Processed 155009008 reads in 592 ms 
INFO  00:29:44,689 MuTect - [MUTECT] Processed 156009069 reads in 1045 ms 
INFO  00:29:45,195 MuTect - [MUTECT] Inspected 49000 potential candidates 
INFO  00:29:45,834 MuTect - [MUTECT] Processed 157009122 reads in 1145 ms 
INFO  00:29:46,717 MuTect - [MUTECT] Processed 158009193 reads in 883 ms 
INFO  00:29:47,662 MuTect - [MUTECT] Processed 159009200 reads in 945 ms 
INFO  00:29:47,874 MuTect - [MUTECT] Inspected 50000 potential candidates 
INFO  00:29:48,395 MuTect - [MUTECT] Processed 160009264 reads in 733 ms 
INFO  00:29:49,054 MuTect - [MUTECT] Processed 161009342 reads in 659 ms 
INFO  00:29:51,161 MuTect - [MUTECT] Processed 162009413 reads in 2107 ms 
INFO  00:29:51,369 MuTect - [MUTECT] Inspected 51000 potential candidates 
INFO  00:29:52,282 MuTect - [MUTECT] Processed 163009434 reads in 1121 ms 
INFO  00:29:53,001 MuTect - [MUTECT] Processed 164009546 reads in 719 ms 
INFO  00:29:54,468 MuTect - [MUTECT] Processed 165009558 reads in 1467 ms 
INFO  00:29:55,310 MuTect - [MUTECT] Processed 166009558 reads in 842 ms 
INFO  00:29:55,357 MuTect - [MUTECT] Inspected 52000 potential candidates 
INFO  00:29:56,100 MuTect - [MUTECT] Processed 167009643 reads in 790 ms 
INFO  00:29:56,646 MuTect - [MUTECT] Processed 168009690 reads in 546 ms 
INFO  00:29:57,520 MuTect - [MUTECT] Processed 169009690 reads in 874 ms 
INFO  00:29:58,018 MuTect - [MUTECT] Inspected 53000 potential candidates 
INFO  00:29:58,329 MuTect - [MUTECT] Processed 170009725 reads in 809 ms 
INFO  00:29:58,809 MuTect - [MUTECT] Processed 171009730 reads in 480 ms 
INFO  00:29:59,509 MuTect - [MUTECT] Processed 172009790 reads in 700 ms 
INFO  00:29:59,993 MuTect - [MUTECT] Processed 173009872 reads in 484 ms 
INFO  00:30:00,757 ProgressMeter -  chr2:111061853        3.60e+08    5.0 m        0.0 s     11.2%        44.7 m    39.7 m 
INFO  00:30:00,843 MuTect - [MUTECT] Processed 174009881 reads in 850 ms 
INFO  00:30:01,863 MuTect - [MUTECT] Processed 175009931 reads in 1020 ms 
INFO  00:30:02,188 MuTect - [MUTECT] Inspected 54000 potential candidates 
INFO  00:30:02,516 MuTect - [MUTECT] Processed 176009931 reads in 653 ms 
INFO  00:30:03,103 MuTect - [MUTECT] Processed 177010092 reads in 586 ms 
INFO  00:30:03,753 MuTect - [MUTECT] Processed 178010117 reads in 651 ms 
INFO  00:30:04,325 MuTect - [MUTECT] Processed 179010149 reads in 572 ms 
INFO  00:30:04,777 MuTect - [MUTECT] Inspected 55000 potential candidates 
INFO  00:30:04,998 MuTect - [MUTECT] Processed 180010149 reads in 673 ms 
INFO  00:30:05,715 MuTect - [MUTECT] Processed 181010183 reads in 717 ms 
INFO  00:30:06,423 MuTect - [MUTECT] Processed 182010264 reads in 708 ms 
INFO  00:30:08,208 MuTect - [MUTECT] Inspected 56000 potential candidates 
INFO  00:30:09,511 MuTect - [MUTECT] Processed 183010265 reads in 3088 ms 
INFO  00:30:10,700 MuTect - [MUTECT] Processed 184010266 reads in 1189 ms 
INFO  00:30:11,803 MuTect - [MUTECT] Processed 185010304 reads in 1103 ms 
INFO  00:30:11,979 MuTect - [MUTECT] Inspected 57000 potential candidates 
INFO  00:30:12,522 MuTect - [MUTECT] Processed 186010338 reads in 719 ms 
INFO  00:30:13,309 MuTect - [MUTECT] Processed 187010396 reads in 787 ms 
INFO  00:30:14,751 MuTect - [MUTECT] Processed 188010448 reads in 1442 ms 
INFO  00:30:14,865 MuTect - [MUTECT] Inspected 58000 potential candidates 
INFO  00:30:15,955 MuTect - [MUTECT] Processed 189010449 reads in 1204 ms 
INFO  00:30:19,864 MuTect - [MUTECT] Processed 190010477 reads in 3909 ms 
INFO  00:30:20,350 MuTect - [MUTECT] Inspected 59000 potential candidates 
INFO  00:30:20,513 MuTect - [MUTECT] Processed 191010492 reads in 649 ms 
INFO  00:30:21,251 MuTect - [MUTECT] Processed 192010558 reads in 738 ms 
INFO  00:30:21,838 MuTect - [MUTECT] Processed 193010571 reads in 587 ms 
INFO  00:30:22,309 MuTect - [MUTECT] Inspected 60000 potential candidates 
INFO  00:30:22,550 MuTect - [MUTECT] Processed 194010668 reads in 711 ms 
INFO  00:30:23,163 MuTect - [MUTECT] Processed 195010674 reads in 614 ms 
INFO  00:30:25,219 MuTect - [MUTECT] Processed 196010718 reads in 2056 ms 
INFO  00:30:25,566 MuTect - [MUTECT] Inspected 61000 potential candidates 
INFO  00:30:25,735 MuTect - [MUTECT] Processed 197010788 reads in 516 ms 
INFO  00:30:26,377 MuTect - [MUTECT] Processed 198010789 reads in 642 ms 
INFO  00:30:26,964 MuTect - [MUTECT] Processed 199010919 reads in 587 ms 
INFO  00:30:27,664 MuTect - [MUTECT] Processed 200010930 reads in 700 ms 
INFO  00:30:28,283 MuTect - [MUTECT] Inspected 62000 potential candidates 
INFO  00:30:28,461 MuTect - [MUTECT] Processed 201011007 reads in 797 ms 
INFO  00:30:29,130 MuTect - [MUTECT] Processed 202011014 reads in 669 ms 
INFO  00:30:29,854 MuTect - [MUTECT] Processed 203011015 reads in 724 ms 
INFO  00:30:30,758 ProgressMeter -  chr2:132451257        3.81e+08    5.5 m        0.0 s     11.9%        46.4 m    40.9 m 
INFO  00:30:31,150 MuTect - [MUTECT] Processed 204011028 reads in 1296 ms 
INFO  00:30:31,153 MuTect - [MUTECT] Inspected 63000 potential candidates 
INFO  00:30:32,733 MuTect - [MUTECT] Processed 205011029 reads in 1583 ms 
INFO  00:30:33,450 MuTect - [MUTECT] Processed 206011043 reads in 717 ms 
INFO  00:30:34,049 MuTect - [MUTECT] Inspected 64000 potential candidates 
INFO  00:30:34,184 MuTect - [MUTECT] Processed 207011050 reads in 734 ms 
INFO  00:30:35,031 MuTect - [MUTECT] Processed 208011050 reads in 847 ms 
INFO  00:30:35,649 MuTect - [MUTECT] Processed 209011092 reads in 618 ms 
INFO  00:30:36,647 MuTect - [MUTECT] Inspected 65000 potential candidates 
INFO  00:30:36,986 MuTect - [MUTECT] Processed 210011092 reads in 1337 ms 
INFO  00:30:38,536 MuTect - [MUTECT] Processed 211011133 reads in 1550 ms 
INFO  00:30:40,294 MuTect - [MUTECT] Processed 212011135 reads in 1758 ms 
INFO  00:30:40,783 MuTect - [MUTECT] Inspected 66000 potential candidates 
INFO  00:30:41,647 MuTect - [MUTECT] Processed 213011135 reads in 1353 ms 
INFO  00:30:43,950 MuTect - [MUTECT] Processed 214011192 reads in 2303 ms 
INFO  00:30:44,479 MuTect - [MUTECT] Processed 215011433 reads in 529 ms 
INFO  00:30:47,197 MuTect - [MUTECT] Inspected 67000 potential candidates 
INFO  00:30:47,615 MuTect - [MUTECT] Processed 216011447 reads in 3136 ms 
INFO  00:30:48,505 MuTect - [MUTECT] Processed 217011461 reads in 890 ms 
INFO  00:30:50,631 MuTect - [MUTECT] Processed 218011468 reads in 2125 ms 
INFO  00:30:51,201 MuTect - [MUTECT] Inspected 68000 potential candidates 
INFO  00:30:51,244 MuTect - [MUTECT] Processed 219011511 reads in 614 ms 
INFO  00:30:51,736 MuTect - [MUTECT] Processed 220011519 reads in 492 ms 
INFO  00:30:52,239 MuTect - [MUTECT] Processed 221011553 reads in 503 ms 
INFO  00:30:52,599 MuTect - [MUTECT] Processed 222011614 reads in 360 ms 
INFO  00:30:53,116 MuTect - [MUTECT] Processed 223011615 reads in 517 ms 
INFO  00:30:53,155 MuTect - [MUTECT] Inspected 69000 potential candidates 
INFO  00:30:53,517 MuTect - [MUTECT] Processed 224011766 reads in 401 ms 
INFO  00:30:54,424 MuTect - [MUTECT] Processed 225011804 reads in 907 ms 
INFO  00:30:55,446 MuTect - [MUTECT] Processed 226011805 reads in 1022 ms 
INFO  00:30:55,601 MuTect - [MUTECT] Inspected 70000 potential candidates 
INFO  00:30:58,495 MuTect - [MUTECT] Processed 227011853 reads in 3049 ms 
INFO  00:30:59,554 MuTect - [MUTECT] Processed 228011865 reads in 1059 ms 
INFO  00:31:00,776 ProgressMeter -  chr2:158359561        4.07e+08    6.0 m        0.0 s     12.7%        47.4 m    41.4 m 
INFO  00:31:00,938 MuTect - [MUTECT] Processed 229011865 reads in 1384 ms 
INFO  00:31:00,963 MuTect - [MUTECT] Inspected 71000 potential candidates 
INFO  00:31:01,951 MuTect - [MUTECT] Processed 230011876 reads in 1013 ms 
INFO  00:31:02,590 MuTect - [MUTECT] Processed 231011891 reads in 639 ms 
INFO  00:31:03,370 MuTect - [MUTECT] Inspected 72000 potential candidates 
INFO  00:31:03,377 MuTect - [MUTECT] Processed 232011897 reads in 787 ms 
INFO  00:31:03,971 MuTect - [MUTECT] Processed 233011915 reads in 594 ms 
INFO  00:31:05,458 MuTect - [MUTECT] Processed 234011922 reads in 1487 ms 
INFO  00:31:06,305 MuTect - [MUTECT] Processed 235012005 reads in 847 ms 
INFO  00:31:06,353 MuTect - [MUTECT] Inspected 73000 potential candidates 
INFO  00:31:06,939 MuTect - [MUTECT] Processed 236012018 reads in 634 ms 
INFO  00:31:07,511 MuTect - [MUTECT] Processed 237012037 reads in 572 ms 
INFO  00:31:09,563 MuTect - [MUTECT] Processed 238012060 reads in 2052 ms 
INFO  00:31:09,610 MuTect - [MUTECT] Inspected 74000 potential candidates 
INFO  00:31:10,244 MuTect - [MUTECT] Processed 239012066 reads in 681 ms 
INFO  00:31:10,923 MuTect - [MUTECT] Processed 240012106 reads in 679 ms 
INFO  00:31:11,683 MuTect - [MUTECT] Processed 241012115 reads in 760 ms 
INFO  00:31:11,815 MuTect - [MUTECT] Inspected 75000 potential candidates 
INFO  00:31:12,253 MuTect - [MUTECT] Processed 242012208 reads in 570 ms 
INFO  00:31:13,024 MuTect - [MUTECT] Processed 243012214 reads in 771 ms 
INFO  00:31:13,959 MuTect - [MUTECT] Processed 244012219 reads in 935 ms 
INFO  00:31:14,951 MuTect - [MUTECT] Inspected 76000 potential candidates 
INFO  00:31:15,210 MuTect - [MUTECT] Processed 245012219 reads in 1251 ms 
INFO  00:31:16,313 MuTect - [MUTECT] Processed 246012242 reads in 1103 ms 
INFO  00:31:16,885 MuTect - [MUTECT] Processed 247012243 reads in 572 ms 
INFO  00:31:17,409 MuTect - [MUTECT] Processed 248012364 reads in 524 ms 
INFO  00:31:17,588 MuTect - [MUTECT] Inspected 77000 potential candidates 
INFO  00:31:18,139 MuTect - [MUTECT] Processed 249012399 reads in 730 ms 
INFO  00:31:18,895 MuTect - [MUTECT] Processed 250012408 reads in 756 ms 
INFO  00:31:19,748 MuTect - [MUTECT] Processed 251012408 reads in 853 ms 
INFO  00:31:19,768 MuTect - [MUTECT] Inspected 78000 potential candidates 
INFO  00:31:20,730 MuTect - [MUTECT] Processed 252012418 reads in 982 ms 
INFO  00:31:21,651 MuTect - [MUTECT] Processed 253012503 reads in 921 ms 
INFO  00:31:22,463 MuTect - [MUTECT] Inspected 79000 potential candidates 
INFO  00:31:22,480 MuTect - [MUTECT] Processed 254012593 reads in 828 ms 
INFO  00:31:23,571 MuTect - [MUTECT] Processed 255012713 reads in 1092 ms 
INFO  00:31:24,434 MuTect - [MUTECT] Processed 256012759 reads in 863 ms 
INFO  00:31:25,220 MuTect - [MUTECT] Processed 257012761 reads in 786 ms 
INFO  00:31:25,544 MuTect - [MUTECT] Inspected 80000 potential candidates 
INFO  00:31:26,397 MuTect - [MUTECT] Processed 258012781 reads in 1177 ms 
INFO  00:31:27,273 MuTect - [MUTECT] Processed 259012782 reads in 876 ms 
INFO  00:31:28,595 MuTect - [MUTECT] Processed 260012801 reads in 1322 ms 
INFO  00:31:28,631 MuTect - [MUTECT] Inspected 81000 potential candidates 
INFO  00:31:29,808 MuTect - [MUTECT] Processed 261012801 reads in 1213 ms 
INFO  00:31:30,594 MuTect - [MUTECT] Processed 262012835 reads in 786 ms 
INFO  00:31:31,344 MuTect - [MUTECT] Processed 263012861 reads in 750 ms 
INFO  00:31:31,543 MuTect - [MUTECT] Inspected 82000 potential candidates 
INFO  00:31:32,053 MuTect - [MUTECT] Processed 264012890 reads in 709 ms 
INFO  00:31:32,605 MuTect - [MUTECT] Processed 265013057 reads in 552 ms 
INFO  00:31:32,976 MuTect - [MUTECT] Processed 266013123 reads in 371 ms 
INFO  00:31:33,140 MuTect - [MUTECT] Inspected 83000 potential candidates 
INFO  00:31:33,396 MuTect - [MUTECT] Processed 267013227 reads in 420 ms 
INFO  00:31:33,757 MuTect - [MUTECT] Processed 268013259 reads in 361 ms 
INFO  00:31:34,201 MuTect - [MUTECT] Processed 269013336 reads in 444 ms 
INFO  00:31:34,522 MuTect - [MUTECT] Inspected 84000 potential candidates 
INFO  00:31:34,561 MuTect - [MUTECT] Processed 270013383 reads in 360 ms 
INFO  00:31:35,075 MuTect - [MUTECT] Processed 271013473 reads in 514 ms 
INFO  00:31:35,440 MuTect - [MUTECT] Processed 272013572 reads in 365 ms 
INFO  00:31:35,840 MuTect - [MUTECT] Processed 273014358 reads in 400 ms 
INFO  00:31:36,243 MuTect - [MUTECT] Inspected 85000 potential candidates 
INFO  00:31:36,287 MuTect - [MUTECT] Processed 274014471 reads in 447 ms 
INFO  00:31:36,655 MuTect - [MUTECT] Processed 275014511 reads in 368 ms 
INFO  00:31:37,153 MuTect - [MUTECT] Processed 276014570 reads in 498 ms 
INFO  00:31:37,619 MuTect - [MUTECT] Processed 277014632 reads in 466 ms 
INFO  00:31:38,057 MuTect - [MUTECT] Inspected 86000 potential candidates 
INFO  00:31:38,058 MuTect - [MUTECT] Processed 278014674 reads in 439 ms 
INFO  00:31:38,494 MuTect - [MUTECT] Processed 279014699 reads in 436 ms 
INFO  00:31:38,865 MuTect - [MUTECT] Processed 280014730 reads in 371 ms 
INFO  00:31:39,236 MuTect - [MUTECT] Processed 281014838 reads in 371 ms 
INFO  00:31:39,643 MuTect - [MUTECT] Inspected 87000 potential candidates 
INFO  00:31:39,679 MuTect - [MUTECT] Processed 282014886 reads in 443 ms 
INFO  00:31:40,170 MuTect - [MUTECT] Processed 283014908 reads in 491 ms 
INFO  00:31:40,777 ProgressMeter -  chr2:179306425        4.28e+08    6.7 m        0.0 s     13.3%        50.1 m    43.4 m 
INFO  00:31:41,213 MuTect - [MUTECT] Processed 284014928 reads in 1043 ms 
INFO  00:31:42,757 MuTect - [MUTECT] Inspected 88000 potential candidates 
INFO  00:31:42,773 MuTect - [MUTECT] Processed 285014944 reads in 1560 ms 
INFO  00:31:43,619 MuTect - [MUTECT] Processed 286014968 reads in 846 ms 
INFO  00:31:44,722 MuTect - [MUTECT] Processed 287014984 reads in 1102 ms 
INFO  00:31:46,490 MuTect - [MUTECT] Processed 288015051 reads in 1769 ms 
INFO  00:31:46,601 MuTect - [MUTECT] Inspected 89000 potential candidates 
INFO  00:31:47,453 MuTect - [MUTECT] Processed 289015107 reads in 963 ms 
INFO  00:31:47,876 MuTect - [MUTECT] Processed 290015168 reads in 423 ms 
INFO  00:31:48,949 MuTect - [MUTECT] Processed 291015205 reads in 1073 ms 
INFO  00:31:49,735 MuTect - [MUTECT] Inspected 90000 potential candidates 
INFO  00:31:50,545 MuTect - [MUTECT] Processed 292015205 reads in 1596 ms 
INFO  00:31:51,536 MuTect - [MUTECT] Processed 293015355 reads in 990 ms 
INFO  00:31:52,058 MuTect - [MUTECT] Processed 294015360 reads in 523 ms 
INFO  00:31:52,897 MuTect - [MUTECT] Inspected 91000 potential candidates 
INFO  00:31:52,940 MuTect - [MUTECT] Processed 295015379 reads in 882 ms 
INFO  00:31:53,548 MuTect - [MUTECT] Processed 296015460 reads in 608 ms 
INFO  00:31:54,525 MuTect - [MUTECT] Processed 297015473 reads in 977 ms 
INFO  00:31:55,309 MuTect - [MUTECT] Processed 298015524 reads in 784 ms 
INFO  00:31:55,336 MuTect - [MUTECT] Inspected 92000 potential candidates 
INFO  00:31:55,986 MuTect - [MUTECT] Processed 299015533 reads in 677 ms 
INFO  00:31:58,349 MuTect - [MUTECT] Processed 300015534 reads in 2363 ms 
INFO  00:31:59,847 MuTect - [MUTECT] Processed 301015603 reads in 1498 ms 
INFO  00:31:59,851 MuTect - [MUTECT] Inspected 93000 potential candidates 
INFO  00:32:00,525 MuTect - [MUTECT] Processed 302015726 reads in 678 ms 
INFO  00:32:01,296 MuTect - [MUTECT] Processed 303015728 reads in 771 ms 
INFO  00:32:01,995 MuTect - [MUTECT] Processed 304015729 reads in 699 ms 
INFO  00:32:02,150 MuTect - [MUTECT] Inspected 94000 potential candidates 
INFO  00:32:02,819 MuTect - [MUTECT] Processed 305015739 reads in 824 ms 
INFO  00:32:03,424 MuTect - [MUTECT] Processed 306015812 reads in 605 ms 
INFO  00:32:05,215 MuTect - [MUTECT] Processed 307015830 reads in 1791 ms 
INFO  00:32:05,527 MuTect - [MUTECT] Inspected 95000 potential candidates 
INFO  00:32:06,266 MuTect - [MUTECT] Processed 308015870 reads in 1051 ms 
INFO  00:32:06,859 MuTect - [MUTECT] Processed 309015893 reads in 593 ms 
INFO  00:32:07,432 MuTect - [MUTECT] Processed 310015896 reads in 573 ms 
INFO  00:32:08,013 MuTect - [MUTECT] Inspected 96000 potential candidates 
INFO  00:32:08,197 MuTect - [MUTECT] Processed 311015941 reads in 765 ms 
INFO  00:32:08,779 MuTect - [MUTECT] Processed 312015963 reads in 582 ms 
INFO  00:32:09,301 MuTect - [MUTECT] Processed 313015996 reads in 522 ms 
INFO  00:32:09,862 MuTect - [MUTECT] Processed 314016003 reads in 561 ms 
INFO  00:32:09,932 MuTect - [MUTECT] Inspected 97000 potential candidates 
INFO  00:32:10,789 ProgressMeter -  chr2:202290281        4.51e+08    7.2 m        0.0 s     14.0%        51.1 m    43.9 m 
INFO  00:32:10,809 MuTect - [MUTECT] Processed 315016185 reads in 947 ms 
INFO  00:32:11,717 MuTect - [MUTECT] Processed 316016185 reads in 908 ms 
INFO  00:32:12,484 MuTect - [MUTECT] Processed 317016346 reads in 766 ms 
INFO  00:32:12,658 MuTect - [MUTECT] Inspected 98000 potential candidates 
INFO  00:32:13,078 MuTect - [MUTECT] Processed 318016374 reads in 595 ms 
INFO  00:32:13,886 MuTect - [MUTECT] Processed 319016437 reads in 808 ms 
INFO  00:32:15,722 MuTect - [MUTECT] Processed 320016519 reads in 1836 ms 
INFO  00:32:15,777 MuTect - [MUTECT] Inspected 99000 potential candidates 
INFO  00:32:16,481 MuTect - [MUTECT] Processed 321016560 reads in 759 ms 
INFO  00:32:17,107 MuTect - [MUTECT] Processed 322016589 reads in 626 ms 
INFO  00:32:17,845 MuTect - [MUTECT] Processed 323016632 reads in 737 ms 
INFO  00:32:18,118 MuTect - [MUTECT] Inspected 100000 potential candidates 
INFO  00:32:18,977 MuTect - [MUTECT] Processed 324016642 reads in 1133 ms 
INFO  00:32:19,764 MuTect - [MUTECT] Processed 325016642 reads in 787 ms 
INFO  00:32:20,508 MuTect - [MUTECT] Processed 326016737 reads in 744 ms 
INFO  00:32:20,547 MuTect - [MUTECT] Inspected 101000 potential candidates 
INFO  00:32:21,477 MuTect - [MUTECT] Processed 327016737 reads in 969 ms 
INFO  00:32:22,319 MuTect - [MUTECT] Processed 328016876 reads in 842 ms 
INFO  00:32:22,849 MuTect - [MUTECT] Processed 329016887 reads in 530 ms 
INFO  00:32:22,892 MuTect - [MUTECT] Inspected 102000 potential candidates 
INFO  00:32:23,676 MuTect - [MUTECT] Processed 330016926 reads in 827 ms 
INFO  00:32:25,027 MuTect - [MUTECT] Processed 331016951 reads in 1351 ms 
INFO  00:32:27,628 MuTect - [MUTECT] Inspected 103000 potential candidates 
INFO  00:32:27,638 MuTect - [MUTECT] Processed 332017032 reads in 2611 ms 
INFO  00:32:28,242 MuTect - [MUTECT] Processed 333017265 reads in 603 ms 
INFO  00:32:28,998 MuTect - [MUTECT] Processed 334017284 reads in 757 ms 
INFO  00:32:29,526 MuTect - [MUTECT] Inspected 104000 potential candidates 
INFO  00:32:29,926 MuTect - [MUTECT] Processed 335017286 reads in 928 ms 
INFO  00:32:30,654 MuTect - [MUTECT] Processed 336017447 reads in 728 ms 
INFO  00:32:32,103 MuTect - [MUTECT] Processed 337017479 reads in 1449 ms 
INFO  00:32:32,609 MuTect - [MUTECT] Inspected 105000 potential candidates 
INFO  00:32:32,934 MuTect - [MUTECT] Processed 338017514 reads in 831 ms 
INFO  00:32:33,581 MuTect - [MUTECT] Processed 339017522 reads in 647 ms 
INFO  00:32:34,216 MuTect - [MUTECT] Processed 340017563 reads in 635 ms 
INFO  00:32:34,410 MuTect - [MUTECT] Inspected 106000 potential candidates 
INFO  00:32:34,681 MuTect - [MUTECT] Processed 341017584 reads in 465 ms 
INFO  00:32:35,216 MuTect - [MUTECT] Processed 342017644 reads in 535 ms 
INFO  00:32:35,793 MuTect - [MUTECT] Processed 343017698 reads in 576 ms 
INFO  00:32:36,198 MuTect - [MUTECT] Inspected 107000 potential candidates 
INFO  00:32:36,471 MuTect - [MUTECT] Processed 344017756 reads in 679 ms 
INFO  00:32:37,059 MuTect - [MUTECT] Processed 345017798 reads in 588 ms 
INFO  00:32:37,520 MuTect - [MUTECT] Processed 346017804 reads in 461 ms 
INFO  00:32:37,687 MuTect - [MUTECT] Inspected 108000 potential candidates 
INFO  00:32:37,958 MuTect - [MUTECT] Processed 347017826 reads in 438 ms 
INFO  00:32:38,630 MuTect - [MUTECT] Processed 348017886 reads in 672 ms 
INFO  00:32:39,092 MuTect - [MUTECT] Processed 349017889 reads in 462 ms 
INFO  00:32:39,186 MuTect - [MUTECT] Inspected 109000 potential candidates 
INFO  00:32:39,596 MuTect - [MUTECT] Processed 350017960 reads in 504 ms 
INFO  00:32:40,045 MuTect - [MUTECT] Processed 351018044 reads in 449 ms 
INFO  00:32:40,790 ProgressMeter -  chr2:220565409        4.70e+08    7.7 m        0.0 s     14.6%        52.5 m    44.9 m 
INFO  00:32:41,565 MuTect - [MUTECT] Inspected 110000 potential candidates 
INFO  00:32:42,163 MuTect - [MUTECT] Processed 352018075 reads in 2118 ms 
INFO  00:32:43,112 MuTect - [MUTECT] Processed 353018075 reads in 949 ms 
INFO  00:32:44,437 MuTect - [MUTECT] Processed 354018149 reads in 1325 ms 
INFO  00:32:44,891 MuTect - [MUTECT] Inspected 111000 potential candidates 
INFO  00:32:45,518 MuTect - [MUTECT] Processed 355018192 reads in 1081 ms 
INFO  00:32:47,008 MuTect - [MUTECT] Processed 356018193 reads in 1490 ms 
INFO  00:32:48,035 MuTect - [MUTECT] Inspected 112000 potential candidates 
INFO  00:32:48,051 MuTect - [MUTECT] Processed 357018242 reads in 1043 ms 
INFO  00:32:48,705 MuTect - [MUTECT] Processed 358018249 reads in 654 ms 
INFO  00:32:49,676 MuTect - [MUTECT] Processed 359018280 reads in 971 ms 
INFO  00:32:50,373 MuTect - [MUTECT] Processed 360018323 reads in 697 ms 
INFO  00:32:50,384 MuTect - [MUTECT] Inspected 113000 potential candidates 
INFO  00:32:52,140 MuTect - [MUTECT] Processed 361018412 reads in 1766 ms 
INFO  00:32:52,959 MuTect - [MUTECT] Processed 362018424 reads in 820 ms 
INFO  00:32:53,482 MuTect - [MUTECT] Inspected 114000 potential candidates 
INFO  00:32:53,635 MuTect - [MUTECT] Processed 363018428 reads in 676 ms 
INFO  00:32:54,589 MuTect - [MUTECT] Processed 364018477 reads in 954 ms 
INFO  00:32:55,303 MuTect - [MUTECT] Processed 365018478 reads in 714 ms 
INFO  00:32:55,815 MuTect - [MUTECT] Inspected 115000 potential candidates 
INFO  00:32:56,179 MuTect - [MUTECT] Processed 366018507 reads in 876 ms 
INFO  00:32:57,100 MuTect - [MUTECT] Processed 367018619 reads in 921 ms 
INFO  00:32:57,659 MuTect - [MUTECT] Processed 368018687 reads in 559 ms 
INFO  00:32:57,963 MuTect - [MUTECT] Inspected 116000 potential candidates 
INFO  00:32:58,150 MuTect - [MUTECT] Processed 369018740 reads in 491 ms 
INFO  00:32:58,914 MuTect - [MUTECT] Processed 370018764 reads in 764 ms 
INFO  00:32:59,723 MuTect - [MUTECT] Processed 371018767 reads in 809 ms 
INFO  00:33:00,087 MuTect - [MUTECT] Inspected 117000 potential candidates 
INFO  00:33:00,327 MuTect - [MUTECT] Processed 372018788 reads in 604 ms 
INFO  00:33:00,876 MuTect - [MUTECT] Processed 373018907 reads in 549 ms 
INFO  00:33:01,417 MuTect - [MUTECT] Processed 374019147 reads in 541 ms 
INFO  00:33:01,739 MuTect - [MUTECT] Inspected 118000 potential candidates 
INFO  00:33:01,977 MuTect - [MUTECT] Processed 375019209 reads in 560 ms 
INFO  00:33:02,919 MuTect - [MUTECT] Processed 376019289 reads in 942 ms 
INFO  00:33:04,948 MuTect - [MUTECT] Processed 377019299 reads in 2029 ms 
INFO  00:33:05,227 MuTect - [MUTECT] Inspected 119000 potential candidates 
INFO  00:33:06,321 MuTect - [MUTECT] Processed 378019343 reads in 1373 ms 
INFO  00:33:06,863 MuTect - [MUTECT] Processed 379019350 reads in 542 ms 
INFO  00:33:07,640 MuTect - [MUTECT] Processed 380019394 reads in 777 ms 
INFO  00:33:07,767 MuTect - [MUTECT] Inspected 120000 potential candidates 
INFO  00:33:08,372 MuTect - [MUTECT] Processed 381019443 reads in 732 ms 
INFO  00:33:08,988 MuTect - [MUTECT] Processed 382019449 reads in 616 ms 
INFO  00:33:10,008 MuTect - [MUTECT] Inspected 121000 potential candidates 
INFO  00:33:10,075 MuTect - [MUTECT] Processed 383019454 reads in 1087 ms 
INFO  00:33:10,791 ProgressMeter -  chr2:239917213        4.89e+08    8.2 m        1.0 s     15.2%        53.7 m    45.6 m 
INFO  00:33:11,630 MuTect - [MUTECT] Processed 384019546 reads in 1555 ms 
INFO  00:33:12,299 MuTect - [MUTECT] Processed 385019625 reads in 669 ms 
INFO  00:33:12,748 MuTect - [MUTECT] Inspected 122000 potential candidates 
INFO  00:33:12,935 MuTect - [MUTECT] Processed 386019643 reads in 636 ms 
INFO  00:33:13,515 MuTect - [MUTECT] Processed 387019643 reads in 580 ms 
INFO  00:33:14,054 MuTect - [MUTECT] Processed 388019739 reads in 539 ms 
INFO  00:33:14,402 MuTect - [MUTECT] Inspected 123000 potential candidates 
INFO  00:33:14,704 MuTect - [MUTECT] Processed 389019763 reads in 649 ms 
INFO  00:33:15,348 MuTect - [MUTECT] Processed 390019794 reads in 645 ms 
INFO  00:33:15,996 MuTect - [MUTECT] Processed 391019828 reads in 648 ms 
INFO  00:33:16,012 MuTect - [MUTECT] Inspected 124000 potential candidates 
INFO  00:33:40,884 ProgressMeter -   chr3:44006801        4.91e+08    8.7 m        1.0 s     16.6%        52.1 m    43.4 m 
INFO  00:34:10,885 ProgressMeter -  chr3:101502401        4.91e+08    9.2 m        1.0 s     18.4%        49.8 m    40.6 m 
INFO  00:34:40,918 ProgressMeter -  chr3:159934101        4.91e+08    9.7 m        1.0 s     20.2%        47.8 m    38.1 m 
INFO  00:35:11,020 ProgressMeter -   chr4:14024801        6.89e+08   10.2 m        0.0 s     21.9%        46.5 m    36.3 m 
INFO  00:35:41,024 ProgressMeter -   chr4:70446201        6.89e+08   10.7 m        0.0 s     23.6%        45.2 m    34.5 m 
INFO  00:36:11,025 ProgressMeter -  chr4:127777001        6.89e+08   11.2 m        0.0 s     25.4%        44.0 m    32.8 m 
INFO  00:36:41,027 ProgressMeter -  chr4:183506101        6.89e+08   11.7 m        1.0 s     27.1%        43.0 m    31.3 m 
INFO  00:37:11,079 ProgressMeter -   chr5:41632001        8.80e+08   12.2 m        0.0 s     28.6%        42.5 m    30.3 m 
INFO  00:37:41,081 ProgressMeter -   chr5:99981501        8.80e+08   12.7 m        0.0 s     30.4%        41.6 m    28.9 m 
INFO  00:38:11,144 ProgressMeter -  chr5:156609201        8.80e+08   13.2 m        0.0 s     32.2%        40.9 m    27.7 m 
INFO  00:38:41,145 ProgressMeter -   chr6:25142401        1.06e+09   13.7 m        0.0 s     33.8%        40.5 m    26.8 m 
INFO  00:39:11,150 ProgressMeter -   chr6:80706601        1.06e+09   14.2 m        0.0 s     35.5%        39.9 m    25.7 m 
INFO  00:39:41,151 ProgressMeter -  chr6:141173101        1.06e+09   14.7 m        0.0 s     37.4%        39.2 m    24.6 m 
INFO  00:40:11,176 ProgressMeter -   chr7:24166801        1.23e+09   15.2 m        0.0 s     39.0%        38.8 m    23.7 m 
INFO  00:40:41,337 ProgressMeter -   chr7:81290701        1.23e+09   15.7 m        0.0 s     40.8%        38.4 m    22.7 m 
INFO  00:41:11,339 ProgressMeter -  chr7:139416001        1.23e+09   16.2 m        0.0 s     42.6%        37.9 m    21.8 m 
INFO  00:41:41,341 ProgressMeter -   chr8:22846701        1.39e+09   16.7 m        0.0 s     44.0%        37.9 m    21.3 m 
INFO  00:42:11,368 ProgressMeter -   chr8:79875301        1.39e+09   17.2 m        0.0 s     45.7%        37.5 m    20.4 m 
INFO  00:42:41,442 ProgressMeter -  chr8:137548101        1.39e+09   17.7 m        0.0 s     47.5%        37.2 m    19.5 m 
INFO  00:43:11,511 ProgressMeter -   chr9:39990101        1.54e+09   18.2 m        0.0 s     49.0%        37.1 m    18.9 m 
INFO  00:43:41,512 ProgressMeter -  chr9:102091901        1.54e+09   18.7 m        0.0 s     50.9%        36.7 m    18.0 m 
INFO  00:44:11,514 ProgressMeter -  chr10:13399601        1.67e+09   19.2 m        0.0 s     52.5%        36.5 m    17.4 m 
INFO  00:44:41,516 ProgressMeter -  chr10:69443101        1.67e+09   19.7 m        0.0 s     54.2%        36.3 m    16.6 m 
INFO  00:45:11,518 ProgressMeter - chr10:124865401        1.67e+09   20.2 m        0.0 s     55.9%        36.1 m    15.9 m 
INFO  00:45:41,520 ProgressMeter -  chr11:42021001        1.81e+09   20.7 m        0.0 s     57.5%        35.9 m    15.3 m 
INFO  00:46:11,558 ProgressMeter -  chr11:98092501        1.81e+09   21.2 m        0.0 s     59.3%        35.7 m    14.5 m 
INFO  00:46:41,641 ProgressMeter -  chr12:13014001        1.94e+09   21.7 m        0.0 s     60.8%        35.7 m    14.0 m 
INFO  00:47:11,643 ProgressMeter -  chr12:67148601        1.94e+09   22.2 m        0.0 s     62.5%        35.5 m    13.3 m 
INFO  00:47:41,750 ProgressMeter - chr12:122784901        1.94e+09   22.7 m        0.0 s     64.2%        35.3 m    12.6 m 
INFO  00:48:11,795 ProgressMeter -  chr13:45392701        2.08e+09   23.2 m        0.0 s     66.0%        35.1 m    12.0 m 
INFO  00:48:41,834 ProgressMeter - chr13:103428901        2.08e+09   23.7 m        0.0 s     67.8%        34.9 m    11.3 m 
INFO  00:49:13,113 ProgressMeter -  chr14:49934501        2.19e+09   24.2 m        0.0 s     69.7%        34.7 m    10.5 m 
INFO  00:49:43,141 ProgressMeter - chr14:105199501        2.19e+09   24.7 m        0.0 s     71.4%        34.6 m     9.9 m 
INFO  00:50:13,143 ProgressMeter -  chr15:59010601        2.30e+09   25.2 m        0.0 s     73.3%        34.4 m     9.2 m 
INFO  00:50:43,144 ProgressMeter -   chr16:8814901        2.40e+09   25.7 m        0.0 s     74.9%        34.3 m     8.6 m 
INFO  00:51:14,999 ProgressMeter -  chr16:67113901        2.40e+09   26.2 m        0.0 s     76.7%        34.2 m     8.0 m 
INFO  00:51:45,000 ProgressMeter -  chr17:29157401        2.49e+09   26.7 m        0.0 s     78.3%        34.1 m     7.4 m 
INFO  00:52:15,001 ProgressMeter -  chr17:82634401        2.49e+09   27.2 m        0.0 s     80.0%        34.0 m     6.8 m 
INFO  00:52:45,052 ProgressMeter -  chr18:58273401        2.57e+09   27.7 m        0.0 s     81.8%        33.9 m     6.2 m 
INFO  00:53:15,139 ProgressMeter -  chr19:30963901        2.65e+09   28.2 m        0.0 s     83.5%        33.8 m     5.6 m 
INFO  00:53:45,237 ProgressMeter -  chr20:24870901        2.71e+09   28.7 m        0.0 s     85.1%        33.8 m     5.0 m 
INFO  00:54:15,239 ProgressMeter -  chr21:18504601        2.78e+09   29.2 m        0.0 s     86.9%        33.6 m     4.4 m 
INFO  00:54:55,240 ProgressMeter -  chr22:46062001        2.82e+09   29.9 m        0.0 s     89.2%        33.5 m     3.6 m 
INFO  00:55:25,612 ProgressMeter -   chrX:45555501        2.88e+09   30.4 m        0.0 s     90.8%        33.5 m     3.1 m 
INFO  00:55:55,613 ProgressMeter -  chrX:108448001        2.88e+09   30.9 m        0.0 s     92.7%        33.3 m     2.4 m 
INFO  00:56:25,615 ProgressMeter -   chrY:15056401        3.03e+09   31.4 m        0.0 s     94.7%        33.2 m   105.0 s 
INFO  00:56:55,639 ProgressMeter - chr9_GL383542v1_alt:50101        3.13e+09   31.9 m        0.0 s     97.1%        32.9 m    56.0 s 
INFO  00:57:25,695 ProgressMeter - HLA-B*40:01:01:2601        3.22e+09   32.4 m        0.0 s    100.0%        32.4 m     0.0 s 
INFO  00:57:26,325 Walker - [REDUCE RESULT] Traversal result is: 0 
INFO  00:57:26,537 ProgressMeter -            done        3.22e+09   32.4 m        0.0 s    100.0%        32.4 m     0.0 s 
INFO  00:57:26,537 ProgressMeter - Total runtime 1945.96 secs, 32.43 min, 0.54 hours 
INFO  00:57:26,537 MicroScheduler - 127766 reads were filtered out during the traversal out of approximately 2981109 total reads (4.29%) 
INFO  00:57:26,537 MicroScheduler -   -> 0 reads (0.00% of total) failing BadCigarFilter 
INFO  00:57:26,537 MicroScheduler -   -> 123445 reads (4.14% of total) failing DuplicateReadFilter 
INFO  00:57:26,538 MicroScheduler -   -> 0 reads (0.00% of total) failing FailsVendorQualityCheckFilter 
INFO  00:57:26,538 MicroScheduler -   -> 0 reads (0.00% of total) failing MalformedReadFilter 
INFO  00:57:26,538 MicroScheduler -   -> 2499 reads (0.08% of total) failing NotPrimaryAlignmentFilter 
INFO  00:57:26,538 MicroScheduler -   -> 1822 reads (0.06% of total) failing UnmappedReadFilter 
[Sat Mar 13 00:57:29 2021]
Finished job 0.
1 of 1 steps (100%) done
{'Sample10_ARK1_S37.test': '--variant:mutect2 /spin1/scratch/tandonm/pipeline_out/tn_test_1/somatic/SNP_Indels/mutect2_out/vcf/Sample10_ARK1_S37.test.FINAL.vcf --variant:mutect /spin1/scratch/tandonm/pipeline_out/tn_test_1/somatic/SNP_Indels/mutect_out/vcf/Sample10_ARK1_S37.test.FINAL.vcf --variant:vardict /spin1/scratch/tandonm/pipeline_out/tn_test_1/somatic/SNP_Indels/vardict_out/vcf/Sample10_ARK1_S37.test.FINAL.vcf --variant:strelka /spin1/scratch/tandonm/pipeline_out/tn_test_1/somatic/SNP_Indels/strelka_out/vcf/Sample10_ARK1_S37.test.FINAL.vcf --variant:varscan /spin1/scratch/tandonm/pipeline_out/tn_test_1/somatic/SNP_Indels/varscan_out/vcf/Sample10_ARK1_S37.test.FINAL.vcf', 'Sample11_ACI_158_S38.test': '--variant:mutect2 /spin1/scratch/tandonm/pipeline_out/tn_test_1/somatic/SNP_Indels/mutect2_out/vcf/Sample11_ACI_158_S38.test.FINAL.vcf --variant:mutect /spin1/scratch/tandonm/pipeline_out/tn_test_1/somatic/SNP_Indels/mutect_out/vcf/Sample11_ACI_158_S38.test.FINAL.vcf --variant:vardict /spin1/scratch/tandonm/pipeline_out/tn_test_1/somatic/SNP_Indels/vardict_out/vcf/Sample11_ACI_158_S38.test.FINAL.vcf --variant:strelka /spin1/scratch/tandonm/pipeline_out/tn_test_1/somatic/SNP_Indels/strelka_out/vcf/Sample11_ACI_158_S38.test.FINAL.vcf --variant:varscan /spin1/scratch/tandonm/pipeline_out/tn_test_1/somatic/SNP_Indels/varscan_out/vcf/Sample11_ACI_158_S38.test.FINAL.vcf'}
