Building DAG of jobs...
Using shell: /usr/bin/bash
Provided cores: 4
Rules claiming more threads will be scaled down.
Job counts:
	count	jobs
	1	mutect
	1

[Sat Mar 13 00:24:55 2021]
rule mutect:
    input: /spin1/scratch/tandonm/pipeline_out/tn_test_1/bams/chrom_split/Sample4_CRL1622_S31.test.chr19.split.bam, /spin1/scratch/tandonm/pipeline_out/tn_test_1/bams/chrom_split/Sample10_ARK1_S37.test.chr19.split.bam
    output: /spin1/scratch/tandonm/pipeline_out/tn_test_1/somatic/SNP_Indels/mutect_out/chrom_split/Sample10_ARK1_S37.test.chr19.vcf, /spin1/scratch/tandonm/pipeline_out/tn_test_1/somatic/SNP_Indels/mutect_out/chrom_split/Sample10_ARK1_S37.test.chr19.stats.out
    jobid: 0
    wildcards: samples=Sample10_ARK1_S37.test, chroms=chr19


  +--------------------------------------------------------------------------+
           muTect functionality has been merged with GATK since 2015.
                   Please consider using GATK instead.

                     For more information please see:

             https://software.broadinstitute.org/gatk/blog?id=6495
  +--------------------------------------------------------------------------+

[+] Loading java 1.7.0_80  ... 
[+] Loading mutect / 1.1.7  ... 
mem = 2g
tmpdir = /lscratch/10304379/muTect
INFO  00:25:00,864 HelpFormatter - -------------------------------------------------------------------------------- 
INFO  00:25:00,866 HelpFormatter - The Genome Analysis Toolkit (GATK) v3.1-0-g72492bb, Compiled 2014/12/15 20:09:26 
INFO  00:25:00,866 HelpFormatter - Copyright (c) 2010 The Broad Institute 
INFO  00:25:00,866 HelpFormatter - For support and documentation go to http://www.broadinstitute.org/gatk 
INFO  00:25:00,869 HelpFormatter - Program Args: --analysis_type MuTect --reference_sequence /data/tandonm/pl_test_data/human/genome/hg38/Homo_sapiens_assembly38.fasta --normal_panel /data/CCBR_Pipeliner/db/PipeDB/lib/hg38.noCOSMIC_ClinVar.pon.vcf.gz --vcf /spin1/scratch/tandonm/pipeline_out/tn_test_1/somatic/SNP_Indels/mutect_out/chrom_split/Sample10_ARK1_S37.test.chr19.vcf --cosmic /data/CCBR_Pipeliner/db/PipeDB/lib/COSMIC_82_hg38.vcf.gz --dbsnp /fdb/GATK_resource_bundle/hg38bundle/dbsnp_138.hg38.vcf.gz --disable_auto_index_creation_and_locking_when_reading_rods --input_file:normal /spin1/scratch/tandonm/pipeline_out/tn_test_1/bams/chrom_split/Sample4_CRL1622_S31.test.chr19.split.bam --input_file:tumor /spin1/scratch/tandonm/pipeline_out/tn_test_1/bams/chrom_split/Sample10_ARK1_S37.test.chr19.split.bam --out /spin1/scratch/tandonm/pipeline_out/tn_test_1/somatic/SNP_Indels/mutect_out/chrom_split/Sample10_ARK1_S37.test.chr19.stats.out -rf BadCigar 
INFO  00:25:00,873 HelpFormatter - Executing as tandonm@cn2420 on Linux 3.10.0-862.14.4.el7.x86_64 amd64; Java HotSpot(TM) 64-Bit Server VM 1.7.0_80-b15. 
INFO  00:25:00,873 HelpFormatter - Date/Time: 2021/03/13 00:25:00 
INFO  00:25:00,873 HelpFormatter - -------------------------------------------------------------------------------- 
INFO  00:25:00,873 HelpFormatter - -------------------------------------------------------------------------------- 
INFO  00:25:01,333 GenomeAnalysisEngine - Strictness is SILENT 
INFO  00:25:01,665 GenomeAnalysisEngine - Downsampling Settings: Method: BY_SAMPLE, Target Coverage: 1000 
INFO  00:25:01,671 SAMDataSource$SAMReaders - Initializing SAMRecords in serial 
INFO  00:25:01,790 SAMDataSource$SAMReaders - Done initializing BAM readers: total time 0.12 
WARN  00:25:02,602 IndexDictionaryUtils - Track dbsnp doesn't have a sequence dictionary built in, skipping dictionary validation 
WARN  00:25:02,602 IndexDictionaryUtils - Track cosmic doesn't have a sequence dictionary built in, skipping dictionary validation 
WARN  00:25:02,602 IndexDictionaryUtils - Track normal_panel doesn't have a sequence dictionary built in, skipping dictionary validation 
INFO  00:25:02,674 GenomeAnalysisEngine - Preparing for traversal over 2 BAM files 
INFO  00:25:02,773 GenomeAnalysisEngine - Done preparing for traversal 
INFO  00:25:02,773 ProgressMeter - [INITIALIZATION COMPLETE; STARTING PROCESSING] 
INFO  00:25:02,773 ProgressMeter -        Location processed.sites  runtime per.1M.sites completed total.runtime remaining 
INFO  00:25:02,774 MuTect - VERSION INFO: MuTect:1.1.6-4-g69b7a37 Gatk:3.1-0-g72492bb 
INFO  00:25:32,800 ProgressMeter -   chr1:40619501        0.00e+00   30.0 s       49.6 w      1.3%        39.6 m    39.1 m 
INFO  00:26:02,802 ProgressMeter -   chr1:95521401        0.00e+00   60.0 s       99.3 w      3.0%        33.7 m    32.7 m 
INFO  00:26:32,867 ProgressMeter -  chr1:158211901        0.00e+00   90.0 s      149.0 w      4.9%        30.5 m    29.0 m 
INFO  00:27:02,869 ProgressMeter -  chr1:212511501        0.00e+00  120.0 s      198.6 w      6.6%        30.3 m    28.3 m 
INFO  00:27:32,871 ProgressMeter -   chr2:12460101        2.49e+08    2.5 m        0.0 s      8.1%        30.8 m    28.3 m 
INFO  00:28:02,874 ProgressMeter -   chr2:65909001        2.49e+08    3.0 m        0.0 s      9.8%        30.7 m    27.7 m 
INFO  00:28:32,929 ProgressMeter -  chr2:121654701        2.49e+08    3.5 m        0.0 s     11.5%        30.4 m    26.9 m 
INFO  00:29:02,930 ProgressMeter -  chr2:175653801        2.49e+08    4.0 m        0.0 s     13.2%        30.3 m    26.3 m 
INFO  00:29:32,933 ProgressMeter -  chr2:230698201        2.49e+08    4.5 m        1.0 s     14.9%        30.2 m    25.7 m 
INFO  00:30:02,935 ProgressMeter -   chr3:36739401        4.91e+08    5.0 m        0.0 s     16.4%        30.5 m    25.5 m 
INFO  00:30:32,937 ProgressMeter -   chr3:90847101        4.91e+08    5.5 m        0.0 s     18.1%        30.4 m    24.9 m 
INFO  00:31:02,938 ProgressMeter -  chr3:144560701        4.91e+08    6.0 m        0.0 s     19.8%        30.4 m    24.4 m 
INFO  00:31:32,971 ProgressMeter -  chr3:197290701        4.91e+08    6.5 m        0.0 s     21.4%        30.4 m    23.9 m 
INFO  00:32:02,996 ProgressMeter -   chr4:45109701        6.89e+08    7.0 m        0.0 s     22.8%        30.7 m    23.7 m 
INFO  00:32:33,004 ProgressMeter -   chr4:99412201        6.89e+08    7.5 m        0.0 s     24.5%        30.6 m    23.1 m 
INFO  00:33:03,007 ProgressMeter -  chr4:154277801        6.89e+08    8.0 m        0.0 s     26.2%        30.5 m    22.5 m 
INFO  00:33:33,008 ProgressMeter -   chr5:10826801        8.80e+08    8.5 m        0.0 s     27.7%        30.7 m    22.2 m 
INFO  00:34:03,011 ProgressMeter -   chr5:64536901        8.80e+08    9.0 m        0.0 s     29.3%        30.7 m    21.7 m 
INFO  00:34:33,014 ProgressMeter -  chr5:118759401        8.80e+08    9.5 m        0.0 s     31.0%        30.6 m    21.1 m 
INFO  00:35:03,077 ProgressMeter -  chr5:170994301        8.80e+08   10.0 m        0.0 s     32.7%        30.6 m    20.6 m 
INFO  00:35:33,078 ProgressMeter -   chr6:35466301        1.06e+09   10.5 m        0.0 s     34.1%        30.8 m    20.3 m 
INFO  00:36:03,080 ProgressMeter -   chr6:88201101        1.06e+09   11.0 m        0.0 s     35.7%        30.8 m    19.8 m 
INFO  00:36:33,193 ProgressMeter -  chr6:142425301        1.06e+09   11.5 m        0.0 s     37.4%        30.7 m    19.2 m 
INFO  00:37:03,264 ProgressMeter -   chr7:20500401        1.23e+09   12.0 m        0.0 s     38.9%        30.8 m    18.8 m 
INFO  00:37:33,268 ProgressMeter -   chr7:75418701        1.23e+09   12.5 m        0.0 s     40.6%        30.8 m    18.3 m 
INFO  00:38:03,270 ProgressMeter -  chr7:131450901        1.23e+09   13.0 m        0.0 s     42.4%        30.7 m    17.7 m 
INFO  00:38:33,272 ProgressMeter -   chr8:19692001        1.39e+09   13.5 m        0.0 s     43.9%        30.8 m    17.3 m 
INFO  00:39:03,273 ProgressMeter -   chr8:74713801        1.39e+09   14.0 m        0.0 s     45.6%        30.7 m    16.7 m 
INFO  00:39:33,275 ProgressMeter -  chr8:130706301        1.39e+09   14.5 m        0.0 s     47.3%        30.7 m    16.2 m 
INFO  00:40:03,277 ProgressMeter -   chr9:36966201        1.54e+09   15.0 m        0.0 s     48.9%        30.7 m    15.7 m 
INFO  00:40:33,280 ProgressMeter -  chr9:100052501        1.54e+09   15.5 m        0.0 s     50.9%        30.5 m    15.0 m 
INFO  00:41:03,282 ProgressMeter -  chr10:11204701        1.67e+09   16.0 m        0.0 s     52.4%        30.5 m    14.5 m 
INFO  00:41:33,374 ProgressMeter -  chr10:65818901        1.67e+09   16.5 m        0.0 s     54.1%        30.5 m    14.0 m 
INFO  00:42:03,375 ProgressMeter - chr10:119573401        1.67e+09   17.0 m        0.0 s     55.8%        30.5 m    13.5 m 
INFO  00:42:33,377 ProgressMeter -  chr11:35572701        1.81e+09   17.5 m        0.0 s     57.3%        30.5 m    13.0 m 
INFO  00:43:03,471 ProgressMeter -  chr11:89696501        1.81e+09   18.0 m        0.0 s     59.0%        30.5 m    12.5 m 
INFO  00:43:33,473 ProgressMeter -   chr12:5206001        1.94e+09   18.5 m        0.0 s     60.6%        30.5 m    12.0 m 
INFO  00:44:03,476 ProgressMeter -  chr12:57098701        1.94e+09   19.0 m        0.0 s     62.2%        30.6 m    11.6 m 
INFO  00:44:33,479 ProgressMeter - chr12:111564001        1.94e+09   19.5 m        0.0 s     63.9%        30.5 m    11.0 m 
INFO  00:45:03,481 ProgressMeter -  chr13:32212601        2.08e+09   20.0 m        0.0 s     65.6%        30.5 m    10.5 m 
INFO  00:45:33,502 ProgressMeter -  chr13:84919501        2.08e+09   20.5 m        0.0 s     67.2%        30.5 m    10.0 m 
INFO  00:46:03,608 ProgressMeter -  chr14:23948801        2.19e+09   21.0 m        0.0 s     68.9%        30.5 m     9.5 m 
INFO  00:46:33,724 ProgressMeter -  chr14:75487501        2.19e+09   21.5 m        0.0 s     70.5%        30.5 m     9.0 m 
INFO  00:47:04,091 ProgressMeter -  chr15:24004801        2.30e+09   22.0 m        0.0 s     72.2%        30.5 m     8.5 m 
INFO  00:47:34,123 ProgressMeter -  chr15:74538201        2.30e+09   22.5 m        0.0 s     73.8%        30.5 m     8.0 m 
INFO  00:48:04,515 ProgressMeter -  chr16:16056901        2.40e+09   23.0 m        0.0 s     75.1%        30.6 m     7.6 m 
INFO  00:48:34,670 ProgressMeter -  chr16:74215201        2.40e+09   23.5 m        0.0 s     76.9%        30.6 m     7.1 m 
INFO  00:49:04,688 ProgressMeter -  chr17:33825401        2.49e+09   24.0 m        0.0 s     78.5%        30.6 m     6.6 m 
INFO  00:49:34,837 ProgressMeter -   chr18:1692801        2.57e+09   24.5 m        0.0 s     80.1%        30.6 m     6.1 m 
INFO  00:50:04,962 ProgressMeter -  chr18:57991301        2.57e+09   25.0 m        0.0 s     81.8%        30.6 m     5.6 m 
INFO  00:50:20,458 MuTect - [MUTECT] Processed 1000011 reads in 1517573 ms 
INFO  00:50:21,655 MuTect - [MUTECT] Processed 2000014 reads in 1197 ms 
INFO  00:50:22,080 MuTect - [MUTECT] Inspected 1000 potential candidates 
INFO  00:50:22,647 MuTect - [MUTECT] Processed 3000041 reads in 992 ms 
INFO  00:50:23,836 MuTect - [MUTECT] Processed 4000042 reads in 1189 ms 
INFO  00:50:24,362 MuTect - [MUTECT] Inspected 2000 potential candidates 
INFO  00:50:24,541 MuTect - [MUTECT] Processed 5000043 reads in 705 ms 
INFO  00:50:25,273 MuTect - [MUTECT] Processed 6000048 reads in 732 ms 
INFO  00:50:26,030 MuTect - [MUTECT] Processed 7000137 reads in 757 ms 
INFO  00:50:26,067 MuTect - [MUTECT] Inspected 3000 potential candidates 
INFO  00:50:26,742 MuTect - [MUTECT] Processed 8000172 reads in 712 ms 
INFO  00:50:27,608 MuTect - [MUTECT] Processed 9000173 reads in 866 ms 
INFO  00:50:27,945 MuTect - [MUTECT] Inspected 4000 potential candidates 
INFO  00:50:28,520 MuTect - [MUTECT] Processed 10000176 reads in 912 ms 
INFO  00:50:29,239 MuTect - [MUTECT] Processed 11000176 reads in 719 ms 
INFO  00:50:30,371 MuTect - [MUTECT] Inspected 5000 potential candidates 
INFO  00:50:30,456 MuTect - [MUTECT] Processed 12000201 reads in 1217 ms 
INFO  00:50:31,280 MuTect - [MUTECT] Processed 13000203 reads in 824 ms 
INFO  00:50:32,293 MuTect - [MUTECT] Processed 14000204 reads in 1013 ms 
INFO  00:50:32,506 MuTect - [MUTECT] Inspected 6000 potential candidates 
INFO  00:50:33,083 MuTect - [MUTECT] Processed 15000218 reads in 790 ms 
INFO  00:50:33,799 MuTect - [MUTECT] Processed 16000280 reads in 716 ms 
INFO  00:50:33,976 MuTect - [MUTECT] Inspected 7000 potential candidates 
INFO  00:50:34,879 MuTect - [MUTECT] Processed 17000324 reads in 1079 ms 
INFO  00:50:34,963 ProgressMeter -   chr19:3854189        2.66e+09   25.5 m        0.0 s     82.6%        30.9 m     5.4 m 
INFO  00:50:35,615 MuTect - [MUTECT] Processed 18000399 reads in 737 ms 
INFO  00:50:35,914 MuTect - [MUTECT] Inspected 8000 potential candidates 
INFO  00:50:36,559 MuTect - [MUTECT] Processed 19000456 reads in 944 ms 
INFO  00:50:37,293 MuTect - [MUTECT] Processed 20000481 reads in 734 ms 
INFO  00:50:37,579 MuTect - [MUTECT] Inspected 9000 potential candidates 
INFO  00:50:38,097 MuTect - [MUTECT] Processed 21000498 reads in 804 ms 
INFO  00:50:38,948 MuTect - [MUTECT] Processed 22000540 reads in 851 ms 
INFO  00:50:39,218 MuTect - [MUTECT] Inspected 10000 potential candidates 
INFO  00:50:39,814 MuTect - [MUTECT] Processed 23000551 reads in 866 ms 
INFO  00:50:40,739 MuTect - [MUTECT] Processed 24000574 reads in 925 ms 
INFO  00:50:41,290 MuTect - [MUTECT] Inspected 11000 potential candidates 
INFO  00:50:41,455 MuTect - [MUTECT] Processed 25000604 reads in 716 ms 
INFO  00:50:42,133 MuTect - [MUTECT] Processed 26000670 reads in 678 ms 
INFO  00:50:42,802 MuTect - [MUTECT] Inspected 12000 potential candidates 
INFO  00:50:42,896 MuTect - [MUTECT] Processed 27000674 reads in 763 ms 
INFO  00:50:43,844 MuTect - [MUTECT] Processed 28000680 reads in 948 ms 
INFO  00:50:44,658 MuTect - [MUTECT] Processed 29000716 reads in 814 ms 
INFO  00:50:44,768 MuTect - [MUTECT] Inspected 13000 potential candidates 
INFO  00:50:45,522 MuTect - [MUTECT] Processed 30000728 reads in 864 ms 
INFO  00:50:46,318 MuTect - [MUTECT] Processed 31000907 reads in 796 ms 
INFO  00:50:46,780 MuTect - [MUTECT] Inspected 14000 potential candidates 
INFO  00:50:47,235 MuTect - [MUTECT] Processed 32000978 reads in 917 ms 
INFO  00:50:48,072 MuTect - [MUTECT] Processed 33000988 reads in 837 ms 
INFO  00:50:48,443 MuTect - [MUTECT] Inspected 15000 potential candidates 
INFO  00:50:48,682 MuTect - [MUTECT] Processed 34001006 reads in 610 ms 
INFO  00:50:49,440 MuTect - [MUTECT] Processed 35001101 reads in 758 ms 
INFO  00:50:49,973 MuTect - [MUTECT] Inspected 16000 potential candidates 
INFO  00:50:50,132 MuTect - [MUTECT] Processed 36001118 reads in 692 ms 
INFO  00:50:50,895 MuTect - [MUTECT] Processed 37001123 reads in 763 ms 
INFO  00:50:51,612 MuTect - [MUTECT] Inspected 17000 potential candidates 
INFO  00:50:51,732 MuTect - [MUTECT] Processed 38001134 reads in 837 ms 
INFO  00:50:52,447 MuTect - [MUTECT] Processed 39001217 reads in 715 ms 
INFO  00:50:53,194 MuTect - [MUTECT] Processed 40001290 reads in 747 ms 
INFO  00:50:53,438 MuTect - [MUTECT] Inspected 18000 potential candidates 
INFO  00:50:54,112 MuTect - [MUTECT] Processed 41001324 reads in 918 ms 
INFO  00:50:54,590 MuTect - [MUTECT] Processed 42001349 reads in 478 ms 
INFO  00:50:54,987 MuTect - [MUTECT] Inspected 19000 potential candidates 
INFO  00:50:55,064 MuTect - [MUTECT] Processed 43001402 reads in 474 ms 
INFO  00:50:55,565 MuTect - [MUTECT] Processed 44001446 reads in 501 ms 
INFO  00:50:56,206 MuTect - [MUTECT] Processed 45001481 reads in 641 ms 
INFO  00:50:56,491 MuTect - [MUTECT] Inspected 20000 potential candidates 
INFO  00:50:57,021 MuTect - [MUTECT] Processed 46001492 reads in 814 ms 
INFO  00:50:57,675 MuTect - [MUTECT] Processed 47001573 reads in 655 ms 
INFO  00:50:58,309 MuTect - [MUTECT] Inspected 21000 potential candidates 
INFO  00:50:58,386 MuTect - [MUTECT] Processed 48001620 reads in 711 ms 
INFO  00:50:59,370 MuTect - [MUTECT] Processed 49001658 reads in 984 ms 
INFO  00:50:59,965 MuTect - [MUTECT] Processed 50001670 reads in 594 ms 
INFO  00:51:00,161 MuTect - [MUTECT] Inspected 22000 potential candidates 
INFO  00:51:00,790 MuTect - [MUTECT] Processed 51001699 reads in 826 ms 
INFO  00:51:01,301 MuTect - [MUTECT] Processed 52001708 reads in 510 ms 
INFO  00:51:01,759 MuTect - [MUTECT] Inspected 23000 potential candidates 
INFO  00:51:02,005 MuTect - [MUTECT] Processed 53001724 reads in 705 ms 
INFO  00:51:02,786 MuTect - [MUTECT] Processed 54001758 reads in 781 ms 
INFO  00:51:03,316 MuTect - [MUTECT] Inspected 24000 potential candidates 
INFO  00:51:03,501 MuTect - [MUTECT] Processed 55001801 reads in 715 ms 
INFO  00:51:04,297 MuTect - [MUTECT] Processed 56001859 reads in 796 ms 
INFO  00:51:05,040 MuTect - [MUTECT] Processed 57001860 reads in 743 ms 
INFO  00:51:05,075 ProgressMeter -  chr19:11146921        2.67e+09   26.0 m        0.0 s     82.8%        31.4 m     5.4 m 
INFO  00:51:05,130 MuTect - [MUTECT] Inspected 25000 potential candidates 
INFO  00:51:05,618 MuTect - [MUTECT] Processed 58001898 reads in 578 ms 
INFO  00:51:06,414 MuTect - [MUTECT] Processed 59001934 reads in 796 ms 
INFO  00:51:06,590 MuTect - [MUTECT] Inspected 26000 potential candidates 
INFO  00:51:06,968 MuTect - [MUTECT] Processed 60001942 reads in 554 ms 
INFO  00:51:07,837 MuTect - [MUTECT] Processed 61001948 reads in 869 ms 
INFO  00:51:08,524 MuTect - [MUTECT] Processed 62002013 reads in 687 ms 
INFO  00:51:08,574 MuTect - [MUTECT] Inspected 27000 potential candidates 
INFO  00:51:09,072 MuTect - [MUTECT] Processed 63002041 reads in 548 ms 
INFO  00:51:09,720 MuTect - [MUTECT] Processed 64002082 reads in 648 ms 
INFO  00:51:10,293 MuTect - [MUTECT] Inspected 28000 potential candidates 
INFO  00:51:10,399 MuTect - [MUTECT] Processed 65002203 reads in 679 ms 
INFO  00:51:11,127 MuTect - [MUTECT] Processed 66002232 reads in 728 ms 
INFO  00:51:11,720 MuTect - [MUTECT] Processed 67002247 reads in 593 ms 
INFO  00:51:11,784 MuTect - [MUTECT] Inspected 29000 potential candidates 
INFO  00:51:12,308 MuTect - [MUTECT] Processed 68002283 reads in 588 ms 
INFO  00:51:12,859 MuTect - [MUTECT] Processed 69002366 reads in 551 ms 
INFO  00:51:13,208 MuTect - [MUTECT] Inspected 30000 potential candidates 
INFO  00:51:13,483 MuTect - [MUTECT] Processed 70002368 reads in 624 ms 
INFO  00:51:14,320 MuTect - [MUTECT] Processed 71002407 reads in 837 ms 
INFO  00:51:15,330 MuTect - [MUTECT] Inspected 31000 potential candidates 
INFO  00:51:15,525 MuTect - [MUTECT] Processed 72002419 reads in 1205 ms 
INFO  00:51:16,202 MuTect - [MUTECT] Processed 73002422 reads in 677 ms 
INFO  00:51:16,844 MuTect - [MUTECT] Inspected 32000 potential candidates 
INFO  00:51:16,925 MuTect - [MUTECT] Processed 74002444 reads in 723 ms 
INFO  00:51:17,787 MuTect - [MUTECT] Processed 75002473 reads in 862 ms 
INFO  00:51:18,459 MuTect - [MUTECT] Processed 76002518 reads in 671 ms 
INFO  00:51:18,646 MuTect - [MUTECT] Inspected 33000 potential candidates 
INFO  00:51:19,265 MuTect - [MUTECT] Processed 77002561 reads in 807 ms 
INFO  00:51:20,040 MuTect - [MUTECT] Processed 78002576 reads in 775 ms 
INFO  00:51:20,519 MuTect - [MUTECT] Inspected 34000 potential candidates 
INFO  00:51:20,744 MuTect - [MUTECT] Processed 79002593 reads in 704 ms 
INFO  00:51:21,378 MuTect - [MUTECT] Processed 80002602 reads in 634 ms 
INFO  00:51:22,096 MuTect - [MUTECT] Processed 81002634 reads in 718 ms 
INFO  00:51:22,361 MuTect - [MUTECT] Inspected 35000 potential candidates 
INFO  00:51:22,862 MuTect - [MUTECT] Processed 82002639 reads in 766 ms 
INFO  00:51:23,654 MuTect - [MUTECT] Processed 83002654 reads in 792 ms 
INFO  00:51:24,428 MuTect - [MUTECT] Inspected 36000 potential candidates 
INFO  00:51:24,533 MuTect - [MUTECT] Processed 84002738 reads in 879 ms 
INFO  00:51:25,409 MuTect - [MUTECT] Processed 85002744 reads in 875 ms 
INFO  00:51:26,081 MuTect - [MUTECT] Processed 86002755 reads in 673 ms 
INFO  00:51:26,625 MuTect - [MUTECT] Inspected 37000 potential candidates 
INFO  00:51:26,871 MuTect - [MUTECT] Processed 87002755 reads in 790 ms 
INFO  00:51:27,567 MuTect - [MUTECT] Processed 88002791 reads in 696 ms 
INFO  00:51:28,321 MuTect - [MUTECT] Processed 89002791 reads in 754 ms 
INFO  00:51:28,473 MuTect - [MUTECT] Inspected 38000 potential candidates 
INFO  00:51:29,015 MuTect - [MUTECT] Processed 90002809 reads in 694 ms 
INFO  00:51:29,679 MuTect - [MUTECT] Processed 91002816 reads in 664 ms 
INFO  00:51:30,375 MuTect - [MUTECT] Inspected 39000 potential candidates 
INFO  00:51:30,428 MuTect - [MUTECT] Processed 92002824 reads in 749 ms 
INFO  00:51:31,133 MuTect - [MUTECT] Processed 93002873 reads in 705 ms 
INFO  00:51:31,841 MuTect - [MUTECT] Processed 94002888 reads in 708 ms 
INFO  00:51:32,068 MuTect - [MUTECT] Inspected 40000 potential candidates 
INFO  00:51:32,509 MuTect - [MUTECT] Processed 95002888 reads in 668 ms 
INFO  00:51:33,218 MuTect - [MUTECT] Processed 96002894 reads in 709 ms 
INFO  00:51:33,863 MuTect - [MUTECT] Processed 97002955 reads in 645 ms 
INFO  00:51:33,944 MuTect - [MUTECT] Inspected 41000 potential candidates 
INFO  00:51:34,613 MuTect - [MUTECT] Processed 98002956 reads in 750 ms 
INFO  00:51:35,077 ProgressMeter -  chr19:18455185        2.67e+09   26.5 m        0.0 s     83.1%        31.9 m     5.4 m 
INFO  00:51:35,325 MuTect - [MUTECT] Processed 99002967 reads in 712 ms 
INFO  00:51:35,983 MuTect - [MUTECT] Inspected 42000 potential candidates 
INFO  00:51:36,120 MuTect - [MUTECT] Processed 100003018 reads in 795 ms 
INFO  00:51:36,687 MuTect - [MUTECT] Processed 101003168 reads in 567 ms 
INFO  00:51:37,402 MuTect - [MUTECT] Processed 102003260 reads in 715 ms 
INFO  00:51:37,835 MuTect - [MUTECT] Inspected 43000 potential candidates 
INFO  00:51:38,079 MuTect - [MUTECT] Processed 103003262 reads in 677 ms 
INFO  00:51:38,668 MuTect - [MUTECT] Processed 104003282 reads in 588 ms 
INFO  00:51:39,427 MuTect - [MUTECT] Processed 105003380 reads in 760 ms 
INFO  00:51:39,712 MuTect - [MUTECT] Inspected 44000 potential candidates 
INFO  00:51:40,030 MuTect - [MUTECT] Processed 106003438 reads in 603 ms 
INFO  00:51:40,599 MuTect - [MUTECT] Processed 107003442 reads in 569 ms 
INFO  00:51:41,432 MuTect - [MUTECT] Processed 108003511 reads in 832 ms 
INFO  00:51:41,740 MuTect - [MUTECT] Inspected 45000 potential candidates 
INFO  00:51:42,338 MuTect - [MUTECT] Processed 109003522 reads in 907 ms 
INFO  00:51:43,528 MuTect - [MUTECT] Processed 110003523 reads in 1190 ms 
INFO  00:51:44,435 MuTect - [MUTECT] Processed 111003642 reads in 906 ms 
INFO  00:51:44,538 MuTect - [MUTECT] Inspected 46000 potential candidates 
INFO  00:51:45,513 MuTect - [MUTECT] Processed 112003670 reads in 1079 ms 
INFO  00:51:46,391 MuTect - [MUTECT] Processed 113003714 reads in 878 ms 
INFO  00:51:47,352 MuTect - [MUTECT] Inspected 47000 potential candidates 
INFO  00:51:47,515 MuTect - [MUTECT] Processed 114003738 reads in 1124 ms 
INFO  00:51:48,519 MuTect - [MUTECT] Processed 115003797 reads in 1004 ms 
INFO  00:51:49,733 MuTect - [MUTECT] Processed 116003837 reads in 1214 ms 
INFO  00:51:51,834 MuTect - [MUTECT] Inspected 48000 potential candidates 
INFO  00:51:53,831 MuTect - [MUTECT] Processed 117003868 reads in 4098 ms 
INFO  00:51:54,950 MuTect - [MUTECT] Processed 118003886 reads in 1119 ms 
INFO  00:51:55,556 MuTect - [MUTECT] Inspected 49000 potential candidates 
INFO  00:51:56,466 MuTect - [MUTECT] Processed 119003901 reads in 1516 ms 
INFO  00:51:57,962 MuTect - [MUTECT] Processed 120003977 reads in 1496 ms 
INFO  00:51:58,713 MuTect - [MUTECT] Processed 121004092 reads in 751 ms 
INFO  00:51:59,104 MuTect - [MUTECT] Inspected 50000 potential candidates 
INFO  00:51:59,450 MuTect - [MUTECT] Processed 122004139 reads in 737 ms 
INFO  00:52:00,131 MuTect - [MUTECT] Processed 123004179 reads in 681 ms 
INFO  00:52:00,857 MuTect - [MUTECT] Inspected 51000 potential candidates 
INFO  00:52:00,860 MuTect - [MUTECT] Processed 124004179 reads in 729 ms 
INFO  00:52:01,496 MuTect - [MUTECT] Processed 125004183 reads in 636 ms 
INFO  00:52:02,673 MuTect - [MUTECT] Processed 126004183 reads in 1177 ms 
INFO  00:52:03,735 MuTect - [MUTECT] Processed 127004241 reads in 1062 ms 
INFO  00:52:03,772 MuTect - [MUTECT] Inspected 52000 potential candidates 
INFO  00:52:04,531 MuTect - [MUTECT] Processed 128004334 reads in 796 ms 
INFO  00:52:05,078 ProgressMeter -  chr19:34791233        2.69e+09   27.0 m        0.0 s     83.6%        32.3 m     5.3 m 
INFO  00:52:05,330 MuTect - [MUTECT] Processed 129004363 reads in 799 ms 
INFO  00:52:06,058 MuTect - [MUTECT] Processed 130004392 reads in 728 ms 
INFO  00:52:06,244 MuTect - [MUTECT] Inspected 53000 potential candidates 
INFO  00:52:06,731 MuTect - [MUTECT] Processed 131004413 reads in 673 ms 
INFO  00:52:07,528 MuTect - [MUTECT] Processed 132004463 reads in 797 ms 
INFO  00:52:07,942 MuTect - [MUTECT] Inspected 54000 potential candidates 
INFO  00:52:08,072 MuTect - [MUTECT] Processed 133004481 reads in 544 ms 
INFO  00:52:08,710 MuTect - [MUTECT] Processed 134004652 reads in 638 ms 
INFO  00:52:09,289 MuTect - [MUTECT] Processed 135004673 reads in 579 ms 
INFO  00:52:09,532 MuTect - [MUTECT] Inspected 55000 potential candidates 
INFO  00:52:09,878 MuTect - [MUTECT] Processed 136004677 reads in 589 ms 
INFO  00:52:10,548 MuTect - [MUTECT] Processed 137004752 reads in 670 ms 
INFO  00:52:11,267 MuTect - [MUTECT] Processed 138004774 reads in 719 ms 
INFO  00:52:11,297 MuTect - [MUTECT] Inspected 56000 potential candidates 
INFO  00:52:12,016 MuTect - [MUTECT] Processed 139004774 reads in 749 ms 
INFO  00:52:12,820 MuTect - [MUTECT] Processed 140004851 reads in 803 ms 
INFO  00:52:13,509 MuTect - [MUTECT] Processed 141004883 reads in 690 ms 
INFO  00:52:13,648 MuTect - [MUTECT] Inspected 57000 potential candidates 
INFO  00:52:14,316 MuTect - [MUTECT] Processed 142004909 reads in 807 ms 
INFO  00:52:14,947 MuTect - [MUTECT] Processed 143004934 reads in 630 ms 
INFO  00:52:15,656 MuTect - [MUTECT] Processed 144004962 reads in 710 ms 
INFO  00:52:16,047 MuTect - [MUTECT] Inspected 58000 potential candidates 
INFO  00:52:16,276 MuTect - [MUTECT] Processed 145004974 reads in 620 ms 
INFO  00:52:17,047 MuTect - [MUTECT] Processed 146005049 reads in 771 ms 
INFO  00:52:17,778 MuTect - [MUTECT] Processed 147005134 reads in 731 ms 
INFO  00:52:18,538 MuTect - [MUTECT] Inspected 59000 potential candidates 
INFO  00:52:18,585 MuTect - [MUTECT] Processed 148005195 reads in 806 ms 
INFO  00:52:19,263 MuTect - [MUTECT] Processed 149005295 reads in 679 ms 
INFO  00:52:19,785 MuTect - [MUTECT] Processed 150005305 reads in 522 ms 
INFO  00:52:20,350 MuTect - [MUTECT] Processed 151005332 reads in 565 ms 
INFO  00:52:20,587 MuTect - [MUTECT] Inspected 60000 potential candidates 
INFO  00:52:20,857 MuTect - [MUTECT] Processed 152005371 reads in 507 ms 
INFO  00:52:21,462 MuTect - [MUTECT] Processed 153005408 reads in 605 ms 
INFO  00:52:22,092 MuTect - [MUTECT] Processed 154005420 reads in 630 ms 
INFO  00:52:22,668 MuTect - [MUTECT] Processed 155005422 reads in 576 ms 
INFO  00:52:22,697 MuTect - [MUTECT] Inspected 61000 potential candidates 
INFO  00:52:23,265 MuTect - [MUTECT] Processed 156005448 reads in 597 ms 
INFO  00:52:24,048 MuTect - [MUTECT] Processed 157005448 reads in 783 ms 
INFO  00:52:24,751 MuTect - [MUTECT] Processed 158005475 reads in 703 ms 
INFO  00:52:24,846 MuTect - [MUTECT] Inspected 62000 potential candidates 
INFO  00:52:25,357 MuTect - [MUTECT] Processed 159005530 reads in 606 ms 
INFO  00:52:25,840 MuTect - [MUTECT] Processed 160005534 reads in 483 ms 
INFO  00:52:26,450 MuTect - [MUTECT] Processed 161005558 reads in 610 ms 
INFO  00:52:26,913 MuTect - [MUTECT] Inspected 63000 potential candidates 
INFO  00:52:27,234 MuTect - [MUTECT] Processed 162005611 reads in 784 ms 
INFO  00:52:27,866 MuTect - [MUTECT] Processed 163005753 reads in 632 ms 
INFO  00:52:28,497 MuTect - [MUTECT] Processed 164005782 reads in 631 ms 
INFO  00:52:29,035 MuTect - [MUTECT] Processed 165005900 reads in 538 ms 
INFO  00:52:29,116 MuTect - [MUTECT] Inspected 64000 potential candidates 
INFO  00:52:29,701 MuTect - [MUTECT] Processed 166005902 reads in 666 ms 
INFO  00:52:30,373 MuTect - [MUTECT] Processed 167006084 reads in 672 ms 
INFO  00:52:31,034 MuTect - [MUTECT] Inspected 65000 potential candidates 
INFO  00:52:31,039 MuTect - [MUTECT] Processed 168006120 reads in 666 ms 
INFO  00:52:31,692 MuTect - [MUTECT] Processed 169006125 reads in 653 ms 
INFO  00:52:32,309 MuTect - [MUTECT] Processed 170006126 reads in 617 ms 
INFO  00:52:32,783 MuTect - [MUTECT] Inspected 66000 potential candidates 
INFO  00:52:32,952 MuTect - [MUTECT] Processed 171006210 reads in 643 ms 
INFO  00:52:33,753 MuTect - [MUTECT] Processed 172006235 reads in 801 ms 
INFO  00:52:34,501 MuTect - [MUTECT] Processed 173006312 reads in 748 ms 
INFO  00:52:34,840 MuTect - [MUTECT] Inspected 67000 potential candidates 
INFO  00:52:35,081 ProgressMeter -  chr19:41383601        2.70e+09   27.5 m        0.0 s     83.8%        32.9 m     5.3 m 
INFO  00:52:35,281 MuTect - [MUTECT] Processed 174006362 reads in 780 ms 
INFO  00:52:36,026 MuTect - [MUTECT] Processed 175006444 reads in 745 ms 
INFO  00:52:36,669 MuTect - [MUTECT] Processed 176006484 reads in 642 ms 
INFO  00:52:36,923 MuTect - [MUTECT] Inspected 68000 potential candidates 
INFO  00:52:37,347 MuTect - [MUTECT] Processed 177006501 reads in 679 ms 
INFO  00:52:38,027 MuTect - [MUTECT] Processed 178006506 reads in 680 ms 
INFO  00:52:38,583 MuTect - [MUTECT] Processed 179006545 reads in 556 ms 
INFO  00:52:38,715 MuTect - [MUTECT] Inspected 69000 potential candidates 
INFO  00:52:39,126 MuTect - [MUTECT] Processed 180006555 reads in 543 ms 
INFO  00:52:39,771 MuTect - [MUTECT] Processed 181006647 reads in 645 ms 
INFO  00:52:40,517 MuTect - [MUTECT] Processed 182006759 reads in 746 ms 
INFO  00:52:40,639 MuTect - [MUTECT] Inspected 70000 potential candidates 
INFO  00:52:41,130 MuTect - [MUTECT] Processed 183007068 reads in 613 ms 
INFO  00:52:41,738 MuTect - [MUTECT] Processed 184007103 reads in 608 ms 
INFO  00:52:42,492 MuTect - [MUTECT] Processed 185007103 reads in 754 ms 
INFO  00:52:42,742 MuTect - [MUTECT] Inspected 71000 potential candidates 
INFO  00:52:43,292 MuTect - [MUTECT] Processed 186007124 reads in 800 ms 
INFO  00:52:44,071 MuTect - [MUTECT] Processed 187007124 reads in 779 ms 
INFO  00:52:44,833 MuTect - [MUTECT] Processed 188007223 reads in 762 ms 
INFO  00:52:44,919 MuTect - [MUTECT] Inspected 72000 potential candidates 
INFO  00:52:45,591 MuTect - [MUTECT] Processed 189007300 reads in 758 ms 
INFO  00:52:46,225 MuTect - [MUTECT] Processed 190007371 reads in 634 ms 
INFO  00:52:46,732 MuTect - [MUTECT] Processed 191007427 reads in 507 ms 
INFO  00:52:46,953 MuTect - [MUTECT] Inspected 73000 potential candidates 
INFO  00:52:47,281 MuTect - [MUTECT] Processed 192007440 reads in 549 ms 
INFO  00:52:47,854 MuTect - [MUTECT] Processed 193007678 reads in 573 ms 
INFO  00:52:48,479 MuTect - [MUTECT] Processed 194007744 reads in 625 ms 
INFO  00:52:48,915 MuTect - [MUTECT] Inspected 74000 potential candidates 
INFO  00:52:49,254 MuTect - [MUTECT] Processed 195007746 reads in 775 ms 
INFO  00:52:50,044 MuTect - [MUTECT] Processed 196007829 reads in 790 ms 
INFO  00:52:50,828 MuTect - [MUTECT] Processed 197007833 reads in 784 ms 
INFO  00:52:50,966 MuTect - [MUTECT] Inspected 75000 potential candidates 
INFO  00:52:51,408 MuTect - [MUTECT] Processed 198007833 reads in 580 ms 
INFO  00:52:52,121 MuTect - [MUTECT] Processed 199007893 reads in 713 ms 
INFO  00:52:52,643 MuTect - [MUTECT] Inspected 76000 potential candidates 
INFO  00:52:52,764 MuTect - [MUTECT] Processed 200007953 reads in 643 ms 
INFO  00:52:53,455 MuTect - [MUTECT] Processed 201007968 reads in 691 ms 
INFO  00:52:54,143 MuTect - [MUTECT] Processed 202008022 reads in 688 ms 
INFO  00:52:54,494 MuTect - [MUTECT] Inspected 77000 potential candidates 
INFO  00:52:54,715 MuTect - [MUTECT] Processed 203008074 reads in 572 ms 
INFO  00:52:55,489 MuTect - [MUTECT] Processed 204008102 reads in 774 ms 
INFO  00:52:56,420 MuTect - [MUTECT] Processed 205008261 reads in 931 ms 
INFO  00:52:56,595 MuTect - [MUTECT] Inspected 78000 potential candidates 
INFO  00:52:57,214 MuTect - [MUTECT] Processed 206008327 reads in 794 ms 
INFO  00:52:57,879 MuTect - [MUTECT] Processed 207008338 reads in 665 ms 
INFO  00:52:58,619 MuTect - [MUTECT] Processed 208008376 reads in 740 ms 
INFO  00:52:58,643 MuTect - [MUTECT] Inspected 79000 potential candidates 
INFO  00:52:59,629 MuTect - [MUTECT] Processed 209008382 reads in 1010 ms 
INFO  00:53:00,271 MuTect - [MUTECT] Processed 210008383 reads in 642 ms 
INFO  00:53:00,720 MuTect - [MUTECT] Inspected 80000 potential candidates 
INFO  00:53:01,021 MuTect - [MUTECT] Processed 211008388 reads in 750 ms 
INFO  00:53:01,992 MuTect - [MUTECT] Processed 212008413 reads in 971 ms 
INFO  00:53:02,818 MuTect - [MUTECT] Processed 213008473 reads in 826 ms 
INFO  00:53:02,879 MuTect - [MUTECT] Inspected 81000 potential candidates 
INFO  00:53:03,554 MuTect - [MUTECT] Processed 214008502 reads in 736 ms 
INFO  00:53:04,254 MuTect - [MUTECT] Processed 215008555 reads in 700 ms 
INFO  00:53:04,852 MuTect - [MUTECT] Inspected 82000 potential candidates 
INFO  00:53:04,866 MuTect - [MUTECT] Processed 216008577 reads in 612 ms 
INFO  00:53:05,083 ProgressMeter -  chr19:48757901        2.70e+09   28.0 m        0.0 s     84.0%        33.4 m     5.3 m 
INFO  00:53:05,524 MuTect - [MUTECT] Processed 217008582 reads in 658 ms 
INFO  00:53:06,204 MuTect - [MUTECT] Processed 218008582 reads in 680 ms 
INFO  00:53:06,531 MuTect - [MUTECT] Inspected 83000 potential candidates 
INFO  00:53:06,881 MuTect - [MUTECT] Processed 219008650 reads in 677 ms 
INFO  00:53:07,479 MuTect - [MUTECT] Processed 220008663 reads in 598 ms 
INFO  00:53:08,249 MuTect - [MUTECT] Processed 221008667 reads in 770 ms 
INFO  00:53:08,325 MuTect - [MUTECT] Inspected 84000 potential candidates 
INFO  00:53:08,894 MuTect - [MUTECT] Processed 222008675 reads in 645 ms 
INFO  00:53:09,628 MuTect - [MUTECT] Processed 223008685 reads in 734 ms 
INFO  00:53:10,087 MuTect - [MUTECT] Inspected 85000 potential candidates 
INFO  00:53:10,256 MuTect - [MUTECT] Processed 224008733 reads in 628 ms 
INFO  00:53:10,898 MuTect - [MUTECT] Processed 225008749 reads in 642 ms 
INFO  00:53:11,399 MuTect - [MUTECT] Processed 226008783 reads in 501 ms 
INFO  00:53:11,751 MuTect - [MUTECT] Inspected 86000 potential candidates 
INFO  00:53:11,976 MuTect - [MUTECT] Processed 227008792 reads in 577 ms 
INFO  00:53:12,603 MuTect - [MUTECT] Processed 228008795 reads in 627 ms 
INFO  00:53:13,365 MuTect - [MUTECT] Processed 229008819 reads in 762 ms 
INFO  00:53:13,810 MuTect - [MUTECT] Inspected 87000 potential candidates 
INFO  00:53:14,030 MuTect - [MUTECT] Processed 230008888 reads in 665 ms 
INFO  00:53:14,680 MuTect - [MUTECT] Processed 231008911 reads in 650 ms 
INFO  00:53:15,421 MuTect - [MUTECT] Processed 232008926 reads in 741 ms 
INFO  00:53:15,593 MuTect - [MUTECT] Inspected 88000 potential candidates 
INFO  00:53:16,145 MuTect - [MUTECT] Processed 233008928 reads in 724 ms 
INFO  00:53:16,821 MuTect - [MUTECT] Processed 234008956 reads in 676 ms 
INFO  00:53:17,505 MuTect - [MUTECT] Processed 235008972 reads in 684 ms 
INFO  00:53:17,616 MuTect - [MUTECT] Inspected 89000 potential candidates 
INFO  00:53:18,242 MuTect - [MUTECT] Processed 236009031 reads in 737 ms 
INFO  00:53:18,919 MuTect - [MUTECT] Processed 237009116 reads in 677 ms 
INFO  00:53:19,558 MuTect - [MUTECT] Inspected 90000 potential candidates 
INFO  00:53:19,636 MuTect - [MUTECT] Processed 238009134 reads in 717 ms 
INFO  00:53:20,240 MuTect - [MUTECT] Processed 239009229 reads in 604 ms 
INFO  00:53:20,807 MuTect - [MUTECT] Processed 240009325 reads in 567 ms 
INFO  00:53:21,466 MuTect - [MUTECT] Processed 241009350 reads in 659 ms 
INFO  00:53:21,537 MuTect - [MUTECT] Inspected 91000 potential candidates 
INFO  00:53:22,040 MuTect - [MUTECT] Processed 242009366 reads in 574 ms 
INFO  00:53:22,777 MuTect - [MUTECT] Processed 243009487 reads in 737 ms 
INFO  00:53:23,411 MuTect - [MUTECT] Processed 244009488 reads in 634 ms 
INFO  00:53:23,571 MuTect - [MUTECT] Inspected 92000 potential candidates 
INFO  00:53:24,094 MuTect - [MUTECT] Processed 245009642 reads in 683 ms 
INFO  00:53:24,725 MuTect - [MUTECT] Processed 246009660 reads in 631 ms 
INFO  00:53:25,419 MuTect - [MUTECT] Processed 247009862 reads in 694 ms 
INFO  00:53:25,442 MuTect - [MUTECT] Inspected 93000 potential candidates 
INFO  00:53:26,036 MuTect - [MUTECT] Processed 248009867 reads in 617 ms 
INFO  00:53:26,740 MuTect - [MUTECT] Processed 249009873 reads in 704 ms 
INFO  00:53:27,326 MuTect - [MUTECT] Processed 250009924 reads in 586 ms 
INFO  00:53:27,544 MuTect - [MUTECT] Inspected 94000 potential candidates 
INFO  00:53:28,388 MuTect - [MUTECT] Processed 251009936 reads in 1062 ms 
INFO  00:53:29,409 MuTect - [MUTECT] Processed 252009947 reads in 1021 ms 
INFO  00:53:30,790 MuTect - [MUTECT] Processed 253009963 reads in 1381 ms 
INFO  00:53:31,289 MuTect - [MUTECT] Inspected 95000 potential candidates 
INFO  00:53:31,442 MuTect - [MUTECT] Processed 254009964 reads in 652 ms 
INFO  00:53:32,102 MuTect - [MUTECT] Processed 255009984 reads in 660 ms 
INFO  00:53:32,671 MuTect - [MUTECT] Processed 256009986 reads in 569 ms 
INFO  00:53:33,010 MuTect - [MUTECT] Inspected 96000 potential candidates 
INFO  00:53:33,294 MuTect - [MUTECT] Processed 257010024 reads in 623 ms 
INFO  00:53:34,008 MuTect - [MUTECT] Processed 258010125 reads in 714 ms 
INFO  00:53:34,613 MuTect - [MUTECT] Processed 259010137 reads in 605 ms 
INFO  00:53:34,986 MuTect - [MUTECT] Inspected 97000 potential candidates 
INFO  00:53:35,084 ProgressMeter -  chr19:55772637        2.71e+09   28.5 m        0.0 s     84.2%        33.9 m     5.3 m 
INFO  00:53:35,439 MuTect - [MUTECT] Processed 260010155 reads in 826 ms 
INFO  00:53:36,030 MuTect - [MUTECT] Processed 261010176 reads in 591 ms 
INFO  00:53:36,785 MuTect - [MUTECT] Processed 262010191 reads in 755 ms 
INFO  00:53:37,482 MuTect - [MUTECT] Inspected 98000 potential candidates 
INFO  00:53:37,484 MuTect - [MUTECT] Processed 263010199 reads in 699 ms 
INFO  00:53:38,287 MuTect - [MUTECT] Processed 264010311 reads in 803 ms 
INFO  00:53:38,798 MuTect - [MUTECT] Processed 265010372 reads in 511 ms 
INFO  00:53:39,485 MuTect - [MUTECT] Processed 266010429 reads in 686 ms 
INFO  00:53:40,136 MuTect - [MUTECT] Inspected 99000 potential candidates 
INFO  00:53:40,448 MuTect - [MUTECT] Processed 267010444 reads in 964 ms 
INFO  00:53:41,014 MuTect - [MUTECT] Processed 268010575 reads in 566 ms 
INFO  00:53:41,566 MuTect - [MUTECT] Processed 269010579 reads in 552 ms 
INFO  00:53:42,259 MuTect - [MUTECT] Processed 270010613 reads in 693 ms 
INFO  00:53:42,363 MuTect - [MUTECT] Inspected 100000 potential candidates 
INFO  00:53:42,902 MuTect - [MUTECT] Processed 271010657 reads in 643 ms 
INFO  00:53:43,399 MuTect - [MUTECT] Processed 272010729 reads in 497 ms 
INFO  00:53:44,046 MuTect - [MUTECT] Processed 273010761 reads in 647 ms 
INFO  00:53:44,616 MuTect - [MUTECT] Processed 274010790 reads in 570 ms 
INFO  00:53:44,636 MuTect - [MUTECT] Inspected 101000 potential candidates 
INFO  00:53:45,109 MuTect - [MUTECT] Processed 275010793 reads in 493 ms 
INFO  00:53:45,739 MuTect - [MUTECT] Processed 276010826 reads in 629 ms 
INFO  00:53:46,475 MuTect - [MUTECT] Processed 277010860 reads in 737 ms 
INFO  00:53:46,895 MuTect - [MUTECT] Inspected 102000 potential candidates 
INFO  00:53:47,084 MuTect - [MUTECT] Processed 278010861 reads in 609 ms 
INFO  00:53:47,658 MuTect - [MUTECT] Processed 279011005 reads in 574 ms 
INFO  00:53:48,206 MuTect - [MUTECT] Processed 280011059 reads in 548 ms 
INFO  00:53:48,559 MuTect - [MUTECT] Inspected 103000 potential candidates 
INFO  00:54:05,124 ProgressMeter -  chr20:27868101        2.71e+09   29.0 m        0.0 s     85.2%        34.1 m     5.0 m 
INFO  00:54:35,134 ProgressMeter -  chr21:21544401        2.78e+09   29.5 m        0.0 s     87.0%        33.9 m     4.4 m 
INFO  00:55:05,135 ProgressMeter -  chr22:33383401        2.82e+09   30.0 m        0.0 s     88.8%        33.8 m     3.8 m 
INFO  00:55:35,215 ProgressMeter -   chrX:39641001        2.88e+09   30.5 m        0.0 s     90.6%        33.7 m     3.2 m 
INFO  00:56:05,330 ProgressMeter -  chrX:103624301        2.88e+09   31.0 m        0.0 s     92.6%        33.5 m     2.5 m 
INFO  00:56:35,356 ProgressMeter -   chrY:10426101        3.03e+09   31.5 m        0.0 s     94.5%        33.4 m   109.0 s 
INFO  00:57:05,357 ProgressMeter - chr11_KI270826v1_alt:9501        3.13e+09   32.0 m        0.0 s     97.2%        32.9 m    54.0 s 
INFO  00:57:34,942 Walker - [REDUCE RESULT] Traversal result is: 0 
INFO  00:57:35,152 ProgressMeter -            done        3.22e+09   32.5 m        0.0 s    100.0%        32.5 m     0.0 s 
INFO  00:57:35,152 ProgressMeter - Total runtime 1952.38 secs, 32.54 min, 0.54 hours 
INFO  00:57:35,210 MicroScheduler - 92104 reads were filtered out during the traversal out of approximately 2146751 total reads (4.29%) 
INFO  00:57:35,211 MicroScheduler -   -> 0 reads (0.00% of total) failing BadCigarFilter 
INFO  00:57:35,211 MicroScheduler -   -> 90011 reads (4.19% of total) failing DuplicateReadFilter 
INFO  00:57:35,211 MicroScheduler -   -> 0 reads (0.00% of total) failing FailsVendorQualityCheckFilter 
INFO  00:57:35,211 MicroScheduler -   -> 0 reads (0.00% of total) failing MalformedReadFilter 
INFO  00:57:35,211 MicroScheduler -   -> 1044 reads (0.05% of total) failing NotPrimaryAlignmentFilter 
INFO  00:57:35,211 MicroScheduler -   -> 1049 reads (0.05% of total) failing UnmappedReadFilter 
[Sat Mar 13 00:57:39 2021]
Finished job 0.
1 of 1 steps (100%) done
{'Sample10_ARK1_S37.test': '--variant:mutect2 /spin1/scratch/tandonm/pipeline_out/tn_test_1/somatic/SNP_Indels/mutect2_out/vcf/Sample10_ARK1_S37.test.FINAL.vcf --variant:varscan /spin1/scratch/tandonm/pipeline_out/tn_test_1/somatic/SNP_Indels/varscan_out/vcf/Sample10_ARK1_S37.test.FINAL.vcf --variant:vardict /spin1/scratch/tandonm/pipeline_out/tn_test_1/somatic/SNP_Indels/vardict_out/vcf/Sample10_ARK1_S37.test.FINAL.vcf --variant:mutect /spin1/scratch/tandonm/pipeline_out/tn_test_1/somatic/SNP_Indels/mutect_out/vcf/Sample10_ARK1_S37.test.FINAL.vcf --variant:strelka /spin1/scratch/tandonm/pipeline_out/tn_test_1/somatic/SNP_Indels/strelka_out/vcf/Sample10_ARK1_S37.test.FINAL.vcf', 'Sample11_ACI_158_S38.test': '--variant:mutect2 /spin1/scratch/tandonm/pipeline_out/tn_test_1/somatic/SNP_Indels/mutect2_out/vcf/Sample11_ACI_158_S38.test.FINAL.vcf --variant:varscan /spin1/scratch/tandonm/pipeline_out/tn_test_1/somatic/SNP_Indels/varscan_out/vcf/Sample11_ACI_158_S38.test.FINAL.vcf --variant:vardict /spin1/scratch/tandonm/pipeline_out/tn_test_1/somatic/SNP_Indels/vardict_out/vcf/Sample11_ACI_158_S38.test.FINAL.vcf --variant:mutect /spin1/scratch/tandonm/pipeline_out/tn_test_1/somatic/SNP_Indels/mutect_out/vcf/Sample11_ACI_158_S38.test.FINAL.vcf --variant:strelka /spin1/scratch/tandonm/pipeline_out/tn_test_1/somatic/SNP_Indels/strelka_out/vcf/Sample11_ACI_158_S38.test.FINAL.vcf'}
