Building DAG of jobs...
Using shell: /usr/bin/bash
Provided cores: 4
Rules claiming more threads will be scaled down.
Job counts:
	count	jobs
	1	haplotypecaller
	1

[Sat Mar 13 00:19:39 2021]
rule haplotypecaller:
    input: /spin1/scratch/tandonm/pipeline_out/tn_test_1/bams/Sample11_ACI_158_S38.test.recal.bam
    output: /spin1/scratch/tandonm/pipeline_out/tn_test_1/germline/gVCFs/Sample11_ACI_158_S38.test.chr17.g.vcf.gz, /spin1/scratch/tandonm/pipeline_out/tn_test_1/germline/gVCFs/Sample11_ACI_158_S38.test.chr17.g.vcf.gz.tbi
    jobid: 0
    wildcards: samples=Sample11_ACI_158_S38.test, chroms=chr17

[+] Loading gcc  9.2.0  ... 
[+] Loading GSL 2.6 for GCC 9.2.0 ... 
[-] Unloading gcc  9.2.0  ... 
[+] Loading gcc  9.2.0  ... 
[+] Loading openmpi 3.1.4  for GCC 9.2.0 
[+] Loading ImageMagick  7.0.8  on cn2398 
[+] Loading HDF5  1.10.4 
[-] Unloading gcc  9.2.0  ... 
[+] Loading gcc  9.2.0  ... 
[+] Loading NetCDF 4.7.4_gcc9.2.0 
[+] Loading pandoc  2.11.4  on cn2398 
[+] Loading R 3.6.3 
[+] Loading GATK  4.1.4.1 

GATK/4 includes its own python environment. Loading a different python
environment
after the GATK module will result in some tools failing. Conversely, the python
environment included with GATK/4 will override any python modules you may
already
have loaded.


00:19:44.321 WARN  GATKAnnotationPluginDescriptor - Redundant enabled annotation group (StandardAnnotation) is enabled for this tool by default
Mar 13, 2021 12:19:44 AM shaded.cloud_nio.com.google.auth.oauth2.ComputeEngineCredentials runningOnComputeEngine
INFO: Failed to detect whether we are running on Google Compute Engine.
00:19:44.512 INFO  HaplotypeCaller - ------------------------------------------------------------
00:19:44.512 INFO  HaplotypeCaller - The Genome Analysis Toolkit (GATK) v4.1.4.1
00:19:44.512 INFO  HaplotypeCaller - For support and documentation go to https://software.broadinstitute.org/gatk/
00:19:44.512 INFO  HaplotypeCaller - Executing as tandonm@cn2398 on Linux v3.10.0-862.14.4.el7.x86_64 amd64
00:19:44.512 INFO  HaplotypeCaller - Java runtime: OpenJDK 64-Bit Server VM v1.8.0_181-b13
00:19:44.513 INFO  HaplotypeCaller - Start Date/Time: March 13, 2021 12:19:44 AM EST
00:19:44.513 INFO  HaplotypeCaller - ------------------------------------------------------------
00:19:44.513 INFO  HaplotypeCaller - ------------------------------------------------------------
00:19:44.513 INFO  HaplotypeCaller - HTSJDK Version: 2.21.0
00:19:44.513 INFO  HaplotypeCaller - Picard Version: 2.21.2
00:19:44.516 INFO  HaplotypeCaller - HTSJDK Defaults.COMPRESSION_LEVEL : 2
00:19:44.516 INFO  HaplotypeCaller - HTSJDK Defaults.USE_ASYNC_IO_READ_FOR_SAMTOOLS : false
00:19:44.517 INFO  HaplotypeCaller - HTSJDK Defaults.USE_ASYNC_IO_WRITE_FOR_SAMTOOLS : true
00:19:44.517 INFO  HaplotypeCaller - HTSJDK Defaults.USE_ASYNC_IO_WRITE_FOR_TRIBBLE : false
00:19:44.517 INFO  HaplotypeCaller - Deflater: JdkDeflater
00:19:44.518 INFO  HaplotypeCaller - Inflater: JdkInflater
00:19:44.518 INFO  HaplotypeCaller - GCS max retries/reopens: 20
00:19:44.518 INFO  HaplotypeCaller - Requester pays: disabled
00:19:44.518 INFO  HaplotypeCaller - Initializing engine
WARNING	2021-03-13 00:19:44	SamFiles	The index file /gpfs/gsfs7/users/tandonm/pl_test_data/human/bams/Sample11_ACI_158_S38.test.recal.bai was found by resolving the canonical path of a symlink: /spin1/scratch/tandonm/pipeline_out/tn_test_1/bams/Sample11_ACI_158_S38.test.recal.bam -> /gpfs/gsfs7/users/tandonm/pl_test_data/human/bams/Sample11_ACI_158_S38.test.recal.bam
WARNING: BAM index file /gpfs/gsfs7/users/tandonm/pl_test_data/human/bams/Sample11_ACI_158_S38.test.recal.bai is older than BAM /spin1/scratch/tandonm/pipeline_out/tn_test_1/bams/Sample11_ACI_158_S38.test.recal.bam
00:19:48.210 INFO  FeatureManager - Using codec VCFCodec to read file file:///fdb/GATK_resource_bundle/hg38bundle/dbsnp_138.hg38.vcf.gz
00:19:48.367 INFO  IntervalArgumentCollection - Processing 83257441 bp from intervals
00:19:48.403 INFO  HaplotypeCaller - Done initializing engine
00:19:48.405 INFO  HaplotypeCallerEngine - Tool is in reference confidence mode and the annotation, the following changes will be made to any specified annotations: 'StrandBiasBySample' will be enabled. 'ChromosomeCounts', 'FisherStrand', 'StrandOddsRatio' and 'QualByDepth' annotations have been disabled
00:19:48.466 INFO  HaplotypeCallerEngine - Standard Emitting and Calling confidence set to 0.0 for reference-model confidence output
00:19:48.466 INFO  HaplotypeCallerEngine - All sites annotated with PLs forced to true for reference-model confidence output
00:19:48.477 INFO  NativeLibraryLoader - Loading libgkl_utils.so from jar:file:/usr/local/apps/GATK/4.1.4.1/gatk-package-4.1.4.1-local.jar!/com/intel/gkl/native/libgkl_utils.so
00:19:48.480 INFO  NativeLibraryLoader - Loading libgkl_pairhmm_omp.so from jar:file:/usr/local/apps/GATK/4.1.4.1/gatk-package-4.1.4.1-local.jar!/com/intel/gkl/native/libgkl_pairhmm_omp.so
00:19:48.525 INFO  IntelPairHmm - Using CPU-supported AVX-512 instructions
00:19:48.525 INFO  IntelPairHmm - Flush-to-zero (FTZ) is enabled when running PairHMM
00:19:48.526 INFO  IntelPairHmm - Available threads: 1
00:19:48.526 INFO  IntelPairHmm - Requested threads: 4
00:19:48.526 WARN  IntelPairHmm - Using 1 available threads, but 4 were requested
00:19:48.526 INFO  PairHMM - Using the OpenMP multi-threaded AVX-accelerated native PairHMM implementation
00:19:48.594 INFO  ProgressMeter - Starting traversal
00:19:48.594 INFO  ProgressMeter -        Current Locus  Elapsed Minutes     Regions Processed   Regions/Minute
00:19:50.091 WARN  InbreedingCoeff - InbreedingCoeff will not be calculated; at least 10 samples must have called genotypes
00:19:58.596 INFO  ProgressMeter -        chr17:2362000              0.2                  8600          51589.7
00:20:08.598 INFO  ProgressMeter -        chr17:4676381              0.3                 17640          52909.4
00:20:18.608 INFO  ProgressMeter -        chr17:7851498              0.5                 29440          58854.5
00:20:28.617 INFO  ProgressMeter -       chr17:11963822              0.7                 44380          66531.7
00:20:37.745 WARN  DepthPerSampleHC - Annotation will not be calculated, genotype is not called or alleleLikelihoodMap is null
00:20:37.745 WARN  StrandBiasBySample - Annotation will not be calculated, genotype is not called or alleleLikelihoodMap is null
00:20:38.622 INFO  ProgressMeter -       chr17:18099185              0.8                 66110          79287.6
00:20:49.574 INFO  ProgressMeter -       chr17:21417067              1.0                 78280          77022.0
00:20:55.360 WARN  StrandBiasBySample - Annotation will not be calculated, genotype is not called or alleleLikelihoodMap is null
00:20:57.787 WARN  StrandBiasBySample - Annotation will not be calculated, genotype is not called or alleleLikelihoodMap is null
00:20:59.599 INFO  ProgressMeter -       chr17:28957388              1.2                104200          88050.1
00:21:06.802 WARN  StrandBiasBySample - Annotation will not be calculated, genotype is not called or alleleLikelihoodMap is null
00:21:09.599 INFO  ProgressMeter -       chr17:32672368              1.4                118310          87631.6
00:21:19.608 INFO  ProgressMeter -       chr17:39471608              1.5                142080          93664.7
00:21:29.614 INFO  ProgressMeter -       chr17:42766792              1.7                154480          91752.1
00:21:39.621 INFO  ProgressMeter -       chr17:47229356              1.9                170810          92307.3
00:21:47.494 WARN  StrandBiasBySample - Annotation will not be calculated, genotype is not called or alleleLikelihoodMap is null
00:21:49.623 INFO  ProgressMeter -       chr17:52030746              2.0                188300          93349.5
00:21:59.624 INFO  ProgressMeter -       chr17:59775148              2.2                215280          98579.0
00:22:09.632 INFO  ProgressMeter -       chr17:63695108              2.4                229960          97829.0
00:22:19.635 INFO  ProgressMeter -       chr17:67472992              2.5                244190          97002.8
00:22:29.647 INFO  ProgressMeter -       chr17:73202303              2.7                264840          98665.7
00:22:39.661 INFO  ProgressMeter -       chr17:75704015              2.9                274660          96334.2
00:22:47.194 WARN  StrandBiasBySample - Annotation will not be calculated, genotype is not called or alleleLikelihoodMap is null
00:22:49.673 INFO  ProgressMeter -       chr17:78167005              3.0                284420          94241.7
00:22:58.719 WARN  StrandBiasBySample - Annotation will not be calculated, genotype is not called or alleleLikelihoodMap is null
00:22:58.720 WARN  StrandBiasBySample - Annotation will not be calculated, genotype is not called or alleleLikelihoodMap is null
00:22:58.721 WARN  StrandBiasBySample - Annotation will not be calculated, genotype is not called or alleleLikelihoodMap is null
00:22:59.688 INFO  ProgressMeter -       chr17:81009675              3.2                295460          92769.0
00:23:09.663 INFO  HaplotypeCaller - 107599 read(s) filtered by: ((((((((MappingQualityReadFilter AND MappingQualityAvailableReadFilter) AND MappedReadFilter) AND NotSecondaryAlignmentReadFilter) AND NotDuplicateReadFilter) AND PassesVendorQualityCheckReadFilter) AND NonZeroReferenceLengthAlignmentReadFilter) AND GoodCigarReadFilter) AND WellformedReadFilter)
  107599 read(s) filtered by: (((((((MappingQualityReadFilter AND MappingQualityAvailableReadFilter) AND MappedReadFilter) AND NotSecondaryAlignmentReadFilter) AND NotDuplicateReadFilter) AND PassesVendorQualityCheckReadFilter) AND NonZeroReferenceLengthAlignmentReadFilter) AND GoodCigarReadFilter)
      107599 read(s) filtered by: ((((((MappingQualityReadFilter AND MappingQualityAvailableReadFilter) AND MappedReadFilter) AND NotSecondaryAlignmentReadFilter) AND NotDuplicateReadFilter) AND PassesVendorQualityCheckReadFilter) AND NonZeroReferenceLengthAlignmentReadFilter)
          107599 read(s) filtered by: (((((MappingQualityReadFilter AND MappingQualityAvailableReadFilter) AND MappedReadFilter) AND NotSecondaryAlignmentReadFilter) AND NotDuplicateReadFilter) AND PassesVendorQualityCheckReadFilter)
              107599 read(s) filtered by: ((((MappingQualityReadFilter AND MappingQualityAvailableReadFilter) AND MappedReadFilter) AND NotSecondaryAlignmentReadFilter) AND NotDuplicateReadFilter)
                  74771 read(s) filtered by: (((MappingQualityReadFilter AND MappingQualityAvailableReadFilter) AND MappedReadFilter) AND NotSecondaryAlignmentReadFilter)
                      74500 read(s) filtered by: ((MappingQualityReadFilter AND MappingQualityAvailableReadFilter) AND MappedReadFilter)
                          74500 read(s) filtered by: (MappingQualityReadFilter AND MappingQualityAvailableReadFilter)
                              74500 read(s) filtered by: MappingQualityReadFilter 
                      271 read(s) filtered by: NotSecondaryAlignmentReadFilter 
                  32828 read(s) filtered by: NotDuplicateReadFilter 

00:23:09.663 INFO  ProgressMeter -       chr17:83257167              3.4                304380          90828.5
00:23:09.663 INFO  ProgressMeter - Traversal complete. Processed 304380 total regions in 3.4 minutes.
00:23:09.680 INFO  VectorLoglessPairHMM - Time spent in setup for JNI call : 0.057961458
00:23:09.680 INFO  PairHMM - Total compute time in PairHMM computeLogLikelihoods() : 5.8764936510000005
00:23:09.680 INFO  SmithWatermanAligner - Total compute time in java Smith-Waterman : 7.37 sec
00:23:09.680 INFO  HaplotypeCaller - Shutting down engine
[March 13, 2021 12:23:09 AM EST] org.broadinstitute.hellbender.tools.walkers.haplotypecaller.HaplotypeCaller done. Elapsed time: 3.42 minutes.
Runtime.totalMemory()=2700607488
Using GATK jar /usr/local/apps/GATK/4.1.4.1/gatk-package-4.1.4.1-local.jar
Running:
    java -Dsamjdk.use_async_io_read_samtools=false -Dsamjdk.use_async_io_write_samtools=true -Dsamjdk.use_async_io_write_tribble=false -Dsamjdk.compression_level=2 -Xmx24g -jar /usr/local/apps/GATK/4.1.4.1/gatk-package-4.1.4.1-local.jar HaplotypeCaller --reference /data/tandonm/pl_test_data/human/genome/hg38/Homo_sapiens_assembly38.fasta --input /spin1/scratch/tandonm/pipeline_out/tn_test_1/bams/Sample11_ACI_158_S38.test.recal.bam --use-jdk-inflater --use-jdk-deflater --emit-ref-confidence GVCF --annotation-group StandardAnnotation --annotation-group AS_StandardAnnotation --dbsnp /fdb/GATK_resource_bundle/hg38bundle/dbsnp_138.hg38.vcf.gz --output /spin1/scratch/tandonm/pipeline_out/tn_test_1/germline/gVCFs/Sample11_ACI_158_S38.test.chr17.g.vcf.gz --intervals chr17 --max-alternate-alleles 3
[Sat Mar 13 00:23:10 2021]
Finished job 0.
1 of 1 steps (100%) done
{'Sample10_ARK1_S37.test': '--variant:vardict /spin1/scratch/tandonm/pipeline_out/tn_test_1/somatic/SNP_Indels/vardict_out/vcf/Sample10_ARK1_S37.test.FINAL.vcf --variant:mutect2 /spin1/scratch/tandonm/pipeline_out/tn_test_1/somatic/SNP_Indels/mutect2_out/vcf/Sample10_ARK1_S37.test.FINAL.vcf --variant:mutect /spin1/scratch/tandonm/pipeline_out/tn_test_1/somatic/SNP_Indels/mutect_out/vcf/Sample10_ARK1_S37.test.FINAL.vcf --variant:strelka /spin1/scratch/tandonm/pipeline_out/tn_test_1/somatic/SNP_Indels/strelka_out/vcf/Sample10_ARK1_S37.test.FINAL.vcf --variant:varscan /spin1/scratch/tandonm/pipeline_out/tn_test_1/somatic/SNP_Indels/varscan_out/vcf/Sample10_ARK1_S37.test.FINAL.vcf', 'Sample11_ACI_158_S38.test': '--variant:vardict /spin1/scratch/tandonm/pipeline_out/tn_test_1/somatic/SNP_Indels/vardict_out/vcf/Sample11_ACI_158_S38.test.FINAL.vcf --variant:mutect2 /spin1/scratch/tandonm/pipeline_out/tn_test_1/somatic/SNP_Indels/mutect2_out/vcf/Sample11_ACI_158_S38.test.FINAL.vcf --variant:mutect /spin1/scratch/tandonm/pipeline_out/tn_test_1/somatic/SNP_Indels/mutect_out/vcf/Sample11_ACI_158_S38.test.FINAL.vcf --variant:strelka /spin1/scratch/tandonm/pipeline_out/tn_test_1/somatic/SNP_Indels/strelka_out/vcf/Sample11_ACI_158_S38.test.FINAL.vcf --variant:varscan /spin1/scratch/tandonm/pipeline_out/tn_test_1/somatic/SNP_Indels/varscan_out/vcf/Sample11_ACI_158_S38.test.FINAL.vcf'}
