Building DAG of jobs...
Using shell: /usr/bin/bash
Provided cores: 4
Rules claiming more threads will be scaled down.
Job counts:
	count	jobs
	1	haplotypecaller
	1

[Sat Mar 13 00:19:40 2021]
rule haplotypecaller:
    input: /spin1/scratch/tandonm/pipeline_out/tn_test_1/bams/Sample11_ACI_158_S38.test.recal.bam
    output: /spin1/scratch/tandonm/pipeline_out/tn_test_1/germline/gVCFs/Sample11_ACI_158_S38.test.chr19.g.vcf.gz, /spin1/scratch/tandonm/pipeline_out/tn_test_1/germline/gVCFs/Sample11_ACI_158_S38.test.chr19.g.vcf.gz.tbi
    jobid: 0
    wildcards: samples=Sample11_ACI_158_S38.test, chroms=chr19

[+] Loading gcc  9.2.0  ... 
[+] Loading GSL 2.6 for GCC 9.2.0 ... 
[-] Unloading gcc  9.2.0  ... 
[+] Loading gcc  9.2.0  ... 
[+] Loading openmpi 3.1.4  for GCC 9.2.0 
[+] Loading ImageMagick  7.0.8  on cn2412 
[+] Loading HDF5  1.10.4 
[-] Unloading gcc  9.2.0  ... 
[+] Loading gcc  9.2.0  ... 
[+] Loading NetCDF 4.7.4_gcc9.2.0 
[+] Loading pandoc  2.11.4  on cn2412 
[+] Loading R 3.6.3 
[+] Loading GATK  4.1.4.1 

GATK/4 includes its own python environment. Loading a different python
environment
after the GATK module will result in some tools failing. Conversely, the python
environment included with GATK/4 will override any python modules you may
already
have loaded.


00:19:45.616 WARN  GATKAnnotationPluginDescriptor - Redundant enabled annotation group (StandardAnnotation) is enabled for this tool by default
Mar 13, 2021 12:19:45 AM shaded.cloud_nio.com.google.auth.oauth2.ComputeEngineCredentials runningOnComputeEngine
INFO: Failed to detect whether we are running on Google Compute Engine.
00:19:45.824 INFO  HaplotypeCaller - ------------------------------------------------------------
00:19:45.824 INFO  HaplotypeCaller - The Genome Analysis Toolkit (GATK) v4.1.4.1
00:19:45.824 INFO  HaplotypeCaller - For support and documentation go to https://software.broadinstitute.org/gatk/
00:19:45.824 INFO  HaplotypeCaller - Executing as tandonm@cn2412 on Linux v3.10.0-862.14.4.el7.x86_64 amd64
00:19:45.824 INFO  HaplotypeCaller - Java runtime: OpenJDK 64-Bit Server VM v1.8.0_181-b13
00:19:45.825 INFO  HaplotypeCaller - Start Date/Time: March 13, 2021 12:19:45 AM EST
00:19:45.825 INFO  HaplotypeCaller - ------------------------------------------------------------
00:19:45.825 INFO  HaplotypeCaller - ------------------------------------------------------------
00:19:45.825 INFO  HaplotypeCaller - HTSJDK Version: 2.21.0
00:19:45.825 INFO  HaplotypeCaller - Picard Version: 2.21.2
00:19:45.828 INFO  HaplotypeCaller - HTSJDK Defaults.COMPRESSION_LEVEL : 2
00:19:45.828 INFO  HaplotypeCaller - HTSJDK Defaults.USE_ASYNC_IO_READ_FOR_SAMTOOLS : false
00:19:45.828 INFO  HaplotypeCaller - HTSJDK Defaults.USE_ASYNC_IO_WRITE_FOR_SAMTOOLS : true
00:19:45.828 INFO  HaplotypeCaller - HTSJDK Defaults.USE_ASYNC_IO_WRITE_FOR_TRIBBLE : false
00:19:45.829 INFO  HaplotypeCaller - Deflater: JdkDeflater
00:19:45.829 INFO  HaplotypeCaller - Inflater: JdkInflater
00:19:45.829 INFO  HaplotypeCaller - GCS max retries/reopens: 20
00:19:45.829 INFO  HaplotypeCaller - Requester pays: disabled
00:19:45.829 INFO  HaplotypeCaller - Initializing engine
WARNING	2021-03-13 00:19:46	SamFiles	The index file /gpfs/gsfs7/users/tandonm/pl_test_data/human/bams/Sample11_ACI_158_S38.test.recal.bai was found by resolving the canonical path of a symlink: /spin1/scratch/tandonm/pipeline_out/tn_test_1/bams/Sample11_ACI_158_S38.test.recal.bam -> /gpfs/gsfs7/users/tandonm/pl_test_data/human/bams/Sample11_ACI_158_S38.test.recal.bam
WARNING: BAM index file /gpfs/gsfs7/users/tandonm/pl_test_data/human/bams/Sample11_ACI_158_S38.test.recal.bai is older than BAM /spin1/scratch/tandonm/pipeline_out/tn_test_1/bams/Sample11_ACI_158_S38.test.recal.bam
00:19:46.401 INFO  FeatureManager - Using codec VCFCodec to read file file:///fdb/GATK_resource_bundle/hg38bundle/dbsnp_138.hg38.vcf.gz
00:19:46.578 INFO  IntervalArgumentCollection - Processing 58617616 bp from intervals
00:19:46.625 INFO  HaplotypeCaller - Done initializing engine
00:19:46.627 INFO  HaplotypeCallerEngine - Tool is in reference confidence mode and the annotation, the following changes will be made to any specified annotations: 'StrandBiasBySample' will be enabled. 'ChromosomeCounts', 'FisherStrand', 'StrandOddsRatio' and 'QualByDepth' annotations have been disabled
00:19:46.695 INFO  HaplotypeCallerEngine - Standard Emitting and Calling confidence set to 0.0 for reference-model confidence output
00:19:46.695 INFO  HaplotypeCallerEngine - All sites annotated with PLs forced to true for reference-model confidence output
00:19:46.706 INFO  NativeLibraryLoader - Loading libgkl_utils.so from jar:file:/usr/local/apps/GATK/4.1.4.1/gatk-package-4.1.4.1-local.jar!/com/intel/gkl/native/libgkl_utils.so
00:19:46.708 INFO  NativeLibraryLoader - Loading libgkl_pairhmm_omp.so from jar:file:/usr/local/apps/GATK/4.1.4.1/gatk-package-4.1.4.1-local.jar!/com/intel/gkl/native/libgkl_pairhmm_omp.so
00:19:46.752 INFO  IntelPairHmm - Using CPU-supported AVX-512 instructions
00:19:46.753 INFO  IntelPairHmm - Flush-to-zero (FTZ) is enabled when running PairHMM
00:19:46.753 INFO  IntelPairHmm - Available threads: 1
00:19:46.753 INFO  IntelPairHmm - Requested threads: 4
00:19:46.753 WARN  IntelPairHmm - Using 1 available threads, but 4 were requested
00:19:46.753 INFO  PairHMM - Using the OpenMP multi-threaded AVX-accelerated native PairHMM implementation
00:19:46.830 INFO  ProgressMeter - Starting traversal
00:19:46.831 INFO  ProgressMeter -        Current Locus  Elapsed Minutes     Regions Processed   Regions/Minute
00:19:47.475 WARN  InbreedingCoeff - InbreedingCoeff will not be calculated; at least 10 samples must have called genotypes
00:19:56.866 INFO  ProgressMeter -        chr19:1468623              0.2                  5700          34080.7
00:20:06.884 INFO  ProgressMeter -        chr19:4217898              0.3                 16450          49219.6
00:20:16.885 INFO  ProgressMeter -        chr19:7497164              0.5                 29070          58035.5
00:20:26.899 INFO  ProgressMeter -       chr19:10224925              0.7                 39690          59434.0
00:20:30.919 WARN  DepthPerSampleHC - Annotation will not be calculated, genotype is not called or alleleLikelihoodMap is null
00:20:30.919 WARN  StrandBiasBySample - Annotation will not be calculated, genotype is not called or alleleLikelihoodMap is null
00:20:36.900 INFO  ProgressMeter -       chr19:13315943              0.8                 51630          61870.6
00:20:46.862 WARN  StrandBiasBySample - Annotation will not be calculated, genotype is not called or alleleLikelihoodMap is null
00:20:46.863 WARN  StrandBiasBySample - Annotation will not be calculated, genotype is not called or alleleLikelihoodMap is null
00:20:46.904 INFO  ProgressMeter -       chr19:17111981              1.0                 66110          66029.7
00:20:56.909 INFO  ProgressMeter -       chr19:21166546              1.2                 81430          69719.5
00:21:01.238 WARN  StrandBiasBySample - Annotation will not be calculated, genotype is not called or alleleLikelihoodMap is null
00:21:06.911 INFO  ProgressMeter -       chr19:29493765              1.3                110870          83069.4
00:21:09.801 WARN  StrandBiasBySample - Annotation will not be calculated, genotype is not called or alleleLikelihoodMap is null
00:21:16.914 INFO  ProgressMeter -       chr19:32633699              1.5                123340          82150.9
00:21:25.166 WARN  StrandBiasBySample - Annotation will not be calculated, genotype is not called or alleleLikelihoodMap is null
00:21:25.167 WARN  StrandBiasBySample - Annotation will not be calculated, genotype is not called or alleleLikelihoodMap is null
00:21:26.914 INFO  ProgressMeter -       chr19:34875458              1.7                132560          79470.0
00:21:36.990 INFO  ProgressMeter -       chr19:37152061              1.8                141700          77179.3
00:21:47.063 INFO  ProgressMeter -       chr19:39437240              2.0                150850          75279.5
00:21:57.063 INFO  ProgressMeter -       chr19:41163574              2.2                157700          72655.0
00:22:07.315 INFO  ProgressMeter -       chr19:43205430              2.3                165610          70731.2
00:22:17.330 INFO  ProgressMeter -       chr19:45349235              2.5                174250          69468.9
00:22:18.111 WARN  StrandBiasBySample - Annotation will not be calculated, genotype is not called or alleleLikelihoodMap is null
00:22:27.341 INFO  ProgressMeter -       chr19:48021478              2.7                185090          69188.2
00:22:37.357 INFO  ProgressMeter -       chr19:49429099              2.8                191190          67270.7
00:22:47.358 INFO  ProgressMeter -       chr19:51334729              3.0                199040          66153.0
00:22:57.381 INFO  ProgressMeter -       chr19:52971316              3.2                205610          64742.4
00:23:03.365 WARN  StrandBiasBySample - Annotation will not be calculated, genotype is not called or alleleLikelihoodMap is null
00:23:07.402 INFO  ProgressMeter -       chr19:55342622              3.3                214730          64235.6
00:23:10.299 WARN  StrandBiasBySample - Annotation will not be calculated, genotype is not called or alleleLikelihoodMap is null
00:23:17.557 INFO  ProgressMeter -       chr19:55955377              3.5                217550          61943.0
00:23:27.563 INFO  ProgressMeter -       chr19:58185383              3.7                226350          61527.1
00:23:29.945 INFO  HaplotypeCaller - 89903 read(s) filtered by: ((((((((MappingQualityReadFilter AND MappingQualityAvailableReadFilter) AND MappedReadFilter) AND NotSecondaryAlignmentReadFilter) AND NotDuplicateReadFilter) AND PassesVendorQualityCheckReadFilter) AND NonZeroReferenceLengthAlignmentReadFilter) AND GoodCigarReadFilter) AND WellformedReadFilter)
  89903 read(s) filtered by: (((((((MappingQualityReadFilter AND MappingQualityAvailableReadFilter) AND MappedReadFilter) AND NotSecondaryAlignmentReadFilter) AND NotDuplicateReadFilter) AND PassesVendorQualityCheckReadFilter) AND NonZeroReferenceLengthAlignmentReadFilter) AND GoodCigarReadFilter)
      89903 read(s) filtered by: ((((((MappingQualityReadFilter AND MappingQualityAvailableReadFilter) AND MappedReadFilter) AND NotSecondaryAlignmentReadFilter) AND NotDuplicateReadFilter) AND PassesVendorQualityCheckReadFilter) AND NonZeroReferenceLengthAlignmentReadFilter)
          89903 read(s) filtered by: (((((MappingQualityReadFilter AND MappingQualityAvailableReadFilter) AND MappedReadFilter) AND NotSecondaryAlignmentReadFilter) AND NotDuplicateReadFilter) AND PassesVendorQualityCheckReadFilter)
              89903 read(s) filtered by: ((((MappingQualityReadFilter AND MappingQualityAvailableReadFilter) AND MappedReadFilter) AND NotSecondaryAlignmentReadFilter) AND NotDuplicateReadFilter)
                  43145 read(s) filtered by: (((MappingQualityReadFilter AND MappingQualityAvailableReadFilter) AND MappedReadFilter) AND NotSecondaryAlignmentReadFilter)
                      42856 read(s) filtered by: ((MappingQualityReadFilter AND MappingQualityAvailableReadFilter) AND MappedReadFilter)
                          42856 read(s) filtered by: (MappingQualityReadFilter AND MappingQualityAvailableReadFilter)
                              42856 read(s) filtered by: MappingQualityReadFilter 
                      289 read(s) filtered by: NotSecondaryAlignmentReadFilter 
                  46758 read(s) filtered by: NotDuplicateReadFilter 

00:23:29.945 INFO  ProgressMeter -       chr19:58615688              3.7                228076          61334.4
00:23:29.945 INFO  ProgressMeter - Traversal complete. Processed 228076 total regions in 3.7 minutes.
00:23:29.969 INFO  VectorLoglessPairHMM - Time spent in setup for JNI call : 0.10287966600000001
00:23:29.969 INFO  PairHMM - Total compute time in PairHMM computeLogLikelihoods() : 11.929864456
00:23:29.969 INFO  SmithWatermanAligner - Total compute time in java Smith-Waterman : 14.34 sec
00:23:29.970 INFO  HaplotypeCaller - Shutting down engine
[March 13, 2021 12:23:29 AM EST] org.broadinstitute.hellbender.tools.walkers.haplotypecaller.HaplotypeCaller done. Elapsed time: 3.74 minutes.
Runtime.totalMemory()=3261595648
Using GATK jar /usr/local/apps/GATK/4.1.4.1/gatk-package-4.1.4.1-local.jar
Running:
    java -Dsamjdk.use_async_io_read_samtools=false -Dsamjdk.use_async_io_write_samtools=true -Dsamjdk.use_async_io_write_tribble=false -Dsamjdk.compression_level=2 -Xmx24g -jar /usr/local/apps/GATK/4.1.4.1/gatk-package-4.1.4.1-local.jar HaplotypeCaller --reference /data/tandonm/pl_test_data/human/genome/hg38/Homo_sapiens_assembly38.fasta --input /spin1/scratch/tandonm/pipeline_out/tn_test_1/bams/Sample11_ACI_158_S38.test.recal.bam --use-jdk-inflater --use-jdk-deflater --emit-ref-confidence GVCF --annotation-group StandardAnnotation --annotation-group AS_StandardAnnotation --dbsnp /fdb/GATK_resource_bundle/hg38bundle/dbsnp_138.hg38.vcf.gz --output /spin1/scratch/tandonm/pipeline_out/tn_test_1/germline/gVCFs/Sample11_ACI_158_S38.test.chr19.g.vcf.gz --intervals chr19 --max-alternate-alleles 3
[Sat Mar 13 00:23:30 2021]
Finished job 0.
1 of 1 steps (100%) done
{'Sample10_ARK1_S37.test': '--variant:varscan /spin1/scratch/tandonm/pipeline_out/tn_test_1/somatic/SNP_Indels/varscan_out/vcf/Sample10_ARK1_S37.test.FINAL.vcf --variant:strelka /spin1/scratch/tandonm/pipeline_out/tn_test_1/somatic/SNP_Indels/strelka_out/vcf/Sample10_ARK1_S37.test.FINAL.vcf --variant:mutect2 /spin1/scratch/tandonm/pipeline_out/tn_test_1/somatic/SNP_Indels/mutect2_out/vcf/Sample10_ARK1_S37.test.FINAL.vcf --variant:vardict /spin1/scratch/tandonm/pipeline_out/tn_test_1/somatic/SNP_Indels/vardict_out/vcf/Sample10_ARK1_S37.test.FINAL.vcf --variant:mutect /spin1/scratch/tandonm/pipeline_out/tn_test_1/somatic/SNP_Indels/mutect_out/vcf/Sample10_ARK1_S37.test.FINAL.vcf', 'Sample11_ACI_158_S38.test': '--variant:varscan /spin1/scratch/tandonm/pipeline_out/tn_test_1/somatic/SNP_Indels/varscan_out/vcf/Sample11_ACI_158_S38.test.FINAL.vcf --variant:strelka /spin1/scratch/tandonm/pipeline_out/tn_test_1/somatic/SNP_Indels/strelka_out/vcf/Sample11_ACI_158_S38.test.FINAL.vcf --variant:mutect2 /spin1/scratch/tandonm/pipeline_out/tn_test_1/somatic/SNP_Indels/mutect2_out/vcf/Sample11_ACI_158_S38.test.FINAL.vcf --variant:vardict /spin1/scratch/tandonm/pipeline_out/tn_test_1/somatic/SNP_Indels/vardict_out/vcf/Sample11_ACI_158_S38.test.FINAL.vcf --variant:mutect /spin1/scratch/tandonm/pipeline_out/tn_test_1/somatic/SNP_Indels/mutect_out/vcf/Sample11_ACI_158_S38.test.FINAL.vcf'}
