Building DAG of jobs...
Using shell: /usr/bin/bash
Provided cores: 4
Rules claiming more threads will be scaled down.
Job counts:
	count	jobs
	1	gatk_mutect2
	1

[Sat Mar 13 00:23:58 2021]
rule gatk_mutect2:
    input: /spin1/scratch/tandonm/pipeline_out/tn_test_1/bams/chrom_split/Sample4_CRL1622_S31.test.chr7.split.bam, /spin1/scratch/tandonm/pipeline_out/tn_test_1/bams/chrom_split/Sample10_ARK1_S37.test.chr7.split.bam
    output: /spin1/scratch/tandonm/pipeline_out/tn_test_1/somatic/SNP_Indels/mutect2_out/chrom_split/Sample10_ARK1_S37.test.chr7.vcf, /spin1/scratch/tandonm/pipeline_out/tn_test_1/somatic/SNP_Indels/mutect2_out/chrom_split/Sample10_ARK1_S37.test.chr7.f1r2.tar.gz, /spin1/scratch/tandonm/pipeline_out/tn_test_1/somatic/SNP_Indels/mutect2_out/chrom_split/Sample10_ARK1_S37.test.chr7.vcf.stats
    jobid: 0
    wildcards: samples=Sample10_ARK1_S37.test, chroms=chr7
    threads: 2

[+] Loading gcc  9.2.0  ... 
[+] Loading GSL 2.6 for GCC 9.2.0 ... 
[-] Unloading gcc  9.2.0  ... 
[+] Loading gcc  9.2.0  ... 
[+] Loading openmpi 3.1.4  for GCC 9.2.0 
[+] Loading ImageMagick  7.0.8  on cn2425 
[+] Loading HDF5  1.10.4 
[-] Unloading gcc  9.2.0  ... 
[+] Loading gcc  9.2.0  ... 
[+] Loading NetCDF 4.7.4_gcc9.2.0 
[+] Loading pandoc  2.11.4  on cn2425 
[+] Loading R 3.6.3 
[+] Loading GATK  4.1.4.1 

GATK/4 includes its own python environment. Loading a different python
environment
after the GATK module will result in some tools failing. Conversely, the python
environment included with GATK/4 will override any python modules you may
already
have loaded.


00:24:04.379 INFO  NativeLibraryLoader - Loading libgkl_compression.so from jar:file:/usr/local/apps/GATK/4.1.4.1/gatk-package-4.1.4.1-local.jar!/com/intel/gkl/native/libgkl_compression.so
Mar 13, 2021 12:24:04 AM shaded.cloud_nio.com.google.auth.oauth2.ComputeEngineCredentials runningOnComputeEngine
INFO: Failed to detect whether we are running on Google Compute Engine.
00:24:04.600 INFO  Mutect2 - ------------------------------------------------------------
00:24:04.601 INFO  Mutect2 - The Genome Analysis Toolkit (GATK) v4.1.4.1
00:24:04.601 INFO  Mutect2 - For support and documentation go to https://software.broadinstitute.org/gatk/
00:24:04.601 INFO  Mutect2 - Executing as tandonm@cn2425 on Linux v3.10.0-862.14.4.el7.x86_64 amd64
00:24:04.601 INFO  Mutect2 - Java runtime: OpenJDK 64-Bit Server VM v1.8.0_181-b13
00:24:04.601 INFO  Mutect2 - Start Date/Time: March 13, 2021 12:24:04 AM EST
00:24:04.601 INFO  Mutect2 - ------------------------------------------------------------
00:24:04.601 INFO  Mutect2 - ------------------------------------------------------------
00:24:04.602 INFO  Mutect2 - HTSJDK Version: 2.21.0
00:24:04.602 INFO  Mutect2 - Picard Version: 2.21.2
00:24:04.602 INFO  Mutect2 - HTSJDK Defaults.COMPRESSION_LEVEL : 2
00:24:04.602 INFO  Mutect2 - HTSJDK Defaults.USE_ASYNC_IO_READ_FOR_SAMTOOLS : false
00:24:04.602 INFO  Mutect2 - HTSJDK Defaults.USE_ASYNC_IO_WRITE_FOR_SAMTOOLS : true
00:24:04.602 INFO  Mutect2 - HTSJDK Defaults.USE_ASYNC_IO_WRITE_FOR_TRIBBLE : false
00:24:04.602 INFO  Mutect2 - Deflater: IntelDeflater
00:24:04.602 INFO  Mutect2 - Inflater: IntelInflater
00:24:04.602 INFO  Mutect2 - GCS max retries/reopens: 20
00:24:04.602 INFO  Mutect2 - Requester pays: disabled
00:24:04.602 INFO  Mutect2 - Initializing engine
00:24:05.271 INFO  FeatureManager - Using codec VCFCodec to read file file:///data/CCBR_Pipeliner/db/PipeDB/lib/hg38.noCOSMIC_ClinVar.pon.vcf.gz
00:24:05.404 INFO  FeatureManager - Using codec VCFCodec to read file file:///data/MA_shared/justin_wes_pipe/somatic-hg38-af-only-gnomad.hg38.vcf.gz
00:24:05.511 INFO  IntervalArgumentCollection - Processing 159345973 bp from intervals
00:24:05.576 INFO  Mutect2 - Done initializing engine
00:24:05.649 INFO  NativeLibraryLoader - Loading libgkl_utils.so from jar:file:/usr/local/apps/GATK/4.1.4.1/gatk-package-4.1.4.1-local.jar!/com/intel/gkl/native/libgkl_utils.so
00:24:05.651 INFO  NativeLibraryLoader - Loading libgkl_pairhmm_omp.so from jar:file:/usr/local/apps/GATK/4.1.4.1/gatk-package-4.1.4.1-local.jar!/com/intel/gkl/native/libgkl_pairhmm_omp.so
00:24:05.696 INFO  IntelPairHmm - Using CPU-supported AVX-512 instructions
00:24:05.696 INFO  IntelPairHmm - Flush-to-zero (FTZ) is enabled when running PairHMM
00:24:05.697 INFO  IntelPairHmm - Available threads: 2
00:24:05.697 INFO  IntelPairHmm - Requested threads: 4
00:24:05.697 WARN  IntelPairHmm - Using 2 available threads, but 4 were requested
00:24:05.697 INFO  PairHMM - Using the OpenMP multi-threaded AVX-accelerated native PairHMM implementation
00:24:05.835 INFO  ProgressMeter - Starting traversal
00:24:05.836 INFO  ProgressMeter -        Current Locus  Elapsed Minutes     Regions Processed   Regions/Minute
00:24:15.836 INFO  ProgressMeter -         chr7:2020844              0.2                  7110          42660.0
00:24:25.841 INFO  ProgressMeter -         chr7:5543362              0.3                 19660          58965.3
00:24:35.848 INFO  ProgressMeter -        chr7:12377233              0.5                 43350          86665.3
00:24:45.884 INFO  ProgressMeter -        chr7:23196419              0.7                 80320         120335.6
00:24:55.889 INFO  ProgressMeter -        chr7:33007273              0.8                114050         136715.1
00:25:05.930 INFO  ProgressMeter -        chr7:42910173              1.0                147930         147698.6
00:25:15.950 INFO  ProgressMeter -        chr7:47906611              1.2                165330         141481.0
00:25:25.952 INFO  ProgressMeter -        chr7:56076292              1.3                193410         144847.5
00:25:35.954 INFO  ProgressMeter -        chr7:65937363              1.5                227260         151308.3
00:25:45.975 INFO  ProgressMeter -        chr7:72807087              1.7                251570         150732.5
00:25:55.976 INFO  ProgressMeter -        chr7:76221437              1.8                264170         143910.9
00:26:05.987 INFO  ProgressMeter -        chr7:85001394              2.0                294400         147015.0
00:26:15.988 INFO  ProgressMeter -        chr7:93901963              2.2                324910         149783.3
00:26:25.989 INFO  ProgressMeter -        chr7:99698171              2.3                345270         147811.3
00:26:37.130 INFO  ProgressMeter -       chr7:100959835              2.5                350020         138810.5
00:26:47.141 INFO  ProgressMeter -       chr7:101154587              2.7                350810         130489.4
00:26:57.144 INFO  ProgressMeter -       chr7:105876203              2.9                367600         128750.6
00:27:07.144 INFO  ProgressMeter -       chr7:115191984              3.0                399570         132229.1
00:27:17.156 INFO  ProgressMeter -       chr7:125910656              3.2                436220         136803.3
00:27:27.156 INFO  ProgressMeter -       chr7:130963088              3.4                454070         135327.8
00:27:37.164 INFO  ProgressMeter -       chr7:138931954              3.5                481770         136784.2
00:27:47.164 INFO  ProgressMeter -       chr7:144403137              3.7                500900         135789.4
00:27:57.192 INFO  ProgressMeter -       chr7:151034850              3.9                523970         135886.7
00:28:07.192 INFO  ProgressMeter -       chr7:156453735              4.0                543030         134994.8
00:28:11.944 INFO  Mutect2 - 240659 read(s) filtered by: (((((((((((MappingQualityReadFilter AND MappingQualityAvailableReadFilter) AND MappingQualityNotZeroReadFilter) AND MappedReadFilter) AND NotSecondaryAlignmentReadFilter) AND NotDuplicateReadFilter) AND PassesVendorQualityCheckReadFilter) AND NonChimericOriginalAlignmentReadFilter) AND NonZeroReferenceLengthAlignmentReadFilter) AND ReadLengthReadFilter) AND GoodCigarReadFilter) AND WellformedReadFilter)
  240659 read(s) filtered by: ((((((((((MappingQualityReadFilter AND MappingQualityAvailableReadFilter) AND MappingQualityNotZeroReadFilter) AND MappedReadFilter) AND NotSecondaryAlignmentReadFilter) AND NotDuplicateReadFilter) AND PassesVendorQualityCheckReadFilter) AND NonChimericOriginalAlignmentReadFilter) AND NonZeroReferenceLengthAlignmentReadFilter) AND ReadLengthReadFilter) AND GoodCigarReadFilter)
      240659 read(s) filtered by: (((((((((MappingQualityReadFilter AND MappingQualityAvailableReadFilter) AND MappingQualityNotZeroReadFilter) AND MappedReadFilter) AND NotSecondaryAlignmentReadFilter) AND NotDuplicateReadFilter) AND PassesVendorQualityCheckReadFilter) AND NonChimericOriginalAlignmentReadFilter) AND NonZeroReferenceLengthAlignmentReadFilter) AND ReadLengthReadFilter)
          231329 read(s) filtered by: ((((((((MappingQualityReadFilter AND MappingQualityAvailableReadFilter) AND MappingQualityNotZeroReadFilter) AND MappedReadFilter) AND NotSecondaryAlignmentReadFilter) AND NotDuplicateReadFilter) AND PassesVendorQualityCheckReadFilter) AND NonChimericOriginalAlignmentReadFilter) AND NonZeroReferenceLengthAlignmentReadFilter)
              231329 read(s) filtered by: (((((((MappingQualityReadFilter AND MappingQualityAvailableReadFilter) AND MappingQualityNotZeroReadFilter) AND MappedReadFilter) AND NotSecondaryAlignmentReadFilter) AND NotDuplicateReadFilter) AND PassesVendorQualityCheckReadFilter) AND NonChimericOriginalAlignmentReadFilter)
                  231329 read(s) filtered by: ((((((MappingQualityReadFilter AND MappingQualityAvailableReadFilter) AND MappingQualityNotZeroReadFilter) AND MappedReadFilter) AND NotSecondaryAlignmentReadFilter) AND NotDuplicateReadFilter) AND PassesVendorQualityCheckReadFilter)
                      231329 read(s) filtered by: (((((MappingQualityReadFilter AND MappingQualityAvailableReadFilter) AND MappingQualityNotZeroReadFilter) AND MappedReadFilter) AND NotSecondaryAlignmentReadFilter) AND NotDuplicateReadFilter)
                          155612 read(s) filtered by: ((((MappingQualityReadFilter AND MappingQualityAvailableReadFilter) AND MappingQualityNotZeroReadFilter) AND MappedReadFilter) AND NotSecondaryAlignmentReadFilter)
                              154735 read(s) filtered by: (((MappingQualityReadFilter AND MappingQualityAvailableReadFilter) AND MappingQualityNotZeroReadFilter) AND MappedReadFilter)
                                  154735 read(s) filtered by: ((MappingQualityReadFilter AND MappingQualityAvailableReadFilter) AND MappingQualityNotZeroReadFilter)
                                      154735 read(s) filtered by: (MappingQualityReadFilter AND MappingQualityAvailableReadFilter)
                                          154735 read(s) filtered by: MappingQualityReadFilter 
                              877 read(s) filtered by: NotSecondaryAlignmentReadFilter 
                          75717 read(s) filtered by: NotDuplicateReadFilter 
          9330 read(s) filtered by: ReadLengthReadFilter 

00:28:11.944 INFO  ProgressMeter -       chr7:159344379              4.1                553115         134846.9
00:28:11.944 INFO  ProgressMeter - Traversal complete. Processed 553115 total regions in 4.1 minutes.
00:28:12.217 INFO  VectorLoglessPairHMM - Time spent in setup for JNI call : 0.086196689
00:28:12.218 INFO  PairHMM - Total compute time in PairHMM computeLogLikelihoods() : 8.555825522000001
00:28:12.218 INFO  SmithWatermanAligner - Total compute time in java Smith-Waterman : 14.00 sec
00:28:12.218 INFO  Mutect2 - Shutting down engine
[March 13, 2021 12:28:12 AM EST] org.broadinstitute.hellbender.tools.walkers.mutect.Mutect2 done. Elapsed time: 4.13 minutes.
Runtime.totalMemory()=2300575744
Tool returned:
SUCCESS
Using GATK jar /usr/local/apps/GATK/4.1.4.1/gatk-package-4.1.4.1-local.jar
Running:
    java -Dsamjdk.use_async_io_read_samtools=false -Dsamjdk.use_async_io_write_samtools=true -Dsamjdk.use_async_io_write_tribble=false -Dsamjdk.compression_level=2 -jar /usr/local/apps/GATK/4.1.4.1/gatk-package-4.1.4.1-local.jar Mutect2 -R /data/tandonm/pl_test_data/human/genome/hg38/Homo_sapiens_assembly38.fasta -I /spin1/scratch/tandonm/pipeline_out/tn_test_1/bams/chrom_split/Sample10_ARK1_S37.test.chr7.split.bam -I /spin1/scratch/tandonm/pipeline_out/tn_test_1/bams/chrom_split/Sample4_CRL1622_S31.test.chr7.split.bam -normal Sample4_CRL1622_S31.test --panel-of-normals /data/CCBR_Pipeliner/db/PipeDB/lib/hg38.noCOSMIC_ClinVar.pon.vcf.gz --germline-resource /data/MA_shared/justin_wes_pipe/somatic-hg38-af-only-gnomad.hg38.vcf.gz -L chr7 -O /spin1/scratch/tandonm/pipeline_out/tn_test_1/somatic/SNP_Indels/mutect2_out/chrom_split/Sample10_ARK1_S37.test.chr7.vcf --f1r2-tar-gz /spin1/scratch/tandonm/pipeline_out/tn_test_1/somatic/SNP_Indels/mutect2_out/chrom_split/Sample10_ARK1_S37.test.chr7.f1r2.tar.gz --independent-mates
[Sat Mar 13 00:28:12 2021]
Finished job 0.
1 of 1 steps (100%) done
{'Sample10_ARK1_S37.test': '--variant:mutect /spin1/scratch/tandonm/pipeline_out/tn_test_1/somatic/SNP_Indels/mutect_out/vcf/Sample10_ARK1_S37.test.FINAL.vcf --variant:mutect2 /spin1/scratch/tandonm/pipeline_out/tn_test_1/somatic/SNP_Indels/mutect2_out/vcf/Sample10_ARK1_S37.test.FINAL.vcf --variant:strelka /spin1/scratch/tandonm/pipeline_out/tn_test_1/somatic/SNP_Indels/strelka_out/vcf/Sample10_ARK1_S37.test.FINAL.vcf --variant:varscan /spin1/scratch/tandonm/pipeline_out/tn_test_1/somatic/SNP_Indels/varscan_out/vcf/Sample10_ARK1_S37.test.FINAL.vcf --variant:vardict /spin1/scratch/tandonm/pipeline_out/tn_test_1/somatic/SNP_Indels/vardict_out/vcf/Sample10_ARK1_S37.test.FINAL.vcf', 'Sample11_ACI_158_S38.test': '--variant:mutect /spin1/scratch/tandonm/pipeline_out/tn_test_1/somatic/SNP_Indels/mutect_out/vcf/Sample11_ACI_158_S38.test.FINAL.vcf --variant:mutect2 /spin1/scratch/tandonm/pipeline_out/tn_test_1/somatic/SNP_Indels/mutect2_out/vcf/Sample11_ACI_158_S38.test.FINAL.vcf --variant:strelka /spin1/scratch/tandonm/pipeline_out/tn_test_1/somatic/SNP_Indels/strelka_out/vcf/Sample11_ACI_158_S38.test.FINAL.vcf --variant:varscan /spin1/scratch/tandonm/pipeline_out/tn_test_1/somatic/SNP_Indels/varscan_out/vcf/Sample11_ACI_158_S38.test.FINAL.vcf --variant:vardict /spin1/scratch/tandonm/pipeline_out/tn_test_1/somatic/SNP_Indels/vardict_out/vcf/Sample11_ACI_158_S38.test.FINAL.vcf'}
