Building DAG of jobs...
Using shell: /usr/bin/bash
Provided cores: 4
Rules claiming more threads will be scaled down.
Job counts:
	count	jobs
	1	mutect
	1

[Sat Mar 13 00:25:38 2021]
rule mutect:
    input: /spin1/scratch/tandonm/pipeline_out/tn_test_1/bams/chrom_split/Sample4_CRL1622_S31.test.chr8.split.bam, /spin1/scratch/tandonm/pipeline_out/tn_test_1/bams/chrom_split/Sample10_ARK1_S37.test.chr8.split.bam
    output: /spin1/scratch/tandonm/pipeline_out/tn_test_1/somatic/SNP_Indels/mutect_out/chrom_split/Sample10_ARK1_S37.test.chr8.vcf, /spin1/scratch/tandonm/pipeline_out/tn_test_1/somatic/SNP_Indels/mutect_out/chrom_split/Sample10_ARK1_S37.test.chr8.stats.out
    jobid: 0
    wildcards: samples=Sample10_ARK1_S37.test, chroms=chr8


  +--------------------------------------------------------------------------+
           muTect functionality has been merged with GATK since 2015.
                   Please consider using GATK instead.

                     For more information please see:

             https://software.broadinstitute.org/gatk/blog?id=6495
  +--------------------------------------------------------------------------+

[+] Loading java 1.7.0_80  ... 
[+] Loading mutect / 1.1.7  ... 
mem = 2g
tmpdir = /lscratch/10304427/muTect
INFO  00:25:42,996 HelpFormatter - -------------------------------------------------------------------------------- 
INFO  00:25:42,998 HelpFormatter - The Genome Analysis Toolkit (GATK) v3.1-0-g72492bb, Compiled 2014/12/15 20:09:26 
INFO  00:25:42,999 HelpFormatter - Copyright (c) 2010 The Broad Institute 
INFO  00:25:42,999 HelpFormatter - For support and documentation go to http://www.broadinstitute.org/gatk 
INFO  00:25:43,002 HelpFormatter - Program Args: --analysis_type MuTect --reference_sequence /data/tandonm/pl_test_data/human/genome/hg38/Homo_sapiens_assembly38.fasta --normal_panel /data/CCBR_Pipeliner/db/PipeDB/lib/hg38.noCOSMIC_ClinVar.pon.vcf.gz --vcf /spin1/scratch/tandonm/pipeline_out/tn_test_1/somatic/SNP_Indels/mutect_out/chrom_split/Sample10_ARK1_S37.test.chr8.vcf --cosmic /data/CCBR_Pipeliner/db/PipeDB/lib/COSMIC_82_hg38.vcf.gz --dbsnp /fdb/GATK_resource_bundle/hg38bundle/dbsnp_138.hg38.vcf.gz --disable_auto_index_creation_and_locking_when_reading_rods --input_file:normal /spin1/scratch/tandonm/pipeline_out/tn_test_1/bams/chrom_split/Sample4_CRL1622_S31.test.chr8.split.bam --input_file:tumor /spin1/scratch/tandonm/pipeline_out/tn_test_1/bams/chrom_split/Sample10_ARK1_S37.test.chr8.split.bam --out /spin1/scratch/tandonm/pipeline_out/tn_test_1/somatic/SNP_Indels/mutect_out/chrom_split/Sample10_ARK1_S37.test.chr8.stats.out -rf BadCigar 
INFO  00:25:43,006 HelpFormatter - Executing as tandonm@cn2427 on Linux 3.10.0-862.14.4.el7.x86_64 amd64; Java HotSpot(TM) 64-Bit Server VM 1.7.0_80-b15. 
INFO  00:25:43,006 HelpFormatter - Date/Time: 2021/03/13 00:25:42 
INFO  00:25:43,006 HelpFormatter - -------------------------------------------------------------------------------- 
INFO  00:25:43,006 HelpFormatter - -------------------------------------------------------------------------------- 
INFO  00:25:43,440 GenomeAnalysisEngine - Strictness is SILENT 
INFO  00:25:43,761 GenomeAnalysisEngine - Downsampling Settings: Method: BY_SAMPLE, Target Coverage: 1000 
INFO  00:25:43,768 SAMDataSource$SAMReaders - Initializing SAMRecords in serial 
INFO  00:25:43,869 SAMDataSource$SAMReaders - Done initializing BAM readers: total time 0.10 
WARN  00:25:44,635 IndexDictionaryUtils - Track dbsnp doesn't have a sequence dictionary built in, skipping dictionary validation 
WARN  00:25:44,635 IndexDictionaryUtils - Track cosmic doesn't have a sequence dictionary built in, skipping dictionary validation 
WARN  00:25:44,635 IndexDictionaryUtils - Track normal_panel doesn't have a sequence dictionary built in, skipping dictionary validation 
INFO  00:25:44,694 GenomeAnalysisEngine - Preparing for traversal over 2 BAM files 
INFO  00:25:44,783 GenomeAnalysisEngine - Done preparing for traversal 
INFO  00:25:44,783 ProgressMeter - [INITIALIZATION COMPLETE; STARTING PROCESSING] 
INFO  00:25:44,783 ProgressMeter -        Location processed.sites  runtime per.1M.sites completed total.runtime remaining 
INFO  00:25:44,784 MuTect - VERSION INFO: MuTect:1.1.6-4-g69b7a37 Gatk:3.1-0-g72492bb 
INFO  00:26:14,788 ProgressMeter -   chr1:43608801        0.00e+00   30.0 s       49.6 w      1.4%        36.9 m    36.4 m 
INFO  00:26:44,790 ProgressMeter -   chr1:97409501        0.00e+00   60.0 s       99.2 w      3.0%        33.0 m    32.0 m 
INFO  00:27:14,792 ProgressMeter -  chr1:158539601        0.00e+00   90.0 s      148.8 w      4.9%        30.4 m    28.9 m 
INFO  00:27:44,825 ProgressMeter -  chr1:211007401        0.00e+00  120.0 s      198.5 w      6.6%        30.5 m    28.5 m 
INFO  00:28:14,838 ProgressMeter -    chr2:6564701        2.49e+08    2.5 m        0.0 s      7.9%        31.5 m    29.0 m 
INFO  00:28:44,843 ProgressMeter -   chr2:58182001        2.49e+08    3.0 m        0.0 s      9.5%        31.4 m    28.4 m 
INFO  00:29:14,872 ProgressMeter -  chr2:113080801        2.49e+08    3.5 m        0.0 s     11.3%        31.1 m    27.6 m 
INFO  00:29:44,885 ProgressMeter -  chr2:166795401        2.49e+08    4.0 m        0.0 s     12.9%        31.0 m    27.0 m 
INFO  00:30:14,900 ProgressMeter -  chr2:220554601        2.49e+08    4.5 m        1.0 s     14.6%        30.8 m    26.3 m 
INFO  00:30:44,902 ProgressMeter -   chr3:24699701        4.91e+08    5.0 m        0.0 s     16.0%        31.2 m    26.2 m 
INFO  00:31:14,904 ProgressMeter -   chr3:77292701        4.91e+08    5.5 m        0.0 s     17.7%        31.1 m    25.6 m 
INFO  00:31:44,906 ProgressMeter -  chr3:130943801        4.91e+08    6.0 m        0.0 s     19.3%        31.0 m    25.0 m 
INFO  00:32:14,937 ProgressMeter -  chr3:184600901        4.91e+08    6.5 m        0.0 s     21.0%        30.9 m    24.4 m 
INFO  00:32:45,065 ProgressMeter -   chr4:33687401        6.89e+08    7.0 m        0.0 s     22.5%        31.1 m    24.1 m 
INFO  00:33:15,120 ProgressMeter -   chr4:86030501        6.89e+08    7.5 m        0.0 s     24.1%        31.1 m    23.6 m 
INFO  00:33:45,203 ProgressMeter -  chr4:139828201        6.89e+08    8.0 m        0.0 s     25.8%        31.0 m    23.0 m 
INFO  00:34:15,351 ProgressMeter -  chr4:190214501        6.89e+08    8.5 m        0.0 s     27.3%        31.1 m    22.6 m 
INFO  00:34:45,353 ProgressMeter -   chr5:44525901        8.80e+08    9.0 m        0.0 s     28.7%        31.3 m    22.3 m 
INFO  00:35:15,394 ProgressMeter -   chr5:98319801        8.80e+08    9.5 m        0.0 s     30.4%        31.3 m    21.8 m 
INFO  00:35:45,397 ProgressMeter -  chr5:149285801        8.80e+08   10.0 m        0.0 s     32.0%        31.3 m    21.3 m 
INFO  00:36:15,548 ProgressMeter -   chr6:14479301        1.06e+09   10.5 m        0.0 s     33.4%        31.4 m    20.9 m 
INFO  00:36:45,550 ProgressMeter -   chr6:62778101        1.06e+09   11.0 m        0.0 s     34.9%        31.5 m    20.5 m 
INFO  00:37:15,649 ProgressMeter -  chr6:114659301        1.06e+09   11.5 m        0.0 s     36.5%        31.5 m    20.0 m 
INFO  00:37:45,652 ProgressMeter -  chr6:165629801        1.06e+09   12.0 m        0.0 s     38.1%        31.5 m    19.5 m 
INFO  00:38:15,654 ProgressMeter -   chr7:43441501        1.23e+09   12.5 m        0.0 s     39.6%        31.5 m    19.0 m 
INFO  00:38:45,656 ProgressMeter -   chr7:97120001        1.23e+09   13.0 m        0.0 s     41.3%        31.5 m    18.5 m 
INFO  00:39:15,659 ProgressMeter -  chr7:151179001        1.23e+09   13.5 m        0.0 s     43.0%        31.4 m    17.9 m 
INFO  00:39:25,091 MuTect - [MUTECT] Processed 1000004 reads in 820211 ms 
INFO  00:39:27,094 MuTect - [MUTECT] Processed 2000039 reads in 2003 ms 
INFO  00:39:31,508 MuTect - [MUTECT] Processed 3000055 reads in 4414 ms 
INFO  00:39:31,836 MuTect - [MUTECT] Inspected 1000 potential candidates 
INFO  00:39:33,285 MuTect - [MUTECT] Processed 4000095 reads in 1777 ms 
INFO  00:39:34,023 MuTect - [MUTECT] Processed 5000113 reads in 738 ms 
INFO  00:39:34,778 MuTect - [MUTECT] Processed 6000178 reads in 755 ms 
INFO  00:39:36,664 MuTect - [MUTECT] Processed 7000220 reads in 1886 ms 
INFO  00:39:38,418 MuTect - [MUTECT] Processed 8000261 reads in 1754 ms 
INFO  00:39:39,408 MuTect - [MUTECT] Inspected 2000 potential candidates 
INFO  00:39:40,057 MuTect - [MUTECT] Processed 9000269 reads in 1639 ms 
INFO  00:39:41,552 MuTect - [MUTECT] Processed 10000301 reads in 1495 ms 
INFO  00:39:42,380 MuTect - [MUTECT] Processed 11000370 reads in 828 ms 
INFO  00:39:42,788 MuTect - [MUTECT] Inspected 3000 potential candidates 
INFO  00:39:43,161 MuTect - [MUTECT] Processed 12000451 reads in 781 ms 
INFO  00:39:44,622 MuTect - [MUTECT] Processed 13000543 reads in 1461 ms 
INFO  00:39:45,662 ProgressMeter -   chr8:14024637        1.41e+09   14.0 m        0.0 s     43.7%        32.1 m    18.1 m 
INFO  00:39:47,898 MuTect - [MUTECT] Processed 14000543 reads in 3276 ms 
INFO  00:39:49,161 MuTect - [MUTECT] Inspected 4000 potential candidates 
INFO  00:39:49,752 MuTect - [MUTECT] Processed 15000564 reads in 1854 ms 
INFO  00:39:50,750 MuTect - [MUTECT] Processed 16000576 reads in 998 ms 
INFO  00:39:51,811 MuTect - [MUTECT] Processed 17000581 reads in 1061 ms 
INFO  00:39:53,052 MuTect - [MUTECT] Inspected 5000 potential candidates 
INFO  00:39:53,736 MuTect - [MUTECT] Processed 18000599 reads in 1925 ms 
INFO  00:39:55,292 MuTect - [MUTECT] Processed 19000599 reads in 1556 ms 
INFO  00:39:56,895 MuTect - [MUTECT] Processed 20000628 reads in 1603 ms 
INFO  00:39:57,377 MuTect - [MUTECT] Inspected 6000 potential candidates 
INFO  00:39:57,588 MuTect - [MUTECT] Processed 21000639 reads in 693 ms 
INFO  00:39:58,249 MuTect - [MUTECT] Processed 22000775 reads in 661 ms 
INFO  00:39:59,083 MuTect - [MUTECT] Processed 23000775 reads in 834 ms 
INFO  00:39:59,798 MuTect - [MUTECT] Inspected 7000 potential candidates 
INFO  00:40:00,225 MuTect - [MUTECT] Processed 24000826 reads in 1142 ms 
INFO  00:40:01,003 MuTect - [MUTECT] Processed 25000887 reads in 778 ms 
INFO  00:40:02,483 MuTect - [MUTECT] Processed 26000973 reads in 1480 ms 
INFO  00:40:03,455 MuTect - [MUTECT] Processed 27001027 reads in 972 ms 
INFO  00:40:03,716 MuTect - [MUTECT] Inspected 8000 potential candidates 
INFO  00:40:04,541 MuTect - [MUTECT] Processed 28001031 reads in 1086 ms 
INFO  00:40:06,090 MuTect - [MUTECT] Processed 29001041 reads in 1549 ms 
INFO  00:40:07,469 MuTect - [MUTECT] Processed 30001052 reads in 1379 ms 
INFO  00:40:07,758 MuTect - [MUTECT] Inspected 9000 potential candidates 
INFO  00:40:08,240 MuTect - [MUTECT] Processed 31001080 reads in 771 ms 
INFO  00:40:09,096 MuTect - [MUTECT] Processed 32001109 reads in 856 ms 
INFO  00:40:10,259 MuTect - [MUTECT] Processed 33001223 reads in 1163 ms 
INFO  00:40:11,019 MuTect - [MUTECT] Inspected 10000 potential candidates 
INFO  00:40:11,127 MuTect - [MUTECT] Processed 34001305 reads in 868 ms 
INFO  00:40:12,678 MuTect - [MUTECT] Processed 35001319 reads in 1551 ms 
INFO  00:40:13,660 MuTect - [MUTECT] Processed 36001344 reads in 982 ms 
INFO  00:40:14,336 MuTect - [MUTECT] Processed 37001443 reads in 676 ms 
INFO  00:40:14,641 MuTect - [MUTECT] Inspected 11000 potential candidates 
INFO  00:40:15,672 ProgressMeter -   chr8:32109857        1.42e+09   14.5 m        0.0 s     44.2%        32.8 m    18.3 m 
INFO  00:40:16,330 MuTect - [MUTECT] Processed 38001460 reads in 1994 ms 
INFO  00:40:18,738 MuTect - [MUTECT] Processed 39001461 reads in 2408 ms 
INFO  00:40:21,418 MuTect - [MUTECT] Processed 40001462 reads in 2680 ms 
INFO  00:40:21,950 MuTect - [MUTECT] Inspected 12000 potential candidates 
INFO  00:40:22,159 MuTect - [MUTECT] Processed 41001505 reads in 741 ms 
INFO  00:40:23,006 MuTect - [MUTECT] Processed 42001539 reads in 847 ms 
INFO  00:40:23,713 MuTect - [MUTECT] Processed 43001578 reads in 707 ms 
INFO  00:40:24,634 MuTect - [MUTECT] Processed 44001581 reads in 921 ms 
INFO  00:40:24,985 MuTect - [MUTECT] Inspected 13000 potential candidates 
INFO  00:40:25,541 MuTect - [MUTECT] Processed 45001601 reads in 907 ms 
INFO  00:40:27,853 MuTect - [MUTECT] Processed 46001603 reads in 2312 ms 
INFO  00:40:28,680 MuTect - [MUTECT] Processed 47001659 reads in 827 ms 
INFO  00:40:28,914 MuTect - [MUTECT] Inspected 14000 potential candidates 
INFO  00:40:29,402 MuTect - [MUTECT] Processed 48001677 reads in 722 ms 
INFO  00:40:30,592 MuTect - [MUTECT] Processed 49001709 reads in 1190 ms 
INFO  00:40:30,715 MuTect - [MUTECT] Inspected 15000 potential candidates 
INFO  00:40:31,204 MuTect - [MUTECT] Processed 50002087 reads in 612 ms 
INFO  00:40:31,999 MuTect - [MUTECT] Processed 51002093 reads in 795 ms 
INFO  00:40:32,248 MuTect - [MUTECT] Inspected 16000 potential candidates 
INFO  00:40:32,735 MuTect - [MUTECT] Processed 52002191 reads in 736 ms 
INFO  00:40:33,377 MuTect - [MUTECT] Processed 53002243 reads in 642 ms 
INFO  00:40:34,025 MuTect - [MUTECT] Inspected 17000 potential candidates 
INFO  00:40:34,244 MuTect - [MUTECT] Processed 54002324 reads in 867 ms 
INFO  00:40:35,064 MuTect - [MUTECT] Processed 55002422 reads in 820 ms 
INFO  00:40:35,748 MuTect - [MUTECT] Processed 56002433 reads in 684 ms 
INFO  00:40:35,803 MuTect - [MUTECT] Inspected 18000 potential candidates 
INFO  00:40:38,849 MuTect - [MUTECT] Processed 57002435 reads in 3101 ms 
INFO  00:40:39,878 MuTect - [MUTECT] Processed 58002436 reads in 1029 ms 
INFO  00:40:40,112 MuTect - [MUTECT] Inspected 19000 potential candidates 
INFO  00:40:40,468 MuTect - [MUTECT] Processed 59002487 reads in 590 ms 
INFO  00:40:41,046 MuTect - [MUTECT] Processed 60002534 reads in 578 ms 
INFO  00:40:43,033 MuTect - [MUTECT] Inspected 20000 potential candidates 
INFO  00:40:43,549 MuTect - [MUTECT] Processed 61002552 reads in 2503 ms 
INFO  00:40:45,234 MuTect - [MUTECT] Processed 62002579 reads in 1685 ms 
INFO  00:40:45,675 ProgressMeter -   chr8:52118305        1.44e+09   15.0 m        0.0 s     44.9%        33.4 m    18.4 m 
INFO  00:40:46,525 MuTect - [MUTECT] Processed 63002652 reads in 1291 ms 
INFO  00:40:46,569 MuTect - [MUTECT] Inspected 21000 potential candidates 
INFO  00:40:48,109 MuTect - [MUTECT] Processed 64002652 reads in 1584 ms 
INFO  00:40:49,022 MuTect - [MUTECT] Processed 65002653 reads in 913 ms 
INFO  00:40:49,595 MuTect - [MUTECT] Inspected 22000 potential candidates 
INFO  00:40:49,937 MuTect - [MUTECT] Processed 66002798 reads in 915 ms 
INFO  00:40:51,440 MuTect - [MUTECT] Processed 67002912 reads in 1503 ms 
INFO  00:40:52,272 MuTect - [MUTECT] Processed 68002915 reads in 831 ms 
INFO  00:40:52,296 MuTect - [MUTECT] Inspected 23000 potential candidates 
INFO  00:40:53,496 MuTect - [MUTECT] Processed 69002965 reads in 1225 ms 
INFO  00:40:55,326 MuTect - [MUTECT] Processed 70003032 reads in 1830 ms 
INFO  00:40:55,545 MuTect - [MUTECT] Inspected 24000 potential candidates 
INFO  00:40:56,147 MuTect - [MUTECT] Processed 71003105 reads in 821 ms 
INFO  00:40:58,230 MuTect - [MUTECT] Processed 72003146 reads in 2083 ms 
INFO  00:40:58,738 MuTect - [MUTECT] Processed 73003164 reads in 508 ms 
INFO  00:40:58,779 MuTect - [MUTECT] Inspected 25000 potential candidates 
INFO  00:40:59,961 MuTect - [MUTECT] Processed 74003176 reads in 1223 ms 
INFO  00:41:01,644 MuTect - [MUTECT] Processed 75003246 reads in 1683 ms 
INFO  00:41:02,265 MuTect - [MUTECT] Inspected 26000 potential candidates 
INFO  00:41:03,426 MuTect - [MUTECT] Processed 76003246 reads in 1781 ms 
INFO  00:41:04,993 MuTect - [MUTECT] Processed 77003333 reads in 1568 ms 
INFO  00:41:05,584 MuTect - [MUTECT] Inspected 27000 potential candidates 
INFO  00:41:05,868 MuTect - [MUTECT] Processed 78003408 reads in 875 ms 
INFO  00:41:06,392 MuTect - [MUTECT] Processed 79003475 reads in 524 ms 
INFO  00:41:07,283 MuTect - [MUTECT] Processed 80003503 reads in 891 ms 
INFO  00:41:07,595 MuTect - [MUTECT] Inspected 28000 potential candidates 
INFO  00:41:07,975 MuTect - [MUTECT] Processed 81003523 reads in 692 ms 
INFO  00:41:08,787 MuTect - [MUTECT] Processed 82003891 reads in 811 ms 
INFO  00:41:09,932 MuTect - [MUTECT] Processed 83003899 reads in 1146 ms 
INFO  00:41:10,336 MuTect - [MUTECT] Inspected 29000 potential candidates 
INFO  00:41:11,611 MuTect - [MUTECT] Processed 84003946 reads in 1679 ms 
INFO  00:41:12,768 MuTect - [MUTECT] Processed 85004081 reads in 1157 ms 
INFO  00:41:13,348 MuTect - [MUTECT] Inspected 30000 potential candidates 
INFO  00:41:14,224 MuTect - [MUTECT] Processed 86004102 reads in 1456 ms 
INFO  00:41:15,462 MuTect - [MUTECT] Processed 87004124 reads in 1238 ms 
INFO  00:41:15,676 ProgressMeter -   chr8:72457549        1.46e+09   15.5 m        0.0 s     45.5%        34.1 m    18.6 m 
INFO  00:41:16,735 MuTect - [MUTECT] Inspected 31000 potential candidates 
INFO  00:41:16,857 MuTect - [MUTECT] Processed 88004322 reads in 1395 ms 
INFO  00:41:17,940 MuTect - [MUTECT] Processed 89004323 reads in 1083 ms 
INFO  00:41:19,183 MuTect - [MUTECT] Processed 90004351 reads in 1242 ms 
INFO  00:41:19,445 MuTect - [MUTECT] Inspected 32000 potential candidates 
INFO  00:41:21,414 MuTect - [MUTECT] Processed 91004364 reads in 2232 ms 
INFO  00:41:22,230 MuTect - [MUTECT] Processed 92004364 reads in 816 ms 
INFO  00:41:24,359 MuTect - [MUTECT] Inspected 33000 potential candidates 
INFO  00:41:25,009 MuTect - [MUTECT] Processed 93004379 reads in 2779 ms 
INFO  00:41:26,263 MuTect - [MUTECT] Processed 94004384 reads in 1254 ms 
INFO  00:41:27,451 MuTect - [MUTECT] Inspected 34000 potential candidates 
INFO  00:41:27,502 MuTect - [MUTECT] Processed 95004412 reads in 1239 ms 
INFO  00:41:30,483 MuTect - [MUTECT] Processed 96004412 reads in 2981 ms 
INFO  00:41:31,492 MuTect - [MUTECT] Processed 97004414 reads in 1009 ms 
INFO  00:41:31,650 MuTect - [MUTECT] Inspected 35000 potential candidates 
INFO  00:41:32,799 MuTect - [MUTECT] Processed 98004414 reads in 1307 ms 
INFO  00:41:33,546 MuTect - [MUTECT] Processed 99004414 reads in 747 ms 
INFO  00:41:34,151 MuTect - [MUTECT] Inspected 36000 potential candidates 
INFO  00:41:35,075 MuTect - [MUTECT] Processed 100004426 reads in 1529 ms 
INFO  00:41:37,217 MuTect - [MUTECT] Processed 101004523 reads in 2142 ms 
INFO  00:41:37,831 MuTect - [MUTECT] Processed 102004676 reads in 614 ms 
INFO  00:41:37,839 MuTect - [MUTECT] Inspected 37000 potential candidates 
INFO  00:41:39,139 MuTect - [MUTECT] Processed 103004681 reads in 1308 ms 
INFO  00:41:40,416 MuTect - [MUTECT] Processed 104004710 reads in 1277 ms 
INFO  00:41:41,756 MuTect - [MUTECT] Inspected 38000 potential candidates 
INFO  00:41:42,081 MuTect - [MUTECT] Processed 105004714 reads in 1664 ms 
INFO  00:41:43,018 MuTect - [MUTECT] Processed 106004715 reads in 938 ms 
INFO  00:41:43,785 MuTect - [MUTECT] Processed 107004720 reads in 767 ms 
INFO  00:41:43,887 MuTect - [MUTECT] Inspected 39000 potential candidates 
INFO  00:41:44,562 MuTect - [MUTECT] Processed 108004725 reads in 776 ms 
INFO  00:41:45,269 MuTect - [MUTECT] Processed 109004810 reads in 708 ms 
INFO  00:41:45,745 ProgressMeter -   chr8:94894145        1.49e+09   16.0 m        0.0 s     46.2%        34.6 m    18.6 m 
INFO  00:41:45,816 MuTect - [MUTECT] Inspected 40000 potential candidates 
INFO  00:41:46,061 MuTect - [MUTECT] Processed 110004863 reads in 792 ms 
INFO  00:41:47,598 MuTect - [MUTECT] Processed 111004895 reads in 1537 ms 
INFO  00:41:49,173 MuTect - [MUTECT] Inspected 41000 potential candidates 
INFO  00:41:49,314 MuTect - [MUTECT] Processed 112004916 reads in 1716 ms 
INFO  00:41:50,129 MuTect - [MUTECT] Processed 113005048 reads in 815 ms 
INFO  00:41:50,799 MuTect - [MUTECT] Processed 114005065 reads in 670 ms 
INFO  00:41:51,561 MuTect - [MUTECT] Inspected 42000 potential candidates 
INFO  00:41:51,929 MuTect - [MUTECT] Processed 115005143 reads in 1130 ms 
INFO  00:41:52,911 MuTect - [MUTECT] Processed 116005205 reads in 982 ms 
INFO  00:41:53,644 MuTect - [MUTECT] Processed 117005317 reads in 733 ms 
INFO  00:41:54,218 MuTect - [MUTECT] Inspected 43000 potential candidates 
INFO  00:41:54,385 MuTect - [MUTECT] Processed 118005360 reads in 741 ms 
INFO  00:41:55,064 MuTect - [MUTECT] Processed 119005444 reads in 679 ms 
INFO  00:41:55,995 MuTect - [MUTECT] Processed 120005445 reads in 931 ms 
INFO  00:41:56,549 MuTect - [MUTECT] Inspected 44000 potential candidates 
INFO  00:41:57,205 MuTect - [MUTECT] Processed 121005447 reads in 1210 ms 
INFO  00:41:58,465 MuTect - [MUTECT] Processed 122005449 reads in 1260 ms 
INFO  00:41:59,149 MuTect - [MUTECT] Processed 123005452 reads in 684 ms 
INFO  00:41:59,485 MuTect - [MUTECT] Inspected 45000 potential candidates 
INFO  00:42:00,104 MuTect - [MUTECT] Processed 124005453 reads in 955 ms 
INFO  00:42:01,190 MuTect - [MUTECT] Processed 125005454 reads in 1086 ms 
INFO  00:42:01,892 MuTect - [MUTECT] Processed 126005585 reads in 702 ms 
INFO  00:42:02,326 MuTect - [MUTECT] Inspected 46000 potential candidates 
INFO  00:42:02,986 MuTect - [MUTECT] Processed 127005585 reads in 1094 ms 
INFO  00:42:03,737 MuTect - [MUTECT] Processed 128005721 reads in 751 ms 
INFO  00:42:05,755 MuTect - [MUTECT] Inspected 47000 potential candidates 
INFO  00:42:05,887 MuTect - [MUTECT] Processed 129005806 reads in 2150 ms 
INFO  00:42:07,072 MuTect - [MUTECT] Processed 130005828 reads in 1185 ms 
INFO  00:42:08,668 MuTect - [MUTECT] Processed 131005873 reads in 1596 ms 
INFO  00:42:09,353 MuTect - [MUTECT] Inspected 48000 potential candidates 
INFO  00:42:09,650 MuTect - [MUTECT] Processed 132005884 reads in 982 ms 
INFO  00:42:10,181 MuTect - [MUTECT] Processed 133005954 reads in 531 ms 
INFO  00:42:10,687 MuTect - [MUTECT] Processed 134006006 reads in 506 ms 
INFO  00:42:11,184 MuTect - [MUTECT] Inspected 49000 potential candidates 
INFO  00:42:11,589 MuTect - [MUTECT] Processed 135006068 reads in 902 ms 
INFO  00:42:13,935 MuTect - [MUTECT] Processed 136006078 reads in 2346 ms 
INFO  00:42:15,137 MuTect - [MUTECT] Processed 137006134 reads in 1202 ms 
INFO  00:42:15,746 ProgressMeter -  chr8:113915469        1.51e+09   16.5 m        0.0 s     46.8%        35.3 m    18.8 m 
INFO  00:42:16,047 MuTect - [MUTECT] Inspected 50000 potential candidates 
INFO  00:42:17,579 MuTect - [MUTECT] Processed 138006136 reads in 2442 ms 
INFO  00:42:19,163 MuTect - [MUTECT] Processed 139006136 reads in 1584 ms 
INFO  00:42:20,422 MuTect - [MUTECT] Processed 140006158 reads in 1259 ms 
INFO  00:42:20,593 MuTect - [MUTECT] Inspected 51000 potential candidates 
INFO  00:42:21,941 MuTect - [MUTECT] Processed 141006164 reads in 1519 ms 
INFO  00:42:23,013 MuTect - [MUTECT] Processed 142006248 reads in 1072 ms 
INFO  00:42:23,720 MuTect - [MUTECT] Processed 143006435 reads in 706 ms 
INFO  00:42:23,817 MuTect - [MUTECT] Inspected 52000 potential candidates 
INFO  00:42:24,671 MuTect - [MUTECT] Processed 144006460 reads in 952 ms 
INFO  00:42:25,378 MuTect - [MUTECT] Processed 145006465 reads in 707 ms 
INFO  00:42:26,154 MuTect - [MUTECT] Inspected 53000 potential candidates 
INFO  00:42:26,230 MuTect - [MUTECT] Processed 146006538 reads in 852 ms 
INFO  00:42:28,693 MuTect - [MUTECT] Processed 147006551 reads in 2463 ms 
INFO  00:42:29,438 MuTect - [MUTECT] Processed 148006638 reads in 745 ms 
INFO  00:42:29,719 MuTect - [MUTECT] Inspected 54000 potential candidates 
INFO  00:42:30,021 MuTect - [MUTECT] Processed 149006666 reads in 583 ms 
INFO  00:42:30,776 MuTect - [MUTECT] Processed 150006685 reads in 755 ms 
INFO  00:42:31,571 MuTect - [MUTECT] Processed 151006802 reads in 795 ms 
INFO  00:42:31,806 MuTect - [MUTECT] Inspected 55000 potential candidates 
INFO  00:42:32,246 MuTect - [MUTECT] Processed 152006879 reads in 675 ms 
INFO  00:42:33,272 MuTect - [MUTECT] Processed 153006900 reads in 1026 ms 
INFO  00:42:33,819 MuTect - [MUTECT] Processed 154006908 reads in 547 ms 
INFO  00:42:33,902 MuTect - [MUTECT] Inspected 56000 potential candidates 
INFO  00:42:34,898 MuTect - [MUTECT] Processed 155006943 reads in 1079 ms 
INFO  00:42:35,911 MuTect - [MUTECT] Processed 156006945 reads in 1013 ms 
INFO  00:42:37,588 MuTect - [MUTECT] Inspected 57000 potential candidates 
INFO  00:42:38,543 MuTect - [MUTECT] Processed 157006946 reads in 2632 ms 
INFO  00:42:40,850 MuTect - [MUTECT] Processed 158006948 reads in 2307 ms 
INFO  00:42:42,024 MuTect - [MUTECT] Inspected 58000 potential candidates 
INFO  00:42:42,255 MuTect - [MUTECT] Processed 159006991 reads in 1405 ms 
INFO  00:42:43,671 MuTect - [MUTECT] Processed 160007031 reads in 1416 ms 
INFO  00:42:44,322 MuTect - [MUTECT] Processed 161007053 reads in 651 ms 
INFO  00:42:44,894 MuTect - [MUTECT] Inspected 59000 potential candidates 
INFO  00:42:45,494 MuTect - [MUTECT] Processed 162007126 reads in 1172 ms 
INFO  00:42:45,749 ProgressMeter -  chr8:132857937        1.52e+09   17.0 m        0.0 s     47.4%        35.9 m    18.9 m 
INFO  00:42:46,054 MuTect - [MUTECT] Processed 163007126 reads in 560 ms 
INFO  00:42:46,678 MuTect - [MUTECT] Processed 164007172 reads in 624 ms 
INFO  00:42:46,991 MuTect - [MUTECT] Inspected 60000 potential candidates 
INFO  00:42:47,593 MuTect - [MUTECT] Processed 165007183 reads in 915 ms 
INFO  00:42:49,740 MuTect - [MUTECT] Processed 166007184 reads in 2147 ms 
INFO  00:42:50,719 MuTect - [MUTECT] Inspected 61000 potential candidates 
INFO  00:42:52,606 MuTect - [MUTECT] Processed 167007308 reads in 2866 ms 
INFO  00:42:53,697 MuTect - [MUTECT] Processed 168007409 reads in 1091 ms 
INFO  00:42:54,726 MuTect - [MUTECT] Inspected 62000 potential candidates 
INFO  00:42:55,566 MuTect - [MUTECT] Processed 169007409 reads in 1869 ms 
INFO  00:42:56,445 MuTect - [MUTECT] Processed 170007446 reads in 879 ms 
INFO  00:42:57,174 MuTect - [MUTECT] Processed 171007529 reads in 729 ms 
INFO  00:42:57,260 MuTect - [MUTECT] Inspected 63000 potential candidates 
INFO  00:42:58,259 MuTect - [MUTECT] Processed 172007530 reads in 1085 ms 
INFO  00:42:59,126 MuTect - [MUTECT] Processed 173007535 reads in 867 ms 
INFO  00:43:00,337 MuTect - [MUTECT] Inspected 64000 potential candidates 
INFO  00:43:00,549 MuTect - [MUTECT] Processed 174007616 reads in 1423 ms 
INFO  00:43:01,256 MuTect - [MUTECT] Processed 175007651 reads in 707 ms 
INFO  00:43:02,052 MuTect - [MUTECT] Processed 176007798 reads in 795 ms 
INFO  00:43:02,297 MuTect - [MUTECT] Inspected 65000 potential candidates 
INFO  00:43:03,056 MuTect - [MUTECT] Processed 177007922 reads in 1005 ms 
INFO  00:43:03,755 MuTect - [MUTECT] Processed 178007984 reads in 699 ms 
INFO  00:43:04,548 MuTect - [MUTECT] Processed 179008052 reads in 793 ms 
INFO  00:43:05,034 MuTect - [MUTECT] Inspected 66000 potential candidates 
INFO  00:43:05,147 MuTect - [MUTECT] Processed 180008074 reads in 599 ms 
INFO  00:43:05,689 MuTect - [MUTECT] Processed 181008081 reads in 542 ms 
INFO  00:43:06,184 MuTect - [MUTECT] Processed 182008283 reads in 495 ms 
INFO  00:43:06,663 MuTect - [MUTECT] Processed 183008326 reads in 479 ms 
INFO  00:43:07,190 MuTect - [MUTECT] Processed 184009031 reads in 527 ms 
INFO  00:43:07,796 MuTect - [MUTECT] Processed 185009048 reads in 606 ms 
INFO  00:43:08,108 MuTect - [MUTECT] Inspected 67000 potential candidates 
INFO  00:43:08,333 MuTect - [MUTECT] Processed 186009087 reads in 537 ms 
INFO  00:43:08,894 MuTect - [MUTECT] Processed 187009094 reads in 561 ms 
INFO  00:43:09,472 MuTect - [MUTECT] Processed 188009133 reads in 578 ms 
INFO  00:43:09,537 MuTect - [MUTECT] Inspected 68000 potential candidates 
INFO  00:43:10,061 MuTect - [MUTECT] Processed 189009193 reads in 589 ms 
INFO  00:43:10,535 MuTect - [MUTECT] Processed 190009285 reads in 474 ms 
INFO  00:43:10,983 MuTect - [MUTECT] Inspected 69000 potential candidates 
INFO  00:43:11,082 MuTect - [MUTECT] Processed 191009292 reads in 547 ms 
INFO  00:43:11,747 MuTect - [MUTECT] Processed 192009292 reads in 665 ms 
INFO  00:43:12,250 MuTect - [MUTECT] Processed 193009344 reads in 503 ms 
INFO  00:43:12,554 MuTect - [MUTECT] Inspected 70000 potential candidates 
INFO  00:43:12,842 MuTect - [MUTECT] Processed 194009411 reads in 592 ms 
INFO  00:43:13,401 MuTect - [MUTECT] Processed 195009431 reads in 559 ms 
INFO  00:43:13,875 MuTect - [MUTECT] Inspected 71000 potential candidates 
INFO  00:43:13,908 MuTect - [MUTECT] Processed 196009500 reads in 507 ms 
INFO  00:43:14,536 MuTect - [MUTECT] Processed 197009537 reads in 628 ms 
INFO  00:43:15,030 MuTect - [MUTECT] Processed 198009555 reads in 494 ms 
INFO  00:43:15,410 MuTect - [MUTECT] Inspected 72000 potential candidates 
INFO  00:43:15,611 MuTect - [MUTECT] Processed 199009568 reads in 581 ms 
INFO  00:43:15,751 ProgressMeter -  chr8:144523365        1.54e+09   17.5 m        0.0 s     47.7%        36.7 m    19.2 m 
INFO  00:43:16,132 MuTect - [MUTECT] Processed 200009581 reads in 521 ms 
INFO  00:43:16,925 MuTect - [MUTECT] Processed 201009640 reads in 793 ms 
INFO  00:43:17,247 MuTect - [MUTECT] Inspected 73000 potential candidates 
INFO  00:43:17,556 MuTect - [MUTECT] Processed 202009641 reads in 631 ms 
INFO  00:43:45,751 ProgressMeter -   chr9:45376901        1.54e+09   18.0 m        0.0 s     49.2%        36.6 m    18.6 m 
INFO  00:44:15,764 ProgressMeter -  chr9:102910001        1.54e+09   18.5 m        0.0 s     51.0%        36.3 m    17.8 m 
INFO  00:44:45,766 ProgressMeter -  chr10:10578501        1.67e+09   19.0 m        0.0 s     52.4%        36.3 m    17.3 m 
INFO  00:45:15,768 ProgressMeter -  chr10:62989301        1.67e+09   19.5 m        0.0 s     54.0%        36.1 m    16.6 m 
INFO  00:45:45,769 ProgressMeter - chr10:113930801        1.67e+09   20.0 m        0.0 s     55.6%        36.0 m    16.0 m 
INFO  00:46:15,771 ProgressMeter -  chr11:27232101        1.81e+09   20.5 m        0.0 s     57.1%        35.9 m    15.4 m 
INFO  00:46:45,905 ProgressMeter -  chr11:78607801        1.81e+09   21.0 m        0.0 s     58.7%        35.8 m    14.8 m 
INFO  00:47:15,907 ProgressMeter - chr11:128113001        1.81e+09   21.5 m        0.0 s     60.2%        35.7 m    14.2 m 
INFO  00:47:45,908 ProgressMeter -  chr12:39032901        1.94e+09   22.0 m        0.0 s     61.6%        35.7 m    13.7 m 
INFO  00:48:15,963 ProgressMeter -  chr12:90059101        1.94e+09   22.5 m        0.0 s     63.2%        35.6 m    13.1 m 
INFO  00:48:45,997 ProgressMeter -   chr13:6871401        2.08e+09   23.0 m        0.0 s     64.8%        35.5 m    12.5 m 
INFO  00:49:15,999 ProgressMeter -  chr13:60063201        2.08e+09   23.5 m        0.0 s     66.4%        35.4 m    11.9 m 
INFO  00:49:46,028 ProgressMeter - chr13:109646301        2.08e+09   24.0 m        0.0 s     68.0%        35.3 m    11.3 m 
INFO  00:50:16,029 ProgressMeter -  chr14:48582701        2.19e+09   24.5 m        0.0 s     69.6%        35.2 m    10.7 m 
INFO  00:50:46,032 ProgressMeter -  chr14:97042201        2.19e+09   25.0 m        0.0 s     71.1%        35.2 m    10.2 m 
INFO  00:51:16,073 ProgressMeter -  chr15:40974801        2.30e+09   25.5 m        0.0 s     72.7%        35.1 m     9.6 m 
INFO  00:51:46,076 ProgressMeter -  chr15:89674701        2.30e+09   26.0 m        0.0 s     74.2%        35.1 m     9.0 m 
INFO  00:52:17,026 ProgressMeter -  chr16:32817401        2.40e+09   26.5 m        0.0 s     75.6%        35.1 m     8.6 m 
INFO  00:52:47,120 ProgressMeter -  chr16:86114301        2.40e+09   27.0 m        0.0 s     77.3%        35.0 m     7.9 m 
INFO  00:53:17,131 ProgressMeter -  chr17:46174301        2.49e+09   27.5 m        0.0 s     78.9%        34.9 m     7.4 m 
INFO  00:53:47,132 ProgressMeter -  chr18:12087301        2.57e+09   28.0 m        0.0 s     80.4%        34.9 m     6.8 m 
INFO  00:54:17,134 ProgressMeter -  chr18:65879101        2.57e+09   28.5 m        0.0 s     82.1%        34.8 m     6.2 m 
INFO  00:54:47,262 ProgressMeter -  chr19:33243101        2.65e+09   29.0 m        0.0 s     83.5%        34.8 m     5.7 m 
INFO  00:55:17,264 ProgressMeter -  chr20:21762501        2.71e+09   29.5 m        0.0 s     85.0%        34.7 m     5.2 m 
INFO  00:55:47,359 ProgressMeter -  chr21:10400001        2.78e+09   30.0 m        0.0 s     86.7%        34.7 m     4.6 m 
INFO  00:56:17,428 ProgressMeter -  chr22:17092801        2.82e+09   30.5 m        0.0 s     88.3%        34.6 m     4.0 m 
INFO  00:56:47,430 ProgressMeter -   chrX:12045201        2.88e+09   31.0 m        0.0 s     89.7%        34.6 m     3.6 m 
INFO  00:57:17,432 ProgressMeter -   chrX:68661201        2.88e+09   31.5 m        0.0 s     91.5%        34.5 m     2.9 m 
INFO  00:57:47,433 ProgressMeter -  chrX:123956801        2.88e+09   32.0 m        0.0 s     93.2%        34.4 m     2.3 m 
INFO  00:58:17,434 ProgressMeter -   chrY:28415001        3.03e+09   32.5 m        0.0 s     95.1%        34.2 m   100.0 s 
INFO  00:58:47,435 ProgressMeter - chr16_KI270853v1_alt:188801        3.14e+09   33.0 m        0.0 s     97.5%        33.9 m    50.0 s 
INFO  00:59:17,604 ProgressMeter - HLA-DRB1*09:21:4101        3.22e+09   33.5 m        0.0 s    100.0%        33.5 m     0.0 s 
INFO  00:59:17,681 Walker - [REDUCE RESULT] Traversal result is: 0 
INFO  00:59:17,919 ProgressMeter -            done        3.22e+09   33.6 m        0.0 s    100.0%        33.6 m     0.0 s 
INFO  00:59:17,920 ProgressMeter - Total runtime 2013.14 secs, 33.55 min, 0.56 hours 
INFO  00:59:17,987 MicroScheduler - 65488 reads were filtered out during the traversal out of approximately 1540672 total reads (4.25%) 
INFO  00:59:17,987 MicroScheduler -   -> 0 reads (0.00% of total) failing BadCigarFilter 
INFO  00:59:17,988 MicroScheduler -   -> 63258 reads (4.11% of total) failing DuplicateReadFilter 
INFO  00:59:17,988 MicroScheduler -   -> 0 reads (0.00% of total) failing FailsVendorQualityCheckFilter 
INFO  00:59:17,988 MicroScheduler -   -> 0 reads (0.00% of total) failing MalformedReadFilter 
INFO  00:59:17,988 MicroScheduler -   -> 1267 reads (0.08% of total) failing NotPrimaryAlignmentFilter 
INFO  00:59:17,988 MicroScheduler -   -> 963 reads (0.06% of total) failing UnmappedReadFilter 
[Sat Mar 13 00:59:22 2021]
Finished job 0.
1 of 1 steps (100%) done
{'Sample10_ARK1_S37.test': '--variant:vardict /spin1/scratch/tandonm/pipeline_out/tn_test_1/somatic/SNP_Indels/vardict_out/vcf/Sample10_ARK1_S37.test.FINAL.vcf --variant:mutect /spin1/scratch/tandonm/pipeline_out/tn_test_1/somatic/SNP_Indels/mutect_out/vcf/Sample10_ARK1_S37.test.FINAL.vcf --variant:varscan /spin1/scratch/tandonm/pipeline_out/tn_test_1/somatic/SNP_Indels/varscan_out/vcf/Sample10_ARK1_S37.test.FINAL.vcf --variant:mutect2 /spin1/scratch/tandonm/pipeline_out/tn_test_1/somatic/SNP_Indels/mutect2_out/vcf/Sample10_ARK1_S37.test.FINAL.vcf --variant:strelka /spin1/scratch/tandonm/pipeline_out/tn_test_1/somatic/SNP_Indels/strelka_out/vcf/Sample10_ARK1_S37.test.FINAL.vcf', 'Sample11_ACI_158_S38.test': '--variant:vardict /spin1/scratch/tandonm/pipeline_out/tn_test_1/somatic/SNP_Indels/vardict_out/vcf/Sample11_ACI_158_S38.test.FINAL.vcf --variant:mutect /spin1/scratch/tandonm/pipeline_out/tn_test_1/somatic/SNP_Indels/mutect_out/vcf/Sample11_ACI_158_S38.test.FINAL.vcf --variant:varscan /spin1/scratch/tandonm/pipeline_out/tn_test_1/somatic/SNP_Indels/varscan_out/vcf/Sample11_ACI_158_S38.test.FINAL.vcf --variant:mutect2 /spin1/scratch/tandonm/pipeline_out/tn_test_1/somatic/SNP_Indels/mutect2_out/vcf/Sample11_ACI_158_S38.test.FINAL.vcf --variant:strelka /spin1/scratch/tandonm/pipeline_out/tn_test_1/somatic/SNP_Indels/strelka_out/vcf/Sample11_ACI_158_S38.test.FINAL.vcf'}
