Building DAG of jobs...
Using shell: /usr/bin/bash
Provided cores: 4
Rules claiming more threads will be scaled down.
Job counts:
	count	jobs
	1	haplotypecaller
	1

[Sat Mar 13 00:19:39 2021]
rule haplotypecaller:
    input: /spin1/scratch/tandonm/pipeline_out/tn_test_1/bams/Sample10_ARK1_S37.test.recal.bam
    output: /spin1/scratch/tandonm/pipeline_out/tn_test_1/germline/gVCFs/Sample10_ARK1_S37.test.chr18.g.vcf.gz, /spin1/scratch/tandonm/pipeline_out/tn_test_1/germline/gVCFs/Sample10_ARK1_S37.test.chr18.g.vcf.gz.tbi
    jobid: 0
    wildcards: samples=Sample10_ARK1_S37.test, chroms=chr18

[+] Loading gcc  9.2.0  ... 
[+] Loading GSL 2.6 for GCC 9.2.0 ... 
[-] Unloading gcc  9.2.0  ... 
[+] Loading gcc  9.2.0  ... 
[+] Loading openmpi 3.1.4  for GCC 9.2.0 
[+] Loading ImageMagick  7.0.8  on cn4475 
[+] Loading HDF5  1.10.4 
[-] Unloading gcc  9.2.0  ... 
[+] Loading gcc  9.2.0  ... 
[+] Loading NetCDF 4.7.4_gcc9.2.0 
[+] Loading pandoc  2.11.4  on cn4475 
[+] Loading R 3.6.3 
[+] Loading GATK  4.1.4.1 

GATK/4 includes its own python environment. Loading a different python
environment
after the GATK module will result in some tools failing. Conversely, the python
environment included with GATK/4 will override any python modules you may
already
have loaded.


00:19:46.129 WARN  GATKAnnotationPluginDescriptor - Redundant enabled annotation group (StandardAnnotation) is enabled for this tool by default
Mar 13, 2021 12:19:46 AM shaded.cloud_nio.com.google.auth.oauth2.ComputeEngineCredentials runningOnComputeEngine
INFO: Failed to detect whether we are running on Google Compute Engine.
00:19:46.404 INFO  HaplotypeCaller - ------------------------------------------------------------
00:19:46.405 INFO  HaplotypeCaller - The Genome Analysis Toolkit (GATK) v4.1.4.1
00:19:46.405 INFO  HaplotypeCaller - For support and documentation go to https://software.broadinstitute.org/gatk/
00:19:46.405 INFO  HaplotypeCaller - Executing as tandonm@cn4475 on Linux v3.10.0-862.14.4.el7.x86_64 amd64
00:19:46.405 INFO  HaplotypeCaller - Java runtime: OpenJDK 64-Bit Server VM v1.8.0_181-b13
00:19:46.405 INFO  HaplotypeCaller - Start Date/Time: March 13, 2021 12:19:46 AM EST
00:19:46.405 INFO  HaplotypeCaller - ------------------------------------------------------------
00:19:46.405 INFO  HaplotypeCaller - ------------------------------------------------------------
00:19:46.406 INFO  HaplotypeCaller - HTSJDK Version: 2.21.0
00:19:46.406 INFO  HaplotypeCaller - Picard Version: 2.21.2
00:19:46.409 INFO  HaplotypeCaller - HTSJDK Defaults.COMPRESSION_LEVEL : 2
00:19:46.409 INFO  HaplotypeCaller - HTSJDK Defaults.USE_ASYNC_IO_READ_FOR_SAMTOOLS : false
00:19:46.409 INFO  HaplotypeCaller - HTSJDK Defaults.USE_ASYNC_IO_WRITE_FOR_SAMTOOLS : true
00:19:46.409 INFO  HaplotypeCaller - HTSJDK Defaults.USE_ASYNC_IO_WRITE_FOR_TRIBBLE : false
00:19:46.410 INFO  HaplotypeCaller - Deflater: JdkDeflater
00:19:46.411 INFO  HaplotypeCaller - Inflater: JdkInflater
00:19:46.411 INFO  HaplotypeCaller - GCS max retries/reopens: 20
00:19:46.411 INFO  HaplotypeCaller - Requester pays: disabled
00:19:46.411 INFO  HaplotypeCaller - Initializing engine
WARNING	2021-03-13 00:19:46	SamFiles	The index file /gpfs/gsfs7/users/tandonm/pl_test_data/human/bams/Sample10_ARK1_S37.test.recal.bai was found by resolving the canonical path of a symlink: /spin1/scratch/tandonm/pipeline_out/tn_test_1/bams/Sample10_ARK1_S37.test.recal.bam -> /gpfs/gsfs7/users/tandonm/pl_test_data/human/bams/Sample10_ARK1_S37.test.recal.bam
WARNING: BAM index file /gpfs/gsfs7/users/tandonm/pl_test_data/human/bams/Sample10_ARK1_S37.test.recal.bai is older than BAM /spin1/scratch/tandonm/pipeline_out/tn_test_1/bams/Sample10_ARK1_S37.test.recal.bam
00:19:47.200 INFO  FeatureManager - Using codec VCFCodec to read file file:///fdb/GATK_resource_bundle/hg38bundle/dbsnp_138.hg38.vcf.gz
00:19:47.413 INFO  IntervalArgumentCollection - Processing 80373285 bp from intervals
00:19:47.482 INFO  HaplotypeCaller - Done initializing engine
00:19:47.485 INFO  HaplotypeCallerEngine - Tool is in reference confidence mode and the annotation, the following changes will be made to any specified annotations: 'StrandBiasBySample' will be enabled. 'ChromosomeCounts', 'FisherStrand', 'StrandOddsRatio' and 'QualByDepth' annotations have been disabled
00:19:47.566 INFO  HaplotypeCallerEngine - Standard Emitting and Calling confidence set to 0.0 for reference-model confidence output
00:19:47.566 INFO  HaplotypeCallerEngine - All sites annotated with PLs forced to true for reference-model confidence output
00:19:47.585 INFO  NativeLibraryLoader - Loading libgkl_utils.so from jar:file:/usr/local/apps/GATK/4.1.4.1/gatk-package-4.1.4.1-local.jar!/com/intel/gkl/native/libgkl_utils.so
00:19:47.587 INFO  NativeLibraryLoader - Loading libgkl_pairhmm_omp.so from jar:file:/usr/local/apps/GATK/4.1.4.1/gatk-package-4.1.4.1-local.jar!/com/intel/gkl/native/libgkl_pairhmm_omp.so
00:19:47.650 INFO  IntelPairHmm - Flush-to-zero (FTZ) is enabled when running PairHMM
00:19:47.650 INFO  IntelPairHmm - Available threads: 1
00:19:47.651 INFO  IntelPairHmm - Requested threads: 4
00:19:47.651 WARN  IntelPairHmm - Using 1 available threads, but 4 were requested
00:19:47.651 INFO  PairHMM - Using the OpenMP multi-threaded AVX-accelerated native PairHMM implementation
00:19:47.750 INFO  ProgressMeter - Starting traversal
00:19:47.750 INFO  ProgressMeter -        Current Locus  Elapsed Minutes     Regions Processed   Regions/Minute
00:19:49.171 WARN  InbreedingCoeff - InbreedingCoeff will not be calculated; at least 10 samples must have called genotypes
00:19:57.807 INFO  ProgressMeter -         chr18:607246              0.2                  2200          13125.2
00:20:02.530 WARN  DepthPerSampleHC - Annotation will not be calculated, genotype is not called or alleleLikelihoodMap is null
00:20:02.530 WARN  StrandBiasBySample - Annotation will not be calculated, genotype is not called or alleleLikelihoodMap is null
00:20:02.535 WARN  StrandBiasBySample - Annotation will not be calculated, genotype is not called or alleleLikelihoodMap is null
00:20:07.828 INFO  ProgressMeter -        chr18:2964413              0.3                 10570          31586.8
00:20:17.838 INFO  ProgressMeter -        chr18:7374426              0.5                 26070          51989.2
00:20:27.838 INFO  ProgressMeter -       chr18:11544675              0.7                 40750          60990.8
00:20:37.844 INFO  ProgressMeter -       chr18:14109063              0.8                 50060          59959.3
00:20:47.857 INFO  ProgressMeter -       chr18:21592728              1.0                 75500          75365.6
00:20:57.869 INFO  ProgressMeter -       chr18:25808371              1.2                 90480          77422.7
00:21:07.871 INFO  ProgressMeter -       chr18:31897906              1.3                111490          83492.3
00:21:17.894 INFO  ProgressMeter -       chr18:36807794              1.5                128620          85610.6
00:21:27.895 INFO  ProgressMeter -       chr18:44480465              1.7                154780          92734.5
00:21:37.914 INFO  ProgressMeter -       chr18:49488879              1.8                172320          93852.8
00:21:47.916 INFO  ProgressMeter -       chr18:55262407              2.0                192310          96022.2
00:21:57.935 INFO  ProgressMeter -       chr18:59269614              2.2                206470          95158.4
00:22:07.936 INFO  ProgressMeter -       chr18:64900539              2.3                226100          96771.4
00:22:16.092 WARN  StrandBiasBySample - Annotation will not be calculated, genotype is not called or alleleLikelihoodMap is null
00:22:17.937 INFO  ProgressMeter -       chr18:72539988              2.5                252280         100786.4
00:22:27.937 INFO  ProgressMeter -       chr18:78430173              2.7                272680         102135.6
00:22:31.440 INFO  HaplotypeCaller - 19160 read(s) filtered by: ((((((((MappingQualityReadFilter AND MappingQualityAvailableReadFilter) AND MappedReadFilter) AND NotSecondaryAlignmentReadFilter) AND NotDuplicateReadFilter) AND PassesVendorQualityCheckReadFilter) AND NonZeroReferenceLengthAlignmentReadFilter) AND GoodCigarReadFilter) AND WellformedReadFilter)
  19160 read(s) filtered by: (((((((MappingQualityReadFilter AND MappingQualityAvailableReadFilter) AND MappedReadFilter) AND NotSecondaryAlignmentReadFilter) AND NotDuplicateReadFilter) AND PassesVendorQualityCheckReadFilter) AND NonZeroReferenceLengthAlignmentReadFilter) AND GoodCigarReadFilter)
      19160 read(s) filtered by: ((((((MappingQualityReadFilter AND MappingQualityAvailableReadFilter) AND MappedReadFilter) AND NotSecondaryAlignmentReadFilter) AND NotDuplicateReadFilter) AND PassesVendorQualityCheckReadFilter) AND NonZeroReferenceLengthAlignmentReadFilter)
          19160 read(s) filtered by: (((((MappingQualityReadFilter AND MappingQualityAvailableReadFilter) AND MappedReadFilter) AND NotSecondaryAlignmentReadFilter) AND NotDuplicateReadFilter) AND PassesVendorQualityCheckReadFilter)
              19160 read(s) filtered by: ((((MappingQualityReadFilter AND MappingQualityAvailableReadFilter) AND MappedReadFilter) AND NotSecondaryAlignmentReadFilter) AND NotDuplicateReadFilter)
                  8360 read(s) filtered by: (((MappingQualityReadFilter AND MappingQualityAvailableReadFilter) AND MappedReadFilter) AND NotSecondaryAlignmentReadFilter)
                      8212 read(s) filtered by: ((MappingQualityReadFilter AND MappingQualityAvailableReadFilter) AND MappedReadFilter)
                          8212 read(s) filtered by: (MappingQualityReadFilter AND MappingQualityAvailableReadFilter)
                              8212 read(s) filtered by: MappingQualityReadFilter 
                      148 read(s) filtered by: NotSecondaryAlignmentReadFilter 
                  10800 read(s) filtered by: NotDuplicateReadFilter 

00:22:31.441 INFO  ProgressMeter -       chr18:80370440              2.7                279429         102423.1
00:22:31.441 INFO  ProgressMeter - Traversal complete. Processed 279429 total regions in 2.7 minutes.
00:22:31.460 INFO  VectorLoglessPairHMM - Time spent in setup for JNI call : 0.035491482000000005
00:22:31.461 INFO  PairHMM - Total compute time in PairHMM computeLogLikelihoods() : 2.7113580880000003
00:22:31.461 INFO  SmithWatermanAligner - Total compute time in java Smith-Waterman : 3.82 sec
00:22:31.461 INFO  HaplotypeCaller - Shutting down engine
[March 13, 2021 12:22:31 AM EST] org.broadinstitute.hellbender.tools.walkers.haplotypecaller.HaplotypeCaller done. Elapsed time: 2.76 minutes.
Runtime.totalMemory()=5776080896
Using GATK jar /usr/local/apps/GATK/4.1.4.1/gatk-package-4.1.4.1-local.jar
Running:
    java -Dsamjdk.use_async_io_read_samtools=false -Dsamjdk.use_async_io_write_samtools=true -Dsamjdk.use_async_io_write_tribble=false -Dsamjdk.compression_level=2 -Xmx24g -jar /usr/local/apps/GATK/4.1.4.1/gatk-package-4.1.4.1-local.jar HaplotypeCaller --reference /data/tandonm/pl_test_data/human/genome/hg38/Homo_sapiens_assembly38.fasta --input /spin1/scratch/tandonm/pipeline_out/tn_test_1/bams/Sample10_ARK1_S37.test.recal.bam --use-jdk-inflater --use-jdk-deflater --emit-ref-confidence GVCF --annotation-group StandardAnnotation --annotation-group AS_StandardAnnotation --dbsnp /fdb/GATK_resource_bundle/hg38bundle/dbsnp_138.hg38.vcf.gz --output /spin1/scratch/tandonm/pipeline_out/tn_test_1/germline/gVCFs/Sample10_ARK1_S37.test.chr18.g.vcf.gz --intervals chr18 --max-alternate-alleles 3
[Sat Mar 13 00:22:32 2021]
Finished job 0.
1 of 1 steps (100%) done
{'Sample10_ARK1_S37.test': '--variant:mutect /spin1/scratch/tandonm/pipeline_out/tn_test_1/somatic/SNP_Indels/mutect_out/vcf/Sample10_ARK1_S37.test.FINAL.vcf --variant:vardict /spin1/scratch/tandonm/pipeline_out/tn_test_1/somatic/SNP_Indels/vardict_out/vcf/Sample10_ARK1_S37.test.FINAL.vcf --variant:varscan /spin1/scratch/tandonm/pipeline_out/tn_test_1/somatic/SNP_Indels/varscan_out/vcf/Sample10_ARK1_S37.test.FINAL.vcf --variant:mutect2 /spin1/scratch/tandonm/pipeline_out/tn_test_1/somatic/SNP_Indels/mutect2_out/vcf/Sample10_ARK1_S37.test.FINAL.vcf --variant:strelka /spin1/scratch/tandonm/pipeline_out/tn_test_1/somatic/SNP_Indels/strelka_out/vcf/Sample10_ARK1_S37.test.FINAL.vcf', 'Sample11_ACI_158_S38.test': '--variant:mutect /spin1/scratch/tandonm/pipeline_out/tn_test_1/somatic/SNP_Indels/mutect_out/vcf/Sample11_ACI_158_S38.test.FINAL.vcf --variant:vardict /spin1/scratch/tandonm/pipeline_out/tn_test_1/somatic/SNP_Indels/vardict_out/vcf/Sample11_ACI_158_S38.test.FINAL.vcf --variant:varscan /spin1/scratch/tandonm/pipeline_out/tn_test_1/somatic/SNP_Indels/varscan_out/vcf/Sample11_ACI_158_S38.test.FINAL.vcf --variant:mutect2 /spin1/scratch/tandonm/pipeline_out/tn_test_1/somatic/SNP_Indels/mutect2_out/vcf/Sample11_ACI_158_S38.test.FINAL.vcf --variant:strelka /spin1/scratch/tandonm/pipeline_out/tn_test_1/somatic/SNP_Indels/strelka_out/vcf/Sample11_ACI_158_S38.test.FINAL.vcf'}
