Building DAG of jobs...
Using shell: /usr/bin/bash
Provided cores: 4
Rules claiming more threads will be scaled down.
Job counts:
	count	jobs
	1	sobdetect_get
	1

[Sat Mar 13 00:19:40 2021]
rule sobdetect_get:
    output: /spin1/scratch/tandonm/pipeline_out/tn_test_1/somatic/ffpe_filter/sobdetector/jarfile/SOBDetector_v1.0.2.jar
    jobid: 0

--2021-03-13 00:19:40--  https://github.com/mikdio/SOBDetector/releases/download/v1.0.2/SOBDetector_v1.0.2.jar
Resolving dtn04-e0 (dtn04-e0)... 10.1.200.240
Connecting to dtn04-e0 (dtn04-e0)|10.1.200.240|:3128... connected.
Proxy request sent, awaiting response... 302 Found
Location: https://github-releases.githubusercontent.com/143300323/e048f100-3d0c-11ea-8a12-af7d8b91fac9?X-Amz-Algorithm=AWS4-HMAC-SHA256&X-Amz-Credential=AKIAIWNJYAX4CSVEH53A%2F20210313%2Fus-east-1%2Fs3%2Faws4_request&X-Amz-Date=20210313T051940Z&X-Amz-Expires=300&X-Amz-Signature=bbc9465e341cef57d216cf1793959802a31ab01c5e9a850562c2478b50867276&X-Amz-SignedHeaders=host&actor_id=0&key_id=0&repo_id=143300323&response-content-disposition=attachment%3B%20filename%3DSOBDetector_v1.0.2.jar&response-content-type=application%2Foctet-stream [following]
--2021-03-13 00:19:40--  https://github-releases.githubusercontent.com/143300323/e048f100-3d0c-11ea-8a12-af7d8b91fac9?X-Amz-Algorithm=AWS4-HMAC-SHA256&X-Amz-Credential=AKIAIWNJYAX4CSVEH53A%2F20210313%2Fus-east-1%2Fs3%2Faws4_request&X-Amz-Date=20210313T051940Z&X-Amz-Expires=300&X-Amz-Signature=bbc9465e341cef57d216cf1793959802a31ab01c5e9a850562c2478b50867276&X-Amz-SignedHeaders=host&actor_id=0&key_id=0&repo_id=143300323&response-content-disposition=attachment%3B%20filename%3DSOBDetector_v1.0.2.jar&response-content-type=application%2Foctet-stream
Connecting to dtn04-e0 (dtn04-e0)|10.1.200.240|:3128... connected.
Proxy request sent, awaiting response... 200 OK
Length: 1047864 (1023K) [application/octet-stream]
Saving to: ‘/spin1/scratch/tandonm/pipeline_out/tn_test_1/somatic/ffpe_filter/sobdetector/jarfile/SOBDetector_v1.0.2.jar’

     0K .......... .......... .......... .......... ..........  4% 14.7M 0s
    50K .......... .......... .......... .......... ..........  9% 37.1M 0s
   100K .......... .......... .......... .......... .......... 14% 20.3M 0s
   150K .......... .......... .......... .......... .......... 19% 37.8M 0s
   200K .......... .......... .......... .......... .......... 24% 57.6M 0s
   250K .......... .......... .......... .......... .......... 29% 20.2M 0s
   300K .......... .......... .......... .......... .......... 34% 40.9M 0s
   350K .......... .......... .......... .......... .......... 39% 57.2M 0s
   400K .......... .......... .......... .......... .......... 43% 30.3M 0s
   450K .......... .......... .......... .......... .......... 48% 23.3M 0s
   500K .......... .......... .......... .......... .......... 53%  117M 0s
   550K .......... .......... .......... .......... .......... 58% 23.0M 0s
   600K .......... .......... .......... .......... .......... 63% 43.6M 0s
   650K .......... .......... .......... .......... .......... 68% 39.2M 0s
   700K .......... .......... .......... .......... .......... 73% 38.4M 0s
   750K .......... .......... .......... .......... .......... 78% 33.0M 0s
   800K .......... .......... .......... .......... .......... 83% 45.6M 0s
   850K .......... .......... .......... .......... .......... 87%  125M 0s
   900K .......... .......... .......... .......... .......... 92% 46.0M 0s
   950K .......... .......... .......... .......... .......... 97% 31.8M 0s
  1000K .......... .......... ...                             100%  278M=0.03s

2021-03-13 00:19:40 (34.3 MB/s) - ‘/spin1/scratch/tandonm/pipeline_out/tn_test_1/somatic/ffpe_filter/sobdetector/jarfile/SOBDetector_v1.0.2.jar’ saved [1047864/1047864]

[Sat Mar 13 00:19:40 2021]
Finished job 0.
1 of 1 steps (100%) done
{'Sample10_ARK1_S37.test': '--variant:mutect2 /spin1/scratch/tandonm/pipeline_out/tn_test_1/somatic/SNP_Indels/mutect2_out/vcf/Sample10_ARK1_S37.test.FINAL.vcf --variant:mutect /spin1/scratch/tandonm/pipeline_out/tn_test_1/somatic/SNP_Indels/mutect_out/vcf/Sample10_ARK1_S37.test.FINAL.vcf --variant:vardict /spin1/scratch/tandonm/pipeline_out/tn_test_1/somatic/SNP_Indels/vardict_out/vcf/Sample10_ARK1_S37.test.FINAL.vcf --variant:varscan /spin1/scratch/tandonm/pipeline_out/tn_test_1/somatic/SNP_Indels/varscan_out/vcf/Sample10_ARK1_S37.test.FINAL.vcf --variant:strelka /spin1/scratch/tandonm/pipeline_out/tn_test_1/somatic/SNP_Indels/strelka_out/vcf/Sample10_ARK1_S37.test.FINAL.vcf', 'Sample11_ACI_158_S38.test': '--variant:mutect2 /spin1/scratch/tandonm/pipeline_out/tn_test_1/somatic/SNP_Indels/mutect2_out/vcf/Sample11_ACI_158_S38.test.FINAL.vcf --variant:mutect /spin1/scratch/tandonm/pipeline_out/tn_test_1/somatic/SNP_Indels/mutect_out/vcf/Sample11_ACI_158_S38.test.FINAL.vcf --variant:vardict /spin1/scratch/tandonm/pipeline_out/tn_test_1/somatic/SNP_Indels/vardict_out/vcf/Sample11_ACI_158_S38.test.FINAL.vcf --variant:varscan /spin1/scratch/tandonm/pipeline_out/tn_test_1/somatic/SNP_Indels/varscan_out/vcf/Sample11_ACI_158_S38.test.FINAL.vcf --variant:strelka /spin1/scratch/tandonm/pipeline_out/tn_test_1/somatic/SNP_Indels/strelka_out/vcf/Sample11_ACI_158_S38.test.FINAL.vcf'}
