Building DAG of jobs...
Using shell: /usr/bin/bash
Provided cores: 4
Rules claiming more threads will be scaled down.
Job counts:
	count	jobs
	1	haplotypecaller
	1

[Sat Mar 13 00:20:36 2021]
rule haplotypecaller:
    input: /spin1/scratch/tandonm/pipeline_out/tn_test_1/bams/Sample10_ARK1_S37.test.recal.bam
    output: /spin1/scratch/tandonm/pipeline_out/tn_test_1/germline/gVCFs/Sample10_ARK1_S37.test.chr11.g.vcf.gz, /spin1/scratch/tandonm/pipeline_out/tn_test_1/germline/gVCFs/Sample10_ARK1_S37.test.chr11.g.vcf.gz.tbi
    jobid: 0
    wildcards: samples=Sample10_ARK1_S37.test, chroms=chr11

[+] Loading gcc  9.2.0  ... 
[+] Loading GSL 2.6 for GCC 9.2.0 ... 
[-] Unloading gcc  9.2.0  ... 
[+] Loading gcc  9.2.0  ... 
[+] Loading openmpi 3.1.4  for GCC 9.2.0 
[+] Loading ImageMagick  7.0.8  on cn2424 
[+] Loading HDF5  1.10.4 
[-] Unloading gcc  9.2.0  ... 
[+] Loading gcc  9.2.0  ... 
[+] Loading NetCDF 4.7.4_gcc9.2.0 
[+] Loading pandoc  2.11.4  on cn2424 
[+] Loading R 3.6.3 
[+] Loading GATK  4.1.4.1 

GATK/4 includes its own python environment. Loading a different python
environment
after the GATK module will result in some tools failing. Conversely, the python
environment included with GATK/4 will override any python modules you may
already
have loaded.


00:20:41.242 WARN  GATKAnnotationPluginDescriptor - Redundant enabled annotation group (StandardAnnotation) is enabled for this tool by default
Mar 13, 2021 12:20:41 AM shaded.cloud_nio.com.google.auth.oauth2.ComputeEngineCredentials runningOnComputeEngine
INFO: Failed to detect whether we are running on Google Compute Engine.
00:20:41.469 INFO  HaplotypeCaller - ------------------------------------------------------------
00:20:41.470 INFO  HaplotypeCaller - The Genome Analysis Toolkit (GATK) v4.1.4.1
00:20:41.470 INFO  HaplotypeCaller - For support and documentation go to https://software.broadinstitute.org/gatk/
00:20:41.470 INFO  HaplotypeCaller - Executing as tandonm@cn2424 on Linux v3.10.0-862.14.4.el7.x86_64 amd64
00:20:41.470 INFO  HaplotypeCaller - Java runtime: OpenJDK 64-Bit Server VM v1.8.0_181-b13
00:20:41.470 INFO  HaplotypeCaller - Start Date/Time: March 13, 2021 12:20:41 AM EST
00:20:41.470 INFO  HaplotypeCaller - ------------------------------------------------------------
00:20:41.470 INFO  HaplotypeCaller - ------------------------------------------------------------
00:20:41.470 INFO  HaplotypeCaller - HTSJDK Version: 2.21.0
00:20:41.470 INFO  HaplotypeCaller - Picard Version: 2.21.2
00:20:41.473 INFO  HaplotypeCaller - HTSJDK Defaults.COMPRESSION_LEVEL : 2
00:20:41.473 INFO  HaplotypeCaller - HTSJDK Defaults.USE_ASYNC_IO_READ_FOR_SAMTOOLS : false
00:20:41.473 INFO  HaplotypeCaller - HTSJDK Defaults.USE_ASYNC_IO_WRITE_FOR_SAMTOOLS : true
00:20:41.473 INFO  HaplotypeCaller - HTSJDK Defaults.USE_ASYNC_IO_WRITE_FOR_TRIBBLE : false
00:20:41.474 INFO  HaplotypeCaller - Deflater: JdkDeflater
00:20:41.474 INFO  HaplotypeCaller - Inflater: JdkInflater
00:20:41.474 INFO  HaplotypeCaller - GCS max retries/reopens: 20
00:20:41.474 INFO  HaplotypeCaller - Requester pays: disabled
00:20:41.474 INFO  HaplotypeCaller - Initializing engine
WARNING	2021-03-13 00:20:41	SamFiles	The index file /gpfs/gsfs7/users/tandonm/pl_test_data/human/bams/Sample10_ARK1_S37.test.recal.bai was found by resolving the canonical path of a symlink: /spin1/scratch/tandonm/pipeline_out/tn_test_1/bams/Sample10_ARK1_S37.test.recal.bam -> /gpfs/gsfs7/users/tandonm/pl_test_data/human/bams/Sample10_ARK1_S37.test.recal.bam
WARNING: BAM index file /gpfs/gsfs7/users/tandonm/pl_test_data/human/bams/Sample10_ARK1_S37.test.recal.bai is older than BAM /spin1/scratch/tandonm/pipeline_out/tn_test_1/bams/Sample10_ARK1_S37.test.recal.bam
00:20:42.009 INFO  FeatureManager - Using codec VCFCodec to read file file:///fdb/GATK_resource_bundle/hg38bundle/dbsnp_138.hg38.vcf.gz
00:20:42.155 INFO  IntervalArgumentCollection - Processing 135086622 bp from intervals
00:20:42.198 INFO  HaplotypeCaller - Done initializing engine
00:20:42.200 INFO  HaplotypeCallerEngine - Tool is in reference confidence mode and the annotation, the following changes will be made to any specified annotations: 'StrandBiasBySample' will be enabled. 'ChromosomeCounts', 'FisherStrand', 'StrandOddsRatio' and 'QualByDepth' annotations have been disabled
00:20:42.263 INFO  HaplotypeCallerEngine - Standard Emitting and Calling confidence set to 0.0 for reference-model confidence output
00:20:42.263 INFO  HaplotypeCallerEngine - All sites annotated with PLs forced to true for reference-model confidence output
00:20:42.277 INFO  NativeLibraryLoader - Loading libgkl_utils.so from jar:file:/usr/local/apps/GATK/4.1.4.1/gatk-package-4.1.4.1-local.jar!/com/intel/gkl/native/libgkl_utils.so
00:20:42.280 INFO  NativeLibraryLoader - Loading libgkl_pairhmm_omp.so from jar:file:/usr/local/apps/GATK/4.1.4.1/gatk-package-4.1.4.1-local.jar!/com/intel/gkl/native/libgkl_pairhmm_omp.so
00:20:42.327 INFO  IntelPairHmm - Using CPU-supported AVX-512 instructions
00:20:42.327 INFO  IntelPairHmm - Flush-to-zero (FTZ) is enabled when running PairHMM
00:20:42.328 INFO  IntelPairHmm - Available threads: 1
00:20:42.328 INFO  IntelPairHmm - Requested threads: 4
00:20:42.328 WARN  IntelPairHmm - Using 1 available threads, but 4 were requested
00:20:42.328 INFO  PairHMM - Using the OpenMP multi-threaded AVX-accelerated native PairHMM implementation
00:20:42.393 INFO  ProgressMeter - Starting traversal
00:20:42.393 INFO  ProgressMeter -        Current Locus  Elapsed Minutes     Regions Processed   Regions/Minute
00:20:43.451 WARN  InbreedingCoeff - InbreedingCoeff will not be calculated; at least 10 samples must have called genotypes
00:20:52.427 INFO  ProgressMeter -         chr11:801744              0.2                  3020          18060.4
00:21:02.431 INFO  ProgressMeter -        chr11:2469734              0.3                  9270          27758.6
00:21:12.533 INFO  ProgressMeter -        chr11:5490411              0.5                 20280          40372.9
00:21:22.535 INFO  ProgressMeter -        chr11:8709412              0.7                 31920          47711.8
00:21:32.536 INFO  ProgressMeter -       chr11:14084832              0.8                 51190          61254.0
00:21:42.539 INFO  ProgressMeter -       chr11:19118843              1.0                 69120          68953.4
00:21:52.539 INFO  ProgressMeter -       chr11:26905216              1.2                 96160          82252.5
00:22:02.553 INFO  ProgressMeter -       chr11:33864964              1.3                120490          90188.3
00:22:12.554 INFO  ProgressMeter -       chr11:43319164              1.5                153210         101958.7
00:22:22.555 INFO  ProgressMeter -       chr11:47921108              1.7                170040         101860.0
00:22:32.560 INFO  ProgressMeter -       chr11:56472482              1.8                199350         108572.5
00:22:42.566 INFO  ProgressMeter -       chr11:61208913              2.0                216360         108025.2
00:22:52.574 INFO  ProgressMeter -       chr11:64192179              2.2                227610         104905.5
00:23:02.585 INFO  ProgressMeter -       chr11:66422071              2.3                236260         101116.3
00:23:12.589 INFO  ProgressMeter -       chr11:69767326              2.5                248970          99458.7
00:23:14.906 WARN  DepthPerSampleHC - Annotation will not be calculated, genotype is not called or alleleLikelihoodMap is null
00:23:14.906 WARN  StrandBiasBySample - Annotation will not be calculated, genotype is not called or alleleLikelihoodMap is null
00:23:22.598 INFO  ProgressMeter -       chr11:73707317              2.7                263610          98727.9
00:23:32.604 INFO  ProgressMeter -       chr11:78093602              2.8                279770          98620.5
00:23:42.604 INFO  ProgressMeter -       chr11:86060998              3.0                307540         102393.9
00:23:44.841 WARN  StrandBiasBySample - Annotation will not be calculated, genotype is not called or alleleLikelihoodMap is null
00:23:48.595 WARN  StrandBiasBySample - Annotation will not be calculated, genotype is not called or alleleLikelihoodMap is null
00:23:52.614 INFO  ProgressMeter -       chr11:93753805              3.2                334410         105481.0
00:24:02.614 INFO  ProgressMeter -      chr11:101962787              3.3                362970         108771.4
00:24:12.617 INFO  ProgressMeter -      chr11:108253771              3.5                385330         109977.5
00:24:22.618 INFO  ProgressMeter -      chr11:114549697              3.7                407710         111080.5
00:24:32.622 INFO  ProgressMeter -      chr11:119017637              3.8                423990         110496.6
00:24:42.629 INFO  ProgressMeter -      chr11:124017845              4.0                442020         110396.9
00:24:52.629 INFO  ProgressMeter -      chr11:129329088              4.2                460870         110504.9
00:24:52.928 WARN  StrandBiasBySample - Annotation will not be calculated, genotype is not called or alleleLikelihoodMap is null
00:24:52.930 WARN  StrandBiasBySample - Annotation will not be calculated, genotype is not called or alleleLikelihoodMap is null
00:24:55.632 WARN  StrandBiasBySample - Annotation will not be calculated, genotype is not called or alleleLikelihoodMap is null
00:25:00.829 INFO  HaplotypeCaller - 80011 read(s) filtered by: ((((((((MappingQualityReadFilter AND MappingQualityAvailableReadFilter) AND MappedReadFilter) AND NotSecondaryAlignmentReadFilter) AND NotDuplicateReadFilter) AND PassesVendorQualityCheckReadFilter) AND NonZeroReferenceLengthAlignmentReadFilter) AND GoodCigarReadFilter) AND WellformedReadFilter)
  80011 read(s) filtered by: (((((((MappingQualityReadFilter AND MappingQualityAvailableReadFilter) AND MappedReadFilter) AND NotSecondaryAlignmentReadFilter) AND NotDuplicateReadFilter) AND PassesVendorQualityCheckReadFilter) AND NonZeroReferenceLengthAlignmentReadFilter) AND GoodCigarReadFilter)
      80011 read(s) filtered by: ((((((MappingQualityReadFilter AND MappingQualityAvailableReadFilter) AND MappedReadFilter) AND NotSecondaryAlignmentReadFilter) AND NotDuplicateReadFilter) AND PassesVendorQualityCheckReadFilter) AND NonZeroReferenceLengthAlignmentReadFilter)
          80011 read(s) filtered by: (((((MappingQualityReadFilter AND MappingQualityAvailableReadFilter) AND MappedReadFilter) AND NotSecondaryAlignmentReadFilter) AND NotDuplicateReadFilter) AND PassesVendorQualityCheckReadFilter)
              80011 read(s) filtered by: ((((MappingQualityReadFilter AND MappingQualityAvailableReadFilter) AND MappedReadFilter) AND NotSecondaryAlignmentReadFilter) AND NotDuplicateReadFilter)
                  32325 read(s) filtered by: (((MappingQualityReadFilter AND MappingQualityAvailableReadFilter) AND MappedReadFilter) AND NotSecondaryAlignmentReadFilter)
                      31821 read(s) filtered by: ((MappingQualityReadFilter AND MappingQualityAvailableReadFilter) AND MappedReadFilter)
                          31821 read(s) filtered by: (MappingQualityReadFilter AND MappingQualityAvailableReadFilter)
                              31821 read(s) filtered by: MappingQualityReadFilter 
                      504 read(s) filtered by: NotSecondaryAlignmentReadFilter 
                  47686 read(s) filtered by: NotDuplicateReadFilter 

00:25:00.830 INFO  ProgressMeter -      chr11:135084794              4.3                481086         111691.7
00:25:00.830 INFO  ProgressMeter - Traversal complete. Processed 481086 total regions in 4.3 minutes.
00:25:00.855 INFO  VectorLoglessPairHMM - Time spent in setup for JNI call : 0.08923004400000001
00:25:00.855 INFO  PairHMM - Total compute time in PairHMM computeLogLikelihoods() : 6.678356732
00:25:00.855 INFO  SmithWatermanAligner - Total compute time in java Smith-Waterman : 7.46 sec
00:25:00.855 INFO  HaplotypeCaller - Shutting down engine
[March 13, 2021 12:25:00 AM EST] org.broadinstitute.hellbender.tools.walkers.haplotypecaller.HaplotypeCaller done. Elapsed time: 4.33 minutes.
Runtime.totalMemory()=3426222080
Using GATK jar /usr/local/apps/GATK/4.1.4.1/gatk-package-4.1.4.1-local.jar
Running:
    java -Dsamjdk.use_async_io_read_samtools=false -Dsamjdk.use_async_io_write_samtools=true -Dsamjdk.use_async_io_write_tribble=false -Dsamjdk.compression_level=2 -Xmx24g -jar /usr/local/apps/GATK/4.1.4.1/gatk-package-4.1.4.1-local.jar HaplotypeCaller --reference /data/tandonm/pl_test_data/human/genome/hg38/Homo_sapiens_assembly38.fasta --input /spin1/scratch/tandonm/pipeline_out/tn_test_1/bams/Sample10_ARK1_S37.test.recal.bam --use-jdk-inflater --use-jdk-deflater --emit-ref-confidence GVCF --annotation-group StandardAnnotation --annotation-group AS_StandardAnnotation --dbsnp /fdb/GATK_resource_bundle/hg38bundle/dbsnp_138.hg38.vcf.gz --output /spin1/scratch/tandonm/pipeline_out/tn_test_1/germline/gVCFs/Sample10_ARK1_S37.test.chr11.g.vcf.gz --intervals chr11 --max-alternate-alleles 3
[Sat Mar 13 00:25:01 2021]
Finished job 0.
1 of 1 steps (100%) done
{'Sample10_ARK1_S37.test': '--variant:varscan /spin1/scratch/tandonm/pipeline_out/tn_test_1/somatic/SNP_Indels/varscan_out/vcf/Sample10_ARK1_S37.test.FINAL.vcf --variant:mutect2 /spin1/scratch/tandonm/pipeline_out/tn_test_1/somatic/SNP_Indels/mutect2_out/vcf/Sample10_ARK1_S37.test.FINAL.vcf --variant:vardict /spin1/scratch/tandonm/pipeline_out/tn_test_1/somatic/SNP_Indels/vardict_out/vcf/Sample10_ARK1_S37.test.FINAL.vcf --variant:strelka /spin1/scratch/tandonm/pipeline_out/tn_test_1/somatic/SNP_Indels/strelka_out/vcf/Sample10_ARK1_S37.test.FINAL.vcf --variant:mutect /spin1/scratch/tandonm/pipeline_out/tn_test_1/somatic/SNP_Indels/mutect_out/vcf/Sample10_ARK1_S37.test.FINAL.vcf', 'Sample11_ACI_158_S38.test': '--variant:varscan /spin1/scratch/tandonm/pipeline_out/tn_test_1/somatic/SNP_Indels/varscan_out/vcf/Sample11_ACI_158_S38.test.FINAL.vcf --variant:mutect2 /spin1/scratch/tandonm/pipeline_out/tn_test_1/somatic/SNP_Indels/mutect2_out/vcf/Sample11_ACI_158_S38.test.FINAL.vcf --variant:vardict /spin1/scratch/tandonm/pipeline_out/tn_test_1/somatic/SNP_Indels/vardict_out/vcf/Sample11_ACI_158_S38.test.FINAL.vcf --variant:strelka /spin1/scratch/tandonm/pipeline_out/tn_test_1/somatic/SNP_Indels/strelka_out/vcf/Sample11_ACI_158_S38.test.FINAL.vcf --variant:mutect /spin1/scratch/tandonm/pipeline_out/tn_test_1/somatic/SNP_Indels/mutect_out/vcf/Sample11_ACI_158_S38.test.FINAL.vcf'}
