Building DAG of jobs...
Using shell: /usr/bin/bash
Provided cores: 4
Rules claiming more threads will be scaled down.
Job counts:
	count	jobs
	1	gatk_mutect2
	1

[Sat Mar 13 00:23:58 2021]
rule gatk_mutect2:
    input: /spin1/scratch/tandonm/pipeline_out/tn_test_1/bams/chrom_split/Sample4_CRL1622_S31.test.chr9.split.bam, /spin1/scratch/tandonm/pipeline_out/tn_test_1/bams/chrom_split/Sample10_ARK1_S37.test.chr9.split.bam
    output: /spin1/scratch/tandonm/pipeline_out/tn_test_1/somatic/SNP_Indels/mutect2_out/chrom_split/Sample10_ARK1_S37.test.chr9.vcf, /spin1/scratch/tandonm/pipeline_out/tn_test_1/somatic/SNP_Indels/mutect2_out/chrom_split/Sample10_ARK1_S37.test.chr9.f1r2.tar.gz, /spin1/scratch/tandonm/pipeline_out/tn_test_1/somatic/SNP_Indels/mutect2_out/chrom_split/Sample10_ARK1_S37.test.chr9.vcf.stats
    jobid: 0
    wildcards: samples=Sample10_ARK1_S37.test, chroms=chr9
    threads: 2

[+] Loading gcc  9.2.0  ... 
[+] Loading GSL 2.6 for GCC 9.2.0 ... 
[-] Unloading gcc  9.2.0  ... 
[+] Loading gcc  9.2.0  ... 
[+] Loading openmpi 3.1.4  for GCC 9.2.0 
[+] Loading ImageMagick  7.0.8  on cn2410 
[+] Loading HDF5  1.10.4 
[-] Unloading gcc  9.2.0  ... 
[+] Loading gcc  9.2.0  ... 
[+] Loading NetCDF 4.7.4_gcc9.2.0 
[+] Loading pandoc  2.11.4  on cn2410 
[+] Loading R 3.6.3 
[+] Loading GATK  4.1.4.1 

GATK/4 includes its own python environment. Loading a different python
environment
after the GATK module will result in some tools failing. Conversely, the python
environment included with GATK/4 will override any python modules you may
already
have loaded.


00:24:04.660 INFO  NativeLibraryLoader - Loading libgkl_compression.so from jar:file:/usr/local/apps/GATK/4.1.4.1/gatk-package-4.1.4.1-local.jar!/com/intel/gkl/native/libgkl_compression.so
Mar 13, 2021 12:24:04 AM shaded.cloud_nio.com.google.auth.oauth2.ComputeEngineCredentials runningOnComputeEngine
INFO: Failed to detect whether we are running on Google Compute Engine.
00:24:04.895 INFO  Mutect2 - ------------------------------------------------------------
00:24:04.895 INFO  Mutect2 - The Genome Analysis Toolkit (GATK) v4.1.4.1
00:24:04.895 INFO  Mutect2 - For support and documentation go to https://software.broadinstitute.org/gatk/
00:24:04.895 INFO  Mutect2 - Executing as tandonm@cn2410 on Linux v3.10.0-862.14.4.el7.x86_64 amd64
00:24:04.895 INFO  Mutect2 - Java runtime: OpenJDK 64-Bit Server VM v1.8.0_181-b13
00:24:04.896 INFO  Mutect2 - Start Date/Time: March 13, 2021 12:24:04 AM EST
00:24:04.896 INFO  Mutect2 - ------------------------------------------------------------
00:24:04.896 INFO  Mutect2 - ------------------------------------------------------------
00:24:04.896 INFO  Mutect2 - HTSJDK Version: 2.21.0
00:24:04.896 INFO  Mutect2 - Picard Version: 2.21.2
00:24:04.896 INFO  Mutect2 - HTSJDK Defaults.COMPRESSION_LEVEL : 2
00:24:04.896 INFO  Mutect2 - HTSJDK Defaults.USE_ASYNC_IO_READ_FOR_SAMTOOLS : false
00:24:04.896 INFO  Mutect2 - HTSJDK Defaults.USE_ASYNC_IO_WRITE_FOR_SAMTOOLS : true
00:24:04.896 INFO  Mutect2 - HTSJDK Defaults.USE_ASYNC_IO_WRITE_FOR_TRIBBLE : false
00:24:04.896 INFO  Mutect2 - Deflater: IntelDeflater
00:24:04.896 INFO  Mutect2 - Inflater: IntelInflater
00:24:04.897 INFO  Mutect2 - GCS max retries/reopens: 20
00:24:04.897 INFO  Mutect2 - Requester pays: disabled
00:24:04.897 INFO  Mutect2 - Initializing engine
00:24:05.667 INFO  FeatureManager - Using codec VCFCodec to read file file:///data/CCBR_Pipeliner/db/PipeDB/lib/hg38.noCOSMIC_ClinVar.pon.vcf.gz
00:24:05.878 INFO  FeatureManager - Using codec VCFCodec to read file file:///data/MA_shared/justin_wes_pipe/somatic-hg38-af-only-gnomad.hg38.vcf.gz
00:24:06.064 INFO  IntervalArgumentCollection - Processing 138394717 bp from intervals
00:24:06.157 INFO  Mutect2 - Done initializing engine
00:24:06.272 INFO  NativeLibraryLoader - Loading libgkl_utils.so from jar:file:/usr/local/apps/GATK/4.1.4.1/gatk-package-4.1.4.1-local.jar!/com/intel/gkl/native/libgkl_utils.so
00:24:06.274 INFO  NativeLibraryLoader - Loading libgkl_pairhmm_omp.so from jar:file:/usr/local/apps/GATK/4.1.4.1/gatk-package-4.1.4.1-local.jar!/com/intel/gkl/native/libgkl_pairhmm_omp.so
00:24:06.332 INFO  IntelPairHmm - Using CPU-supported AVX-512 instructions
00:24:06.332 INFO  IntelPairHmm - Flush-to-zero (FTZ) is enabled when running PairHMM
00:24:06.333 INFO  IntelPairHmm - Available threads: 2
00:24:06.333 INFO  IntelPairHmm - Requested threads: 4
00:24:06.333 WARN  IntelPairHmm - Using 2 available threads, but 4 were requested
00:24:06.333 INFO  PairHMM - Using the OpenMP multi-threaded AVX-accelerated native PairHMM implementation
00:24:06.494 INFO  ProgressMeter - Starting traversal
00:24:06.494 INFO  ProgressMeter -        Current Locus  Elapsed Minutes     Regions Processed   Regions/Minute
00:24:16.506 INFO  ProgressMeter -         chr9:1925470              0.2                  6760          40515.4
00:24:26.518 INFO  ProgressMeter -         chr9:5786836              0.3                 20210          60557.3
00:24:36.521 INFO  ProgressMeter -        chr9:14149902              0.5                 48860          97635.4
00:24:46.526 INFO  ProgressMeter -        chr9:19451037              0.7                 67330         100914.3
00:24:56.541 INFO  ProgressMeter -        chr9:27294541              0.8                 94190         112921.9
00:25:06.550 INFO  ProgressMeter -        chr9:33834688              1.0                116700         116591.2
00:25:16.682 INFO  ProgressMeter -        chr9:35906940              1.2                124250         106214.7
00:25:26.715 INFO  ProgressMeter -        chr9:40959074              1.3                141960         106176.7
00:25:36.944 INFO  ProgressMeter -        chr9:62844208              1.5                215300         142819.2
00:25:46.949 INFO  ProgressMeter -        chr9:71123617              1.7                243640         145521.9
00:25:56.962 INFO  ProgressMeter -        chr9:77317556              1.8                265120         143998.3
00:26:06.971 INFO  ProgressMeter -        chr9:85842733              2.0                294660         146746.7
00:26:16.975 INFO  ProgressMeter -        chr9:92610791              2.2                318300         146366.1
00:26:26.983 INFO  ProgressMeter -        chr9:97441707              2.3                335460         143268.2
00:26:37.008 INFO  ProgressMeter -       chr9:104617972              2.5                360230         143599.9
00:26:47.018 INFO  ProgressMeter -       chr9:111363496              2.7                383780         143447.7
00:26:57.025 INFO  ProgressMeter -       chr9:116363741              2.8                401360         141215.4
00:27:07.037 INFO  ProgressMeter -       chr9:123367131              3.0                425610         141443.3
00:27:17.039 INFO  ProgressMeter -       chr9:127734474              3.2                441100         138896.3
00:27:27.056 INFO  ProgressMeter -       chr9:129870965              3.3                449160         134371.1
00:27:37.100 INFO  ProgressMeter -       chr9:132893598              3.5                460170         131098.8
00:27:47.121 INFO  ProgressMeter -       chr9:135908655              3.7                471080         128111.2
00:27:57.152 INFO  ProgressMeter -       chr9:137230318              3.8                476110         123848.3
00:28:02.184 INFO  Mutect2 - 147612 read(s) filtered by: (((((((((((MappingQualityReadFilter AND MappingQualityAvailableReadFilter) AND MappingQualityNotZeroReadFilter) AND MappedReadFilter) AND NotSecondaryAlignmentReadFilter) AND NotDuplicateReadFilter) AND PassesVendorQualityCheckReadFilter) AND NonChimericOriginalAlignmentReadFilter) AND NonZeroReferenceLengthAlignmentReadFilter) AND ReadLengthReadFilter) AND GoodCigarReadFilter) AND WellformedReadFilter)
  147612 read(s) filtered by: ((((((((((MappingQualityReadFilter AND MappingQualityAvailableReadFilter) AND MappingQualityNotZeroReadFilter) AND MappedReadFilter) AND NotSecondaryAlignmentReadFilter) AND NotDuplicateReadFilter) AND PassesVendorQualityCheckReadFilter) AND NonChimericOriginalAlignmentReadFilter) AND NonZeroReferenceLengthAlignmentReadFilter) AND ReadLengthReadFilter) AND GoodCigarReadFilter)
      147612 read(s) filtered by: (((((((((MappingQualityReadFilter AND MappingQualityAvailableReadFilter) AND MappingQualityNotZeroReadFilter) AND MappedReadFilter) AND NotSecondaryAlignmentReadFilter) AND NotDuplicateReadFilter) AND PassesVendorQualityCheckReadFilter) AND NonChimericOriginalAlignmentReadFilter) AND NonZeroReferenceLengthAlignmentReadFilter) AND ReadLengthReadFilter)
          140315 read(s) filtered by: ((((((((MappingQualityReadFilter AND MappingQualityAvailableReadFilter) AND MappingQualityNotZeroReadFilter) AND MappedReadFilter) AND NotSecondaryAlignmentReadFilter) AND NotDuplicateReadFilter) AND PassesVendorQualityCheckReadFilter) AND NonChimericOriginalAlignmentReadFilter) AND NonZeroReferenceLengthAlignmentReadFilter)
              140315 read(s) filtered by: (((((((MappingQualityReadFilter AND MappingQualityAvailableReadFilter) AND MappingQualityNotZeroReadFilter) AND MappedReadFilter) AND NotSecondaryAlignmentReadFilter) AND NotDuplicateReadFilter) AND PassesVendorQualityCheckReadFilter) AND NonChimericOriginalAlignmentReadFilter)
                  140315 read(s) filtered by: ((((((MappingQualityReadFilter AND MappingQualityAvailableReadFilter) AND MappingQualityNotZeroReadFilter) AND MappedReadFilter) AND NotSecondaryAlignmentReadFilter) AND NotDuplicateReadFilter) AND PassesVendorQualityCheckReadFilter)
                      140315 read(s) filtered by: (((((MappingQualityReadFilter AND MappingQualityAvailableReadFilter) AND MappingQualityNotZeroReadFilter) AND MappedReadFilter) AND NotSecondaryAlignmentReadFilter) AND NotDuplicateReadFilter)
                          78324 read(s) filtered by: ((((MappingQualityReadFilter AND MappingQualityAvailableReadFilter) AND MappingQualityNotZeroReadFilter) AND MappedReadFilter) AND NotSecondaryAlignmentReadFilter)
                              77710 read(s) filtered by: (((MappingQualityReadFilter AND MappingQualityAvailableReadFilter) AND MappingQualityNotZeroReadFilter) AND MappedReadFilter)
                                  77710 read(s) filtered by: ((MappingQualityReadFilter AND MappingQualityAvailableReadFilter) AND MappingQualityNotZeroReadFilter)
                                      77710 read(s) filtered by: (MappingQualityReadFilter AND MappingQualityAvailableReadFilter)
                                          77710 read(s) filtered by: MappingQualityReadFilter 
                              614 read(s) filtered by: NotSecondaryAlignmentReadFilter 
                          61991 read(s) filtered by: NotDuplicateReadFilter 
          7297 read(s) filtered by: ReadLengthReadFilter 

00:28:02.184 INFO  ProgressMeter -       chr9:138392340              3.9                480357         122285.3
00:28:02.184 INFO  ProgressMeter - Traversal complete. Processed 480357 total regions in 3.9 minutes.
00:28:02.406 INFO  VectorLoglessPairHMM - Time spent in setup for JNI call : 0.083259886
00:28:02.406 INFO  PairHMM - Total compute time in PairHMM computeLogLikelihoods() : 5.451748944
00:28:02.406 INFO  SmithWatermanAligner - Total compute time in java Smith-Waterman : 12.78 sec
00:28:02.407 INFO  Mutect2 - Shutting down engine
[March 13, 2021 12:28:02 AM EST] org.broadinstitute.hellbender.tools.walkers.mutect.Mutect2 done. Elapsed time: 3.96 minutes.
Runtime.totalMemory()=1731723264
Tool returned:
SUCCESS
Using GATK jar /usr/local/apps/GATK/4.1.4.1/gatk-package-4.1.4.1-local.jar
Running:
    java -Dsamjdk.use_async_io_read_samtools=false -Dsamjdk.use_async_io_write_samtools=true -Dsamjdk.use_async_io_write_tribble=false -Dsamjdk.compression_level=2 -jar /usr/local/apps/GATK/4.1.4.1/gatk-package-4.1.4.1-local.jar Mutect2 -R /data/tandonm/pl_test_data/human/genome/hg38/Homo_sapiens_assembly38.fasta -I /spin1/scratch/tandonm/pipeline_out/tn_test_1/bams/chrom_split/Sample10_ARK1_S37.test.chr9.split.bam -I /spin1/scratch/tandonm/pipeline_out/tn_test_1/bams/chrom_split/Sample4_CRL1622_S31.test.chr9.split.bam -normal Sample4_CRL1622_S31.test --panel-of-normals /data/CCBR_Pipeliner/db/PipeDB/lib/hg38.noCOSMIC_ClinVar.pon.vcf.gz --germline-resource /data/MA_shared/justin_wes_pipe/somatic-hg38-af-only-gnomad.hg38.vcf.gz -L chr9 -O /spin1/scratch/tandonm/pipeline_out/tn_test_1/somatic/SNP_Indels/mutect2_out/chrom_split/Sample10_ARK1_S37.test.chr9.vcf --f1r2-tar-gz /spin1/scratch/tandonm/pipeline_out/tn_test_1/somatic/SNP_Indels/mutect2_out/chrom_split/Sample10_ARK1_S37.test.chr9.f1r2.tar.gz --independent-mates
[Sat Mar 13 00:28:02 2021]
Finished job 0.
1 of 1 steps (100%) done
{'Sample10_ARK1_S37.test': '--variant:strelka /spin1/scratch/tandonm/pipeline_out/tn_test_1/somatic/SNP_Indels/strelka_out/vcf/Sample10_ARK1_S37.test.FINAL.vcf --variant:mutect2 /spin1/scratch/tandonm/pipeline_out/tn_test_1/somatic/SNP_Indels/mutect2_out/vcf/Sample10_ARK1_S37.test.FINAL.vcf --variant:varscan /spin1/scratch/tandonm/pipeline_out/tn_test_1/somatic/SNP_Indels/varscan_out/vcf/Sample10_ARK1_S37.test.FINAL.vcf --variant:vardict /spin1/scratch/tandonm/pipeline_out/tn_test_1/somatic/SNP_Indels/vardict_out/vcf/Sample10_ARK1_S37.test.FINAL.vcf --variant:mutect /spin1/scratch/tandonm/pipeline_out/tn_test_1/somatic/SNP_Indels/mutect_out/vcf/Sample10_ARK1_S37.test.FINAL.vcf', 'Sample11_ACI_158_S38.test': '--variant:strelka /spin1/scratch/tandonm/pipeline_out/tn_test_1/somatic/SNP_Indels/strelka_out/vcf/Sample11_ACI_158_S38.test.FINAL.vcf --variant:mutect2 /spin1/scratch/tandonm/pipeline_out/tn_test_1/somatic/SNP_Indels/mutect2_out/vcf/Sample11_ACI_158_S38.test.FINAL.vcf --variant:varscan /spin1/scratch/tandonm/pipeline_out/tn_test_1/somatic/SNP_Indels/varscan_out/vcf/Sample11_ACI_158_S38.test.FINAL.vcf --variant:vardict /spin1/scratch/tandonm/pipeline_out/tn_test_1/somatic/SNP_Indels/vardict_out/vcf/Sample11_ACI_158_S38.test.FINAL.vcf --variant:mutect /spin1/scratch/tandonm/pipeline_out/tn_test_1/somatic/SNP_Indels/mutect_out/vcf/Sample11_ACI_158_S38.test.FINAL.vcf'}
