Building DAG of jobs...
Using shell: /usr/bin/bash
Provided cores: 4
Rules claiming more threads will be scaled down.
Job counts:
	count	jobs
	1	haplotypecaller
	1

[Sat Mar 13 00:20:36 2021]
rule haplotypecaller:
    input: /spin1/scratch/tandonm/pipeline_out/tn_test_1/bams/Sample11_ACI_158_S38.test.recal.bam
    output: /spin1/scratch/tandonm/pipeline_out/tn_test_1/germline/gVCFs/Sample11_ACI_158_S38.test.chr10.g.vcf.gz, /spin1/scratch/tandonm/pipeline_out/tn_test_1/germline/gVCFs/Sample11_ACI_158_S38.test.chr10.g.vcf.gz.tbi
    jobid: 0
    wildcards: samples=Sample11_ACI_158_S38.test, chroms=chr10

[+] Loading gcc  9.2.0  ... 
[+] Loading GSL 2.6 for GCC 9.2.0 ... 
[-] Unloading gcc  9.2.0  ... 
[+] Loading gcc  9.2.0  ... 
[+] Loading openmpi 3.1.4  for GCC 9.2.0 
[+] Loading ImageMagick  7.0.8  on cn2429 
[+] Loading HDF5  1.10.4 
[-] Unloading gcc  9.2.0  ... 
[+] Loading gcc  9.2.0  ... 
[+] Loading NetCDF 4.7.4_gcc9.2.0 
[+] Loading pandoc  2.11.4  on cn2429 
[+] Loading R 3.6.3 
[+] Loading GATK  4.1.4.1 

GATK/4 includes its own python environment. Loading a different python
environment
after the GATK module will result in some tools failing. Conversely, the python
environment included with GATK/4 will override any python modules you may
already
have loaded.


00:20:41.504 WARN  GATKAnnotationPluginDescriptor - Redundant enabled annotation group (StandardAnnotation) is enabled for this tool by default
Mar 13, 2021 12:20:41 AM shaded.cloud_nio.com.google.auth.oauth2.ComputeEngineCredentials runningOnComputeEngine
INFO: Failed to detect whether we are running on Google Compute Engine.
00:20:41.748 INFO  HaplotypeCaller - ------------------------------------------------------------
00:20:41.749 INFO  HaplotypeCaller - The Genome Analysis Toolkit (GATK) v4.1.4.1
00:20:41.749 INFO  HaplotypeCaller - For support and documentation go to https://software.broadinstitute.org/gatk/
00:20:41.749 INFO  HaplotypeCaller - Executing as tandonm@cn2429 on Linux v3.10.0-862.14.4.el7.x86_64 amd64
00:20:41.749 INFO  HaplotypeCaller - Java runtime: OpenJDK 64-Bit Server VM v1.8.0_181-b13
00:20:41.749 INFO  HaplotypeCaller - Start Date/Time: March 13, 2021 12:20:41 AM EST
00:20:41.749 INFO  HaplotypeCaller - ------------------------------------------------------------
00:20:41.749 INFO  HaplotypeCaller - ------------------------------------------------------------
00:20:41.750 INFO  HaplotypeCaller - HTSJDK Version: 2.21.0
00:20:41.750 INFO  HaplotypeCaller - Picard Version: 2.21.2
00:20:41.753 INFO  HaplotypeCaller - HTSJDK Defaults.COMPRESSION_LEVEL : 2
00:20:41.753 INFO  HaplotypeCaller - HTSJDK Defaults.USE_ASYNC_IO_READ_FOR_SAMTOOLS : false
00:20:41.753 INFO  HaplotypeCaller - HTSJDK Defaults.USE_ASYNC_IO_WRITE_FOR_SAMTOOLS : true
00:20:41.753 INFO  HaplotypeCaller - HTSJDK Defaults.USE_ASYNC_IO_WRITE_FOR_TRIBBLE : false
00:20:41.754 INFO  HaplotypeCaller - Deflater: JdkDeflater
00:20:41.754 INFO  HaplotypeCaller - Inflater: JdkInflater
00:20:41.754 INFO  HaplotypeCaller - GCS max retries/reopens: 20
00:20:41.754 INFO  HaplotypeCaller - Requester pays: disabled
00:20:41.754 INFO  HaplotypeCaller - Initializing engine
00:20:42.376 INFO  FeatureManager - Using codec VCFCodec to read file file:///fdb/GATK_resource_bundle/hg38bundle/dbsnp_138.hg38.vcf.gz
00:20:42.582 INFO  IntervalArgumentCollection - Processing 133797422 bp from intervals
00:20:42.639 INFO  HaplotypeCaller - Done initializing engine
00:20:42.642 INFO  HaplotypeCallerEngine - Tool is in reference confidence mode and the annotation, the following changes will be made to any specified annotations: 'StrandBiasBySample' will be enabled. 'ChromosomeCounts', 'FisherStrand', 'StrandOddsRatio' and 'QualByDepth' annotations have been disabled
00:20:42.716 INFO  HaplotypeCallerEngine - Standard Emitting and Calling confidence set to 0.0 for reference-model confidence output
00:20:42.716 INFO  HaplotypeCallerEngine - All sites annotated with PLs forced to true for reference-model confidence output
00:20:42.729 INFO  NativeLibraryLoader - Loading libgkl_utils.so from jar:file:/usr/local/apps/GATK/4.1.4.1/gatk-package-4.1.4.1-local.jar!/com/intel/gkl/native/libgkl_utils.so
00:20:42.731 INFO  NativeLibraryLoader - Loading libgkl_pairhmm_omp.so from jar:file:/usr/local/apps/GATK/4.1.4.1/gatk-package-4.1.4.1-local.jar!/com/intel/gkl/native/libgkl_pairhmm_omp.so
00:20:42.781 INFO  IntelPairHmm - Using CPU-supported AVX-512 instructions
00:20:42.781 INFO  IntelPairHmm - Flush-to-zero (FTZ) is enabled when running PairHMM
00:20:42.781 INFO  IntelPairHmm - Available threads: 1
00:20:42.782 INFO  IntelPairHmm - Requested threads: 4
00:20:42.782 WARN  IntelPairHmm - Using 1 available threads, but 4 were requested
00:20:42.782 INFO  PairHMM - Using the OpenMP multi-threaded AVX-accelerated native PairHMM implementation
00:20:42.860 INFO  ProgressMeter - Starting traversal
00:20:42.861 INFO  ProgressMeter -        Current Locus  Elapsed Minutes     Regions Processed   Regions/Minute
00:20:43.772 WARN  InbreedingCoeff - InbreedingCoeff will not be calculated; at least 10 samples must have called genotypes
00:20:52.862 INFO  ProgressMeter -        chr10:2354143              0.2                  8210          49260.0
00:20:57.986 WARN  DepthPerSampleHC - Annotation will not be calculated, genotype is not called or alleleLikelihoodMap is null
00:20:57.986 WARN  StrandBiasBySample - Annotation will not be calculated, genotype is not called or alleleLikelihoodMap is null
00:21:02.870 INFO  ProgressMeter -        chr10:5914284              0.3                 20710          62105.2
00:21:12.873 INFO  ProgressMeter -       chr10:11980689              0.5                 41890          83746.5
00:21:22.883 INFO  ProgressMeter -       chr10:17047287              0.7                 60040          90010.5
00:21:32.884 INFO  ProgressMeter -       chr10:22595703              0.8                 79540          95404.1
00:21:42.894 INFO  ProgressMeter -       chr10:28596463              1.0                100690         100634.7
00:21:52.895 INFO  ProgressMeter -       chr10:33765550              1.2                118910         101873.4
00:22:02.897 INFO  ProgressMeter -       chr10:42614655              1.3                149280         111909.6
00:22:12.963 INFO  ProgressMeter -       chr10:48011140              1.5                168200         112006.4
00:22:16.020 WARN  StrandBiasBySample - Annotation will not be calculated, genotype is not called or alleleLikelihoodMap is null
00:22:16.861 WARN  StrandBiasBySample - Annotation will not be calculated, genotype is not called or alleleLikelihoodMap is null
00:22:22.973 INFO  ProgressMeter -       chr10:53824757              1.7                188390         112907.5
00:22:32.973 INFO  ProgressMeter -       chr10:62841281              1.8                219310         119502.0
00:22:42.973 INFO  ProgressMeter -       chr10:69507525              2.0                242750         121261.8
00:22:52.974 INFO  ProgressMeter -       chr10:73889517              2.2                258650         119273.2
00:23:02.976 INFO  ProgressMeter -       chr10:80452798              2.3                281600         120586.7
00:23:12.977 INFO  ProgressMeter -       chr10:88342072              2.5                308920         123472.5
00:23:22.977 INFO  ProgressMeter -       chr10:94280289              2.7                329800         123585.4
00:23:26.671 WARN  StrandBiasBySample - Annotation will not be calculated, genotype is not called or alleleLikelihoodMap is null
00:23:32.988 INFO  ProgressMeter -       chr10:99390320              2.8                348110         122771.4
00:23:42.995 INFO  ProgressMeter -      chr10:103393114              3.0                362650         120793.4
00:23:53.000 INFO  ProgressMeter -      chr10:111970201              3.2                392250         123777.9
00:24:03.001 INFO  ProgressMeter -      chr10:118333274              3.3                414480         124257.0
00:24:13.005 INFO  ProgressMeter -      chr10:124044401              3.5                434730         124123.5
00:24:23.005 INFO  ProgressMeter -      chr10:131637716              3.7                461050         125658.7
00:24:30.775 INFO  HaplotypeCaller - 38420 read(s) filtered by: ((((((((MappingQualityReadFilter AND MappingQualityAvailableReadFilter) AND MappedReadFilter) AND NotSecondaryAlignmentReadFilter) AND NotDuplicateReadFilter) AND PassesVendorQualityCheckReadFilter) AND NonZeroReferenceLengthAlignmentReadFilter) AND GoodCigarReadFilter) AND WellformedReadFilter)
  38420 read(s) filtered by: (((((((MappingQualityReadFilter AND MappingQualityAvailableReadFilter) AND MappedReadFilter) AND NotSecondaryAlignmentReadFilter) AND NotDuplicateReadFilter) AND PassesVendorQualityCheckReadFilter) AND NonZeroReferenceLengthAlignmentReadFilter) AND GoodCigarReadFilter)
      38420 read(s) filtered by: ((((((MappingQualityReadFilter AND MappingQualityAvailableReadFilter) AND MappedReadFilter) AND NotSecondaryAlignmentReadFilter) AND NotDuplicateReadFilter) AND PassesVendorQualityCheckReadFilter) AND NonZeroReferenceLengthAlignmentReadFilter)
          38420 read(s) filtered by: (((((MappingQualityReadFilter AND MappingQualityAvailableReadFilter) AND MappedReadFilter) AND NotSecondaryAlignmentReadFilter) AND NotDuplicateReadFilter) AND PassesVendorQualityCheckReadFilter)
              38420 read(s) filtered by: ((((MappingQualityReadFilter AND MappingQualityAvailableReadFilter) AND MappedReadFilter) AND NotSecondaryAlignmentReadFilter) AND NotDuplicateReadFilter)
                  20083 read(s) filtered by: (((MappingQualityReadFilter AND MappingQualityAvailableReadFilter) AND MappedReadFilter) AND NotSecondaryAlignmentReadFilter)
                      19929 read(s) filtered by: ((MappingQualityReadFilter AND MappingQualityAvailableReadFilter) AND MappedReadFilter)
                          19929 read(s) filtered by: (MappingQualityReadFilter AND MappingQualityAvailableReadFilter)
                              19929 read(s) filtered by: MappingQualityReadFilter 
                      154 read(s) filtered by: NotSecondaryAlignmentReadFilter 
                  18337 read(s) filtered by: NotDuplicateReadFilter 

00:24:30.776 INFO  ProgressMeter -      chr10:133794493              3.8                468899         123440.5
00:24:30.776 INFO  ProgressMeter - Traversal complete. Processed 468899 total regions in 3.8 minutes.
00:24:30.802 INFO  VectorLoglessPairHMM - Time spent in setup for JNI call : 0.047178698000000005
00:24:30.803 INFO  PairHMM - Total compute time in PairHMM computeLogLikelihoods() : 5.237148578
00:24:30.803 INFO  SmithWatermanAligner - Total compute time in java Smith-Waterman : 6.51 sec
00:24:30.803 INFO  HaplotypeCaller - Shutting down engine
[March 13, 2021 12:24:30 AM EST] org.broadinstitute.hellbender.tools.walkers.haplotypecaller.HaplotypeCaller done. Elapsed time: 3.82 minutes.
Runtime.totalMemory()=5010096128
Using GATK jar /usr/local/apps/GATK/4.1.4.1/gatk-package-4.1.4.1-local.jar
Running:
    java -Dsamjdk.use_async_io_read_samtools=false -Dsamjdk.use_async_io_write_samtools=true -Dsamjdk.use_async_io_write_tribble=false -Dsamjdk.compression_level=2 -Xmx24g -jar /usr/local/apps/GATK/4.1.4.1/gatk-package-4.1.4.1-local.jar HaplotypeCaller --reference /data/tandonm/pl_test_data/human/genome/hg38/Homo_sapiens_assembly38.fasta --input /spin1/scratch/tandonm/pipeline_out/tn_test_1/bams/Sample11_ACI_158_S38.test.recal.bam --use-jdk-inflater --use-jdk-deflater --emit-ref-confidence GVCF --annotation-group StandardAnnotation --annotation-group AS_StandardAnnotation --dbsnp /fdb/GATK_resource_bundle/hg38bundle/dbsnp_138.hg38.vcf.gz --output /spin1/scratch/tandonm/pipeline_out/tn_test_1/germline/gVCFs/Sample11_ACI_158_S38.test.chr10.g.vcf.gz --intervals chr10 --max-alternate-alleles 3
[Sat Mar 13 00:24:31 2021]
Finished job 0.
1 of 1 steps (100%) done
{'Sample10_ARK1_S37.test': '--variant:varscan /spin1/scratch/tandonm/pipeline_out/tn_test_1/somatic/SNP_Indels/varscan_out/vcf/Sample10_ARK1_S37.test.FINAL.vcf --variant:strelka /spin1/scratch/tandonm/pipeline_out/tn_test_1/somatic/SNP_Indels/strelka_out/vcf/Sample10_ARK1_S37.test.FINAL.vcf --variant:vardict /spin1/scratch/tandonm/pipeline_out/tn_test_1/somatic/SNP_Indels/vardict_out/vcf/Sample10_ARK1_S37.test.FINAL.vcf --variant:mutect2 /spin1/scratch/tandonm/pipeline_out/tn_test_1/somatic/SNP_Indels/mutect2_out/vcf/Sample10_ARK1_S37.test.FINAL.vcf --variant:mutect /spin1/scratch/tandonm/pipeline_out/tn_test_1/somatic/SNP_Indels/mutect_out/vcf/Sample10_ARK1_S37.test.FINAL.vcf', 'Sample11_ACI_158_S38.test': '--variant:varscan /spin1/scratch/tandonm/pipeline_out/tn_test_1/somatic/SNP_Indels/varscan_out/vcf/Sample11_ACI_158_S38.test.FINAL.vcf --variant:strelka /spin1/scratch/tandonm/pipeline_out/tn_test_1/somatic/SNP_Indels/strelka_out/vcf/Sample11_ACI_158_S38.test.FINAL.vcf --variant:vardict /spin1/scratch/tandonm/pipeline_out/tn_test_1/somatic/SNP_Indels/vardict_out/vcf/Sample11_ACI_158_S38.test.FINAL.vcf --variant:mutect2 /spin1/scratch/tandonm/pipeline_out/tn_test_1/somatic/SNP_Indels/mutect2_out/vcf/Sample11_ACI_158_S38.test.FINAL.vcf --variant:mutect /spin1/scratch/tandonm/pipeline_out/tn_test_1/somatic/SNP_Indels/mutect_out/vcf/Sample11_ACI_158_S38.test.FINAL.vcf'}
