Building DAG of jobs...
Using shell: /usr/bin/bash
Provided cores: 4
Rules claiming more threads will be scaled down.
Job counts:
	count	jobs
	1	mutect
	1

[Sat Mar 13 00:24:54 2021]
rule mutect:
    input: /spin1/scratch/tandonm/pipeline_out/tn_test_1/bams/chrom_split/Sample4_CRL1622_S31.test.chr3.split.bam, /spin1/scratch/tandonm/pipeline_out/tn_test_1/bams/chrom_split/Sample10_ARK1_S37.test.chr3.split.bam
    output: /spin1/scratch/tandonm/pipeline_out/tn_test_1/somatic/SNP_Indels/mutect_out/chrom_split/Sample10_ARK1_S37.test.chr3.vcf, /spin1/scratch/tandonm/pipeline_out/tn_test_1/somatic/SNP_Indels/mutect_out/chrom_split/Sample10_ARK1_S37.test.chr3.stats.out
    jobid: 0
    wildcards: samples=Sample10_ARK1_S37.test, chroms=chr3


  +--------------------------------------------------------------------------+
           muTect functionality has been merged with GATK since 2015.
                   Please consider using GATK instead.

                     For more information please see:

             https://software.broadinstitute.org/gatk/blog?id=6495
  +--------------------------------------------------------------------------+

[+] Loading java 1.7.0_80  ... 
[+] Loading mutect / 1.1.7  ... 
mem = 2g
tmpdir = /lscratch/10304365/muTect
INFO  00:24:59,091 HelpFormatter - -------------------------------------------------------------------------------- 
INFO  00:24:59,094 HelpFormatter - The Genome Analysis Toolkit (GATK) v3.1-0-g72492bb, Compiled 2014/12/15 20:09:26 
INFO  00:24:59,094 HelpFormatter - Copyright (c) 2010 The Broad Institute 
INFO  00:24:59,094 HelpFormatter - For support and documentation go to http://www.broadinstitute.org/gatk 
INFO  00:24:59,097 HelpFormatter - Program Args: --analysis_type MuTect --reference_sequence /data/tandonm/pl_test_data/human/genome/hg38/Homo_sapiens_assembly38.fasta --normal_panel /data/CCBR_Pipeliner/db/PipeDB/lib/hg38.noCOSMIC_ClinVar.pon.vcf.gz --vcf /spin1/scratch/tandonm/pipeline_out/tn_test_1/somatic/SNP_Indels/mutect_out/chrom_split/Sample10_ARK1_S37.test.chr3.vcf --cosmic /data/CCBR_Pipeliner/db/PipeDB/lib/COSMIC_82_hg38.vcf.gz --dbsnp /fdb/GATK_resource_bundle/hg38bundle/dbsnp_138.hg38.vcf.gz --disable_auto_index_creation_and_locking_when_reading_rods --input_file:normal /spin1/scratch/tandonm/pipeline_out/tn_test_1/bams/chrom_split/Sample4_CRL1622_S31.test.chr3.split.bam --input_file:tumor /spin1/scratch/tandonm/pipeline_out/tn_test_1/bams/chrom_split/Sample10_ARK1_S37.test.chr3.split.bam --out /spin1/scratch/tandonm/pipeline_out/tn_test_1/somatic/SNP_Indels/mutect_out/chrom_split/Sample10_ARK1_S37.test.chr3.stats.out -rf BadCigar 
INFO  00:24:59,101 HelpFormatter - Executing as tandonm@cn2426 on Linux 3.10.0-862.14.4.el7.x86_64 amd64; Java HotSpot(TM) 64-Bit Server VM 1.7.0_80-b15. 
INFO  00:24:59,101 HelpFormatter - Date/Time: 2021/03/13 00:24:59 
INFO  00:24:59,101 HelpFormatter - -------------------------------------------------------------------------------- 
INFO  00:24:59,102 HelpFormatter - -------------------------------------------------------------------------------- 
INFO  00:24:59,581 GenomeAnalysisEngine - Strictness is SILENT 
INFO  00:24:59,906 GenomeAnalysisEngine - Downsampling Settings: Method: BY_SAMPLE, Target Coverage: 1000 
INFO  00:24:59,914 SAMDataSource$SAMReaders - Initializing SAMRecords in serial 
INFO  00:25:00,039 SAMDataSource$SAMReaders - Done initializing BAM readers: total time 0.12 
WARN  00:25:00,779 IndexDictionaryUtils - Track dbsnp doesn't have a sequence dictionary built in, skipping dictionary validation 
WARN  00:25:00,780 IndexDictionaryUtils - Track cosmic doesn't have a sequence dictionary built in, skipping dictionary validation 
WARN  00:25:00,780 IndexDictionaryUtils - Track normal_panel doesn't have a sequence dictionary built in, skipping dictionary validation 
INFO  00:25:00,849 GenomeAnalysisEngine - Preparing for traversal over 2 BAM files 
INFO  00:25:01,270 GenomeAnalysisEngine - Done preparing for traversal 
INFO  00:25:01,270 ProgressMeter - [INITIALIZATION COMPLETE; STARTING PROCESSING] 
INFO  00:25:01,270 ProgressMeter -        Location processed.sites  runtime per.1M.sites completed total.runtime remaining 
INFO  00:25:01,271 MuTect - VERSION INFO: MuTect:1.1.6-4-g69b7a37 Gatk:3.1-0-g72492bb 
INFO  00:25:31,274 ProgressMeter -   chr1:41298601        0.00e+00   30.0 s       49.6 w      1.3%        39.0 m    38.5 m 
INFO  00:26:01,278 ProgressMeter -   chr1:95435701        0.00e+00   60.0 s       99.2 w      3.0%        33.7 m    32.7 m 
INFO  00:26:31,279 ProgressMeter -  chr1:156588701        0.00e+00   90.0 s      148.8 w      4.9%        30.8 m    29.3 m 
INFO  00:27:01,324 ProgressMeter -  chr1:209397901        0.00e+00  120.0 s      198.5 w      6.5%        30.7 m    28.7 m 
INFO  00:27:31,326 ProgressMeter -    chr2:5295701        2.49e+08    2.5 m        0.0 s      7.9%        31.6 m    29.1 m 
INFO  00:28:01,328 ProgressMeter -   chr2:58031101        2.49e+08    3.0 m        0.0 s      9.5%        31.4 m    28.4 m 
INFO  00:28:31,330 ProgressMeter -  chr2:117026601        2.49e+08    3.5 m        0.0 s     11.4%        30.8 m    27.3 m 
INFO  00:29:01,332 ProgressMeter -  chr2:173330701        2.49e+08    4.0 m        0.0 s     13.1%        30.5 m    26.5 m 
INFO  00:29:31,338 ProgressMeter -  chr2:230696301        2.49e+08    4.5 m        1.0 s     14.9%        30.2 m    25.7 m 
INFO  00:29:43,589 MuTect - [MUTECT] Processed 1000026 reads in 282197 ms 
INFO  00:29:45,968 MuTect - [MUTECT] Inspected 1000 potential candidates 
INFO  00:29:46,422 MuTect - [MUTECT] Processed 2000037 reads in 2833 ms 
INFO  00:29:47,682 MuTect - [MUTECT] Processed 3000112 reads in 1259 ms 
INFO  00:29:50,193 MuTect - [MUTECT] Processed 4000142 reads in 2512 ms 
INFO  00:29:50,538 MuTect - [MUTECT] Inspected 2000 potential candidates 
INFO  00:29:52,392 MuTect - [MUTECT] Processed 5000220 reads in 2199 ms 
INFO  00:29:53,437 MuTect - [MUTECT] Processed 6000231 reads in 1045 ms 
INFO  00:29:53,652 MuTect - [MUTECT] Inspected 3000 potential candidates 
INFO  00:29:54,245 MuTect - [MUTECT] Processed 7000392 reads in 808 ms 
INFO  00:29:54,812 MuTect - [MUTECT] Processed 8000397 reads in 567 ms 
INFO  00:29:55,021 MuTect - [MUTECT] Inspected 4000 potential candidates 
INFO  00:29:55,555 MuTect - [MUTECT] Processed 9000504 reads in 743 ms 
INFO  00:29:56,135 MuTect - [MUTECT] Processed 10000510 reads in 580 ms 
INFO  00:29:56,547 MuTect - [MUTECT] Inspected 5000 potential candidates 
INFO  00:29:56,863 MuTect - [MUTECT] Processed 11000596 reads in 728 ms 
INFO  00:29:57,671 MuTect - [MUTECT] Processed 12000714 reads in 808 ms 
INFO  00:29:58,781 MuTect - [MUTECT] Inspected 6000 potential candidates 
INFO  00:29:59,020 MuTect - [MUTECT] Processed 13000726 reads in 1349 ms 
INFO  00:30:00,713 MuTect - [MUTECT] Processed 14000738 reads in 1693 ms 
INFO  00:30:01,388 ProgressMeter -   chr3:12503593        5.04e+08    5.0 m        0.0 s     15.7%        31.9 m    26.9 m 
INFO  00:30:01,650 MuTect - [MUTECT] Processed 15000741 reads in 937 ms 
INFO  00:30:02,035 MuTect - [MUTECT] Inspected 7000 potential candidates 
INFO  00:30:02,593 MuTect - [MUTECT] Processed 16000745 reads in 943 ms 
INFO  00:30:03,786 MuTect - [MUTECT] Processed 17000786 reads in 1193 ms 
INFO  00:30:04,133 MuTect - [MUTECT] Inspected 8000 potential candidates 
INFO  00:30:05,066 MuTect - [MUTECT] Processed 18000792 reads in 1280 ms 
INFO  00:30:05,989 MuTect - [MUTECT] Processed 19000798 reads in 923 ms 
INFO  00:30:06,562 MuTect - [MUTECT] Inspected 9000 potential candidates 
INFO  00:30:06,990 MuTect - [MUTECT] Processed 20000822 reads in 1001 ms 
INFO  00:30:07,799 MuTect - [MUTECT] Processed 21000839 reads in 809 ms 
INFO  00:30:08,487 MuTect - [MUTECT] Processed 22000843 reads in 688 ms 
INFO  00:30:08,785 MuTect - [MUTECT] Inspected 10000 potential candidates 
INFO  00:30:10,037 MuTect - [MUTECT] Processed 23000852 reads in 1550 ms 
INFO  00:30:12,271 MuTect - [MUTECT] Processed 24000879 reads in 2234 ms 
INFO  00:30:13,093 MuTect - [MUTECT] Inspected 11000 potential candidates 
INFO  00:30:13,492 MuTect - [MUTECT] Processed 25000940 reads in 1221 ms 
INFO  00:30:17,243 MuTect - [MUTECT] Processed 26000993 reads in 3751 ms 
INFO  00:30:17,734 MuTect - [MUTECT] Inspected 12000 potential candidates 
INFO  00:30:19,224 MuTect - [MUTECT] Processed 27001118 reads in 1981 ms 
INFO  00:30:21,061 MuTect - [MUTECT] Processed 28001128 reads in 1837 ms 
INFO  00:30:22,000 MuTect - [MUTECT] Inspected 13000 potential candidates 
INFO  00:30:22,371 MuTect - [MUTECT] Processed 29001128 reads in 1310 ms 
INFO  00:30:24,787 MuTect - [MUTECT] Processed 30001220 reads in 2416 ms 
INFO  00:30:26,256 MuTect - [MUTECT] Processed 31001224 reads in 1469 ms 
INFO  00:30:26,456 MuTect - [MUTECT] Inspected 14000 potential candidates 
INFO  00:30:27,692 MuTect - [MUTECT] Processed 32001248 reads in 1436 ms 
INFO  00:30:28,627 MuTect - [MUTECT] Processed 33001345 reads in 935 ms 
INFO  00:30:29,004 MuTect - [MUTECT] Inspected 15000 potential candidates 
INFO  00:30:29,461 MuTect - [MUTECT] Processed 34001348 reads in 834 ms 
INFO  00:30:31,337 MuTect - [MUTECT] Processed 35001348 reads in 1876 ms 
INFO  00:30:31,462 ProgressMeter -   chr3:35554481        5.27e+08    5.5 m        0.0 s     16.4%        33.6 m    28.1 m 
INFO  00:30:32,911 MuTect - [MUTECT] Processed 36001386 reads in 1574 ms 
INFO  00:30:32,912 MuTect - [MUTECT] Inspected 16000 potential candidates 
INFO  00:30:33,464 MuTect - [MUTECT] Processed 37001400 reads in 553 ms 
INFO  00:30:34,219 MuTect - [MUTECT] Processed 38001421 reads in 755 ms 
INFO  00:30:35,225 MuTect - [MUTECT] Inspected 17000 potential candidates 
INFO  00:30:35,260 MuTect - [MUTECT] Processed 39001453 reads in 1041 ms 
INFO  00:30:35,790 MuTect - [MUTECT] Processed 40001454 reads in 529 ms 
INFO  00:30:36,563 MuTect - [MUTECT] Processed 41001476 reads in 774 ms 
INFO  00:30:36,807 MuTect - [MUTECT] Inspected 18000 potential candidates 
INFO  00:30:37,209 MuTect - [MUTECT] Processed 42001486 reads in 645 ms 
INFO  00:30:37,996 MuTect - [MUTECT] Processed 43001504 reads in 788 ms 
INFO  00:30:38,670 MuTect - [MUTECT] Processed 44001564 reads in 674 ms 
INFO  00:30:38,672 MuTect - [MUTECT] Inspected 19000 potential candidates 
INFO  00:30:39,372 MuTect - [MUTECT] Processed 45001581 reads in 702 ms 
INFO  00:30:40,876 MuTect - [MUTECT] Processed 46001607 reads in 1504 ms 
INFO  00:30:41,023 MuTect - [MUTECT] Inspected 20000 potential candidates 
INFO  00:30:42,546 MuTect - [MUTECT] Processed 47001625 reads in 1670 ms 
INFO  00:30:43,795 MuTect - [MUTECT] Processed 48001649 reads in 1249 ms 
INFO  00:30:44,093 MuTect - [MUTECT] Inspected 21000 potential candidates 
INFO  00:30:44,459 MuTect - [MUTECT] Processed 49001732 reads in 664 ms 
INFO  00:30:45,538 MuTect - [MUTECT] Processed 50001837 reads in 1079 ms 
INFO  00:30:46,779 MuTect - [MUTECT] Processed 51001898 reads in 1241 ms 
INFO  00:30:46,871 MuTect - [MUTECT] Inspected 22000 potential candidates 
INFO  00:30:47,465 MuTect - [MUTECT] Processed 52001916 reads in 686 ms 
INFO  00:30:48,214 MuTect - [MUTECT] Processed 53001917 reads in 749 ms 
INFO  00:30:49,174 MuTect - [MUTECT] Inspected 23000 potential candidates 
INFO  00:30:49,220 MuTect - [MUTECT] Processed 54001918 reads in 1006 ms 
INFO  00:30:50,118 MuTect - [MUTECT] Processed 55001986 reads in 898 ms 
INFO  00:30:51,005 MuTect - [MUTECT] Processed 56001998 reads in 887 ms 
INFO  00:30:51,223 MuTect - [MUTECT] Inspected 24000 potential candidates 
INFO  00:30:51,800 MuTect - [MUTECT] Processed 57002003 reads in 795 ms 
INFO  00:30:52,521 MuTect - [MUTECT] Processed 58002058 reads in 721 ms 
INFO  00:30:53,158 MuTect - [MUTECT] Inspected 25000 potential candidates 
INFO  00:30:53,361 MuTect - [MUTECT] Processed 59002118 reads in 840 ms 
INFO  00:30:54,091 MuTect - [MUTECT] Processed 60002120 reads in 730 ms 
INFO  00:30:54,721 MuTect - [MUTECT] Processed 61002195 reads in 630 ms 
INFO  00:30:55,066 MuTect - [MUTECT] Inspected 26000 potential candidates 
INFO  00:30:55,564 MuTect - [MUTECT] Processed 62002206 reads in 843 ms 
INFO  00:30:56,134 MuTect - [MUTECT] Processed 63002218 reads in 570 ms 
INFO  00:30:56,858 MuTect - [MUTECT] Inspected 27000 potential candidates 
INFO  00:30:57,170 MuTect - [MUTECT] Processed 64002237 reads in 1036 ms 
INFO  00:30:57,796 MuTect - [MUTECT] Processed 65002285 reads in 626 ms 
INFO  00:30:58,392 MuTect - [MUTECT] Processed 66002292 reads in 596 ms 
INFO  00:30:58,621 MuTect - [MUTECT] Inspected 28000 potential candidates 
INFO  00:30:58,847 MuTect - [MUTECT] Processed 67002336 reads in 455 ms 
INFO  00:30:59,359 MuTect - [MUTECT] Processed 68002384 reads in 512 ms 
INFO  00:31:00,186 MuTect - [MUTECT] Processed 69002420 reads in 827 ms 
INFO  00:31:00,584 MuTect - [MUTECT] Inspected 29000 potential candidates 
INFO  00:31:00,682 MuTect - [MUTECT] Processed 70002431 reads in 496 ms 
INFO  00:31:01,251 MuTect - [MUTECT] Processed 71002449 reads in 569 ms 
INFO  00:31:01,527 ProgressMeter -   chr3:49285973        5.40e+08    6.0 m        0.0 s     16.8%        35.7 m    29.7 m 
INFO  00:31:02,189 MuTect - [MUTECT] Processed 72002449 reads in 938 ms 
INFO  00:31:02,614 MuTect - [MUTECT] Inspected 30000 potential candidates 
INFO  00:31:02,731 MuTect - [MUTECT] Processed 73002488 reads in 542 ms 
INFO  00:31:03,245 MuTect - [MUTECT] Processed 74002492 reads in 514 ms 
INFO  00:31:03,816 MuTect - [MUTECT] Processed 75002492 reads in 571 ms 
INFO  00:31:04,518 MuTect - [MUTECT] Processed 76002494 reads in 702 ms 
INFO  00:31:04,602 MuTect - [MUTECT] Inspected 31000 potential candidates 
INFO  00:31:05,092 MuTect - [MUTECT] Processed 77002514 reads in 574 ms 
INFO  00:31:05,612 MuTect - [MUTECT] Processed 78002533 reads in 520 ms 
INFO  00:31:06,806 MuTect - [MUTECT] Inspected 32000 potential candidates 
INFO  00:31:06,850 MuTect - [MUTECT] Processed 79002540 reads in 1238 ms 
INFO  00:31:07,508 MuTect - [MUTECT] Processed 80002560 reads in 658 ms 
INFO  00:31:08,464 MuTect - [MUTECT] Processed 81002583 reads in 956 ms 
INFO  00:31:09,158 MuTect - [MUTECT] Processed 82002606 reads in 694 ms 
INFO  00:31:09,231 MuTect - [MUTECT] Inspected 33000 potential candidates 
INFO  00:31:09,790 MuTect - [MUTECT] Processed 83002607 reads in 632 ms 
INFO  00:31:10,351 MuTect - [MUTECT] Processed 84002652 reads in 561 ms 
INFO  00:31:10,958 MuTect - [MUTECT] Processed 85002689 reads in 607 ms 
INFO  00:31:11,078 MuTect - [MUTECT] Inspected 34000 potential candidates 
INFO  00:31:11,446 MuTect - [MUTECT] Processed 86002719 reads in 488 ms 
INFO  00:31:12,136 MuTect - [MUTECT] Processed 87002780 reads in 690 ms 
INFO  00:31:12,759 MuTect - [MUTECT] Inspected 35000 potential candidates 
INFO  00:31:12,789 MuTect - [MUTECT] Processed 88002783 reads in 653 ms 
INFO  00:31:14,074 MuTect - [MUTECT] Processed 89002799 reads in 1285 ms 
INFO  00:31:14,829 MuTect - [MUTECT] Processed 90002822 reads in 755 ms 
INFO  00:31:16,461 MuTect - [MUTECT] Inspected 36000 potential candidates 
INFO  00:31:16,918 MuTect - [MUTECT] Processed 91002934 reads in 2089 ms 
INFO  00:31:18,519 MuTect - [MUTECT] Processed 92002942 reads in 1601 ms 
INFO  00:31:19,525 MuTect - [MUTECT] Processed 93002960 reads in 1006 ms 
INFO  00:31:20,102 MuTect - [MUTECT] Inspected 37000 potential candidates 
INFO  00:31:20,228 MuTect - [MUTECT] Processed 94002975 reads in 703 ms 
INFO  00:31:21,330 MuTect - [MUTECT] Processed 95002979 reads in 1102 ms 
INFO  00:31:22,120 MuTect - [MUTECT] Processed 96003084 reads in 790 ms 
INFO  00:31:22,987 MuTect - [MUTECT] Inspected 38000 potential candidates 
INFO  00:31:25,617 MuTect - [MUTECT] Processed 97003085 reads in 3497 ms 
INFO  00:31:27,332 MuTect - [MUTECT] Processed 98003237 reads in 1715 ms 
INFO  00:31:28,675 MuTect - [MUTECT] Processed 99003251 reads in 1343 ms 
INFO  00:31:28,800 MuTect - [MUTECT] Inspected 39000 potential candidates 
INFO  00:31:30,544 MuTect - [MUTECT] Processed 100003261 reads in 1869 ms 
INFO  00:31:31,530 ProgressMeter -   chr3:67288605        5.58e+08    6.5 m        0.0 s     17.4%        37.4 m    30.9 m 
INFO  00:31:33,055 MuTect - [MUTECT] Processed 101003284 reads in 2511 ms 
INFO  00:31:33,793 MuTect - [MUTECT] Inspected 40000 potential candidates 
INFO  00:31:33,841 MuTect - [MUTECT] Processed 102003334 reads in 786 ms 
INFO  00:31:36,937 MuTect - [MUTECT] Processed 103003337 reads in 3096 ms 
INFO  00:31:38,729 MuTect - [MUTECT] Processed 104003340 reads in 1792 ms 
INFO  00:31:39,711 MuTect - [MUTECT] Inspected 41000 potential candidates 
INFO  00:31:41,388 MuTect - [MUTECT] Processed 105003408 reads in 2659 ms 
INFO  00:31:43,444 MuTect - [MUTECT] Processed 106003409 reads in 2056 ms 
INFO  00:31:45,487 MuTect - [MUTECT] Inspected 42000 potential candidates 
INFO  00:31:49,308 MuTect - [MUTECT] Processed 107003417 reads in 5864 ms 
INFO  00:31:51,208 MuTect - [MUTECT] Processed 108003428 reads in 1900 ms 
INFO  00:31:54,209 MuTect - [MUTECT] Processed 109003541 reads in 3001 ms 
INFO  00:31:54,434 MuTect - [MUTECT] Inspected 43000 potential candidates 
INFO  00:31:57,133 MuTect - [MUTECT] Processed 110003601 reads in 2924 ms 
INFO  00:31:58,257 MuTect - [MUTECT] Processed 111003720 reads in 1123 ms 
INFO  00:31:58,721 MuTect - [MUTECT] Inspected 44000 potential candidates 
INFO  00:31:58,798 MuTect - [MUTECT] Processed 112003735 reads in 542 ms 
INFO  00:31:59,596 MuTect - [MUTECT] Processed 113003756 reads in 798 ms 
INFO  00:32:00,313 MuTect - [MUTECT] Processed 114003849 reads in 717 ms 
INFO  00:32:00,517 MuTect - [MUTECT] Inspected 45000 potential candidates 
INFO  00:32:01,026 MuTect - [MUTECT] Processed 115003895 reads in 713 ms 
INFO  00:32:01,531 ProgressMeter -   chr3:99437613        5.91e+08    7.0 m        0.0 s     18.4%        38.1 m    31.1 m 
INFO  00:32:02,583 MuTect - [MUTECT] Processed 116003904 reads in 1557 ms 
INFO  00:32:03,149 MuTect - [MUTECT] Inspected 46000 potential candidates 
INFO  00:32:03,332 MuTect - [MUTECT] Processed 117004006 reads in 749 ms 
INFO  00:32:03,978 MuTect - [MUTECT] Processed 118004098 reads in 646 ms 
INFO  00:32:04,881 MuTect - [MUTECT] Processed 119004099 reads in 903 ms 
INFO  00:32:05,305 MuTect - [MUTECT] Inspected 47000 potential candidates 
INFO  00:32:05,629 MuTect - [MUTECT] Processed 120004107 reads in 748 ms 
INFO  00:32:06,282 MuTect - [MUTECT] Processed 121004113 reads in 653 ms 
INFO  00:32:07,297 MuTect - [MUTECT] Processed 122004115 reads in 1015 ms 
INFO  00:32:08,909 MuTect - [MUTECT] Inspected 48000 potential candidates 
INFO  00:32:10,260 MuTect - [MUTECT] Processed 123004129 reads in 2963 ms 
INFO  00:32:12,345 MuTect - [MUTECT] Processed 124004171 reads in 2085 ms 
INFO  00:32:13,288 MuTect - [MUTECT] Processed 125004174 reads in 943 ms 
INFO  00:32:13,545 MuTect - [MUTECT] Inspected 49000 potential candidates 
INFO  00:32:13,921 MuTect - [MUTECT] Processed 126004177 reads in 633 ms 
INFO  00:32:14,544 MuTect - [MUTECT] Processed 127004182 reads in 623 ms 
INFO  00:32:15,601 MuTect - [MUTECT] Processed 128004188 reads in 1057 ms 
INFO  00:32:16,251 MuTect - [MUTECT] Inspected 50000 potential candidates 
INFO  00:32:17,657 MuTect - [MUTECT] Processed 129004246 reads in 2056 ms 
INFO  00:32:18,757 MuTect - [MUTECT] Processed 130004284 reads in 1100 ms 
INFO  00:32:19,377 MuTect - [MUTECT] Processed 131004315 reads in 620 ms 
INFO  00:32:19,774 MuTect - [MUTECT] Inspected 51000 potential candidates 
INFO  00:32:20,091 MuTect - [MUTECT] Processed 132004375 reads in 714 ms 
INFO  00:32:20,852 MuTect - [MUTECT] Processed 133004401 reads in 761 ms 
INFO  00:32:21,602 MuTect - [MUTECT] Processed 134004438 reads in 750 ms 
INFO  00:32:22,109 MuTect - [MUTECT] Inspected 52000 potential candidates 
INFO  00:32:22,325 MuTect - [MUTECT] Processed 135004449 reads in 722 ms 
INFO  00:32:22,988 MuTect - [MUTECT] Processed 136004455 reads in 664 ms 
INFO  00:32:23,517 MuTect - [MUTECT] Processed 137004558 reads in 529 ms 
INFO  00:32:24,040 MuTect - [MUTECT] Inspected 53000 potential candidates 
INFO  00:32:24,128 MuTect - [MUTECT] Processed 138004558 reads in 611 ms 
INFO  00:32:24,820 MuTect - [MUTECT] Processed 139004572 reads in 692 ms 
INFO  00:32:25,436 MuTect - [MUTECT] Processed 140004681 reads in 616 ms 
INFO  00:32:27,060 MuTect - [MUTECT] Inspected 54000 potential candidates 
INFO  00:32:27,089 MuTect - [MUTECT] Processed 141004733 reads in 1653 ms 
INFO  00:32:30,087 MuTect - [MUTECT] Processed 142004744 reads in 2997 ms 
INFO  00:32:30,816 MuTect - [MUTECT] Processed 143004747 reads in 730 ms 
INFO  00:32:31,427 MuTect - [MUTECT] Inspected 55000 potential candidates 
INFO  00:32:31,440 MuTect - [MUTECT] Processed 144004751 reads in 624 ms 
INFO  00:32:31,532 ProgressMeter -  chr3:119643349        6.11e+08    7.5 m        0.0 s     19.0%        39.5 m    32.0 m 
INFO  00:32:32,206 MuTect - [MUTECT] Processed 145004751 reads in 766 ms 
INFO  00:32:33,257 MuTect - [MUTECT] Processed 146004843 reads in 1051 ms 
INFO  00:32:34,288 MuTect - [MUTECT] Inspected 56000 potential candidates 
INFO  00:32:34,293 MuTect - [MUTECT] Processed 147004860 reads in 1036 ms 
INFO  00:32:35,060 MuTect - [MUTECT] Processed 148004866 reads in 766 ms 
INFO  00:32:35,700 MuTect - [MUTECT] Processed 149004880 reads in 641 ms 
INFO  00:32:36,233 MuTect - [MUTECT] Inspected 57000 potential candidates 
INFO  00:32:36,254 MuTect - [MUTECT] Processed 150004937 reads in 554 ms 
INFO  00:32:36,746 MuTect - [MUTECT] Processed 151004943 reads in 492 ms 
INFO  00:32:37,428 MuTect - [MUTECT] Processed 152004960 reads in 682 ms 
INFO  00:32:38,156 MuTect - [MUTECT] Inspected 58000 potential candidates 
INFO  00:32:38,323 MuTect - [MUTECT] Processed 153005153 reads in 895 ms 
INFO  00:32:38,947 MuTect - [MUTECT] Processed 154005163 reads in 624 ms 
INFO  00:32:39,473 MuTect - [MUTECT] Processed 155005270 reads in 526 ms 
INFO  00:32:40,041 MuTect - [MUTECT] Processed 156005270 reads in 568 ms 
INFO  00:32:40,142 MuTect - [MUTECT] Inspected 59000 potential candidates 
INFO  00:32:40,765 MuTect - [MUTECT] Processed 157005301 reads in 724 ms 
INFO  00:32:41,575 MuTect - [MUTECT] Processed 158005350 reads in 810 ms 
INFO  00:32:42,180 MuTect - [MUTECT] Inspected 60000 potential candidates 
INFO  00:32:42,223 MuTect - [MUTECT] Processed 159005517 reads in 648 ms 
INFO  00:32:43,055 MuTect - [MUTECT] Processed 160005554 reads in 832 ms 
INFO  00:32:43,946 MuTect - [MUTECT] Processed 161005555 reads in 891 ms 
INFO  00:32:44,390 MuTect - [MUTECT] Inspected 61000 potential candidates 
INFO  00:32:44,678 MuTect - [MUTECT] Processed 162005562 reads in 732 ms 
INFO  00:32:45,326 MuTect - [MUTECT] Processed 163005580 reads in 648 ms 
INFO  00:32:46,175 MuTect - [MUTECT] Processed 164005616 reads in 849 ms 
INFO  00:32:47,148 MuTect - [MUTECT] Inspected 62000 potential candidates 
INFO  00:32:47,248 MuTect - [MUTECT] Processed 165005654 reads in 1073 ms 
INFO  00:32:48,074 MuTect - [MUTECT] Processed 166005658 reads in 826 ms 
INFO  00:32:48,665 MuTect - [MUTECT] Processed 167005742 reads in 591 ms 
INFO  00:32:49,121 MuTect - [MUTECT] Inspected 63000 potential candidates 
INFO  00:32:49,534 MuTect - [MUTECT] Processed 168005744 reads in 869 ms 
INFO  00:32:50,412 MuTect - [MUTECT] Processed 169005748 reads in 878 ms 
INFO  00:32:51,297 MuTect - [MUTECT] Processed 170005925 reads in 885 ms 
INFO  00:32:51,610 MuTect - [MUTECT] Inspected 64000 potential candidates 
INFO  00:32:52,077 MuTect - [MUTECT] Processed 171006024 reads in 780 ms 
INFO  00:32:53,054 MuTect - [MUTECT] Processed 172006025 reads in 977 ms 
INFO  00:32:53,671 MuTect - [MUTECT] Processed 173006029 reads in 617 ms 
INFO  00:32:53,902 MuTect - [MUTECT] Inspected 65000 potential candidates 
INFO  00:32:54,430 MuTect - [MUTECT] Processed 174006031 reads in 759 ms 
INFO  00:32:55,135 MuTect - [MUTECT] Processed 175006049 reads in 705 ms 
INFO  00:32:55,794 MuTect - [MUTECT] Processed 176006051 reads in 659 ms 
INFO  00:32:55,914 MuTect - [MUTECT] Inspected 66000 potential candidates 
INFO  00:32:56,354 MuTect - [MUTECT] Processed 177006074 reads in 560 ms 
INFO  00:32:57,162 MuTect - [MUTECT] Processed 178006079 reads in 808 ms 
INFO  00:32:58,158 MuTect - [MUTECT] Inspected 67000 potential candidates 
INFO  00:32:58,247 MuTect - [MUTECT] Processed 179006151 reads in 1085 ms 
INFO  00:32:58,901 MuTect - [MUTECT] Processed 180006252 reads in 654 ms 
INFO  00:32:59,412 MuTect - [MUTECT] Processed 181006283 reads in 511 ms 
INFO  00:33:00,141 MuTect - [MUTECT] Processed 182006310 reads in 729 ms 
INFO  00:33:00,273 MuTect - [MUTECT] Inspected 68000 potential candidates 
INFO  00:33:01,006 MuTect - [MUTECT] Processed 183006411 reads in 865 ms 
INFO  00:33:02,198 MuTect - [MUTECT] Processed 184006412 reads in 1192 ms 
INFO  00:33:02,847 MuTect - [MUTECT] Processed 185006418 reads in 649 ms 
INFO  00:33:02,973 MuTect - [MUTECT] Inspected 69000 potential candidates 
INFO  00:33:03,409 MuTect - [MUTECT] Processed 186006423 reads in 562 ms 
INFO  00:33:03,904 MuTect - [MUTECT] Processed 187006460 reads in 495 ms 
INFO  00:33:05,185 MuTect - [MUTECT] Processed 188006500 reads in 1281 ms 
INFO  00:33:05,621 MuTect - [MUTECT] Inspected 70000 potential candidates 
INFO  00:33:05,832 MuTect - [MUTECT] Processed 189006547 reads in 646 ms 
INFO  00:33:06,680 MuTect - [MUTECT] Processed 190006571 reads in 849 ms 
INFO  00:33:07,488 MuTect - [MUTECT] Processed 191006598 reads in 808 ms 
INFO  00:33:08,541 MuTect - [MUTECT] Inspected 71000 potential candidates 
INFO  00:33:09,146 MuTect - [MUTECT] Processed 192006684 reads in 1658 ms 
INFO  00:33:09,838 MuTect - [MUTECT] Processed 193006697 reads in 691 ms 
INFO  00:33:10,505 MuTect - [MUTECT] Processed 194006705 reads in 668 ms 
INFO  00:33:11,495 MuTect - [MUTECT] Inspected 72000 potential candidates 
INFO  00:33:11,532 ProgressMeter -  chr3:136946073        6.28e+08    8.2 m        0.0 s     19.5%        41.8 m    33.7 m 
INFO  00:33:11,557 MuTect - [MUTECT] Processed 195006801 reads in 1052 ms 
INFO  00:33:12,982 MuTect - [MUTECT] Processed 196006858 reads in 1425 ms 
INFO  00:33:13,658 MuTect - [MUTECT] Processed 197006899 reads in 676 ms 
INFO  00:33:14,165 MuTect - [MUTECT] Inspected 73000 potential candidates 
INFO  00:33:14,275 MuTect - [MUTECT] Processed 198007014 reads in 617 ms 
INFO  00:33:15,053 MuTect - [MUTECT] Processed 199007024 reads in 778 ms 
INFO  00:33:16,117 MuTect - [MUTECT] Processed 200007027 reads in 1064 ms 
INFO  00:33:16,586 MuTect - [MUTECT] Inspected 74000 potential candidates 
INFO  00:33:16,736 MuTect - [MUTECT] Processed 201007112 reads in 619 ms 
INFO  00:33:18,309 MuTect - [MUTECT] Processed 202007114 reads in 1573 ms 
INFO  00:33:19,304 MuTect - [MUTECT] Processed 203007150 reads in 995 ms 
INFO  00:33:19,704 MuTect - [MUTECT] Inspected 75000 potential candidates 
INFO  00:33:20,123 MuTect - [MUTECT] Processed 204007296 reads in 819 ms 
INFO  00:33:21,073 MuTect - [MUTECT] Processed 205007310 reads in 950 ms 
INFO  00:33:21,656 MuTect - [MUTECT] Processed 206007383 reads in 583 ms 
INFO  00:33:21,973 MuTect - [MUTECT] Inspected 76000 potential candidates 
INFO  00:33:22,319 MuTect - [MUTECT] Processed 207007450 reads in 663 ms 
INFO  00:33:23,046 MuTect - [MUTECT] Processed 208007544 reads in 727 ms 
INFO  00:33:23,726 MuTect - [MUTECT] Processed 209007546 reads in 680 ms 
INFO  00:33:25,034 MuTect - [MUTECT] Inspected 77000 potential candidates 
INFO  00:33:26,342 MuTect - [MUTECT] Processed 210007603 reads in 2616 ms 
INFO  00:33:27,208 MuTect - [MUTECT] Processed 211007616 reads in 866 ms 
INFO  00:33:29,241 MuTect - [MUTECT] Processed 212007711 reads in 2033 ms 
INFO  00:33:29,558 MuTect - [MUTECT] Inspected 78000 potential candidates 
INFO  00:33:29,920 MuTect - [MUTECT] Processed 213007723 reads in 679 ms 
INFO  00:33:30,523 MuTect - [MUTECT] Processed 214007727 reads in 603 ms 
INFO  00:33:31,264 MuTect - [MUTECT] Processed 215007805 reads in 741 ms 
INFO  00:33:31,961 MuTect - [MUTECT] Inspected 79000 potential candidates 
INFO  00:33:32,127 MuTect - [MUTECT] Processed 216007825 reads in 863 ms 
INFO  00:33:33,173 MuTect - [MUTECT] Processed 217007876 reads in 1046 ms 
INFO  00:33:33,961 MuTect - [MUTECT] Processed 218007966 reads in 788 ms 
INFO  00:33:34,740 MuTect - [MUTECT] Processed 219007998 reads in 779 ms 
INFO  00:33:34,756 MuTect - [MUTECT] Inspected 80000 potential candidates 
INFO  00:33:35,359 MuTect - [MUTECT] Processed 220008018 reads in 619 ms 
INFO  00:33:35,899 MuTect - [MUTECT] Processed 221008035 reads in 540 ms 
INFO  00:33:37,059 MuTect - [MUTECT] Processed 222008035 reads in 1160 ms 
INFO  00:33:37,458 MuTect - [MUTECT] Inspected 81000 potential candidates 
INFO  00:33:39,182 MuTect - [MUTECT] Processed 223008050 reads in 2123 ms 
INFO  00:33:40,472 MuTect - [MUTECT] Processed 224008090 reads in 1290 ms 
INFO  00:33:41,200 MuTect - [MUTECT] Processed 225008096 reads in 728 ms 
INFO  00:33:41,533 ProgressMeter -  chr3:155652901        6.47e+08    8.7 m        0.0 s     20.1%        43.1 m    34.4 m 
INFO  00:33:41,787 MuTect - [MUTECT] Inspected 82000 potential candidates 
INFO  00:33:42,136 MuTect - [MUTECT] Processed 226008169 reads in 936 ms 
INFO  00:33:43,115 MuTect - [MUTECT] Processed 227008181 reads in 979 ms 
INFO  00:33:44,124 MuTect - [MUTECT] Processed 228008191 reads in 1009 ms 
INFO  00:33:44,743 MuTect - [MUTECT] Inspected 83000 potential candidates 
INFO  00:33:45,053 MuTect - [MUTECT] Processed 229008191 reads in 929 ms 
INFO  00:33:46,282 MuTect - [MUTECT] Processed 230008267 reads in 1229 ms 
INFO  00:33:47,701 MuTect - [MUTECT] Processed 231008268 reads in 1419 ms 
INFO  00:33:48,271 MuTect - [MUTECT] Inspected 84000 potential candidates 
INFO  00:33:48,609 MuTect - [MUTECT] Processed 232008300 reads in 908 ms 
INFO  00:33:49,419 MuTect - [MUTECT] Processed 233008301 reads in 810 ms 
INFO  00:33:50,436 MuTect - [MUTECT] Processed 234008349 reads in 1017 ms 
INFO  00:33:53,102 MuTect - [MUTECT] Inspected 85000 potential candidates 
INFO  00:33:53,566 MuTect - [MUTECT] Processed 235008357 reads in 3130 ms 
INFO  00:33:54,682 MuTect - [MUTECT] Processed 236008402 reads in 1116 ms 
INFO  00:33:56,337 MuTect - [MUTECT] Processed 237008435 reads in 1655 ms 
INFO  00:33:56,605 MuTect - [MUTECT] Inspected 86000 potential candidates 
INFO  00:33:57,197 MuTect - [MUTECT] Processed 238008439 reads in 860 ms 
INFO  00:33:58,631 MuTect - [MUTECT] Processed 239008440 reads in 1434 ms 
INFO  00:33:59,462 MuTect - [MUTECT] Processed 240008496 reads in 831 ms 
INFO  00:33:59,700 MuTect - [MUTECT] Inspected 87000 potential candidates 
INFO  00:34:00,224 MuTect - [MUTECT] Processed 241008537 reads in 762 ms 
INFO  00:34:00,916 MuTect - [MUTECT] Processed 242008633 reads in 692 ms 
INFO  00:34:01,766 MuTect - [MUTECT] Processed 243008633 reads in 850 ms 
INFO  00:34:02,189 MuTect - [MUTECT] Inspected 88000 potential candidates 
INFO  00:34:02,686 MuTect - [MUTECT] Processed 244008682 reads in 920 ms 
INFO  00:34:03,770 MuTect - [MUTECT] Processed 245008720 reads in 1084 ms 
INFO  00:34:04,722 MuTect - [MUTECT] Processed 246008951 reads in 952 ms 
INFO  00:34:04,928 MuTect - [MUTECT] Inspected 89000 potential candidates 
INFO  00:34:05,639 MuTect - [MUTECT] Processed 247008963 reads in 916 ms 
INFO  00:34:07,678 MuTect - [MUTECT] Processed 248008965 reads in 2040 ms 
INFO  00:34:09,236 MuTect - [MUTECT] Inspected 90000 potential candidates 
INFO  00:34:10,053 MuTect - [MUTECT] Processed 249008966 reads in 2375 ms 
INFO  00:34:11,534 ProgressMeter -  chr3:178853345        6.70e+08    9.2 m        0.0 s     20.8%        44.0 m    34.9 m 
INFO  00:34:12,110 MuTect - [MUTECT] Processed 250008994 reads in 2057 ms 
INFO  00:34:12,759 MuTect - [MUTECT] Processed 251009054 reads in 649 ms 
INFO  00:34:12,988 MuTect - [MUTECT] Inspected 91000 potential candidates 
INFO  00:34:13,495 MuTect - [MUTECT] Processed 252009086 reads in 736 ms 
INFO  00:34:14,274 MuTect - [MUTECT] Processed 253009214 reads in 779 ms 
INFO  00:34:15,456 MuTect - [MUTECT] Processed 254009214 reads in 1182 ms 
INFO  00:34:15,753 MuTect - [MUTECT] Inspected 92000 potential candidates 
INFO  00:34:17,694 MuTect - [MUTECT] Processed 255009309 reads in 2237 ms 
INFO  00:34:18,336 MuTect - [MUTECT] Processed 256009419 reads in 643 ms 
INFO  00:34:19,019 MuTect - [MUTECT] Processed 257009420 reads in 683 ms 
INFO  00:34:19,191 MuTect - [MUTECT] Inspected 93000 potential candidates 
INFO  00:34:19,942 MuTect - [MUTECT] Processed 258009420 reads in 923 ms 
INFO  00:34:20,698 MuTect - [MUTECT] Processed 259009424 reads in 756 ms 
INFO  00:34:21,356 MuTect - [MUTECT] Processed 260009432 reads in 658 ms 
INFO  00:34:21,488 MuTect - [MUTECT] Inspected 94000 potential candidates 
INFO  00:34:21,949 MuTect - [MUTECT] Processed 261009441 reads in 593 ms 
INFO  00:34:22,383 MuTect - [MUTECT] Processed 262009470 reads in 434 ms 
INFO  00:34:22,951 MuTect - [MUTECT] Processed 263009501 reads in 568 ms 
INFO  00:34:22,958 MuTect - [MUTECT] Inspected 95000 potential candidates 
INFO  00:34:23,412 MuTect - [MUTECT] Processed 264009607 reads in 461 ms 
INFO  00:34:23,920 MuTect - [MUTECT] Processed 265009663 reads in 508 ms 
INFO  00:34:24,477 MuTect - [MUTECT] Processed 266009757 reads in 557 ms 
INFO  00:34:24,523 MuTect - [MUTECT] Inspected 96000 potential candidates 
INFO  00:34:25,246 MuTect - [MUTECT] Processed 267009824 reads in 769 ms 
INFO  00:34:25,902 MuTect - [MUTECT] Processed 268009825 reads in 656 ms 
INFO  00:34:26,836 MuTect - [MUTECT] Inspected 97000 potential candidates 
INFO  00:34:26,860 MuTect - [MUTECT] Processed 269009887 reads in 958 ms 
INFO  00:34:27,531 MuTect - [MUTECT] Processed 270009947 reads in 671 ms 
INFO  00:34:28,333 MuTect - [MUTECT] Processed 271010121 reads in 802 ms 
INFO  00:34:29,164 MuTect - [MUTECT] Inspected 98000 potential candidates 
INFO  00:34:29,371 MuTect - [MUTECT] Processed 272010121 reads in 1038 ms 
INFO  00:34:30,082 MuTect - [MUTECT] Processed 273010132 reads in 711 ms 
INFO  00:34:30,796 MuTect - [MUTECT] Processed 274010207 reads in 714 ms 
INFO  00:34:31,646 MuTect - [MUTECT] Processed 275010214 reads in 850 ms 
INFO  00:34:31,685 MuTect - [MUTECT] Inspected 99000 potential candidates 
INFO  00:34:32,836 MuTect - [MUTECT] Processed 276010215 reads in 1190 ms 
INFO  00:34:34,825 MuTect - [MUTECT] Processed 277010219 reads in 1989 ms 
INFO  00:34:35,469 MuTect - [MUTECT] Inspected 100000 potential candidates 
INFO  00:34:35,970 MuTect - [MUTECT] Processed 278010219 reads in 1145 ms 
INFO  00:34:37,072 MuTect - [MUTECT] Processed 279010232 reads in 1102 ms 
INFO  00:34:39,134 MuTect - [MUTECT] Processed 280010255 reads in 2062 ms 
INFO  00:34:39,188 MuTect - [MUTECT] Inspected 101000 potential candidates 
INFO  00:34:39,787 MuTect - [MUTECT] Processed 281010266 reads in 653 ms 
INFO  00:34:40,889 MuTect - [MUTECT] Processed 282010273 reads in 1102 ms 
INFO  00:34:41,537 ProgressMeter -  chr3:194396761        6.86e+08    9.7 m        0.0 s     21.3%        45.4 m    35.7 m 
INFO  00:34:41,725 MuTect - [MUTECT] Processed 283010339 reads in 836 ms 
INFO  00:34:41,800 MuTect - [MUTECT] Inspected 102000 potential candidates 
INFO  00:34:42,458 MuTect - [MUTECT] Processed 284010377 reads in 733 ms 
INFO  00:34:43,636 MuTect - [MUTECT] Processed 285010467 reads in 1178 ms 
INFO  00:34:44,697 MuTect - [MUTECT] Processed 286010513 reads in 1061 ms 
INFO  00:34:44,967 MuTect - [MUTECT] Inspected 103000 potential candidates 
INFO  00:34:45,418 MuTect - [MUTECT] Processed 287010572 reads in 721 ms 
INFO  00:34:46,298 MuTect - [MUTECT] Processed 288010581 reads in 880 ms 
INFO  00:34:47,000 MuTect - [MUTECT] Inspected 104000 potential candidates 
INFO  00:34:47,006 MuTect - [MUTECT] Processed 289010673 reads in 708 ms 
INFO  00:34:47,776 MuTect - [MUTECT] Processed 290010692 reads in 770 ms 
INFO  00:34:48,650 MuTect - [MUTECT] Processed 291010722 reads in 874 ms 
INFO  00:34:48,978 MuTect - [MUTECT] Inspected 105000 potential candidates 
INFO  00:34:49,301 MuTect - [MUTECT] Processed 292010746 reads in 651 ms 
INFO  00:34:50,275 MuTect - [MUTECT] Processed 293010775 reads in 974 ms 
INFO  00:34:51,130 MuTect - [MUTECT] Processed 294010778 reads in 855 ms 
INFO  00:34:51,433 MuTect - [MUTECT] Inspected 106000 potential candidates 
INFO  00:34:51,844 MuTect - [MUTECT] Processed 295010790 reads in 714 ms 
INFO  00:35:11,537 ProgressMeter -   chr4:27687301        6.89e+08   10.2 m        0.0 s     22.3%        45.6 m    35.4 m 
INFO  00:35:41,540 ProgressMeter -   chr4:79010501        6.89e+08   10.7 m        0.0 s     23.9%        44.7 m    34.0 m 
INFO  00:36:11,543 ProgressMeter -  chr4:131715901        6.89e+08   11.2 m        0.0 s     25.5%        43.8 m    32.6 m 
INFO  00:36:41,544 ProgressMeter -  chr4:184812201        6.89e+08   11.7 m        1.0 s     27.2%        42.9 m    31.3 m 
INFO  00:37:11,611 ProgressMeter -   chr5:41068301        8.80e+08   12.2 m        0.0 s     28.6%        42.5 m    30.3 m 
INFO  00:37:41,613 ProgressMeter -   chr5:96705801        8.80e+08   12.7 m        0.0 s     30.3%        41.7 m    29.1 m 
INFO  00:38:11,614 ProgressMeter -  chr5:148868401        8.80e+08   13.2 m        0.0 s     32.0%        41.2 m    28.0 m 
INFO  00:38:43,654 ProgressMeter -   chr6:17786001        1.06e+09   13.7 m        0.0 s     33.5%        40.9 m    27.2 m 
INFO  00:39:13,655 ProgressMeter -   chr6:70574501        1.06e+09   14.2 m        0.0 s     35.2%        40.4 m    26.2 m 
INFO  00:39:43,729 ProgressMeter -  chr6:128276301        1.06e+09   14.7 m        0.0 s     37.0%        39.8 m    25.1 m 
INFO  00:40:13,733 ProgressMeter -    chr7:8788501        1.23e+09   15.2 m        0.0 s     38.6%        39.4 m    24.2 m 
INFO  00:40:43,808 ProgressMeter -   chr7:62746801        1.23e+09   15.7 m        0.0 s     40.2%        39.0 m    23.3 m 
INFO  00:41:13,810 ProgressMeter -  chr7:118063301        1.23e+09   16.2 m        0.0 s     42.0%        38.6 m    22.4 m 
INFO  00:41:43,811 ProgressMeter -    chr8:6750201        1.39e+09   16.7 m        0.0 s     43.5%        38.4 m    21.7 m 
INFO  00:42:13,814 ProgressMeter -   chr8:59694501        1.39e+09   17.2 m        0.0 s     45.1%        38.1 m    20.9 m 
INFO  00:42:43,846 ProgressMeter -  chr8:114978301        1.39e+09   17.7 m        0.0 s     46.8%        37.8 m    20.1 m 
INFO  00:43:13,847 ProgressMeter -   chr9:19542101        1.54e+09   18.2 m        0.0 s     48.4%        37.6 m    19.4 m 
INFO  00:43:43,977 ProgressMeter -   chr9:81709501        1.54e+09   18.7 m        0.0 s     50.3%        37.2 m    18.5 m 
INFO  00:44:14,070 ProgressMeter -  chr9:134697601        1.54e+09   19.2 m        0.0 s     51.9%        37.0 m    17.8 m 
INFO  00:44:44,171 ProgressMeter -  chr10:45440601        1.67e+09   19.7 m        0.0 s     53.5%        36.8 m    17.1 m 
INFO  00:45:14,207 ProgressMeter -  chr10:98727901        1.67e+09   20.2 m        0.0 s     55.1%        36.6 m    16.4 m 
INFO  00:45:44,208 ProgressMeter -  chr11:12487501        1.81e+09   20.7 m        0.0 s     56.6%        36.6 m    15.9 m 
INFO  00:46:14,210 ProgressMeter -  chr11:64839201        1.81e+09   21.2 m        0.0 s     58.2%        36.4 m    15.2 m 
INFO  00:46:44,294 ProgressMeter - chr11:116601201        1.81e+09   21.7 m        0.0 s     59.8%        36.3 m    14.6 m 
INFO  00:47:14,296 ProgressMeter -  chr12:29971601        1.94e+09   22.2 m        0.0 s     61.3%        36.2 m    14.0 m 
INFO  00:47:44,345 ProgressMeter -  chr12:82905601        1.94e+09   22.7 m        0.0 s     63.0%        36.1 m    13.3 m 
INFO  00:48:14,347 ProgressMeter - chr12:133275301        1.94e+09   23.2 m        0.0 s     64.6%        36.0 m    12.7 m 
INFO  00:48:44,349 ProgressMeter -  chr13:56515801        2.08e+09   23.7 m        0.0 s     66.3%        35.8 m    12.0 m 
INFO  00:49:14,351 ProgressMeter - chr13:111669901        2.08e+09   24.2 m        0.0 s     68.0%        35.6 m    11.4 m 
INFO  00:49:44,404 ProgressMeter -  chr14:55229201        2.19e+09   24.7 m        0.0 s     69.8%        35.4 m    10.7 m 
INFO  00:50:14,919 ProgressMeter -    chr15:832401        2.30e+09   25.2 m        0.0 s     71.5%        35.3 m    10.1 m 
INFO  00:50:44,921 ProgressMeter -  chr15:60489201        2.30e+09   25.7 m        0.0 s     73.3%        35.1 m     9.4 m 
INFO  00:51:14,922 ProgressMeter -   chr16:8621301        2.40e+09   26.2 m        0.0 s     74.9%        35.0 m     8.8 m 
INFO  00:51:45,023 ProgressMeter -  chr16:65485201        2.40e+09   26.7 m        0.0 s     76.6%        34.9 m     8.1 m 
INFO  00:52:15,054 ProgressMeter -  chr17:25613001        2.49e+09   27.2 m        0.0 s     78.2%        34.8 m     7.6 m 
INFO  00:52:45,056 ProgressMeter -  chr17:79398201        2.49e+09   27.7 m        0.0 s     79.9%        34.7 m     7.0 m 
INFO  00:53:15,098 ProgressMeter -  chr18:49882101        2.57e+09   28.2 m        0.0 s     81.6%        34.6 m     6.4 m 
INFO  00:53:45,099 ProgressMeter -  chr19:19667801        2.65e+09   28.7 m        0.0 s     83.1%        34.6 m     5.8 m 
INFO  00:54:15,202 ProgressMeter -  chr20:10396201        2.71e+09   29.2 m        0.0 s     84.6%        34.5 m     5.3 m 
INFO  00:54:45,203 ProgressMeter -  chr20:62855901        2.71e+09   29.7 m        0.0 s     86.3%        34.4 m     4.7 m 
INFO  00:55:15,204 ProgressMeter -   chr22:4042301        2.82e+09   30.2 m        0.0 s     87.9%        34.4 m     4.2 m 
INFO  00:55:47,187 ProgressMeter -     chrX:675501        2.88e+09   30.8 m        0.0 s     89.4%        34.4 m     3.7 m 
INFO  00:56:17,243 ProgressMeter -   chrX:59737901        2.88e+09   31.3 m        0.0 s     91.2%        34.3 m     3.0 m 
INFO  00:56:47,274 ProgressMeter -  chrX:119961701        2.88e+09   31.8 m        0.0 s     93.1%        34.1 m     2.4 m 
INFO  00:57:17,275 ProgressMeter -   chrY:27872701        3.03e+09   32.3 m        0.0 s     95.1%        33.9 m   100.0 s 
INFO  00:57:47,276 ProgressMeter - chr17_GL000258v2_alt:241701        3.14e+09   32.8 m        0.0 s     97.7%        33.5 m    45.0 s 
INFO  00:58:12,414 Walker - [REDUCE RESULT] Traversal result is: 0 
INFO  00:58:12,662 ProgressMeter -            done        3.22e+09   33.2 m        0.0 s    100.0%        33.2 m     0.0 s 
INFO  00:58:12,662 ProgressMeter - Total runtime 1991.39 secs, 33.19 min, 0.55 hours 
INFO  00:58:12,727 MicroScheduler - 95615 reads were filtered out during the traversal out of approximately 2245238 total reads (4.26%) 
INFO  00:58:12,727 MicroScheduler -   -> 0 reads (0.00% of total) failing BadCigarFilter 
INFO  00:58:12,727 MicroScheduler -   -> 92752 reads (4.13% of total) failing DuplicateReadFilter 
INFO  00:58:12,727 MicroScheduler -   -> 0 reads (0.00% of total) failing FailsVendorQualityCheckFilter 
INFO  00:58:12,727 MicroScheduler -   -> 0 reads (0.00% of total) failing MalformedReadFilter 
INFO  00:58:12,727 MicroScheduler -   -> 1537 reads (0.07% of total) failing NotPrimaryAlignmentFilter 
INFO  00:58:12,727 MicroScheduler -   -> 1326 reads (0.06% of total) failing UnmappedReadFilter 
[Sat Mar 13 00:58:17 2021]
Finished job 0.
1 of 1 steps (100%) done
{'Sample10_ARK1_S37.test': '--variant:strelka /spin1/scratch/tandonm/pipeline_out/tn_test_1/somatic/SNP_Indels/strelka_out/vcf/Sample10_ARK1_S37.test.FINAL.vcf --variant:mutect /spin1/scratch/tandonm/pipeline_out/tn_test_1/somatic/SNP_Indels/mutect_out/vcf/Sample10_ARK1_S37.test.FINAL.vcf --variant:mutect2 /spin1/scratch/tandonm/pipeline_out/tn_test_1/somatic/SNP_Indels/mutect2_out/vcf/Sample10_ARK1_S37.test.FINAL.vcf --variant:vardict /spin1/scratch/tandonm/pipeline_out/tn_test_1/somatic/SNP_Indels/vardict_out/vcf/Sample10_ARK1_S37.test.FINAL.vcf --variant:varscan /spin1/scratch/tandonm/pipeline_out/tn_test_1/somatic/SNP_Indels/varscan_out/vcf/Sample10_ARK1_S37.test.FINAL.vcf', 'Sample11_ACI_158_S38.test': '--variant:strelka /spin1/scratch/tandonm/pipeline_out/tn_test_1/somatic/SNP_Indels/strelka_out/vcf/Sample11_ACI_158_S38.test.FINAL.vcf --variant:mutect /spin1/scratch/tandonm/pipeline_out/tn_test_1/somatic/SNP_Indels/mutect_out/vcf/Sample11_ACI_158_S38.test.FINAL.vcf --variant:mutect2 /spin1/scratch/tandonm/pipeline_out/tn_test_1/somatic/SNP_Indels/mutect2_out/vcf/Sample11_ACI_158_S38.test.FINAL.vcf --variant:vardict /spin1/scratch/tandonm/pipeline_out/tn_test_1/somatic/SNP_Indels/vardict_out/vcf/Sample11_ACI_158_S38.test.FINAL.vcf --variant:varscan /spin1/scratch/tandonm/pipeline_out/tn_test_1/somatic/SNP_Indels/varscan_out/vcf/Sample11_ACI_158_S38.test.FINAL.vcf'}
