Building DAG of jobs...
Using shell: /usr/bin/bash
Provided cores: 4
Rules claiming more threads will be scaled down.
Job counts:
	count	jobs
	1	haplotypecaller
	1

[Sat Mar 13 00:20:36 2021]
rule haplotypecaller:
    input: /spin1/scratch/tandonm/pipeline_out/tn_test_1/bams/Sample4_CRL1622_S31.test.recal.bam
    output: /spin1/scratch/tandonm/pipeline_out/tn_test_1/germline/gVCFs/Sample4_CRL1622_S31.test.chr7.g.vcf.gz, /spin1/scratch/tandonm/pipeline_out/tn_test_1/germline/gVCFs/Sample4_CRL1622_S31.test.chr7.g.vcf.gz.tbi
    jobid: 0
    wildcards: samples=Sample4_CRL1622_S31.test, chroms=chr7

[+] Loading gcc  9.2.0  ... 
[+] Loading GSL 2.6 for GCC 9.2.0 ... 
[-] Unloading gcc  9.2.0  ... 
[+] Loading gcc  9.2.0  ... 
[+] Loading openmpi 3.1.4  for GCC 9.2.0 
[+] Loading ImageMagick  7.0.8  on cn2428 
[+] Loading HDF5  1.10.4 
[-] Unloading gcc  9.2.0  ... 
[+] Loading gcc  9.2.0  ... 
[+] Loading NetCDF 4.7.4_gcc9.2.0 
[+] Loading pandoc  2.11.4  on cn2428 
[+] Loading R 3.6.3 
[+] Loading GATK  4.1.4.1 

GATK/4 includes its own python environment. Loading a different python
environment
after the GATK module will result in some tools failing. Conversely, the python
environment included with GATK/4 will override any python modules you may
already
have loaded.


00:20:41.946 WARN  GATKAnnotationPluginDescriptor - Redundant enabled annotation group (StandardAnnotation) is enabled for this tool by default
Mar 13, 2021 12:20:42 AM shaded.cloud_nio.com.google.auth.oauth2.ComputeEngineCredentials runningOnComputeEngine
INFO: Failed to detect whether we are running on Google Compute Engine.
00:20:42.189 INFO  HaplotypeCaller - ------------------------------------------------------------
00:20:42.189 INFO  HaplotypeCaller - The Genome Analysis Toolkit (GATK) v4.1.4.1
00:20:42.189 INFO  HaplotypeCaller - For support and documentation go to https://software.broadinstitute.org/gatk/
00:20:42.189 INFO  HaplotypeCaller - Executing as tandonm@cn2428 on Linux v3.10.0-862.14.4.el7.x86_64 amd64
00:20:42.189 INFO  HaplotypeCaller - Java runtime: OpenJDK 64-Bit Server VM v1.8.0_181-b13
00:20:42.190 INFO  HaplotypeCaller - Start Date/Time: March 13, 2021 12:20:41 AM EST
00:20:42.190 INFO  HaplotypeCaller - ------------------------------------------------------------
00:20:42.190 INFO  HaplotypeCaller - ------------------------------------------------------------
00:20:42.190 INFO  HaplotypeCaller - HTSJDK Version: 2.21.0
00:20:42.190 INFO  HaplotypeCaller - Picard Version: 2.21.2
00:20:42.193 INFO  HaplotypeCaller - HTSJDK Defaults.COMPRESSION_LEVEL : 2
00:20:42.193 INFO  HaplotypeCaller - HTSJDK Defaults.USE_ASYNC_IO_READ_FOR_SAMTOOLS : false
00:20:42.193 INFO  HaplotypeCaller - HTSJDK Defaults.USE_ASYNC_IO_WRITE_FOR_SAMTOOLS : true
00:20:42.193 INFO  HaplotypeCaller - HTSJDK Defaults.USE_ASYNC_IO_WRITE_FOR_TRIBBLE : false
00:20:42.194 INFO  HaplotypeCaller - Deflater: JdkDeflater
00:20:42.194 INFO  HaplotypeCaller - Inflater: JdkInflater
00:20:42.195 INFO  HaplotypeCaller - GCS max retries/reopens: 20
00:20:42.195 INFO  HaplotypeCaller - Requester pays: disabled
00:20:42.195 INFO  HaplotypeCaller - Initializing engine
WARNING	2021-03-13 00:20:42	SamFiles	The index file /gpfs/gsfs7/users/tandonm/pl_test_data/human/bams/Sample4_CRL1622_S31.test.recal.bai was found by resolving the canonical path of a symlink: /spin1/scratch/tandonm/pipeline_out/tn_test_1/bams/Sample4_CRL1622_S31.test.recal.bam -> /gpfs/gsfs7/users/tandonm/pl_test_data/human/bams/Sample4_CRL1622_S31.test.recal.bam
WARNING: BAM index file /gpfs/gsfs7/users/tandonm/pl_test_data/human/bams/Sample4_CRL1622_S31.test.recal.bai is older than BAM /spin1/scratch/tandonm/pipeline_out/tn_test_1/bams/Sample4_CRL1622_S31.test.recal.bam
00:20:42.913 INFO  FeatureManager - Using codec VCFCodec to read file file:///fdb/GATK_resource_bundle/hg38bundle/dbsnp_138.hg38.vcf.gz
00:20:43.151 INFO  IntervalArgumentCollection - Processing 159345973 bp from intervals
00:20:43.207 INFO  HaplotypeCaller - Done initializing engine
00:20:43.210 INFO  HaplotypeCallerEngine - Tool is in reference confidence mode and the annotation, the following changes will be made to any specified annotations: 'StrandBiasBySample' will be enabled. 'ChromosomeCounts', 'FisherStrand', 'StrandOddsRatio' and 'QualByDepth' annotations have been disabled
00:20:43.292 INFO  HaplotypeCallerEngine - Standard Emitting and Calling confidence set to 0.0 for reference-model confidence output
00:20:43.292 INFO  HaplotypeCallerEngine - All sites annotated with PLs forced to true for reference-model confidence output
00:20:43.306 INFO  NativeLibraryLoader - Loading libgkl_utils.so from jar:file:/usr/local/apps/GATK/4.1.4.1/gatk-package-4.1.4.1-local.jar!/com/intel/gkl/native/libgkl_utils.so
00:20:43.309 INFO  NativeLibraryLoader - Loading libgkl_pairhmm_omp.so from jar:file:/usr/local/apps/GATK/4.1.4.1/gatk-package-4.1.4.1-local.jar!/com/intel/gkl/native/libgkl_pairhmm_omp.so
00:20:43.361 INFO  IntelPairHmm - Using CPU-supported AVX-512 instructions
00:20:43.361 INFO  IntelPairHmm - Flush-to-zero (FTZ) is enabled when running PairHMM
00:20:43.362 INFO  IntelPairHmm - Available threads: 1
00:20:43.362 INFO  IntelPairHmm - Requested threads: 4
00:20:43.362 WARN  IntelPairHmm - Using 1 available threads, but 4 were requested
00:20:43.362 INFO  PairHMM - Using the OpenMP multi-threaded AVX-accelerated native PairHMM implementation
00:20:43.452 INFO  ProgressMeter - Starting traversal
00:20:43.452 INFO  ProgressMeter -        Current Locus  Elapsed Minutes     Regions Processed   Regions/Minute
00:20:44.231 WARN  InbreedingCoeff - InbreedingCoeff will not be calculated; at least 10 samples must have called genotypes
00:20:53.468 INFO  ProgressMeter -         chr7:1494995              0.2                  5520          33067.1
00:21:03.479 INFO  ProgressMeter -         chr7:4757509              0.3                 17490          52399.3
00:21:13.489 INFO  ProgressMeter -         chr7:7360670              0.5                 27450          54832.4
00:21:23.490 INFO  ProgressMeter -        chr7:13034106              0.7                 47170          70687.8
00:21:33.491 INFO  ProgressMeter -        chr7:20346510              0.8                 72400          86812.3
00:21:43.499 INFO  ProgressMeter -        chr7:25154962              1.0                 89520          89449.9
00:21:53.508 INFO  ProgressMeter -        chr7:30505420              1.2                108330          92780.1
00:22:03.512 INFO  ProgressMeter -        chr7:35898454              1.3                127260          95373.5
00:22:13.516 INFO  ProgressMeter -        chr7:42669393              1.5                150920         100541.8
00:22:23.526 INFO  ProgressMeter -        chr7:47795556              1.7                169180         101432.9
00:22:33.107 WARN  DepthPerSampleHC - Annotation will not be calculated, genotype is not called or alleleLikelihoodMap is null
00:22:33.107 WARN  StrandBiasBySample - Annotation will not be calculated, genotype is not called or alleleLikelihoodMap is null
00:22:33.107 WARN  StrandBiasBySample - Annotation will not be calculated, genotype is not called or alleleLikelihoodMap is null
00:22:33.532 INFO  ProgressMeter -        chr7:54746975              1.8                193350         105387.0
00:22:43.703 INFO  ProgressMeter -        chr7:62276426              2.0                219450         109496.0
00:22:53.704 INFO  ProgressMeter -        chr7:67470906              2.2                238290         109767.2
00:23:03.728 INFO  ProgressMeter -        chr7:73572655              2.3                260170         111282.0
00:23:13.738 INFO  ProgressMeter -        chr7:77354692              2.5                274380         109543.1
00:23:18.249 WARN  StrandBiasBySample - Annotation will not be calculated, genotype is not called or alleleLikelihoodMap is null
00:23:23.744 INFO  ProgressMeter -        chr7:85028535              2.7                300930         112643.2
00:23:33.802 INFO  ProgressMeter -        chr7:92087286              2.8                325380         114604.1
00:23:41.693 WARN  StrandBiasBySample - Annotation will not be calculated, genotype is not called or alleleLikelihoodMap is null
00:23:43.806 INFO  ProgressMeter -        chr7:97655436              3.0                344950         114757.6
00:23:53.812 INFO  ProgressMeter -       chr7:100552634              3.2                356050         112224.8
00:24:04.422 INFO  ProgressMeter -       chr7:100960776              3.3                357770         106813.0
00:24:14.422 INFO  ProgressMeter -       chr7:102085329              3.5                362270         103029.8
00:24:14.453 WARN  StrandBiasBySample - Annotation will not be calculated, genotype is not called or alleleLikelihoodMap is null
00:24:24.424 INFO  ProgressMeter -       chr7:105561619              3.7                375160         101866.3
00:24:34.428 INFO  ProgressMeter -       chr7:111757978              3.8                396970         103119.8
00:24:44.429 INFO  ProgressMeter -       chr7:119069076              4.0                422350         105159.4
00:24:53.039 WARN  StrandBiasBySample - Annotation will not be calculated, genotype is not called or alleleLikelihoodMap is null
00:24:54.441 INFO  ProgressMeter -       chr7:126441528              4.2                447870         107065.2
00:25:04.453 INFO  ProgressMeter -       chr7:130381453              4.4                462400         106298.4
00:25:14.461 INFO  ProgressMeter -       chr7:135593575              4.5                481080         106508.6
00:25:24.464 INFO  ProgressMeter -       chr7:140454949              4.7                498680         106475.2
00:25:34.464 INFO  ProgressMeter -       chr7:146245196              4.9                519030         107012.1
00:25:44.494 INFO  ProgressMeter -       chr7:150953795              5.0                535860         106801.0
00:25:54.495 INFO  ProgressMeter -       chr7:154687331              5.2                549660         106029.1
00:26:00.476 WARN  StrandBiasBySample - Annotation will not be calculated, genotype is not called or alleleLikelihoodMap is null
00:26:02.561 WARN  StrandBiasBySample - Annotation will not be calculated, genotype is not called or alleleLikelihoodMap is null
00:26:02.561 WARN  StrandBiasBySample - Annotation will not be calculated, genotype is not called or alleleLikelihoodMap is null
00:26:04.499 INFO  ProgressMeter -       chr7:159267237              5.4                566310         105836.8
00:26:04.602 INFO  HaplotypeCaller - 133628 read(s) filtered by: ((((((((MappingQualityReadFilter AND MappingQualityAvailableReadFilter) AND MappedReadFilter) AND NotSecondaryAlignmentReadFilter) AND NotDuplicateReadFilter) AND PassesVendorQualityCheckReadFilter) AND NonZeroReferenceLengthAlignmentReadFilter) AND GoodCigarReadFilter) AND WellformedReadFilter)
  133628 read(s) filtered by: (((((((MappingQualityReadFilter AND MappingQualityAvailableReadFilter) AND MappedReadFilter) AND NotSecondaryAlignmentReadFilter) AND NotDuplicateReadFilter) AND PassesVendorQualityCheckReadFilter) AND NonZeroReferenceLengthAlignmentReadFilter) AND GoodCigarReadFilter)
      133628 read(s) filtered by: ((((((MappingQualityReadFilter AND MappingQualityAvailableReadFilter) AND MappedReadFilter) AND NotSecondaryAlignmentReadFilter) AND NotDuplicateReadFilter) AND PassesVendorQualityCheckReadFilter) AND NonZeroReferenceLengthAlignmentReadFilter)
          133628 read(s) filtered by: (((((MappingQualityReadFilter AND MappingQualityAvailableReadFilter) AND MappedReadFilter) AND NotSecondaryAlignmentReadFilter) AND NotDuplicateReadFilter) AND PassesVendorQualityCheckReadFilter)
              133628 read(s) filtered by: ((((MappingQualityReadFilter AND MappingQualityAvailableReadFilter) AND MappedReadFilter) AND NotSecondaryAlignmentReadFilter) AND NotDuplicateReadFilter)
                  87642 read(s) filtered by: (((MappingQualityReadFilter AND MappingQualityAvailableReadFilter) AND MappedReadFilter) AND NotSecondaryAlignmentReadFilter)
                      87161 read(s) filtered by: ((MappingQualityReadFilter AND MappingQualityAvailableReadFilter) AND MappedReadFilter)
                          87161 read(s) filtered by: (MappingQualityReadFilter AND MappingQualityAvailableReadFilter)
                              87161 read(s) filtered by: MappingQualityReadFilter 
                      481 read(s) filtered by: NotSecondaryAlignmentReadFilter 
                  45986 read(s) filtered by: NotDuplicateReadFilter 

00:26:04.602 INFO  ProgressMeter -       chr7:159344147              5.4                566586         105854.5
00:26:04.602 INFO  ProgressMeter - Traversal complete. Processed 566586 total regions in 5.4 minutes.
00:26:04.637 INFO  VectorLoglessPairHMM - Time spent in setup for JNI call : 0.077948654
00:26:04.637 INFO  PairHMM - Total compute time in PairHMM computeLogLikelihoods() : 10.678860307
00:26:04.637 INFO  SmithWatermanAligner - Total compute time in java Smith-Waterman : 10.24 sec
00:26:04.637 INFO  HaplotypeCaller - Shutting down engine
[March 13, 2021 12:26:04 AM EST] org.broadinstitute.hellbender.tools.walkers.haplotypecaller.HaplotypeCaller done. Elapsed time: 5.38 minutes.
Runtime.totalMemory()=2225602560
Using GATK jar /usr/local/apps/GATK/4.1.4.1/gatk-package-4.1.4.1-local.jar
Running:
    java -Dsamjdk.use_async_io_read_samtools=false -Dsamjdk.use_async_io_write_samtools=true -Dsamjdk.use_async_io_write_tribble=false -Dsamjdk.compression_level=2 -Xmx24g -jar /usr/local/apps/GATK/4.1.4.1/gatk-package-4.1.4.1-local.jar HaplotypeCaller --reference /data/tandonm/pl_test_data/human/genome/hg38/Homo_sapiens_assembly38.fasta --input /spin1/scratch/tandonm/pipeline_out/tn_test_1/bams/Sample4_CRL1622_S31.test.recal.bam --use-jdk-inflater --use-jdk-deflater --emit-ref-confidence GVCF --annotation-group StandardAnnotation --annotation-group AS_StandardAnnotation --dbsnp /fdb/GATK_resource_bundle/hg38bundle/dbsnp_138.hg38.vcf.gz --output /spin1/scratch/tandonm/pipeline_out/tn_test_1/germline/gVCFs/Sample4_CRL1622_S31.test.chr7.g.vcf.gz --intervals chr7 --max-alternate-alleles 3
[Sat Mar 13 00:26:05 2021]
Finished job 0.
1 of 1 steps (100%) done
{'Sample10_ARK1_S37.test': '--variant:strelka /spin1/scratch/tandonm/pipeline_out/tn_test_1/somatic/SNP_Indels/strelka_out/vcf/Sample10_ARK1_S37.test.FINAL.vcf --variant:vardict /spin1/scratch/tandonm/pipeline_out/tn_test_1/somatic/SNP_Indels/vardict_out/vcf/Sample10_ARK1_S37.test.FINAL.vcf --variant:mutect2 /spin1/scratch/tandonm/pipeline_out/tn_test_1/somatic/SNP_Indels/mutect2_out/vcf/Sample10_ARK1_S37.test.FINAL.vcf --variant:mutect /spin1/scratch/tandonm/pipeline_out/tn_test_1/somatic/SNP_Indels/mutect_out/vcf/Sample10_ARK1_S37.test.FINAL.vcf --variant:varscan /spin1/scratch/tandonm/pipeline_out/tn_test_1/somatic/SNP_Indels/varscan_out/vcf/Sample10_ARK1_S37.test.FINAL.vcf', 'Sample11_ACI_158_S38.test': '--variant:strelka /spin1/scratch/tandonm/pipeline_out/tn_test_1/somatic/SNP_Indels/strelka_out/vcf/Sample11_ACI_158_S38.test.FINAL.vcf --variant:vardict /spin1/scratch/tandonm/pipeline_out/tn_test_1/somatic/SNP_Indels/vardict_out/vcf/Sample11_ACI_158_S38.test.FINAL.vcf --variant:mutect2 /spin1/scratch/tandonm/pipeline_out/tn_test_1/somatic/SNP_Indels/mutect2_out/vcf/Sample11_ACI_158_S38.test.FINAL.vcf --variant:mutect /spin1/scratch/tandonm/pipeline_out/tn_test_1/somatic/SNP_Indels/mutect_out/vcf/Sample11_ACI_158_S38.test.FINAL.vcf --variant:varscan /spin1/scratch/tandonm/pipeline_out/tn_test_1/somatic/SNP_Indels/varscan_out/vcf/Sample11_ACI_158_S38.test.FINAL.vcf'}
