Building DAG of jobs...
Using shell: /usr/bin/bash
Provided cores: 4
Rules claiming more threads will be scaled down.
Job counts:
	count	jobs
	1	haplotypecaller
	1

[Sat Mar 13 00:20:36 2021]
rule haplotypecaller:
    input: /spin1/scratch/tandonm/pipeline_out/tn_test_1/bams/Sample4_CRL1622_S31.test.recal.bam
    output: /spin1/scratch/tandonm/pipeline_out/tn_test_1/germline/gVCFs/Sample4_CRL1622_S31.test.chr10.g.vcf.gz, /spin1/scratch/tandonm/pipeline_out/tn_test_1/germline/gVCFs/Sample4_CRL1622_S31.test.chr10.g.vcf.gz.tbi
    jobid: 0
    wildcards: samples=Sample4_CRL1622_S31.test, chroms=chr10

[+] Loading gcc  9.2.0  ... 
[+] Loading GSL 2.6 for GCC 9.2.0 ... 
[-] Unloading gcc  9.2.0  ... 
[+] Loading gcc  9.2.0  ... 
[+] Loading openmpi 3.1.4  for GCC 9.2.0 
[+] Loading ImageMagick  7.0.8  on cn2429 
[+] Loading HDF5  1.10.4 
[-] Unloading gcc  9.2.0  ... 
[+] Loading gcc  9.2.0  ... 
[+] Loading NetCDF 4.7.4_gcc9.2.0 
[+] Loading pandoc  2.11.4  on cn2429 
[+] Loading R 3.6.3 
[+] Loading GATK  4.1.4.1 

GATK/4 includes its own python environment. Loading a different python
environment
after the GATK module will result in some tools failing. Conversely, the python
environment included with GATK/4 will override any python modules you may
already
have loaded.


00:20:41.498 WARN  GATKAnnotationPluginDescriptor - Redundant enabled annotation group (StandardAnnotation) is enabled for this tool by default
Mar 13, 2021 12:20:41 AM shaded.cloud_nio.com.google.auth.oauth2.ComputeEngineCredentials runningOnComputeEngine
INFO: Failed to detect whether we are running on Google Compute Engine.
00:20:41.746 INFO  HaplotypeCaller - ------------------------------------------------------------
00:20:41.746 INFO  HaplotypeCaller - The Genome Analysis Toolkit (GATK) v4.1.4.1
00:20:41.746 INFO  HaplotypeCaller - For support and documentation go to https://software.broadinstitute.org/gatk/
00:20:41.747 INFO  HaplotypeCaller - Executing as tandonm@cn2429 on Linux v3.10.0-862.14.4.el7.x86_64 amd64
00:20:41.747 INFO  HaplotypeCaller - Java runtime: OpenJDK 64-Bit Server VM v1.8.0_181-b13
00:20:41.747 INFO  HaplotypeCaller - Start Date/Time: March 13, 2021 12:20:41 AM EST
00:20:41.747 INFO  HaplotypeCaller - ------------------------------------------------------------
00:20:41.747 INFO  HaplotypeCaller - ------------------------------------------------------------
00:20:41.748 INFO  HaplotypeCaller - HTSJDK Version: 2.21.0
00:20:41.748 INFO  HaplotypeCaller - Picard Version: 2.21.2
00:20:41.752 INFO  HaplotypeCaller - HTSJDK Defaults.COMPRESSION_LEVEL : 2
00:20:41.752 INFO  HaplotypeCaller - HTSJDK Defaults.USE_ASYNC_IO_READ_FOR_SAMTOOLS : false
00:20:41.752 INFO  HaplotypeCaller - HTSJDK Defaults.USE_ASYNC_IO_WRITE_FOR_SAMTOOLS : true
00:20:41.752 INFO  HaplotypeCaller - HTSJDK Defaults.USE_ASYNC_IO_WRITE_FOR_TRIBBLE : false
00:20:41.753 INFO  HaplotypeCaller - Deflater: JdkDeflater
00:20:41.754 INFO  HaplotypeCaller - Inflater: JdkInflater
00:20:41.754 INFO  HaplotypeCaller - GCS max retries/reopens: 20
00:20:41.754 INFO  HaplotypeCaller - Requester pays: disabled
00:20:41.754 INFO  HaplotypeCaller - Initializing engine
WARNING	2021-03-13 00:20:42	SamFiles	The index file /gpfs/gsfs7/users/tandonm/pl_test_data/human/bams/Sample4_CRL1622_S31.test.recal.bai was found by resolving the canonical path of a symlink: /spin1/scratch/tandonm/pipeline_out/tn_test_1/bams/Sample4_CRL1622_S31.test.recal.bam -> /gpfs/gsfs7/users/tandonm/pl_test_data/human/bams/Sample4_CRL1622_S31.test.recal.bam
WARNING: BAM index file /gpfs/gsfs7/users/tandonm/pl_test_data/human/bams/Sample4_CRL1622_S31.test.recal.bai is older than BAM /spin1/scratch/tandonm/pipeline_out/tn_test_1/bams/Sample4_CRL1622_S31.test.recal.bam
00:20:42.399 INFO  FeatureManager - Using codec VCFCodec to read file file:///fdb/GATK_resource_bundle/hg38bundle/dbsnp_138.hg38.vcf.gz
00:20:42.600 INFO  IntervalArgumentCollection - Processing 133797422 bp from intervals
00:20:42.665 INFO  HaplotypeCaller - Done initializing engine
00:20:42.668 INFO  HaplotypeCallerEngine - Tool is in reference confidence mode and the annotation, the following changes will be made to any specified annotations: 'StrandBiasBySample' will be enabled. 'ChromosomeCounts', 'FisherStrand', 'StrandOddsRatio' and 'QualByDepth' annotations have been disabled
00:20:42.742 INFO  HaplotypeCallerEngine - Standard Emitting and Calling confidence set to 0.0 for reference-model confidence output
00:20:42.742 INFO  HaplotypeCallerEngine - All sites annotated with PLs forced to true for reference-model confidence output
00:20:42.754 INFO  NativeLibraryLoader - Loading libgkl_utils.so from jar:file:/usr/local/apps/GATK/4.1.4.1/gatk-package-4.1.4.1-local.jar!/com/intel/gkl/native/libgkl_utils.so
00:20:42.756 INFO  NativeLibraryLoader - Loading libgkl_pairhmm_omp.so from jar:file:/usr/local/apps/GATK/4.1.4.1/gatk-package-4.1.4.1-local.jar!/com/intel/gkl/native/libgkl_pairhmm_omp.so
00:20:42.806 INFO  IntelPairHmm - Using CPU-supported AVX-512 instructions
00:20:42.806 INFO  IntelPairHmm - Flush-to-zero (FTZ) is enabled when running PairHMM
00:20:42.806 INFO  IntelPairHmm - Available threads: 1
00:20:42.806 INFO  IntelPairHmm - Requested threads: 4
00:20:42.806 WARN  IntelPairHmm - Using 1 available threads, but 4 were requested
00:20:42.806 INFO  PairHMM - Using the OpenMP multi-threaded AVX-accelerated native PairHMM implementation
00:20:42.901 INFO  ProgressMeter - Starting traversal
00:20:42.901 INFO  ProgressMeter -        Current Locus  Elapsed Minutes     Regions Processed   Regions/Minute
00:20:43.850 WARN  InbreedingCoeff - InbreedingCoeff will not be calculated; at least 10 samples must have called genotypes
00:20:49.221 WARN  DepthPerSampleHC - Annotation will not be calculated, genotype is not called or alleleLikelihoodMap is null
00:20:49.221 WARN  StrandBiasBySample - Annotation will not be calculated, genotype is not called or alleleLikelihoodMap is null
00:20:49.223 WARN  StrandBiasBySample - Annotation will not be calculated, genotype is not called or alleleLikelihoodMap is null
00:20:52.906 INFO  ProgressMeter -        chr10:1288987              0.2                  4700          28185.9
00:20:56.647 WARN  StrandBiasBySample - Annotation will not be calculated, genotype is not called or alleleLikelihoodMap is null
00:21:02.907 INFO  ProgressMeter -        chr10:4212088              0.3                 15100          45286.4
00:21:08.094 WARN  StrandBiasBySample - Annotation will not be calculated, genotype is not called or alleleLikelihoodMap is null
00:21:10.881 WARN  StrandBiasBySample - Annotation will not be calculated, genotype is not called or alleleLikelihoodMap is null
00:21:10.882 WARN  StrandBiasBySample - Annotation will not be calculated, genotype is not called or alleleLikelihoodMap is null
00:21:10.883 WARN  StrandBiasBySample - Annotation will not be calculated, genotype is not called or alleleLikelihoodMap is null
00:21:10.883 WARN  StrandBiasBySample - Annotation will not be calculated, genotype is not called or alleleLikelihoodMap is null
00:21:10.884 WARN  StrandBiasBySample - Annotation will not be calculated, genotype is not called or alleleLikelihoodMap is null
00:21:12.908 INFO  ProgressMeter -        chr10:7179465              0.5                 25910          51807.9
00:21:22.927 INFO  ProgressMeter -       chr10:12081735              0.7                 43420          65087.7
00:21:32.931 INFO  ProgressMeter -       chr10:15056936              0.8                 54720          65624.6
00:21:42.940 INFO  ProgressMeter -       chr10:19167086              1.0                 69630          69584.8
00:21:52.978 INFO  ProgressMeter -       chr10:24586422              1.2                 88960          76167.6
00:22:02.982 INFO  ProgressMeter -       chr10:29047703              1.3                105140          78775.2
00:22:12.984 INFO  ProgressMeter -       chr10:33039795              1.5                119790          79787.3
00:22:23.110 INFO  ProgressMeter -       chr10:38647796              1.7                140030          83842.8
00:22:23.162 WARN  StrandBiasBySample - Annotation will not be calculated, genotype is not called or alleleLikelihoodMap is null
00:22:23.164 WARN  StrandBiasBySample - Annotation will not be calculated, genotype is not called or alleleLikelihoodMap is null
00:22:23.164 WARN  StrandBiasBySample - Annotation will not be calculated, genotype is not called or alleleLikelihoodMap is null
00:22:25.848 WARN  StrandBiasBySample - Annotation will not be calculated, genotype is not called or alleleLikelihoodMap is null
00:22:33.116 INFO  ProgressMeter -       chr10:45884671              1.8                165280          89976.9
00:22:34.369 WARN  StrandBiasBySample - Annotation will not be calculated, genotype is not called or alleleLikelihoodMap is null
00:22:34.371 WARN  StrandBiasBySample - Annotation will not be calculated, genotype is not called or alleleLikelihoodMap is null
00:22:43.125 INFO  ProgressMeter -       chr10:49621018              2.0                178700          89183.5
00:22:44.984 WARN  StrandBiasBySample - Annotation will not be calculated, genotype is not called or alleleLikelihoodMap is null
00:22:48.044 WARN  StrandBiasBySample - Annotation will not be calculated, genotype is not called or alleleLikelihoodMap is null
00:22:53.125 INFO  ProgressMeter -       chr10:55843209              2.2                200500          92379.3
00:23:03.131 INFO  ProgressMeter -       chr10:62083258              2.3                222470          95187.9
00:23:07.952 WARN  StrandBiasBySample - Annotation will not be calculated, genotype is not called or alleleLikelihoodMap is null
00:23:13.139 INFO  ProgressMeter -       chr10:68107238              2.5                244090          97482.0
00:23:23.138 INFO  ProgressMeter -       chr10:70361084              2.7                253210          94813.3
00:23:33.162 INFO  ProgressMeter -       chr10:73293190              2.8                264480          93202.8
00:23:39.771 WARN  StrandBiasBySample - Annotation will not be calculated, genotype is not called or alleleLikelihoodMap is null
00:23:43.162 INFO  ProgressMeter -       chr10:77050907              3.0                278350          92649.0
00:23:53.163 INFO  ProgressMeter -       chr10:81758688              3.2                295510          93190.4
00:24:03.164 INFO  ProgressMeter -       chr10:89922849              3.3                323740          96994.5
00:24:13.164 INFO  ProgressMeter -       chr10:96318207              3.5                346240          98802.0
00:24:15.175 WARN  StrandBiasBySample - Annotation will not be calculated, genotype is not called or alleleLikelihoodMap is null
00:24:15.176 WARN  StrandBiasBySample - Annotation will not be calculated, genotype is not called or alleleLikelihoodMap is null
00:24:15.176 WARN  StrandBiasBySample - Annotation will not be calculated, genotype is not called or alleleLikelihoodMap is null
00:24:15.176 WARN  StrandBiasBySample - Annotation will not be calculated, genotype is not called or alleleLikelihoodMap is null
00:24:15.176 WARN  StrandBiasBySample - Annotation will not be calculated, genotype is not called or alleleLikelihoodMap is null
00:24:15.176 WARN  StrandBiasBySample - Annotation will not be calculated, genotype is not called or alleleLikelihoodMap is null
00:24:16.734 WARN  StrandBiasBySample - Annotation will not be calculated, genotype is not called or alleleLikelihoodMap is null
00:24:23.166 INFO  ProgressMeter -      chr10:101647865              3.7                365290          99504.7
00:24:33.170 INFO  ProgressMeter -      chr10:108358024              3.8                388890         101331.1
00:24:43.170 INFO  ProgressMeter -      chr10:116175842              4.0                415970         103876.1
00:24:53.171 INFO  ProgressMeter -      chr10:122613381              4.2                438670         105167.2
00:25:03.180 INFO  ProgressMeter -      chr10:130034119              4.3                464430         107061.3
00:25:10.329 INFO  HaplotypeCaller - 80814 read(s) filtered by: ((((((((MappingQualityReadFilter AND MappingQualityAvailableReadFilter) AND MappedReadFilter) AND NotSecondaryAlignmentReadFilter) AND NotDuplicateReadFilter) AND PassesVendorQualityCheckReadFilter) AND NonZeroReferenceLengthAlignmentReadFilter) AND GoodCigarReadFilter) AND WellformedReadFilter)
  80814 read(s) filtered by: (((((((MappingQualityReadFilter AND MappingQualityAvailableReadFilter) AND MappedReadFilter) AND NotSecondaryAlignmentReadFilter) AND NotDuplicateReadFilter) AND PassesVendorQualityCheckReadFilter) AND NonZeroReferenceLengthAlignmentReadFilter) AND GoodCigarReadFilter)
      80814 read(s) filtered by: ((((((MappingQualityReadFilter AND MappingQualityAvailableReadFilter) AND MappedReadFilter) AND NotSecondaryAlignmentReadFilter) AND NotDuplicateReadFilter) AND PassesVendorQualityCheckReadFilter) AND NonZeroReferenceLengthAlignmentReadFilter)
          80814 read(s) filtered by: (((((MappingQualityReadFilter AND MappingQualityAvailableReadFilter) AND MappedReadFilter) AND NotSecondaryAlignmentReadFilter) AND NotDuplicateReadFilter) AND PassesVendorQualityCheckReadFilter)
              80814 read(s) filtered by: ((((MappingQualityReadFilter AND MappingQualityAvailableReadFilter) AND MappedReadFilter) AND NotSecondaryAlignmentReadFilter) AND NotDuplicateReadFilter)
                  41252 read(s) filtered by: (((MappingQualityReadFilter AND MappingQualityAvailableReadFilter) AND MappedReadFilter) AND NotSecondaryAlignmentReadFilter)
                      40825 read(s) filtered by: ((MappingQualityReadFilter AND MappingQualityAvailableReadFilter) AND MappedReadFilter)
                          40825 read(s) filtered by: (MappingQualityReadFilter AND MappingQualityAvailableReadFilter)
                              40825 read(s) filtered by: MappingQualityReadFilter 
                      427 read(s) filtered by: NotSecondaryAlignmentReadFilter 
                  39562 read(s) filtered by: NotDuplicateReadFilter 

00:25:10.330 INFO  ProgressMeter -      chr10:133796338              4.5                477683         107172.3
00:25:10.330 INFO  ProgressMeter - Traversal complete. Processed 477683 total regions in 4.5 minutes.
00:25:10.352 INFO  VectorLoglessPairHMM - Time spent in setup for JNI call : 0.060098572
00:25:10.352 INFO  PairHMM - Total compute time in PairHMM computeLogLikelihoods() : 6.884742791000001
00:25:10.352 INFO  SmithWatermanAligner - Total compute time in java Smith-Waterman : 8.77 sec
00:25:10.352 INFO  HaplotypeCaller - Shutting down engine
[March 13, 2021 12:25:10 AM EST] org.broadinstitute.hellbender.tools.walkers.haplotypecaller.HaplotypeCaller done. Elapsed time: 4.48 minutes.
Runtime.totalMemory()=2022178816
Using GATK jar /usr/local/apps/GATK/4.1.4.1/gatk-package-4.1.4.1-local.jar
Running:
    java -Dsamjdk.use_async_io_read_samtools=false -Dsamjdk.use_async_io_write_samtools=true -Dsamjdk.use_async_io_write_tribble=false -Dsamjdk.compression_level=2 -Xmx24g -jar /usr/local/apps/GATK/4.1.4.1/gatk-package-4.1.4.1-local.jar HaplotypeCaller --reference /data/tandonm/pl_test_data/human/genome/hg38/Homo_sapiens_assembly38.fasta --input /spin1/scratch/tandonm/pipeline_out/tn_test_1/bams/Sample4_CRL1622_S31.test.recal.bam --use-jdk-inflater --use-jdk-deflater --emit-ref-confidence GVCF --annotation-group StandardAnnotation --annotation-group AS_StandardAnnotation --dbsnp /fdb/GATK_resource_bundle/hg38bundle/dbsnp_138.hg38.vcf.gz --output /spin1/scratch/tandonm/pipeline_out/tn_test_1/germline/gVCFs/Sample4_CRL1622_S31.test.chr10.g.vcf.gz --intervals chr10 --max-alternate-alleles 3
[Sat Mar 13 00:25:10 2021]
Finished job 0.
1 of 1 steps (100%) done
{'Sample10_ARK1_S37.test': '--variant:mutect2 /spin1/scratch/tandonm/pipeline_out/tn_test_1/somatic/SNP_Indels/mutect2_out/vcf/Sample10_ARK1_S37.test.FINAL.vcf --variant:strelka /spin1/scratch/tandonm/pipeline_out/tn_test_1/somatic/SNP_Indels/strelka_out/vcf/Sample10_ARK1_S37.test.FINAL.vcf --variant:mutect /spin1/scratch/tandonm/pipeline_out/tn_test_1/somatic/SNP_Indels/mutect_out/vcf/Sample10_ARK1_S37.test.FINAL.vcf --variant:varscan /spin1/scratch/tandonm/pipeline_out/tn_test_1/somatic/SNP_Indels/varscan_out/vcf/Sample10_ARK1_S37.test.FINAL.vcf --variant:vardict /spin1/scratch/tandonm/pipeline_out/tn_test_1/somatic/SNP_Indels/vardict_out/vcf/Sample10_ARK1_S37.test.FINAL.vcf', 'Sample11_ACI_158_S38.test': '--variant:mutect2 /spin1/scratch/tandonm/pipeline_out/tn_test_1/somatic/SNP_Indels/mutect2_out/vcf/Sample11_ACI_158_S38.test.FINAL.vcf --variant:strelka /spin1/scratch/tandonm/pipeline_out/tn_test_1/somatic/SNP_Indels/strelka_out/vcf/Sample11_ACI_158_S38.test.FINAL.vcf --variant:mutect /spin1/scratch/tandonm/pipeline_out/tn_test_1/somatic/SNP_Indels/mutect_out/vcf/Sample11_ACI_158_S38.test.FINAL.vcf --variant:varscan /spin1/scratch/tandonm/pipeline_out/tn_test_1/somatic/SNP_Indels/varscan_out/vcf/Sample11_ACI_158_S38.test.FINAL.vcf --variant:vardict /spin1/scratch/tandonm/pipeline_out/tn_test_1/somatic/SNP_Indels/vardict_out/vcf/Sample11_ACI_158_S38.test.FINAL.vcf'}
