Building DAG of jobs...
Using shell: /usr/bin/bash
Provided cores: 4
Rules claiming more threads will be scaled down.
Job counts:
	count	jobs
	1	gatk_mutect2
	1

[Sat Mar 13 00:23:58 2021]
rule gatk_mutect2:
    input: /spin1/scratch/tandonm/pipeline_out/tn_test_1/bams/chrom_split/Sample4_CRL1622_S31.test.chr4.split.bam, /spin1/scratch/tandonm/pipeline_out/tn_test_1/bams/chrom_split/Sample10_ARK1_S37.test.chr4.split.bam
    output: /spin1/scratch/tandonm/pipeline_out/tn_test_1/somatic/SNP_Indels/mutect2_out/chrom_split/Sample10_ARK1_S37.test.chr4.vcf, /spin1/scratch/tandonm/pipeline_out/tn_test_1/somatic/SNP_Indels/mutect2_out/chrom_split/Sample10_ARK1_S37.test.chr4.f1r2.tar.gz, /spin1/scratch/tandonm/pipeline_out/tn_test_1/somatic/SNP_Indels/mutect2_out/chrom_split/Sample10_ARK1_S37.test.chr4.vcf.stats
    jobid: 0
    wildcards: samples=Sample10_ARK1_S37.test, chroms=chr4
    threads: 2

[+] Loading gcc  9.2.0  ... 
[+] Loading GSL 2.6 for GCC 9.2.0 ... 
[-] Unloading gcc  9.2.0  ... 
[+] Loading gcc  9.2.0  ... 
[+] Loading openmpi 3.1.4  for GCC 9.2.0 
[+] Loading ImageMagick  7.0.8  on cn2402 
[+] Loading HDF5  1.10.4 
[-] Unloading gcc  9.2.0  ... 
[+] Loading gcc  9.2.0  ... 
[+] Loading NetCDF 4.7.4_gcc9.2.0 
[+] Loading pandoc  2.11.4  on cn2402 
[+] Loading R 3.6.3 
[+] Loading GATK  4.1.4.1 

GATK/4 includes its own python environment. Loading a different python
environment
after the GATK module will result in some tools failing. Conversely, the python
environment included with GATK/4 will override any python modules you may
already
have loaded.


00:24:03.779 INFO  NativeLibraryLoader - Loading libgkl_compression.so from jar:file:/usr/local/apps/GATK/4.1.4.1/gatk-package-4.1.4.1-local.jar!/com/intel/gkl/native/libgkl_compression.so
Mar 13, 2021 12:24:04 AM shaded.cloud_nio.com.google.auth.oauth2.ComputeEngineCredentials runningOnComputeEngine
INFO: Failed to detect whether we are running on Google Compute Engine.
00:24:04.007 INFO  Mutect2 - ------------------------------------------------------------
00:24:04.008 INFO  Mutect2 - The Genome Analysis Toolkit (GATK) v4.1.4.1
00:24:04.008 INFO  Mutect2 - For support and documentation go to https://software.broadinstitute.org/gatk/
00:24:04.008 INFO  Mutect2 - Executing as tandonm@cn2402 on Linux v3.10.0-862.14.4.el7.x86_64 amd64
00:24:04.008 INFO  Mutect2 - Java runtime: OpenJDK 64-Bit Server VM v1.8.0_181-b13
00:24:04.008 INFO  Mutect2 - Start Date/Time: March 13, 2021 12:24:03 AM EST
00:24:04.008 INFO  Mutect2 - ------------------------------------------------------------
00:24:04.008 INFO  Mutect2 - ------------------------------------------------------------
00:24:04.008 INFO  Mutect2 - HTSJDK Version: 2.21.0
00:24:04.008 INFO  Mutect2 - Picard Version: 2.21.2
00:24:04.009 INFO  Mutect2 - HTSJDK Defaults.COMPRESSION_LEVEL : 2
00:24:04.009 INFO  Mutect2 - HTSJDK Defaults.USE_ASYNC_IO_READ_FOR_SAMTOOLS : false
00:24:04.009 INFO  Mutect2 - HTSJDK Defaults.USE_ASYNC_IO_WRITE_FOR_SAMTOOLS : true
00:24:04.009 INFO  Mutect2 - HTSJDK Defaults.USE_ASYNC_IO_WRITE_FOR_TRIBBLE : false
00:24:04.009 INFO  Mutect2 - Deflater: IntelDeflater
00:24:04.009 INFO  Mutect2 - Inflater: IntelInflater
00:24:04.009 INFO  Mutect2 - GCS max retries/reopens: 20
00:24:04.009 INFO  Mutect2 - Requester pays: disabled
00:24:04.009 INFO  Mutect2 - Initializing engine
00:24:04.658 INFO  FeatureManager - Using codec VCFCodec to read file file:///data/CCBR_Pipeliner/db/PipeDB/lib/hg38.noCOSMIC_ClinVar.pon.vcf.gz
00:24:04.817 INFO  FeatureManager - Using codec VCFCodec to read file file:///data/MA_shared/justin_wes_pipe/somatic-hg38-af-only-gnomad.hg38.vcf.gz
00:24:04.978 INFO  IntervalArgumentCollection - Processing 190214555 bp from intervals
00:24:05.071 INFO  Mutect2 - Done initializing engine
00:24:05.179 INFO  NativeLibraryLoader - Loading libgkl_utils.so from jar:file:/usr/local/apps/GATK/4.1.4.1/gatk-package-4.1.4.1-local.jar!/com/intel/gkl/native/libgkl_utils.so
00:24:05.182 INFO  NativeLibraryLoader - Loading libgkl_pairhmm_omp.so from jar:file:/usr/local/apps/GATK/4.1.4.1/gatk-package-4.1.4.1-local.jar!/com/intel/gkl/native/libgkl_pairhmm_omp.so
00:24:05.245 INFO  IntelPairHmm - Using CPU-supported AVX-512 instructions
00:24:05.245 INFO  IntelPairHmm - Flush-to-zero (FTZ) is enabled when running PairHMM
00:24:05.245 INFO  IntelPairHmm - Available threads: 2
00:24:05.245 INFO  IntelPairHmm - Requested threads: 4
00:24:05.245 WARN  IntelPairHmm - Using 2 available threads, but 4 were requested
00:24:05.245 INFO  PairHMM - Using the OpenMP multi-threaded AVX-accelerated native PairHMM implementation
00:24:05.392 INFO  ProgressMeter - Starting traversal
00:24:05.393 INFO  ProgressMeter -        Current Locus  Elapsed Minutes     Regions Processed   Regions/Minute
00:24:15.395 INFO  ProgressMeter -          chr4:915217              0.2                  3390          20335.9
00:24:25.410 INFO  ProgressMeter -         chr4:2514769              0.3                  9270          27786.4
00:24:35.459 INFO  ProgressMeter -         chr4:5563468              0.5                 20190          40291.4
00:24:45.465 INFO  ProgressMeter -         chr4:8680082              0.7                 31310          46880.6
00:24:55.466 INFO  ProgressMeter -        chr4:12013420              0.8                 42900          51404.9
00:25:05.471 INFO  ProgressMeter -        chr4:18961887              1.0                 66990          66903.0
00:25:15.475 INFO  ProgressMeter -        chr4:26741169              1.2                 93900          80391.5
00:25:25.482 INFO  ProgressMeter -        chr4:38829501              1.3                135260         101332.3
00:25:35.483 INFO  ProgressMeter -        chr4:42379487              1.5                148170          98681.3
00:25:45.483 INFO  ProgressMeter -        chr4:52061007              1.7                181260         108658.2
00:25:55.484 INFO  ProgressMeter -        chr4:61629403              1.8                214040         116652.6
00:26:05.484 INFO  ProgressMeter -        chr4:72129168              2.0                249830         124820.3
00:26:15.484 INFO  ProgressMeter -        chr4:80261646              2.2                277740         128098.0
00:26:25.487 INFO  ProgressMeter -        chr4:88787794              2.3                307190         131564.5
00:26:35.487 INFO  ProgressMeter -       chr4:102369104              2.5                353380         141263.5
00:26:45.490 INFO  ProgressMeter -       chr4:111441416              2.7                384500         144100.1
00:26:55.495 INFO  ProgressMeter -       chr4:122244307              2.8                421360         148627.0
00:27:05.537 INFO  ProgressMeter -       chr4:137532256              3.0                473250         157623.9
00:27:15.602 INFO  ProgressMeter -       chr4:148116633              3.2                509490         160714.8
00:27:25.605 INFO  ProgressMeter -       chr4:158574617              3.3                545280         163410.8
00:27:35.606 INFO  ProgressMeter -       chr4:170144720              3.5                584900         166945.0
00:27:45.606 INFO  ProgressMeter -       chr4:184350591              3.7                633270         172542.9
00:27:51.552 INFO  Mutect2 - 289381 read(s) filtered by: (((((((((((MappingQualityReadFilter AND MappingQualityAvailableReadFilter) AND MappingQualityNotZeroReadFilter) AND MappedReadFilter) AND NotSecondaryAlignmentReadFilter) AND NotDuplicateReadFilter) AND PassesVendorQualityCheckReadFilter) AND NonChimericOriginalAlignmentReadFilter) AND NonZeroReferenceLengthAlignmentReadFilter) AND ReadLengthReadFilter) AND GoodCigarReadFilter) AND WellformedReadFilter)
  289381 read(s) filtered by: ((((((((((MappingQualityReadFilter AND MappingQualityAvailableReadFilter) AND MappingQualityNotZeroReadFilter) AND MappedReadFilter) AND NotSecondaryAlignmentReadFilter) AND NotDuplicateReadFilter) AND PassesVendorQualityCheckReadFilter) AND NonChimericOriginalAlignmentReadFilter) AND NonZeroReferenceLengthAlignmentReadFilter) AND ReadLengthReadFilter) AND GoodCigarReadFilter)
      289381 read(s) filtered by: (((((((((MappingQualityReadFilter AND MappingQualityAvailableReadFilter) AND MappingQualityNotZeroReadFilter) AND MappedReadFilter) AND NotSecondaryAlignmentReadFilter) AND NotDuplicateReadFilter) AND PassesVendorQualityCheckReadFilter) AND NonChimericOriginalAlignmentReadFilter) AND NonZeroReferenceLengthAlignmentReadFilter) AND ReadLengthReadFilter)
          283080 read(s) filtered by: ((((((((MappingQualityReadFilter AND MappingQualityAvailableReadFilter) AND MappingQualityNotZeroReadFilter) AND MappedReadFilter) AND NotSecondaryAlignmentReadFilter) AND NotDuplicateReadFilter) AND PassesVendorQualityCheckReadFilter) AND NonChimericOriginalAlignmentReadFilter) AND NonZeroReferenceLengthAlignmentReadFilter)
              283080 read(s) filtered by: (((((((MappingQualityReadFilter AND MappingQualityAvailableReadFilter) AND MappingQualityNotZeroReadFilter) AND MappedReadFilter) AND NotSecondaryAlignmentReadFilter) AND NotDuplicateReadFilter) AND PassesVendorQualityCheckReadFilter) AND NonChimericOriginalAlignmentReadFilter)
                  283080 read(s) filtered by: ((((((MappingQualityReadFilter AND MappingQualityAvailableReadFilter) AND MappingQualityNotZeroReadFilter) AND MappedReadFilter) AND NotSecondaryAlignmentReadFilter) AND NotDuplicateReadFilter) AND PassesVendorQualityCheckReadFilter)
                      283080 read(s) filtered by: (((((MappingQualityReadFilter AND MappingQualityAvailableReadFilter) AND MappingQualityNotZeroReadFilter) AND MappedReadFilter) AND NotSecondaryAlignmentReadFilter) AND NotDuplicateReadFilter)
                          231177 read(s) filtered by: ((((MappingQualityReadFilter AND MappingQualityAvailableReadFilter) AND MappingQualityNotZeroReadFilter) AND MappedReadFilter) AND NotSecondaryAlignmentReadFilter)
                              230595 read(s) filtered by: (((MappingQualityReadFilter AND MappingQualityAvailableReadFilter) AND MappingQualityNotZeroReadFilter) AND MappedReadFilter)
                                  230595 read(s) filtered by: ((MappingQualityReadFilter AND MappingQualityAvailableReadFilter) AND MappingQualityNotZeroReadFilter)
                                      230595 read(s) filtered by: (MappingQualityReadFilter AND MappingQualityAvailableReadFilter)
                                          230595 read(s) filtered by: MappingQualityReadFilter 
                              582 read(s) filtered by: NotSecondaryAlignmentReadFilter 
                          51903 read(s) filtered by: NotDuplicateReadFilter 
          6301 read(s) filtered by: ReadLengthReadFilter 

00:27:51.552 INFO  ProgressMeter -       chr4:190213759              3.8                653382         173342.3
00:27:51.552 INFO  ProgressMeter - Traversal complete. Processed 653382 total regions in 3.8 minutes.
00:27:51.823 INFO  VectorLoglessPairHMM - Time spent in setup for JNI call : 0.084706732
00:27:51.823 INFO  PairHMM - Total compute time in PairHMM computeLogLikelihoods() : 5.6481907300000005
00:27:51.823 INFO  SmithWatermanAligner - Total compute time in java Smith-Waterman : 11.08 sec
00:27:51.824 INFO  Mutect2 - Shutting down engine
[March 13, 2021 12:27:51 AM EST] org.broadinstitute.hellbender.tools.walkers.mutect.Mutect2 done. Elapsed time: 3.80 minutes.
Runtime.totalMemory()=2134376448
Tool returned:
SUCCESS
Using GATK jar /usr/local/apps/GATK/4.1.4.1/gatk-package-4.1.4.1-local.jar
Running:
    java -Dsamjdk.use_async_io_read_samtools=false -Dsamjdk.use_async_io_write_samtools=true -Dsamjdk.use_async_io_write_tribble=false -Dsamjdk.compression_level=2 -jar /usr/local/apps/GATK/4.1.4.1/gatk-package-4.1.4.1-local.jar Mutect2 -R /data/tandonm/pl_test_data/human/genome/hg38/Homo_sapiens_assembly38.fasta -I /spin1/scratch/tandonm/pipeline_out/tn_test_1/bams/chrom_split/Sample10_ARK1_S37.test.chr4.split.bam -I /spin1/scratch/tandonm/pipeline_out/tn_test_1/bams/chrom_split/Sample4_CRL1622_S31.test.chr4.split.bam -normal Sample4_CRL1622_S31.test --panel-of-normals /data/CCBR_Pipeliner/db/PipeDB/lib/hg38.noCOSMIC_ClinVar.pon.vcf.gz --germline-resource /data/MA_shared/justin_wes_pipe/somatic-hg38-af-only-gnomad.hg38.vcf.gz -L chr4 -O /spin1/scratch/tandonm/pipeline_out/tn_test_1/somatic/SNP_Indels/mutect2_out/chrom_split/Sample10_ARK1_S37.test.chr4.vcf --f1r2-tar-gz /spin1/scratch/tandonm/pipeline_out/tn_test_1/somatic/SNP_Indels/mutect2_out/chrom_split/Sample10_ARK1_S37.test.chr4.f1r2.tar.gz --independent-mates
[Sat Mar 13 00:27:51 2021]
Finished job 0.
1 of 1 steps (100%) done
{'Sample10_ARK1_S37.test': '--variant:vardict /spin1/scratch/tandonm/pipeline_out/tn_test_1/somatic/SNP_Indels/vardict_out/vcf/Sample10_ARK1_S37.test.FINAL.vcf --variant:varscan /spin1/scratch/tandonm/pipeline_out/tn_test_1/somatic/SNP_Indels/varscan_out/vcf/Sample10_ARK1_S37.test.FINAL.vcf --variant:strelka /spin1/scratch/tandonm/pipeline_out/tn_test_1/somatic/SNP_Indels/strelka_out/vcf/Sample10_ARK1_S37.test.FINAL.vcf --variant:mutect /spin1/scratch/tandonm/pipeline_out/tn_test_1/somatic/SNP_Indels/mutect_out/vcf/Sample10_ARK1_S37.test.FINAL.vcf --variant:mutect2 /spin1/scratch/tandonm/pipeline_out/tn_test_1/somatic/SNP_Indels/mutect2_out/vcf/Sample10_ARK1_S37.test.FINAL.vcf', 'Sample11_ACI_158_S38.test': '--variant:vardict /spin1/scratch/tandonm/pipeline_out/tn_test_1/somatic/SNP_Indels/vardict_out/vcf/Sample11_ACI_158_S38.test.FINAL.vcf --variant:varscan /spin1/scratch/tandonm/pipeline_out/tn_test_1/somatic/SNP_Indels/varscan_out/vcf/Sample11_ACI_158_S38.test.FINAL.vcf --variant:strelka /spin1/scratch/tandonm/pipeline_out/tn_test_1/somatic/SNP_Indels/strelka_out/vcf/Sample11_ACI_158_S38.test.FINAL.vcf --variant:mutect /spin1/scratch/tandonm/pipeline_out/tn_test_1/somatic/SNP_Indels/mutect_out/vcf/Sample11_ACI_158_S38.test.FINAL.vcf --variant:mutect2 /spin1/scratch/tandonm/pipeline_out/tn_test_1/somatic/SNP_Indels/mutect2_out/vcf/Sample11_ACI_158_S38.test.FINAL.vcf'}
