Building DAG of jobs...
Using shell: /usr/bin/bash
Provided cores: 4
Rules claiming more threads will be scaled down.
Job counts:
	count	jobs
	1	gatk_mutect2
	1

[Sat Mar 13 00:23:58 2021]
rule gatk_mutect2:
    input: /spin1/scratch/tandonm/pipeline_out/tn_test_1/bams/chrom_split/Sample4_CRL1622_S31.test.chr15.split.bam, /spin1/scratch/tandonm/pipeline_out/tn_test_1/bams/chrom_split/Sample10_ARK1_S37.test.chr15.split.bam
    output: /spin1/scratch/tandonm/pipeline_out/tn_test_1/somatic/SNP_Indels/mutect2_out/chrom_split/Sample10_ARK1_S37.test.chr15.vcf, /spin1/scratch/tandonm/pipeline_out/tn_test_1/somatic/SNP_Indels/mutect2_out/chrom_split/Sample10_ARK1_S37.test.chr15.f1r2.tar.gz, /spin1/scratch/tandonm/pipeline_out/tn_test_1/somatic/SNP_Indels/mutect2_out/chrom_split/Sample10_ARK1_S37.test.chr15.vcf.stats
    jobid: 0
    wildcards: samples=Sample10_ARK1_S37.test, chroms=chr15
    threads: 2

[+] Loading gcc  9.2.0  ... 
[+] Loading GSL 2.6 for GCC 9.2.0 ... 
[-] Unloading gcc  9.2.0  ... 
[+] Loading gcc  9.2.0  ... 
[+] Loading openmpi 3.1.4  for GCC 9.2.0 
[+] Loading ImageMagick  7.0.8  on cn2293 
[+] Loading HDF5  1.10.4 
[-] Unloading gcc  9.2.0  ... 
[+] Loading gcc  9.2.0  ... 
[+] Loading NetCDF 4.7.4_gcc9.2.0 
[+] Loading pandoc  2.11.4  on cn2293 
[+] Loading R 3.6.3 
[+] Loading GATK  4.1.4.1 

GATK/4 includes its own python environment. Loading a different python
environment
after the GATK module will result in some tools failing. Conversely, the python
environment included with GATK/4 will override any python modules you may
already
have loaded.


00:24:04.982 INFO  NativeLibraryLoader - Loading libgkl_compression.so from jar:file:/usr/local/apps/GATK/4.1.4.1/gatk-package-4.1.4.1-local.jar!/com/intel/gkl/native/libgkl_compression.so
Mar 13, 2021 12:24:05 AM shaded.cloud_nio.com.google.auth.oauth2.ComputeEngineCredentials runningOnComputeEngine
INFO: Failed to detect whether we are running on Google Compute Engine.
00:24:05.226 INFO  Mutect2 - ------------------------------------------------------------
00:24:05.226 INFO  Mutect2 - The Genome Analysis Toolkit (GATK) v4.1.4.1
00:24:05.226 INFO  Mutect2 - For support and documentation go to https://software.broadinstitute.org/gatk/
00:24:05.226 INFO  Mutect2 - Executing as tandonm@cn2293 on Linux v3.10.0-862.14.4.el7.x86_64 amd64
00:24:05.227 INFO  Mutect2 - Java runtime: OpenJDK 64-Bit Server VM v1.8.0_181-b13
00:24:05.227 INFO  Mutect2 - Start Date/Time: March 13, 2021 12:24:04 AM EST
00:24:05.227 INFO  Mutect2 - ------------------------------------------------------------
00:24:05.227 INFO  Mutect2 - ------------------------------------------------------------
00:24:05.227 INFO  Mutect2 - HTSJDK Version: 2.21.0
00:24:05.228 INFO  Mutect2 - Picard Version: 2.21.2
00:24:05.228 INFO  Mutect2 - HTSJDK Defaults.COMPRESSION_LEVEL : 2
00:24:05.228 INFO  Mutect2 - HTSJDK Defaults.USE_ASYNC_IO_READ_FOR_SAMTOOLS : false
00:24:05.228 INFO  Mutect2 - HTSJDK Defaults.USE_ASYNC_IO_WRITE_FOR_SAMTOOLS : true
00:24:05.228 INFO  Mutect2 - HTSJDK Defaults.USE_ASYNC_IO_WRITE_FOR_TRIBBLE : false
00:24:05.228 INFO  Mutect2 - Deflater: IntelDeflater
00:24:05.228 INFO  Mutect2 - Inflater: IntelInflater
00:24:05.228 INFO  Mutect2 - GCS max retries/reopens: 20
00:24:05.228 INFO  Mutect2 - Requester pays: disabled
00:24:05.228 INFO  Mutect2 - Initializing engine
00:24:05.907 INFO  FeatureManager - Using codec VCFCodec to read file file:///data/CCBR_Pipeliner/db/PipeDB/lib/hg38.noCOSMIC_ClinVar.pon.vcf.gz
00:24:06.085 INFO  FeatureManager - Using codec VCFCodec to read file file:///data/MA_shared/justin_wes_pipe/somatic-hg38-af-only-gnomad.hg38.vcf.gz
00:24:06.209 INFO  IntervalArgumentCollection - Processing 101991189 bp from intervals
00:24:06.281 INFO  Mutect2 - Done initializing engine
00:24:06.360 INFO  NativeLibraryLoader - Loading libgkl_utils.so from jar:file:/usr/local/apps/GATK/4.1.4.1/gatk-package-4.1.4.1-local.jar!/com/intel/gkl/native/libgkl_utils.so
00:24:06.362 INFO  NativeLibraryLoader - Loading libgkl_pairhmm_omp.so from jar:file:/usr/local/apps/GATK/4.1.4.1/gatk-package-4.1.4.1-local.jar!/com/intel/gkl/native/libgkl_pairhmm_omp.so
00:24:06.421 INFO  IntelPairHmm - Flush-to-zero (FTZ) is enabled when running PairHMM
00:24:06.421 INFO  IntelPairHmm - Available threads: 2
00:24:06.421 INFO  IntelPairHmm - Requested threads: 4
00:24:06.421 WARN  IntelPairHmm - Using 2 available threads, but 4 were requested
00:24:06.422 INFO  PairHMM - Using the OpenMP multi-threaded AVX-accelerated native PairHMM implementation
00:24:06.574 INFO  ProgressMeter - Starting traversal
00:24:06.575 INFO  ProgressMeter -        Current Locus  Elapsed Minutes     Regions Processed   Regions/Minute
00:24:16.623 INFO  ProgressMeter -       chr15:20240187              0.2                 67530         403284.6
00:24:28.513 INFO  ProgressMeter -       chr15:22776340              0.4                 76230         208487.6
00:24:38.521 INFO  ProgressMeter -       chr15:27528897              0.5                 92610         173937.3
00:24:48.521 INFO  ProgressMeter -       chr15:35341777              0.7                119220         170533.5
00:24:58.521 INFO  ProgressMeter -       chr15:41016480              0.9                138860         160389.6
00:25:08.529 INFO  ProgressMeter -       chr15:43030427              1.0                146340         141726.8
00:25:18.536 INFO  ProgressMeter -       chr15:45633083              1.2                155810         129913.8
00:25:28.539 INFO  ProgressMeter -       chr15:51537179              1.4                176230         129005.4
00:25:38.542 INFO  ProgressMeter -       chr15:57399325              1.5                196550         128230.8
00:25:48.546 INFO  ProgressMeter -       chr15:63300548              1.7                217110         127748.1
00:25:58.546 INFO  ProgressMeter -       chr15:66921994              1.9                230030         123262.3
00:26:08.556 INFO  ProgressMeter -       chr15:72519615              2.0                249540         122743.7
00:26:18.579 INFO  ProgressMeter -       chr15:75784376              2.2                261220         118732.8
00:26:28.580 INFO  ProgressMeter -       chr15:79268706              2.4                273490         115555.1
00:26:38.618 INFO  ProgressMeter -       chr15:84944935              2.5                293220         115712.8
00:26:48.617 INFO  ProgressMeter -       chr15:90041637              2.7                311100         115192.4
00:26:58.617 INFO  ProgressMeter -       chr15:96418387              2.9                333320         116246.0
00:27:07.730 INFO  Mutect2 - 152542 read(s) filtered by: (((((((((((MappingQualityReadFilter AND MappingQualityAvailableReadFilter) AND MappingQualityNotZeroReadFilter) AND MappedReadFilter) AND NotSecondaryAlignmentReadFilter) AND NotDuplicateReadFilter) AND PassesVendorQualityCheckReadFilter) AND NonChimericOriginalAlignmentReadFilter) AND NonZeroReferenceLengthAlignmentReadFilter) AND ReadLengthReadFilter) AND GoodCigarReadFilter) AND WellformedReadFilter)
  152542 read(s) filtered by: ((((((((((MappingQualityReadFilter AND MappingQualityAvailableReadFilter) AND MappingQualityNotZeroReadFilter) AND MappedReadFilter) AND NotSecondaryAlignmentReadFilter) AND NotDuplicateReadFilter) AND PassesVendorQualityCheckReadFilter) AND NonChimericOriginalAlignmentReadFilter) AND NonZeroReferenceLengthAlignmentReadFilter) AND ReadLengthReadFilter) AND GoodCigarReadFilter)
      152542 read(s) filtered by: (((((((((MappingQualityReadFilter AND MappingQualityAvailableReadFilter) AND MappingQualityNotZeroReadFilter) AND MappedReadFilter) AND NotSecondaryAlignmentReadFilter) AND NotDuplicateReadFilter) AND PassesVendorQualityCheckReadFilter) AND NonChimericOriginalAlignmentReadFilter) AND NonZeroReferenceLengthAlignmentReadFilter) AND ReadLengthReadFilter)
          147852 read(s) filtered by: ((((((((MappingQualityReadFilter AND MappingQualityAvailableReadFilter) AND MappingQualityNotZeroReadFilter) AND MappedReadFilter) AND NotSecondaryAlignmentReadFilter) AND NotDuplicateReadFilter) AND PassesVendorQualityCheckReadFilter) AND NonChimericOriginalAlignmentReadFilter) AND NonZeroReferenceLengthAlignmentReadFilter)
              147852 read(s) filtered by: (((((((MappingQualityReadFilter AND MappingQualityAvailableReadFilter) AND MappingQualityNotZeroReadFilter) AND MappedReadFilter) AND NotSecondaryAlignmentReadFilter) AND NotDuplicateReadFilter) AND PassesVendorQualityCheckReadFilter) AND NonChimericOriginalAlignmentReadFilter)
                  147852 read(s) filtered by: ((((((MappingQualityReadFilter AND MappingQualityAvailableReadFilter) AND MappingQualityNotZeroReadFilter) AND MappedReadFilter) AND NotSecondaryAlignmentReadFilter) AND NotDuplicateReadFilter) AND PassesVendorQualityCheckReadFilter)
                      147852 read(s) filtered by: (((((MappingQualityReadFilter AND MappingQualityAvailableReadFilter) AND MappingQualityNotZeroReadFilter) AND MappedReadFilter) AND NotSecondaryAlignmentReadFilter) AND NotDuplicateReadFilter)
                          109748 read(s) filtered by: ((((MappingQualityReadFilter AND MappingQualityAvailableReadFilter) AND MappingQualityNotZeroReadFilter) AND MappedReadFilter) AND NotSecondaryAlignmentReadFilter)
                              109351 read(s) filtered by: (((MappingQualityReadFilter AND MappingQualityAvailableReadFilter) AND MappingQualityNotZeroReadFilter) AND MappedReadFilter)
                                  109351 read(s) filtered by: ((MappingQualityReadFilter AND MappingQualityAvailableReadFilter) AND MappingQualityNotZeroReadFilter)
                                      109351 read(s) filtered by: (MappingQualityReadFilter AND MappingQualityAvailableReadFilter)
                                          109351 read(s) filtered by: MappingQualityReadFilter 
                              397 read(s) filtered by: NotSecondaryAlignmentReadFilter 
                          38104 read(s) filtered by: NotDuplicateReadFilter 
          4690 read(s) filtered by: ReadLengthReadFilter 

00:27:07.730 INFO  ProgressMeter -      chr15:101988680              3.0                352618         116789.9
00:27:07.730 INFO  ProgressMeter - Traversal complete. Processed 352618 total regions in 3.0 minutes.
00:27:08.063 INFO  VectorLoglessPairHMM - Time spent in setup for JNI call : 0.050612593000000004
00:27:08.063 INFO  PairHMM - Total compute time in PairHMM computeLogLikelihoods() : 9.009362374
00:27:08.063 INFO  SmithWatermanAligner - Total compute time in java Smith-Waterman : 9.36 sec
00:27:08.064 INFO  Mutect2 - Shutting down engine
[March 13, 2021 12:27:08 AM EST] org.broadinstitute.hellbender.tools.walkers.mutect.Mutect2 done. Elapsed time: 3.05 minutes.
Runtime.totalMemory()=4957143040
Tool returned:
SUCCESS
Using GATK jar /usr/local/apps/GATK/4.1.4.1/gatk-package-4.1.4.1-local.jar
Running:
    java -Dsamjdk.use_async_io_read_samtools=false -Dsamjdk.use_async_io_write_samtools=true -Dsamjdk.use_async_io_write_tribble=false -Dsamjdk.compression_level=2 -jar /usr/local/apps/GATK/4.1.4.1/gatk-package-4.1.4.1-local.jar Mutect2 -R /data/tandonm/pl_test_data/human/genome/hg38/Homo_sapiens_assembly38.fasta -I /spin1/scratch/tandonm/pipeline_out/tn_test_1/bams/chrom_split/Sample10_ARK1_S37.test.chr15.split.bam -I /spin1/scratch/tandonm/pipeline_out/tn_test_1/bams/chrom_split/Sample4_CRL1622_S31.test.chr15.split.bam -normal Sample4_CRL1622_S31.test --panel-of-normals /data/CCBR_Pipeliner/db/PipeDB/lib/hg38.noCOSMIC_ClinVar.pon.vcf.gz --germline-resource /data/MA_shared/justin_wes_pipe/somatic-hg38-af-only-gnomad.hg38.vcf.gz -L chr15 -O /spin1/scratch/tandonm/pipeline_out/tn_test_1/somatic/SNP_Indels/mutect2_out/chrom_split/Sample10_ARK1_S37.test.chr15.vcf --f1r2-tar-gz /spin1/scratch/tandonm/pipeline_out/tn_test_1/somatic/SNP_Indels/mutect2_out/chrom_split/Sample10_ARK1_S37.test.chr15.f1r2.tar.gz --independent-mates
[Sat Mar 13 00:27:08 2021]
Finished job 0.
1 of 1 steps (100%) done
{'Sample10_ARK1_S37.test': '--variant:vardict /spin1/scratch/tandonm/pipeline_out/tn_test_1/somatic/SNP_Indels/vardict_out/vcf/Sample10_ARK1_S37.test.FINAL.vcf --variant:varscan /spin1/scratch/tandonm/pipeline_out/tn_test_1/somatic/SNP_Indels/varscan_out/vcf/Sample10_ARK1_S37.test.FINAL.vcf --variant:strelka /spin1/scratch/tandonm/pipeline_out/tn_test_1/somatic/SNP_Indels/strelka_out/vcf/Sample10_ARK1_S37.test.FINAL.vcf --variant:mutect /spin1/scratch/tandonm/pipeline_out/tn_test_1/somatic/SNP_Indels/mutect_out/vcf/Sample10_ARK1_S37.test.FINAL.vcf --variant:mutect2 /spin1/scratch/tandonm/pipeline_out/tn_test_1/somatic/SNP_Indels/mutect2_out/vcf/Sample10_ARK1_S37.test.FINAL.vcf', 'Sample11_ACI_158_S38.test': '--variant:vardict /spin1/scratch/tandonm/pipeline_out/tn_test_1/somatic/SNP_Indels/vardict_out/vcf/Sample11_ACI_158_S38.test.FINAL.vcf --variant:varscan /spin1/scratch/tandonm/pipeline_out/tn_test_1/somatic/SNP_Indels/varscan_out/vcf/Sample11_ACI_158_S38.test.FINAL.vcf --variant:strelka /spin1/scratch/tandonm/pipeline_out/tn_test_1/somatic/SNP_Indels/strelka_out/vcf/Sample11_ACI_158_S38.test.FINAL.vcf --variant:mutect /spin1/scratch/tandonm/pipeline_out/tn_test_1/somatic/SNP_Indels/mutect_out/vcf/Sample11_ACI_158_S38.test.FINAL.vcf --variant:mutect2 /spin1/scratch/tandonm/pipeline_out/tn_test_1/somatic/SNP_Indels/mutect2_out/vcf/Sample11_ACI_158_S38.test.FINAL.vcf'}
