Building DAG of jobs...
Using shell: /usr/bin/bash
Provided cores: 4
Rules claiming more threads will be scaled down.
Job counts:
	count	jobs
	1	gatk_mutect2
	1

[Sat Mar 13 00:23:58 2021]
rule gatk_mutect2:
    input: /spin1/scratch/tandonm/pipeline_out/tn_test_1/bams/chrom_split/Sample4_CRL1622_S31.test.chr8.split.bam, /spin1/scratch/tandonm/pipeline_out/tn_test_1/bams/chrom_split/Sample10_ARK1_S37.test.chr8.split.bam
    output: /spin1/scratch/tandonm/pipeline_out/tn_test_1/somatic/SNP_Indels/mutect2_out/chrom_split/Sample10_ARK1_S37.test.chr8.vcf, /spin1/scratch/tandonm/pipeline_out/tn_test_1/somatic/SNP_Indels/mutect2_out/chrom_split/Sample10_ARK1_S37.test.chr8.f1r2.tar.gz, /spin1/scratch/tandonm/pipeline_out/tn_test_1/somatic/SNP_Indels/mutect2_out/chrom_split/Sample10_ARK1_S37.test.chr8.vcf.stats
    jobid: 0
    wildcards: samples=Sample10_ARK1_S37.test, chroms=chr8
    threads: 2

[+] Loading gcc  9.2.0  ... 
[+] Loading GSL 2.6 for GCC 9.2.0 ... 
[-] Unloading gcc  9.2.0  ... 
[+] Loading gcc  9.2.0  ... 
[+] Loading openmpi 3.1.4  for GCC 9.2.0 
[+] Loading ImageMagick  7.0.8  on cn2417 
[+] Loading HDF5  1.10.4 
[-] Unloading gcc  9.2.0  ... 
[+] Loading gcc  9.2.0  ... 
[+] Loading NetCDF 4.7.4_gcc9.2.0 
[+] Loading pandoc  2.11.4  on cn2417 
[+] Loading R 3.6.3 
[+] Loading GATK  4.1.4.1 

GATK/4 includes its own python environment. Loading a different python
environment
after the GATK module will result in some tools failing. Conversely, the python
environment included with GATK/4 will override any python modules you may
already
have loaded.


00:24:03.457 INFO  NativeLibraryLoader - Loading libgkl_compression.so from jar:file:/usr/local/apps/GATK/4.1.4.1/gatk-package-4.1.4.1-local.jar!/com/intel/gkl/native/libgkl_compression.so
Mar 13, 2021 12:24:03 AM shaded.cloud_nio.com.google.auth.oauth2.ComputeEngineCredentials runningOnComputeEngine
INFO: Failed to detect whether we are running on Google Compute Engine.
00:24:03.667 INFO  Mutect2 - ------------------------------------------------------------
00:24:03.667 INFO  Mutect2 - The Genome Analysis Toolkit (GATK) v4.1.4.1
00:24:03.667 INFO  Mutect2 - For support and documentation go to https://software.broadinstitute.org/gatk/
00:24:03.667 INFO  Mutect2 - Executing as tandonm@cn2417 on Linux v3.10.0-862.14.4.el7.x86_64 amd64
00:24:03.667 INFO  Mutect2 - Java runtime: OpenJDK 64-Bit Server VM v1.8.0_181-b13
00:24:03.668 INFO  Mutect2 - Start Date/Time: March 13, 2021 12:24:03 AM EST
00:24:03.668 INFO  Mutect2 - ------------------------------------------------------------
00:24:03.668 INFO  Mutect2 - ------------------------------------------------------------
00:24:03.668 INFO  Mutect2 - HTSJDK Version: 2.21.0
00:24:03.668 INFO  Mutect2 - Picard Version: 2.21.2
00:24:03.668 INFO  Mutect2 - HTSJDK Defaults.COMPRESSION_LEVEL : 2
00:24:03.668 INFO  Mutect2 - HTSJDK Defaults.USE_ASYNC_IO_READ_FOR_SAMTOOLS : false
00:24:03.668 INFO  Mutect2 - HTSJDK Defaults.USE_ASYNC_IO_WRITE_FOR_SAMTOOLS : true
00:24:03.669 INFO  Mutect2 - HTSJDK Defaults.USE_ASYNC_IO_WRITE_FOR_TRIBBLE : false
00:24:03.669 INFO  Mutect2 - Deflater: IntelDeflater
00:24:03.669 INFO  Mutect2 - Inflater: IntelInflater
00:24:03.669 INFO  Mutect2 - GCS max retries/reopens: 20
00:24:03.669 INFO  Mutect2 - Requester pays: disabled
00:24:03.669 INFO  Mutect2 - Initializing engine
00:24:04.372 INFO  FeatureManager - Using codec VCFCodec to read file file:///data/CCBR_Pipeliner/db/PipeDB/lib/hg38.noCOSMIC_ClinVar.pon.vcf.gz
00:24:04.590 INFO  FeatureManager - Using codec VCFCodec to read file file:///data/MA_shared/justin_wes_pipe/somatic-hg38-af-only-gnomad.hg38.vcf.gz
00:24:04.718 INFO  IntervalArgumentCollection - Processing 145138636 bp from intervals
00:24:04.803 INFO  Mutect2 - Done initializing engine
00:24:04.919 INFO  NativeLibraryLoader - Loading libgkl_utils.so from jar:file:/usr/local/apps/GATK/4.1.4.1/gatk-package-4.1.4.1-local.jar!/com/intel/gkl/native/libgkl_utils.so
00:24:04.921 INFO  NativeLibraryLoader - Loading libgkl_pairhmm_omp.so from jar:file:/usr/local/apps/GATK/4.1.4.1/gatk-package-4.1.4.1-local.jar!/com/intel/gkl/native/libgkl_pairhmm_omp.so
00:24:04.973 INFO  IntelPairHmm - Using CPU-supported AVX-512 instructions
00:24:04.973 INFO  IntelPairHmm - Flush-to-zero (FTZ) is enabled when running PairHMM
00:24:04.973 INFO  IntelPairHmm - Available threads: 2
00:24:04.973 INFO  IntelPairHmm - Requested threads: 4
00:24:04.973 WARN  IntelPairHmm - Using 2 available threads, but 4 were requested
00:24:04.973 INFO  PairHMM - Using the OpenMP multi-threaded AVX-accelerated native PairHMM implementation
00:24:05.092 INFO  ProgressMeter - Starting traversal
00:24:05.092 INFO  ProgressMeter -        Current Locus  Elapsed Minutes     Regions Processed   Regions/Minute
00:24:15.098 INFO  ProgressMeter -         chr8:7830191              0.2                 26600         159520.2
00:24:25.112 INFO  ProgressMeter -        chr8:13092393              0.3                 44850         134415.6
00:24:35.112 INFO  ProgressMeter -        chr8:22088438              0.5                 75740         151379.1
00:24:45.113 INFO  ProgressMeter -        chr8:26890357              0.7                 92530         138722.2
00:24:55.113 INFO  ProgressMeter -        chr8:33725537              0.8                116280         139477.4
00:25:05.116 INFO  ProgressMeter -        chr8:41937730              1.0                144650         144592.2
00:25:15.120 INFO  ProgressMeter -        chr8:47947568              1.2                165800         142057.5
00:25:25.124 INFO  ProgressMeter -        chr8:55663669              1.3                192720         144482.2
00:25:35.125 INFO  ProgressMeter -        chr8:63069933              1.5                218520         145628.2
00:25:45.133 INFO  ProgressMeter -        chr8:69681927              1.7                241650         144930.6
00:25:55.137 INFO  ProgressMeter -        chr8:77169422              1.8                267730         145974.8
00:26:05.153 INFO  ProgressMeter -        chr8:86694142              2.0                300700         150273.6
00:26:15.157 INFO  ProgressMeter -        chr8:94777298              2.2                328820         151687.2
00:26:25.157 INFO  ProgressMeter -       chr8:100352966              2.3                348500         149287.8
00:26:35.159 INFO  ProgressMeter -       chr8:105013150              2.5                365010         145938.8
00:26:45.159 INFO  ProgressMeter -       chr8:114758734              2.7                398610         149416.2
00:26:55.161 INFO  ProgressMeter -       chr8:123040759              2.8                427390         150782.3
00:27:05.171 INFO  ProgressMeter -       chr8:129750691              3.0                450980         150260.7
00:27:15.175 INFO  ProgressMeter -       chr8:136971979              3.2                476180         150307.0
00:27:25.186 INFO  ProgressMeter -       chr8:142878754              3.3                496910         149003.0
00:27:35.206 INFO  ProgressMeter -       chr8:144399828              3.5                502530         143502.1
00:27:39.134 INFO  Mutect2 - 137497 read(s) filtered by: (((((((((((MappingQualityReadFilter AND MappingQualityAvailableReadFilter) AND MappingQualityNotZeroReadFilter) AND MappedReadFilter) AND NotSecondaryAlignmentReadFilter) AND NotDuplicateReadFilter) AND PassesVendorQualityCheckReadFilter) AND NonChimericOriginalAlignmentReadFilter) AND NonZeroReferenceLengthAlignmentReadFilter) AND ReadLengthReadFilter) AND GoodCigarReadFilter) AND WellformedReadFilter)
  137497 read(s) filtered by: ((((((((((MappingQualityReadFilter AND MappingQualityAvailableReadFilter) AND MappingQualityNotZeroReadFilter) AND MappedReadFilter) AND NotSecondaryAlignmentReadFilter) AND NotDuplicateReadFilter) AND PassesVendorQualityCheckReadFilter) AND NonChimericOriginalAlignmentReadFilter) AND NonZeroReferenceLengthAlignmentReadFilter) AND ReadLengthReadFilter) AND GoodCigarReadFilter)
      137497 read(s) filtered by: (((((((((MappingQualityReadFilter AND MappingQualityAvailableReadFilter) AND MappingQualityNotZeroReadFilter) AND MappedReadFilter) AND NotSecondaryAlignmentReadFilter) AND NotDuplicateReadFilter) AND PassesVendorQualityCheckReadFilter) AND NonChimericOriginalAlignmentReadFilter) AND NonZeroReferenceLengthAlignmentReadFilter) AND ReadLengthReadFilter)
          129797 read(s) filtered by: ((((((((MappingQualityReadFilter AND MappingQualityAvailableReadFilter) AND MappingQualityNotZeroReadFilter) AND MappedReadFilter) AND NotSecondaryAlignmentReadFilter) AND NotDuplicateReadFilter) AND PassesVendorQualityCheckReadFilter) AND NonChimericOriginalAlignmentReadFilter) AND NonZeroReferenceLengthAlignmentReadFilter)
              129797 read(s) filtered by: (((((((MappingQualityReadFilter AND MappingQualityAvailableReadFilter) AND MappingQualityNotZeroReadFilter) AND MappedReadFilter) AND NotSecondaryAlignmentReadFilter) AND NotDuplicateReadFilter) AND PassesVendorQualityCheckReadFilter) AND NonChimericOriginalAlignmentReadFilter)
                  129797 read(s) filtered by: ((((((MappingQualityReadFilter AND MappingQualityAvailableReadFilter) AND MappingQualityNotZeroReadFilter) AND MappedReadFilter) AND NotSecondaryAlignmentReadFilter) AND NotDuplicateReadFilter) AND PassesVendorQualityCheckReadFilter)
                      129797 read(s) filtered by: (((((MappingQualityReadFilter AND MappingQualityAvailableReadFilter) AND MappingQualityNotZeroReadFilter) AND MappedReadFilter) AND NotSecondaryAlignmentReadFilter) AND NotDuplicateReadFilter)
                          68088 read(s) filtered by: ((((MappingQualityReadFilter AND MappingQualityAvailableReadFilter) AND MappingQualityNotZeroReadFilter) AND MappedReadFilter) AND NotSecondaryAlignmentReadFilter)
                              67302 read(s) filtered by: (((MappingQualityReadFilter AND MappingQualityAvailableReadFilter) AND MappingQualityNotZeroReadFilter) AND MappedReadFilter)
                                  67302 read(s) filtered by: ((MappingQualityReadFilter AND MappingQualityAvailableReadFilter) AND MappingQualityNotZeroReadFilter)
                                      67302 read(s) filtered by: (MappingQualityReadFilter AND MappingQualityAvailableReadFilter)
                                          67302 read(s) filtered by: MappingQualityReadFilter 
                              786 read(s) filtered by: NotSecondaryAlignmentReadFilter 
                          61709 read(s) filtered by: NotDuplicateReadFilter 
          7700 read(s) filtered by: ReadLengthReadFilter 

00:27:39.134 INFO  ProgressMeter -       chr8:145138579              3.6                505250         141631.1
00:27:39.134 INFO  ProgressMeter - Traversal complete. Processed 505250 total regions in 3.6 minutes.
00:27:39.422 INFO  VectorLoglessPairHMM - Time spent in setup for JNI call : 0.06842724800000001
00:27:39.422 INFO  PairHMM - Total compute time in PairHMM computeLogLikelihoods() : 4.190670999
00:27:39.422 INFO  SmithWatermanAligner - Total compute time in java Smith-Waterman : 9.27 sec
00:27:39.423 INFO  Mutect2 - Shutting down engine
[March 13, 2021 12:27:39 AM EST] org.broadinstitute.hellbender.tools.walkers.mutect.Mutect2 done. Elapsed time: 3.60 minutes.
Runtime.totalMemory()=2044198912
Tool returned:
SUCCESS
Using GATK jar /usr/local/apps/GATK/4.1.4.1/gatk-package-4.1.4.1-local.jar
Running:
    java -Dsamjdk.use_async_io_read_samtools=false -Dsamjdk.use_async_io_write_samtools=true -Dsamjdk.use_async_io_write_tribble=false -Dsamjdk.compression_level=2 -jar /usr/local/apps/GATK/4.1.4.1/gatk-package-4.1.4.1-local.jar Mutect2 -R /data/tandonm/pl_test_data/human/genome/hg38/Homo_sapiens_assembly38.fasta -I /spin1/scratch/tandonm/pipeline_out/tn_test_1/bams/chrom_split/Sample10_ARK1_S37.test.chr8.split.bam -I /spin1/scratch/tandonm/pipeline_out/tn_test_1/bams/chrom_split/Sample4_CRL1622_S31.test.chr8.split.bam -normal Sample4_CRL1622_S31.test --panel-of-normals /data/CCBR_Pipeliner/db/PipeDB/lib/hg38.noCOSMIC_ClinVar.pon.vcf.gz --germline-resource /data/MA_shared/justin_wes_pipe/somatic-hg38-af-only-gnomad.hg38.vcf.gz -L chr8 -O /spin1/scratch/tandonm/pipeline_out/tn_test_1/somatic/SNP_Indels/mutect2_out/chrom_split/Sample10_ARK1_S37.test.chr8.vcf --f1r2-tar-gz /spin1/scratch/tandonm/pipeline_out/tn_test_1/somatic/SNP_Indels/mutect2_out/chrom_split/Sample10_ARK1_S37.test.chr8.f1r2.tar.gz --independent-mates
[Sat Mar 13 00:27:40 2021]
Finished job 0.
1 of 1 steps (100%) done
{'Sample10_ARK1_S37.test': '--variant:mutect2 /spin1/scratch/tandonm/pipeline_out/tn_test_1/somatic/SNP_Indels/mutect2_out/vcf/Sample10_ARK1_S37.test.FINAL.vcf --variant:strelka /spin1/scratch/tandonm/pipeline_out/tn_test_1/somatic/SNP_Indels/strelka_out/vcf/Sample10_ARK1_S37.test.FINAL.vcf --variant:varscan /spin1/scratch/tandonm/pipeline_out/tn_test_1/somatic/SNP_Indels/varscan_out/vcf/Sample10_ARK1_S37.test.FINAL.vcf --variant:vardict /spin1/scratch/tandonm/pipeline_out/tn_test_1/somatic/SNP_Indels/vardict_out/vcf/Sample10_ARK1_S37.test.FINAL.vcf --variant:mutect /spin1/scratch/tandonm/pipeline_out/tn_test_1/somatic/SNP_Indels/mutect_out/vcf/Sample10_ARK1_S37.test.FINAL.vcf', 'Sample11_ACI_158_S38.test': '--variant:mutect2 /spin1/scratch/tandonm/pipeline_out/tn_test_1/somatic/SNP_Indels/mutect2_out/vcf/Sample11_ACI_158_S38.test.FINAL.vcf --variant:strelka /spin1/scratch/tandonm/pipeline_out/tn_test_1/somatic/SNP_Indels/strelka_out/vcf/Sample11_ACI_158_S38.test.FINAL.vcf --variant:varscan /spin1/scratch/tandonm/pipeline_out/tn_test_1/somatic/SNP_Indels/varscan_out/vcf/Sample11_ACI_158_S38.test.FINAL.vcf --variant:vardict /spin1/scratch/tandonm/pipeline_out/tn_test_1/somatic/SNP_Indels/vardict_out/vcf/Sample11_ACI_158_S38.test.FINAL.vcf --variant:mutect /spin1/scratch/tandonm/pipeline_out/tn_test_1/somatic/SNP_Indels/mutect_out/vcf/Sample11_ACI_158_S38.test.FINAL.vcf'}
