Building DAG of jobs...
Using shell: /usr/bin/bash
Provided cores: 4
Rules claiming more threads will be scaled down.
Job counts:
	count	jobs
	1	haplotypecaller
	1

[Sat Mar 13 00:20:41 2021]
rule haplotypecaller:
    input: /spin1/scratch/tandonm/pipeline_out/tn_test_1/bams/Sample4_CRL1622_S31.test.recal.bam
    output: /spin1/scratch/tandonm/pipeline_out/tn_test_1/germline/gVCFs/Sample4_CRL1622_S31.test.chr8.g.vcf.gz, /spin1/scratch/tandonm/pipeline_out/tn_test_1/germline/gVCFs/Sample4_CRL1622_S31.test.chr8.g.vcf.gz.tbi
    jobid: 0
    wildcards: samples=Sample4_CRL1622_S31.test, chroms=chr8

[+] Loading gcc  9.2.0  ... 
[+] Loading GSL 2.6 for GCC 9.2.0 ... 
[-] Unloading gcc  9.2.0  ... 
[+] Loading gcc  9.2.0  ... 
[+] Loading openmpi 3.1.4  for GCC 9.2.0 
[+] Loading ImageMagick  7.0.8  on cn2427 
[+] Loading HDF5  1.10.4 
[-] Unloading gcc  9.2.0  ... 
[+] Loading gcc  9.2.0  ... 
[+] Loading NetCDF 4.7.4_gcc9.2.0 
[+] Loading pandoc  2.11.4  on cn2427 
[+] Loading R 3.6.3 
[+] Loading GATK  4.1.4.1 

GATK/4 includes its own python environment. Loading a different python
environment
after the GATK module will result in some tools failing. Conversely, the python
environment included with GATK/4 will override any python modules you may
already
have loaded.


00:20:45.172 WARN  GATKAnnotationPluginDescriptor - Redundant enabled annotation group (StandardAnnotation) is enabled for this tool by default
Mar 13, 2021 12:20:45 AM shaded.cloud_nio.com.google.auth.oauth2.ComputeEngineCredentials runningOnComputeEngine
INFO: Failed to detect whether we are running on Google Compute Engine.
00:20:45.408 INFO  HaplotypeCaller - ------------------------------------------------------------
00:20:45.409 INFO  HaplotypeCaller - The Genome Analysis Toolkit (GATK) v4.1.4.1
00:20:45.409 INFO  HaplotypeCaller - For support and documentation go to https://software.broadinstitute.org/gatk/
00:20:45.409 INFO  HaplotypeCaller - Executing as tandonm@cn2427 on Linux v3.10.0-862.14.4.el7.x86_64 amd64
00:20:45.409 INFO  HaplotypeCaller - Java runtime: OpenJDK 64-Bit Server VM v1.8.0_181-b13
00:20:45.409 INFO  HaplotypeCaller - Start Date/Time: March 13, 2021 12:20:45 AM EST
00:20:45.409 INFO  HaplotypeCaller - ------------------------------------------------------------
00:20:45.410 INFO  HaplotypeCaller - ------------------------------------------------------------
00:20:45.410 INFO  HaplotypeCaller - HTSJDK Version: 2.21.0
00:20:45.410 INFO  HaplotypeCaller - Picard Version: 2.21.2
00:20:45.414 INFO  HaplotypeCaller - HTSJDK Defaults.COMPRESSION_LEVEL : 2
00:20:45.415 INFO  HaplotypeCaller - HTSJDK Defaults.USE_ASYNC_IO_READ_FOR_SAMTOOLS : false
00:20:45.415 INFO  HaplotypeCaller - HTSJDK Defaults.USE_ASYNC_IO_WRITE_FOR_SAMTOOLS : true
00:20:45.415 INFO  HaplotypeCaller - HTSJDK Defaults.USE_ASYNC_IO_WRITE_FOR_TRIBBLE : false
00:20:45.416 INFO  HaplotypeCaller - Deflater: JdkDeflater
00:20:45.416 INFO  HaplotypeCaller - Inflater: JdkInflater
00:20:45.416 INFO  HaplotypeCaller - GCS max retries/reopens: 20
00:20:45.416 INFO  HaplotypeCaller - Requester pays: disabled
00:20:45.416 INFO  HaplotypeCaller - Initializing engine
WARNING	2021-03-13 00:20:45	SamFiles	The index file /gpfs/gsfs7/users/tandonm/pl_test_data/human/bams/Sample4_CRL1622_S31.test.recal.bai was found by resolving the canonical path of a symlink: /spin1/scratch/tandonm/pipeline_out/tn_test_1/bams/Sample4_CRL1622_S31.test.recal.bam -> /gpfs/gsfs7/users/tandonm/pl_test_data/human/bams/Sample4_CRL1622_S31.test.recal.bam
WARNING: BAM index file /gpfs/gsfs7/users/tandonm/pl_test_data/human/bams/Sample4_CRL1622_S31.test.recal.bai is older than BAM /spin1/scratch/tandonm/pipeline_out/tn_test_1/bams/Sample4_CRL1622_S31.test.recal.bam
00:20:46.168 INFO  FeatureManager - Using codec VCFCodec to read file file:///fdb/GATK_resource_bundle/hg38bundle/dbsnp_138.hg38.vcf.gz
00:20:46.386 INFO  IntervalArgumentCollection - Processing 145138636 bp from intervals
00:20:46.448 INFO  HaplotypeCaller - Done initializing engine
00:20:46.451 INFO  HaplotypeCallerEngine - Tool is in reference confidence mode and the annotation, the following changes will be made to any specified annotations: 'StrandBiasBySample' will be enabled. 'ChromosomeCounts', 'FisherStrand', 'StrandOddsRatio' and 'QualByDepth' annotations have been disabled
00:20:46.534 INFO  HaplotypeCallerEngine - Standard Emitting and Calling confidence set to 0.0 for reference-model confidence output
00:20:46.534 INFO  HaplotypeCallerEngine - All sites annotated with PLs forced to true for reference-model confidence output
00:20:46.552 INFO  NativeLibraryLoader - Loading libgkl_utils.so from jar:file:/usr/local/apps/GATK/4.1.4.1/gatk-package-4.1.4.1-local.jar!/com/intel/gkl/native/libgkl_utils.so
00:20:46.554 INFO  NativeLibraryLoader - Loading libgkl_pairhmm_omp.so from jar:file:/usr/local/apps/GATK/4.1.4.1/gatk-package-4.1.4.1-local.jar!/com/intel/gkl/native/libgkl_pairhmm_omp.so
00:20:46.614 INFO  IntelPairHmm - Using CPU-supported AVX-512 instructions
00:20:46.614 INFO  IntelPairHmm - Flush-to-zero (FTZ) is enabled when running PairHMM
00:20:46.615 INFO  IntelPairHmm - Available threads: 1
00:20:46.615 INFO  IntelPairHmm - Requested threads: 4
00:20:46.615 WARN  IntelPairHmm - Using 1 available threads, but 4 were requested
00:20:46.615 INFO  PairHMM - Using the OpenMP multi-threaded AVX-accelerated native PairHMM implementation
00:20:46.702 INFO  ProgressMeter - Starting traversal
00:20:46.702 INFO  ProgressMeter -        Current Locus  Elapsed Minutes     Regions Processed   Regions/Minute
00:20:48.371 WARN  InbreedingCoeff - InbreedingCoeff will not be calculated; at least 10 samples must have called genotypes
00:20:56.735 INFO  ProgressMeter -         chr8:3345350              0.2                 11360          67935.8
00:21:06.735 INFO  ProgressMeter -         chr8:6953583              0.3                 24000          71881.4
00:21:16.735 INFO  ProgressMeter -        chr8:11673860              0.5                 40620          81150.7
00:21:26.737 INFO  ProgressMeter -        chr8:16606356              0.7                 57990          86909.0
00:21:36.750 INFO  ProgressMeter -        chr8:21971613              0.8                 77030          92347.3
00:21:46.757 INFO  ProgressMeter -        chr8:25469631              1.0                 89720          89639.3
00:21:53.512 WARN  DepthPerSampleHC - Annotation will not be calculated, genotype is not called or alleleLikelihoodMap is null
00:21:53.512 WARN  StrandBiasBySample - Annotation will not be calculated, genotype is not called or alleleLikelihoodMap is null
00:21:56.764 INFO  ProgressMeter -        chr8:30156613              1.2                106500          91204.9
00:22:06.773 INFO  ProgressMeter -        chr8:35752498              1.3                126000          94416.2
00:22:16.774 INFO  ProgressMeter -        chr8:42069636              1.5                148240          98747.7
00:22:26.774 INFO  ProgressMeter -        chr8:50018442              1.7                175770         105386.1
00:22:34.818 WARN  StrandBiasBySample - Annotation will not be calculated, genotype is not called or alleleLikelihoodMap is null
00:22:34.819 WARN  StrandBiasBySample - Annotation will not be calculated, genotype is not called or alleleLikelihoodMap is null
00:22:34.819 WARN  StrandBiasBySample - Annotation will not be calculated, genotype is not called or alleleLikelihoodMap is null
00:22:36.784 INFO  ProgressMeter -        chr8:56446160              1.8                198300         108083.1
00:22:46.785 INFO  ProgressMeter -        chr8:64732065              2.0                226860         113351.6
00:22:52.673 WARN  StrandBiasBySample - Annotation will not be calculated, genotype is not called or alleleLikelihoodMap is null
00:22:56.786 INFO  ProgressMeter -        chr8:71792634              2.2                251570         116034.3
00:23:06.790 INFO  ProgressMeter -        chr8:80353305              2.3                281160         120421.4
00:23:16.791 INFO  ProgressMeter -        chr8:89003971              2.5                311000         124327.1
00:23:26.798 INFO  ProgressMeter -        chr8:96246529              2.7                336270         126025.6
00:23:37.244 INFO  ProgressMeter -       chr8:100709642              2.8                352250         123928.4
00:23:47.245 INFO  ProgressMeter -       chr8:106785176              3.0                373640         124172.1
00:23:57.246 INFO  ProgressMeter -       chr8:115528276              3.2                403760         127139.1
00:24:07.249 INFO  ProgressMeter -       chr8:122272942              3.3                427470         127891.2
00:24:17.261 INFO  ProgressMeter -       chr8:127465049              3.5                446020         127096.0
00:24:27.262 INFO  ProgressMeter -       chr8:133675435              3.7                468050         127325.9
00:24:34.905 WARN  StrandBiasBySample - Annotation will not be calculated, genotype is not called or alleleLikelihoodMap is null
00:24:37.269 INFO  ProgressMeter -       chr8:140707028              3.8                492800         128240.4
00:24:38.172 WARN  StrandBiasBySample - Annotation will not be calculated, genotype is not called or alleleLikelihoodMap is null
00:24:43.577 WARN  StrandBiasBySample - Annotation will not be calculated, genotype is not called or alleleLikelihoodMap is null
00:24:47.269 INFO  ProgressMeter -       chr8:144080469              4.0                505040         125962.4
00:24:52.470 INFO  HaplotypeCaller - 64674 read(s) filtered by: ((((((((MappingQualityReadFilter AND MappingQualityAvailableReadFilter) AND MappedReadFilter) AND NotSecondaryAlignmentReadFilter) AND NotDuplicateReadFilter) AND PassesVendorQualityCheckReadFilter) AND NonZeroReferenceLengthAlignmentReadFilter) AND GoodCigarReadFilter) AND WellformedReadFilter)
  64674 read(s) filtered by: (((((((MappingQualityReadFilter AND MappingQualityAvailableReadFilter) AND MappedReadFilter) AND NotSecondaryAlignmentReadFilter) AND NotDuplicateReadFilter) AND PassesVendorQualityCheckReadFilter) AND NonZeroReferenceLengthAlignmentReadFilter) AND GoodCigarReadFilter)
      64674 read(s) filtered by: ((((((MappingQualityReadFilter AND MappingQualityAvailableReadFilter) AND MappedReadFilter) AND NotSecondaryAlignmentReadFilter) AND NotDuplicateReadFilter) AND PassesVendorQualityCheckReadFilter) AND NonZeroReferenceLengthAlignmentReadFilter)
          64674 read(s) filtered by: (((((MappingQualityReadFilter AND MappingQualityAvailableReadFilter) AND MappedReadFilter) AND NotSecondaryAlignmentReadFilter) AND NotDuplicateReadFilter) AND PassesVendorQualityCheckReadFilter)
              64674 read(s) filtered by: ((((MappingQualityReadFilter AND MappingQualityAvailableReadFilter) AND MappedReadFilter) AND NotSecondaryAlignmentReadFilter) AND NotDuplicateReadFilter)
                  33795 read(s) filtered by: (((MappingQualityReadFilter AND MappingQualityAvailableReadFilter) AND MappedReadFilter) AND NotSecondaryAlignmentReadFilter)
                      33423 read(s) filtered by: ((MappingQualityReadFilter AND MappingQualityAvailableReadFilter) AND MappedReadFilter)
                          33423 read(s) filtered by: (MappingQualityReadFilter AND MappingQualityAvailableReadFilter)
                              33423 read(s) filtered by: MappingQualityReadFilter 
                      372 read(s) filtered by: NotSecondaryAlignmentReadFilter 
                  30879 read(s) filtered by: NotDuplicateReadFilter 

00:24:52.470 INFO  ProgressMeter -       chr8:145136403              4.1                509107         124289.7
00:24:52.470 INFO  ProgressMeter - Traversal complete. Processed 509107 total regions in 4.1 minutes.
00:24:52.501 INFO  VectorLoglessPairHMM - Time spent in setup for JNI call : 0.047935704
00:24:52.501 INFO  PairHMM - Total compute time in PairHMM computeLogLikelihoods() : 4.89612553
00:24:52.501 INFO  SmithWatermanAligner - Total compute time in java Smith-Waterman : 4.40 sec
00:24:52.501 INFO  HaplotypeCaller - Shutting down engine
[March 13, 2021 12:24:52 AM EST] org.broadinstitute.hellbender.tools.walkers.haplotypecaller.HaplotypeCaller done. Elapsed time: 4.12 minutes.
Runtime.totalMemory()=2377121792
Using GATK jar /usr/local/apps/GATK/4.1.4.1/gatk-package-4.1.4.1-local.jar
Running:
    java -Dsamjdk.use_async_io_read_samtools=false -Dsamjdk.use_async_io_write_samtools=true -Dsamjdk.use_async_io_write_tribble=false -Dsamjdk.compression_level=2 -Xmx24g -jar /usr/local/apps/GATK/4.1.4.1/gatk-package-4.1.4.1-local.jar HaplotypeCaller --reference /data/tandonm/pl_test_data/human/genome/hg38/Homo_sapiens_assembly38.fasta --input /spin1/scratch/tandonm/pipeline_out/tn_test_1/bams/Sample4_CRL1622_S31.test.recal.bam --use-jdk-inflater --use-jdk-deflater --emit-ref-confidence GVCF --annotation-group StandardAnnotation --annotation-group AS_StandardAnnotation --dbsnp /fdb/GATK_resource_bundle/hg38bundle/dbsnp_138.hg38.vcf.gz --output /spin1/scratch/tandonm/pipeline_out/tn_test_1/germline/gVCFs/Sample4_CRL1622_S31.test.chr8.g.vcf.gz --intervals chr8 --max-alternate-alleles 3
[Sat Mar 13 00:24:53 2021]
Finished job 0.
1 of 1 steps (100%) done
{'Sample10_ARK1_S37.test': '--variant:varscan /spin1/scratch/tandonm/pipeline_out/tn_test_1/somatic/SNP_Indels/varscan_out/vcf/Sample10_ARK1_S37.test.FINAL.vcf --variant:vardict /spin1/scratch/tandonm/pipeline_out/tn_test_1/somatic/SNP_Indels/vardict_out/vcf/Sample10_ARK1_S37.test.FINAL.vcf --variant:strelka /spin1/scratch/tandonm/pipeline_out/tn_test_1/somatic/SNP_Indels/strelka_out/vcf/Sample10_ARK1_S37.test.FINAL.vcf --variant:mutect /spin1/scratch/tandonm/pipeline_out/tn_test_1/somatic/SNP_Indels/mutect_out/vcf/Sample10_ARK1_S37.test.FINAL.vcf --variant:mutect2 /spin1/scratch/tandonm/pipeline_out/tn_test_1/somatic/SNP_Indels/mutect2_out/vcf/Sample10_ARK1_S37.test.FINAL.vcf', 'Sample11_ACI_158_S38.test': '--variant:varscan /spin1/scratch/tandonm/pipeline_out/tn_test_1/somatic/SNP_Indels/varscan_out/vcf/Sample11_ACI_158_S38.test.FINAL.vcf --variant:vardict /spin1/scratch/tandonm/pipeline_out/tn_test_1/somatic/SNP_Indels/vardict_out/vcf/Sample11_ACI_158_S38.test.FINAL.vcf --variant:strelka /spin1/scratch/tandonm/pipeline_out/tn_test_1/somatic/SNP_Indels/strelka_out/vcf/Sample11_ACI_158_S38.test.FINAL.vcf --variant:mutect /spin1/scratch/tandonm/pipeline_out/tn_test_1/somatic/SNP_Indels/mutect_out/vcf/Sample11_ACI_158_S38.test.FINAL.vcf --variant:mutect2 /spin1/scratch/tandonm/pipeline_out/tn_test_1/somatic/SNP_Indels/mutect2_out/vcf/Sample11_ACI_158_S38.test.FINAL.vcf'}
