Building DAG of jobs...
Using shell: /usr/bin/bash
Provided cores: 4
Rules claiming more threads will be scaled down.
Job counts:
	count	jobs
	1	haplotypecaller
	1

[Sat Mar 13 00:18:45 2021]
rule haplotypecaller:
    input: /spin1/scratch/tandonm/pipeline_out/tn_test_1/bams/Sample10_ARK1_S37.test.recal.bam
    output: /spin1/scratch/tandonm/pipeline_out/tn_test_1/germline/gVCFs/Sample10_ARK1_S37.test.chr17.g.vcf.gz, /spin1/scratch/tandonm/pipeline_out/tn_test_1/germline/gVCFs/Sample10_ARK1_S37.test.chr17.g.vcf.gz.tbi
    jobid: 0
    wildcards: samples=Sample10_ARK1_S37.test, chroms=chr17

[+] Loading gcc  9.2.0  ... 
[+] Loading GSL 2.6 for GCC 9.2.0 ... 
[-] Unloading gcc  9.2.0  ... 
[+] Loading gcc  9.2.0  ... 
[+] Loading openmpi 3.1.4  for GCC 9.2.0 
[+] Loading ImageMagick  7.0.8  on cn2293 
[+] Loading HDF5  1.10.4 
[-] Unloading gcc  9.2.0  ... 
[+] Loading gcc  9.2.0  ... 
[+] Loading NetCDF 4.7.4_gcc9.2.0 
[+] Loading pandoc  2.11.4  on cn2293 
[+] Loading R 3.6.3 
[+] Loading GATK  4.1.4.1 

GATK/4 includes its own python environment. Loading a different python
environment
after the GATK module will result in some tools failing. Conversely, the python
environment included with GATK/4 will override any python modules you may
already
have loaded.


00:18:50.404 WARN  GATKAnnotationPluginDescriptor - Redundant enabled annotation group (StandardAnnotation) is enabled for this tool by default
Mar 13, 2021 12:18:50 AM shaded.cloud_nio.com.google.auth.oauth2.ComputeEngineCredentials runningOnComputeEngine
INFO: Failed to detect whether we are running on Google Compute Engine.
00:18:50.671 INFO  HaplotypeCaller - ------------------------------------------------------------
00:18:50.672 INFO  HaplotypeCaller - The Genome Analysis Toolkit (GATK) v4.1.4.1
00:18:50.672 INFO  HaplotypeCaller - For support and documentation go to https://software.broadinstitute.org/gatk/
00:18:50.672 INFO  HaplotypeCaller - Executing as tandonm@cn2293 on Linux v3.10.0-862.14.4.el7.x86_64 amd64
00:18:50.672 INFO  HaplotypeCaller - Java runtime: OpenJDK 64-Bit Server VM v1.8.0_181-b13
00:18:50.672 INFO  HaplotypeCaller - Start Date/Time: March 13, 2021 12:18:50 AM EST
00:18:50.672 INFO  HaplotypeCaller - ------------------------------------------------------------
00:18:50.672 INFO  HaplotypeCaller - ------------------------------------------------------------
00:18:50.673 INFO  HaplotypeCaller - HTSJDK Version: 2.21.0
00:18:50.673 INFO  HaplotypeCaller - Picard Version: 2.21.2
00:18:50.678 INFO  HaplotypeCaller - HTSJDK Defaults.COMPRESSION_LEVEL : 2
00:18:50.678 INFO  HaplotypeCaller - HTSJDK Defaults.USE_ASYNC_IO_READ_FOR_SAMTOOLS : false
00:18:50.678 INFO  HaplotypeCaller - HTSJDK Defaults.USE_ASYNC_IO_WRITE_FOR_SAMTOOLS : true
00:18:50.678 INFO  HaplotypeCaller - HTSJDK Defaults.USE_ASYNC_IO_WRITE_FOR_TRIBBLE : false
00:18:50.679 INFO  HaplotypeCaller - Deflater: JdkDeflater
00:18:50.680 INFO  HaplotypeCaller - Inflater: JdkInflater
00:18:50.680 INFO  HaplotypeCaller - GCS max retries/reopens: 20
00:18:50.680 INFO  HaplotypeCaller - Requester pays: disabled
00:18:50.680 INFO  HaplotypeCaller - Initializing engine
WARNING	2021-03-13 00:18:50	SamFiles	The index file /gpfs/gsfs7/users/tandonm/pl_test_data/human/bams/Sample10_ARK1_S37.test.recal.bai was found by resolving the canonical path of a symlink: /spin1/scratch/tandonm/pipeline_out/tn_test_1/bams/Sample10_ARK1_S37.test.recal.bam -> /gpfs/gsfs7/users/tandonm/pl_test_data/human/bams/Sample10_ARK1_S37.test.recal.bam
WARNING: BAM index file /gpfs/gsfs7/users/tandonm/pl_test_data/human/bams/Sample10_ARK1_S37.test.recal.bai is older than BAM /spin1/scratch/tandonm/pipeline_out/tn_test_1/bams/Sample10_ARK1_S37.test.recal.bam
00:18:51.412 INFO  FeatureManager - Using codec VCFCodec to read file file:///fdb/GATK_resource_bundle/hg38bundle/dbsnp_138.hg38.vcf.gz
00:18:51.610 INFO  IntervalArgumentCollection - Processing 83257441 bp from intervals
00:18:51.666 INFO  HaplotypeCaller - Done initializing engine
00:18:51.669 INFO  HaplotypeCallerEngine - Tool is in reference confidence mode and the annotation, the following changes will be made to any specified annotations: 'StrandBiasBySample' will be enabled. 'ChromosomeCounts', 'FisherStrand', 'StrandOddsRatio' and 'QualByDepth' annotations have been disabled
00:18:51.749 INFO  HaplotypeCallerEngine - Standard Emitting and Calling confidence set to 0.0 for reference-model confidence output
00:18:51.749 INFO  HaplotypeCallerEngine - All sites annotated with PLs forced to true for reference-model confidence output
00:18:51.767 INFO  NativeLibraryLoader - Loading libgkl_utils.so from jar:file:/usr/local/apps/GATK/4.1.4.1/gatk-package-4.1.4.1-local.jar!/com/intel/gkl/native/libgkl_utils.so
00:18:51.770 INFO  NativeLibraryLoader - Loading libgkl_pairhmm_omp.so from jar:file:/usr/local/apps/GATK/4.1.4.1/gatk-package-4.1.4.1-local.jar!/com/intel/gkl/native/libgkl_pairhmm_omp.so
00:18:51.832 INFO  IntelPairHmm - Flush-to-zero (FTZ) is enabled when running PairHMM
00:18:51.832 INFO  IntelPairHmm - Available threads: 1
00:18:51.832 INFO  IntelPairHmm - Requested threads: 4
00:18:51.832 WARN  IntelPairHmm - Using 1 available threads, but 4 were requested
00:18:51.832 INFO  PairHMM - Using the OpenMP multi-threaded AVX-accelerated native PairHMM implementation
00:18:51.940 INFO  ProgressMeter - Starting traversal
00:18:51.940 INFO  ProgressMeter -        Current Locus  Elapsed Minutes     Regions Processed   Regions/Minute
00:18:53.865 WARN  InbreedingCoeff - InbreedingCoeff will not be calculated; at least 10 samples must have called genotypes
00:19:01.941 INFO  ProgressMeter -        chr17:1401435              0.2                  4980          29877.0
00:19:11.965 INFO  ProgressMeter -        chr17:3217252              0.3                 11770          35267.7
00:19:21.969 INFO  ProgressMeter -        chr17:5310136              0.5                 19850          39661.7
00:19:32.000 INFO  ProgressMeter -        chr17:7852605              0.7                 29340          43944.1
00:19:42.001 INFO  ProgressMeter -       chr17:10836512              0.8                 40330          48337.0
00:19:52.009 INFO  ProgressMeter -       chr17:16129414              1.0                 58960          58892.3
00:20:02.031 INFO  ProgressMeter -       chr17:18682218              1.2                 68630          58749.3
00:20:12.269 INFO  ProgressMeter -       chr17:21301470              1.3                 78270          58462.1
00:20:22.269 INFO  ProgressMeter -       chr17:21809673              1.5                 80100          53205.5
00:20:32.334 INFO  ProgressMeter -       chr17:28738134              1.7                103900          62095.3
00:20:42.335 INFO  ProgressMeter -       chr17:31830609              1.8                115500          62774.6
00:20:52.335 INFO  ProgressMeter -       chr17:37437911              2.0                135120          67338.3
00:21:02.337 INFO  ProgressMeter -       chr17:41185380              2.2                148600          68375.8
00:21:12.344 INFO  ProgressMeter -       chr17:42844917              2.3                155110          66284.4
00:21:22.457 INFO  ProgressMeter -       chr17:44904958              2.5                163180          65047.8
00:21:32.464 INFO  ProgressMeter -       chr17:48916053              2.7                177680          66412.5
00:21:42.470 INFO  ProgressMeter -       chr17:51519580              2.8                187560          65991.9
00:21:46.851 WARN  DepthPerSampleHC - Annotation will not be calculated, genotype is not called or alleleLikelihoodMap is null
00:21:46.851 WARN  StrandBiasBySample - Annotation will not be calculated, genotype is not called or alleleLikelihoodMap is null
00:21:52.474 INFO  ProgressMeter -       chr17:57912265              3.0                209900          69759.7
00:22:02.485 INFO  ProgressMeter -       chr17:61038989              3.2                221700          69810.3
00:22:12.488 INFO  ProgressMeter -       chr17:63918354              3.3                232360          69517.5
00:22:22.491 INFO  ProgressMeter -       chr17:67545682              3.5                245800          70044.8
00:22:32.493 INFO  ProgressMeter -       chr17:71951306              3.7                261640          71177.4
00:22:42.505 INFO  ProgressMeter -       chr17:75240487              3.8                273910          71279.7
00:22:52.523 INFO  ProgressMeter -       chr17:76927562              4.0                280730          70012.4
00:22:56.327 WARN  StrandBiasBySample - Annotation will not be calculated, genotype is not called or alleleLikelihoodMap is null
00:22:56.328 WARN  StrandBiasBySample - Annotation will not be calculated, genotype is not called or alleleLikelihoodMap is null
00:22:56.328 WARN  StrandBiasBySample - Annotation will not be calculated, genotype is not called or alleleLikelihoodMap is null
00:22:59.185 WARN  StrandBiasBySample - Annotation will not be calculated, genotype is not called or alleleLikelihoodMap is null
00:23:02.531 INFO  ProgressMeter -       chr17:80088176              4.2                292650          70070.4
00:23:12.549 INFO  ProgressMeter -       chr17:81906544              4.3                299720          69004.5
00:23:18.683 INFO  HaplotypeCaller - 112008 read(s) filtered by: ((((((((MappingQualityReadFilter AND MappingQualityAvailableReadFilter) AND MappedReadFilter) AND NotSecondaryAlignmentReadFilter) AND NotDuplicateReadFilter) AND PassesVendorQualityCheckReadFilter) AND NonZeroReferenceLengthAlignmentReadFilter) AND GoodCigarReadFilter) AND WellformedReadFilter)
  112008 read(s) filtered by: (((((((MappingQualityReadFilter AND MappingQualityAvailableReadFilter) AND MappedReadFilter) AND NotSecondaryAlignmentReadFilter) AND NotDuplicateReadFilter) AND PassesVendorQualityCheckReadFilter) AND NonZeroReferenceLengthAlignmentReadFilter) AND GoodCigarReadFilter)
      112008 read(s) filtered by: ((((((MappingQualityReadFilter AND MappingQualityAvailableReadFilter) AND MappedReadFilter) AND NotSecondaryAlignmentReadFilter) AND NotDuplicateReadFilter) AND PassesVendorQualityCheckReadFilter) AND NonZeroReferenceLengthAlignmentReadFilter)
          112008 read(s) filtered by: (((((MappingQualityReadFilter AND MappingQualityAvailableReadFilter) AND MappedReadFilter) AND NotSecondaryAlignmentReadFilter) AND NotDuplicateReadFilter) AND PassesVendorQualityCheckReadFilter)
              112008 read(s) filtered by: ((((MappingQualityReadFilter AND MappingQualityAvailableReadFilter) AND MappedReadFilter) AND NotSecondaryAlignmentReadFilter) AND NotDuplicateReadFilter)
                  69169 read(s) filtered by: (((MappingQualityReadFilter AND MappingQualityAvailableReadFilter) AND MappedReadFilter) AND NotSecondaryAlignmentReadFilter)
                      68822 read(s) filtered by: ((MappingQualityReadFilter AND MappingQualityAvailableReadFilter) AND MappedReadFilter)
                          68822 read(s) filtered by: (MappingQualityReadFilter AND MappingQualityAvailableReadFilter)
                              68822 read(s) filtered by: MappingQualityReadFilter 
                      347 read(s) filtered by: NotSecondaryAlignmentReadFilter 
                  42839 read(s) filtered by: NotDuplicateReadFilter 

00:23:18.683 INFO  ProgressMeter -       chr17:83256260              4.4                304923          68588.0
00:23:18.683 INFO  ProgressMeter - Traversal complete. Processed 304923 total regions in 4.4 minutes.
00:23:18.710 INFO  VectorLoglessPairHMM - Time spent in setup for JNI call : 0.07693941700000001
00:23:18.710 INFO  PairHMM - Total compute time in PairHMM computeLogLikelihoods() : 12.608196873
00:23:18.710 INFO  SmithWatermanAligner - Total compute time in java Smith-Waterman : 10.04 sec
00:23:18.710 INFO  HaplotypeCaller - Shutting down engine
[March 13, 2021 12:23:18 AM EST] org.broadinstitute.hellbender.tools.walkers.haplotypecaller.HaplotypeCaller done. Elapsed time: 4.47 minutes.
Runtime.totalMemory()=1921515520
Using GATK jar /usr/local/apps/GATK/4.1.4.1/gatk-package-4.1.4.1-local.jar
Running:
    java -Dsamjdk.use_async_io_read_samtools=false -Dsamjdk.use_async_io_write_samtools=true -Dsamjdk.use_async_io_write_tribble=false -Dsamjdk.compression_level=2 -Xmx24g -jar /usr/local/apps/GATK/4.1.4.1/gatk-package-4.1.4.1-local.jar HaplotypeCaller --reference /data/tandonm/pl_test_data/human/genome/hg38/Homo_sapiens_assembly38.fasta --input /spin1/scratch/tandonm/pipeline_out/tn_test_1/bams/Sample10_ARK1_S37.test.recal.bam --use-jdk-inflater --use-jdk-deflater --emit-ref-confidence GVCF --annotation-group StandardAnnotation --annotation-group AS_StandardAnnotation --dbsnp /fdb/GATK_resource_bundle/hg38bundle/dbsnp_138.hg38.vcf.gz --output /spin1/scratch/tandonm/pipeline_out/tn_test_1/germline/gVCFs/Sample10_ARK1_S37.test.chr17.g.vcf.gz --intervals chr17 --max-alternate-alleles 3
[Sat Mar 13 00:23:18 2021]
Finished job 0.
1 of 1 steps (100%) done
{'Sample10_ARK1_S37.test': '--variant:varscan /spin1/scratch/tandonm/pipeline_out/tn_test_1/somatic/SNP_Indels/varscan_out/vcf/Sample10_ARK1_S37.test.FINAL.vcf --variant:mutect2 /spin1/scratch/tandonm/pipeline_out/tn_test_1/somatic/SNP_Indels/mutect2_out/vcf/Sample10_ARK1_S37.test.FINAL.vcf --variant:vardict /spin1/scratch/tandonm/pipeline_out/tn_test_1/somatic/SNP_Indels/vardict_out/vcf/Sample10_ARK1_S37.test.FINAL.vcf --variant:mutect /spin1/scratch/tandonm/pipeline_out/tn_test_1/somatic/SNP_Indels/mutect_out/vcf/Sample10_ARK1_S37.test.FINAL.vcf --variant:strelka /spin1/scratch/tandonm/pipeline_out/tn_test_1/somatic/SNP_Indels/strelka_out/vcf/Sample10_ARK1_S37.test.FINAL.vcf', 'Sample11_ACI_158_S38.test': '--variant:varscan /spin1/scratch/tandonm/pipeline_out/tn_test_1/somatic/SNP_Indels/varscan_out/vcf/Sample11_ACI_158_S38.test.FINAL.vcf --variant:mutect2 /spin1/scratch/tandonm/pipeline_out/tn_test_1/somatic/SNP_Indels/mutect2_out/vcf/Sample11_ACI_158_S38.test.FINAL.vcf --variant:vardict /spin1/scratch/tandonm/pipeline_out/tn_test_1/somatic/SNP_Indels/vardict_out/vcf/Sample11_ACI_158_S38.test.FINAL.vcf --variant:mutect /spin1/scratch/tandonm/pipeline_out/tn_test_1/somatic/SNP_Indels/mutect_out/vcf/Sample11_ACI_158_S38.test.FINAL.vcf --variant:strelka /spin1/scratch/tandonm/pipeline_out/tn_test_1/somatic/SNP_Indels/strelka_out/vcf/Sample11_ACI_158_S38.test.FINAL.vcf'}
