Building DAG of jobs...
Using shell: /usr/bin/bash
Provided cores: 4
Rules claiming more threads will be scaled down.
Job counts:
	count	jobs
	1	haplotypecaller
	1

[Sat Mar 13 00:20:41 2021]
rule haplotypecaller:
    input: /spin1/scratch/tandonm/pipeline_out/tn_test_1/bams/Sample10_ARK1_S37.test.recal.bam
    output: /spin1/scratch/tandonm/pipeline_out/tn_test_1/germline/gVCFs/Sample10_ARK1_S37.test.chr8.g.vcf.gz, /spin1/scratch/tandonm/pipeline_out/tn_test_1/germline/gVCFs/Sample10_ARK1_S37.test.chr8.g.vcf.gz.tbi
    jobid: 0
    wildcards: samples=Sample10_ARK1_S37.test, chroms=chr8

[+] Loading gcc  9.2.0  ... 
[+] Loading GSL 2.6 for GCC 9.2.0 ... 
[-] Unloading gcc  9.2.0  ... 
[+] Loading gcc  9.2.0  ... 
[+] Loading openmpi 3.1.4  for GCC 9.2.0 
[+] Loading ImageMagick  7.0.8  on cn2425 
[+] Loading HDF5  1.10.4 
[-] Unloading gcc  9.2.0  ... 
[+] Loading gcc  9.2.0  ... 
[+] Loading NetCDF 4.7.4_gcc9.2.0 
[+] Loading pandoc  2.11.4  on cn2425 
[+] Loading R 3.6.3 
[+] Loading GATK  4.1.4.1 

GATK/4 includes its own python environment. Loading a different python
environment
after the GATK module will result in some tools failing. Conversely, the python
environment included with GATK/4 will override any python modules you may
already
have loaded.


00:20:44.700 WARN  GATKAnnotationPluginDescriptor - Redundant enabled annotation group (StandardAnnotation) is enabled for this tool by default
Mar 13, 2021 12:20:44 AM shaded.cloud_nio.com.google.auth.oauth2.ComputeEngineCredentials runningOnComputeEngine
INFO: Failed to detect whether we are running on Google Compute Engine.
00:20:44.917 INFO  HaplotypeCaller - ------------------------------------------------------------
00:20:44.918 INFO  HaplotypeCaller - The Genome Analysis Toolkit (GATK) v4.1.4.1
00:20:44.918 INFO  HaplotypeCaller - For support and documentation go to https://software.broadinstitute.org/gatk/
00:20:44.918 INFO  HaplotypeCaller - Executing as tandonm@cn2425 on Linux v3.10.0-862.14.4.el7.x86_64 amd64
00:20:44.918 INFO  HaplotypeCaller - Java runtime: OpenJDK 64-Bit Server VM v1.8.0_181-b13
00:20:44.918 INFO  HaplotypeCaller - Start Date/Time: March 13, 2021 12:20:44 AM EST
00:20:44.918 INFO  HaplotypeCaller - ------------------------------------------------------------
00:20:44.918 INFO  HaplotypeCaller - ------------------------------------------------------------
00:20:44.919 INFO  HaplotypeCaller - HTSJDK Version: 2.21.0
00:20:44.919 INFO  HaplotypeCaller - Picard Version: 2.21.2
00:20:44.923 INFO  HaplotypeCaller - HTSJDK Defaults.COMPRESSION_LEVEL : 2
00:20:44.923 INFO  HaplotypeCaller - HTSJDK Defaults.USE_ASYNC_IO_READ_FOR_SAMTOOLS : false
00:20:44.923 INFO  HaplotypeCaller - HTSJDK Defaults.USE_ASYNC_IO_WRITE_FOR_SAMTOOLS : true
00:20:44.923 INFO  HaplotypeCaller - HTSJDK Defaults.USE_ASYNC_IO_WRITE_FOR_TRIBBLE : false
00:20:44.924 INFO  HaplotypeCaller - Deflater: JdkDeflater
00:20:44.924 INFO  HaplotypeCaller - Inflater: JdkInflater
00:20:44.924 INFO  HaplotypeCaller - GCS max retries/reopens: 20
00:20:44.924 INFO  HaplotypeCaller - Requester pays: disabled
00:20:44.924 INFO  HaplotypeCaller - Initializing engine
WARNING	2021-03-13 00:20:45	SamFiles	The index file /gpfs/gsfs7/users/tandonm/pl_test_data/human/bams/Sample10_ARK1_S37.test.recal.bai was found by resolving the canonical path of a symlink: /spin1/scratch/tandonm/pipeline_out/tn_test_1/bams/Sample10_ARK1_S37.test.recal.bam -> /gpfs/gsfs7/users/tandonm/pl_test_data/human/bams/Sample10_ARK1_S37.test.recal.bam
WARNING: BAM index file /gpfs/gsfs7/users/tandonm/pl_test_data/human/bams/Sample10_ARK1_S37.test.recal.bai is older than BAM /spin1/scratch/tandonm/pipeline_out/tn_test_1/bams/Sample10_ARK1_S37.test.recal.bam
00:20:45.506 INFO  FeatureManager - Using codec VCFCodec to read file file:///fdb/GATK_resource_bundle/hg38bundle/dbsnp_138.hg38.vcf.gz
00:20:45.725 INFO  IntervalArgumentCollection - Processing 145138636 bp from intervals
00:20:45.780 INFO  HaplotypeCaller - Done initializing engine
00:20:45.782 INFO  HaplotypeCallerEngine - Tool is in reference confidence mode and the annotation, the following changes will be made to any specified annotations: 'StrandBiasBySample' will be enabled. 'ChromosomeCounts', 'FisherStrand', 'StrandOddsRatio' and 'QualByDepth' annotations have been disabled
00:20:45.865 INFO  HaplotypeCallerEngine - Standard Emitting and Calling confidence set to 0.0 for reference-model confidence output
00:20:45.865 INFO  HaplotypeCallerEngine - All sites annotated with PLs forced to true for reference-model confidence output
00:20:45.879 INFO  NativeLibraryLoader - Loading libgkl_utils.so from jar:file:/usr/local/apps/GATK/4.1.4.1/gatk-package-4.1.4.1-local.jar!/com/intel/gkl/native/libgkl_utils.so
00:20:45.882 INFO  NativeLibraryLoader - Loading libgkl_pairhmm_omp.so from jar:file:/usr/local/apps/GATK/4.1.4.1/gatk-package-4.1.4.1-local.jar!/com/intel/gkl/native/libgkl_pairhmm_omp.so
00:20:45.940 INFO  IntelPairHmm - Using CPU-supported AVX-512 instructions
00:20:45.940 INFO  IntelPairHmm - Flush-to-zero (FTZ) is enabled when running PairHMM
00:20:45.941 INFO  IntelPairHmm - Available threads: 1
00:20:45.941 INFO  IntelPairHmm - Requested threads: 4
00:20:45.941 WARN  IntelPairHmm - Using 1 available threads, but 4 were requested
00:20:45.941 INFO  PairHMM - Using the OpenMP multi-threaded AVX-accelerated native PairHMM implementation
00:20:46.044 INFO  ProgressMeter - Starting traversal
00:20:46.044 INFO  ProgressMeter -        Current Locus  Elapsed Minutes     Regions Processed   Regions/Minute
00:20:47.351 WARN  InbreedingCoeff - InbreedingCoeff will not be calculated; at least 10 samples must have called genotypes
00:20:54.519 WARN  DepthPerSampleHC - Annotation will not be calculated, genotype is not called or alleleLikelihoodMap is null
00:20:54.520 WARN  StrandBiasBySample - Annotation will not be calculated, genotype is not called or alleleLikelihoodMap is null
00:20:56.048 INFO  ProgressMeter -         chr8:4260029              0.2                 14510          87025.2
00:21:06.048 INFO  ProgressMeter -        chr8:10011642              0.3                 34510         103509.3
00:21:16.050 INFO  ProgressMeter -        chr8:16073667              0.5                 55610         111197.8
00:21:26.064 INFO  ProgressMeter -        chr8:22127824              0.7                 76870         115250.3
00:21:29.357 WARN  StrandBiasBySample - Annotation will not be calculated, genotype is not called or alleleLikelihoodMap is null
00:21:36.063 INFO  ProgressMeter -        chr8:27542294              0.8                 96110         115288.2
00:21:40.365 WARN  StrandBiasBySample - Annotation will not be calculated, genotype is not called or alleleLikelihoodMap is null
00:21:46.065 INFO  ProgressMeter -        chr8:35366334              1.0                123410         123368.9
00:21:56.073 INFO  ProgressMeter -        chr8:42049514              1.2                146920         125879.3
00:22:06.075 INFO  ProgressMeter -        chr8:48111718              1.3                168480         126312.6
00:22:09.552 WARN  StrandBiasBySample - Annotation will not be calculated, genotype is not called or alleleLikelihoodMap is null
00:22:16.074 INFO  ProgressMeter -        chr8:54968100              1.5                192660         128397.2
00:22:26.076 INFO  ProgressMeter -        chr8:62236420              1.7                218270         130920.1
00:22:36.076 INFO  ProgressMeter -        chr8:69670478              1.8                244460         133303.0
00:22:46.096 INFO  ProgressMeter -        chr8:76835237              2.0                269750         134816.6
00:22:50.918 WARN  StrandBiasBySample - Annotation will not be calculated, genotype is not called or alleleLikelihoodMap is null
00:22:56.117 INFO  ProgressMeter -        chr8:85202248              2.2                298860         137858.0
00:23:06.117 INFO  ProgressMeter -        chr8:92850168              2.3                325570         139457.3
00:23:16.118 INFO  ProgressMeter -        chr8:98811918              2.5                346980         138723.6
00:23:26.119 INFO  ProgressMeter -       chr8:103276400              2.7                363190         136132.4
00:23:36.119 INFO  ProgressMeter -       chr8:110929082              2.8                389900         137551.1
00:23:46.148 INFO  ProgressMeter -       chr8:119618059              3.0                420070         139942.5
00:23:56.174 INFO  ProgressMeter -       chr8:125022161              3.2                439590         138723.0
00:24:06.176 INFO  ProgressMeter -       chr8:132285128              3.3                465270         139488.9
00:24:14.443 WARN  StrandBiasBySample - Annotation will not be calculated, genotype is not called or alleleLikelihoodMap is null
00:24:16.177 INFO  ProgressMeter -       chr8:138970687              3.5                488790         139565.9
00:24:22.121 WARN  StrandBiasBySample - Annotation will not be calculated, genotype is not called or alleleLikelihoodMap is null
00:24:26.179 INFO  ProgressMeter -       chr8:142997784              3.7                503360         137195.8
00:24:29.986 WARN  StrandBiasBySample - Annotation will not be calculated, genotype is not called or alleleLikelihoodMap is null
00:24:29.987 WARN  StrandBiasBySample - Annotation will not be calculated, genotype is not called or alleleLikelihoodMap is null
00:24:31.856 WARN  StrandBiasBySample - Annotation will not be calculated, genotype is not called or alleleLikelihoodMap is null
00:24:35.513 INFO  HaplotypeCaller - 65123 read(s) filtered by: ((((((((MappingQualityReadFilter AND MappingQualityAvailableReadFilter) AND MappedReadFilter) AND NotSecondaryAlignmentReadFilter) AND NotDuplicateReadFilter) AND PassesVendorQualityCheckReadFilter) AND NonZeroReferenceLengthAlignmentReadFilter) AND GoodCigarReadFilter) AND WellformedReadFilter)
  65123 read(s) filtered by: (((((((MappingQualityReadFilter AND MappingQualityAvailableReadFilter) AND MappedReadFilter) AND NotSecondaryAlignmentReadFilter) AND NotDuplicateReadFilter) AND PassesVendorQualityCheckReadFilter) AND NonZeroReferenceLengthAlignmentReadFilter) AND GoodCigarReadFilter)
      65123 read(s) filtered by: ((((((MappingQualityReadFilter AND MappingQualityAvailableReadFilter) AND MappedReadFilter) AND NotSecondaryAlignmentReadFilter) AND NotDuplicateReadFilter) AND PassesVendorQualityCheckReadFilter) AND NonZeroReferenceLengthAlignmentReadFilter)
          65123 read(s) filtered by: (((((MappingQualityReadFilter AND MappingQualityAvailableReadFilter) AND MappedReadFilter) AND NotSecondaryAlignmentReadFilter) AND NotDuplicateReadFilter) AND PassesVendorQualityCheckReadFilter)
              65123 read(s) filtered by: ((((MappingQualityReadFilter AND MappingQualityAvailableReadFilter) AND MappedReadFilter) AND NotSecondaryAlignmentReadFilter) AND NotDuplicateReadFilter)
                  34293 read(s) filtered by: (((MappingQualityReadFilter AND MappingQualityAvailableReadFilter) AND MappedReadFilter) AND NotSecondaryAlignmentReadFilter)
                      33879 read(s) filtered by: ((MappingQualityReadFilter AND MappingQualityAvailableReadFilter) AND MappedReadFilter)
                          33879 read(s) filtered by: (MappingQualityReadFilter AND MappingQualityAvailableReadFilter)
                              33879 read(s) filtered by: MappingQualityReadFilter 
                      414 read(s) filtered by: NotSecondaryAlignmentReadFilter 
                  30830 read(s) filtered by: NotDuplicateReadFilter 

00:24:35.513 INFO  ProgressMeter -       chr8:145136779              3.8                511456         133732.1
00:24:35.513 INFO  ProgressMeter - Traversal complete. Processed 511456 total regions in 3.8 minutes.
00:24:35.543 INFO  VectorLoglessPairHMM - Time spent in setup for JNI call : 0.0522431
00:24:35.543 INFO  PairHMM - Total compute time in PairHMM computeLogLikelihoods() : 6.024258227000001
00:24:35.543 INFO  SmithWatermanAligner - Total compute time in java Smith-Waterman : 6.30 sec
00:24:35.544 INFO  HaplotypeCaller - Shutting down engine
[March 13, 2021 12:24:35 AM EST] org.broadinstitute.hellbender.tools.walkers.haplotypecaller.HaplotypeCaller done. Elapsed time: 3.85 minutes.
Runtime.totalMemory()=2193620992
Using GATK jar /usr/local/apps/GATK/4.1.4.1/gatk-package-4.1.4.1-local.jar
Running:
    java -Dsamjdk.use_async_io_read_samtools=false -Dsamjdk.use_async_io_write_samtools=true -Dsamjdk.use_async_io_write_tribble=false -Dsamjdk.compression_level=2 -Xmx24g -jar /usr/local/apps/GATK/4.1.4.1/gatk-package-4.1.4.1-local.jar HaplotypeCaller --reference /data/tandonm/pl_test_data/human/genome/hg38/Homo_sapiens_assembly38.fasta --input /spin1/scratch/tandonm/pipeline_out/tn_test_1/bams/Sample10_ARK1_S37.test.recal.bam --use-jdk-inflater --use-jdk-deflater --emit-ref-confidence GVCF --annotation-group StandardAnnotation --annotation-group AS_StandardAnnotation --dbsnp /fdb/GATK_resource_bundle/hg38bundle/dbsnp_138.hg38.vcf.gz --output /spin1/scratch/tandonm/pipeline_out/tn_test_1/germline/gVCFs/Sample10_ARK1_S37.test.chr8.g.vcf.gz --intervals chr8 --max-alternate-alleles 3
[Sat Mar 13 00:24:36 2021]
Finished job 0.
1 of 1 steps (100%) done
{'Sample10_ARK1_S37.test': '--variant:varscan /spin1/scratch/tandonm/pipeline_out/tn_test_1/somatic/SNP_Indels/varscan_out/vcf/Sample10_ARK1_S37.test.FINAL.vcf --variant:strelka /spin1/scratch/tandonm/pipeline_out/tn_test_1/somatic/SNP_Indels/strelka_out/vcf/Sample10_ARK1_S37.test.FINAL.vcf --variant:mutect2 /spin1/scratch/tandonm/pipeline_out/tn_test_1/somatic/SNP_Indels/mutect2_out/vcf/Sample10_ARK1_S37.test.FINAL.vcf --variant:mutect /spin1/scratch/tandonm/pipeline_out/tn_test_1/somatic/SNP_Indels/mutect_out/vcf/Sample10_ARK1_S37.test.FINAL.vcf --variant:vardict /spin1/scratch/tandonm/pipeline_out/tn_test_1/somatic/SNP_Indels/vardict_out/vcf/Sample10_ARK1_S37.test.FINAL.vcf', 'Sample11_ACI_158_S38.test': '--variant:varscan /spin1/scratch/tandonm/pipeline_out/tn_test_1/somatic/SNP_Indels/varscan_out/vcf/Sample11_ACI_158_S38.test.FINAL.vcf --variant:strelka /spin1/scratch/tandonm/pipeline_out/tn_test_1/somatic/SNP_Indels/strelka_out/vcf/Sample11_ACI_158_S38.test.FINAL.vcf --variant:mutect2 /spin1/scratch/tandonm/pipeline_out/tn_test_1/somatic/SNP_Indels/mutect2_out/vcf/Sample11_ACI_158_S38.test.FINAL.vcf --variant:mutect /spin1/scratch/tandonm/pipeline_out/tn_test_1/somatic/SNP_Indels/mutect_out/vcf/Sample11_ACI_158_S38.test.FINAL.vcf --variant:vardict /spin1/scratch/tandonm/pipeline_out/tn_test_1/somatic/SNP_Indels/vardict_out/vcf/Sample11_ACI_158_S38.test.FINAL.vcf'}
