Building DAG of jobs...
Using shell: /usr/bin/bash
Provided cores: 4
Rules claiming more threads will be scaled down.
Job counts:
	count	jobs
	1	mutect
	1

[Sat Mar 13 00:23:58 2021]
rule mutect:
    input: /spin1/scratch/tandonm/pipeline_out/tn_test_1/bams/chrom_split/Sample4_CRL1622_S31.test.chr9.split.bam, /spin1/scratch/tandonm/pipeline_out/tn_test_1/bams/chrom_split/Sample10_ARK1_S37.test.chr9.split.bam
    output: /spin1/scratch/tandonm/pipeline_out/tn_test_1/somatic/SNP_Indels/mutect_out/chrom_split/Sample10_ARK1_S37.test.chr9.vcf, /spin1/scratch/tandonm/pipeline_out/tn_test_1/somatic/SNP_Indels/mutect_out/chrom_split/Sample10_ARK1_S37.test.chr9.stats.out
    jobid: 0
    wildcards: samples=Sample10_ARK1_S37.test, chroms=chr9


  +--------------------------------------------------------------------------+
           muTect functionality has been merged with GATK since 2015.
                   Please consider using GATK instead.

                     For more information please see:

             https://software.broadinstitute.org/gatk/blog?id=6495
  +--------------------------------------------------------------------------+

[+] Loading java 1.7.0_80  ... 
[+] Loading mutect / 1.1.7  ... 
mem = 2g
tmpdir = /lscratch/10304275/muTect
INFO  00:24:05,853 HelpFormatter - -------------------------------------------------------------------------------- 
INFO  00:24:05,855 HelpFormatter - The Genome Analysis Toolkit (GATK) v3.1-0-g72492bb, Compiled 2014/12/15 20:09:26 
INFO  00:24:05,855 HelpFormatter - Copyright (c) 2010 The Broad Institute 
INFO  00:24:05,855 HelpFormatter - For support and documentation go to http://www.broadinstitute.org/gatk 
INFO  00:24:05,859 HelpFormatter - Program Args: --analysis_type MuTect --reference_sequence /data/tandonm/pl_test_data/human/genome/hg38/Homo_sapiens_assembly38.fasta --normal_panel /data/CCBR_Pipeliner/db/PipeDB/lib/hg38.noCOSMIC_ClinVar.pon.vcf.gz --vcf /spin1/scratch/tandonm/pipeline_out/tn_test_1/somatic/SNP_Indels/mutect_out/chrom_split/Sample10_ARK1_S37.test.chr9.vcf --cosmic /data/CCBR_Pipeliner/db/PipeDB/lib/COSMIC_82_hg38.vcf.gz --dbsnp /fdb/GATK_resource_bundle/hg38bundle/dbsnp_138.hg38.vcf.gz --disable_auto_index_creation_and_locking_when_reading_rods --input_file:normal /spin1/scratch/tandonm/pipeline_out/tn_test_1/bams/chrom_split/Sample4_CRL1622_S31.test.chr9.split.bam --input_file:tumor /spin1/scratch/tandonm/pipeline_out/tn_test_1/bams/chrom_split/Sample10_ARK1_S37.test.chr9.split.bam --out /spin1/scratch/tandonm/pipeline_out/tn_test_1/somatic/SNP_Indels/mutect_out/chrom_split/Sample10_ARK1_S37.test.chr9.stats.out -rf BadCigar 
INFO  00:24:05,863 HelpFormatter - Executing as tandonm@cn2321 on Linux 3.10.0-862.14.4.el7.x86_64 amd64; Java HotSpot(TM) 64-Bit Server VM 1.7.0_80-b15. 
INFO  00:24:05,863 HelpFormatter - Date/Time: 2021/03/13 00:24:05 
INFO  00:24:05,863 HelpFormatter - -------------------------------------------------------------------------------- 
INFO  00:24:05,864 HelpFormatter - -------------------------------------------------------------------------------- 
INFO  00:24:06,350 GenomeAnalysisEngine - Strictness is SILENT 
INFO  00:24:06,716 GenomeAnalysisEngine - Downsampling Settings: Method: BY_SAMPLE, Target Coverage: 1000 
INFO  00:24:06,724 SAMDataSource$SAMReaders - Initializing SAMRecords in serial 
INFO  00:24:06,822 SAMDataSource$SAMReaders - Done initializing BAM readers: total time 0.10 
WARN  00:24:07,680 IndexDictionaryUtils - Track dbsnp doesn't have a sequence dictionary built in, skipping dictionary validation 
WARN  00:24:07,680 IndexDictionaryUtils - Track cosmic doesn't have a sequence dictionary built in, skipping dictionary validation 
WARN  00:24:07,681 IndexDictionaryUtils - Track normal_panel doesn't have a sequence dictionary built in, skipping dictionary validation 
INFO  00:24:07,769 GenomeAnalysisEngine - Preparing for traversal over 2 BAM files 
INFO  00:24:07,878 GenomeAnalysisEngine - Done preparing for traversal 
INFO  00:24:07,878 ProgressMeter - [INITIALIZATION COMPLETE; STARTING PROCESSING] 
INFO  00:24:07,878 ProgressMeter -        Location processed.sites  runtime per.1M.sites completed total.runtime remaining 
INFO  00:24:07,879 MuTect - VERSION INFO: MuTect:1.1.6-4-g69b7a37 Gatk:3.1-0-g72492bb 
INFO  00:24:37,899 ProgressMeter -   chr1:40452301        0.00e+00   30.0 s       49.6 w      1.3%        39.8 m    39.3 m 
INFO  00:25:07,901 ProgressMeter -   chr1:88517501        0.00e+00   60.0 s       99.2 w      2.8%        36.3 m    35.3 m 
INFO  00:25:37,903 ProgressMeter -  chr1:143464501        0.00e+00   90.0 s      148.8 w      4.5%        33.6 m    32.1 m 
INFO  00:26:07,972 ProgressMeter -  chr1:191649301        0.00e+00  120.0 s      198.6 w      6.0%        33.6 m    31.6 m 
INFO  00:26:37,973 ProgressMeter -  chr1:238049501        0.00e+00    2.5 m      248.2 w      7.4%        33.8 m    31.3 m 
INFO  00:27:07,976 ProgressMeter -   chr2:34072501        2.49e+08    3.0 m        0.0 s      8.8%        34.1 m    31.1 m 
INFO  00:27:38,031 ProgressMeter -   chr2:80558801        2.49e+08    3.5 m        0.0 s     10.2%        34.2 m    30.7 m 
INFO  00:28:08,044 ProgressMeter -  chr2:129145201        2.49e+08    4.0 m        0.0 s     11.8%        34.0 m    30.0 m 
INFO  00:28:38,045 ProgressMeter -  chr2:176747201        2.49e+08    4.5 m        1.0 s     13.2%        34.0 m    29.5 m 
INFO  00:29:08,047 ProgressMeter -  chr2:224212501        2.49e+08    5.0 m        1.0 s     14.7%        34.0 m    29.0 m 
INFO  00:29:38,050 ProgressMeter -   chr3:24997601        4.91e+08    5.5 m        0.0 s     16.0%        34.3 m    28.8 m 
INFO  00:30:08,052 ProgressMeter -   chr3:70881101        4.91e+08    6.0 m        0.0 s     17.5%        34.3 m    28.3 m 
INFO  00:30:38,053 ProgressMeter -  chr3:118013201        4.91e+08    6.5 m        0.0 s     18.9%        34.3 m    27.8 m 
INFO  00:31:08,055 ProgressMeter -  chr3:163871601        4.91e+08    7.0 m        0.0 s     20.4%        34.4 m    27.4 m 
INFO  00:31:38,056 ProgressMeter -    chr4:7616901        6.89e+08    7.5 m        0.0 s     21.7%        34.6 m    27.1 m 
INFO  00:32:08,058 ProgressMeter -   chr4:51805201        6.89e+08    8.0 m        0.0 s     23.0%        34.7 m    26.7 m 
INFO  00:32:38,059 ProgressMeter -   chr4:96392901        6.89e+08    8.5 m        0.0 s     24.4%        34.8 m    26.3 m 
INFO  00:33:08,105 ProgressMeter -  chr4:141774101        6.89e+08    9.0 m        0.0 s     25.8%        34.8 m    25.8 m 
INFO  00:33:38,133 ProgressMeter -  chr4:185995001        6.89e+08    9.5 m        0.0 s     27.2%        34.9 m    25.4 m 
INFO  00:34:08,163 ProgressMeter -   chr5:36678901        8.80e+08   10.0 m        0.0 s     28.5%        35.1 m    25.1 m 
INFO  00:34:38,164 ProgressMeter -   chr5:82916301        8.80e+08   10.5 m        0.0 s     29.9%        35.1 m    24.6 m 
INFO  00:35:08,206 ProgressMeter -  chr5:127812601        8.80e+08   11.0 m        0.0 s     31.3%        35.1 m    24.1 m 
INFO  00:35:38,208 ProgressMeter -  chr5:172636701        8.80e+08   11.5 m        0.0 s     32.7%        35.2 m    23.7 m 
INFO  00:36:08,209 ProgressMeter -   chr6:30815401        1.06e+09   12.0 m        0.0 s     33.9%        35.4 m    23.4 m 
INFO  00:36:38,210 ProgressMeter -   chr6:73344801        1.06e+09   12.5 m        0.0 s     35.3%        35.4 m    22.9 m 
INFO  00:37:08,276 ProgressMeter -  chr6:118512101        1.06e+09   13.0 m        0.0 s     36.7%        35.5 m    22.5 m 
INFO  00:37:38,339 ProgressMeter -  chr6:163036501        1.06e+09   13.5 m        0.0 s     38.1%        35.5 m    22.0 m 
INFO  00:38:08,340 ProgressMeter -   chr7:34302001        1.23e+09   14.0 m        0.0 s     39.4%        35.6 m    21.6 m 
INFO  00:38:38,382 ProgressMeter -   chr7:81450401        1.23e+09   14.5 m        0.0 s     40.8%        35.5 m    21.0 m 
INFO  00:39:08,493 ProgressMeter -  chr7:128923901        1.23e+09   15.0 m        0.0 s     42.3%        35.5 m    20.5 m 
INFO  00:39:38,495 ProgressMeter -   chr8:11887401        1.39e+09   15.5 m        0.0 s     43.6%        35.5 m    20.0 m 
INFO  00:40:08,496 ProgressMeter -   chr8:57836201        1.39e+09   16.0 m        0.0 s     45.0%        35.5 m    19.5 m 
INFO  00:40:38,543 ProgressMeter -  chr8:105169001        1.39e+09   16.5 m        0.0 s     46.5%        35.5 m    19.0 m 
INFO  00:41:08,545 ProgressMeter -     chr9:236625        1.54e+09   17.0 m        0.0 s     47.8%        35.6 m    18.6 m 
INFO  00:41:09,157 MuTect - [MUTECT] Processed 1000029 reads in 1021127 ms 
INFO  00:41:11,071 MuTect - [MUTECT] Processed 2000110 reads in 1914 ms 
INFO  00:41:12,205 MuTect - [MUTECT] Inspected 1000 potential candidates 
INFO  00:41:13,580 MuTect - [MUTECT] Processed 3000148 reads in 2509 ms 
INFO  00:41:14,765 MuTect - [MUTECT] Processed 4000184 reads in 1185 ms 
INFO  00:41:16,461 MuTect - [MUTECT] Processed 5000187 reads in 1696 ms 
INFO  00:41:17,944 MuTect - [MUTECT] Inspected 2000 potential candidates 
INFO  00:41:18,491 MuTect - [MUTECT] Processed 6000231 reads in 2030 ms 
INFO  00:41:19,694 MuTect - [MUTECT] Processed 7000231 reads in 1203 ms 
INFO  00:41:20,700 MuTect - [MUTECT] Processed 8000265 reads in 1006 ms 
INFO  00:41:21,692 MuTect - [MUTECT] Processed 9000312 reads in 992 ms 
INFO  00:41:21,778 MuTect - [MUTECT] Inspected 3000 potential candidates 
INFO  00:41:22,473 MuTect - [MUTECT] Processed 10000331 reads in 780 ms 
INFO  00:41:23,401 MuTect - [MUTECT] Processed 11000353 reads in 929 ms 
INFO  00:41:24,383 MuTect - [MUTECT] Processed 12000406 reads in 982 ms 
INFO  00:41:25,356 MuTect - [MUTECT] Inspected 4000 potential candidates 
INFO  00:41:26,173 MuTect - [MUTECT] Processed 13000416 reads in 1790 ms 
INFO  00:41:27,650 MuTect - [MUTECT] Processed 14000417 reads in 1477 ms 
INFO  00:41:32,508 MuTect - [MUTECT] Processed 15000512 reads in 4858 ms 
INFO  00:41:32,958 MuTect - [MUTECT] Inspected 5000 potential candidates 
INFO  00:41:33,221 MuTect - [MUTECT] Processed 16000604 reads in 713 ms 
INFO  00:41:35,303 MuTect - [MUTECT] Processed 17000674 reads in 2082 ms 
INFO  00:41:36,119 MuTect - [MUTECT] Processed 18000805 reads in 816 ms 
INFO  00:41:37,399 MuTect - [MUTECT] Processed 19000876 reads in 1280 ms 
INFO  00:41:37,819 MuTect - [MUTECT] Inspected 6000 potential candidates 
INFO  00:41:38,546 ProgressMeter -   chr9:15963217        1.55e+09   17.5 m        0.0 s     48.3%        36.3 m    18.8 m 
INFO  00:41:38,824 MuTect - [MUTECT] Processed 20000882 reads in 1425 ms 
INFO  00:41:40,519 MuTect - [MUTECT] Processed 21000937 reads in 1695 ms 
INFO  00:41:42,540 MuTect - [MUTECT] Processed 22000993 reads in 2021 ms 
INFO  00:41:43,397 MuTect - [MUTECT] Inspected 7000 potential candidates 
INFO  00:41:43,525 MuTect - [MUTECT] Processed 23001026 reads in 985 ms 
INFO  00:41:44,459 MuTect - [MUTECT] Processed 24001149 reads in 934 ms 
INFO  00:41:45,209 MuTect - [MUTECT] Processed 25001154 reads in 750 ms 
INFO  00:41:47,073 MuTect - [MUTECT] Processed 26001231 reads in 1864 ms 
INFO  00:41:47,564 MuTect - [MUTECT] Inspected 8000 potential candidates 
INFO  00:41:47,916 MuTect - [MUTECT] Processed 27001290 reads in 843 ms 
INFO  00:41:48,811 MuTect - [MUTECT] Processed 28001380 reads in 895 ms 
INFO  00:41:49,692 MuTect - [MUTECT] Processed 29001549 reads in 881 ms 
INFO  00:41:50,348 MuTect - [MUTECT] Processed 30001558 reads in 656 ms 
INFO  00:41:51,575 MuTect - [MUTECT] Processed 31001675 reads in 1227 ms 
INFO  00:41:52,094 MuTect - [MUTECT] Inspected 9000 potential candidates 
INFO  00:41:55,862 MuTect - [MUTECT] Processed 32001695 reads in 4287 ms 
INFO  00:41:57,453 MuTect - [MUTECT] Processed 33001701 reads in 1591 ms 
INFO  00:41:58,453 MuTect - [MUTECT] Processed 34001712 reads in 1000 ms 
INFO  00:41:59,525 MuTect - [MUTECT] Inspected 10000 potential candidates 
INFO  00:41:59,780 MuTect - [MUTECT] Processed 35001781 reads in 1327 ms 
INFO  00:42:04,610 MuTect - [MUTECT] Processed 36001883 reads in 4830 ms 
INFO  00:42:05,321 MuTect - [MUTECT] Processed 37001932 reads in 711 ms 
INFO  00:42:06,055 MuTect - [MUTECT] Processed 38001984 reads in 734 ms 
INFO  00:42:06,584 MuTect - [MUTECT] Inspected 11000 potential candidates 
INFO  00:42:07,066 MuTect - [MUTECT] Processed 39002021 reads in 1011 ms 
INFO  00:42:07,933 MuTect - [MUTECT] Processed 40002025 reads in 867 ms 
INFO  00:42:08,547 ProgressMeter -   chr9:33367525        1.57e+09   18.0 m        0.0 s     48.8%        36.9 m    18.9 m 
INFO  00:42:08,705 MuTect - [MUTECT] Processed 41002054 reads in 772 ms 
INFO  00:42:09,547 MuTect - [MUTECT] Processed 42002060 reads in 842 ms 
INFO  00:42:10,024 MuTect - [MUTECT] Inspected 12000 potential candidates 
INFO  00:42:10,375 MuTect - [MUTECT] Processed 43002134 reads in 828 ms 
INFO  00:42:11,238 MuTect - [MUTECT] Processed 44002135 reads in 863 ms 
INFO  00:42:12,384 MuTect - [MUTECT] Processed 45002192 reads in 1146 ms 
INFO  00:42:13,075 MuTect - [MUTECT] Processed 46002440 reads in 691 ms 
INFO  00:42:13,654 MuTect - [MUTECT] Inspected 13000 potential candidates 
INFO  00:42:13,899 MuTect - [MUTECT] Processed 47002492 reads in 824 ms 
INFO  00:42:14,561 MuTect - [MUTECT] Processed 48002608 reads in 662 ms 
INFO  00:42:15,372 MuTect - [MUTECT] Processed 49002646 reads in 811 ms 
INFO  00:42:16,199 MuTect - [MUTECT] Processed 50002680 reads in 827 ms 
INFO  00:42:16,791 MuTect - [MUTECT] Processed 51002682 reads in 592 ms 
INFO  00:42:16,909 MuTect - [MUTECT] Inspected 14000 potential candidates 
INFO  00:42:17,719 MuTect - [MUTECT] Processed 52002820 reads in 928 ms 
INFO  00:42:18,470 MuTect - [MUTECT] Processed 53002840 reads in 751 ms 
INFO  00:42:19,152 MuTect - [MUTECT] Processed 54002859 reads in 682 ms 
INFO  00:42:19,807 MuTect - [MUTECT] Processed 55002869 reads in 655 ms 
INFO  00:42:19,895 MuTect - [MUTECT] Inspected 15000 potential candidates 
INFO  00:42:20,432 MuTect - [MUTECT] Processed 56002951 reads in 625 ms 
INFO  00:42:21,044 MuTect - [MUTECT] Processed 57002972 reads in 612 ms 
INFO  00:42:21,732 MuTect - [MUTECT] Processed 58003019 reads in 688 ms 
INFO  00:42:22,619 MuTect - [MUTECT] Processed 59003209 reads in 887 ms 
INFO  00:42:22,930 MuTect - [MUTECT] Inspected 16000 potential candidates 
INFO  00:42:23,434 MuTect - [MUTECT] Processed 60003313 reads in 815 ms 
INFO  00:42:24,645 MuTect - [MUTECT] Processed 61003326 reads in 1211 ms 
INFO  00:42:26,890 MuTect - [MUTECT] Processed 62003345 reads in 2245 ms 
INFO  00:42:27,575 MuTect - [MUTECT] Processed 63003524 reads in 685 ms 
INFO  00:42:27,654 MuTect - [MUTECT] Inspected 17000 potential candidates 
INFO  00:42:28,407 MuTect - [MUTECT] Processed 64003525 reads in 832 ms 
INFO  00:42:29,664 MuTect - [MUTECT] Processed 65003546 reads in 1257 ms 
INFO  00:42:30,855 MuTect - [MUTECT] Processed 66003546 reads in 1191 ms 
INFO  00:42:31,985 MuTect - [MUTECT] Processed 67003619 reads in 1130 ms 
INFO  00:42:32,567 MuTect - [MUTECT] Inspected 18000 potential candidates 
INFO  00:42:33,387 MuTect - [MUTECT] Processed 68003764 reads in 1402 ms 
INFO  00:42:34,861 MuTect - [MUTECT] Processed 69003884 reads in 1474 ms 
INFO  00:42:36,323 MuTect - [MUTECT] Processed 70003897 reads in 1462 ms 
INFO  00:42:37,584 MuTect - [MUTECT] Processed 71003897 reads in 1261 ms 
INFO  00:42:38,558 ProgressMeter -   chr9:44378773        1.58e+09   18.5 m        0.0 s     49.1%        37.7 m    19.2 m 
INFO  00:42:46,015 MuTect - [MUTECT] Processed 72003899 reads in 8431 ms 
INFO  00:42:47,855 MuTect - [MUTECT] Processed 73003917 reads in 1840 ms 
INFO  00:42:48,535 MuTect - [MUTECT] Inspected 19000 potential candidates 
INFO  00:42:49,784 MuTect - [MUTECT] Processed 74004017 reads in 1929 ms 
INFO  00:42:51,503 MuTect - [MUTECT] Processed 75004112 reads in 1719 ms 
INFO  00:42:52,907 MuTect - [MUTECT] Processed 76004112 reads in 1404 ms 
INFO  00:42:54,131 MuTect - [MUTECT] Processed 77004113 reads in 1224 ms 
INFO  00:42:55,577 MuTect - [MUTECT] Processed 78004126 reads in 1446 ms 
INFO  00:42:56,204 MuTect - [MUTECT] Inspected 20000 potential candidates 
INFO  00:42:56,859 MuTect - [MUTECT] Processed 79004141 reads in 1282 ms 
INFO  00:42:58,335 MuTect - [MUTECT] Processed 80004169 reads in 1476 ms 
INFO  00:43:00,243 MuTect - [MUTECT] Inspected 21000 potential candidates 
INFO  00:43:00,338 MuTect - [MUTECT] Processed 81004199 reads in 2003 ms 
INFO  00:43:01,996 MuTect - [MUTECT] Processed 82004215 reads in 1658 ms 
INFO  00:43:04,337 MuTect - [MUTECT] Processed 83004217 reads in 2341 ms 
INFO  00:43:04,862 MuTect - [MUTECT] Inspected 22000 potential candidates 
INFO  00:43:05,696 MuTect - [MUTECT] Processed 84004220 reads in 1359 ms 
INFO  00:43:07,829 MuTect - [MUTECT] Processed 85004248 reads in 2133 ms 
INFO  00:43:09,025 MuTect - [MUTECT] Inspected 23000 potential candidates 
INFO  00:43:09,076 MuTect - [MUTECT] Processed 86004323 reads in 1247 ms 
INFO  00:43:10,310 MuTect - [MUTECT] Processed 87004344 reads in 1233 ms 
INFO  00:43:11,419 MuTect - [MUTECT] Processed 88004344 reads in 1110 ms 
INFO  00:43:12,188 MuTect - [MUTECT] Inspected 24000 potential candidates 
INFO  00:43:13,968 MuTect - [MUTECT] Processed 89004346 reads in 2548 ms 
INFO  00:43:16,691 MuTect - [MUTECT] Processed 90004387 reads in 2724 ms 
INFO  00:43:17,433 MuTect - [MUTECT] Processed 91004426 reads in 742 ms 
INFO  00:43:17,524 MuTect - [MUTECT] Inspected 25000 potential candidates 
INFO  00:43:18,559 ProgressMeter -   chr9:83015677        1.62e+09   19.2 m        0.0 s     50.3%        38.1 m    18.9 m 
INFO  00:43:19,450 MuTect - [MUTECT] Processed 92004492 reads in 2017 ms 
INFO  00:43:20,417 MuTect - [MUTECT] Processed 93004499 reads in 967 ms 
INFO  00:43:21,460 MuTect - [MUTECT] Inspected 26000 potential candidates 
INFO  00:43:22,690 MuTect - [MUTECT] Processed 94004533 reads in 2273 ms 
INFO  00:43:23,996 MuTect - [MUTECT] Processed 95004544 reads in 1306 ms 
INFO  00:43:25,153 MuTect - [MUTECT] Inspected 27000 potential candidates 
INFO  00:43:25,991 MuTect - [MUTECT] Processed 96004569 reads in 1995 ms 
INFO  00:43:26,971 MuTect - [MUTECT] Processed 97004591 reads in 980 ms 
INFO  00:43:27,896 MuTect - [MUTECT] Processed 98004603 reads in 925 ms 
INFO  00:43:28,658 MuTect - [MUTECT] Inspected 28000 potential candidates 
INFO  00:43:29,736 MuTect - [MUTECT] Processed 99004650 reads in 1840 ms 
INFO  00:43:32,337 MuTect - [MUTECT] Processed 100004663 reads in 2601 ms 
INFO  00:43:33,214 MuTect - [MUTECT] Inspected 29000 potential candidates 
INFO  00:43:33,886 MuTect - [MUTECT] Processed 101004684 reads in 1549 ms 
INFO  00:43:34,711 MuTect - [MUTECT] Processed 102004709 reads in 825 ms 
INFO  00:43:35,779 MuTect - [MUTECT] Processed 103004782 reads in 1068 ms 
INFO  00:43:35,917 MuTect - [MUTECT] Inspected 30000 potential candidates 
INFO  00:43:36,820 MuTect - [MUTECT] Processed 104004809 reads in 1041 ms 
INFO  00:43:37,786 MuTect - [MUTECT] Processed 105004809 reads in 966 ms 
INFO  00:43:38,460 MuTect - [MUTECT] Inspected 31000 potential candidates 
INFO  00:43:39,166 MuTect - [MUTECT] Processed 106004820 reads in 1380 ms 
INFO  00:43:40,599 MuTect - [MUTECT] Processed 107004854 reads in 1433 ms 
INFO  00:43:42,093 MuTect - [MUTECT] Processed 108004884 reads in 1494 ms 
INFO  00:43:42,175 MuTect - [MUTECT] Inspected 32000 potential candidates 
INFO  00:43:43,345 MuTect - [MUTECT] Processed 109004942 reads in 1252 ms 
INFO  00:43:44,456 MuTect - [MUTECT] Processed 110005019 reads in 1111 ms 
INFO  00:43:45,250 MuTect - [MUTECT] Inspected 33000 potential candidates 
INFO  00:43:45,519 MuTect - [MUTECT] Processed 111005039 reads in 1063 ms 
INFO  00:43:46,596 MuTect - [MUTECT] Processed 112005039 reads in 1077 ms 
INFO  00:43:47,651 MuTect - [MUTECT] Processed 113005040 reads in 1055 ms 
INFO  00:43:47,723 MuTect - [MUTECT] Inspected 34000 potential candidates 
INFO  00:43:48,560 ProgressMeter -   chr9:98732685        1.64e+09   19.7 m        0.0 s     50.8%        38.7 m    19.0 m 
INFO  00:43:49,151 MuTect - [MUTECT] Processed 114005040 reads in 1500 ms 
INFO  00:43:49,974 MuTect - [MUTECT] Processed 115005106 reads in 823 ms 
INFO  00:43:51,027 MuTect - [MUTECT] Inspected 35000 potential candidates 
INFO  00:43:51,520 MuTect - [MUTECT] Processed 116005140 reads in 1545 ms 
INFO  00:43:53,025 MuTect - [MUTECT] Processed 117005211 reads in 1506 ms 
INFO  00:43:54,930 MuTect - [MUTECT] Processed 118005231 reads in 1904 ms 
INFO  00:43:56,010 MuTect - [MUTECT] Inspected 36000 potential candidates 
INFO  00:43:56,875 MuTect - [MUTECT] Processed 119005241 reads in 1946 ms 
INFO  00:43:57,720 MuTect - [MUTECT] Processed 120005245 reads in 845 ms 
INFO  00:43:58,946 MuTect - [MUTECT] Inspected 37000 potential candidates 
INFO  00:43:59,085 MuTect - [MUTECT] Processed 121005260 reads in 1365 ms 
INFO  00:44:00,851 MuTect - [MUTECT] Processed 122005269 reads in 1766 ms 
INFO  00:44:03,287 MuTect - [MUTECT] Processed 123005303 reads in 2436 ms 
INFO  00:44:03,374 MuTect - [MUTECT] Inspected 38000 potential candidates 
INFO  00:44:04,137 MuTect - [MUTECT] Processed 124005360 reads in 850 ms 
INFO  00:44:05,599 MuTect - [MUTECT] Processed 125005360 reads in 1462 ms 
INFO  00:44:06,414 MuTect - [MUTECT] Inspected 39000 potential candidates 
INFO  00:44:06,602 MuTect - [MUTECT] Processed 126005377 reads in 1003 ms 
INFO  00:44:08,099 MuTect - [MUTECT] Processed 127005442 reads in 1497 ms 
INFO  00:44:08,928 MuTect - [MUTECT] Processed 128005465 reads in 829 ms 
INFO  00:44:09,213 MuTect - [MUTECT] Inspected 40000 potential candidates 
INFO  00:44:10,048 MuTect - [MUTECT] Processed 129005474 reads in 1120 ms 
INFO  00:44:11,507 MuTect - [MUTECT] Processed 130005551 reads in 1459 ms 
INFO  00:44:12,416 MuTect - [MUTECT] Inspected 41000 potential candidates 
INFO  00:44:12,641 MuTect - [MUTECT] Processed 131005563 reads in 1134 ms 
INFO  00:44:13,514 MuTect - [MUTECT] Processed 132005610 reads in 873 ms 
INFO  00:44:14,801 MuTect - [MUTECT] Processed 133005802 reads in 1287 ms 
INFO  00:44:15,108 MuTect - [MUTECT] Inspected 42000 potential candidates 
INFO  00:44:15,660 MuTect - [MUTECT] Processed 134005802 reads in 859 ms 
INFO  00:44:16,562 MuTect - [MUTECT] Processed 135005841 reads in 902 ms 
INFO  00:44:17,390 MuTect - [MUTECT] Inspected 43000 potential candidates 
INFO  00:44:17,725 MuTect - [MUTECT] Processed 136005888 reads in 1163 ms 
INFO  00:44:19,693 MuTect - [MUTECT] Processed 137005905 reads in 1968 ms 
INFO  00:44:22,712 MuTect - [MUTECT] Inspected 44000 potential candidates 
INFO  00:44:23,458 MuTect - [MUTECT] Processed 138005908 reads in 3765 ms 
INFO  00:44:24,472 MuTect - [MUTECT] Processed 139005935 reads in 1014 ms 
INFO  00:44:25,286 MuTect - [MUTECT] Processed 140006003 reads in 814 ms 
INFO  00:44:25,729 MuTect - [MUTECT] Inspected 45000 potential candidates 
INFO  00:44:26,201 MuTect - [MUTECT] Processed 141006009 reads in 915 ms 
INFO  00:44:27,664 MuTect - [MUTECT] Processed 142006058 reads in 1463 ms 
INFO  00:44:28,442 MuTect - [MUTECT] Inspected 46000 potential candidates 
INFO  00:44:28,561 ProgressMeter -  chr9:122608073        1.66e+09   20.3 m        0.0 s     51.6%        39.4 m    19.1 m 
INFO  00:44:28,607 MuTect - [MUTECT] Processed 143006084 reads in 943 ms 
INFO  00:44:29,483 MuTect - [MUTECT] Processed 144006137 reads in 876 ms 
INFO  00:44:30,333 MuTect - [MUTECT] Processed 145006188 reads in 850 ms 
INFO  00:44:31,101 MuTect - [MUTECT] Inspected 47000 potential candidates 
INFO  00:44:31,335 MuTect - [MUTECT] Processed 146006189 reads in 1002 ms 
INFO  00:44:32,933 MuTect - [MUTECT] Processed 147006229 reads in 1598 ms 
INFO  00:44:34,004 MuTect - [MUTECT] Processed 148006263 reads in 1071 ms 
INFO  00:44:34,264 MuTect - [MUTECT] Inspected 48000 potential candidates 
INFO  00:44:34,931 MuTect - [MUTECT] Processed 149006299 reads in 927 ms 
INFO  00:44:35,781 MuTect - [MUTECT] Processed 150006335 reads in 850 ms 
INFO  00:44:37,569 MuTect - [MUTECT] Processed 151006407 reads in 1788 ms 
INFO  00:44:38,348 MuTect - [MUTECT] Inspected 49000 potential candidates 
INFO  00:44:38,990 MuTect - [MUTECT] Processed 152006486 reads in 1421 ms 
INFO  00:44:39,880 MuTect - [MUTECT] Processed 153006492 reads in 890 ms 
INFO  00:44:40,842 MuTect - [MUTECT] Processed 154006516 reads in 962 ms 
INFO  00:44:41,087 MuTect - [MUTECT] Inspected 50000 potential candidates 
INFO  00:44:41,525 MuTect - [MUTECT] Processed 155006544 reads in 683 ms 
INFO  00:44:42,352 MuTect - [MUTECT] Processed 156006634 reads in 827 ms 
INFO  00:44:43,292 MuTect - [MUTECT] Processed 157006661 reads in 940 ms 
INFO  00:44:43,370 MuTect - [MUTECT] Inspected 51000 potential candidates 
INFO  00:44:44,110 MuTect - [MUTECT] Processed 158006762 reads in 818 ms 
INFO  00:44:44,916 MuTect - [MUTECT] Processed 159006777 reads in 806 ms 
INFO  00:44:45,739 MuTect - [MUTECT] Processed 160006810 reads in 823 ms 
INFO  00:44:45,762 MuTect - [MUTECT] Inspected 52000 potential candidates 
INFO  00:44:46,458 MuTect - [MUTECT] Processed 161006812 reads in 719 ms 
INFO  00:44:47,156 MuTect - [MUTECT] Processed 162006818 reads in 698 ms 
INFO  00:44:47,921 MuTect - [MUTECT] Inspected 53000 potential candidates 
INFO  00:44:47,965 MuTect - [MUTECT] Processed 163007175 reads in 809 ms 
INFO  00:44:48,639 MuTect - [MUTECT] Processed 164007219 reads in 674 ms 
INFO  00:44:49,367 MuTect - [MUTECT] Processed 165007322 reads in 728 ms 
INFO  00:44:50,580 MuTect - [MUTECT] Inspected 54000 potential candidates 
INFO  00:44:50,866 MuTect - [MUTECT] Processed 166007471 reads in 1499 ms 
INFO  00:44:51,751 MuTect - [MUTECT] Processed 167007476 reads in 885 ms 
INFO  00:44:52,895 MuTect - [MUTECT] Processed 168007523 reads in 1144 ms 
INFO  00:44:53,052 MuTect - [MUTECT] Inspected 55000 potential candidates 
INFO  00:44:53,612 MuTect - [MUTECT] Processed 169007528 reads in 717 ms 
INFO  00:44:54,551 MuTect - [MUTECT] Processed 170007539 reads in 939 ms 
INFO  00:44:55,612 MuTect - [MUTECT] Processed 171007597 reads in 1061 ms 
INFO  00:44:55,616 MuTect - [MUTECT] Inspected 56000 potential candidates 
INFO  00:44:56,394 MuTect - [MUTECT] Processed 172007623 reads in 782 ms 
INFO  00:44:57,394 MuTect - [MUTECT] Processed 173007634 reads in 1000 ms 
INFO  00:44:57,900 MuTect - [MUTECT] Inspected 57000 potential candidates 
INFO  00:44:58,189 MuTect - [MUTECT] Processed 174007681 reads in 795 ms 
INFO  00:44:59,556 MuTect - [MUTECT] Processed 175007682 reads in 1367 ms 
INFO  00:45:00,306 MuTect - [MUTECT] Processed 176007757 reads in 750 ms 
INFO  00:45:00,798 MuTect - [MUTECT] Inspected 58000 potential candidates 
INFO  00:45:01,191 MuTect - [MUTECT] Processed 177007785 reads in 885 ms 
INFO  00:45:02,009 MuTect - [MUTECT] Processed 178007811 reads in 818 ms 
INFO  00:45:02,856 MuTect - [MUTECT] Processed 179007821 reads in 847 ms 
INFO  00:45:03,291 MuTect - [MUTECT] Inspected 59000 potential candidates 
INFO  00:45:03,800 MuTect - [MUTECT] Processed 180007827 reads in 944 ms 
INFO  00:45:04,574 MuTect - [MUTECT] Processed 181007933 reads in 774 ms 
INFO  00:45:05,322 MuTect - [MUTECT] Processed 182007936 reads in 748 ms 
INFO  00:45:05,538 MuTect - [MUTECT] Inspected 60000 potential candidates 
INFO  00:45:06,163 MuTect - [MUTECT] Processed 183007951 reads in 841 ms 
INFO  00:45:07,273 MuTect - [MUTECT] Processed 184007981 reads in 1110 ms 
INFO  00:45:08,435 MuTect - [MUTECT] Inspected 61000 potential candidates 
INFO  00:45:08,562 ProgressMeter -  chr9:134815453        1.67e+09   21.0 m        0.0 s     51.9%        40.4 m    19.4 m 
INFO  00:45:08,600 MuTect - [MUTECT] Processed 185007995 reads in 1327 ms 
INFO  00:45:10,002 MuTect - [MUTECT] Processed 186008089 reads in 1402 ms 
INFO  00:45:10,986 MuTect - [MUTECT] Processed 187008096 reads in 984 ms 
INFO  00:45:11,061 MuTect - [MUTECT] Inspected 62000 potential candidates 
INFO  00:45:11,798 MuTect - [MUTECT] Processed 188008133 reads in 812 ms 
INFO  00:45:12,799 MuTect - [MUTECT] Processed 189008234 reads in 1001 ms 
INFO  00:45:13,350 MuTect - [MUTECT] Inspected 63000 potential candidates 
INFO  00:45:13,514 MuTect - [MUTECT] Processed 190008259 reads in 715 ms 
INFO  00:45:14,238 MuTect - [MUTECT] Processed 191008287 reads in 724 ms 
INFO  00:45:14,863 MuTect - [MUTECT] Processed 192008454 reads in 625 ms 
INFO  00:45:15,159 MuTect - [MUTECT] Inspected 64000 potential candidates 
INFO  00:45:15,778 MuTect - [MUTECT] Processed 193008552 reads in 915 ms 
INFO  00:45:16,569 MuTect - [MUTECT] Processed 194008557 reads in 791 ms 
INFO  00:45:17,263 MuTect - [MUTECT] Processed 195008589 reads in 694 ms 
INFO  00:45:17,388 MuTect - [MUTECT] Inspected 65000 potential candidates 
INFO  00:45:18,009 MuTect - [MUTECT] Processed 196008603 reads in 746 ms 
INFO  00:45:18,646 MuTect - [MUTECT] Processed 197008697 reads in 637 ms 
INFO  00:45:19,001 MuTect - [MUTECT] Inspected 66000 potential candidates 
INFO  00:45:19,338 MuTect - [MUTECT] Processed 198008800 reads in 692 ms 
INFO  00:45:20,107 MuTect - [MUTECT] Processed 199008844 reads in 769 ms 
INFO  00:45:20,561 MuTect - [MUTECT] Inspected 67000 potential candidates 
INFO  00:45:20,752 MuTect - [MUTECT] Processed 200008877 reads in 645 ms 
INFO  00:45:21,479 MuTect - [MUTECT] Processed 201008940 reads in 727 ms 
INFO  00:45:22,102 MuTect - [MUTECT] Processed 202009000 reads in 623 ms 
INFO  00:45:22,273 MuTect - [MUTECT] Inspected 68000 potential candidates 
INFO  00:45:23,008 MuTect - [MUTECT] Processed 203009103 reads in 906 ms 
INFO  00:45:23,792 MuTect - [MUTECT] Processed 204009112 reads in 784 ms 
INFO  00:45:24,528 MuTect - [MUTECT] Inspected 69000 potential candidates 
INFO  00:45:24,775 MuTect - [MUTECT] Processed 205009177 reads in 983 ms 
INFO  00:45:25,782 MuTect - [MUTECT] Processed 206009177 reads in 1007 ms 
INFO  00:45:38,562 ProgressMeter -  chr10:16505201        1.67e+09   21.5 m        0.0 s     52.6%        40.9 m    19.4 m 
INFO  00:46:08,563 ProgressMeter -  chr10:59700201        1.67e+09   22.0 m        0.0 s     53.9%        40.8 m    18.8 m 
INFO  00:46:38,566 ProgressMeter - chr10:102687201        1.67e+09   22.5 m        0.0 s     55.2%        40.7 m    18.2 m 
INFO  00:47:08,625 ProgressMeter -   chr11:9490501        1.81e+09   23.0 m        0.0 s     56.5%        40.7 m    17.7 m 
INFO  00:47:38,627 ProgressMeter -  chr11:51844801        1.81e+09   23.5 m        0.0 s     57.8%        40.6 m    17.1 m 
INFO  00:48:08,627 ProgressMeter -  chr11:94289101        1.81e+09   24.0 m        0.0 s     59.1%        40.6 m    16.6 m 
INFO  00:48:39,168 ProgressMeter -    chr12:172901        1.94e+09   24.5 m        0.0 s     60.4%        40.6 m    16.1 m 
INFO  00:49:09,191 ProgressMeter -  chr12:42692501        1.94e+09   25.0 m        0.0 s     61.7%        40.5 m    15.5 m 
INFO  00:49:39,192 ProgressMeter -  chr12:85617701        1.94e+09   25.5 m        0.0 s     63.1%        40.5 m    14.9 m 
INFO  00:50:09,193 ProgressMeter - chr12:127732901        1.94e+09   26.0 m        0.0 s     64.4%        40.4 m    14.4 m 
INFO  00:50:39,194 ProgressMeter -  chr13:38940301        2.08e+09   26.5 m        0.0 s     65.8%        40.3 m    13.8 m 
INFO  00:51:09,259 ProgressMeter -  chr13:81302301        2.08e+09   27.0 m        0.0 s     67.1%        40.3 m    13.3 m 
INFO  00:51:39,260 ProgressMeter -   chr14:8557301        2.19e+09   27.5 m        0.0 s     68.4%        40.2 m    12.7 m 
INFO  00:52:19,261 ProgressMeter -  chr14:67233801        2.19e+09   28.2 m        0.0 s     70.2%        40.1 m    12.0 m 
INFO  00:52:49,262 ProgressMeter -     chr15:84901        2.30e+09   28.7 m        0.0 s     71.4%        40.1 m    11.5 m 
INFO  00:53:19,310 ProgressMeter -  chr15:45900801        2.30e+09   29.2 m        0.0 s     72.9%        40.1 m    10.9 m 
INFO  00:53:49,311 ProgressMeter -  chr15:86711201        2.30e+09   29.7 m        0.0 s     74.1%        40.0 m    10.4 m 
INFO  00:54:19,320 ProgressMeter -  chr16:22022101        2.40e+09   30.2 m        0.0 s     75.3%        40.1 m     9.9 m 
INFO  00:54:49,321 ProgressMeter -  chr16:69200201        2.40e+09   30.7 m        0.0 s     76.8%        40.0 m     9.3 m 
INFO  00:55:29,322 ProgressMeter -  chr17:35391301        2.49e+09   31.4 m        0.0 s     78.5%        39.9 m     8.6 m 
INFO  00:55:59,323 ProgressMeter -  chr17:79468401        2.49e+09   31.9 m        0.0 s     79.9%        39.9 m     8.0 m 
INFO  00:56:29,324 ProgressMeter -  chr18:41172201        2.57e+09   32.4 m        0.0 s     81.3%        39.8 m     7.4 m 
INFO  00:56:59,325 ProgressMeter -   chr19:3703301        2.65e+09   32.9 m        0.0 s     82.6%        39.8 m     6.9 m 
INFO  00:57:29,326 ProgressMeter -  chr19:45486101        2.65e+09   33.4 m        0.0 s     83.9%        39.7 m     6.4 m 
INFO  00:57:59,327 ProgressMeter -  chr20:28885301        2.71e+09   33.9 m        0.0 s     85.2%        39.7 m     5.9 m 
INFO  00:58:29,328 ProgressMeter -   chr21:9966701        2.78e+09   34.4 m        0.0 s     86.6%        39.6 m     5.3 m 
INFO  00:59:09,329 ProgressMeter -  chr22:23826101        2.82e+09   35.0 m        0.0 s     88.5%        39.6 m     4.5 m 
INFO  00:59:39,337 ProgressMeter -   chrX:14132101        2.88e+09   35.5 m        0.0 s     89.8%        39.6 m     4.0 m 
INFO  01:00:09,357 ProgressMeter -   chrX:62520301        2.88e+09   36.0 m        0.0 s     91.3%        39.4 m     3.4 m 
INFO  01:00:39,358 ProgressMeter -  chrX:109755301        2.88e+09   36.5 m        0.0 s     92.8%        39.4 m     2.8 m 
INFO  01:01:09,359 ProgressMeter -     chrY:505301        3.03e+09   37.0 m        0.0 s     94.2%        39.3 m     2.3 m 
INFO  01:01:39,360 ProgressMeter -      chrM:10901        3.09e+09   37.5 m        0.0 s     96.0%        39.1 m    94.0 s 
INFO  01:02:09,361 ProgressMeter - chr6_GL000251v2_alt:1388101        3.16e+09   38.0 m        0.0 s     98.2%        38.7 m    41.0 s 
INFO  01:02:38,486 Walker - [REDUCE RESULT] Traversal result is: 0 
INFO  01:02:38,723 ProgressMeter -            done        3.22e+09   38.5 m        0.0 s    100.0%        38.5 m     0.0 s 
INFO  01:02:38,723 ProgressMeter - Total runtime 2310.85 secs, 38.51 min, 0.64 hours 
INFO  01:02:38,804 MicroScheduler - 65541 reads were filtered out during the traversal out of approximately 1566562 total reads (4.18%) 
INFO  01:02:38,804 MicroScheduler -   -> 0 reads (0.00% of total) failing BadCigarFilter 
INFO  01:02:38,804 MicroScheduler -   -> 63624 reads (4.06% of total) failing DuplicateReadFilter 
INFO  01:02:38,804 MicroScheduler -   -> 0 reads (0.00% of total) failing FailsVendorQualityCheckFilter 
INFO  01:02:38,805 MicroScheduler -   -> 0 reads (0.00% of total) failing MalformedReadFilter 
INFO  01:02:38,805 MicroScheduler -   -> 1029 reads (0.07% of total) failing NotPrimaryAlignmentFilter 
INFO  01:02:38,805 MicroScheduler -   -> 888 reads (0.06% of total) failing UnmappedReadFilter 
[Sat Mar 13 01:02:43 2021]
Finished job 0.
1 of 1 steps (100%) done
{'Sample10_ARK1_S37.test': '--variant:mutect2 /spin1/scratch/tandonm/pipeline_out/tn_test_1/somatic/SNP_Indels/mutect2_out/vcf/Sample10_ARK1_S37.test.FINAL.vcf --variant:vardict /spin1/scratch/tandonm/pipeline_out/tn_test_1/somatic/SNP_Indels/vardict_out/vcf/Sample10_ARK1_S37.test.FINAL.vcf --variant:strelka /spin1/scratch/tandonm/pipeline_out/tn_test_1/somatic/SNP_Indels/strelka_out/vcf/Sample10_ARK1_S37.test.FINAL.vcf --variant:mutect /spin1/scratch/tandonm/pipeline_out/tn_test_1/somatic/SNP_Indels/mutect_out/vcf/Sample10_ARK1_S37.test.FINAL.vcf --variant:varscan /spin1/scratch/tandonm/pipeline_out/tn_test_1/somatic/SNP_Indels/varscan_out/vcf/Sample10_ARK1_S37.test.FINAL.vcf', 'Sample11_ACI_158_S38.test': '--variant:mutect2 /spin1/scratch/tandonm/pipeline_out/tn_test_1/somatic/SNP_Indels/mutect2_out/vcf/Sample11_ACI_158_S38.test.FINAL.vcf --variant:vardict /spin1/scratch/tandonm/pipeline_out/tn_test_1/somatic/SNP_Indels/vardict_out/vcf/Sample11_ACI_158_S38.test.FINAL.vcf --variant:strelka /spin1/scratch/tandonm/pipeline_out/tn_test_1/somatic/SNP_Indels/strelka_out/vcf/Sample11_ACI_158_S38.test.FINAL.vcf --variant:mutect /spin1/scratch/tandonm/pipeline_out/tn_test_1/somatic/SNP_Indels/mutect_out/vcf/Sample11_ACI_158_S38.test.FINAL.vcf --variant:varscan /spin1/scratch/tandonm/pipeline_out/tn_test_1/somatic/SNP_Indels/varscan_out/vcf/Sample11_ACI_158_S38.test.FINAL.vcf'}
