Building DAG of jobs...
Using shell: /usr/bin/bash
Provided cores: 4
Rules claiming more threads will be scaled down.
Job counts:
	count	jobs
	1	haplotypecaller
	1

[Sat Mar 13 00:19:40 2021]
rule haplotypecaller:
    input: /spin1/scratch/tandonm/pipeline_out/tn_test_1/bams/Sample4_CRL1622_S31.test.recal.bam
    output: /spin1/scratch/tandonm/pipeline_out/tn_test_1/germline/gVCFs/Sample4_CRL1622_S31.test.chr6.g.vcf.gz, /spin1/scratch/tandonm/pipeline_out/tn_test_1/germline/gVCFs/Sample4_CRL1622_S31.test.chr6.g.vcf.gz.tbi
    jobid: 0
    wildcards: samples=Sample4_CRL1622_S31.test, chroms=chr6

[+] Loading gcc  9.2.0  ... 
[+] Loading GSL 2.6 for GCC 9.2.0 ... 
[-] Unloading gcc  9.2.0  ... 
[+] Loading gcc  9.2.0  ... 
[+] Loading openmpi 3.1.4  for GCC 9.2.0 
[+] Loading ImageMagick  7.0.8  on cn2406 
[+] Loading HDF5  1.10.4 
[-] Unloading gcc  9.2.0  ... 
[+] Loading gcc  9.2.0  ... 
[+] Loading NetCDF 4.7.4_gcc9.2.0 
[+] Loading pandoc  2.11.4  on cn2406 
[+] Loading R 3.6.3 
[+] Loading GATK  4.1.4.1 

GATK/4 includes its own python environment. Loading a different python
environment
after the GATK module will result in some tools failing. Conversely, the python
environment included with GATK/4 will override any python modules you may
already
have loaded.


00:19:44.866 WARN  GATKAnnotationPluginDescriptor - Redundant enabled annotation group (StandardAnnotation) is enabled for this tool by default
Mar 13, 2021 12:19:45 AM shaded.cloud_nio.com.google.auth.oauth2.ComputeEngineCredentials runningOnComputeEngine
INFO: Failed to detect whether we are running on Google Compute Engine.
00:19:45.058 INFO  HaplotypeCaller - ------------------------------------------------------------
00:19:45.058 INFO  HaplotypeCaller - The Genome Analysis Toolkit (GATK) v4.1.4.1
00:19:45.058 INFO  HaplotypeCaller - For support and documentation go to https://software.broadinstitute.org/gatk/
00:19:45.059 INFO  HaplotypeCaller - Executing as tandonm@cn2406 on Linux v3.10.0-862.14.4.el7.x86_64 amd64
00:19:45.059 INFO  HaplotypeCaller - Java runtime: OpenJDK 64-Bit Server VM v1.8.0_181-b13
00:19:45.059 INFO  HaplotypeCaller - Start Date/Time: March 13, 2021 12:19:44 AM EST
00:19:45.059 INFO  HaplotypeCaller - ------------------------------------------------------------
00:19:45.059 INFO  HaplotypeCaller - ------------------------------------------------------------
00:19:45.059 INFO  HaplotypeCaller - HTSJDK Version: 2.21.0
00:19:45.060 INFO  HaplotypeCaller - Picard Version: 2.21.2
00:19:45.063 INFO  HaplotypeCaller - HTSJDK Defaults.COMPRESSION_LEVEL : 2
00:19:45.063 INFO  HaplotypeCaller - HTSJDK Defaults.USE_ASYNC_IO_READ_FOR_SAMTOOLS : false
00:19:45.063 INFO  HaplotypeCaller - HTSJDK Defaults.USE_ASYNC_IO_WRITE_FOR_SAMTOOLS : true
00:19:45.063 INFO  HaplotypeCaller - HTSJDK Defaults.USE_ASYNC_IO_WRITE_FOR_TRIBBLE : false
00:19:45.064 INFO  HaplotypeCaller - Deflater: JdkDeflater
00:19:45.064 INFO  HaplotypeCaller - Inflater: JdkInflater
00:19:45.064 INFO  HaplotypeCaller - GCS max retries/reopens: 20
00:19:45.064 INFO  HaplotypeCaller - Requester pays: disabled
00:19:45.065 INFO  HaplotypeCaller - Initializing engine
WARNING	2021-03-13 00:19:45	SamFiles	The index file /gpfs/gsfs7/users/tandonm/pl_test_data/human/bams/Sample4_CRL1622_S31.test.recal.bai was found by resolving the canonical path of a symlink: /spin1/scratch/tandonm/pipeline_out/tn_test_1/bams/Sample4_CRL1622_S31.test.recal.bam -> /gpfs/gsfs7/users/tandonm/pl_test_data/human/bams/Sample4_CRL1622_S31.test.recal.bam
WARNING: BAM index file /gpfs/gsfs7/users/tandonm/pl_test_data/human/bams/Sample4_CRL1622_S31.test.recal.bai is older than BAM /spin1/scratch/tandonm/pipeline_out/tn_test_1/bams/Sample4_CRL1622_S31.test.recal.bam
00:19:45.623 INFO  FeatureManager - Using codec VCFCodec to read file file:///fdb/GATK_resource_bundle/hg38bundle/dbsnp_138.hg38.vcf.gz
00:19:45.767 INFO  IntervalArgumentCollection - Processing 170805979 bp from intervals
00:19:45.806 INFO  HaplotypeCaller - Done initializing engine
00:19:45.808 INFO  HaplotypeCallerEngine - Tool is in reference confidence mode and the annotation, the following changes will be made to any specified annotations: 'StrandBiasBySample' will be enabled. 'ChromosomeCounts', 'FisherStrand', 'StrandOddsRatio' and 'QualByDepth' annotations have been disabled
00:19:45.857 INFO  HaplotypeCallerEngine - Standard Emitting and Calling confidence set to 0.0 for reference-model confidence output
00:19:45.858 INFO  HaplotypeCallerEngine - All sites annotated with PLs forced to true for reference-model confidence output
00:19:45.869 INFO  NativeLibraryLoader - Loading libgkl_utils.so from jar:file:/usr/local/apps/GATK/4.1.4.1/gatk-package-4.1.4.1-local.jar!/com/intel/gkl/native/libgkl_utils.so
00:19:45.871 INFO  NativeLibraryLoader - Loading libgkl_pairhmm_omp.so from jar:file:/usr/local/apps/GATK/4.1.4.1/gatk-package-4.1.4.1-local.jar!/com/intel/gkl/native/libgkl_pairhmm_omp.so
00:19:45.915 INFO  IntelPairHmm - Using CPU-supported AVX-512 instructions
00:19:45.915 INFO  IntelPairHmm - Flush-to-zero (FTZ) is enabled when running PairHMM
00:19:45.916 INFO  IntelPairHmm - Available threads: 1
00:19:45.916 INFO  IntelPairHmm - Requested threads: 4
00:19:45.916 WARN  IntelPairHmm - Using 1 available threads, but 4 were requested
00:19:45.916 INFO  PairHMM - Using the OpenMP multi-threaded AVX-accelerated native PairHMM implementation
00:19:45.996 INFO  ProgressMeter - Starting traversal
00:19:45.996 INFO  ProgressMeter -        Current Locus  Elapsed Minutes     Regions Processed   Regions/Minute
00:19:47.234 WARN  InbreedingCoeff - InbreedingCoeff will not be calculated; at least 10 samples must have called genotypes
00:19:56.012 INFO  ProgressMeter -         chr6:3234378              0.2                 11220          67219.2
00:20:02.249 WARN  DepthPerSampleHC - Annotation will not be calculated, genotype is not called or alleleLikelihoodMap is null
00:20:02.250 WARN  StrandBiasBySample - Annotation will not be calculated, genotype is not called or alleleLikelihoodMap is null
00:20:06.015 INFO  ProgressMeter -         chr6:8989070              0.3                 31370          94020.7
00:20:16.017 INFO  ProgressMeter -        chr6:16443543              0.5                 57340         114599.8
00:20:26.023 INFO  ProgressMeter -        chr6:24525084              0.7                 85460         128103.5
00:20:36.024 INFO  ProgressMeter -        chr6:32845021              0.8                114110         136855.4
00:20:46.024 INFO  ProgressMeter -        chr6:38102933              1.0                133050         132987.9
00:20:56.027 INFO  ProgressMeter -        chr6:43474876              1.2                152200         130399.4
00:21:04.699 WARN  StrandBiasBySample - Annotation will not be calculated, genotype is not called or alleleLikelihoodMap is null
00:21:06.027 INFO  ProgressMeter -        chr6:50578807              1.3                176920         132638.6
00:21:16.028 INFO  ProgressMeter -        chr6:58259568              1.5                203500         135618.4
00:21:26.028 INFO  ProgressMeter -        chr6:69850801              1.7                242910         145699.4
00:21:36.028 INFO  ProgressMeter -        chr6:77147720              1.8                268440         146379.2
00:21:46.029 INFO  ProgressMeter -        chr6:86339106              2.0                300180         150050.0
00:21:56.028 INFO  ProgressMeter -        chr6:93461585              2.2                325170         150041.5
00:22:06.029 INFO  ProgressMeter -       chr6:103324992              2.3                359000         153820.9
00:22:16.030 INFO  ProgressMeter -       chr6:109753963              2.5                381840         152701.4
00:22:17.637 WARN  StrandBiasBySample - Annotation will not be calculated, genotype is not called or alleleLikelihoodMap is null
00:22:26.039 INFO  ProgressMeter -       chr6:116921978              2.7                406870         152535.3
00:22:36.043 INFO  ProgressMeter -       chr6:125972615              2.8                438190         154612.5
00:22:43.739 WARN  StrandBiasBySample - Annotation will not be calculated, genotype is not called or alleleLikelihoodMap is null
00:22:43.740 WARN  StrandBiasBySample - Annotation will not be calculated, genotype is not called or alleleLikelihoodMap is null
00:22:46.044 INFO  ProgressMeter -       chr6:134078032              3.0                466260         155378.6
00:22:56.049 INFO  ProgressMeter -       chr6:142002743              3.2                493940         155937.6
00:23:06.056 INFO  ProgressMeter -       chr6:149592067              3.3                520450         156088.2
00:23:16.057 INFO  ProgressMeter -       chr6:154848730              3.5                539280         154035.3
00:23:26.063 INFO  ProgressMeter -       chr6:160599739              3.7                559930         152661.7
00:23:36.068 INFO  ProgressMeter -       chr6:168294297              3.8                586900         153056.4
00:23:36.871 WARN  StrandBiasBySample - Annotation will not be calculated, genotype is not called or alleleLikelihoodMap is null
00:23:38.868 INFO  HaplotypeCaller - 65774 read(s) filtered by: ((((((((MappingQualityReadFilter AND MappingQualityAvailableReadFilter) AND MappedReadFilter) AND NotSecondaryAlignmentReadFilter) AND NotDuplicateReadFilter) AND PassesVendorQualityCheckReadFilter) AND NonZeroReferenceLengthAlignmentReadFilter) AND GoodCigarReadFilter) AND WellformedReadFilter)
  65774 read(s) filtered by: (((((((MappingQualityReadFilter AND MappingQualityAvailableReadFilter) AND MappedReadFilter) AND NotSecondaryAlignmentReadFilter) AND NotDuplicateReadFilter) AND PassesVendorQualityCheckReadFilter) AND NonZeroReferenceLengthAlignmentReadFilter) AND GoodCigarReadFilter)
      65774 read(s) filtered by: ((((((MappingQualityReadFilter AND MappingQualityAvailableReadFilter) AND MappedReadFilter) AND NotSecondaryAlignmentReadFilter) AND NotDuplicateReadFilter) AND PassesVendorQualityCheckReadFilter) AND NonZeroReferenceLengthAlignmentReadFilter)
          65774 read(s) filtered by: (((((MappingQualityReadFilter AND MappingQualityAvailableReadFilter) AND MappedReadFilter) AND NotSecondaryAlignmentReadFilter) AND NotDuplicateReadFilter) AND PassesVendorQualityCheckReadFilter)
              65774 read(s) filtered by: ((((MappingQualityReadFilter AND MappingQualityAvailableReadFilter) AND MappedReadFilter) AND NotSecondaryAlignmentReadFilter) AND NotDuplicateReadFilter)
                  33838 read(s) filtered by: (((MappingQualityReadFilter AND MappingQualityAvailableReadFilter) AND MappedReadFilter) AND NotSecondaryAlignmentReadFilter)
                      33469 read(s) filtered by: ((MappingQualityReadFilter AND MappingQualityAvailableReadFilter) AND MappedReadFilter)
                          33469 read(s) filtered by: (MappingQualityReadFilter AND MappingQualityAvailableReadFilter)
                              33469 read(s) filtered by: MappingQualityReadFilter 
                      369 read(s) filtered by: NotSecondaryAlignmentReadFilter 
                  31936 read(s) filtered by: NotDuplicateReadFilter 

00:23:38.868 INFO  ProgressMeter -       chr6:170803349              3.9                595598         153457.2
00:23:38.868 INFO  ProgressMeter - Traversal complete. Processed 595598 total regions in 3.9 minutes.
00:23:38.897 INFO  VectorLoglessPairHMM - Time spent in setup for JNI call : 0.041768605
00:23:38.897 INFO  PairHMM - Total compute time in PairHMM computeLogLikelihoods() : 2.657678314
00:23:38.898 INFO  SmithWatermanAligner - Total compute time in java Smith-Waterman : 3.30 sec
00:23:38.898 INFO  HaplotypeCaller - Shutting down engine
[March 13, 2021 12:23:38 AM EST] org.broadinstitute.hellbender.tools.walkers.haplotypecaller.HaplotypeCaller done. Elapsed time: 3.90 minutes.
Runtime.totalMemory()=2689597440
Using GATK jar /usr/local/apps/GATK/4.1.4.1/gatk-package-4.1.4.1-local.jar
Running:
    java -Dsamjdk.use_async_io_read_samtools=false -Dsamjdk.use_async_io_write_samtools=true -Dsamjdk.use_async_io_write_tribble=false -Dsamjdk.compression_level=2 -Xmx24g -jar /usr/local/apps/GATK/4.1.4.1/gatk-package-4.1.4.1-local.jar HaplotypeCaller --reference /data/tandonm/pl_test_data/human/genome/hg38/Homo_sapiens_assembly38.fasta --input /spin1/scratch/tandonm/pipeline_out/tn_test_1/bams/Sample4_CRL1622_S31.test.recal.bam --use-jdk-inflater --use-jdk-deflater --emit-ref-confidence GVCF --annotation-group StandardAnnotation --annotation-group AS_StandardAnnotation --dbsnp /fdb/GATK_resource_bundle/hg38bundle/dbsnp_138.hg38.vcf.gz --output /spin1/scratch/tandonm/pipeline_out/tn_test_1/germline/gVCFs/Sample4_CRL1622_S31.test.chr6.g.vcf.gz --intervals chr6 --max-alternate-alleles 3
[Sat Mar 13 00:23:39 2021]
Finished job 0.
1 of 1 steps (100%) done
{'Sample10_ARK1_S37.test': '--variant:strelka /spin1/scratch/tandonm/pipeline_out/tn_test_1/somatic/SNP_Indels/strelka_out/vcf/Sample10_ARK1_S37.test.FINAL.vcf --variant:mutect2 /spin1/scratch/tandonm/pipeline_out/tn_test_1/somatic/SNP_Indels/mutect2_out/vcf/Sample10_ARK1_S37.test.FINAL.vcf --variant:varscan /spin1/scratch/tandonm/pipeline_out/tn_test_1/somatic/SNP_Indels/varscan_out/vcf/Sample10_ARK1_S37.test.FINAL.vcf --variant:mutect /spin1/scratch/tandonm/pipeline_out/tn_test_1/somatic/SNP_Indels/mutect_out/vcf/Sample10_ARK1_S37.test.FINAL.vcf --variant:vardict /spin1/scratch/tandonm/pipeline_out/tn_test_1/somatic/SNP_Indels/vardict_out/vcf/Sample10_ARK1_S37.test.FINAL.vcf', 'Sample11_ACI_158_S38.test': '--variant:strelka /spin1/scratch/tandonm/pipeline_out/tn_test_1/somatic/SNP_Indels/strelka_out/vcf/Sample11_ACI_158_S38.test.FINAL.vcf --variant:mutect2 /spin1/scratch/tandonm/pipeline_out/tn_test_1/somatic/SNP_Indels/mutect2_out/vcf/Sample11_ACI_158_S38.test.FINAL.vcf --variant:varscan /spin1/scratch/tandonm/pipeline_out/tn_test_1/somatic/SNP_Indels/varscan_out/vcf/Sample11_ACI_158_S38.test.FINAL.vcf --variant:mutect /spin1/scratch/tandonm/pipeline_out/tn_test_1/somatic/SNP_Indels/mutect_out/vcf/Sample11_ACI_158_S38.test.FINAL.vcf --variant:vardict /spin1/scratch/tandonm/pipeline_out/tn_test_1/somatic/SNP_Indels/vardict_out/vcf/Sample11_ACI_158_S38.test.FINAL.vcf'}
