Building DAG of jobs...
Using shell: /usr/bin/bash
Provided cores: 4
Rules claiming more threads will be scaled down.
Job counts:
	count	jobs
	1	gatk_mutect2
	1

[Sat Mar 13 00:23:58 2021]
rule gatk_mutect2:
    input: /spin1/scratch/tandonm/pipeline_out/tn_test_1/bams/chrom_split/Sample4_CRL1622_S31.test.chr3.split.bam, /spin1/scratch/tandonm/pipeline_out/tn_test_1/bams/chrom_split/Sample10_ARK1_S37.test.chr3.split.bam
    output: /spin1/scratch/tandonm/pipeline_out/tn_test_1/somatic/SNP_Indels/mutect2_out/chrom_split/Sample10_ARK1_S37.test.chr3.vcf, /spin1/scratch/tandonm/pipeline_out/tn_test_1/somatic/SNP_Indels/mutect2_out/chrom_split/Sample10_ARK1_S37.test.chr3.f1r2.tar.gz, /spin1/scratch/tandonm/pipeline_out/tn_test_1/somatic/SNP_Indels/mutect2_out/chrom_split/Sample10_ARK1_S37.test.chr3.vcf.stats
    jobid: 0
    wildcards: samples=Sample10_ARK1_S37.test, chroms=chr3
    threads: 2

[+] Loading gcc  9.2.0  ... 
[+] Loading GSL 2.6 for GCC 9.2.0 ... 
[-] Unloading gcc  9.2.0  ... 
[+] Loading gcc  9.2.0  ... 
[+] Loading openmpi 3.1.4  for GCC 9.2.0 
[+] Loading ImageMagick  7.0.8  on cn2402 
[+] Loading HDF5  1.10.4 
[-] Unloading gcc  9.2.0  ... 
[+] Loading gcc  9.2.0  ... 
[+] Loading NetCDF 4.7.4_gcc9.2.0 
[+] Loading pandoc  2.11.4  on cn2402 
[+] Loading R 3.6.3 
[+] Loading GATK  4.1.4.1 

GATK/4 includes its own python environment. Loading a different python
environment
after the GATK module will result in some tools failing. Conversely, the python
environment included with GATK/4 will override any python modules you may
already
have loaded.


00:24:03.723 INFO  NativeLibraryLoader - Loading libgkl_compression.so from jar:file:/usr/local/apps/GATK/4.1.4.1/gatk-package-4.1.4.1-local.jar!/com/intel/gkl/native/libgkl_compression.so
Mar 13, 2021 12:24:03 AM shaded.cloud_nio.com.google.auth.oauth2.ComputeEngineCredentials runningOnComputeEngine
INFO: Failed to detect whether we are running on Google Compute Engine.
00:24:03.935 INFO  Mutect2 - ------------------------------------------------------------
00:24:03.936 INFO  Mutect2 - The Genome Analysis Toolkit (GATK) v4.1.4.1
00:24:03.936 INFO  Mutect2 - For support and documentation go to https://software.broadinstitute.org/gatk/
00:24:03.936 INFO  Mutect2 - Executing as tandonm@cn2402 on Linux v3.10.0-862.14.4.el7.x86_64 amd64
00:24:03.936 INFO  Mutect2 - Java runtime: OpenJDK 64-Bit Server VM v1.8.0_181-b13
00:24:03.936 INFO  Mutect2 - Start Date/Time: March 13, 2021 12:24:03 AM EST
00:24:03.936 INFO  Mutect2 - ------------------------------------------------------------
00:24:03.936 INFO  Mutect2 - ------------------------------------------------------------
00:24:03.937 INFO  Mutect2 - HTSJDK Version: 2.21.0
00:24:03.937 INFO  Mutect2 - Picard Version: 2.21.2
00:24:03.937 INFO  Mutect2 - HTSJDK Defaults.COMPRESSION_LEVEL : 2
00:24:03.937 INFO  Mutect2 - HTSJDK Defaults.USE_ASYNC_IO_READ_FOR_SAMTOOLS : false
00:24:03.937 INFO  Mutect2 - HTSJDK Defaults.USE_ASYNC_IO_WRITE_FOR_SAMTOOLS : true
00:24:03.937 INFO  Mutect2 - HTSJDK Defaults.USE_ASYNC_IO_WRITE_FOR_TRIBBLE : false
00:24:03.937 INFO  Mutect2 - Deflater: IntelDeflater
00:24:03.937 INFO  Mutect2 - Inflater: IntelInflater
00:24:03.937 INFO  Mutect2 - GCS max retries/reopens: 20
00:24:03.937 INFO  Mutect2 - Requester pays: disabled
00:24:03.937 INFO  Mutect2 - Initializing engine
00:24:04.657 INFO  FeatureManager - Using codec VCFCodec to read file file:///data/CCBR_Pipeliner/db/PipeDB/lib/hg38.noCOSMIC_ClinVar.pon.vcf.gz
00:24:04.849 INFO  FeatureManager - Using codec VCFCodec to read file file:///data/MA_shared/justin_wes_pipe/somatic-hg38-af-only-gnomad.hg38.vcf.gz
00:24:05.013 INFO  IntervalArgumentCollection - Processing 198295559 bp from intervals
00:24:05.107 INFO  Mutect2 - Done initializing engine
00:24:05.212 INFO  NativeLibraryLoader - Loading libgkl_utils.so from jar:file:/usr/local/apps/GATK/4.1.4.1/gatk-package-4.1.4.1-local.jar!/com/intel/gkl/native/libgkl_utils.so
00:24:05.214 INFO  NativeLibraryLoader - Loading libgkl_pairhmm_omp.so from jar:file:/usr/local/apps/GATK/4.1.4.1/gatk-package-4.1.4.1-local.jar!/com/intel/gkl/native/libgkl_pairhmm_omp.so
00:24:05.277 INFO  IntelPairHmm - Using CPU-supported AVX-512 instructions
00:24:05.277 INFO  IntelPairHmm - Flush-to-zero (FTZ) is enabled when running PairHMM
00:24:05.277 INFO  IntelPairHmm - Available threads: 2
00:24:05.277 INFO  IntelPairHmm - Requested threads: 4
00:24:05.277 WARN  IntelPairHmm - Using 2 available threads, but 4 were requested
00:24:05.277 INFO  PairHMM - Using the OpenMP multi-threaded AVX-accelerated native PairHMM implementation
00:24:05.440 INFO  ProgressMeter - Starting traversal
00:24:05.441 INFO  ProgressMeter -        Current Locus  Elapsed Minutes     Regions Processed   Regions/Minute
00:24:15.486 INFO  ProgressMeter -         chr3:4314120              0.2                 14780          88282.7
00:24:25.509 INFO  ProgressMeter -         chr3:9802416              0.3                 33820         101121.2
00:24:35.519 INFO  ProgressMeter -        chr3:13378207              0.5                 46590          92938.4
00:24:45.548 INFO  ProgressMeter -        chr3:19103331              0.7                 66550          99561.2
00:24:55.559 INFO  ProgressMeter -        chr3:29090112              0.8                100860         120747.0
00:25:05.654 INFO  ProgressMeter -        chr3:36991972              1.0                128190         127736.5
00:25:15.658 INFO  ProgressMeter -        chr3:41455662              1.2                143810         122884.8
00:25:25.658 INFO  ProgressMeter -        chr3:46434870              1.3                161310         120655.2
00:25:35.664 INFO  ProgressMeter -        chr3:49021613              1.5                170800         113585.2
00:25:45.666 INFO  ProgressMeter -        chr3:51524293              1.7                179730         107595.9
00:25:55.667 INFO  ProgressMeter -        chr3:56568168              1.8                197330         107413.9
00:26:05.669 INFO  ProgressMeter -        chr3:65066577              2.0                226600         113085.1
00:26:16.521 INFO  ProgressMeter -        chr3:75665550              2.2                262820         120302.1
00:26:26.521 INFO  ProgressMeter -        chr3:90974524              2.4                314590         133792.2
00:26:36.532 INFO  ProgressMeter -       chr3:100313004              2.5                346430         137571.4
00:26:46.546 INFO  ProgressMeter -       chr3:108581605              2.7                374850         139604.6
00:26:56.568 INFO  ProgressMeter -       chr3:113794950              2.9                393040         137806.4
00:27:06.582 INFO  ProgressMeter -       chr3:121548223              3.0                419750         139035.3
00:27:16.587 INFO  ProgressMeter -       chr3:124914380              3.2                431700         135509.7
00:27:26.586 INFO  ProgressMeter -       chr3:129096426              3.4                446530         133196.5
00:27:36.601 INFO  ProgressMeter -       chr3:132523426              3.5                458660         130325.8
00:27:46.601 INFO  ProgressMeter -       chr3:138119552              3.7                478290         129758.5
00:27:56.608 INFO  ProgressMeter -       chr3:142542270              3.9                493960         128208.6
00:28:06.608 INFO  ProgressMeter -       chr3:149891048              4.0                519310         129199.3
00:28:16.610 INFO  ProgressMeter -       chr3:156297232              4.2                541510         129358.0
00:28:26.656 INFO  ProgressMeter -       chr3:165060551              4.4                571660         131307.9
00:28:36.659 INFO  ProgressMeter -       chr3:172158195              4.5                596340         131924.9
00:28:46.665 INFO  ProgressMeter -       chr3:180032389              4.7                623680         133064.0
00:28:56.687 INFO  ProgressMeter -       chr3:184357448              4.9                639030         131647.5
00:29:06.687 INFO  ProgressMeter -       chr3:188832038              5.0                654880         130434.3
00:29:16.687 INFO  ProgressMeter -       chr3:194695819              5.2                675330         130185.8
00:29:26.714 INFO  ProgressMeter -       chr3:197881228              5.4                686850         128274.1
00:29:27.533 INFO  Mutect2 - 129945 read(s) filtered by: (((((((((((MappingQualityReadFilter AND MappingQualityAvailableReadFilter) AND MappingQualityNotZeroReadFilter) AND MappedReadFilter) AND NotSecondaryAlignmentReadFilter) AND NotDuplicateReadFilter) AND PassesVendorQualityCheckReadFilter) AND NonChimericOriginalAlignmentReadFilter) AND NonZeroReferenceLengthAlignmentReadFilter) AND ReadLengthReadFilter) AND GoodCigarReadFilter) AND WellformedReadFilter)
  129945 read(s) filtered by: ((((((((((MappingQualityReadFilter AND MappingQualityAvailableReadFilter) AND MappingQualityNotZeroReadFilter) AND MappedReadFilter) AND NotSecondaryAlignmentReadFilter) AND NotDuplicateReadFilter) AND PassesVendorQualityCheckReadFilter) AND NonChimericOriginalAlignmentReadFilter) AND NonZeroReferenceLengthAlignmentReadFilter) AND ReadLengthReadFilter) AND GoodCigarReadFilter)
      129945 read(s) filtered by: (((((((((MappingQualityReadFilter AND MappingQualityAvailableReadFilter) AND MappingQualityNotZeroReadFilter) AND MappedReadFilter) AND NotSecondaryAlignmentReadFilter) AND NotDuplicateReadFilter) AND PassesVendorQualityCheckReadFilter) AND NonChimericOriginalAlignmentReadFilter) AND NonZeroReferenceLengthAlignmentReadFilter) AND ReadLengthReadFilter)
          118504 read(s) filtered by: ((((((((MappingQualityReadFilter AND MappingQualityAvailableReadFilter) AND MappingQualityNotZeroReadFilter) AND MappedReadFilter) AND NotSecondaryAlignmentReadFilter) AND NotDuplicateReadFilter) AND PassesVendorQualityCheckReadFilter) AND NonChimericOriginalAlignmentReadFilter) AND NonZeroReferenceLengthAlignmentReadFilter)
              118504 read(s) filtered by: (((((((MappingQualityReadFilter AND MappingQualityAvailableReadFilter) AND MappingQualityNotZeroReadFilter) AND MappedReadFilter) AND NotSecondaryAlignmentReadFilter) AND NotDuplicateReadFilter) AND PassesVendorQualityCheckReadFilter) AND NonChimericOriginalAlignmentReadFilter)
                  118504 read(s) filtered by: ((((((MappingQualityReadFilter AND MappingQualityAvailableReadFilter) AND MappingQualityNotZeroReadFilter) AND MappedReadFilter) AND NotSecondaryAlignmentReadFilter) AND NotDuplicateReadFilter) AND PassesVendorQualityCheckReadFilter)
                      118504 read(s) filtered by: (((((MappingQualityReadFilter AND MappingQualityAvailableReadFilter) AND MappingQualityNotZeroReadFilter) AND MappedReadFilter) AND NotSecondaryAlignmentReadFilter) AND NotDuplicateReadFilter)
                          26442 read(s) filtered by: ((((MappingQualityReadFilter AND MappingQualityAvailableReadFilter) AND MappingQualityNotZeroReadFilter) AND MappedReadFilter) AND NotSecondaryAlignmentReadFilter)
                              25438 read(s) filtered by: (((MappingQualityReadFilter AND MappingQualityAvailableReadFilter) AND MappingQualityNotZeroReadFilter) AND MappedReadFilter)
                                  25438 read(s) filtered by: ((MappingQualityReadFilter AND MappingQualityAvailableReadFilter) AND MappingQualityNotZeroReadFilter)
                                      25438 read(s) filtered by: (MappingQualityReadFilter AND MappingQualityAvailableReadFilter)
                                          25438 read(s) filtered by: MappingQualityReadFilter 
                              1004 read(s) filtered by: NotSecondaryAlignmentReadFilter 
                          92062 read(s) filtered by: NotDuplicateReadFilter 
          11441 read(s) filtered by: ReadLengthReadFilter 

00:29:27.533 INFO  ProgressMeter -       chr3:198295077              5.4                688291         128216.3
00:29:27.533 INFO  ProgressMeter - Traversal complete. Processed 688291 total regions in 5.4 minutes.
00:29:27.838 INFO  VectorLoglessPairHMM - Time spent in setup for JNI call : 0.09179252800000001
00:29:27.839 INFO  PairHMM - Total compute time in PairHMM computeLogLikelihoods() : 5.235355593
00:29:27.839 INFO  SmithWatermanAligner - Total compute time in java Smith-Waterman : 15.26 sec
00:29:27.840 INFO  Mutect2 - Shutting down engine
[March 13, 2021 12:29:27 AM EST] org.broadinstitute.hellbender.tools.walkers.mutect.Mutect2 done. Elapsed time: 5.40 minutes.
Runtime.totalMemory()=2117599232
Tool returned:
SUCCESS
Using GATK jar /usr/local/apps/GATK/4.1.4.1/gatk-package-4.1.4.1-local.jar
Running:
    java -Dsamjdk.use_async_io_read_samtools=false -Dsamjdk.use_async_io_write_samtools=true -Dsamjdk.use_async_io_write_tribble=false -Dsamjdk.compression_level=2 -jar /usr/local/apps/GATK/4.1.4.1/gatk-package-4.1.4.1-local.jar Mutect2 -R /data/tandonm/pl_test_data/human/genome/hg38/Homo_sapiens_assembly38.fasta -I /spin1/scratch/tandonm/pipeline_out/tn_test_1/bams/chrom_split/Sample10_ARK1_S37.test.chr3.split.bam -I /spin1/scratch/tandonm/pipeline_out/tn_test_1/bams/chrom_split/Sample4_CRL1622_S31.test.chr3.split.bam -normal Sample4_CRL1622_S31.test --panel-of-normals /data/CCBR_Pipeliner/db/PipeDB/lib/hg38.noCOSMIC_ClinVar.pon.vcf.gz --germline-resource /data/MA_shared/justin_wes_pipe/somatic-hg38-af-only-gnomad.hg38.vcf.gz -L chr3 -O /spin1/scratch/tandonm/pipeline_out/tn_test_1/somatic/SNP_Indels/mutect2_out/chrom_split/Sample10_ARK1_S37.test.chr3.vcf --f1r2-tar-gz /spin1/scratch/tandonm/pipeline_out/tn_test_1/somatic/SNP_Indels/mutect2_out/chrom_split/Sample10_ARK1_S37.test.chr3.f1r2.tar.gz --independent-mates
[Sat Mar 13 00:29:27 2021]
Finished job 0.
1 of 1 steps (100%) done
{'Sample10_ARK1_S37.test': '--variant:mutect2 /spin1/scratch/tandonm/pipeline_out/tn_test_1/somatic/SNP_Indels/mutect2_out/vcf/Sample10_ARK1_S37.test.FINAL.vcf --variant:vardict /spin1/scratch/tandonm/pipeline_out/tn_test_1/somatic/SNP_Indels/vardict_out/vcf/Sample10_ARK1_S37.test.FINAL.vcf --variant:varscan /spin1/scratch/tandonm/pipeline_out/tn_test_1/somatic/SNP_Indels/varscan_out/vcf/Sample10_ARK1_S37.test.FINAL.vcf --variant:strelka /spin1/scratch/tandonm/pipeline_out/tn_test_1/somatic/SNP_Indels/strelka_out/vcf/Sample10_ARK1_S37.test.FINAL.vcf --variant:mutect /spin1/scratch/tandonm/pipeline_out/tn_test_1/somatic/SNP_Indels/mutect_out/vcf/Sample10_ARK1_S37.test.FINAL.vcf', 'Sample11_ACI_158_S38.test': '--variant:mutect2 /spin1/scratch/tandonm/pipeline_out/tn_test_1/somatic/SNP_Indels/mutect2_out/vcf/Sample11_ACI_158_S38.test.FINAL.vcf --variant:vardict /spin1/scratch/tandonm/pipeline_out/tn_test_1/somatic/SNP_Indels/vardict_out/vcf/Sample11_ACI_158_S38.test.FINAL.vcf --variant:varscan /spin1/scratch/tandonm/pipeline_out/tn_test_1/somatic/SNP_Indels/varscan_out/vcf/Sample11_ACI_158_S38.test.FINAL.vcf --variant:strelka /spin1/scratch/tandonm/pipeline_out/tn_test_1/somatic/SNP_Indels/strelka_out/vcf/Sample11_ACI_158_S38.test.FINAL.vcf --variant:mutect /spin1/scratch/tandonm/pipeline_out/tn_test_1/somatic/SNP_Indels/mutect_out/vcf/Sample11_ACI_158_S38.test.FINAL.vcf'}
