Building DAG of jobs...
Using shell: /usr/bin/bash
Provided cores: 4
Rules claiming more threads will be scaled down.
Job counts:
	count	jobs
	1	haplotypecaller
	1

[Sat Mar 13 00:20:36 2021]
rule haplotypecaller:
    input: /spin1/scratch/tandonm/pipeline_out/tn_test_1/bams/Sample4_CRL1622_S31.test.recal.bam
    output: /spin1/scratch/tandonm/pipeline_out/tn_test_1/germline/gVCFs/Sample4_CRL1622_S31.test.chr4.g.vcf.gz, /spin1/scratch/tandonm/pipeline_out/tn_test_1/germline/gVCFs/Sample4_CRL1622_S31.test.chr4.g.vcf.gz.tbi
    jobid: 0
    wildcards: samples=Sample4_CRL1622_S31.test, chroms=chr4

[+] Loading gcc  9.2.0  ... 
[+] Loading GSL 2.6 for GCC 9.2.0 ... 
[-] Unloading gcc  9.2.0  ... 
[+] Loading gcc  9.2.0  ... 
[+] Loading openmpi 3.1.4  for GCC 9.2.0 
[+] Loading ImageMagick  7.0.8  on cn2407 
[+] Loading HDF5  1.10.4 
[-] Unloading gcc  9.2.0  ... 
[+] Loading gcc  9.2.0  ... 
[+] Loading NetCDF 4.7.4_gcc9.2.0 
[+] Loading pandoc  2.11.4  on cn2407 
[+] Loading R 3.6.3 
[+] Loading GATK  4.1.4.1 

GATK/4 includes its own python environment. Loading a different python
environment
after the GATK module will result in some tools failing. Conversely, the python
environment included with GATK/4 will override any python modules you may
already
have loaded.


00:20:41.100 WARN  GATKAnnotationPluginDescriptor - Redundant enabled annotation group (StandardAnnotation) is enabled for this tool by default
Mar 13, 2021 12:20:41 AM shaded.cloud_nio.com.google.auth.oauth2.ComputeEngineCredentials runningOnComputeEngine
INFO: Failed to detect whether we are running on Google Compute Engine.
00:20:41.308 INFO  HaplotypeCaller - ------------------------------------------------------------
00:20:41.309 INFO  HaplotypeCaller - The Genome Analysis Toolkit (GATK) v4.1.4.1
00:20:41.309 INFO  HaplotypeCaller - For support and documentation go to https://software.broadinstitute.org/gatk/
00:20:41.309 INFO  HaplotypeCaller - Executing as tandonm@cn2407 on Linux v3.10.0-862.14.4.el7.x86_64 amd64
00:20:41.309 INFO  HaplotypeCaller - Java runtime: OpenJDK 64-Bit Server VM v1.8.0_181-b13
00:20:41.309 INFO  HaplotypeCaller - Start Date/Time: March 13, 2021 12:20:41 AM EST
00:20:41.309 INFO  HaplotypeCaller - ------------------------------------------------------------
00:20:41.309 INFO  HaplotypeCaller - ------------------------------------------------------------
00:20:41.310 INFO  HaplotypeCaller - HTSJDK Version: 2.21.0
00:20:41.310 INFO  HaplotypeCaller - Picard Version: 2.21.2
00:20:41.313 INFO  HaplotypeCaller - HTSJDK Defaults.COMPRESSION_LEVEL : 2
00:20:41.313 INFO  HaplotypeCaller - HTSJDK Defaults.USE_ASYNC_IO_READ_FOR_SAMTOOLS : false
00:20:41.313 INFO  HaplotypeCaller - HTSJDK Defaults.USE_ASYNC_IO_WRITE_FOR_SAMTOOLS : true
00:20:41.313 INFO  HaplotypeCaller - HTSJDK Defaults.USE_ASYNC_IO_WRITE_FOR_TRIBBLE : false
00:20:41.314 INFO  HaplotypeCaller - Deflater: JdkDeflater
00:20:41.315 INFO  HaplotypeCaller - Inflater: JdkInflater
00:20:41.315 INFO  HaplotypeCaller - GCS max retries/reopens: 20
00:20:41.315 INFO  HaplotypeCaller - Requester pays: disabled
00:20:41.315 INFO  HaplotypeCaller - Initializing engine
WARNING	2021-03-13 00:20:41	SamFiles	The index file /gpfs/gsfs7/users/tandonm/pl_test_data/human/bams/Sample4_CRL1622_S31.test.recal.bai was found by resolving the canonical path of a symlink: /spin1/scratch/tandonm/pipeline_out/tn_test_1/bams/Sample4_CRL1622_S31.test.recal.bam -> /gpfs/gsfs7/users/tandonm/pl_test_data/human/bams/Sample4_CRL1622_S31.test.recal.bam
WARNING: BAM index file /gpfs/gsfs7/users/tandonm/pl_test_data/human/bams/Sample4_CRL1622_S31.test.recal.bai is older than BAM /spin1/scratch/tandonm/pipeline_out/tn_test_1/bams/Sample4_CRL1622_S31.test.recal.bam
00:20:41.854 INFO  FeatureManager - Using codec VCFCodec to read file file:///fdb/GATK_resource_bundle/hg38bundle/dbsnp_138.hg38.vcf.gz
00:20:41.998 INFO  IntervalArgumentCollection - Processing 190214555 bp from intervals
00:20:42.035 INFO  HaplotypeCaller - Done initializing engine
00:20:42.037 INFO  HaplotypeCallerEngine - Tool is in reference confidence mode and the annotation, the following changes will be made to any specified annotations: 'StrandBiasBySample' will be enabled. 'ChromosomeCounts', 'FisherStrand', 'StrandOddsRatio' and 'QualByDepth' annotations have been disabled
00:20:42.100 INFO  HaplotypeCallerEngine - Standard Emitting and Calling confidence set to 0.0 for reference-model confidence output
00:20:42.100 INFO  HaplotypeCallerEngine - All sites annotated with PLs forced to true for reference-model confidence output
00:20:42.112 INFO  NativeLibraryLoader - Loading libgkl_utils.so from jar:file:/usr/local/apps/GATK/4.1.4.1/gatk-package-4.1.4.1-local.jar!/com/intel/gkl/native/libgkl_utils.so
00:20:42.114 INFO  NativeLibraryLoader - Loading libgkl_pairhmm_omp.so from jar:file:/usr/local/apps/GATK/4.1.4.1/gatk-package-4.1.4.1-local.jar!/com/intel/gkl/native/libgkl_pairhmm_omp.so
00:20:42.159 INFO  IntelPairHmm - Using CPU-supported AVX-512 instructions
00:20:42.159 INFO  IntelPairHmm - Flush-to-zero (FTZ) is enabled when running PairHMM
00:20:42.160 INFO  IntelPairHmm - Available threads: 1
00:20:42.160 INFO  IntelPairHmm - Requested threads: 4
00:20:42.160 WARN  IntelPairHmm - Using 1 available threads, but 4 were requested
00:20:42.160 INFO  PairHMM - Using the OpenMP multi-threaded AVX-accelerated native PairHMM implementation
00:20:42.242 INFO  ProgressMeter - Starting traversal
00:20:42.242 INFO  ProgressMeter -        Current Locus  Elapsed Minutes     Regions Processed   Regions/Minute
00:20:43.009 WARN  InbreedingCoeff - InbreedingCoeff will not be calculated; at least 10 samples must have called genotypes
00:20:52.364 INFO  ProgressMeter -         chr4:1735896              0.2                  6360          37703.8
00:21:02.364 INFO  ProgressMeter -         chr4:4872535              0.3                 17870          53285.0
00:21:12.400 INFO  ProgressMeter -         chr4:9243847              0.5                 33690          67027.0
00:21:22.401 INFO  ProgressMeter -        chr4:16110472              0.7                 57580          86028.0
00:21:32.401 INFO  ProgressMeter -        chr4:24759682              0.8                 87490         104655.2
00:21:42.402 INFO  ProgressMeter -        chr4:34004458              1.0                119480         119162.2
00:21:52.403 INFO  ProgressMeter -        chr4:40512757              1.2                142570         121922.4
00:22:02.434 INFO  ProgressMeter -        chr4:48170164              1.3                169400         126745.8
00:22:12.436 INFO  ProgressMeter -        chr4:56047050              1.5                196840         130944.4
00:22:13.857 WARN  DepthPerSampleHC - Annotation will not be calculated, genotype is not called or alleleLikelihoodMap is null
00:22:13.857 WARN  StrandBiasBySample - Annotation will not be calculated, genotype is not called or alleleLikelihoodMap is null
00:22:22.439 INFO  ProgressMeter -        chr4:66221485              1.7                231910         138872.4
00:22:30.425 WARN  StrandBiasBySample - Annotation will not be calculated, genotype is not called or alleleLikelihoodMap is null
00:22:32.444 INFO  ProgressMeter -        chr4:74456243              1.8                260400         141776.0
00:22:40.214 WARN  StrandBiasBySample - Annotation will not be calculated, genotype is not called or alleleLikelihoodMap is null
00:22:42.446 INFO  ProgressMeter -        chr4:81880310              2.0                286230         142872.1
00:22:52.446 INFO  ProgressMeter -        chr4:89710458              2.2                313490         144461.0
00:23:02.447 INFO  ProgressMeter -        chr4:99738017              2.3                347870         148869.2
00:23:12.453 INFO  ProgressMeter -       chr4:109078829              2.5                380070         151814.4
00:23:22.453 INFO  ProgressMeter -       chr4:118442080              2.7                412270         154397.6
00:23:32.457 INFO  ProgressMeter -       chr4:127275215              2.8                442760         156070.9
00:23:37.458 WARN  StrandBiasBySample - Annotation will not be calculated, genotype is not called or alleleLikelihoodMap is null
00:23:37.460 WARN  StrandBiasBySample - Annotation will not be calculated, genotype is not called or alleleLikelihoodMap is null
00:23:37.460 WARN  StrandBiasBySample - Annotation will not be calculated, genotype is not called or alleleLikelihoodMap is null
00:23:37.460 WARN  StrandBiasBySample - Annotation will not be calculated, genotype is not called or alleleLikelihoodMap is null
00:23:42.458 INFO  ProgressMeter -       chr4:138916212              3.0                482400         160607.3
00:23:52.459 INFO  ProgressMeter -       chr4:147654445              3.2                512610         161692.2
00:24:02.461 INFO  ProgressMeter -       chr4:156501974              3.3                543310         162814.7
00:24:09.287 WARN  StrandBiasBySample - Annotation will not be calculated, genotype is not called or alleleLikelihoodMap is null
00:24:12.461 INFO  ProgressMeter -       chr4:166850389              3.5                578830         165207.7
00:24:22.466 INFO  ProgressMeter -       chr4:176687146              3.7                612600         166902.8
00:24:32.466 INFO  ProgressMeter -       chr4:187396495              3.8                649330         169225.6
00:24:34.525 INFO  HaplotypeCaller - 128404 read(s) filtered by: ((((((((MappingQualityReadFilter AND MappingQualityAvailableReadFilter) AND MappedReadFilter) AND NotSecondaryAlignmentReadFilter) AND NotDuplicateReadFilter) AND PassesVendorQualityCheckReadFilter) AND NonZeroReferenceLengthAlignmentReadFilter) AND GoodCigarReadFilter) AND WellformedReadFilter)
  128404 read(s) filtered by: (((((((MappingQualityReadFilter AND MappingQualityAvailableReadFilter) AND MappedReadFilter) AND NotSecondaryAlignmentReadFilter) AND NotDuplicateReadFilter) AND PassesVendorQualityCheckReadFilter) AND NonZeroReferenceLengthAlignmentReadFilter) AND GoodCigarReadFilter)
      128404 read(s) filtered by: ((((((MappingQualityReadFilter AND MappingQualityAvailableReadFilter) AND MappedReadFilter) AND NotSecondaryAlignmentReadFilter) AND NotDuplicateReadFilter) AND PassesVendorQualityCheckReadFilter) AND NonZeroReferenceLengthAlignmentReadFilter)
          128404 read(s) filtered by: (((((MappingQualityReadFilter AND MappingQualityAvailableReadFilter) AND MappedReadFilter) AND NotSecondaryAlignmentReadFilter) AND NotDuplicateReadFilter) AND PassesVendorQualityCheckReadFilter)
              128404 read(s) filtered by: ((((MappingQualityReadFilter AND MappingQualityAvailableReadFilter) AND MappedReadFilter) AND NotSecondaryAlignmentReadFilter) AND NotDuplicateReadFilter)
                  100891 read(s) filtered by: (((MappingQualityReadFilter AND MappingQualityAvailableReadFilter) AND MappedReadFilter) AND NotSecondaryAlignmentReadFilter)
                      100581 read(s) filtered by: ((MappingQualityReadFilter AND MappingQualityAvailableReadFilter) AND MappedReadFilter)
                          100581 read(s) filtered by: (MappingQualityReadFilter AND MappingQualityAvailableReadFilter)
                              100581 read(s) filtered by: MappingQualityReadFilter 
                      310 read(s) filtered by: NotSecondaryAlignmentReadFilter 
                  27513 read(s) filtered by: NotDuplicateReadFilter 

00:24:34.525 INFO  ProgressMeter -       chr4:190213669              3.9                658862         170187.7
00:24:34.525 INFO  ProgressMeter - Traversal complete. Processed 658862 total regions in 3.9 minutes.
00:24:34.554 INFO  VectorLoglessPairHMM - Time spent in setup for JNI call : 0.038358659
00:24:34.554 INFO  PairHMM - Total compute time in PairHMM computeLogLikelihoods() : 3.110545128
00:24:34.554 INFO  SmithWatermanAligner - Total compute time in java Smith-Waterman : 3.83 sec
00:24:34.554 INFO  HaplotypeCaller - Shutting down engine
[March 13, 2021 12:24:34 AM EST] org.broadinstitute.hellbender.tools.walkers.haplotypecaller.HaplotypeCaller done. Elapsed time: 3.89 minutes.
Runtime.totalMemory()=2542796800
Using GATK jar /usr/local/apps/GATK/4.1.4.1/gatk-package-4.1.4.1-local.jar
Running:
    java -Dsamjdk.use_async_io_read_samtools=false -Dsamjdk.use_async_io_write_samtools=true -Dsamjdk.use_async_io_write_tribble=false -Dsamjdk.compression_level=2 -Xmx24g -jar /usr/local/apps/GATK/4.1.4.1/gatk-package-4.1.4.1-local.jar HaplotypeCaller --reference /data/tandonm/pl_test_data/human/genome/hg38/Homo_sapiens_assembly38.fasta --input /spin1/scratch/tandonm/pipeline_out/tn_test_1/bams/Sample4_CRL1622_S31.test.recal.bam --use-jdk-inflater --use-jdk-deflater --emit-ref-confidence GVCF --annotation-group StandardAnnotation --annotation-group AS_StandardAnnotation --dbsnp /fdb/GATK_resource_bundle/hg38bundle/dbsnp_138.hg38.vcf.gz --output /spin1/scratch/tandonm/pipeline_out/tn_test_1/germline/gVCFs/Sample4_CRL1622_S31.test.chr4.g.vcf.gz --intervals chr4 --max-alternate-alleles 3
[Sat Mar 13 00:24:35 2021]
Finished job 0.
1 of 1 steps (100%) done
{'Sample10_ARK1_S37.test': '--variant:strelka /spin1/scratch/tandonm/pipeline_out/tn_test_1/somatic/SNP_Indels/strelka_out/vcf/Sample10_ARK1_S37.test.FINAL.vcf --variant:mutect /spin1/scratch/tandonm/pipeline_out/tn_test_1/somatic/SNP_Indels/mutect_out/vcf/Sample10_ARK1_S37.test.FINAL.vcf --variant:mutect2 /spin1/scratch/tandonm/pipeline_out/tn_test_1/somatic/SNP_Indels/mutect2_out/vcf/Sample10_ARK1_S37.test.FINAL.vcf --variant:varscan /spin1/scratch/tandonm/pipeline_out/tn_test_1/somatic/SNP_Indels/varscan_out/vcf/Sample10_ARK1_S37.test.FINAL.vcf --variant:vardict /spin1/scratch/tandonm/pipeline_out/tn_test_1/somatic/SNP_Indels/vardict_out/vcf/Sample10_ARK1_S37.test.FINAL.vcf', 'Sample11_ACI_158_S38.test': '--variant:strelka /spin1/scratch/tandonm/pipeline_out/tn_test_1/somatic/SNP_Indels/strelka_out/vcf/Sample11_ACI_158_S38.test.FINAL.vcf --variant:mutect /spin1/scratch/tandonm/pipeline_out/tn_test_1/somatic/SNP_Indels/mutect_out/vcf/Sample11_ACI_158_S38.test.FINAL.vcf --variant:mutect2 /spin1/scratch/tandonm/pipeline_out/tn_test_1/somatic/SNP_Indels/mutect2_out/vcf/Sample11_ACI_158_S38.test.FINAL.vcf --variant:varscan /spin1/scratch/tandonm/pipeline_out/tn_test_1/somatic/SNP_Indels/varscan_out/vcf/Sample11_ACI_158_S38.test.FINAL.vcf --variant:vardict /spin1/scratch/tandonm/pipeline_out/tn_test_1/somatic/SNP_Indels/vardict_out/vcf/Sample11_ACI_158_S38.test.FINAL.vcf'}
