Building DAG of jobs...
Using shell: /usr/bin/bash
Provided cores: 4
Rules claiming more threads will be scaled down.
Job counts:
	count	jobs
	1	haplotypecaller
	1

[Sat Mar 13 00:18:51 2021]
rule haplotypecaller:
    input: /spin1/scratch/tandonm/pipeline_out/tn_test_1/bams/Sample11_ACI_158_S38.test.recal.bam
    output: /spin1/scratch/tandonm/pipeline_out/tn_test_1/germline/gVCFs/Sample11_ACI_158_S38.test.chr15.g.vcf.gz, /spin1/scratch/tandonm/pipeline_out/tn_test_1/germline/gVCFs/Sample11_ACI_158_S38.test.chr15.g.vcf.gz.tbi
    jobid: 0
    wildcards: samples=Sample11_ACI_158_S38.test, chroms=chr15

[+] Loading gcc  9.2.0  ... 
[+] Loading GSL 2.6 for GCC 9.2.0 ... 
[-] Unloading gcc  9.2.0  ... 
[+] Loading gcc  9.2.0  ... 
[+] Loading openmpi 3.1.4  for GCC 9.2.0 
[+] Loading ImageMagick  7.0.8  on cn2410 
[+] Loading HDF5  1.10.4 
[-] Unloading gcc  9.2.0  ... 
[+] Loading gcc  9.2.0  ... 
[+] Loading NetCDF 4.7.4_gcc9.2.0 
[+] Loading pandoc  2.11.4  on cn2410 
[+] Loading R 3.6.3 
[+] Loading GATK  4.1.4.1 

GATK/4 includes its own python environment. Loading a different python
environment
after the GATK module will result in some tools failing. Conversely, the python
environment included with GATK/4 will override any python modules you may
already
have loaded.


00:18:57.394 WARN  GATKAnnotationPluginDescriptor - Redundant enabled annotation group (StandardAnnotation) is enabled for this tool by default
Mar 13, 2021 12:18:57 AM shaded.cloud_nio.com.google.auth.oauth2.ComputeEngineCredentials runningOnComputeEngine
INFO: Failed to detect whether we are running on Google Compute Engine.
00:18:57.634 INFO  HaplotypeCaller - ------------------------------------------------------------
00:18:57.634 INFO  HaplotypeCaller - The Genome Analysis Toolkit (GATK) v4.1.4.1
00:18:57.634 INFO  HaplotypeCaller - For support and documentation go to https://software.broadinstitute.org/gatk/
00:18:57.634 INFO  HaplotypeCaller - Executing as tandonm@cn2410 on Linux v3.10.0-862.14.4.el7.x86_64 amd64
00:18:57.634 INFO  HaplotypeCaller - Java runtime: OpenJDK 64-Bit Server VM v1.8.0_181-b13
00:18:57.634 INFO  HaplotypeCaller - Start Date/Time: March 13, 2021 12:18:57 AM EST
00:18:57.634 INFO  HaplotypeCaller - ------------------------------------------------------------
00:18:57.635 INFO  HaplotypeCaller - ------------------------------------------------------------
00:18:57.635 INFO  HaplotypeCaller - HTSJDK Version: 2.21.0
00:18:57.635 INFO  HaplotypeCaller - Picard Version: 2.21.2
00:18:57.638 INFO  HaplotypeCaller - HTSJDK Defaults.COMPRESSION_LEVEL : 2
00:18:57.638 INFO  HaplotypeCaller - HTSJDK Defaults.USE_ASYNC_IO_READ_FOR_SAMTOOLS : false
00:18:57.638 INFO  HaplotypeCaller - HTSJDK Defaults.USE_ASYNC_IO_WRITE_FOR_SAMTOOLS : true
00:18:57.638 INFO  HaplotypeCaller - HTSJDK Defaults.USE_ASYNC_IO_WRITE_FOR_TRIBBLE : false
00:18:57.639 INFO  HaplotypeCaller - Deflater: JdkDeflater
00:18:57.639 INFO  HaplotypeCaller - Inflater: JdkInflater
00:18:57.640 INFO  HaplotypeCaller - GCS max retries/reopens: 20
00:18:57.640 INFO  HaplotypeCaller - Requester pays: disabled
00:18:57.640 INFO  HaplotypeCaller - Initializing engine
WARNING	2021-03-13 00:18:57	SamFiles	The index file /gpfs/gsfs7/users/tandonm/pl_test_data/human/bams/Sample11_ACI_158_S38.test.recal.bai was found by resolving the canonical path of a symlink: /spin1/scratch/tandonm/pipeline_out/tn_test_1/bams/Sample11_ACI_158_S38.test.recal.bam -> /gpfs/gsfs7/users/tandonm/pl_test_data/human/bams/Sample11_ACI_158_S38.test.recal.bam
WARNING: BAM index file /gpfs/gsfs7/users/tandonm/pl_test_data/human/bams/Sample11_ACI_158_S38.test.recal.bai is older than BAM /spin1/scratch/tandonm/pipeline_out/tn_test_1/bams/Sample11_ACI_158_S38.test.recal.bam
00:18:58.332 INFO  FeatureManager - Using codec VCFCodec to read file file:///fdb/GATK_resource_bundle/hg38bundle/dbsnp_138.hg38.vcf.gz
00:18:58.537 INFO  IntervalArgumentCollection - Processing 101991189 bp from intervals
00:18:58.597 INFO  HaplotypeCaller - Done initializing engine
00:18:58.600 INFO  HaplotypeCallerEngine - Tool is in reference confidence mode and the annotation, the following changes will be made to any specified annotations: 'StrandBiasBySample' will be enabled. 'ChromosomeCounts', 'FisherStrand', 'StrandOddsRatio' and 'QualByDepth' annotations have been disabled
00:18:58.670 INFO  HaplotypeCallerEngine - Standard Emitting and Calling confidence set to 0.0 for reference-model confidence output
00:18:58.670 INFO  HaplotypeCallerEngine - All sites annotated with PLs forced to true for reference-model confidence output
00:18:58.686 INFO  NativeLibraryLoader - Loading libgkl_utils.so from jar:file:/usr/local/apps/GATK/4.1.4.1/gatk-package-4.1.4.1-local.jar!/com/intel/gkl/native/libgkl_utils.so
00:18:58.689 INFO  NativeLibraryLoader - Loading libgkl_pairhmm_omp.so from jar:file:/usr/local/apps/GATK/4.1.4.1/gatk-package-4.1.4.1-local.jar!/com/intel/gkl/native/libgkl_pairhmm_omp.so
00:18:58.745 INFO  IntelPairHmm - Using CPU-supported AVX-512 instructions
00:18:58.745 INFO  IntelPairHmm - Flush-to-zero (FTZ) is enabled when running PairHMM
00:18:58.745 INFO  IntelPairHmm - Available threads: 1
00:18:58.745 INFO  IntelPairHmm - Requested threads: 4
00:18:58.745 WARN  IntelPairHmm - Using 1 available threads, but 4 were requested
00:18:58.745 INFO  PairHMM - Using the OpenMP multi-threaded AVX-accelerated native PairHMM implementation
00:18:58.827 INFO  ProgressMeter - Starting traversal
00:18:58.828 INFO  ProgressMeter -        Current Locus  Elapsed Minutes     Regions Processed   Regions/Minute
00:19:08.830 INFO  ProgressMeter -        chr15:8981701              0.2                 29940         179640.0
00:19:17.705 WARN  InbreedingCoeff - InbreedingCoeff will not be calculated; at least 10 samples must have called genotypes
00:19:18.853 INFO  ProgressMeter -       chr15:19962584              0.3                 66570         199460.7
00:19:28.864 INFO  ProgressMeter -       chr15:22624708              0.5                 75800         151418.3
00:19:38.866 INFO  ProgressMeter -       chr15:26105561              0.7                 88020         131904.7
00:19:48.872 INFO  ProgressMeter -       chr15:33901685              0.8                114570         137363.1
00:19:58.876 INFO  ProgressMeter -       chr15:40323676              1.0                136920         136810.6
00:19:59.814 WARN  DepthPerSampleHC - Annotation will not be calculated, genotype is not called or alleleLikelihoodMap is null
00:19:59.814 WARN  StrandBiasBySample - Annotation will not be calculated, genotype is not called or alleleLikelihoodMap is null
00:20:04.504 WARN  StrandBiasBySample - Annotation will not be calculated, genotype is not called or alleleLikelihoodMap is null
00:20:04.506 WARN  StrandBiasBySample - Annotation will not be calculated, genotype is not called or alleleLikelihoodMap is null
00:20:04.507 WARN  StrandBiasBySample - Annotation will not be calculated, genotype is not called or alleleLikelihoodMap is null
00:20:04.507 WARN  StrandBiasBySample - Annotation will not be calculated, genotype is not called or alleleLikelihoodMap is null
00:20:04.507 WARN  StrandBiasBySample - Annotation will not be calculated, genotype is not called or alleleLikelihoodMap is null
00:20:04.508 WARN  StrandBiasBySample - Annotation will not be calculated, genotype is not called or alleleLikelihoodMap is null
00:20:08.896 INFO  ProgressMeter -       chr15:43279514              1.2                148000         126734.0
00:20:18.896 INFO  ProgressMeter -       chr15:49002340              1.3                168000         125893.0
00:20:28.901 INFO  ProgressMeter -       chr15:54362358              1.5                186870         124479.0
00:20:38.901 INFO  ProgressMeter -       chr15:60620935              1.7                208820         125200.6
00:20:48.918 INFO  ProgressMeter -       chr15:65671844              1.8                226940         123684.3
00:20:49.371 WARN  StrandBiasBySample - Annotation will not be calculated, genotype is not called or alleleLikelihoodMap is null
00:20:49.371 WARN  StrandBiasBySample - Annotation will not be calculated, genotype is not called or alleleLikelihoodMap is null
00:20:58.919 INFO  ProgressMeter -       chr15:71737495              2.0                248200         124006.0
00:21:08.952 INFO  ProgressMeter -       chr15:76338000              2.2                264740         122071.3
00:21:18.956 INFO  ProgressMeter -       chr15:80939840              2.3                281080         120352.8
00:21:28.956 INFO  ProgressMeter -       chr15:87754753              2.5                304860         121840.0
00:21:38.956 INFO  ProgressMeter -       chr15:91970700              2.7                320160         119964.0
00:21:48.957 INFO  ProgressMeter -      chr15:100181037              2.8                348550         122924.4
00:21:52.548 INFO  HaplotypeCaller - 68399 read(s) filtered by: ((((((((MappingQualityReadFilter AND MappingQualityAvailableReadFilter) AND MappedReadFilter) AND NotSecondaryAlignmentReadFilter) AND NotDuplicateReadFilter) AND PassesVendorQualityCheckReadFilter) AND NonZeroReferenceLengthAlignmentReadFilter) AND GoodCigarReadFilter) AND WellformedReadFilter)
  68399 read(s) filtered by: (((((((MappingQualityReadFilter AND MappingQualityAvailableReadFilter) AND MappedReadFilter) AND NotSecondaryAlignmentReadFilter) AND NotDuplicateReadFilter) AND PassesVendorQualityCheckReadFilter) AND NonZeroReferenceLengthAlignmentReadFilter) AND GoodCigarReadFilter)
      68399 read(s) filtered by: ((((((MappingQualityReadFilter AND MappingQualityAvailableReadFilter) AND MappedReadFilter) AND NotSecondaryAlignmentReadFilter) AND NotDuplicateReadFilter) AND PassesVendorQualityCheckReadFilter) AND NonZeroReferenceLengthAlignmentReadFilter)
          68399 read(s) filtered by: (((((MappingQualityReadFilter AND MappingQualityAvailableReadFilter) AND MappedReadFilter) AND NotSecondaryAlignmentReadFilter) AND NotDuplicateReadFilter) AND PassesVendorQualityCheckReadFilter)
              68399 read(s) filtered by: ((((MappingQualityReadFilter AND MappingQualityAvailableReadFilter) AND MappedReadFilter) AND NotSecondaryAlignmentReadFilter) AND NotDuplicateReadFilter)
                  53923 read(s) filtered by: (((MappingQualityReadFilter AND MappingQualityAvailableReadFilter) AND MappedReadFilter) AND NotSecondaryAlignmentReadFilter)
                      53792 read(s) filtered by: ((MappingQualityReadFilter AND MappingQualityAvailableReadFilter) AND MappedReadFilter)
                          53792 read(s) filtered by: (MappingQualityReadFilter AND MappingQualityAvailableReadFilter)
                              53792 read(s) filtered by: MappingQualityReadFilter 
                      131 read(s) filtered by: NotSecondaryAlignmentReadFilter 
                  14476 read(s) filtered by: NotDuplicateReadFilter 

00:21:52.548 INFO  ProgressMeter -      chr15:101990857              2.9                355011         122614.9
00:21:52.548 INFO  ProgressMeter - Traversal complete. Processed 355011 total regions in 2.9 minutes.
00:21:52.569 INFO  VectorLoglessPairHMM - Time spent in setup for JNI call : 0.034633891
00:21:52.569 INFO  PairHMM - Total compute time in PairHMM computeLogLikelihoods() : 3.473094557
00:21:52.569 INFO  SmithWatermanAligner - Total compute time in java Smith-Waterman : 4.01 sec
00:21:52.570 INFO  HaplotypeCaller - Shutting down engine
[March 13, 2021 12:21:52 AM EST] org.broadinstitute.hellbender.tools.walkers.haplotypecaller.HaplotypeCaller done. Elapsed time: 2.92 minutes.
Runtime.totalMemory()=7253000192
Using GATK jar /usr/local/apps/GATK/4.1.4.1/gatk-package-4.1.4.1-local.jar
Running:
    java -Dsamjdk.use_async_io_read_samtools=false -Dsamjdk.use_async_io_write_samtools=true -Dsamjdk.use_async_io_write_tribble=false -Dsamjdk.compression_level=2 -Xmx24g -jar /usr/local/apps/GATK/4.1.4.1/gatk-package-4.1.4.1-local.jar HaplotypeCaller --reference /data/tandonm/pl_test_data/human/genome/hg38/Homo_sapiens_assembly38.fasta --input /spin1/scratch/tandonm/pipeline_out/tn_test_1/bams/Sample11_ACI_158_S38.test.recal.bam --use-jdk-inflater --use-jdk-deflater --emit-ref-confidence GVCF --annotation-group StandardAnnotation --annotation-group AS_StandardAnnotation --dbsnp /fdb/GATK_resource_bundle/hg38bundle/dbsnp_138.hg38.vcf.gz --output /spin1/scratch/tandonm/pipeline_out/tn_test_1/germline/gVCFs/Sample11_ACI_158_S38.test.chr15.g.vcf.gz --intervals chr15 --max-alternate-alleles 3
[Sat Mar 13 00:21:53 2021]
Finished job 0.
1 of 1 steps (100%) done
{'Sample10_ARK1_S37.test': '--variant:vardict /spin1/scratch/tandonm/pipeline_out/tn_test_1/somatic/SNP_Indels/vardict_out/vcf/Sample10_ARK1_S37.test.FINAL.vcf --variant:strelka /spin1/scratch/tandonm/pipeline_out/tn_test_1/somatic/SNP_Indels/strelka_out/vcf/Sample10_ARK1_S37.test.FINAL.vcf --variant:varscan /spin1/scratch/tandonm/pipeline_out/tn_test_1/somatic/SNP_Indels/varscan_out/vcf/Sample10_ARK1_S37.test.FINAL.vcf --variant:mutect2 /spin1/scratch/tandonm/pipeline_out/tn_test_1/somatic/SNP_Indels/mutect2_out/vcf/Sample10_ARK1_S37.test.FINAL.vcf --variant:mutect /spin1/scratch/tandonm/pipeline_out/tn_test_1/somatic/SNP_Indels/mutect_out/vcf/Sample10_ARK1_S37.test.FINAL.vcf', 'Sample11_ACI_158_S38.test': '--variant:vardict /spin1/scratch/tandonm/pipeline_out/tn_test_1/somatic/SNP_Indels/vardict_out/vcf/Sample11_ACI_158_S38.test.FINAL.vcf --variant:strelka /spin1/scratch/tandonm/pipeline_out/tn_test_1/somatic/SNP_Indels/strelka_out/vcf/Sample11_ACI_158_S38.test.FINAL.vcf --variant:varscan /spin1/scratch/tandonm/pipeline_out/tn_test_1/somatic/SNP_Indels/varscan_out/vcf/Sample11_ACI_158_S38.test.FINAL.vcf --variant:mutect2 /spin1/scratch/tandonm/pipeline_out/tn_test_1/somatic/SNP_Indels/mutect2_out/vcf/Sample11_ACI_158_S38.test.FINAL.vcf --variant:mutect /spin1/scratch/tandonm/pipeline_out/tn_test_1/somatic/SNP_Indels/mutect_out/vcf/Sample11_ACI_158_S38.test.FINAL.vcf'}
