Building DAG of jobs...
Using shell: /usr/bin/bash
Provided cores: 4
Rules claiming more threads will be scaled down.
Job counts:
	count	jobs
	1	haplotypecaller
	1

[Sat Mar 13 00:19:39 2021]
rule haplotypecaller:
    input: /spin1/scratch/tandonm/pipeline_out/tn_test_1/bams/Sample10_ARK1_S37.test.recal.bam
    output: /spin1/scratch/tandonm/pipeline_out/tn_test_1/germline/gVCFs/Sample10_ARK1_S37.test.chr1.g.vcf.gz, /spin1/scratch/tandonm/pipeline_out/tn_test_1/germline/gVCFs/Sample10_ARK1_S37.test.chr1.g.vcf.gz.tbi
    jobid: 0
    wildcards: samples=Sample10_ARK1_S37.test, chroms=chr1

[+] Loading gcc  9.2.0  ... 
[+] Loading GSL 2.6 for GCC 9.2.0 ... 
[-] Unloading gcc  9.2.0  ... 
[+] Loading gcc  9.2.0  ... 
[+] Loading openmpi 3.1.4  for GCC 9.2.0 
[+] Loading ImageMagick  7.0.8  on cn2341 
[+] Loading HDF5  1.10.4 
[-] Unloading gcc  9.2.0  ... 
[+] Loading gcc  9.2.0  ... 
[+] Loading NetCDF 4.7.4_gcc9.2.0 
[+] Loading pandoc  2.11.4  on cn2341 
[+] Loading R 3.6.3 
[+] Loading GATK  4.1.4.1 

GATK/4 includes its own python environment. Loading a different python
environment
after the GATK module will result in some tools failing. Conversely, the python
environment included with GATK/4 will override any python modules you may
already
have loaded.


00:19:45.135 WARN  GATKAnnotationPluginDescriptor - Redundant enabled annotation group (StandardAnnotation) is enabled for this tool by default
Mar 13, 2021 12:19:45 AM shaded.cloud_nio.com.google.auth.oauth2.ComputeEngineCredentials runningOnComputeEngine
INFO: Failed to detect whether we are running on Google Compute Engine.
00:19:45.392 INFO  HaplotypeCaller - ------------------------------------------------------------
00:19:45.392 INFO  HaplotypeCaller - The Genome Analysis Toolkit (GATK) v4.1.4.1
00:19:45.392 INFO  HaplotypeCaller - For support and documentation go to https://software.broadinstitute.org/gatk/
00:19:45.393 INFO  HaplotypeCaller - Executing as tandonm@cn2341 on Linux v3.10.0-862.14.4.el7.x86_64 amd64
00:19:45.393 INFO  HaplotypeCaller - Java runtime: OpenJDK 64-Bit Server VM v1.8.0_181-b13
00:19:45.393 INFO  HaplotypeCaller - Start Date/Time: March 13, 2021 12:19:45 AM EST
00:19:45.393 INFO  HaplotypeCaller - ------------------------------------------------------------
00:19:45.393 INFO  HaplotypeCaller - ------------------------------------------------------------
00:19:45.394 INFO  HaplotypeCaller - HTSJDK Version: 2.21.0
00:19:45.394 INFO  HaplotypeCaller - Picard Version: 2.21.2
00:19:45.399 INFO  HaplotypeCaller - HTSJDK Defaults.COMPRESSION_LEVEL : 2
00:19:45.399 INFO  HaplotypeCaller - HTSJDK Defaults.USE_ASYNC_IO_READ_FOR_SAMTOOLS : false
00:19:45.399 INFO  HaplotypeCaller - HTSJDK Defaults.USE_ASYNC_IO_WRITE_FOR_SAMTOOLS : true
00:19:45.399 INFO  HaplotypeCaller - HTSJDK Defaults.USE_ASYNC_IO_WRITE_FOR_TRIBBLE : false
00:19:45.401 INFO  HaplotypeCaller - Deflater: JdkDeflater
00:19:45.402 INFO  HaplotypeCaller - Inflater: JdkInflater
00:19:45.402 INFO  HaplotypeCaller - GCS max retries/reopens: 20
00:19:45.402 INFO  HaplotypeCaller - Requester pays: disabled
00:19:45.402 INFO  HaplotypeCaller - Initializing engine
WARNING	2021-03-13 00:19:45	SamFiles	The index file /gpfs/gsfs7/users/tandonm/pl_test_data/human/bams/Sample10_ARK1_S37.test.recal.bai was found by resolving the canonical path of a symlink: /spin1/scratch/tandonm/pipeline_out/tn_test_1/bams/Sample10_ARK1_S37.test.recal.bam -> /gpfs/gsfs7/users/tandonm/pl_test_data/human/bams/Sample10_ARK1_S37.test.recal.bam
WARNING: BAM index file /gpfs/gsfs7/users/tandonm/pl_test_data/human/bams/Sample10_ARK1_S37.test.recal.bai is older than BAM /spin1/scratch/tandonm/pipeline_out/tn_test_1/bams/Sample10_ARK1_S37.test.recal.bam
00:19:46.096 INFO  FeatureManager - Using codec VCFCodec to read file file:///fdb/GATK_resource_bundle/hg38bundle/dbsnp_138.hg38.vcf.gz
00:19:46.289 INFO  IntervalArgumentCollection - Processing 248956422 bp from intervals
00:19:46.349 INFO  HaplotypeCaller - Done initializing engine
00:19:46.352 INFO  HaplotypeCallerEngine - Tool is in reference confidence mode and the annotation, the following changes will be made to any specified annotations: 'StrandBiasBySample' will be enabled. 'ChromosomeCounts', 'FisherStrand', 'StrandOddsRatio' and 'QualByDepth' annotations have been disabled
00:19:46.425 INFO  HaplotypeCallerEngine - Standard Emitting and Calling confidence set to 0.0 for reference-model confidence output
00:19:46.425 INFO  HaplotypeCallerEngine - All sites annotated with PLs forced to true for reference-model confidence output
00:19:46.441 INFO  NativeLibraryLoader - Loading libgkl_utils.so from jar:file:/usr/local/apps/GATK/4.1.4.1/gatk-package-4.1.4.1-local.jar!/com/intel/gkl/native/libgkl_utils.so
00:19:46.444 INFO  NativeLibraryLoader - Loading libgkl_pairhmm_omp.so from jar:file:/usr/local/apps/GATK/4.1.4.1/gatk-package-4.1.4.1-local.jar!/com/intel/gkl/native/libgkl_pairhmm_omp.so
00:19:46.502 INFO  IntelPairHmm - Flush-to-zero (FTZ) is enabled when running PairHMM
00:19:46.503 INFO  IntelPairHmm - Available threads: 1
00:19:46.503 INFO  IntelPairHmm - Requested threads: 4
00:19:46.503 WARN  IntelPairHmm - Using 1 available threads, but 4 were requested
00:19:46.503 INFO  PairHMM - Using the OpenMP multi-threaded AVX-accelerated native PairHMM implementation
00:19:46.592 INFO  ProgressMeter - Starting traversal
00:19:46.593 INFO  ProgressMeter -        Current Locus  Elapsed Minutes     Regions Processed   Regions/Minute
00:19:47.506 WARN  InbreedingCoeff - InbreedingCoeff will not be calculated; at least 10 samples must have called genotypes
00:19:56.603 INFO  ProgressMeter -         chr1:1300438              0.2                  4650          27874.9
00:20:05.960 WARN  DepthPerSampleHC - Annotation will not be calculated, genotype is not called or alleleLikelihoodMap is null
00:20:05.961 WARN  StrandBiasBySample - Annotation will not be calculated, genotype is not called or alleleLikelihoodMap is null
00:20:06.625 INFO  ProgressMeter -         chr1:2409099              0.3                  9070          27166.5
00:20:16.639 INFO  ProgressMeter -         chr1:6363858              0.5                 23140          46209.1
00:20:19.089 WARN  StrandBiasBySample - Annotation will not be calculated, genotype is not called or alleleLikelihoodMap is null
00:20:26.646 INFO  ProgressMeter -         chr1:9164286              0.7                 33510          50198.5
00:20:36.646 INFO  ProgressMeter -        chr1:11958674              0.8                 43950          52684.2
00:20:46.659 INFO  ProgressMeter -        chr1:15464808              1.0                 56580          56517.8
00:20:57.462 INFO  ProgressMeter -        chr1:16576292              1.2                 60990          51636.1
00:21:08.907 INFO  ProgressMeter -        chr1:16648773              1.4                 61410          44762.7
00:21:20.283 INFO  ProgressMeter -        chr1:16761525              1.6                 61860          39615.8
00:21:30.298 INFO  ProgressMeter -        chr1:19232128              1.7                 71010          41083.8
00:21:34.234 WARN  StrandBiasBySample - Annotation will not be calculated, genotype is not called or alleleLikelihoodMap is null
00:21:40.307 INFO  ProgressMeter -        chr1:21897258              1.9                 80910          42691.3
00:21:50.315 INFO  ProgressMeter -        chr1:24770258              2.1                 91630          44436.7
00:22:00.315 INFO  ProgressMeter -        chr1:27826225              2.2                103030          46228.7
00:22:05.239 WARN  StrandBiasBySample - Annotation will not be calculated, genotype is not called or alleleLikelihoodMap is null
00:22:07.369 WARN  StrandBiasBySample - Annotation will not be calculated, genotype is not called or alleleLikelihoodMap is null
00:22:10.316 INFO  ProgressMeter -        chr1:31930293              2.4                117960          49244.7
00:22:20.316 INFO  ProgressMeter -        chr1:35707897              2.6                131620          51372.9
00:22:30.081 WARN  StrandBiasBySample - Annotation will not be calculated, genotype is not called or alleleLikelihoodMap is null
00:22:30.083 WARN  StrandBiasBySample - Annotation will not be calculated, genotype is not called or alleleLikelihoodMap is null
00:22:30.319 INFO  ProgressMeter -        chr1:39504010              2.7                145360          53269.5
00:22:40.346 INFO  ProgressMeter -        chr1:42887580              2.9                157620          54429.0
00:22:50.367 INFO  ProgressMeter -        chr1:45621204              3.1                167740          54765.1
00:23:00.368 INFO  ProgressMeter -        chr1:49451206              3.2                181510          56202.3
00:23:05.766 WARN  StrandBiasBySample - Annotation will not be calculated, genotype is not called or alleleLikelihoodMap is null
00:23:10.369 INFO  ProgressMeter -        chr1:53861865              3.4                197330          58102.3
00:23:20.371 INFO  ProgressMeter -        chr1:58102377              3.6                212400          59613.5
00:23:25.925 WARN  StrandBiasBySample - Annotation will not be calculated, genotype is not called or alleleLikelihoodMap is null
00:23:25.927 WARN  StrandBiasBySample - Annotation will not be calculated, genotype is not called or alleleLikelihoodMap is null
00:23:25.928 WARN  StrandBiasBySample - Annotation will not be calculated, genotype is not called or alleleLikelihoodMap is null
00:23:30.370 INFO  ProgressMeter -        chr1:63429518              3.7                231070          61955.4
00:23:40.372 INFO  ProgressMeter -        chr1:68499778              3.9                248890          63878.3
00:23:50.372 INFO  ProgressMeter -        chr1:75453114              4.1                272790          67140.3
00:24:00.373 INFO  ProgressMeter -        chr1:81774299              4.2                294690          69672.2
00:24:09.205 WARN  StrandBiasBySample - Annotation will not be calculated, genotype is not called or alleleLikelihoodMap is null
00:24:10.375 INFO  ProgressMeter -        chr1:87560053              4.4                314830          71611.4
00:24:20.375 INFO  ProgressMeter -        chr1:92637763              4.6                332710          72914.2
00:24:30.376 INFO  ProgressMeter -        chr1:98320195              4.7                352590          74547.8
00:24:40.376 INFO  ProgressMeter -       chr1:104507894              4.9                374010          76385.0
00:24:50.382 INFO  ProgressMeter -       chr1:109607093              5.1                391830          77388.6
00:25:00.387 INFO  ProgressMeter -       chr1:113116398              5.2                404410          77326.5
00:25:10.390 INFO  ProgressMeter -       chr1:117956579              5.4                421490          78102.9
00:25:20.389 INFO  ProgressMeter -       chr1:124496930              5.6                443890          79789.5
00:25:30.391 INFO  ProgressMeter -       chr1:135694421              5.7                481250          83988.5
00:25:40.390 INFO  ProgressMeter -       chr1:145314351              5.9                513450          87075.4
00:25:50.416 INFO  ProgressMeter -       chr1:148110455              6.1                523410          86318.6
00:26:00.485 INFO  ProgressMeter -       chr1:151292132              6.2                534990          85852.1
00:26:10.493 INFO  ProgressMeter -       chr1:152354975              6.4                538960          84234.4
00:26:20.493 INFO  ProgressMeter -       chr1:154954905              6.6                548520          83552.2
00:26:30.496 INFO  ProgressMeter -       chr1:156618791              6.7                555110          82461.9
00:26:40.557 INFO  ProgressMeter -       chr1:159432943              6.9                565340          81940.5
00:26:50.568 INFO  ProgressMeter -       chr1:161632679              7.1                573560          81168.9
00:27:00.572 INFO  ProgressMeter -       chr1:166402328              7.2                590380          81623.3
00:27:08.740 WARN  StrandBiasBySample - Annotation will not be calculated, genotype is not called or alleleLikelihoodMap is null
00:27:10.573 INFO  ProgressMeter -       chr1:170098698              7.4                603610          81572.6
00:27:20.575 INFO  ProgressMeter -       chr1:174161827              7.6                618050          81683.9
00:27:30.591 INFO  ProgressMeter -       chr1:178886283              7.7                634760          82081.4
00:27:40.592 INFO  ProgressMeter -       chr1:182656939              7.9                648410          82077.4
00:27:50.617 INFO  ProgressMeter -       chr1:186361912              8.1                661660          82019.9
00:28:00.618 INFO  ProgressMeter -       chr1:193437094              8.2                686000          83315.6
00:28:10.622 INFO  ProgressMeter -       chr1:199265046              8.4                706080          84052.3
00:28:20.622 INFO  ProgressMeter -       chr1:201576694              8.6                714580          83409.3
00:28:30.629 INFO  ProgressMeter -       chr1:204245223              8.7                724570          82960.3
00:28:40.631 INFO  ProgressMeter -       chr1:206942830              8.9                734560          82529.0
00:28:50.632 INFO  ProgressMeter -       chr1:211189872              9.1                749550          82665.0
00:29:00.634 INFO  ProgressMeter -       chr1:215147378              9.2                763680          82702.9
00:29:10.636 INFO  ProgressMeter -       chr1:220422095              9.4                782150          83201.1
00:29:20.646 INFO  ProgressMeter -       chr1:224924576              9.6                798210          83428.9
00:29:27.024 WARN  StrandBiasBySample - Annotation will not be calculated, genotype is not called or alleleLikelihoodMap is null
00:29:27.025 WARN  StrandBiasBySample - Annotation will not be calculated, genotype is not called or alleleLikelihoodMap is null
00:29:27.025 WARN  StrandBiasBySample - Annotation will not be calculated, genotype is not called or alleleLikelihoodMap is null
00:29:27.025 WARN  StrandBiasBySample - Annotation will not be calculated, genotype is not called or alleleLikelihoodMap is null
00:29:30.671 INFO  ProgressMeter -       chr1:228158208              9.7                810140          83222.6
00:29:40.680 INFO  ProgressMeter -       chr1:231241333              9.9                821320          82949.5
00:29:50.692 INFO  ProgressMeter -       chr1:235586292             10.1                836900          83122.1
00:29:59.130 WARN  StrandBiasBySample - Annotation will not be calculated, genotype is not called or alleleLikelihoodMap is null
00:30:00.731 INFO  ProgressMeter -       chr1:237710661             10.2                844950          82549.9
00:30:10.738 INFO  ProgressMeter -       chr1:242903933             10.4                863340          82994.2
00:30:20.746 INFO  ProgressMeter -       chr1:247329757             10.6                879230          83187.8
00:30:21.058 WARN  StrandBiasBySample - Annotation will not be calculated, genotype is not called or alleleLikelihoodMap is null
00:30:30.800 INFO  ProgressMeter -       chr1:248856239             10.7                884690          82398.0
00:30:31.082 INFO  HaplotypeCaller - 246555 read(s) filtered by: ((((((((MappingQualityReadFilter AND MappingQualityAvailableReadFilter) AND MappedReadFilter) AND NotSecondaryAlignmentReadFilter) AND NotDuplicateReadFilter) AND PassesVendorQualityCheckReadFilter) AND NonZeroReferenceLengthAlignmentReadFilter) AND GoodCigarReadFilter) AND WellformedReadFilter)
  246555 read(s) filtered by: (((((((MappingQualityReadFilter AND MappingQualityAvailableReadFilter) AND MappedReadFilter) AND NotSecondaryAlignmentReadFilter) AND NotDuplicateReadFilter) AND PassesVendorQualityCheckReadFilter) AND NonZeroReferenceLengthAlignmentReadFilter) AND GoodCigarReadFilter)
      246555 read(s) filtered by: ((((((MappingQualityReadFilter AND MappingQualityAvailableReadFilter) AND MappedReadFilter) AND NotSecondaryAlignmentReadFilter) AND NotDuplicateReadFilter) AND PassesVendorQualityCheckReadFilter) AND NonZeroReferenceLengthAlignmentReadFilter)
          246555 read(s) filtered by: (((((MappingQualityReadFilter AND MappingQualityAvailableReadFilter) AND MappedReadFilter) AND NotSecondaryAlignmentReadFilter) AND NotDuplicateReadFilter) AND PassesVendorQualityCheckReadFilter)
              246555 read(s) filtered by: ((((MappingQualityReadFilter AND MappingQualityAvailableReadFilter) AND MappedReadFilter) AND NotSecondaryAlignmentReadFilter) AND NotDuplicateReadFilter)
                  169030 read(s) filtered by: (((MappingQualityReadFilter AND MappingQualityAvailableReadFilter) AND MappedReadFilter) AND NotSecondaryAlignmentReadFilter)
                      168299 read(s) filtered by: ((MappingQualityReadFilter AND MappingQualityAvailableReadFilter) AND MappedReadFilter)
                          168299 read(s) filtered by: (MappingQualityReadFilter AND MappingQualityAvailableReadFilter)
                              168299 read(s) filtered by: MappingQualityReadFilter 
                      731 read(s) filtered by: NotSecondaryAlignmentReadFilter 
                  77525 read(s) filtered by: NotDuplicateReadFilter 

00:30:31.082 INFO  ProgressMeter -       chr1:248955313             10.7                885053          82395.8
00:30:31.082 INFO  ProgressMeter - Traversal complete. Processed 885053 total regions in 10.7 minutes.
00:30:31.133 INFO  VectorLoglessPairHMM - Time spent in setup for JNI call : 0.174884497
00:30:31.134 INFO  PairHMM - Total compute time in PairHMM computeLogLikelihoods() : 40.160125444
00:30:31.134 INFO  SmithWatermanAligner - Total compute time in java Smith-Waterman : 22.96 sec
00:30:31.134 INFO  HaplotypeCaller - Shutting down engine
[March 13, 2021 12:30:31 AM EST] org.broadinstitute.hellbender.tools.walkers.haplotypecaller.HaplotypeCaller done. Elapsed time: 10.77 minutes.
Runtime.totalMemory()=6880231424
Using GATK jar /usr/local/apps/GATK/4.1.4.1/gatk-package-4.1.4.1-local.jar
Running:
    java -Dsamjdk.use_async_io_read_samtools=false -Dsamjdk.use_async_io_write_samtools=true -Dsamjdk.use_async_io_write_tribble=false -Dsamjdk.compression_level=2 -Xmx24g -jar /usr/local/apps/GATK/4.1.4.1/gatk-package-4.1.4.1-local.jar HaplotypeCaller --reference /data/tandonm/pl_test_data/human/genome/hg38/Homo_sapiens_assembly38.fasta --input /spin1/scratch/tandonm/pipeline_out/tn_test_1/bams/Sample10_ARK1_S37.test.recal.bam --use-jdk-inflater --use-jdk-deflater --emit-ref-confidence GVCF --annotation-group StandardAnnotation --annotation-group AS_StandardAnnotation --dbsnp /fdb/GATK_resource_bundle/hg38bundle/dbsnp_138.hg38.vcf.gz --output /spin1/scratch/tandonm/pipeline_out/tn_test_1/germline/gVCFs/Sample10_ARK1_S37.test.chr1.g.vcf.gz --intervals chr1 --max-alternate-alleles 3
[Sat Mar 13 00:30:31 2021]
Finished job 0.
1 of 1 steps (100%) done
{'Sample10_ARK1_S37.test': '--variant:mutect /spin1/scratch/tandonm/pipeline_out/tn_test_1/somatic/SNP_Indels/mutect_out/vcf/Sample10_ARK1_S37.test.FINAL.vcf --variant:strelka /spin1/scratch/tandonm/pipeline_out/tn_test_1/somatic/SNP_Indels/strelka_out/vcf/Sample10_ARK1_S37.test.FINAL.vcf --variant:mutect2 /spin1/scratch/tandonm/pipeline_out/tn_test_1/somatic/SNP_Indels/mutect2_out/vcf/Sample10_ARK1_S37.test.FINAL.vcf --variant:varscan /spin1/scratch/tandonm/pipeline_out/tn_test_1/somatic/SNP_Indels/varscan_out/vcf/Sample10_ARK1_S37.test.FINAL.vcf --variant:vardict /spin1/scratch/tandonm/pipeline_out/tn_test_1/somatic/SNP_Indels/vardict_out/vcf/Sample10_ARK1_S37.test.FINAL.vcf', 'Sample11_ACI_158_S38.test': '--variant:mutect /spin1/scratch/tandonm/pipeline_out/tn_test_1/somatic/SNP_Indels/mutect_out/vcf/Sample11_ACI_158_S38.test.FINAL.vcf --variant:strelka /spin1/scratch/tandonm/pipeline_out/tn_test_1/somatic/SNP_Indels/strelka_out/vcf/Sample11_ACI_158_S38.test.FINAL.vcf --variant:mutect2 /spin1/scratch/tandonm/pipeline_out/tn_test_1/somatic/SNP_Indels/mutect2_out/vcf/Sample11_ACI_158_S38.test.FINAL.vcf --variant:varscan /spin1/scratch/tandonm/pipeline_out/tn_test_1/somatic/SNP_Indels/varscan_out/vcf/Sample11_ACI_158_S38.test.FINAL.vcf --variant:vardict /spin1/scratch/tandonm/pipeline_out/tn_test_1/somatic/SNP_Indels/vardict_out/vcf/Sample11_ACI_158_S38.test.FINAL.vcf'}
