Building DAG of jobs...
Using shell: /usr/bin/bash
Provided cores: 4
Rules claiming more threads will be scaled down.
Job counts:
	count	jobs
	1	haplotypecaller
	1

[Sat Mar 13 00:20:36 2021]
rule haplotypecaller:
    input: /spin1/scratch/tandonm/pipeline_out/tn_test_1/bams/Sample4_CRL1622_S31.test.recal.bam
    output: /spin1/scratch/tandonm/pipeline_out/tn_test_1/germline/gVCFs/Sample4_CRL1622_S31.test.chr9.g.vcf.gz, /spin1/scratch/tandonm/pipeline_out/tn_test_1/germline/gVCFs/Sample4_CRL1622_S31.test.chr9.g.vcf.gz.tbi
    jobid: 0
    wildcards: samples=Sample4_CRL1622_S31.test, chroms=chr9

[+] Loading gcc  9.2.0  ... 
[+] Loading GSL 2.6 for GCC 9.2.0 ... 
[-] Unloading gcc  9.2.0  ... 
[+] Loading gcc  9.2.0  ... 
[+] Loading openmpi 3.1.4  for GCC 9.2.0 
[+] Loading ImageMagick  7.0.8  on cn4480 
[+] Loading HDF5  1.10.4 
[-] Unloading gcc  9.2.0  ... 
[+] Loading gcc  9.2.0  ... 
[+] Loading NetCDF 4.7.4_gcc9.2.0 
[+] Loading pandoc  2.11.4  on cn4480 
[+] Loading R 3.6.3 
[+] Loading GATK  4.1.4.1 

GATK/4 includes its own python environment. Loading a different python
environment
after the GATK module will result in some tools failing. Conversely, the python
environment included with GATK/4 will override any python modules you may
already
have loaded.


00:20:40.179 WARN  GATKAnnotationPluginDescriptor - Redundant enabled annotation group (StandardAnnotation) is enabled for this tool by default
Mar 13, 2021 12:20:40 AM shaded.cloud_nio.com.google.auth.oauth2.ComputeEngineCredentials runningOnComputeEngine
INFO: Failed to detect whether we are running on Google Compute Engine.
00:20:40.477 INFO  HaplotypeCaller - ------------------------------------------------------------
00:20:40.478 INFO  HaplotypeCaller - The Genome Analysis Toolkit (GATK) v4.1.4.1
00:20:40.478 INFO  HaplotypeCaller - For support and documentation go to https://software.broadinstitute.org/gatk/
00:20:40.478 INFO  HaplotypeCaller - Executing as tandonm@cn4480 on Linux v3.10.0-862.14.4.el7.x86_64 amd64
00:20:40.478 INFO  HaplotypeCaller - Java runtime: OpenJDK 64-Bit Server VM v1.8.0_181-b13
00:20:40.478 INFO  HaplotypeCaller - Start Date/Time: March 13, 2021 12:20:40 AM EST
00:20:40.478 INFO  HaplotypeCaller - ------------------------------------------------------------
00:20:40.479 INFO  HaplotypeCaller - ------------------------------------------------------------
00:20:40.479 INFO  HaplotypeCaller - HTSJDK Version: 2.21.0
00:20:40.479 INFO  HaplotypeCaller - Picard Version: 2.21.2
00:20:40.485 INFO  HaplotypeCaller - HTSJDK Defaults.COMPRESSION_LEVEL : 2
00:20:40.485 INFO  HaplotypeCaller - HTSJDK Defaults.USE_ASYNC_IO_READ_FOR_SAMTOOLS : false
00:20:40.485 INFO  HaplotypeCaller - HTSJDK Defaults.USE_ASYNC_IO_WRITE_FOR_SAMTOOLS : true
00:20:40.485 INFO  HaplotypeCaller - HTSJDK Defaults.USE_ASYNC_IO_WRITE_FOR_TRIBBLE : false
00:20:40.487 INFO  HaplotypeCaller - Deflater: JdkDeflater
00:20:40.488 INFO  HaplotypeCaller - Inflater: JdkInflater
00:20:40.488 INFO  HaplotypeCaller - GCS max retries/reopens: 20
00:20:40.488 INFO  HaplotypeCaller - Requester pays: disabled
00:20:40.488 INFO  HaplotypeCaller - Initializing engine
WARNING	2021-03-13 00:20:40	SamFiles	The index file /gpfs/gsfs7/users/tandonm/pl_test_data/human/bams/Sample4_CRL1622_S31.test.recal.bai was found by resolving the canonical path of a symlink: /spin1/scratch/tandonm/pipeline_out/tn_test_1/bams/Sample4_CRL1622_S31.test.recal.bam -> /gpfs/gsfs7/users/tandonm/pl_test_data/human/bams/Sample4_CRL1622_S31.test.recal.bam
WARNING: BAM index file /gpfs/gsfs7/users/tandonm/pl_test_data/human/bams/Sample4_CRL1622_S31.test.recal.bai is older than BAM /spin1/scratch/tandonm/pipeline_out/tn_test_1/bams/Sample4_CRL1622_S31.test.recal.bam
00:20:41.311 INFO  FeatureManager - Using codec VCFCodec to read file file:///fdb/GATK_resource_bundle/hg38bundle/dbsnp_138.hg38.vcf.gz
00:20:41.582 INFO  IntervalArgumentCollection - Processing 138394717 bp from intervals
00:20:41.632 INFO  HaplotypeCaller - Done initializing engine
00:20:41.634 INFO  HaplotypeCallerEngine - Tool is in reference confidence mode and the annotation, the following changes will be made to any specified annotations: 'StrandBiasBySample' will be enabled. 'ChromosomeCounts', 'FisherStrand', 'StrandOddsRatio' and 'QualByDepth' annotations have been disabled
00:20:41.704 INFO  HaplotypeCallerEngine - Standard Emitting and Calling confidence set to 0.0 for reference-model confidence output
00:20:41.704 INFO  HaplotypeCallerEngine - All sites annotated with PLs forced to true for reference-model confidence output
00:20:41.721 INFO  NativeLibraryLoader - Loading libgkl_utils.so from jar:file:/usr/local/apps/GATK/4.1.4.1/gatk-package-4.1.4.1-local.jar!/com/intel/gkl/native/libgkl_utils.so
00:20:41.723 INFO  NativeLibraryLoader - Loading libgkl_pairhmm_omp.so from jar:file:/usr/local/apps/GATK/4.1.4.1/gatk-package-4.1.4.1-local.jar!/com/intel/gkl/native/libgkl_pairhmm_omp.so
00:20:41.783 INFO  IntelPairHmm - Flush-to-zero (FTZ) is enabled when running PairHMM
00:20:41.784 INFO  IntelPairHmm - Available threads: 1
00:20:41.784 INFO  IntelPairHmm - Requested threads: 4
00:20:41.784 WARN  IntelPairHmm - Using 1 available threads, but 4 were requested
00:20:41.784 INFO  PairHMM - Using the OpenMP multi-threaded AVX-accelerated native PairHMM implementation
00:20:41.887 INFO  ProgressMeter - Starting traversal
00:20:41.887 INFO  ProgressMeter -        Current Locus  Elapsed Minutes     Regions Processed   Regions/Minute
00:20:42.697 WARN  InbreedingCoeff - InbreedingCoeff will not be calculated; at least 10 samples must have called genotypes
00:20:51.899 INFO  ProgressMeter -          chr9:848202              0.2                  3180          19059.0
00:21:01.905 INFO  ProgressMeter -         chr9:3845747              0.3                 13700          41063.0
00:21:04.594 WARN  DepthPerSampleHC - Annotation will not be calculated, genotype is not called or alleleLikelihoodMap is null
00:21:04.596 WARN  StrandBiasBySample - Annotation will not be calculated, genotype is not called or alleleLikelihoodMap is null
00:21:11.908 INFO  ProgressMeter -         chr9:6990106              0.5                 25150          50264.8
00:21:21.910 INFO  ProgressMeter -        chr9:12684210              0.7                 44940          67371.3
00:21:31.910 INFO  ProgressMeter -        chr9:16280709              0.8                 57840          69376.1
00:21:41.911 INFO  ProgressMeter -        chr9:19754801              1.0                 70390          70361.9
00:21:51.919 INFO  ProgressMeter -        chr9:24761348              1.2                 87920          75325.6
00:22:01.921 INFO  ProgressMeter -        chr9:30054070              1.3                106400          79766.1
00:22:11.952 INFO  ProgressMeter -        chr9:33625782              1.5                119260          79450.2
00:22:21.955 INFO  ProgressMeter -        chr9:35705548              1.7                127240          76292.9
00:22:31.967 INFO  ProgressMeter -        chr9:38070373              1.8                136250          74264.2
00:22:41.967 INFO  ProgressMeter -        chr9:42455001              2.0                151750          75824.5
00:22:51.970 INFO  ProgressMeter -        chr9:52751522              2.2                186260          85911.3
00:23:02.137 INFO  ProgressMeter -        chr9:62602315              2.3                219230          93788.2
00:23:04.443 WARN  StrandBiasBySample - Annotation will not be calculated, genotype is not called or alleleLikelihoodMap is null
00:23:04.444 WARN  StrandBiasBySample - Annotation will not be calculated, genotype is not called or alleleLikelihoodMap is null
00:23:04.444 WARN  StrandBiasBySample - Annotation will not be calculated, genotype is not called or alleleLikelihoodMap is null
00:23:12.141 INFO  ProgressMeter -        chr9:69404349              2.5                242580          96868.0
00:23:22.141 INFO  ProgressMeter -        chr9:75894950              2.7                265020          99225.0
00:23:32.142 INFO  ProgressMeter -        chr9:82180026              2.8                286770         101061.3
00:23:42.146 INFO  ProgressMeter -        chr9:88395992              3.0                308360         102639.0
00:23:52.149 INFO  ProgressMeter -        chr9:93770831              3.2                327120         103158.8
00:24:02.151 INFO  ProgressMeter -        chr9:98999604              3.3                345500         103513.4
00:24:12.157 INFO  ProgressMeter -       chr9:105521344              3.5                367910         104982.2
00:24:15.710 WARN  StrandBiasBySample - Annotation will not be calculated, genotype is not called or alleleLikelihoodMap is null
00:24:22.171 INFO  ProgressMeter -       chr9:111395103              3.7                388340         105774.4
00:24:30.936 WARN  StrandBiasBySample - Annotation will not be calculated, genotype is not called or alleleLikelihoodMap is null
00:24:30.939 WARN  StrandBiasBySample - Annotation will not be calculated, genotype is not called or alleleLikelihoodMap is null
00:24:32.176 INFO  ProgressMeter -       chr9:116112553              3.8                405070         105537.8
00:24:42.195 INFO  ProgressMeter -       chr9:122553151              4.0                427320         106693.1
00:24:52.195 INFO  ProgressMeter -       chr9:126229985              4.2                440620         105618.7
00:25:02.196 INFO  ProgressMeter -       chr9:128716366              4.3                450070         103739.0
00:25:12.597 WARN  StrandBiasBySample - Annotation will not be calculated, genotype is not called or alleleLikelihoodMap is null
00:25:12.598 WARN  StrandBiasBySample - Annotation will not be calculated, genotype is not called or alleleLikelihoodMap is null
00:25:12.609 INFO  ProgressMeter -       chr9:131068256              4.5                459120         101754.6
00:25:21.861 WARN  StrandBiasBySample - Annotation will not be calculated, genotype is not called or alleleLikelihoodMap is null
00:25:21.863 WARN  StrandBiasBySample - Annotation will not be calculated, genotype is not called or alleleLikelihoodMap is null
00:25:22.632 INFO  ProgressMeter -       chr9:133395941              4.7                467890          99996.1
00:25:32.646 INFO  ProgressMeter -       chr9:135945787              4.8                477360          98506.3
00:25:42.649 INFO  ProgressMeter -       chr9:137403645              5.0                483160          96387.2
00:25:45.845 INFO  HaplotypeCaller - 77754 read(s) filtered by: ((((((((MappingQualityReadFilter AND MappingQualityAvailableReadFilter) AND MappedReadFilter) AND NotSecondaryAlignmentReadFilter) AND NotDuplicateReadFilter) AND PassesVendorQualityCheckReadFilter) AND NonZeroReferenceLengthAlignmentReadFilter) AND GoodCigarReadFilter) AND WellformedReadFilter)
  77754 read(s) filtered by: (((((((MappingQualityReadFilter AND MappingQualityAvailableReadFilter) AND MappedReadFilter) AND NotSecondaryAlignmentReadFilter) AND NotDuplicateReadFilter) AND PassesVendorQualityCheckReadFilter) AND NonZeroReferenceLengthAlignmentReadFilter) AND GoodCigarReadFilter)
      77754 read(s) filtered by: ((((((MappingQualityReadFilter AND MappingQualityAvailableReadFilter) AND MappedReadFilter) AND NotSecondaryAlignmentReadFilter) AND NotDuplicateReadFilter) AND PassesVendorQualityCheckReadFilter) AND NonZeroReferenceLengthAlignmentReadFilter)
          77754 read(s) filtered by: (((((MappingQualityReadFilter AND MappingQualityAvailableReadFilter) AND MappedReadFilter) AND NotSecondaryAlignmentReadFilter) AND NotDuplicateReadFilter) AND PassesVendorQualityCheckReadFilter)
              77754 read(s) filtered by: ((((MappingQualityReadFilter AND MappingQualityAvailableReadFilter) AND MappedReadFilter) AND NotSecondaryAlignmentReadFilter) AND NotDuplicateReadFilter)
                  43481 read(s) filtered by: (((MappingQualityReadFilter AND MappingQualityAvailableReadFilter) AND MappedReadFilter) AND NotSecondaryAlignmentReadFilter)
                      43158 read(s) filtered by: ((MappingQualityReadFilter AND MappingQualityAvailableReadFilter) AND MappedReadFilter)
                          43158 read(s) filtered by: (MappingQualityReadFilter AND MappingQualityAvailableReadFilter)
                              43158 read(s) filtered by: MappingQualityReadFilter 
                      323 read(s) filtered by: NotSecondaryAlignmentReadFilter 
                  34273 read(s) filtered by: NotDuplicateReadFilter 

00:25:45.846 INFO  ProgressMeter -       chr9:138393861              5.1                486762          96084.4
00:25:45.846 INFO  ProgressMeter - Traversal complete. Processed 486762 total regions in 5.1 minutes.
00:25:45.880 INFO  VectorLoglessPairHMM - Time spent in setup for JNI call : 0.06817202800000001
00:25:45.880 INFO  PairHMM - Total compute time in PairHMM computeLogLikelihoods() : 6.040135391000001
00:25:45.880 INFO  SmithWatermanAligner - Total compute time in java Smith-Waterman : 7.27 sec
00:25:45.881 INFO  HaplotypeCaller - Shutting down engine
[March 13, 2021 12:25:45 AM EST] org.broadinstitute.hellbender.tools.walkers.haplotypecaller.HaplotypeCaller done. Elapsed time: 5.09 minutes.
Runtime.totalMemory()=3767533568
Using GATK jar /usr/local/apps/GATK/4.1.4.1/gatk-package-4.1.4.1-local.jar
Running:
    java -Dsamjdk.use_async_io_read_samtools=false -Dsamjdk.use_async_io_write_samtools=true -Dsamjdk.use_async_io_write_tribble=false -Dsamjdk.compression_level=2 -Xmx24g -jar /usr/local/apps/GATK/4.1.4.1/gatk-package-4.1.4.1-local.jar HaplotypeCaller --reference /data/tandonm/pl_test_data/human/genome/hg38/Homo_sapiens_assembly38.fasta --input /spin1/scratch/tandonm/pipeline_out/tn_test_1/bams/Sample4_CRL1622_S31.test.recal.bam --use-jdk-inflater --use-jdk-deflater --emit-ref-confidence GVCF --annotation-group StandardAnnotation --annotation-group AS_StandardAnnotation --dbsnp /fdb/GATK_resource_bundle/hg38bundle/dbsnp_138.hg38.vcf.gz --output /spin1/scratch/tandonm/pipeline_out/tn_test_1/germline/gVCFs/Sample4_CRL1622_S31.test.chr9.g.vcf.gz --intervals chr9 --max-alternate-alleles 3
[Sat Mar 13 00:25:46 2021]
Finished job 0.
1 of 1 steps (100%) done
{'Sample10_ARK1_S37.test': '--variant:mutect2 /spin1/scratch/tandonm/pipeline_out/tn_test_1/somatic/SNP_Indels/mutect2_out/vcf/Sample10_ARK1_S37.test.FINAL.vcf --variant:vardict /spin1/scratch/tandonm/pipeline_out/tn_test_1/somatic/SNP_Indels/vardict_out/vcf/Sample10_ARK1_S37.test.FINAL.vcf --variant:varscan /spin1/scratch/tandonm/pipeline_out/tn_test_1/somatic/SNP_Indels/varscan_out/vcf/Sample10_ARK1_S37.test.FINAL.vcf --variant:strelka /spin1/scratch/tandonm/pipeline_out/tn_test_1/somatic/SNP_Indels/strelka_out/vcf/Sample10_ARK1_S37.test.FINAL.vcf --variant:mutect /spin1/scratch/tandonm/pipeline_out/tn_test_1/somatic/SNP_Indels/mutect_out/vcf/Sample10_ARK1_S37.test.FINAL.vcf', 'Sample11_ACI_158_S38.test': '--variant:mutect2 /spin1/scratch/tandonm/pipeline_out/tn_test_1/somatic/SNP_Indels/mutect2_out/vcf/Sample11_ACI_158_S38.test.FINAL.vcf --variant:vardict /spin1/scratch/tandonm/pipeline_out/tn_test_1/somatic/SNP_Indels/vardict_out/vcf/Sample11_ACI_158_S38.test.FINAL.vcf --variant:varscan /spin1/scratch/tandonm/pipeline_out/tn_test_1/somatic/SNP_Indels/varscan_out/vcf/Sample11_ACI_158_S38.test.FINAL.vcf --variant:strelka /spin1/scratch/tandonm/pipeline_out/tn_test_1/somatic/SNP_Indels/strelka_out/vcf/Sample11_ACI_158_S38.test.FINAL.vcf --variant:mutect /spin1/scratch/tandonm/pipeline_out/tn_test_1/somatic/SNP_Indels/mutect_out/vcf/Sample11_ACI_158_S38.test.FINAL.vcf'}
