Building DAG of jobs...
Using shell: /usr/bin/bash
Provided cores: 4
Rules claiming more threads will be scaled down.
Job counts:
	count	jobs
	1	haplotypecaller
	1

[Sat Mar 13 00:18:51 2021]
rule haplotypecaller:
    input: /spin1/scratch/tandonm/pipeline_out/tn_test_1/bams/Sample11_ACI_158_S38.test.recal.bam
    output: /spin1/scratch/tandonm/pipeline_out/tn_test_1/germline/gVCFs/Sample11_ACI_158_S38.test.chr12.g.vcf.gz, /spin1/scratch/tandonm/pipeline_out/tn_test_1/germline/gVCFs/Sample11_ACI_158_S38.test.chr12.g.vcf.gz.tbi
    jobid: 0
    wildcards: samples=Sample11_ACI_158_S38.test, chroms=chr12

[+] Loading gcc  9.2.0  ... 
[+] Loading GSL 2.6 for GCC 9.2.0 ... 
[-] Unloading gcc  9.2.0  ... 
[+] Loading gcc  9.2.0  ... 
[+] Loading openmpi 3.1.4  for GCC 9.2.0 
[+] Loading ImageMagick  7.0.8  on cn2402 
[+] Loading HDF5  1.10.4 
[-] Unloading gcc  9.2.0  ... 
[+] Loading gcc  9.2.0  ... 
[+] Loading NetCDF 4.7.4_gcc9.2.0 
[+] Loading pandoc  2.11.4  on cn2402 
[+] Loading R 3.6.3 
[+] Loading GATK  4.1.4.1 

GATK/4 includes its own python environment. Loading a different python
environment
after the GATK module will result in some tools failing. Conversely, the python
environment included with GATK/4 will override any python modules you may
already
have loaded.


00:18:56.481 WARN  GATKAnnotationPluginDescriptor - Redundant enabled annotation group (StandardAnnotation) is enabled for this tool by default
Mar 13, 2021 12:18:56 AM shaded.cloud_nio.com.google.auth.oauth2.ComputeEngineCredentials runningOnComputeEngine
INFO: Failed to detect whether we are running on Google Compute Engine.
00:18:56.809 INFO  HaplotypeCaller - ------------------------------------------------------------
00:18:56.809 INFO  HaplotypeCaller - The Genome Analysis Toolkit (GATK) v4.1.4.1
00:18:56.809 INFO  HaplotypeCaller - For support and documentation go to https://software.broadinstitute.org/gatk/
00:18:56.809 INFO  HaplotypeCaller - Executing as tandonm@cn2402 on Linux v3.10.0-862.14.4.el7.x86_64 amd64
00:18:56.809 INFO  HaplotypeCaller - Java runtime: OpenJDK 64-Bit Server VM v1.8.0_181-b13
00:18:56.809 INFO  HaplotypeCaller - Start Date/Time: March 13, 2021 12:18:56 AM EST
00:18:56.810 INFO  HaplotypeCaller - ------------------------------------------------------------
00:18:56.810 INFO  HaplotypeCaller - ------------------------------------------------------------
00:18:56.810 INFO  HaplotypeCaller - HTSJDK Version: 2.21.0
00:18:56.810 INFO  HaplotypeCaller - Picard Version: 2.21.2
00:18:56.813 INFO  HaplotypeCaller - HTSJDK Defaults.COMPRESSION_LEVEL : 2
00:18:56.813 INFO  HaplotypeCaller - HTSJDK Defaults.USE_ASYNC_IO_READ_FOR_SAMTOOLS : false
00:18:56.813 INFO  HaplotypeCaller - HTSJDK Defaults.USE_ASYNC_IO_WRITE_FOR_SAMTOOLS : true
00:18:56.813 INFO  HaplotypeCaller - HTSJDK Defaults.USE_ASYNC_IO_WRITE_FOR_TRIBBLE : false
00:18:56.814 INFO  HaplotypeCaller - Deflater: JdkDeflater
00:18:56.815 INFO  HaplotypeCaller - Inflater: JdkInflater
00:18:56.815 INFO  HaplotypeCaller - GCS max retries/reopens: 20
00:18:56.815 INFO  HaplotypeCaller - Requester pays: disabled
00:18:56.815 INFO  HaplotypeCaller - Initializing engine
WARNING	2021-03-13 00:18:57	SamFiles	The index file /gpfs/gsfs7/users/tandonm/pl_test_data/human/bams/Sample11_ACI_158_S38.test.recal.bai was found by resolving the canonical path of a symlink: /spin1/scratch/tandonm/pipeline_out/tn_test_1/bams/Sample11_ACI_158_S38.test.recal.bam -> /gpfs/gsfs7/users/tandonm/pl_test_data/human/bams/Sample11_ACI_158_S38.test.recal.bam
WARNING: BAM index file /gpfs/gsfs7/users/tandonm/pl_test_data/human/bams/Sample11_ACI_158_S38.test.recal.bai is older than BAM /spin1/scratch/tandonm/pipeline_out/tn_test_1/bams/Sample11_ACI_158_S38.test.recal.bam
00:18:57.579 INFO  FeatureManager - Using codec VCFCodec to read file file:///fdb/GATK_resource_bundle/hg38bundle/dbsnp_138.hg38.vcf.gz
00:18:57.795 INFO  IntervalArgumentCollection - Processing 133275309 bp from intervals
00:18:57.850 INFO  HaplotypeCaller - Done initializing engine
00:18:57.853 INFO  HaplotypeCallerEngine - Tool is in reference confidence mode and the annotation, the following changes will be made to any specified annotations: 'StrandBiasBySample' will be enabled. 'ChromosomeCounts', 'FisherStrand', 'StrandOddsRatio' and 'QualByDepth' annotations have been disabled
00:18:57.931 INFO  HaplotypeCallerEngine - Standard Emitting and Calling confidence set to 0.0 for reference-model confidence output
00:18:57.931 INFO  HaplotypeCallerEngine - All sites annotated with PLs forced to true for reference-model confidence output
00:18:57.949 INFO  NativeLibraryLoader - Loading libgkl_utils.so from jar:file:/usr/local/apps/GATK/4.1.4.1/gatk-package-4.1.4.1-local.jar!/com/intel/gkl/native/libgkl_utils.so
00:18:57.952 INFO  NativeLibraryLoader - Loading libgkl_pairhmm_omp.so from jar:file:/usr/local/apps/GATK/4.1.4.1/gatk-package-4.1.4.1-local.jar!/com/intel/gkl/native/libgkl_pairhmm_omp.so
00:18:58.014 INFO  IntelPairHmm - Using CPU-supported AVX-512 instructions
00:18:58.014 INFO  IntelPairHmm - Flush-to-zero (FTZ) is enabled when running PairHMM
00:18:58.015 INFO  IntelPairHmm - Available threads: 1
00:18:58.015 INFO  IntelPairHmm - Requested threads: 4
00:18:58.015 WARN  IntelPairHmm - Using 1 available threads, but 4 were requested
00:18:58.015 INFO  PairHMM - Using the OpenMP multi-threaded AVX-accelerated native PairHMM implementation
00:18:58.094 INFO  ProgressMeter - Starting traversal
00:18:58.094 INFO  ProgressMeter -        Current Locus  Elapsed Minutes     Regions Processed   Regions/Minute
00:18:59.053 WARN  InbreedingCoeff - InbreedingCoeff will not be calculated; at least 10 samples must have called genotypes
00:19:08.105 INFO  ProgressMeter -        chr12:1239644              0.2                  4630          27749.5
00:19:18.118 INFO  ProgressMeter -        chr12:4657409              0.3                 16990          50908.9
00:19:28.124 INFO  ProgressMeter -        chr12:6945137              0.5                 25510          50970.7
00:19:38.128 INFO  ProgressMeter -        chr12:9113329              0.7                 33720          50537.0
00:19:48.139 INFO  ProgressMeter -       chr12:12985227              0.8                 47640          57116.6
00:19:58.139 INFO  ProgressMeter -       chr12:19098464              1.0                 68890          68838.4
00:20:02.916 WARN  DepthPerSampleHC - Annotation will not be calculated, genotype is not called or alleleLikelihoodMap is null
00:20:02.916 WARN  StrandBiasBySample - Annotation will not be calculated, genotype is not called or alleleLikelihoodMap is null
00:20:08.143 INFO  ProgressMeter -       chr12:24985295              1.2                 89450          76617.8
00:20:18.179 INFO  ProgressMeter -       chr12:29473465              1.3                105230          78838.7
00:20:24.555 WARN  StrandBiasBySample - Annotation will not be calculated, genotype is not called or alleleLikelihoodMap is null
00:20:25.472 WARN  StrandBiasBySample - Annotation will not be calculated, genotype is not called or alleleLikelihoodMap is null
00:20:25.473 WARN  StrandBiasBySample - Annotation will not be calculated, genotype is not called or alleleLikelihoodMap is null
00:20:28.179 INFO  ProgressMeter -       chr12:34487561              1.5                123100          81989.2
00:20:38.209 INFO  ProgressMeter -       chr12:40489328              1.7                143560          86037.1
00:20:41.951 WARN  StrandBiasBySample - Annotation will not be calculated, genotype is not called or alleleLikelihoodMap is null
00:20:41.952 WARN  StrandBiasBySample - Annotation will not be calculated, genotype is not called or alleleLikelihoodMap is null
00:20:48.210 INFO  ProgressMeter -       chr12:46655261              1.8                164910          89856.2
00:20:56.705 WARN  StrandBiasBySample - Annotation will not be calculated, genotype is not called or alleleLikelihoodMap is null
00:20:56.707 WARN  StrandBiasBySample - Annotation will not be calculated, genotype is not called or alleleLikelihoodMap is null
00:20:56.707 WARN  StrandBiasBySample - Annotation will not be calculated, genotype is not called or alleleLikelihoodMap is null
00:20:58.252 INFO  ProgressMeter -       chr12:50356895              2.0                178440          89102.7
00:21:08.291 INFO  ProgressMeter -       chr12:52773101              2.2                187520          86416.7
00:21:18.294 INFO  ProgressMeter -       chr12:55863907              2.3                198860          85104.1
00:21:28.295 INFO  ProgressMeter -       chr12:57687337              2.5                205900          82249.8
00:21:39.256 INFO  ProgressMeter -       chr12:63823404              2.7                227440          84675.0
00:21:49.259 INFO  ProgressMeter -       chr12:66736122              2.9                238290          83529.9
00:21:59.259 INFO  ProgressMeter -       chr12:71157376              3.0                254210          84191.8
00:22:09.263 INFO  ProgressMeter -       chr12:79183486              3.2                281860          88464.1
00:22:19.268 INFO  ProgressMeter -       chr12:88025649              3.4                312110          93086.6
00:22:24.274 WARN  StrandBiasBySample - Annotation will not be calculated, genotype is not called or alleleLikelihoodMap is null
00:22:24.276 WARN  StrandBiasBySample - Annotation will not be calculated, genotype is not called or alleleLikelihoodMap is null
00:22:24.276 WARN  StrandBiasBySample - Annotation will not be calculated, genotype is not called or alleleLikelihoodMap is null
00:22:24.277 WARN  StrandBiasBySample - Annotation will not be calculated, genotype is not called or alleleLikelihoodMap is null
00:22:24.277 WARN  StrandBiasBySample - Annotation will not be calculated, genotype is not called or alleleLikelihoodMap is null
00:22:24.277 WARN  StrandBiasBySample - Annotation will not be calculated, genotype is not called or alleleLikelihoodMap is null
00:22:24.277 WARN  StrandBiasBySample - Annotation will not be calculated, genotype is not called or alleleLikelihoodMap is null
00:22:24.277 WARN  StrandBiasBySample - Annotation will not be calculated, genotype is not called or alleleLikelihoodMap is null
00:22:24.277 WARN  StrandBiasBySample - Annotation will not be calculated, genotype is not called or alleleLikelihoodMap is null
00:22:24.278 WARN  StrandBiasBySample - Annotation will not be calculated, genotype is not called or alleleLikelihoodMap is null
00:22:24.278 WARN  StrandBiasBySample - Annotation will not be calculated, genotype is not called or alleleLikelihoodMap is null
00:22:28.316 WARN  StrandBiasBySample - Annotation will not be calculated, genotype is not called or alleleLikelihoodMap is null
00:22:28.316 WARN  StrandBiasBySample - Annotation will not be calculated, genotype is not called or alleleLikelihoodMap is null
00:22:28.317 WARN  StrandBiasBySample - Annotation will not be calculated, genotype is not called or alleleLikelihoodMap is null
00:22:29.273 INFO  ProgressMeter -       chr12:95605719              3.5                338410          96149.2
00:22:33.544 WARN  StrandBiasBySample - Annotation will not be calculated, genotype is not called or alleleLikelihoodMap is null
00:22:39.274 INFO  ProgressMeter -      chr12:101887670              3.7                360410          97769.2
00:22:45.485 WARN  StrandBiasBySample - Annotation will not be calculated, genotype is not called or alleleLikelihoodMap is null
00:22:45.486 WARN  StrandBiasBySample - Annotation will not be calculated, genotype is not called or alleleLikelihoodMap is null
00:22:45.486 WARN  StrandBiasBySample - Annotation will not be calculated, genotype is not called or alleleLikelihoodMap is null
00:22:45.486 WARN  StrandBiasBySample - Annotation will not be calculated, genotype is not called or alleleLikelihoodMap is null
00:22:45.486 WARN  StrandBiasBySample - Annotation will not be calculated, genotype is not called or alleleLikelihoodMap is null
00:22:49.275 INFO  ProgressMeter -      chr12:107478628              3.9                380050          98637.0
00:22:59.276 INFO  ProgressMeter -      chr12:111280223              4.0                394080          98037.2
00:23:09.278 INFO  ProgressMeter -      chr12:116343824              4.2                412300          98485.6
00:23:19.278 INFO  ProgressMeter -      chr12:120985001              4.4                429320          98624.7
00:23:29.301 INFO  ProgressMeter -      chr12:123621333              4.5                439740          97285.1
00:23:39.304 INFO  ProgressMeter -      chr12:129821459              4.7                461770          98524.9
00:23:47.890 INFO  HaplotypeCaller - 52680 read(s) filtered by: ((((((((MappingQualityReadFilter AND MappingQualityAvailableReadFilter) AND MappedReadFilter) AND NotSecondaryAlignmentReadFilter) AND NotDuplicateReadFilter) AND PassesVendorQualityCheckReadFilter) AND NonZeroReferenceLengthAlignmentReadFilter) AND GoodCigarReadFilter) AND WellformedReadFilter)
  52680 read(s) filtered by: (((((((MappingQualityReadFilter AND MappingQualityAvailableReadFilter) AND MappedReadFilter) AND NotSecondaryAlignmentReadFilter) AND NotDuplicateReadFilter) AND PassesVendorQualityCheckReadFilter) AND NonZeroReferenceLengthAlignmentReadFilter) AND GoodCigarReadFilter)
      52680 read(s) filtered by: ((((((MappingQualityReadFilter AND MappingQualityAvailableReadFilter) AND MappedReadFilter) AND NotSecondaryAlignmentReadFilter) AND NotDuplicateReadFilter) AND PassesVendorQualityCheckReadFilter) AND NonZeroReferenceLengthAlignmentReadFilter)
          52680 read(s) filtered by: (((((MappingQualityReadFilter AND MappingQualityAvailableReadFilter) AND MappedReadFilter) AND NotSecondaryAlignmentReadFilter) AND NotDuplicateReadFilter) AND PassesVendorQualityCheckReadFilter)
              52680 read(s) filtered by: ((((MappingQualityReadFilter AND MappingQualityAvailableReadFilter) AND MappedReadFilter) AND NotSecondaryAlignmentReadFilter) AND NotDuplicateReadFilter)
                  19689 read(s) filtered by: (((MappingQualityReadFilter AND MappingQualityAvailableReadFilter) AND MappedReadFilter) AND NotSecondaryAlignmentReadFilter)
                      19376 read(s) filtered by: ((MappingQualityReadFilter AND MappingQualityAvailableReadFilter) AND MappedReadFilter)
                          19376 read(s) filtered by: (MappingQualityReadFilter AND MappingQualityAvailableReadFilter)
                              19376 read(s) filtered by: MappingQualityReadFilter 
                      313 read(s) filtered by: NotSecondaryAlignmentReadFilter 
                  32991 read(s) filtered by: NotDuplicateReadFilter 

00:23:47.890 INFO  ProgressMeter -      chr12:133273431              4.8                474516          98244.8
00:23:47.890 INFO  ProgressMeter - Traversal complete. Processed 474516 total regions in 4.8 minutes.
00:23:47.915 INFO  VectorLoglessPairHMM - Time spent in setup for JNI call : 0.081096151
00:23:47.915 INFO  PairHMM - Total compute time in PairHMM computeLogLikelihoods() : 9.959221331
00:23:47.915 INFO  SmithWatermanAligner - Total compute time in java Smith-Waterman : 9.27 sec
00:23:47.916 INFO  HaplotypeCaller - Shutting down engine
[March 13, 2021 12:23:47 AM EST] org.broadinstitute.hellbender.tools.walkers.haplotypecaller.HaplotypeCaller done. Elapsed time: 4.86 minutes.
Runtime.totalMemory()=2810707968
Using GATK jar /usr/local/apps/GATK/4.1.4.1/gatk-package-4.1.4.1-local.jar
Running:
    java -Dsamjdk.use_async_io_read_samtools=false -Dsamjdk.use_async_io_write_samtools=true -Dsamjdk.use_async_io_write_tribble=false -Dsamjdk.compression_level=2 -Xmx24g -jar /usr/local/apps/GATK/4.1.4.1/gatk-package-4.1.4.1-local.jar HaplotypeCaller --reference /data/tandonm/pl_test_data/human/genome/hg38/Homo_sapiens_assembly38.fasta --input /spin1/scratch/tandonm/pipeline_out/tn_test_1/bams/Sample11_ACI_158_S38.test.recal.bam --use-jdk-inflater --use-jdk-deflater --emit-ref-confidence GVCF --annotation-group StandardAnnotation --annotation-group AS_StandardAnnotation --dbsnp /fdb/GATK_resource_bundle/hg38bundle/dbsnp_138.hg38.vcf.gz --output /spin1/scratch/tandonm/pipeline_out/tn_test_1/germline/gVCFs/Sample11_ACI_158_S38.test.chr12.g.vcf.gz --intervals chr12 --max-alternate-alleles 3
[Sat Mar 13 00:23:48 2021]
Finished job 0.
1 of 1 steps (100%) done
{'Sample10_ARK1_S37.test': '--variant:mutect /spin1/scratch/tandonm/pipeline_out/tn_test_1/somatic/SNP_Indels/mutect_out/vcf/Sample10_ARK1_S37.test.FINAL.vcf --variant:varscan /spin1/scratch/tandonm/pipeline_out/tn_test_1/somatic/SNP_Indels/varscan_out/vcf/Sample10_ARK1_S37.test.FINAL.vcf --variant:vardict /spin1/scratch/tandonm/pipeline_out/tn_test_1/somatic/SNP_Indels/vardict_out/vcf/Sample10_ARK1_S37.test.FINAL.vcf --variant:strelka /spin1/scratch/tandonm/pipeline_out/tn_test_1/somatic/SNP_Indels/strelka_out/vcf/Sample10_ARK1_S37.test.FINAL.vcf --variant:mutect2 /spin1/scratch/tandonm/pipeline_out/tn_test_1/somatic/SNP_Indels/mutect2_out/vcf/Sample10_ARK1_S37.test.FINAL.vcf', 'Sample11_ACI_158_S38.test': '--variant:mutect /spin1/scratch/tandonm/pipeline_out/tn_test_1/somatic/SNP_Indels/mutect_out/vcf/Sample11_ACI_158_S38.test.FINAL.vcf --variant:varscan /spin1/scratch/tandonm/pipeline_out/tn_test_1/somatic/SNP_Indels/varscan_out/vcf/Sample11_ACI_158_S38.test.FINAL.vcf --variant:vardict /spin1/scratch/tandonm/pipeline_out/tn_test_1/somatic/SNP_Indels/vardict_out/vcf/Sample11_ACI_158_S38.test.FINAL.vcf --variant:strelka /spin1/scratch/tandonm/pipeline_out/tn_test_1/somatic/SNP_Indels/strelka_out/vcf/Sample11_ACI_158_S38.test.FINAL.vcf --variant:mutect2 /spin1/scratch/tandonm/pipeline_out/tn_test_1/somatic/SNP_Indels/mutect2_out/vcf/Sample11_ACI_158_S38.test.FINAL.vcf'}
