Building DAG of jobs...
Using shell: /usr/bin/bash
Provided cores: 4
Rules claiming more threads will be scaled down.
Job counts:
	count	jobs
	1	gatk_mutect2
	1

[Sat Mar 13 00:24:54 2021]
rule gatk_mutect2:
    input: /spin1/scratch/tandonm/pipeline_out/tn_test_1/bams/chrom_split/Sample4_CRL1622_S31.test.chr12.split.bam, /spin1/scratch/tandonm/pipeline_out/tn_test_1/bams/chrom_split/Sample10_ARK1_S37.test.chr12.split.bam
    output: /spin1/scratch/tandonm/pipeline_out/tn_test_1/somatic/SNP_Indels/mutect2_out/chrom_split/Sample10_ARK1_S37.test.chr12.vcf, /spin1/scratch/tandonm/pipeline_out/tn_test_1/somatic/SNP_Indels/mutect2_out/chrom_split/Sample10_ARK1_S37.test.chr12.f1r2.tar.gz, /spin1/scratch/tandonm/pipeline_out/tn_test_1/somatic/SNP_Indels/mutect2_out/chrom_split/Sample10_ARK1_S37.test.chr12.vcf.stats
    jobid: 0
    wildcards: samples=Sample10_ARK1_S37.test, chroms=chr12
    threads: 2

[+] Loading gcc  9.2.0  ... 
[+] Loading GSL 2.6 for GCC 9.2.0 ... 
[-] Unloading gcc  9.2.0  ... 
[+] Loading gcc  9.2.0  ... 
[+] Loading openmpi 3.1.4  for GCC 9.2.0 
[+] Loading ImageMagick  7.0.8  on cn2429 
[+] Loading HDF5  1.10.4 
[-] Unloading gcc  9.2.0  ... 
[+] Loading gcc  9.2.0  ... 
[+] Loading NetCDF 4.7.4_gcc9.2.0 
[+] Loading pandoc  2.11.4  on cn2429 
[+] Loading R 3.6.3 
[+] Loading GATK  4.1.4.1 

GATK/4 includes its own python environment. Loading a different python
environment
after the GATK module will result in some tools failing. Conversely, the python
environment included with GATK/4 will override any python modules you may
already
have loaded.


00:24:58.418 INFO  NativeLibraryLoader - Loading libgkl_compression.so from jar:file:/usr/local/apps/GATK/4.1.4.1/gatk-package-4.1.4.1-local.jar!/com/intel/gkl/native/libgkl_compression.so
Mar 13, 2021 12:24:58 AM shaded.cloud_nio.com.google.auth.oauth2.ComputeEngineCredentials runningOnComputeEngine
INFO: Failed to detect whether we are running on Google Compute Engine.
00:24:58.650 INFO  Mutect2 - ------------------------------------------------------------
00:24:58.650 INFO  Mutect2 - The Genome Analysis Toolkit (GATK) v4.1.4.1
00:24:58.650 INFO  Mutect2 - For support and documentation go to https://software.broadinstitute.org/gatk/
00:24:58.650 INFO  Mutect2 - Executing as tandonm@cn2429 on Linux v3.10.0-862.14.4.el7.x86_64 amd64
00:24:58.650 INFO  Mutect2 - Java runtime: OpenJDK 64-Bit Server VM v1.8.0_181-b13
00:24:58.651 INFO  Mutect2 - Start Date/Time: March 13, 2021 12:24:58 AM EST
00:24:58.651 INFO  Mutect2 - ------------------------------------------------------------
00:24:58.651 INFO  Mutect2 - ------------------------------------------------------------
00:24:58.651 INFO  Mutect2 - HTSJDK Version: 2.21.0
00:24:58.651 INFO  Mutect2 - Picard Version: 2.21.2
00:24:58.651 INFO  Mutect2 - HTSJDK Defaults.COMPRESSION_LEVEL : 2
00:24:58.651 INFO  Mutect2 - HTSJDK Defaults.USE_ASYNC_IO_READ_FOR_SAMTOOLS : false
00:24:58.651 INFO  Mutect2 - HTSJDK Defaults.USE_ASYNC_IO_WRITE_FOR_SAMTOOLS : true
00:24:58.651 INFO  Mutect2 - HTSJDK Defaults.USE_ASYNC_IO_WRITE_FOR_TRIBBLE : false
00:24:58.651 INFO  Mutect2 - Deflater: IntelDeflater
00:24:58.652 INFO  Mutect2 - Inflater: IntelInflater
00:24:58.652 INFO  Mutect2 - GCS max retries/reopens: 20
00:24:58.652 INFO  Mutect2 - Requester pays: disabled
00:24:58.652 INFO  Mutect2 - Initializing engine
00:24:59.380 INFO  FeatureManager - Using codec VCFCodec to read file file:///data/CCBR_Pipeliner/db/PipeDB/lib/hg38.noCOSMIC_ClinVar.pon.vcf.gz
00:24:59.571 INFO  FeatureManager - Using codec VCFCodec to read file file:///data/MA_shared/justin_wes_pipe/somatic-hg38-af-only-gnomad.hg38.vcf.gz
00:24:59.760 INFO  IntervalArgumentCollection - Processing 133275309 bp from intervals
00:24:59.852 INFO  Mutect2 - Done initializing engine
00:24:59.964 INFO  NativeLibraryLoader - Loading libgkl_utils.so from jar:file:/usr/local/apps/GATK/4.1.4.1/gatk-package-4.1.4.1-local.jar!/com/intel/gkl/native/libgkl_utils.so
00:24:59.966 INFO  NativeLibraryLoader - Loading libgkl_pairhmm_omp.so from jar:file:/usr/local/apps/GATK/4.1.4.1/gatk-package-4.1.4.1-local.jar!/com/intel/gkl/native/libgkl_pairhmm_omp.so
00:25:00.025 INFO  IntelPairHmm - Using CPU-supported AVX-512 instructions
00:25:00.025 INFO  IntelPairHmm - Flush-to-zero (FTZ) is enabled when running PairHMM
00:25:00.026 INFO  IntelPairHmm - Available threads: 2
00:25:00.026 INFO  IntelPairHmm - Requested threads: 4
00:25:00.026 WARN  IntelPairHmm - Using 2 available threads, but 4 were requested
00:25:00.026 INFO  PairHMM - Using the OpenMP multi-threaded AVX-accelerated native PairHMM implementation
00:25:00.166 INFO  ProgressMeter - Starting traversal
00:25:00.166 INFO  ProgressMeter -        Current Locus  Elapsed Minutes     Regions Processed   Regions/Minute
00:25:10.189 INFO  ProgressMeter -        chr12:1784392              0.2                  6380          38196.0
00:25:20.212 INFO  ProgressMeter -        chr12:5996466              0.3                 21090          63124.8
00:25:30.213 INFO  ProgressMeter -        chr12:7582409              0.5                 27000          53915.5
00:25:40.257 INFO  ProgressMeter -       chr12:10447632              0.7                 37360          55912.8
00:25:50.257 INFO  ProgressMeter -       chr12:18110122              0.8                 63800          76420.9
00:26:00.257 INFO  ProgressMeter -       chr12:25235374              1.0                 88330          88196.2
00:26:10.272 INFO  ProgressMeter -       chr12:31093113              1.2                108550          92902.2
00:26:20.291 INFO  ProgressMeter -       chr12:40367113              1.3                140460         105180.7
00:26:30.298 INFO  ProgressMeter -       chr12:41083823              1.5                143110          95266.9
00:26:40.301 INFO  ProgressMeter -       chr12:47030007              1.7                163830          98165.5
00:26:50.391 INFO  ProgressMeter -       chr12:49043321              1.8                171250          93218.4
00:27:00.414 INFO  ProgressMeter -       chr12:50931585              2.0                178410          89021.0
00:27:10.414 INFO  ProgressMeter -       chr12:52566159              2.2                184480          84982.5
00:27:20.435 INFO  ProgressMeter -       chr12:54342861              2.3                191160          81768.6
00:27:30.444 INFO  ProgressMeter -       chr12:56320571              2.5                198470          79241.1
00:27:40.464 INFO  ProgressMeter -       chr12:57576608              2.7                203360          76118.2
00:27:50.464 INFO  ProgressMeter -       chr12:64542385              2.8                227460          80139.5
00:28:00.465 INFO  ProgressMeter -       chr12:72665275              3.0                255410          84995.5
00:28:10.466 INFO  ProgressMeter -       chr12:82843122              3.2                290170          91488.2
00:28:20.466 INFO  ProgressMeter -       chr12:94362720              3.3                329570          98722.9
00:28:30.494 INFO  ProgressMeter -      chr12:100284171              3.5                350330          99938.2
00:28:40.494 INFO  ProgressMeter -      chr12:105837571              3.7                369790         100701.7
00:28:50.500 INFO  ProgressMeter -      chr12:110417120              3.8                386010         100552.2
00:29:00.501 INFO  ProgressMeter -      chr12:113998143              4.0                399070          99628.4
00:29:10.510 INFO  ProgressMeter -      chr12:120499673              4.2                421970         101133.6
00:29:20.519 INFO  ProgressMeter -      chr12:123209949              4.3                432080          99575.6
00:29:30.528 INFO  ProgressMeter -      chr12:130493877              4.5                457490         101528.3
00:29:37.618 INFO  Mutect2 - 136916 read(s) filtered by: (((((((((((MappingQualityReadFilter AND MappingQualityAvailableReadFilter) AND MappingQualityNotZeroReadFilter) AND MappedReadFilter) AND NotSecondaryAlignmentReadFilter) AND NotDuplicateReadFilter) AND PassesVendorQualityCheckReadFilter) AND NonChimericOriginalAlignmentReadFilter) AND NonZeroReferenceLengthAlignmentReadFilter) AND ReadLengthReadFilter) AND GoodCigarReadFilter) AND WellformedReadFilter)
  136916 read(s) filtered by: ((((((((((MappingQualityReadFilter AND MappingQualityAvailableReadFilter) AND MappingQualityNotZeroReadFilter) AND MappedReadFilter) AND NotSecondaryAlignmentReadFilter) AND NotDuplicateReadFilter) AND PassesVendorQualityCheckReadFilter) AND NonChimericOriginalAlignmentReadFilter) AND NonZeroReferenceLengthAlignmentReadFilter) AND ReadLengthReadFilter) AND GoodCigarReadFilter)
      136916 read(s) filtered by: (((((((((MappingQualityReadFilter AND MappingQualityAvailableReadFilter) AND MappingQualityNotZeroReadFilter) AND MappedReadFilter) AND NotSecondaryAlignmentReadFilter) AND NotDuplicateReadFilter) AND PassesVendorQualityCheckReadFilter) AND NonChimericOriginalAlignmentReadFilter) AND NonZeroReferenceLengthAlignmentReadFilter) AND ReadLengthReadFilter)
          126498 read(s) filtered by: ((((((((MappingQualityReadFilter AND MappingQualityAvailableReadFilter) AND MappingQualityNotZeroReadFilter) AND MappedReadFilter) AND NotSecondaryAlignmentReadFilter) AND NotDuplicateReadFilter) AND PassesVendorQualityCheckReadFilter) AND NonChimericOriginalAlignmentReadFilter) AND NonZeroReferenceLengthAlignmentReadFilter)
              126498 read(s) filtered by: (((((((MappingQualityReadFilter AND MappingQualityAvailableReadFilter) AND MappingQualityNotZeroReadFilter) AND MappedReadFilter) AND NotSecondaryAlignmentReadFilter) AND NotDuplicateReadFilter) AND PassesVendorQualityCheckReadFilter) AND NonChimericOriginalAlignmentReadFilter)
                  126498 read(s) filtered by: ((((((MappingQualityReadFilter AND MappingQualityAvailableReadFilter) AND MappingQualityNotZeroReadFilter) AND MappedReadFilter) AND NotSecondaryAlignmentReadFilter) AND NotDuplicateReadFilter) AND PassesVendorQualityCheckReadFilter)
                      126498 read(s) filtered by: (((((MappingQualityReadFilter AND MappingQualityAvailableReadFilter) AND MappingQualityNotZeroReadFilter) AND MappedReadFilter) AND NotSecondaryAlignmentReadFilter) AND NotDuplicateReadFilter)
                          40243 read(s) filtered by: ((((MappingQualityReadFilter AND MappingQualityAvailableReadFilter) AND MappingQualityNotZeroReadFilter) AND MappedReadFilter) AND NotSecondaryAlignmentReadFilter)
                              39385 read(s) filtered by: (((MappingQualityReadFilter AND MappingQualityAvailableReadFilter) AND MappingQualityNotZeroReadFilter) AND MappedReadFilter)
                                  39385 read(s) filtered by: ((MappingQualityReadFilter AND MappingQualityAvailableReadFilter) AND MappingQualityNotZeroReadFilter)
                                      39385 read(s) filtered by: (MappingQualityReadFilter AND MappingQualityAvailableReadFilter)
                                          39385 read(s) filtered by: MappingQualityReadFilter 
                              858 read(s) filtered by: NotSecondaryAlignmentReadFilter 
                          86255 read(s) filtered by: NotDuplicateReadFilter 
          10418 read(s) filtered by: ReadLengthReadFilter 

00:29:37.618 INFO  ProgressMeter -      chr12:133273959              4.6                467444         101086.5
00:29:37.618 INFO  ProgressMeter - Traversal complete. Processed 467444 total regions in 4.6 minutes.
00:29:37.859 INFO  VectorLoglessPairHMM - Time spent in setup for JNI call : 0.100283062
00:29:37.859 INFO  PairHMM - Total compute time in PairHMM computeLogLikelihoods() : 6.293271150000001
00:29:37.859 INFO  SmithWatermanAligner - Total compute time in java Smith-Waterman : 11.61 sec
00:29:37.860 INFO  Mutect2 - Shutting down engine
[March 13, 2021 12:29:37 AM EST] org.broadinstitute.hellbender.tools.walkers.mutect.Mutect2 done. Elapsed time: 4.66 minutes.
Runtime.totalMemory()=2163212288
Tool returned:
SUCCESS
Using GATK jar /usr/local/apps/GATK/4.1.4.1/gatk-package-4.1.4.1-local.jar
Running:
    java -Dsamjdk.use_async_io_read_samtools=false -Dsamjdk.use_async_io_write_samtools=true -Dsamjdk.use_async_io_write_tribble=false -Dsamjdk.compression_level=2 -jar /usr/local/apps/GATK/4.1.4.1/gatk-package-4.1.4.1-local.jar Mutect2 -R /data/tandonm/pl_test_data/human/genome/hg38/Homo_sapiens_assembly38.fasta -I /spin1/scratch/tandonm/pipeline_out/tn_test_1/bams/chrom_split/Sample10_ARK1_S37.test.chr12.split.bam -I /spin1/scratch/tandonm/pipeline_out/tn_test_1/bams/chrom_split/Sample4_CRL1622_S31.test.chr12.split.bam -normal Sample4_CRL1622_S31.test --panel-of-normals /data/CCBR_Pipeliner/db/PipeDB/lib/hg38.noCOSMIC_ClinVar.pon.vcf.gz --germline-resource /data/MA_shared/justin_wes_pipe/somatic-hg38-af-only-gnomad.hg38.vcf.gz -L chr12 -O /spin1/scratch/tandonm/pipeline_out/tn_test_1/somatic/SNP_Indels/mutect2_out/chrom_split/Sample10_ARK1_S37.test.chr12.vcf --f1r2-tar-gz /spin1/scratch/tandonm/pipeline_out/tn_test_1/somatic/SNP_Indels/mutect2_out/chrom_split/Sample10_ARK1_S37.test.chr12.f1r2.tar.gz --independent-mates
[Sat Mar 13 00:29:38 2021]
Finished job 0.
1 of 1 steps (100%) done
{'Sample10_ARK1_S37.test': '--variant:vardict /spin1/scratch/tandonm/pipeline_out/tn_test_1/somatic/SNP_Indels/vardict_out/vcf/Sample10_ARK1_S37.test.FINAL.vcf --variant:mutect2 /spin1/scratch/tandonm/pipeline_out/tn_test_1/somatic/SNP_Indels/mutect2_out/vcf/Sample10_ARK1_S37.test.FINAL.vcf --variant:strelka /spin1/scratch/tandonm/pipeline_out/tn_test_1/somatic/SNP_Indels/strelka_out/vcf/Sample10_ARK1_S37.test.FINAL.vcf --variant:varscan /spin1/scratch/tandonm/pipeline_out/tn_test_1/somatic/SNP_Indels/varscan_out/vcf/Sample10_ARK1_S37.test.FINAL.vcf --variant:mutect /spin1/scratch/tandonm/pipeline_out/tn_test_1/somatic/SNP_Indels/mutect_out/vcf/Sample10_ARK1_S37.test.FINAL.vcf', 'Sample11_ACI_158_S38.test': '--variant:vardict /spin1/scratch/tandonm/pipeline_out/tn_test_1/somatic/SNP_Indels/vardict_out/vcf/Sample11_ACI_158_S38.test.FINAL.vcf --variant:mutect2 /spin1/scratch/tandonm/pipeline_out/tn_test_1/somatic/SNP_Indels/mutect2_out/vcf/Sample11_ACI_158_S38.test.FINAL.vcf --variant:strelka /spin1/scratch/tandonm/pipeline_out/tn_test_1/somatic/SNP_Indels/strelka_out/vcf/Sample11_ACI_158_S38.test.FINAL.vcf --variant:varscan /spin1/scratch/tandonm/pipeline_out/tn_test_1/somatic/SNP_Indels/varscan_out/vcf/Sample11_ACI_158_S38.test.FINAL.vcf --variant:mutect /spin1/scratch/tandonm/pipeline_out/tn_test_1/somatic/SNP_Indels/mutect_out/vcf/Sample11_ACI_158_S38.test.FINAL.vcf'}
