Building DAG of jobs...
Using shell: /usr/bin/bash
Provided cores: 4
Rules claiming more threads will be scaled down.
Job counts:
	count	jobs
	1	haplotypecaller
	1

[Sat Mar 13 00:20:35 2021]
rule haplotypecaller:
    input: /spin1/scratch/tandonm/pipeline_out/tn_test_1/bams/Sample10_ARK1_S37.test.recal.bam
    output: /spin1/scratch/tandonm/pipeline_out/tn_test_1/germline/gVCFs/Sample10_ARK1_S37.test.chr6.g.vcf.gz, /spin1/scratch/tandonm/pipeline_out/tn_test_1/germline/gVCFs/Sample10_ARK1_S37.test.chr6.g.vcf.gz.tbi
    jobid: 0
    wildcards: samples=Sample10_ARK1_S37.test, chroms=chr6

[+] Loading gcc  9.2.0  ... 
[+] Loading GSL 2.6 for GCC 9.2.0 ... 
[-] Unloading gcc  9.2.0  ... 
[+] Loading gcc  9.2.0  ... 
[+] Loading openmpi 3.1.4  for GCC 9.2.0 
[+] Loading ImageMagick  7.0.8  on cn2397 
[+] Loading HDF5  1.10.4 
[-] Unloading gcc  9.2.0  ... 
[+] Loading gcc  9.2.0  ... 
[+] Loading NetCDF 4.7.4_gcc9.2.0 
[+] Loading pandoc  2.11.4  on cn2397 
[+] Loading R 3.6.3 
[+] Loading GATK  4.1.4.1 

GATK/4 includes its own python environment. Loading a different python
environment
after the GATK module will result in some tools failing. Conversely, the python
environment included with GATK/4 will override any python modules you may
already
have loaded.


00:20:39.474 WARN  GATKAnnotationPluginDescriptor - Redundant enabled annotation group (StandardAnnotation) is enabled for this tool by default
Mar 13, 2021 12:20:39 AM shaded.cloud_nio.com.google.auth.oauth2.ComputeEngineCredentials runningOnComputeEngine
INFO: Failed to detect whether we are running on Google Compute Engine.
00:20:39.687 INFO  HaplotypeCaller - ------------------------------------------------------------
00:20:39.687 INFO  HaplotypeCaller - The Genome Analysis Toolkit (GATK) v4.1.4.1
00:20:39.687 INFO  HaplotypeCaller - For support and documentation go to https://software.broadinstitute.org/gatk/
00:20:39.688 INFO  HaplotypeCaller - Executing as tandonm@cn2397 on Linux v3.10.0-862.14.4.el7.x86_64 amd64
00:20:39.688 INFO  HaplotypeCaller - Java runtime: OpenJDK 64-Bit Server VM v1.8.0_181-b13
00:20:39.688 INFO  HaplotypeCaller - Start Date/Time: March 13, 2021 12:20:39 AM EST
00:20:39.688 INFO  HaplotypeCaller - ------------------------------------------------------------
00:20:39.688 INFO  HaplotypeCaller - ------------------------------------------------------------
00:20:39.689 INFO  HaplotypeCaller - HTSJDK Version: 2.21.0
00:20:39.689 INFO  HaplotypeCaller - Picard Version: 2.21.2
00:20:39.692 INFO  HaplotypeCaller - HTSJDK Defaults.COMPRESSION_LEVEL : 2
00:20:39.692 INFO  HaplotypeCaller - HTSJDK Defaults.USE_ASYNC_IO_READ_FOR_SAMTOOLS : false
00:20:39.692 INFO  HaplotypeCaller - HTSJDK Defaults.USE_ASYNC_IO_WRITE_FOR_SAMTOOLS : true
00:20:39.693 INFO  HaplotypeCaller - HTSJDK Defaults.USE_ASYNC_IO_WRITE_FOR_TRIBBLE : false
00:20:39.693 INFO  HaplotypeCaller - Deflater: JdkDeflater
00:20:39.694 INFO  HaplotypeCaller - Inflater: JdkInflater
00:20:39.694 INFO  HaplotypeCaller - GCS max retries/reopens: 20
00:20:39.694 INFO  HaplotypeCaller - Requester pays: disabled
00:20:39.694 INFO  HaplotypeCaller - Initializing engine
WARNING	2021-03-13 00:20:39	SamFiles	The index file /gpfs/gsfs7/users/tandonm/pl_test_data/human/bams/Sample10_ARK1_S37.test.recal.bai was found by resolving the canonical path of a symlink: /spin1/scratch/tandonm/pipeline_out/tn_test_1/bams/Sample10_ARK1_S37.test.recal.bam -> /gpfs/gsfs7/users/tandonm/pl_test_data/human/bams/Sample10_ARK1_S37.test.recal.bam
WARNING: BAM index file /gpfs/gsfs7/users/tandonm/pl_test_data/human/bams/Sample10_ARK1_S37.test.recal.bai is older than BAM /spin1/scratch/tandonm/pipeline_out/tn_test_1/bams/Sample10_ARK1_S37.test.recal.bam
00:20:40.288 INFO  FeatureManager - Using codec VCFCodec to read file file:///fdb/GATK_resource_bundle/hg38bundle/dbsnp_138.hg38.vcf.gz
00:20:40.477 INFO  IntervalArgumentCollection - Processing 170805979 bp from intervals
00:20:40.523 INFO  HaplotypeCaller - Done initializing engine
00:20:40.526 INFO  HaplotypeCallerEngine - Tool is in reference confidence mode and the annotation, the following changes will be made to any specified annotations: 'StrandBiasBySample' will be enabled. 'ChromosomeCounts', 'FisherStrand', 'StrandOddsRatio' and 'QualByDepth' annotations have been disabled
00:20:40.595 INFO  HaplotypeCallerEngine - Standard Emitting and Calling confidence set to 0.0 for reference-model confidence output
00:20:40.595 INFO  HaplotypeCallerEngine - All sites annotated with PLs forced to true for reference-model confidence output
00:20:40.608 INFO  NativeLibraryLoader - Loading libgkl_utils.so from jar:file:/usr/local/apps/GATK/4.1.4.1/gatk-package-4.1.4.1-local.jar!/com/intel/gkl/native/libgkl_utils.so
00:20:40.611 INFO  NativeLibraryLoader - Loading libgkl_pairhmm_omp.so from jar:file:/usr/local/apps/GATK/4.1.4.1/gatk-package-4.1.4.1-local.jar!/com/intel/gkl/native/libgkl_pairhmm_omp.so
00:20:40.661 INFO  IntelPairHmm - Using CPU-supported AVX-512 instructions
00:20:40.661 INFO  IntelPairHmm - Flush-to-zero (FTZ) is enabled when running PairHMM
00:20:40.661 INFO  IntelPairHmm - Available threads: 1
00:20:40.661 INFO  IntelPairHmm - Requested threads: 4
00:20:40.662 WARN  IntelPairHmm - Using 1 available threads, but 4 were requested
00:20:40.662 INFO  PairHMM - Using the OpenMP multi-threaded AVX-accelerated native PairHMM implementation
00:20:40.741 INFO  ProgressMeter - Starting traversal
00:20:40.741 INFO  ProgressMeter -        Current Locus  Elapsed Minutes     Regions Processed   Regions/Minute
00:20:41.816 WARN  InbreedingCoeff - InbreedingCoeff will not be calculated; at least 10 samples must have called genotypes
00:20:50.750 INFO  ProgressMeter -         chr6:2609002              0.2                  9300          55749.8
00:21:00.765 INFO  ProgressMeter -         chr6:5005606              0.3                 18350          54984.0
00:21:10.770 INFO  ProgressMeter -         chr6:8073835              0.5                 29790          59522.5
00:21:20.778 INFO  ProgressMeter -        chr6:13364271              0.7                 48690          72967.5
00:21:24.885 WARN  DepthPerSampleHC - Annotation will not be calculated, genotype is not called or alleleLikelihoodMap is null
00:21:24.885 WARN  StrandBiasBySample - Annotation will not be calculated, genotype is not called or alleleLikelihoodMap is null
00:21:30.779 INFO  ProgressMeter -        chr6:19628221              0.8                 71040          85183.3
00:21:40.803 INFO  ProgressMeter -        chr6:26158632              1.0                 94160          94062.8
00:21:50.803 INFO  ProgressMeter -        chr6:33508402              1.2                119400         102252.3
00:22:00.803 INFO  ProgressMeter -        chr6:37751712              1.3                135120         101261.5
00:22:10.804 INFO  ProgressMeter -        chr6:43087720              1.5                154260         102768.1
00:22:17.015 WARN  StrandBiasBySample - Annotation will not be calculated, genotype is not called or alleleLikelihoodMap is null
00:22:20.805 INFO  ProgressMeter -        chr6:49058320              1.7                175150         105022.8
00:22:30.805 INFO  ProgressMeter -        chr6:56715444              1.8                201610         109905.1
00:22:40.809 INFO  ProgressMeter -        chr6:68070182              2.0                240140         120002.0
00:22:50.809 INFO  ProgressMeter -        chr6:76754227              2.2                270100         124596.4
00:23:00.810 INFO  ProgressMeter -        chr6:86198588              2.3                302400         129536.2
00:23:10.811 INFO  ProgressMeter -        chr6:95167066              2.5                333130         133189.8
00:23:17.738 WARN  StrandBiasBySample - Annotation will not be calculated, genotype is not called or alleleLikelihoodMap is null
00:23:20.823 INFO  ProgressMeter -       chr6:105329421              2.7                367820         137861.8
00:23:30.823 INFO  ProgressMeter -       chr6:112171201              2.8                391860         138236.9
00:23:40.830 INFO  ProgressMeter -       chr6:121546187              3.0                423990         141260.2
00:23:50.830 INFO  ProgressMeter -       chr6:131377283              3.2                457680         144462.9
00:24:00.835 INFO  ProgressMeter -       chr6:139210746              3.3                484910         145404.7
00:24:10.835 INFO  ProgressMeter -       chr6:148264816              3.5                515950         147348.3
00:24:20.853 INFO  ProgressMeter -       chr6:154423041              3.7                537710         146574.2
00:24:30.854 INFO  ProgressMeter -       chr6:160454287              3.8                559040         145764.9
00:24:40.854 INFO  ProgressMeter -       chr6:168058659              4.0                585430         146288.6
00:24:44.174 INFO  HaplotypeCaller - 63179 read(s) filtered by: ((((((((MappingQualityReadFilter AND MappingQualityAvailableReadFilter) AND MappedReadFilter) AND NotSecondaryAlignmentReadFilter) AND NotDuplicateReadFilter) AND PassesVendorQualityCheckReadFilter) AND NonZeroReferenceLengthAlignmentReadFilter) AND GoodCigarReadFilter) AND WellformedReadFilter)
  63179 read(s) filtered by: (((((((MappingQualityReadFilter AND MappingQualityAvailableReadFilter) AND MappedReadFilter) AND NotSecondaryAlignmentReadFilter) AND NotDuplicateReadFilter) AND PassesVendorQualityCheckReadFilter) AND NonZeroReferenceLengthAlignmentReadFilter) AND GoodCigarReadFilter)
      63179 read(s) filtered by: ((((((MappingQualityReadFilter AND MappingQualityAvailableReadFilter) AND MappedReadFilter) AND NotSecondaryAlignmentReadFilter) AND NotDuplicateReadFilter) AND PassesVendorQualityCheckReadFilter) AND NonZeroReferenceLengthAlignmentReadFilter)
          63179 read(s) filtered by: (((((MappingQualityReadFilter AND MappingQualityAvailableReadFilter) AND MappedReadFilter) AND NotSecondaryAlignmentReadFilter) AND NotDuplicateReadFilter) AND PassesVendorQualityCheckReadFilter)
              63179 read(s) filtered by: ((((MappingQualityReadFilter AND MappingQualityAvailableReadFilter) AND MappedReadFilter) AND NotSecondaryAlignmentReadFilter) AND NotDuplicateReadFilter)
                  36404 read(s) filtered by: (((MappingQualityReadFilter AND MappingQualityAvailableReadFilter) AND MappedReadFilter) AND NotSecondaryAlignmentReadFilter)
                      36078 read(s) filtered by: ((MappingQualityReadFilter AND MappingQualityAvailableReadFilter) AND MappedReadFilter)
                          36078 read(s) filtered by: (MappingQualityReadFilter AND MappingQualityAvailableReadFilter)
                              36078 read(s) filtered by: MappingQualityReadFilter 
                      326 read(s) filtered by: NotSecondaryAlignmentReadFilter 
                  26775 read(s) filtered by: NotDuplicateReadFilter 

00:24:44.174 INFO  ProgressMeter -       chr6:170805660              4.1                594881         146622.9
00:24:44.174 INFO  ProgressMeter - Traversal complete. Processed 594881 total regions in 4.1 minutes.
00:24:44.248 INFO  VectorLoglessPairHMM - Time spent in setup for JNI call : 0.048670064000000006
00:24:44.248 INFO  PairHMM - Total compute time in PairHMM computeLogLikelihoods() : 3.931705362
00:24:44.249 INFO  SmithWatermanAligner - Total compute time in java Smith-Waterman : 4.08 sec
00:24:44.249 INFO  HaplotypeCaller - Shutting down engine
[March 13, 2021 12:24:44 AM EST] org.broadinstitute.hellbender.tools.walkers.haplotypecaller.HaplotypeCaller done. Elapsed time: 4.08 minutes.
Runtime.totalMemory()=3381133312
Using GATK jar /usr/local/apps/GATK/4.1.4.1/gatk-package-4.1.4.1-local.jar
Running:
    java -Dsamjdk.use_async_io_read_samtools=false -Dsamjdk.use_async_io_write_samtools=true -Dsamjdk.use_async_io_write_tribble=false -Dsamjdk.compression_level=2 -Xmx24g -jar /usr/local/apps/GATK/4.1.4.1/gatk-package-4.1.4.1-local.jar HaplotypeCaller --reference /data/tandonm/pl_test_data/human/genome/hg38/Homo_sapiens_assembly38.fasta --input /spin1/scratch/tandonm/pipeline_out/tn_test_1/bams/Sample10_ARK1_S37.test.recal.bam --use-jdk-inflater --use-jdk-deflater --emit-ref-confidence GVCF --annotation-group StandardAnnotation --annotation-group AS_StandardAnnotation --dbsnp /fdb/GATK_resource_bundle/hg38bundle/dbsnp_138.hg38.vcf.gz --output /spin1/scratch/tandonm/pipeline_out/tn_test_1/germline/gVCFs/Sample10_ARK1_S37.test.chr6.g.vcf.gz --intervals chr6 --max-alternate-alleles 3
[Sat Mar 13 00:24:44 2021]
Finished job 0.
1 of 1 steps (100%) done
{'Sample10_ARK1_S37.test': '--variant:vardict /spin1/scratch/tandonm/pipeline_out/tn_test_1/somatic/SNP_Indels/vardict_out/vcf/Sample10_ARK1_S37.test.FINAL.vcf --variant:strelka /spin1/scratch/tandonm/pipeline_out/tn_test_1/somatic/SNP_Indels/strelka_out/vcf/Sample10_ARK1_S37.test.FINAL.vcf --variant:mutect2 /spin1/scratch/tandonm/pipeline_out/tn_test_1/somatic/SNP_Indels/mutect2_out/vcf/Sample10_ARK1_S37.test.FINAL.vcf --variant:varscan /spin1/scratch/tandonm/pipeline_out/tn_test_1/somatic/SNP_Indels/varscan_out/vcf/Sample10_ARK1_S37.test.FINAL.vcf --variant:mutect /spin1/scratch/tandonm/pipeline_out/tn_test_1/somatic/SNP_Indels/mutect_out/vcf/Sample10_ARK1_S37.test.FINAL.vcf', 'Sample11_ACI_158_S38.test': '--variant:vardict /spin1/scratch/tandonm/pipeline_out/tn_test_1/somatic/SNP_Indels/vardict_out/vcf/Sample11_ACI_158_S38.test.FINAL.vcf --variant:strelka /spin1/scratch/tandonm/pipeline_out/tn_test_1/somatic/SNP_Indels/strelka_out/vcf/Sample11_ACI_158_S38.test.FINAL.vcf --variant:mutect2 /spin1/scratch/tandonm/pipeline_out/tn_test_1/somatic/SNP_Indels/mutect2_out/vcf/Sample11_ACI_158_S38.test.FINAL.vcf --variant:varscan /spin1/scratch/tandonm/pipeline_out/tn_test_1/somatic/SNP_Indels/varscan_out/vcf/Sample11_ACI_158_S38.test.FINAL.vcf --variant:mutect /spin1/scratch/tandonm/pipeline_out/tn_test_1/somatic/SNP_Indels/mutect_out/vcf/Sample11_ACI_158_S38.test.FINAL.vcf'}
