Building DAG of jobs...
Using shell: /usr/bin/bash
Provided cores: 4
Rules claiming more threads will be scaled down.
Job counts:
	count	jobs
	1	mutect
	1

[Sat Mar 13 00:23:58 2021]
rule mutect:
    input: /spin1/scratch/tandonm/pipeline_out/tn_test_1/bams/chrom_split/Sample4_CRL1622_S31.test.chrM.split.bam, /spin1/scratch/tandonm/pipeline_out/tn_test_1/bams/chrom_split/Sample10_ARK1_S37.test.chrM.split.bam
    output: /spin1/scratch/tandonm/pipeline_out/tn_test_1/somatic/SNP_Indels/mutect_out/chrom_split/Sample10_ARK1_S37.test.chrM.vcf, /spin1/scratch/tandonm/pipeline_out/tn_test_1/somatic/SNP_Indels/mutect_out/chrom_split/Sample10_ARK1_S37.test.chrM.stats.out
    jobid: 0
    wildcards: samples=Sample10_ARK1_S37.test, chroms=chrM


  +--------------------------------------------------------------------------+
           muTect functionality has been merged with GATK since 2015.
                   Please consider using GATK instead.

                     For more information please see:

             https://software.broadinstitute.org/gatk/blog?id=6495
  +--------------------------------------------------------------------------+

[+] Loading java 1.7.0_80  ... 
[+] Loading mutect / 1.1.7  ... 
mem = 2g
tmpdir = /lscratch/10304283/muTect
INFO  00:24:04,731 HelpFormatter - -------------------------------------------------------------------------------- 
INFO  00:24:04,733 HelpFormatter - The Genome Analysis Toolkit (GATK) v3.1-0-g72492bb, Compiled 2014/12/15 20:09:26 
INFO  00:24:04,733 HelpFormatter - Copyright (c) 2010 The Broad Institute 
INFO  00:24:04,734 HelpFormatter - For support and documentation go to http://www.broadinstitute.org/gatk 
INFO  00:24:04,737 HelpFormatter - Program Args: --analysis_type MuTect --reference_sequence /data/tandonm/pl_test_data/human/genome/hg38/Homo_sapiens_assembly38.fasta --normal_panel /data/CCBR_Pipeliner/db/PipeDB/lib/hg38.noCOSMIC_ClinVar.pon.vcf.gz --vcf /spin1/scratch/tandonm/pipeline_out/tn_test_1/somatic/SNP_Indels/mutect_out/chrom_split/Sample10_ARK1_S37.test.chrM.vcf --cosmic /data/CCBR_Pipeliner/db/PipeDB/lib/COSMIC_82_hg38.vcf.gz --dbsnp /fdb/GATK_resource_bundle/hg38bundle/dbsnp_138.hg38.vcf.gz --disable_auto_index_creation_and_locking_when_reading_rods --input_file:normal /spin1/scratch/tandonm/pipeline_out/tn_test_1/bams/chrom_split/Sample4_CRL1622_S31.test.chrM.split.bam --input_file:tumor /spin1/scratch/tandonm/pipeline_out/tn_test_1/bams/chrom_split/Sample10_ARK1_S37.test.chrM.split.bam --out /spin1/scratch/tandonm/pipeline_out/tn_test_1/somatic/SNP_Indels/mutect_out/chrom_split/Sample10_ARK1_S37.test.chrM.stats.out -rf BadCigar 
INFO  00:24:04,741 HelpFormatter - Executing as tandonm@cn4473 on Linux 3.10.0-862.14.4.el7.x86_64 amd64; Java HotSpot(TM) 64-Bit Server VM 1.7.0_80-b15. 
INFO  00:24:04,742 HelpFormatter - Date/Time: 2021/03/13 00:24:04 
INFO  00:24:04,742 HelpFormatter - -------------------------------------------------------------------------------- 
INFO  00:24:04,742 HelpFormatter - -------------------------------------------------------------------------------- 
INFO  00:24:05,315 GenomeAnalysisEngine - Strictness is SILENT 
INFO  00:24:05,717 GenomeAnalysisEngine - Downsampling Settings: Method: BY_SAMPLE, Target Coverage: 1000 
INFO  00:24:05,727 SAMDataSource$SAMReaders - Initializing SAMRecords in serial 
INFO  00:24:05,872 SAMDataSource$SAMReaders - Done initializing BAM readers: total time 0.14 
WARN  00:24:06,804 IndexDictionaryUtils - Track dbsnp doesn't have a sequence dictionary built in, skipping dictionary validation 
WARN  00:24:06,804 IndexDictionaryUtils - Track cosmic doesn't have a sequence dictionary built in, skipping dictionary validation 
WARN  00:24:06,804 IndexDictionaryUtils - Track normal_panel doesn't have a sequence dictionary built in, skipping dictionary validation 
INFO  00:24:06,893 GenomeAnalysisEngine - Preparing for traversal over 2 BAM files 
INFO  00:24:07,015 GenomeAnalysisEngine - Done preparing for traversal 
INFO  00:24:07,016 ProgressMeter - [INITIALIZATION COMPLETE; STARTING PROCESSING] 
INFO  00:24:07,016 ProgressMeter -        Location processed.sites  runtime per.1M.sites completed total.runtime remaining 
INFO  00:24:07,017 MuTect - VERSION INFO: MuTect:1.1.6-4-g69b7a37 Gatk:3.1-0-g72492bb 
INFO  00:24:37,019 ProgressMeter -   chr1:36326201        0.00e+00   30.0 s       49.6 w      1.1%        44.3 m    43.8 m 
INFO  00:25:07,021 ProgressMeter -   chr1:81960201        0.00e+00   60.0 s       99.2 w      2.5%        39.3 m    38.3 m 
INFO  00:25:37,059 ProgressMeter -  chr1:131629201        0.00e+00   90.0 s      148.9 w      4.1%        36.7 m    35.2 m 
INFO  00:26:07,060 ProgressMeter -  chr1:180588201        0.00e+00  120.0 s      198.5 w      5.6%        35.6 m    33.6 m 
INFO  00:26:37,062 ProgressMeter -  chr1:226190501        0.00e+00    2.5 m      248.1 w      7.0%        35.6 m    33.1 m 
INFO  00:27:07,106 ProgressMeter -   chr2:17758201        2.49e+08    3.0 m        0.0 s      8.3%        36.2 m    33.2 m 
INFO  00:27:37,108 ProgressMeter -   chr2:63218701        2.49e+08    3.5 m        0.0 s      9.7%        36.1 m    32.6 m 
INFO  00:28:07,109 ProgressMeter -  chr2:111445401        2.49e+08    4.0 m        0.0 s     11.2%        35.7 m    31.7 m 
INFO  00:28:37,121 ProgressMeter -  chr2:157322401        2.49e+08    4.5 m        1.0 s     12.6%        35.6 m    31.1 m 
INFO  00:29:07,141 ProgressMeter -  chr2:203544801        2.49e+08    5.0 m        1.0 s     14.1%        35.6 m    30.6 m 
INFO  00:29:37,143 ProgressMeter -    chr3:2817901        4.91e+08    5.5 m        0.0 s     15.4%        35.8 m    30.3 m 
INFO  00:30:07,144 ProgressMeter -   chr3:46580101        4.91e+08    6.0 m        0.0 s     16.7%        35.9 m    29.9 m 
INFO  00:30:37,146 ProgressMeter -   chr3:91646201        4.91e+08    6.5 m        0.0 s     18.1%        35.9 m    29.4 m 
INFO  00:31:07,147 ProgressMeter -  chr3:136886901        4.91e+08    7.0 m        0.0 s     19.5%        35.9 m    28.9 m 
INFO  00:31:37,149 ProgressMeter -  chr3:182318501        4.91e+08    7.5 m        0.0 s     20.9%        35.8 m    28.3 m 
INFO  00:32:07,150 ProgressMeter -   chr4:23013201        6.89e+08    8.0 m        0.0 s     22.1%        36.1 m    28.1 m 
INFO  00:32:37,151 ProgressMeter -   chr4:67718901        6.89e+08    8.5 m        0.0 s     23.5%        36.1 m    27.6 m 
INFO  00:33:07,198 ProgressMeter -  chr4:112702701        6.89e+08    9.0 m        0.0 s     24.9%        36.1 m    27.1 m 
INFO  00:33:37,199 ProgressMeter -  chr4:157717801        6.89e+08    9.5 m        0.0 s     26.3%        36.1 m    26.6 m 
INFO  00:34:07,223 ProgressMeter -    chr5:7609901        8.80e+08   10.0 m        0.0 s     27.6%        36.3 m    26.3 m 
INFO  00:34:37,245 ProgressMeter -   chr5:51070301        8.80e+08   10.5 m        0.0 s     28.9%        36.3 m    25.8 m 
INFO  00:35:07,247 ProgressMeter -   chr5:95901201        8.80e+08   11.0 m        0.0 s     30.3%        36.3 m    25.3 m 
INFO  00:35:37,248 ProgressMeter -  chr5:138817201        8.80e+08   11.5 m        0.0 s     31.7%        36.3 m    24.8 m 
INFO  00:36:07,283 ProgressMeter -  chr5:180840701        8.80e+08   12.0 m        0.0 s     33.0%        36.4 m    24.4 m 
INFO  00:36:37,359 ProgressMeter -   chr6:37523901        1.06e+09   12.5 m        0.0 s     34.1%        36.6 m    24.1 m 
INFO  00:37:07,360 ProgressMeter -   chr6:81266201        1.06e+09   13.0 m        0.0 s     35.5%        36.6 m    23.6 m 
INFO  00:37:37,362 ProgressMeter -  chr6:125649801        1.06e+09   13.5 m        0.0 s     36.9%        36.6 m    23.1 m 
INFO  00:38:07,363 ProgressMeter -  chr6:169586101        1.06e+09   14.0 m        0.0 s     38.3%        36.6 m    22.6 m 
INFO  00:38:37,365 ProgressMeter -   chr7:40062901        1.23e+09   14.5 m        0.0 s     39.5%        36.7 m    22.2 m 
INFO  00:39:07,367 ProgressMeter -   chr7:85792301        1.23e+09   15.0 m        0.0 s     41.0%        36.6 m    21.6 m 
INFO  00:39:37,368 ProgressMeter -  chr7:132067101        1.23e+09   15.5 m        0.0 s     42.4%        36.6 m    21.1 m 
INFO  00:40:07,393 ProgressMeter -   chr8:13837001        1.39e+09   16.0 m        0.0 s     43.7%        36.6 m    20.6 m 
INFO  00:40:37,397 ProgressMeter -   chr8:58290001        1.39e+09   16.5 m        0.0 s     45.1%        36.6 m    20.1 m 
INFO  00:41:07,398 ProgressMeter -  chr8:104956801        1.39e+09   17.0 m        0.0 s     46.5%        36.6 m    19.6 m 
INFO  00:41:37,412 ProgressMeter -    chr9:3307801        1.54e+09   17.5 m        0.0 s     47.9%        36.6 m    19.1 m 
INFO  00:42:07,414 ProgressMeter -   chr9:50612801        1.54e+09   18.0 m        0.0 s     49.3%        36.5 m    18.5 m 
INFO  00:42:37,448 ProgressMeter -  chr9:101002201        1.54e+09   18.5 m        0.0 s     50.9%        36.3 m    17.8 m 
INFO  00:43:07,499 ProgressMeter -   chr10:5170201        1.67e+09   19.0 m        0.0 s     52.2%        36.4 m    17.4 m 
INFO  00:43:37,515 ProgressMeter -  chr10:49486901        1.67e+09   19.5 m        0.0 s     53.6%        36.4 m    16.9 m 
INFO  00:44:07,517 ProgressMeter -  chr10:94497401        1.67e+09   20.0 m        0.0 s     55.0%        36.4 m    16.4 m 
INFO  00:44:37,518 ProgressMeter -   chr11:2268401        1.81e+09   20.5 m        0.0 s     56.3%        36.4 m    15.9 m 
INFO  00:45:07,520 ProgressMeter -  chr11:45619201        1.81e+09   21.0 m        0.0 s     57.6%        36.4 m    15.4 m 
INFO  00:45:37,521 ProgressMeter -  chr11:90288301        1.81e+09   21.5 m        0.0 s     59.0%        36.4 m    14.9 m 
INFO  00:46:07,582 ProgressMeter - chr11:134216501        1.81e+09   22.0 m        0.0 s     60.4%        36.4 m    14.4 m 
INFO  00:46:37,583 ProgressMeter -  chr12:40362201        1.94e+09   22.5 m        0.0 s     61.7%        36.5 m    14.0 m 
INFO  00:47:07,658 ProgressMeter -  chr12:84855201        1.94e+09   23.0 m        0.0 s     63.1%        36.5 m    13.5 m 
INFO  00:47:37,659 ProgressMeter - chr12:128071201        1.94e+09   23.5 m        0.0 s     64.4%        36.5 m    13.0 m 
INFO  00:48:07,661 ProgressMeter -  chr13:40305701        2.08e+09   24.0 m        0.0 s     65.8%        36.5 m    12.5 m 
INFO  00:48:37,676 ProgressMeter -  chr13:84567201        2.08e+09   24.5 m        0.0 s     67.2%        36.5 m    12.0 m 
INFO  00:49:07,677 ProgressMeter -  chr14:17212001        2.19e+09   25.0 m        0.0 s     68.6%        36.4 m    11.4 m 
INFO  00:49:37,793 ProgressMeter -  chr14:60960301        2.19e+09   25.5 m        0.0 s     70.0%        36.4 m    10.9 m 
INFO  00:50:07,877 ProgressMeter - chr14:103540801        2.19e+09   26.0 m        0.0 s     71.3%        36.5 m    10.5 m 
INFO  00:50:37,878 ProgressMeter -  chr15:43957001        2.30e+09   26.5 m        0.0 s     72.8%        36.4 m     9.9 m 
INFO  00:51:07,880 ProgressMeter -  chr15:87291101        2.30e+09   27.0 m        0.0 s     74.2%        36.4 m     9.4 m 
INFO  00:51:37,881 ProgressMeter -  chr16:23415701        2.40e+09   27.5 m        0.0 s     75.3%        36.5 m     9.0 m 
INFO  00:52:07,883 ProgressMeter -  chr16:71995101        2.40e+09   28.0 m        0.0 s     76.8%        36.4 m     8.4 m 
INFO  00:52:37,885 ProgressMeter -  chr17:22762701        2.49e+09   28.5 m        0.0 s     78.1%        36.5 m     8.0 m 
INFO  00:53:07,982 ProgressMeter -  chr17:70115401        2.49e+09   29.0 m        0.0 s     79.6%        36.4 m     7.4 m 
INFO  00:53:37,984 ProgressMeter -  chr18:32183401        2.57e+09   29.5 m        0.0 s     81.0%        36.4 m     6.9 m 
INFO  00:54:07,995 ProgressMeter -  chr18:77650601        2.57e+09   30.0 m        0.0 s     82.4%        36.4 m     6.4 m 
INFO  00:54:37,996 ProgressMeter -  chr19:39938801        2.65e+09   30.5 m        0.0 s     83.7%        36.4 m     5.9 m 
INFO  00:55:07,998 ProgressMeter -  chr20:23940201        2.71e+09   31.0 m        0.0 s     85.1%        36.4 m     5.4 m 
INFO  00:55:37,999 ProgressMeter -   chr21:6310501        2.78e+09   31.5 m        0.0 s     86.5%        36.4 m     4.9 m 
INFO  00:56:08,036 ProgressMeter -   chr22:4295601        2.82e+09   32.0 m        0.0 s     87.9%        36.4 m     4.4 m 
INFO  00:56:38,037 ProgressMeter -  chr22:49645901        2.82e+09   32.5 m        0.0 s     89.3%        36.4 m     3.9 m 
INFO  00:57:08,042 ProgressMeter -   chrX:44079901        2.88e+09   33.0 m        0.0 s     90.7%        36.4 m     3.4 m 
INFO  00:57:38,043 ProgressMeter -   chrX:92443601        2.88e+09   33.5 m        0.0 s     92.2%        36.3 m     2.8 m 
INFO  00:58:08,045 ProgressMeter -  chrX:141289101        2.88e+09   34.0 m        0.0 s     93.8%        36.3 m     2.3 m 
INFO  00:58:38,125 ProgressMeter -   chrY:40219501        3.03e+09   34.5 m        0.0 s     95.5%        36.2 m    98.0 s 
INFO  00:59:08,126 ProgressMeter - chr14_KI270846v1_alt:603001        3.13e+09   35.0 m        0.0 s     97.4%        36.0 m    56.0 s 
INFO  00:59:39,676 ProgressMeter - chr6_GL000255v2_alt:312801        3.20e+09   35.5 m        0.0 s     99.3%        35.8 m    14.0 s 
INFO  00:59:51,194 Walker - [REDUCE RESULT] Traversal result is: 0 
INFO  00:59:51,363 ProgressMeter -            done        3.22e+09   35.7 m        0.0 s    100.0%        35.7 m     0.0 s 
INFO  00:59:51,364 ProgressMeter - Total runtime 2144.35 secs, 35.74 min, 0.60 hours 
INFO  00:59:51,445 MicroScheduler - 151 reads were filtered out during the traversal out of approximately 2648 total reads (5.70%) 
INFO  00:59:51,445 MicroScheduler -   -> 0 reads (0.00% of total) failing BadCigarFilter 
INFO  00:59:51,446 MicroScheduler -   -> 88 reads (3.32% of total) failing DuplicateReadFilter 
INFO  00:59:51,446 MicroScheduler -   -> 0 reads (0.00% of total) failing FailsVendorQualityCheckFilter 
INFO  00:59:51,446 MicroScheduler -   -> 0 reads (0.00% of total) failing MalformedReadFilter 
INFO  00:59:51,446 MicroScheduler -   -> 54 reads (2.04% of total) failing NotPrimaryAlignmentFilter 
INFO  00:59:51,447 MicroScheduler -   -> 9 reads (0.34% of total) failing UnmappedReadFilter 
[Sat Mar 13 00:59:56 2021]
Finished job 0.
1 of 1 steps (100%) done
{'Sample10_ARK1_S37.test': '--variant:mutect2 /spin1/scratch/tandonm/pipeline_out/tn_test_1/somatic/SNP_Indels/mutect2_out/vcf/Sample10_ARK1_S37.test.FINAL.vcf --variant:vardict /spin1/scratch/tandonm/pipeline_out/tn_test_1/somatic/SNP_Indels/vardict_out/vcf/Sample10_ARK1_S37.test.FINAL.vcf --variant:mutect /spin1/scratch/tandonm/pipeline_out/tn_test_1/somatic/SNP_Indels/mutect_out/vcf/Sample10_ARK1_S37.test.FINAL.vcf --variant:varscan /spin1/scratch/tandonm/pipeline_out/tn_test_1/somatic/SNP_Indels/varscan_out/vcf/Sample10_ARK1_S37.test.FINAL.vcf --variant:strelka /spin1/scratch/tandonm/pipeline_out/tn_test_1/somatic/SNP_Indels/strelka_out/vcf/Sample10_ARK1_S37.test.FINAL.vcf', 'Sample11_ACI_158_S38.test': '--variant:mutect2 /spin1/scratch/tandonm/pipeline_out/tn_test_1/somatic/SNP_Indels/mutect2_out/vcf/Sample11_ACI_158_S38.test.FINAL.vcf --variant:vardict /spin1/scratch/tandonm/pipeline_out/tn_test_1/somatic/SNP_Indels/vardict_out/vcf/Sample11_ACI_158_S38.test.FINAL.vcf --variant:mutect /spin1/scratch/tandonm/pipeline_out/tn_test_1/somatic/SNP_Indels/mutect_out/vcf/Sample11_ACI_158_S38.test.FINAL.vcf --variant:varscan /spin1/scratch/tandonm/pipeline_out/tn_test_1/somatic/SNP_Indels/varscan_out/vcf/Sample11_ACI_158_S38.test.FINAL.vcf --variant:strelka /spin1/scratch/tandonm/pipeline_out/tn_test_1/somatic/SNP_Indels/strelka_out/vcf/Sample11_ACI_158_S38.test.FINAL.vcf'}
