Building DAG of jobs...
Using shell: /usr/bin/bash
Provided cores: 4
Rules claiming more threads will be scaled down.
Job counts:
	count	jobs
	1	haplotypecaller
	1

[Sat Mar 13 00:19:40 2021]
rule haplotypecaller:
    input: /spin1/scratch/tandonm/pipeline_out/tn_test_1/bams/Sample4_CRL1622_S31.test.recal.bam
    output: /spin1/scratch/tandonm/pipeline_out/tn_test_1/germline/gVCFs/Sample4_CRL1622_S31.test.chr16.g.vcf.gz, /spin1/scratch/tandonm/pipeline_out/tn_test_1/germline/gVCFs/Sample4_CRL1622_S31.test.chr16.g.vcf.gz.tbi
    jobid: 0
    wildcards: samples=Sample4_CRL1622_S31.test, chroms=chr16

[+] Loading gcc  9.2.0  ... 
[+] Loading GSL 2.6 for GCC 9.2.0 ... 
[-] Unloading gcc  9.2.0  ... 
[+] Loading gcc  9.2.0  ... 
[+] Loading openmpi 3.1.4  for GCC 9.2.0 
[+] Loading ImageMagick  7.0.8  on cn4519 
[+] Loading HDF5  1.10.4 
[-] Unloading gcc  9.2.0  ... 
[+] Loading gcc  9.2.0  ... 
[+] Loading NetCDF 4.7.4_gcc9.2.0 
[+] Loading pandoc  2.11.4  on cn4519 
[+] Loading R 3.6.3 
[+] Loading GATK  4.1.4.1 

GATK/4 includes its own python environment. Loading a different python
environment
after the GATK module will result in some tools failing. Conversely, the python
environment included with GATK/4 will override any python modules you may
already
have loaded.


00:19:46.635 WARN  GATKAnnotationPluginDescriptor - Redundant enabled annotation group (StandardAnnotation) is enabled for this tool by default
Mar 13, 2021 12:19:46 AM shaded.cloud_nio.com.google.auth.oauth2.ComputeEngineCredentials runningOnComputeEngine
INFO: Failed to detect whether we are running on Google Compute Engine.
00:19:46.919 INFO  HaplotypeCaller - ------------------------------------------------------------
00:19:46.920 INFO  HaplotypeCaller - The Genome Analysis Toolkit (GATK) v4.1.4.1
00:19:46.920 INFO  HaplotypeCaller - For support and documentation go to https://software.broadinstitute.org/gatk/
00:19:46.920 INFO  HaplotypeCaller - Executing as tandonm@cn4519 on Linux v3.10.0-862.14.4.el7.x86_64 amd64
00:19:46.920 INFO  HaplotypeCaller - Java runtime: OpenJDK 64-Bit Server VM v1.8.0_181-b13
00:19:46.920 INFO  HaplotypeCaller - Start Date/Time: March 13, 2021 12:19:46 AM EST
00:19:46.920 INFO  HaplotypeCaller - ------------------------------------------------------------
00:19:46.920 INFO  HaplotypeCaller - ------------------------------------------------------------
00:19:46.921 INFO  HaplotypeCaller - HTSJDK Version: 2.21.0
00:19:46.921 INFO  HaplotypeCaller - Picard Version: 2.21.2
00:19:46.924 INFO  HaplotypeCaller - HTSJDK Defaults.COMPRESSION_LEVEL : 2
00:19:46.924 INFO  HaplotypeCaller - HTSJDK Defaults.USE_ASYNC_IO_READ_FOR_SAMTOOLS : false
00:19:46.924 INFO  HaplotypeCaller - HTSJDK Defaults.USE_ASYNC_IO_WRITE_FOR_SAMTOOLS : true
00:19:46.925 INFO  HaplotypeCaller - HTSJDK Defaults.USE_ASYNC_IO_WRITE_FOR_TRIBBLE : false
00:19:46.925 INFO  HaplotypeCaller - Deflater: JdkDeflater
00:19:46.926 INFO  HaplotypeCaller - Inflater: JdkInflater
00:19:46.926 INFO  HaplotypeCaller - GCS max retries/reopens: 20
00:19:46.926 INFO  HaplotypeCaller - Requester pays: disabled
00:19:46.926 INFO  HaplotypeCaller - Initializing engine
WARNING	2021-03-13 00:19:47	SamFiles	The index file /gpfs/gsfs7/users/tandonm/pl_test_data/human/bams/Sample4_CRL1622_S31.test.recal.bai was found by resolving the canonical path of a symlink: /spin1/scratch/tandonm/pipeline_out/tn_test_1/bams/Sample4_CRL1622_S31.test.recal.bam -> /gpfs/gsfs7/users/tandonm/pl_test_data/human/bams/Sample4_CRL1622_S31.test.recal.bam
WARNING: BAM index file /gpfs/gsfs7/users/tandonm/pl_test_data/human/bams/Sample4_CRL1622_S31.test.recal.bai is older than BAM /spin1/scratch/tandonm/pipeline_out/tn_test_1/bams/Sample4_CRL1622_S31.test.recal.bam
00:19:47.676 INFO  FeatureManager - Using codec VCFCodec to read file file:///fdb/GATK_resource_bundle/hg38bundle/dbsnp_138.hg38.vcf.gz
00:19:47.919 INFO  IntervalArgumentCollection - Processing 90338345 bp from intervals
00:19:47.986 INFO  HaplotypeCaller - Done initializing engine
00:19:47.989 INFO  HaplotypeCallerEngine - Tool is in reference confidence mode and the annotation, the following changes will be made to any specified annotations: 'StrandBiasBySample' will be enabled. 'ChromosomeCounts', 'FisherStrand', 'StrandOddsRatio' and 'QualByDepth' annotations have been disabled
00:19:48.071 INFO  HaplotypeCallerEngine - Standard Emitting and Calling confidence set to 0.0 for reference-model confidence output
00:19:48.071 INFO  HaplotypeCallerEngine - All sites annotated with PLs forced to true for reference-model confidence output
00:19:48.090 INFO  NativeLibraryLoader - Loading libgkl_utils.so from jar:file:/usr/local/apps/GATK/4.1.4.1/gatk-package-4.1.4.1-local.jar!/com/intel/gkl/native/libgkl_utils.so
00:19:48.093 INFO  NativeLibraryLoader - Loading libgkl_pairhmm_omp.so from jar:file:/usr/local/apps/GATK/4.1.4.1/gatk-package-4.1.4.1-local.jar!/com/intel/gkl/native/libgkl_pairhmm_omp.so
00:19:48.154 INFO  IntelPairHmm - Flush-to-zero (FTZ) is enabled when running PairHMM
00:19:48.155 INFO  IntelPairHmm - Available threads: 1
00:19:48.155 INFO  IntelPairHmm - Requested threads: 4
00:19:48.155 WARN  IntelPairHmm - Using 1 available threads, but 4 were requested
00:19:48.155 INFO  PairHMM - Using the OpenMP multi-threaded AVX-accelerated native PairHMM implementation
00:19:48.259 INFO  ProgressMeter - Starting traversal
00:19:48.259 INFO  ProgressMeter -        Current Locus  Elapsed Minutes     Regions Processed   Regions/Minute
00:19:49.113 WARN  InbreedingCoeff - InbreedingCoeff will not be calculated; at least 10 samples must have called genotypes
00:19:58.319 INFO  ProgressMeter -         chr16:581540              0.2                  2230          13300.2
00:20:08.448 INFO  ProgressMeter -        chr16:1256605              0.3                  4900          14563.1
00:20:18.455 INFO  ProgressMeter -        chr16:2431981              0.5                  9510          18896.5
00:20:21.101 WARN  DepthPerSampleHC - Annotation will not be calculated, genotype is not called or alleleLikelihoodMap is null
00:20:21.101 WARN  StrandBiasBySample - Annotation will not be calculated, genotype is not called or alleleLikelihoodMap is null
00:20:21.103 WARN  StrandBiasBySample - Annotation will not be calculated, genotype is not called or alleleLikelihoodMap is null
00:20:28.455 INFO  ProgressMeter -        chr16:4246740              0.7                 16530          24674.1
00:20:38.457 INFO  ProgressMeter -        chr16:8044861              0.8                 30300          36216.6
00:20:48.458 INFO  ProgressMeter -       chr16:11266633              1.0                 42000          41861.2
00:20:57.213 WARN  StrandBiasBySample - Annotation will not be calculated, genotype is not called or alleleLikelihoodMap is null
00:20:58.458 INFO  ProgressMeter -       chr16:14837921              1.2                 55030          47034.9
00:21:08.464 INFO  ProgressMeter -       chr16:20159008              1.3                 73610          55066.4
00:21:08.924 WARN  StrandBiasBySample - Annotation will not be calculated, genotype is not called or alleleLikelihoodMap is null
00:21:18.505 INFO  ProgressMeter -       chr16:23068670              1.5                 84270          56027.5
00:21:26.925 WARN  StrandBiasBySample - Annotation will not be calculated, genotype is not called or alleleLikelihoodMap is null
00:21:28.511 INFO  ProgressMeter -       chr16:27088378              1.7                 98760          59107.1
00:21:38.520 INFO  ProgressMeter -       chr16:29814143              1.8                108940          59281.2
00:21:48.520 INFO  ProgressMeter -       chr16:31697710              2.0                116300          58023.8
00:21:51.595 WARN  StrandBiasBySample - Annotation will not be calculated, genotype is not called or alleleLikelihoodMap is null
00:21:51.598 WARN  StrandBiasBySample - Annotation will not be calculated, genotype is not called or alleleLikelihoodMap is null
00:21:51.598 WARN  StrandBiasBySample - Annotation will not be calculated, genotype is not called or alleleLikelihoodMap is null
00:21:51.599 WARN  StrandBiasBySample - Annotation will not be calculated, genotype is not called or alleleLikelihoodMap is null
00:21:53.037 WARN  StrandBiasBySample - Annotation will not be calculated, genotype is not called or alleleLikelihoodMap is null
00:21:58.521 INFO  ProgressMeter -       chr16:40185593              2.2                144960          66770.0
00:22:04.409 WARN  StrandBiasBySample - Annotation will not be calculated, genotype is not called or alleleLikelihoodMap is null
00:22:04.409 WARN  StrandBiasBySample - Annotation will not be calculated, genotype is not called or alleleLikelihoodMap is null
00:22:04.409 WARN  StrandBiasBySample - Annotation will not be calculated, genotype is not called or alleleLikelihoodMap is null
00:22:08.525 INFO  ProgressMeter -       chr16:47107852              2.3                168330          72004.6
00:22:18.527 INFO  ProgressMeter -       chr16:51766905              2.5                184870          73816.1
00:22:28.538 INFO  ProgressMeter -       chr16:56844968              2.7                202690          75876.4
00:22:38.539 INFO  ProgressMeter -       chr16:60358021              2.8                215460          75919.7
00:22:48.546 INFO  ProgressMeter -       chr16:67054331              3.0                238530          79383.4
00:22:58.550 INFO  ProgressMeter -       chr16:69657380              3.2                248200          78259.1
00:23:08.558 INFO  ProgressMeter -       chr16:71977908              3.3                256890          76952.0
00:23:18.599 INFO  ProgressMeter -       chr16:75479796              3.5                269840          76972.5
00:23:28.604 INFO  ProgressMeter -       chr16:80866537              3.7                288730          78621.3
00:23:38.624 INFO  ProgressMeter -       chr16:84177804              3.8                300830          78353.4
00:23:42.563 WARN  StrandBiasBySample - Annotation will not be calculated, genotype is not called or alleleLikelihoodMap is null
00:23:45.979 WARN  StrandBiasBySample - Annotation will not be calculated, genotype is not called or alleleLikelihoodMap is null
00:23:48.623 INFO  ProgressMeter -       chr16:87592669              4.0                313280          78201.4
00:23:58.629 INFO  ProgressMeter -       chr16:89686457              4.2                321220          76978.9
00:24:03.416 INFO  HaplotypeCaller - 166097 read(s) filtered by: ((((((((MappingQualityReadFilter AND MappingQualityAvailableReadFilter) AND MappedReadFilter) AND NotSecondaryAlignmentReadFilter) AND NotDuplicateReadFilter) AND PassesVendorQualityCheckReadFilter) AND NonZeroReferenceLengthAlignmentReadFilter) AND GoodCigarReadFilter) AND WellformedReadFilter)
  166097 read(s) filtered by: (((((((MappingQualityReadFilter AND MappingQualityAvailableReadFilter) AND MappedReadFilter) AND NotSecondaryAlignmentReadFilter) AND NotDuplicateReadFilter) AND PassesVendorQualityCheckReadFilter) AND NonZeroReferenceLengthAlignmentReadFilter) AND GoodCigarReadFilter)
      166097 read(s) filtered by: ((((((MappingQualityReadFilter AND MappingQualityAvailableReadFilter) AND MappedReadFilter) AND NotSecondaryAlignmentReadFilter) AND NotDuplicateReadFilter) AND PassesVendorQualityCheckReadFilter) AND NonZeroReferenceLengthAlignmentReadFilter)
          166097 read(s) filtered by: (((((MappingQualityReadFilter AND MappingQualityAvailableReadFilter) AND MappedReadFilter) AND NotSecondaryAlignmentReadFilter) AND NotDuplicateReadFilter) AND PassesVendorQualityCheckReadFilter)
              166097 read(s) filtered by: ((((MappingQualityReadFilter AND MappingQualityAvailableReadFilter) AND MappedReadFilter) AND NotSecondaryAlignmentReadFilter) AND NotDuplicateReadFilter)
                  133419 read(s) filtered by: (((MappingQualityReadFilter AND MappingQualityAvailableReadFilter) AND MappedReadFilter) AND NotSecondaryAlignmentReadFilter)
                      133110 read(s) filtered by: ((MappingQualityReadFilter AND MappingQualityAvailableReadFilter) AND MappedReadFilter)
                          133110 read(s) filtered by: (MappingQualityReadFilter AND MappingQualityAvailableReadFilter)
                              133110 read(s) filtered by: MappingQualityReadFilter 
                      309 read(s) filtered by: NotSecondaryAlignmentReadFilter 
                  32678 read(s) filtered by: NotDuplicateReadFilter 

00:24:03.416 INFO  ProgressMeter -       chr16:90336384              4.3                323846          76152.2
00:24:03.416 INFO  ProgressMeter - Traversal complete. Processed 323846 total regions in 4.3 minutes.
00:24:03.445 INFO  VectorLoglessPairHMM - Time spent in setup for JNI call : 0.067401455
00:24:03.445 INFO  PairHMM - Total compute time in PairHMM computeLogLikelihoods() : 8.660676203000001
00:24:03.445 INFO  SmithWatermanAligner - Total compute time in java Smith-Waterman : 10.93 sec
00:24:03.446 INFO  HaplotypeCaller - Shutting down engine
[March 13, 2021 12:24:03 AM EST] org.broadinstitute.hellbender.tools.walkers.haplotypecaller.HaplotypeCaller done. Elapsed time: 4.28 minutes.
Runtime.totalMemory()=2958032896
Using GATK jar /usr/local/apps/GATK/4.1.4.1/gatk-package-4.1.4.1-local.jar
Running:
    java -Dsamjdk.use_async_io_read_samtools=false -Dsamjdk.use_async_io_write_samtools=true -Dsamjdk.use_async_io_write_tribble=false -Dsamjdk.compression_level=2 -Xmx24g -jar /usr/local/apps/GATK/4.1.4.1/gatk-package-4.1.4.1-local.jar HaplotypeCaller --reference /data/tandonm/pl_test_data/human/genome/hg38/Homo_sapiens_assembly38.fasta --input /spin1/scratch/tandonm/pipeline_out/tn_test_1/bams/Sample4_CRL1622_S31.test.recal.bam --use-jdk-inflater --use-jdk-deflater --emit-ref-confidence GVCF --annotation-group StandardAnnotation --annotation-group AS_StandardAnnotation --dbsnp /fdb/GATK_resource_bundle/hg38bundle/dbsnp_138.hg38.vcf.gz --output /spin1/scratch/tandonm/pipeline_out/tn_test_1/germline/gVCFs/Sample4_CRL1622_S31.test.chr16.g.vcf.gz --intervals chr16 --max-alternate-alleles 3
[Sat Mar 13 00:24:04 2021]
Finished job 0.
1 of 1 steps (100%) done
{'Sample10_ARK1_S37.test': '--variant:varscan /spin1/scratch/tandonm/pipeline_out/tn_test_1/somatic/SNP_Indels/varscan_out/vcf/Sample10_ARK1_S37.test.FINAL.vcf --variant:vardict /spin1/scratch/tandonm/pipeline_out/tn_test_1/somatic/SNP_Indels/vardict_out/vcf/Sample10_ARK1_S37.test.FINAL.vcf --variant:strelka /spin1/scratch/tandonm/pipeline_out/tn_test_1/somatic/SNP_Indels/strelka_out/vcf/Sample10_ARK1_S37.test.FINAL.vcf --variant:mutect2 /spin1/scratch/tandonm/pipeline_out/tn_test_1/somatic/SNP_Indels/mutect2_out/vcf/Sample10_ARK1_S37.test.FINAL.vcf --variant:mutect /spin1/scratch/tandonm/pipeline_out/tn_test_1/somatic/SNP_Indels/mutect_out/vcf/Sample10_ARK1_S37.test.FINAL.vcf', 'Sample11_ACI_158_S38.test': '--variant:varscan /spin1/scratch/tandonm/pipeline_out/tn_test_1/somatic/SNP_Indels/varscan_out/vcf/Sample11_ACI_158_S38.test.FINAL.vcf --variant:vardict /spin1/scratch/tandonm/pipeline_out/tn_test_1/somatic/SNP_Indels/vardict_out/vcf/Sample11_ACI_158_S38.test.FINAL.vcf --variant:strelka /spin1/scratch/tandonm/pipeline_out/tn_test_1/somatic/SNP_Indels/strelka_out/vcf/Sample11_ACI_158_S38.test.FINAL.vcf --variant:mutect2 /spin1/scratch/tandonm/pipeline_out/tn_test_1/somatic/SNP_Indels/mutect2_out/vcf/Sample11_ACI_158_S38.test.FINAL.vcf --variant:mutect /spin1/scratch/tandonm/pipeline_out/tn_test_1/somatic/SNP_Indels/mutect_out/vcf/Sample11_ACI_158_S38.test.FINAL.vcf'}
