Building DAG of jobs...
Using shell: /usr/bin/bash
Provided cores: 4
Rules claiming more threads will be scaled down.
Job counts:
	count	jobs
	1	mutect
	1

[Sat Mar 13 00:23:58 2021]
rule mutect:
    input: /spin1/scratch/tandonm/pipeline_out/tn_test_1/bams/chrom_split/Sample4_CRL1622_S31.test.chrY.split.bam, /spin1/scratch/tandonm/pipeline_out/tn_test_1/bams/chrom_split/Sample10_ARK1_S37.test.chrY.split.bam
    output: /spin1/scratch/tandonm/pipeline_out/tn_test_1/somatic/SNP_Indels/mutect_out/chrom_split/Sample10_ARK1_S37.test.chrY.vcf, /spin1/scratch/tandonm/pipeline_out/tn_test_1/somatic/SNP_Indels/mutect_out/chrom_split/Sample10_ARK1_S37.test.chrY.stats.out
    jobid: 0
    wildcards: samples=Sample10_ARK1_S37.test, chroms=chrY


  +--------------------------------------------------------------------------+
           muTect functionality has been merged with GATK since 2015.
                   Please consider using GATK instead.

                     For more information please see:

             https://software.broadinstitute.org/gatk/blog?id=6495
  +--------------------------------------------------------------------------+

[+] Loading java 1.7.0_80  ... 
[+] Loading mutect / 1.1.7  ... 
mem = 2g
tmpdir = /lscratch/10304279/muTect
INFO  00:24:04,307 HelpFormatter - -------------------------------------------------------------------------------- 
INFO  00:24:04,310 HelpFormatter - The Genome Analysis Toolkit (GATK) v3.1-0-g72492bb, Compiled 2014/12/15 20:09:26 
INFO  00:24:04,310 HelpFormatter - Copyright (c) 2010 The Broad Institute 
INFO  00:24:04,310 HelpFormatter - For support and documentation go to http://www.broadinstitute.org/gatk 
INFO  00:24:04,313 HelpFormatter - Program Args: --analysis_type MuTect --reference_sequence /data/tandonm/pl_test_data/human/genome/hg38/Homo_sapiens_assembly38.fasta --normal_panel /data/CCBR_Pipeliner/db/PipeDB/lib/hg38.noCOSMIC_ClinVar.pon.vcf.gz --vcf /spin1/scratch/tandonm/pipeline_out/tn_test_1/somatic/SNP_Indels/mutect_out/chrom_split/Sample10_ARK1_S37.test.chrY.vcf --cosmic /data/CCBR_Pipeliner/db/PipeDB/lib/COSMIC_82_hg38.vcf.gz --dbsnp /fdb/GATK_resource_bundle/hg38bundle/dbsnp_138.hg38.vcf.gz --disable_auto_index_creation_and_locking_when_reading_rods --input_file:normal /spin1/scratch/tandonm/pipeline_out/tn_test_1/bams/chrom_split/Sample4_CRL1622_S31.test.chrY.split.bam --input_file:tumor /spin1/scratch/tandonm/pipeline_out/tn_test_1/bams/chrom_split/Sample10_ARK1_S37.test.chrY.split.bam --out /spin1/scratch/tandonm/pipeline_out/tn_test_1/somatic/SNP_Indels/mutect_out/chrom_split/Sample10_ARK1_S37.test.chrY.stats.out -rf BadCigar 
INFO  00:24:04,317 HelpFormatter - Executing as tandonm@cn2415 on Linux 3.10.0-862.14.4.el7.x86_64 amd64; Java HotSpot(TM) 64-Bit Server VM 1.7.0_80-b15. 
INFO  00:24:04,317 HelpFormatter - Date/Time: 2021/03/13 00:24:04 
INFO  00:24:04,317 HelpFormatter - -------------------------------------------------------------------------------- 
INFO  00:24:04,317 HelpFormatter - -------------------------------------------------------------------------------- 
INFO  00:24:04,848 GenomeAnalysisEngine - Strictness is SILENT 
INFO  00:24:05,209 GenomeAnalysisEngine - Downsampling Settings: Method: BY_SAMPLE, Target Coverage: 1000 
INFO  00:24:05,217 SAMDataSource$SAMReaders - Initializing SAMRecords in serial 
INFO  00:24:05,322 SAMDataSource$SAMReaders - Done initializing BAM readers: total time 0.10 
WARN  00:24:06,196 IndexDictionaryUtils - Track dbsnp doesn't have a sequence dictionary built in, skipping dictionary validation 
WARN  00:24:06,196 IndexDictionaryUtils - Track cosmic doesn't have a sequence dictionary built in, skipping dictionary validation 
WARN  00:24:06,196 IndexDictionaryUtils - Track normal_panel doesn't have a sequence dictionary built in, skipping dictionary validation 
INFO  00:24:06,262 GenomeAnalysisEngine - Preparing for traversal over 2 BAM files 
INFO  00:24:06,358 GenomeAnalysisEngine - Done preparing for traversal 
INFO  00:24:06,358 ProgressMeter - [INITIALIZATION COMPLETE; STARTING PROCESSING] 
INFO  00:24:06,358 ProgressMeter -        Location processed.sites  runtime per.1M.sites completed total.runtime remaining 
INFO  00:24:06,359 MuTect - VERSION INFO: MuTect:1.1.6-4-g69b7a37 Gatk:3.1-0-g72492bb 
INFO  00:24:36,379 ProgressMeter -   chr1:39036701        0.00e+00   30.0 s       49.6 w      1.2%        41.2 m    40.7 m 
INFO  00:25:06,381 ProgressMeter -   chr1:87246901        0.00e+00   60.0 s       99.2 w      2.7%        36.9 m    35.9 m 
INFO  00:25:36,383 ProgressMeter -  chr1:142645401        0.00e+00   90.0 s      148.8 w      4.4%        33.8 m    32.3 m 
INFO  00:26:06,565 ProgressMeter -  chr1:192395501        0.00e+00  120.0 s      198.8 w      6.0%        33.4 m    31.4 m 
INFO  00:26:36,582 ProgressMeter -  chr1:239975801        0.00e+00    2.5 m      248.4 w      7.5%        33.5 m    31.0 m 
INFO  00:27:06,711 ProgressMeter -   chr2:33262801        2.49e+08    3.0 m        0.0 s      8.8%        34.2 m    31.2 m 
INFO  00:27:36,713 ProgressMeter -   chr2:80093301        2.49e+08    3.5 m        0.0 s     10.2%        34.2 m    30.7 m 
INFO  00:28:06,779 ProgressMeter -  chr2:128159601        2.49e+08    4.0 m        0.0 s     11.7%        34.1 m    30.1 m 
INFO  00:28:36,812 ProgressMeter -  chr2:176738501        2.49e+08    4.5 m        1.0 s     13.2%        34.0 m    29.5 m 
INFO  00:29:06,814 ProgressMeter -  chr2:224095601        2.49e+08    5.0 m        1.0 s     14.7%        34.0 m    29.0 m 
INFO  00:29:36,815 ProgressMeter -   chr3:23711701        4.91e+08    5.5 m        0.0 s     16.0%        34.4 m    28.9 m 
INFO  00:30:06,817 ProgressMeter -   chr3:70460601        4.91e+08    6.0 m        0.0 s     17.5%        34.4 m    28.4 m 
INFO  00:30:36,836 ProgressMeter -  chr3:118795301        4.91e+08    6.5 m        0.0 s     19.0%        34.3 m    27.8 m 
INFO  00:31:06,917 ProgressMeter -  chr3:165464601        4.91e+08    7.0 m        0.0 s     20.4%        34.3 m    27.3 m 
INFO  00:31:36,918 ProgressMeter -    chr4:7794401        6.89e+08    7.5 m        0.0 s     21.7%        34.6 m    27.1 m 
INFO  00:32:07,052 ProgressMeter -   chr4:53720801        6.89e+08    8.0 m        0.0 s     23.1%        34.6 m    26.6 m 
INFO  00:32:37,098 ProgressMeter -   chr4:99885901        6.89e+08    8.5 m        0.0 s     24.5%        34.6 m    26.1 m 
INFO  00:33:07,100 ProgressMeter -  chr4:146714601        6.89e+08    9.0 m        0.0 s     26.0%        34.6 m    25.6 m 
INFO  00:33:38,011 ProgressMeter -     chr5:549501        8.80e+08    9.5 m        0.0 s     27.4%        34.8 m    25.3 m 
INFO  00:34:08,018 ProgressMeter -   chr5:45019401        8.80e+08   10.0 m        0.0 s     28.7%        34.9 m    24.8 m 
INFO  00:34:38,125 ProgressMeter -   chr5:93124801        8.80e+08   10.5 m        0.0 s     30.2%        34.8 m    24.3 m 
INFO  00:35:08,208 ProgressMeter -  chr5:139209901        8.80e+08   11.0 m        0.0 s     31.7%        34.8 m    23.8 m 
INFO  00:35:39,750 ProgressMeter -     chr6:655601        1.06e+09   11.6 m        0.0 s     33.0%        35.0 m    23.4 m 
INFO  00:36:09,752 ProgressMeter -   chr6:42141201        1.06e+09   12.1 m        0.0 s     34.3%        35.1 m    23.1 m 
INFO  00:36:39,843 ProgressMeter -   chr6:88210901        1.06e+09   12.6 m        0.0 s     35.7%        35.1 m    22.6 m 
INFO  00:37:09,845 ProgressMeter -  chr6:134931301        1.06e+09   13.1 m        0.0 s     37.2%        35.1 m    22.1 m 
INFO  00:37:39,866 ProgressMeter -    chr7:6444901        1.23e+09   13.6 m        0.0 s     38.5%        35.2 m    21.7 m 
INFO  00:38:09,867 ProgressMeter -   chr7:52867501        1.23e+09   14.1 m        0.0 s     39.9%        35.2 m    21.1 m 
INFO  00:38:39,939 ProgressMeter -  chr7:100412501        1.23e+09   14.6 m        0.0 s     41.4%        35.1 m    20.6 m 
INFO  00:39:09,941 ProgressMeter -  chr7:148252301        1.23e+09   15.1 m        0.0 s     42.9%        35.1 m    20.0 m 
INFO  00:39:40,013 ProgressMeter -   chr8:29561801        1.39e+09   15.6 m        0.0 s     44.2%        35.2 m    19.7 m 
INFO  00:40:10,015 ProgressMeter -   chr8:78045601        1.39e+09   16.1 m        0.0 s     45.7%        35.1 m    19.1 m 
INFO  00:40:40,016 ProgressMeter -  chr8:126501301        1.39e+09   16.6 m        0.0 s     47.2%        35.1 m    18.5 m 
INFO  00:41:10,018 ProgressMeter -   chr9:24313501        1.54e+09   17.1 m        0.0 s     48.5%        35.1 m    18.1 m 
INFO  00:41:40,026 ProgressMeter -   chr9:78006301        1.54e+09   17.6 m        0.0 s     50.2%        35.0 m    17.4 m 
INFO  00:42:10,028 ProgressMeter -  chr9:124913501        1.54e+09   18.1 m        0.0 s     51.6%        35.0 m    16.9 m 
INFO  00:42:40,910 ProgressMeter -  chr10:29803501        1.67e+09   18.6 m        0.0 s     53.0%        35.0 m    16.5 m 
INFO  00:43:10,912 ProgressMeter -  chr10:77720001        1.67e+09   19.1 m        0.0 s     54.5%        35.0 m    15.9 m 
INFO  00:43:40,983 ProgressMeter - chr10:124429701        1.67e+09   19.6 m        0.0 s     55.9%        35.0 m    15.4 m 
INFO  00:44:10,984 ProgressMeter -  chr11:32990701        1.81e+09   20.1 m        0.0 s     57.2%        35.1 m    15.0 m 
INFO  00:44:40,986 ProgressMeter -  chr11:79137501        1.81e+09   20.6 m        0.0 s     58.7%        35.1 m    14.5 m 
INFO  00:45:10,998 ProgressMeter - chr11:125195601        1.81e+09   21.1 m        0.0 s     60.1%        35.0 m    14.0 m 
INFO  00:45:41,237 ProgressMeter -  chr12:32872501        1.94e+09   21.6 m        0.0 s     61.4%        35.1 m    13.5 m 
INFO  00:46:11,363 ProgressMeter -  chr12:79619701        1.94e+09   22.1 m        0.0 s     62.9%        35.1 m    13.0 m 
INFO  00:46:41,543 ProgressMeter - chr12:125540301        1.94e+09   22.6 m        0.0 s     64.3%        35.1 m    12.5 m 
INFO  00:47:11,560 ProgressMeter -  chr13:40230001        2.08e+09   23.1 m        0.0 s     65.8%        35.1 m    12.0 m 
INFO  00:47:41,578 ProgressMeter -  chr13:86925801        2.08e+09   23.6 m        0.0 s     67.3%        35.1 m    11.5 m 
INFO  00:48:11,651 ProgressMeter -  chr14:21132201        2.19e+09   24.1 m        0.0 s     68.8%        35.0 m    10.9 m 
INFO  00:48:41,741 ProgressMeter -  chr14:66790801        2.19e+09   24.6 m        0.0 s     70.2%        35.0 m    10.4 m 
INFO  00:49:11,742 ProgressMeter -   chr15:2265001        2.30e+09   25.1 m        0.0 s     71.5%        35.1 m    10.0 m 
INFO  00:49:41,870 ProgressMeter -  chr15:52763801        2.30e+09   25.6 m        0.0 s     73.1%        35.0 m     9.4 m 
INFO  00:50:11,872 ProgressMeter -  chr15:96856801        2.30e+09   26.1 m        0.0 s     74.4%        35.0 m     9.0 m 
INFO  00:50:41,874 ProgressMeter -  chr16:34144601        2.40e+09   26.6 m        0.0 s     75.7%        35.1 m     8.5 m 
INFO  00:51:11,876 ProgressMeter -  chr16:83231501        2.40e+09   27.1 m        0.0 s     77.2%        35.1 m     8.0 m 
INFO  00:51:41,877 ProgressMeter -  chr17:37943201        2.49e+09   27.6 m        0.0 s     78.6%        35.1 m     7.5 m 
INFO  00:52:12,361 ProgressMeter -    chr18:111801        2.57e+09   28.1 m        0.0 s     80.0%        35.1 m     7.0 m 
INFO  00:52:42,363 ProgressMeter -  chr18:49376401        2.57e+09   28.6 m        0.0 s     81.5%        35.1 m     6.5 m 
INFO  00:53:12,365 ProgressMeter -  chr19:12464501        2.65e+09   29.1 m        0.0 s     82.9%        35.1 m     6.0 m 
INFO  00:53:42,367 ProgressMeter -  chr19:56104001        2.65e+09   29.6 m        0.0 s     84.2%        35.1 m     5.5 m 
INFO  00:54:12,368 ProgressMeter -  chr20:44001001        2.71e+09   30.1 m        0.0 s     85.7%        35.1 m     5.0 m 
INFO  00:54:42,370 ProgressMeter -  chr21:26880701        2.78e+09   30.6 m        0.0 s     87.2%        35.1 m     4.5 m 
INFO  00:55:12,468 ProgressMeter -  chr22:28185101        2.82e+09   31.1 m        0.0 s     88.7%        35.1 m     4.0 m 
INFO  00:55:43,325 ProgressMeter -   chrX:17555301        2.88e+09   31.6 m        0.0 s     89.9%        35.1 m     3.5 m 
INFO  00:56:13,326 ProgressMeter -   chrX:71499201        2.88e+09   32.1 m        0.0 s     91.6%        35.1 m     3.0 m 
INFO  00:56:43,404 ProgressMeter -  chrX:124048301        2.88e+09   32.6 m        0.0 s     93.2%        35.0 m     2.4 m 
INFO  00:57:13,413 ProgressMeter -   chrY:19421841        3.05e+09   33.1 m        0.0 s     94.8%        34.9 m   108.0 s 
INFO  00:57:43,414 ProgressMeter - chr6_GL000250v2_alt:3871001        3.11e+09   33.6 m        0.0 s     96.8%        34.7 m    65.0 s 
INFO  00:58:13,416 ProgressMeter - chr19_GL949750v2_alt:554501        3.19e+09   34.1 m        0.0 s     99.3%        34.4 m    14.0 s 
INFO  00:58:24,642 Walker - [REDUCE RESULT] Traversal result is: 0 
INFO  00:58:24,867 ProgressMeter -            done        3.22e+09   34.3 m        0.0 s    100.0%        34.3 m     0.0 s 
INFO  00:58:24,868 ProgressMeter - Total runtime 2058.51 secs, 34.31 min, 0.57 hours 
INFO  00:58:24,943 MicroScheduler - 222 reads were filtered out during the traversal out of approximately 2277 total reads (9.75%) 
INFO  00:58:24,944 MicroScheduler -   -> 0 reads (0.00% of total) failing BadCigarFilter 
INFO  00:58:24,944 MicroScheduler -   -> 36 reads (1.58% of total) failing DuplicateReadFilter 
INFO  00:58:24,944 MicroScheduler -   -> 0 reads (0.00% of total) failing FailsVendorQualityCheckFilter 
INFO  00:58:24,944 MicroScheduler -   -> 0 reads (0.00% of total) failing MalformedReadFilter 
INFO  00:58:24,945 MicroScheduler -   -> 181 reads (7.95% of total) failing NotPrimaryAlignmentFilter 
INFO  00:58:24,945 MicroScheduler -   -> 5 reads (0.22% of total) failing UnmappedReadFilter 
[Sat Mar 13 00:58:28 2021]
Finished job 0.
1 of 1 steps (100%) done
{'Sample10_ARK1_S37.test': '--variant:varscan /spin1/scratch/tandonm/pipeline_out/tn_test_1/somatic/SNP_Indels/varscan_out/vcf/Sample10_ARK1_S37.test.FINAL.vcf --variant:mutect /spin1/scratch/tandonm/pipeline_out/tn_test_1/somatic/SNP_Indels/mutect_out/vcf/Sample10_ARK1_S37.test.FINAL.vcf --variant:mutect2 /spin1/scratch/tandonm/pipeline_out/tn_test_1/somatic/SNP_Indels/mutect2_out/vcf/Sample10_ARK1_S37.test.FINAL.vcf --variant:vardict /spin1/scratch/tandonm/pipeline_out/tn_test_1/somatic/SNP_Indels/vardict_out/vcf/Sample10_ARK1_S37.test.FINAL.vcf --variant:strelka /spin1/scratch/tandonm/pipeline_out/tn_test_1/somatic/SNP_Indels/strelka_out/vcf/Sample10_ARK1_S37.test.FINAL.vcf', 'Sample11_ACI_158_S38.test': '--variant:varscan /spin1/scratch/tandonm/pipeline_out/tn_test_1/somatic/SNP_Indels/varscan_out/vcf/Sample11_ACI_158_S38.test.FINAL.vcf --variant:mutect /spin1/scratch/tandonm/pipeline_out/tn_test_1/somatic/SNP_Indels/mutect_out/vcf/Sample11_ACI_158_S38.test.FINAL.vcf --variant:mutect2 /spin1/scratch/tandonm/pipeline_out/tn_test_1/somatic/SNP_Indels/mutect2_out/vcf/Sample11_ACI_158_S38.test.FINAL.vcf --variant:vardict /spin1/scratch/tandonm/pipeline_out/tn_test_1/somatic/SNP_Indels/vardict_out/vcf/Sample11_ACI_158_S38.test.FINAL.vcf --variant:strelka /spin1/scratch/tandonm/pipeline_out/tn_test_1/somatic/SNP_Indels/strelka_out/vcf/Sample11_ACI_158_S38.test.FINAL.vcf'}
