Building DAG of jobs...
Using shell: /usr/bin/bash
Provided cores: 4
Rules claiming more threads will be scaled down.
Job counts:
	count	jobs
	1	mutect
	1

[Sat Mar 13 00:23:58 2021]
rule mutect:
    input: /spin1/scratch/tandonm/pipeline_out/tn_test_1/bams/chrom_split/Sample4_CRL1622_S31.test.chr15.split.bam, /spin1/scratch/tandonm/pipeline_out/tn_test_1/bams/chrom_split/Sample10_ARK1_S37.test.chr15.split.bam
    output: /spin1/scratch/tandonm/pipeline_out/tn_test_1/somatic/SNP_Indels/mutect_out/chrom_split/Sample10_ARK1_S37.test.chr15.vcf, /spin1/scratch/tandonm/pipeline_out/tn_test_1/somatic/SNP_Indels/mutect_out/chrom_split/Sample10_ARK1_S37.test.chr15.stats.out
    jobid: 0
    wildcards: samples=Sample10_ARK1_S37.test, chroms=chr15


  +--------------------------------------------------------------------------+
           muTect functionality has been merged with GATK since 2015.
                   Please consider using GATK instead.

                     For more information please see:

             https://software.broadinstitute.org/gatk/blog?id=6495
  +--------------------------------------------------------------------------+

[+] Loading java 1.7.0_80  ... 
[+] Loading mutect / 1.1.7  ... 
mem = 2g
tmpdir = /lscratch/10304270/muTect
INFO  00:24:04,557 HelpFormatter - -------------------------------------------------------------------------------- 
INFO  00:24:04,559 HelpFormatter - The Genome Analysis Toolkit (GATK) v3.1-0-g72492bb, Compiled 2014/12/15 20:09:26 
INFO  00:24:04,560 HelpFormatter - Copyright (c) 2010 The Broad Institute 
INFO  00:24:04,560 HelpFormatter - For support and documentation go to http://www.broadinstitute.org/gatk 
INFO  00:24:04,563 HelpFormatter - Program Args: --analysis_type MuTect --reference_sequence /data/tandonm/pl_test_data/human/genome/hg38/Homo_sapiens_assembly38.fasta --normal_panel /data/CCBR_Pipeliner/db/PipeDB/lib/hg38.noCOSMIC_ClinVar.pon.vcf.gz --vcf /spin1/scratch/tandonm/pipeline_out/tn_test_1/somatic/SNP_Indels/mutect_out/chrom_split/Sample10_ARK1_S37.test.chr15.vcf --cosmic /data/CCBR_Pipeliner/db/PipeDB/lib/COSMIC_82_hg38.vcf.gz --dbsnp /fdb/GATK_resource_bundle/hg38bundle/dbsnp_138.hg38.vcf.gz --disable_auto_index_creation_and_locking_when_reading_rods --input_file:normal /spin1/scratch/tandonm/pipeline_out/tn_test_1/bams/chrom_split/Sample4_CRL1622_S31.test.chr15.split.bam --input_file:tumor /spin1/scratch/tandonm/pipeline_out/tn_test_1/bams/chrom_split/Sample10_ARK1_S37.test.chr15.split.bam --out /spin1/scratch/tandonm/pipeline_out/tn_test_1/somatic/SNP_Indels/mutect_out/chrom_split/Sample10_ARK1_S37.test.chr15.stats.out -rf BadCigar 
INFO  00:24:04,566 HelpFormatter - Executing as tandonm@cn2429 on Linux 3.10.0-862.14.4.el7.x86_64 amd64; Java HotSpot(TM) 64-Bit Server VM 1.7.0_80-b15. 
INFO  00:24:04,567 HelpFormatter - Date/Time: 2021/03/13 00:24:04 
INFO  00:24:04,567 HelpFormatter - -------------------------------------------------------------------------------- 
INFO  00:24:04,567 HelpFormatter - -------------------------------------------------------------------------------- 
INFO  00:24:05,000 GenomeAnalysisEngine - Strictness is SILENT 
INFO  00:24:05,304 GenomeAnalysisEngine - Downsampling Settings: Method: BY_SAMPLE, Target Coverage: 1000 
INFO  00:24:05,310 SAMDataSource$SAMReaders - Initializing SAMRecords in serial 
INFO  00:24:05,417 SAMDataSource$SAMReaders - Done initializing BAM readers: total time 0.11 
WARN  00:24:06,294 IndexDictionaryUtils - Track dbsnp doesn't have a sequence dictionary built in, skipping dictionary validation 
WARN  00:24:06,295 IndexDictionaryUtils - Track cosmic doesn't have a sequence dictionary built in, skipping dictionary validation 
WARN  00:24:06,295 IndexDictionaryUtils - Track normal_panel doesn't have a sequence dictionary built in, skipping dictionary validation 
INFO  00:24:06,353 GenomeAnalysisEngine - Preparing for traversal over 2 BAM files 
INFO  00:24:06,479 GenomeAnalysisEngine - Done preparing for traversal 
INFO  00:24:06,480 ProgressMeter - [INITIALIZATION COMPLETE; STARTING PROCESSING] 
INFO  00:24:06,480 ProgressMeter -        Location processed.sites  runtime per.1M.sites completed total.runtime remaining 
INFO  00:24:06,481 MuTect - VERSION INFO: MuTect:1.1.6-4-g69b7a37 Gatk:3.1-0-g72492bb 
INFO  00:24:36,484 ProgressMeter -   chr1:44597701        0.00e+00   30.0 s       49.6 w      1.4%        36.1 m    35.6 m 
INFO  00:25:06,487 ProgressMeter -   chr1:97530401        0.00e+00   60.0 s       99.2 w      3.0%        33.0 m    32.0 m 
INFO  00:25:36,489 ProgressMeter -  chr1:157161301        0.00e+00   90.0 s      148.8 w      4.9%        30.7 m    29.2 m 
INFO  00:26:06,491 ProgressMeter -  chr1:208433201        0.00e+00  120.0 s      198.4 w      6.5%        30.9 m    28.9 m 
INFO  00:26:36,515 ProgressMeter -    chr2:4488501        2.49e+08    2.5 m        0.0 s      7.9%        31.7 m    29.2 m 
INFO  00:27:06,517 ProgressMeter -   chr2:54099301        2.49e+08    3.0 m        0.0 s      9.4%        31.8 m    28.8 m 
INFO  00:27:36,519 ProgressMeter -  chr2:106738701        2.49e+08    3.5 m        0.0 s     11.1%        31.7 m    28.2 m 
INFO  00:28:06,521 ProgressMeter -  chr2:157862701        2.49e+08    4.0 m        0.0 s     12.6%        31.6 m    27.6 m 
INFO  00:28:36,523 ProgressMeter -  chr2:210346101        2.49e+08    4.5 m        1.0 s     14.3%        31.5 m    27.0 m 
INFO  00:29:06,528 ProgressMeter -   chr3:12665001        4.91e+08    5.0 m        0.0 s     15.7%        31.9 m    26.9 m 
INFO  00:29:36,536 ProgressMeter -   chr3:63848901        4.91e+08    5.5 m        0.0 s     17.3%        31.9 m    26.4 m 
INFO  00:30:06,548 ProgressMeter -  chr3:116614801        4.91e+08    6.0 m        0.0 s     18.9%        31.8 m    25.8 m 
INFO  00:30:36,550 ProgressMeter -  chr3:167816801        4.91e+08    6.5 m        0.0 s     20.5%        31.7 m    25.2 m 
INFO  00:31:06,627 ProgressMeter -   chr4:16489401        6.89e+08    7.0 m        0.0 s     21.9%        31.9 m    24.9 m 
INFO  00:31:36,628 ProgressMeter -   chr4:68704801        6.89e+08    7.5 m        0.0 s     23.6%        31.8 m    24.3 m 
INFO  00:32:06,629 ProgressMeter -  chr4:125601701        6.89e+08    8.0 m        0.0 s     25.3%        31.6 m    23.6 m 
INFO  00:32:36,714 ProgressMeter -  chr4:182508801        6.89e+08    8.5 m        0.0 s     27.1%        31.4 m    22.9 m 
INFO  00:33:06,717 ProgressMeter -   chr5:44866901        8.80e+08    9.0 m        0.0 s     28.7%        31.3 m    22.3 m 
INFO  00:33:36,863 ProgressMeter -  chr5:102717801        8.80e+08    9.5 m        0.0 s     30.5%        31.1 m    21.6 m 
INFO  00:34:06,891 ProgressMeter -  chr5:157560301        8.80e+08   10.0 m        0.0 s     32.2%        31.0 m    21.0 m 
INFO  00:34:36,959 ProgressMeter -   chr6:28076801        1.06e+09   10.5 m        0.0 s     33.9%        31.0 m    20.5 m 
INFO  00:35:06,961 ProgressMeter -   chr6:79397801        1.06e+09   11.0 m        0.0 s     35.5%        31.0 m    20.0 m 
INFO  00:35:37,053 ProgressMeter -  chr6:130914601        1.06e+09   11.5 m        0.0 s     37.1%        31.0 m    19.5 m 
INFO  00:36:07,153 ProgressMeter -    chr7:8475901        1.23e+09   12.0 m        0.0 s     38.6%        31.1 m    19.1 m 
INFO  00:36:37,154 ProgressMeter -   chr7:61807601        1.23e+09   12.5 m        0.0 s     40.2%        31.1 m    18.6 m 
INFO  00:37:07,156 ProgressMeter -  chr7:116286901        1.23e+09   13.0 m        0.0 s     41.9%        31.0 m    18.0 m 
INFO  00:37:37,157 ProgressMeter -    chr8:6955101        1.39e+09   13.5 m        0.0 s     43.5%        31.1 m    17.6 m 
INFO  00:38:07,158 ProgressMeter -   chr8:58842101        1.39e+09   14.0 m        0.0 s     45.1%        31.1 m    17.1 m 
INFO  00:38:37,240 ProgressMeter -  chr8:114230901        1.39e+09   14.5 m        0.0 s     46.8%        31.0 m    16.5 m 
INFO  00:39:07,242 ProgressMeter -   chr9:19726501        1.54e+09   15.0 m        0.0 s     48.4%        31.0 m    16.0 m 
INFO  00:39:37,246 ProgressMeter -   chr9:80614601        1.54e+09   15.5 m        0.0 s     50.3%        30.8 m    15.3 m 
INFO  00:40:07,247 ProgressMeter -  chr9:133009701        1.54e+09   16.0 m        0.0 s     51.9%        30.8 m    14.8 m 
INFO  00:40:37,271 ProgressMeter -  chr10:44147801        1.67e+09   16.5 m        0.0 s     53.4%        30.9 m    14.4 m 
INFO  00:41:07,272 ProgressMeter -  chr10:97091301        1.67e+09   17.0 m        0.0 s     55.1%        30.9 m    13.9 m 
INFO  00:41:37,274 ProgressMeter -  chr11:12642101        1.81e+09   17.5 m        0.0 s     56.6%        30.9 m    13.4 m 
INFO  00:42:07,440 ProgressMeter -  chr11:64419001        1.81e+09   18.0 m        0.0 s     58.2%        30.9 m    12.9 m 
INFO  00:42:37,475 ProgressMeter - chr11:116173801        1.81e+09   18.5 m        0.0 s     59.8%        30.9 m    12.4 m 
INFO  00:43:07,477 ProgressMeter -  chr12:28819801        1.94e+09   19.0 m        0.0 s     61.3%        31.0 m    12.0 m 
INFO  00:43:37,480 ProgressMeter -  chr12:79839601        1.94e+09   19.5 m        0.0 s     62.9%        31.0 m    11.5 m 
INFO  00:44:07,577 ProgressMeter - chr12:131061001        1.94e+09   20.0 m        0.0 s     64.5%        31.0 m    11.0 m 
INFO  00:44:37,634 ProgressMeter -  chr13:50555301        2.08e+09   20.5 m        0.0 s     66.1%        31.0 m    10.5 m 
INFO  00:45:07,649 ProgressMeter - chr13:102415001        2.08e+09   21.0 m        0.0 s     67.7%        31.0 m    10.0 m 
INFO  00:45:37,695 ProgressMeter -  chr14:40318901        2.19e+09   21.5 m        0.0 s     69.4%        31.0 m     9.5 m 
INFO  00:46:07,702 ProgressMeter -  chr14:89923401        2.19e+09   22.0 m        0.0 s     70.9%        31.0 m     9.0 m 
INFO  00:46:30,098 MuTect - [MUTECT] Processed 1000002 reads in 1343525 ms 
INFO  00:46:32,409 MuTect - [MUTECT] Processed 2000003 reads in 2311 ms 
INFO  00:46:33,778 MuTect - [MUTECT] Processed 3000017 reads in 1369 ms 
INFO  00:46:34,547 MuTect - [MUTECT] Inspected 1000 potential candidates 
INFO  00:46:34,966 MuTect - [MUTECT] Processed 4000051 reads in 1188 ms 
INFO  00:46:36,151 MuTect - [MUTECT] Processed 5000073 reads in 1185 ms 
INFO  00:46:37,816 ProgressMeter -  chr15:24711373        2.32e+09   22.5 m        0.0 s     72.2%        31.2 m     8.7 m 
INFO  00:46:37,992 MuTect - [MUTECT] Processed 6000088 reads in 1841 ms 
INFO  00:46:38,706 MuTect - [MUTECT] Inspected 2000 potential candidates 
INFO  00:46:40,086 MuTect - [MUTECT] Processed 7000090 reads in 2094 ms 
INFO  00:46:42,166 MuTect - [MUTECT] Processed 8000107 reads in 2080 ms 
INFO  00:46:43,209 MuTect - [MUTECT] Processed 9000122 reads in 1042 ms 
INFO  00:46:44,606 MuTect - [MUTECT] Processed 10000136 reads in 1398 ms 
INFO  00:46:45,639 MuTect - [MUTECT] Processed 11000140 reads in 1033 ms 
INFO  00:46:46,604 MuTect - [MUTECT] Processed 12000147 reads in 965 ms 
INFO  00:46:48,302 MuTect - [MUTECT] Processed 13000250 reads in 1698 ms 
INFO  00:46:49,310 MuTect - [MUTECT] Processed 14000901 reads in 1008 ms 
INFO  00:46:49,331 MuTect - [MUTECT] Inspected 3000 potential candidates 
INFO  00:46:50,887 MuTect - [MUTECT] Processed 15000955 reads in 1577 ms 
INFO  00:46:51,670 MuTect - [MUTECT] Processed 16000957 reads in 783 ms 
INFO  00:46:52,293 MuTect - [MUTECT] Inspected 4000 potential candidates 
INFO  00:46:52,603 MuTect - [MUTECT] Processed 17000973 reads in 933 ms 
INFO  00:46:53,556 MuTect - [MUTECT] Processed 18000976 reads in 953 ms 
INFO  00:46:54,313 MuTect - [MUTECT] Processed 19001017 reads in 757 ms 
INFO  00:46:55,932 MuTect - [MUTECT] Inspected 5000 potential candidates 
INFO  00:46:57,241 MuTect - [MUTECT] Processed 20001057 reads in 2928 ms 
INFO  00:46:59,138 MuTect - [MUTECT] Processed 21001064 reads in 1897 ms 
INFO  00:47:00,022 MuTect - [MUTECT] Inspected 6000 potential candidates 
INFO  00:47:00,048 MuTect - [MUTECT] Processed 22001091 reads in 910 ms 
INFO  00:47:00,766 MuTect - [MUTECT] Processed 23001109 reads in 718 ms 
INFO  00:47:01,440 MuTect - [MUTECT] Processed 24001124 reads in 674 ms 
INFO  00:47:01,661 MuTect - [MUTECT] Inspected 7000 potential candidates 
INFO  00:47:02,170 MuTect - [MUTECT] Processed 25001127 reads in 730 ms 
INFO  00:47:02,910 MuTect - [MUTECT] Processed 26001163 reads in 740 ms 
INFO  00:47:03,620 MuTect - [MUTECT] Processed 27001179 reads in 710 ms 
INFO  00:47:03,726 MuTect - [MUTECT] Inspected 8000 potential candidates 
INFO  00:47:04,627 MuTect - [MUTECT] Processed 28001204 reads in 1007 ms 
INFO  00:47:05,329 MuTect - [MUTECT] Processed 29001263 reads in 702 ms 
INFO  00:47:05,966 MuTect - [MUTECT] Inspected 9000 potential candidates 
INFO  00:47:06,084 MuTect - [MUTECT] Processed 30001264 reads in 755 ms 
INFO  00:47:06,690 MuTect - [MUTECT] Processed 31001310 reads in 606 ms 
INFO  00:47:07,372 MuTect - [MUTECT] Processed 32001362 reads in 682 ms 
INFO  00:47:07,699 MuTect - [MUTECT] Inspected 10000 potential candidates 
INFO  00:47:07,817 ProgressMeter -  chr15:42161633        2.34e+09   23.0 m        0.0 s     72.7%        31.6 m     8.6 m 
INFO  00:47:08,192 MuTect - [MUTECT] Processed 33001367 reads in 820 ms 
INFO  00:47:08,996 MuTect - [MUTECT] Processed 34001413 reads in 804 ms 
INFO  00:47:09,786 MuTect - [MUTECT] Processed 35001421 reads in 790 ms 
INFO  00:47:09,822 MuTect - [MUTECT] Inspected 11000 potential candidates 
INFO  00:47:10,325 MuTect - [MUTECT] Processed 36001434 reads in 539 ms 
INFO  00:47:11,145 MuTect - [MUTECT] Processed 37001485 reads in 820 ms 
INFO  00:47:11,761 MuTect - [MUTECT] Inspected 12000 potential candidates 
INFO  00:47:11,898 MuTect - [MUTECT] Processed 38001489 reads in 753 ms 
INFO  00:47:12,592 MuTect - [MUTECT] Processed 39001493 reads in 694 ms 
INFO  00:47:13,221 MuTect - [MUTECT] Processed 40001541 reads in 629 ms 
INFO  00:47:13,626 MuTect - [MUTECT] Inspected 13000 potential candidates 
INFO  00:47:13,795 MuTect - [MUTECT] Processed 41001618 reads in 574 ms 
INFO  00:47:14,284 MuTect - [MUTECT] Processed 42001654 reads in 488 ms 
INFO  00:47:14,850 MuTect - [MUTECT] Processed 43001724 reads in 567 ms 
INFO  00:47:15,542 MuTect - [MUTECT] Processed 44001782 reads in 692 ms 
INFO  00:47:16,766 MuTect - [MUTECT] Processed 45001783 reads in 1224 ms 
INFO  00:47:16,833 MuTect - [MUTECT] Inspected 14000 potential candidates 
INFO  00:47:17,472 MuTect - [MUTECT] Processed 46001821 reads in 706 ms 
INFO  00:47:18,239 MuTect - [MUTECT] Processed 47001929 reads in 767 ms 
INFO  00:47:18,901 MuTect - [MUTECT] Inspected 15000 potential candidates 
INFO  00:47:19,163 MuTect - [MUTECT] Processed 48001944 reads in 924 ms 
INFO  00:47:21,589 MuTect - [MUTECT] Processed 49001945 reads in 2426 ms 
INFO  00:47:22,505 MuTect - [MUTECT] Processed 50001976 reads in 916 ms 
INFO  00:47:22,716 MuTect - [MUTECT] Inspected 16000 potential candidates 
INFO  00:47:23,110 MuTect - [MUTECT] Processed 51002005 reads in 605 ms 
INFO  00:47:23,845 MuTect - [MUTECT] Processed 52002010 reads in 735 ms 
INFO  00:47:24,949 MuTect - [MUTECT] Processed 53002066 reads in 1104 ms 
INFO  00:47:25,228 MuTect - [MUTECT] Inspected 17000 potential candidates 
INFO  00:47:26,012 MuTect - [MUTECT] Processed 54002070 reads in 1063 ms 
INFO  00:47:26,816 MuTect - [MUTECT] Processed 55002123 reads in 804 ms 
INFO  00:47:27,879 MuTect - [MUTECT] Inspected 18000 potential candidates 
INFO  00:47:27,911 MuTect - [MUTECT] Processed 56002154 reads in 1095 ms 
INFO  00:47:28,725 MuTect - [MUTECT] Processed 57002160 reads in 814 ms 
INFO  00:47:29,743 MuTect - [MUTECT] Processed 58002187 reads in 1018 ms 
INFO  00:47:30,381 MuTect - [MUTECT] Inspected 19000 potential candidates 
INFO  00:47:30,521 MuTect - [MUTECT] Processed 59002195 reads in 778 ms 
INFO  00:47:31,472 MuTect - [MUTECT] Processed 60002202 reads in 951 ms 
INFO  00:47:33,385 MuTect - [MUTECT] Processed 61002205 reads in 1913 ms 
INFO  00:47:33,926 MuTect - [MUTECT] Inspected 20000 potential candidates 
INFO  00:47:34,751 MuTect - [MUTECT] Processed 62002237 reads in 1366 ms 
INFO  00:47:35,817 MuTect - [MUTECT] Processed 63002240 reads in 1066 ms 
INFO  00:47:36,568 MuTect - [MUTECT] Inspected 21000 potential candidates 
INFO  00:47:36,925 MuTect - [MUTECT] Processed 64002251 reads in 1108 ms 
INFO  00:47:37,819 ProgressMeter -  chr15:57451537        2.36e+09   23.5 m        0.0 s     73.2%        32.1 m     8.6 m 
INFO  00:47:38,306 MuTect - [MUTECT] Processed 65002264 reads in 1381 ms 
INFO  00:47:39,893 MuTect - [MUTECT] Processed 66002264 reads in 1587 ms 
INFO  00:47:40,066 MuTect - [MUTECT] Inspected 22000 potential candidates 
INFO  00:47:40,743 MuTect - [MUTECT] Processed 67002267 reads in 850 ms 
INFO  00:47:42,260 MuTect - [MUTECT] Processed 68002267 reads in 1517 ms 
INFO  00:47:43,038 MuTect - [MUTECT] Inspected 23000 potential candidates 
INFO  00:47:44,248 MuTect - [MUTECT] Processed 69002286 reads in 1988 ms 
INFO  00:47:45,694 MuTect - [MUTECT] Processed 70002289 reads in 1446 ms 
INFO  00:47:46,989 MuTect - [MUTECT] Processed 71002292 reads in 1295 ms 
INFO  00:47:47,214 MuTect - [MUTECT] Inspected 24000 potential candidates 
INFO  00:47:48,106 MuTect - [MUTECT] Processed 72002300 reads in 1117 ms 
INFO  00:47:48,763 MuTect - [MUTECT] Processed 73002364 reads in 657 ms 
INFO  00:47:49,332 MuTect - [MUTECT] Inspected 25000 potential candidates 
INFO  00:47:49,732 MuTect - [MUTECT] Processed 74002365 reads in 969 ms 
INFO  00:47:50,585 MuTect - [MUTECT] Processed 75002371 reads in 853 ms 
INFO  00:47:51,651 MuTect - [MUTECT] Processed 76002391 reads in 1066 ms 
INFO  00:47:51,967 MuTect - [MUTECT] Inspected 26000 potential candidates 
INFO  00:47:52,367 MuTect - [MUTECT] Processed 77002462 reads in 716 ms 
INFO  00:47:53,196 MuTect - [MUTECT] Processed 78002493 reads in 829 ms 
INFO  00:47:53,857 MuTect - [MUTECT] Processed 79002534 reads in 660 ms 
INFO  00:47:53,861 MuTect - [MUTECT] Inspected 27000 potential candidates 
INFO  00:47:54,978 MuTect - [MUTECT] Processed 80002617 reads in 1122 ms 
INFO  00:47:55,709 MuTect - [MUTECT] Processed 81002618 reads in 731 ms 
INFO  00:47:56,630 MuTect - [MUTECT] Inspected 28000 potential candidates 
INFO  00:47:57,046 MuTect - [MUTECT] Processed 82002631 reads in 1337 ms 
INFO  00:47:58,181 MuTect - [MUTECT] Processed 83002633 reads in 1135 ms 
INFO  00:47:59,081 MuTect - [MUTECT] Processed 84002666 reads in 899 ms 
INFO  00:47:59,397 MuTect - [MUTECT] Inspected 29000 potential candidates 
INFO  00:48:00,498 MuTect - [MUTECT] Processed 85002667 reads in 1418 ms 
INFO  00:48:02,025 MuTect - [MUTECT] Processed 86002700 reads in 1526 ms 
INFO  00:48:02,643 MuTect - [MUTECT] Inspected 30000 potential candidates 
INFO  00:48:03,325 MuTect - [MUTECT] Processed 87002716 reads in 1301 ms 
INFO  00:48:04,138 MuTect - [MUTECT] Processed 88002728 reads in 813 ms 
INFO  00:48:04,936 MuTect - [MUTECT] Processed 89002739 reads in 798 ms 
INFO  00:48:05,043 MuTect - [MUTECT] Inspected 31000 potential candidates 
INFO  00:48:05,676 MuTect - [MUTECT] Processed 90002740 reads in 740 ms 
INFO  00:48:06,741 MuTect - [MUTECT] Processed 91002779 reads in 1065 ms 
INFO  00:48:07,687 MuTect - [MUTECT] Processed 92002781 reads in 946 ms 
INFO  00:48:07,902 ProgressMeter -  chr15:73984909        2.37e+09   24.0 m        0.0 s     73.7%        32.6 m     8.6 m 
INFO  00:48:07,905 MuTect - [MUTECT] Inspected 32000 potential candidates 
INFO  00:48:08,330 MuTect - [MUTECT] Processed 93002787 reads in 643 ms 
INFO  00:48:09,107 MuTect - [MUTECT] Processed 94002830 reads in 777 ms 
INFO  00:48:09,904 MuTect - [MUTECT] Processed 95002857 reads in 797 ms 
INFO  00:48:10,017 MuTect - [MUTECT] Inspected 33000 potential candidates 
INFO  00:48:10,522 MuTect - [MUTECT] Processed 96002862 reads in 618 ms 
INFO  00:48:11,409 MuTect - [MUTECT] Processed 97002885 reads in 887 ms 
INFO  00:48:11,993 MuTect - [MUTECT] Processed 98002986 reads in 584 ms 
INFO  00:48:12,022 MuTect - [MUTECT] Inspected 34000 potential candidates 
INFO  00:48:12,707 MuTect - [MUTECT] Processed 99003065 reads in 714 ms 
INFO  00:48:13,434 MuTect - [MUTECT] Processed 100003088 reads in 727 ms 
INFO  00:48:13,905 MuTect - [MUTECT] Inspected 35000 potential candidates 
INFO  00:48:14,533 MuTect - [MUTECT] Processed 101003110 reads in 1099 ms 
INFO  00:48:15,642 MuTect - [MUTECT] Processed 102003143 reads in 1109 ms 
INFO  00:48:16,624 MuTect - [MUTECT] Processed 103003223 reads in 982 ms 
INFO  00:48:16,768 MuTect - [MUTECT] Inspected 36000 potential candidates 
INFO  00:48:17,724 MuTect - [MUTECT] Processed 104003263 reads in 1100 ms 
INFO  00:48:18,628 MuTect - [MUTECT] Processed 105003283 reads in 904 ms 
INFO  00:48:18,767 MuTect - [MUTECT] Inspected 37000 potential candidates 
INFO  00:48:19,398 MuTect - [MUTECT] Processed 106003306 reads in 770 ms 
INFO  00:48:20,152 MuTect - [MUTECT] Processed 107003316 reads in 754 ms 
INFO  00:48:20,781 MuTect - [MUTECT] Inspected 38000 potential candidates 
INFO  00:48:21,602 MuTect - [MUTECT] Processed 108003420 reads in 1450 ms 
INFO  00:48:22,791 MuTect - [MUTECT] Processed 109003482 reads in 1189 ms 
INFO  00:48:23,656 MuTect - [MUTECT] Inspected 39000 potential candidates 
INFO  00:48:23,683 MuTect - [MUTECT] Processed 110003498 reads in 892 ms 
INFO  00:48:24,943 MuTect - [MUTECT] Processed 111003519 reads in 1260 ms 
INFO  00:48:25,838 MuTect - [MUTECT] Processed 112003581 reads in 895 ms 
INFO  00:48:26,688 MuTect - [MUTECT] Processed 113003582 reads in 850 ms 
INFO  00:48:26,753 MuTect - [MUTECT] Inspected 40000 potential candidates 
INFO  00:48:27,824 MuTect - [MUTECT] Processed 114003629 reads in 1136 ms 
INFO  00:48:28,879 MuTect - [MUTECT] Processed 115003669 reads in 1055 ms 
INFO  00:48:29,580 MuTect - [MUTECT] Processed 116003719 reads in 701 ms 
INFO  00:48:29,671 MuTect - [MUTECT] Inspected 41000 potential candidates 
INFO  00:48:30,490 MuTect - [MUTECT] Processed 117003742 reads in 910 ms 
INFO  00:48:31,412 MuTect - [MUTECT] Processed 118003779 reads in 922 ms 
INFO  00:48:32,287 MuTect - [MUTECT] Inspected 42000 potential candidates 
INFO  00:48:33,936 MuTect - [MUTECT] Processed 119003780 reads in 2524 ms 
INFO  00:48:35,174 MuTect - [MUTECT] Processed 120003804 reads in 1238 ms 
INFO  00:48:35,890 MuTect - [MUTECT] Processed 121003805 reads in 716 ms 
INFO  00:48:35,958 MuTect - [MUTECT] Inspected 43000 potential candidates 
INFO  00:48:36,907 MuTect - [MUTECT] Processed 122003958 reads in 1017 ms 
INFO  00:48:37,740 MuTect - [MUTECT] Processed 123004024 reads in 833 ms 
INFO  00:48:38,030 ProgressMeter -  chr15:89673149        2.39e+09   24.5 m        0.0 s     74.2%        33.0 m     8.5 m 
INFO  00:48:38,144 MuTect - [MUTECT] Inspected 44000 potential candidates 
INFO  00:48:38,440 MuTect - [MUTECT] Processed 124004035 reads in 700 ms 
INFO  00:48:39,414 MuTect - [MUTECT] Processed 125004038 reads in 974 ms 
INFO  00:48:39,859 MuTect - [MUTECT] Inspected 45000 potential candidates 
INFO  00:48:40,140 MuTect - [MUTECT] Processed 126004048 reads in 726 ms 
INFO  00:48:41,056 MuTect - [MUTECT] Processed 127004118 reads in 916 ms 
INFO  00:48:41,659 MuTect - [MUTECT] Processed 128004177 reads in 603 ms 
INFO  00:48:41,678 MuTect - [MUTECT] Inspected 46000 potential candidates 
INFO  00:48:42,371 MuTect - [MUTECT] Processed 129004186 reads in 712 ms 
INFO  00:48:44,375 MuTect - [MUTECT] Processed 130004214 reads in 2004 ms 
INFO  00:48:44,625 MuTect - [MUTECT] Inspected 47000 potential candidates 
INFO  00:48:46,261 MuTect - [MUTECT] Processed 131004235 reads in 1886 ms 
INFO  00:48:50,144 MuTect - [MUTECT] Processed 132004248 reads in 3883 ms 
INFO  00:48:50,289 MuTect - [MUTECT] Inspected 48000 potential candidates 
INFO  00:48:51,118 MuTect - [MUTECT] Processed 133004272 reads in 974 ms 
INFO  00:48:52,633 MuTect - [MUTECT] Processed 134004314 reads in 1515 ms 
INFO  00:48:53,153 MuTect - [MUTECT] Inspected 49000 potential candidates 
INFO  00:48:53,631 MuTect - [MUTECT] Processed 135004315 reads in 998 ms 
INFO  00:48:54,603 MuTect - [MUTECT] Processed 136004319 reads in 972 ms 
INFO  00:48:55,371 MuTect - [MUTECT] Inspected 50000 potential candidates 
INFO  00:49:08,136 ProgressMeter -  chr16:19022901        2.40e+09   25.0 m        0.0 s     75.2%        33.3 m     8.2 m 
INFO  00:49:38,204 ProgressMeter -  chr16:74473701        2.40e+09   25.5 m        0.0 s     76.9%        33.2 m     7.7 m 
INFO  00:50:08,255 ProgressMeter -  chr17:33238301        2.49e+09   26.0 m        0.0 s     78.5%        33.2 m     7.1 m 
INFO  00:50:38,256 ProgressMeter -    chr18:213601        2.57e+09   26.5 m        0.0 s     80.0%        33.1 m     6.6 m 
INFO  00:51:08,337 ProgressMeter -  chr18:53636201        2.57e+09   27.0 m        0.0 s     81.7%        33.1 m     6.1 m 
INFO  00:51:38,338 ProgressMeter -  chr19:21605401        2.65e+09   27.5 m        0.0 s     83.2%        33.1 m     5.6 m 
INFO  00:52:08,339 ProgressMeter -  chr20:11603801        2.71e+09   28.0 m        0.0 s     84.7%        33.1 m     5.1 m 
INFO  00:52:38,427 ProgressMeter -  chr20:62790601        2.71e+09   28.5 m        0.0 s     86.3%        33.1 m     4.5 m 
INFO  00:53:10,556 ProgressMeter -   chr22:1009901        2.82e+09   29.1 m        0.0 s     87.8%        33.1 m     4.0 m 
INFO  00:53:40,595 ProgressMeter -    chrX:3096801        2.88e+09   29.6 m        0.0 s     89.5%        33.1 m     3.5 m 
INFO  00:54:10,597 ProgressMeter -   chrX:61023201        2.88e+09   30.1 m        0.0 s     91.3%        32.9 m     2.9 m 
INFO  00:54:40,598 ProgressMeter -  chrX:118870801        2.88e+09   30.6 m        0.0 s     93.1%        32.8 m     2.3 m 
INFO  00:55:10,605 ProgressMeter -   chrY:23475101        3.03e+09   31.1 m        0.0 s     94.9%        32.7 m    99.0 s 
INFO  00:55:40,607 ProgressMeter - chr16_KI270853v1_alt:105501        3.14e+09   31.6 m        0.0 s     97.5%        32.4 m    48.0 s 
INFO  00:56:08,451 Walker - [REDUCE RESULT] Traversal result is: 0 
INFO  00:56:08,683 ProgressMeter -            done        3.22e+09   32.0 m        0.0 s    100.0%        32.0 m     0.0 s 
INFO  00:56:08,683 ProgressMeter - Total runtime 1922.20 secs, 32.04 min, 0.53 hours 
INFO  00:56:08,748 MicroScheduler - 41385 reads were filtered out during the traversal out of approximately 1038992 total reads (3.98%) 
INFO  00:56:08,749 MicroScheduler -   -> 0 reads (0.00% of total) failing BadCigarFilter 
INFO  00:56:08,749 MicroScheduler -   -> 40077 reads (3.86% of total) failing DuplicateReadFilter 
INFO  00:56:08,749 MicroScheduler -   -> 0 reads (0.00% of total) failing FailsVendorQualityCheckFilter 
INFO  00:56:08,749 MicroScheduler -   -> 0 reads (0.00% of total) failing MalformedReadFilter 
INFO  00:56:08,749 MicroScheduler -   -> 686 reads (0.07% of total) failing NotPrimaryAlignmentFilter 
INFO  00:56:08,749 MicroScheduler -   -> 622 reads (0.06% of total) failing UnmappedReadFilter 
[Sat Mar 13 00:56:12 2021]
Finished job 0.
1 of 1 steps (100%) done
{'Sample10_ARK1_S37.test': '--variant:vardict /spin1/scratch/tandonm/pipeline_out/tn_test_1/somatic/SNP_Indels/vardict_out/vcf/Sample10_ARK1_S37.test.FINAL.vcf --variant:mutect /spin1/scratch/tandonm/pipeline_out/tn_test_1/somatic/SNP_Indels/mutect_out/vcf/Sample10_ARK1_S37.test.FINAL.vcf --variant:strelka /spin1/scratch/tandonm/pipeline_out/tn_test_1/somatic/SNP_Indels/strelka_out/vcf/Sample10_ARK1_S37.test.FINAL.vcf --variant:varscan /spin1/scratch/tandonm/pipeline_out/tn_test_1/somatic/SNP_Indels/varscan_out/vcf/Sample10_ARK1_S37.test.FINAL.vcf --variant:mutect2 /spin1/scratch/tandonm/pipeline_out/tn_test_1/somatic/SNP_Indels/mutect2_out/vcf/Sample10_ARK1_S37.test.FINAL.vcf', 'Sample11_ACI_158_S38.test': '--variant:vardict /spin1/scratch/tandonm/pipeline_out/tn_test_1/somatic/SNP_Indels/vardict_out/vcf/Sample11_ACI_158_S38.test.FINAL.vcf --variant:mutect /spin1/scratch/tandonm/pipeline_out/tn_test_1/somatic/SNP_Indels/mutect_out/vcf/Sample11_ACI_158_S38.test.FINAL.vcf --variant:strelka /spin1/scratch/tandonm/pipeline_out/tn_test_1/somatic/SNP_Indels/strelka_out/vcf/Sample11_ACI_158_S38.test.FINAL.vcf --variant:varscan /spin1/scratch/tandonm/pipeline_out/tn_test_1/somatic/SNP_Indels/varscan_out/vcf/Sample11_ACI_158_S38.test.FINAL.vcf --variant:mutect2 /spin1/scratch/tandonm/pipeline_out/tn_test_1/somatic/SNP_Indels/mutect2_out/vcf/Sample11_ACI_158_S38.test.FINAL.vcf'}
