Building DAG of jobs...
Using shell: /usr/bin/bash
Provided cores: 4
Rules claiming more threads will be scaled down.
Job counts:
	count	jobs
	1	mutect
	1

[Sat Mar 13 00:25:39 2021]
rule mutect:
    input: /spin1/scratch/tandonm/pipeline_out/tn_test_1/bams/chrom_split/Sample4_CRL1622_S31.test.chr21.split.bam, /spin1/scratch/tandonm/pipeline_out/tn_test_1/bams/chrom_split/Sample10_ARK1_S37.test.chr21.split.bam
    output: /spin1/scratch/tandonm/pipeline_out/tn_test_1/somatic/SNP_Indels/mutect_out/chrom_split/Sample10_ARK1_S37.test.chr21.vcf, /spin1/scratch/tandonm/pipeline_out/tn_test_1/somatic/SNP_Indels/mutect_out/chrom_split/Sample10_ARK1_S37.test.chr21.stats.out
    jobid: 0
    wildcards: samples=Sample10_ARK1_S37.test, chroms=chr21


  +--------------------------------------------------------------------------+
           muTect functionality has been merged with GATK since 2015.
                   Please consider using GATK instead.

                     For more information please see:

             https://software.broadinstitute.org/gatk/blog?id=6495
  +--------------------------------------------------------------------------+

[+] Loading java 1.7.0_80  ... 
[+] Loading mutect / 1.1.7  ... 
mem = 2g
tmpdir = /lscratch/10304417/muTect
INFO  00:25:45,013 HelpFormatter - -------------------------------------------------------------------------------- 
INFO  00:25:45,014 HelpFormatter - The Genome Analysis Toolkit (GATK) v3.1-0-g72492bb, Compiled 2014/12/15 20:09:26 
INFO  00:25:45,014 HelpFormatter - Copyright (c) 2010 The Broad Institute 
INFO  00:25:45,015 HelpFormatter - For support and documentation go to http://www.broadinstitute.org/gatk 
INFO  00:25:45,017 HelpFormatter - Program Args: --analysis_type MuTect --reference_sequence /data/tandonm/pl_test_data/human/genome/hg38/Homo_sapiens_assembly38.fasta --normal_panel /data/CCBR_Pipeliner/db/PipeDB/lib/hg38.noCOSMIC_ClinVar.pon.vcf.gz --vcf /spin1/scratch/tandonm/pipeline_out/tn_test_1/somatic/SNP_Indels/mutect_out/chrom_split/Sample10_ARK1_S37.test.chr21.vcf --cosmic /data/CCBR_Pipeliner/db/PipeDB/lib/COSMIC_82_hg38.vcf.gz --dbsnp /fdb/GATK_resource_bundle/hg38bundle/dbsnp_138.hg38.vcf.gz --disable_auto_index_creation_and_locking_when_reading_rods --input_file:normal /spin1/scratch/tandonm/pipeline_out/tn_test_1/bams/chrom_split/Sample4_CRL1622_S31.test.chr21.split.bam --input_file:tumor /spin1/scratch/tandonm/pipeline_out/tn_test_1/bams/chrom_split/Sample10_ARK1_S37.test.chr21.split.bam --out /spin1/scratch/tandonm/pipeline_out/tn_test_1/somatic/SNP_Indels/mutect_out/chrom_split/Sample10_ARK1_S37.test.chr21.stats.out -rf BadCigar 
INFO  00:25:45,020 HelpFormatter - Executing as tandonm@cn2407 on Linux 3.10.0-862.14.4.el7.x86_64 amd64; Java HotSpot(TM) 64-Bit Server VM 1.7.0_80-b15. 
INFO  00:25:45,021 HelpFormatter - Date/Time: 2021/03/13 00:25:45 
INFO  00:25:45,021 HelpFormatter - -------------------------------------------------------------------------------- 
INFO  00:25:45,021 HelpFormatter - -------------------------------------------------------------------------------- 
INFO  00:25:45,391 GenomeAnalysisEngine - Strictness is SILENT 
INFO  00:25:45,638 GenomeAnalysisEngine - Downsampling Settings: Method: BY_SAMPLE, Target Coverage: 1000 
INFO  00:25:45,643 SAMDataSource$SAMReaders - Initializing SAMRecords in serial 
INFO  00:25:45,731 SAMDataSource$SAMReaders - Done initializing BAM readers: total time 0.09 
WARN  00:25:46,461 IndexDictionaryUtils - Track dbsnp doesn't have a sequence dictionary built in, skipping dictionary validation 
WARN  00:25:46,462 IndexDictionaryUtils - Track cosmic doesn't have a sequence dictionary built in, skipping dictionary validation 
WARN  00:25:46,462 IndexDictionaryUtils - Track normal_panel doesn't have a sequence dictionary built in, skipping dictionary validation 
INFO  00:25:46,517 GenomeAnalysisEngine - Preparing for traversal over 2 BAM files 
INFO  00:25:46,610 GenomeAnalysisEngine - Done preparing for traversal 
INFO  00:25:46,610 ProgressMeter - [INITIALIZATION COMPLETE; STARTING PROCESSING] 
INFO  00:25:46,610 ProgressMeter -        Location processed.sites  runtime per.1M.sites completed total.runtime remaining 
INFO  00:25:46,611 MuTect - VERSION INFO: MuTect:1.1.6-4-g69b7a37 Gatk:3.1-0-g72492bb 
INFO  00:26:16,613 ProgressMeter -   chr1:47488301        0.00e+00   30.0 s       49.6 w      1.5%        33.9 m    33.4 m 
INFO  00:26:46,616 ProgressMeter -  chr1:107880101        0.00e+00   60.0 s       99.2 w      3.4%        29.8 m    28.8 m 
INFO  00:27:16,618 ProgressMeter -  chr1:174188401        0.00e+00   90.0 s      148.8 w      5.4%        27.7 m    26.2 m 
INFO  00:27:46,619 ProgressMeter -  chr1:234285401        0.00e+00  120.0 s      198.4 w      7.3%        27.5 m    25.5 m 
INFO  00:28:17,445 ProgressMeter -   chr2:38817201        2.49e+08    2.5 m        0.0 s      8.9%        28.0 m    25.5 m 
INFO  00:28:47,507 ProgressMeter -   chr2:99299401        2.49e+08    3.0 m        0.0 s     10.8%        27.7 m    24.7 m 
INFO  00:29:17,563 ProgressMeter -  chr2:161004201        2.49e+08    3.5 m        0.0 s     12.7%        27.5 m    24.0 m 
INFO  00:29:47,568 ProgressMeter -  chr2:223990701        2.49e+08    4.0 m        0.0 s     14.7%        27.2 m    23.2 m 
INFO  00:30:20,131 ProgressMeter -   chr3:40971801        4.91e+08    4.6 m        0.0 s     16.5%        27.5 m    23.0 m 
INFO  00:30:50,163 ProgressMeter -  chr3:103570801        4.91e+08    5.1 m        0.0 s     18.5%        27.3 m    22.3 m 
INFO  00:31:20,166 ProgressMeter -  chr3:165147601        4.91e+08    5.6 m        0.0 s     20.4%        27.2 m    21.7 m 
INFO  00:31:50,167 ProgressMeter -   chr4:21488701        6.89e+08    6.1 m        0.0 s     22.1%        27.4 m    21.3 m 
INFO  00:32:20,169 ProgressMeter -   chr4:82153101        6.89e+08    6.6 m        0.0 s     24.0%        27.3 m    20.8 m 
INFO  00:32:50,255 ProgressMeter -  chr4:144862101        6.89e+08    7.1 m        0.0 s     25.9%        27.2 m    20.1 m 
INFO  00:33:20,256 ProgressMeter -    chr5:9832201        8.80e+08    7.6 m        0.0 s     27.6%        27.3 m    19.8 m 
INFO  00:33:50,384 ProgressMeter -   chr5:71567601        8.80e+08    8.1 m        0.0 s     29.6%        27.2 m    19.2 m 
INFO  00:34:20,386 ProgressMeter -  chr5:131153801        8.80e+08    8.6 m        0.0 s     31.4%        27.2 m    18.7 m 
INFO  00:34:50,449 ProgressMeter -    chr6:3128801        1.06e+09    9.1 m        0.0 s     33.1%        27.4 m    18.3 m 
INFO  00:35:20,451 ProgressMeter -   chr6:60193401        1.06e+09    9.6 m        0.0 s     34.9%        27.4 m    17.8 m 
INFO  00:35:50,453 ProgressMeter -  chr6:120266501        1.06e+09   10.1 m        0.0 s     36.7%        27.4 m    17.3 m 
INFO  00:36:20,455 ProgressMeter -    chr7:5805401        1.23e+09   10.6 m        0.0 s     38.5%        27.4 m    16.9 m 
INFO  00:36:50,456 ProgressMeter -   chr7:68730701        1.23e+09   11.1 m        0.0 s     40.4%        27.3 m    16.3 m 
INFO  00:37:20,457 ProgressMeter -  chr7:132294301        1.23e+09   11.6 m        0.0 s     42.4%        27.2 m    15.7 m 
INFO  00:37:50,459 ProgressMeter -   chr8:30257701        1.39e+09   12.1 m        0.0 s     44.2%        27.3 m    15.2 m 
INFO  00:38:20,461 ProgressMeter -   chr8:92918001        1.39e+09   12.6 m        0.0 s     46.1%        27.2 m    14.7 m 
INFO  00:38:50,487 ProgressMeter -    chr9:6866601        1.54e+09   13.1 m        0.0 s     48.0%        27.2 m    14.2 m 
INFO  00:39:20,489 ProgressMeter -   chr9:76060401        1.54e+09   13.6 m        0.0 s     50.1%        27.0 m    13.5 m 
INFO  00:39:50,509 ProgressMeter -  chr9:137494001        1.54e+09   14.1 m        0.0 s     52.0%        27.0 m    13.0 m 
INFO  00:40:20,510 ProgressMeter -  chr10:57393301        1.67e+09   14.6 m        0.0 s     53.8%        27.0 m    12.5 m 
INFO  00:40:50,512 ProgressMeter - chr10:120087001        1.67e+09   15.1 m        0.0 s     55.8%        27.0 m    11.9 m 
INFO  00:41:20,515 ProgressMeter -  chr11:43300601        1.81e+09   15.6 m        0.0 s     57.6%        27.0 m    11.5 m 
INFO  00:41:50,577 ProgressMeter - chr11:104538201        1.81e+09   16.1 m        0.0 s     59.5%        27.0 m    10.9 m 
INFO  00:42:20,592 ProgressMeter -  chr12:26484001        1.94e+09   16.6 m        0.0 s     61.2%        27.0 m    10.5 m 
INFO  00:42:50,608 ProgressMeter -  chr12:88222001        1.94e+09   17.1 m        0.0 s     63.2%        27.0 m     9.9 m 
INFO  00:43:20,712 ProgressMeter -  chr13:15551101        2.08e+09   17.6 m        0.0 s     65.0%        27.0 m     9.4 m 
INFO  00:43:50,752 ProgressMeter -  chr13:75532301        2.08e+09   18.1 m        0.0 s     66.9%        27.0 m     8.9 m 
INFO  00:44:20,753 ProgressMeter -  chr14:23569701        2.19e+09   18.6 m        0.0 s     68.8%        27.0 m     8.4 m 
INFO  00:44:50,850 ProgressMeter -  chr14:83402801        2.19e+09   19.1 m        0.0 s     70.7%        27.0 m     7.9 m 
INFO  00:45:20,904 ProgressMeter -  chr15:37926601        2.30e+09   19.6 m        0.0 s     72.6%        26.9 m     7.4 m 
INFO  00:45:51,033 ProgressMeter -  chr15:96165901        2.30e+09   20.1 m        0.0 s     74.4%        27.0 m     6.9 m 
INFO  00:46:21,093 ProgressMeter -  chr16:53028801        2.40e+09   20.6 m        0.0 s     76.3%        27.0 m     6.4 m 
INFO  00:46:51,189 ProgressMeter -  chr17:21181601        2.49e+09   21.1 m        0.0 s     78.1%        27.0 m     5.9 m 
INFO  00:47:21,191 ProgressMeter -  chr17:83257401        2.49e+09   21.6 m        0.0 s     80.0%        27.0 m     5.4 m 
INFO  00:47:51,196 ProgressMeter -  chr18:62211201        2.57e+09   22.1 m        0.0 s     81.9%        26.9 m     4.9 m 
INFO  00:48:21,214 ProgressMeter -  chr19:40127301        2.65e+09   22.6 m        0.0 s     83.8%        26.9 m     4.4 m 
INFO  00:48:51,215 ProgressMeter -  chr20:38693301        2.71e+09   23.1 m        0.0 s     85.5%        27.0 m     3.9 m 
INFO  00:49:08,082 MuTect - [MUTECT] Processed 1000016 reads in 1401371 ms 
INFO  00:49:09,916 MuTect - [MUTECT] Processed 2000016 reads in 1834 ms 
INFO  00:49:10,813 MuTect - [MUTECT] Processed 3000025 reads in 897 ms 
INFO  00:49:13,643 MuTect - [MUTECT] Processed 4000126 reads in 2830 ms 
INFO  00:49:13,903 MuTect - [MUTECT] Inspected 1000 potential candidates 
INFO  00:49:14,706 MuTect - [MUTECT] Processed 5000214 reads in 1062 ms 
INFO  00:49:17,170 MuTect - [MUTECT] Processed 6000247 reads in 2465 ms 
INFO  00:49:18,191 MuTect - [MUTECT] Processed 7000372 reads in 1021 ms 
INFO  00:49:18,207 MuTect - [MUTECT] Inspected 2000 potential candidates 
INFO  00:49:20,575 MuTect - [MUTECT] Processed 8000430 reads in 2384 ms 
INFO  00:49:21,224 ProgressMeter -  chr21:18066869        2.80e+09   23.6 m        0.0 s     86.9%        27.1 m     3.6 m 
INFO  00:49:21,999 MuTect - [MUTECT] Processed 9000430 reads in 1424 ms 
INFO  00:49:24,206 MuTect - [MUTECT] Inspected 3000 potential candidates 
INFO  00:49:27,464 MuTect - [MUTECT] Processed 10000527 reads in 5465 ms 
INFO  00:49:28,762 MuTect - [MUTECT] Processed 11000557 reads in 1298 ms 
INFO  00:49:29,393 MuTect - [MUTECT] Inspected 4000 potential candidates 
INFO  00:49:30,899 MuTect - [MUTECT] Processed 12000597 reads in 2137 ms 
INFO  00:49:31,445 MuTect - [MUTECT] Processed 13000611 reads in 546 ms 
INFO  00:49:32,242 MuTect - [MUTECT] Processed 14000648 reads in 797 ms 
INFO  00:49:32,970 MuTect - [MUTECT] Inspected 5000 potential candidates 
INFO  00:49:33,285 MuTect - [MUTECT] Processed 15000680 reads in 1043 ms 
INFO  00:49:34,325 MuTect - [MUTECT] Processed 16000738 reads in 1040 ms 
INFO  00:49:35,560 MuTect - [MUTECT] Processed 17000739 reads in 1235 ms 
INFO  00:49:35,804 MuTect - [MUTECT] Inspected 6000 potential candidates 
INFO  00:49:36,310 MuTect - [MUTECT] Processed 18000766 reads in 750 ms 
INFO  00:49:36,959 MuTect - [MUTECT] Processed 19000826 reads in 649 ms 
INFO  00:49:37,847 MuTect - [MUTECT] Processed 20000851 reads in 888 ms 
INFO  00:49:38,426 MuTect - [MUTECT] Inspected 7000 potential candidates 
INFO  00:49:38,536 MuTect - [MUTECT] Processed 21000882 reads in 688 ms 
INFO  00:49:39,002 MuTect - [MUTECT] Processed 22000886 reads in 467 ms 
INFO  00:49:39,669 MuTect - [MUTECT] Processed 23000915 reads in 667 ms 
INFO  00:49:40,686 MuTect - [MUTECT] Processed 24001011 reads in 1017 ms 
INFO  00:49:40,917 MuTect - [MUTECT] Inspected 8000 potential candidates 
INFO  00:49:42,300 MuTect - [MUTECT] Processed 25001088 reads in 1614 ms 
INFO  00:49:43,046 MuTect - [MUTECT] Processed 26001154 reads in 746 ms 
INFO  00:49:43,662 MuTect - [MUTECT] Processed 27001391 reads in 616 ms 
INFO  00:49:43,666 MuTect - [MUTECT] Inspected 9000 potential candidates 
INFO  00:49:44,607 MuTect - [MUTECT] Processed 28001412 reads in 945 ms 
INFO  00:49:45,372 MuTect - [MUTECT] Processed 29001414 reads in 765 ms 
INFO  00:49:46,616 MuTect - [MUTECT] Inspected 10000 potential candidates 
INFO  00:49:46,732 MuTect - [MUTECT] Processed 30001492 reads in 1360 ms 
INFO  00:49:47,542 MuTect - [MUTECT] Processed 31001555 reads in 810 ms 
INFO  00:49:48,380 MuTect - [MUTECT] Processed 32001588 reads in 837 ms 
INFO  00:49:49,189 MuTect - [MUTECT] Inspected 11000 potential candidates 
INFO  00:49:49,892 MuTect - [MUTECT] Processed 33001657 reads in 1513 ms 
INFO  00:49:50,863 MuTect - [MUTECT] Processed 34001663 reads in 971 ms 
INFO  00:49:51,242 ProgressMeter -  chr21:41835653        2.82e+09   24.1 m        0.0 s     87.6%        27.5 m     3.4 m 
INFO  00:49:51,527 MuTect - [MUTECT] Processed 35001741 reads in 664 ms 
INFO  00:49:51,671 MuTect - [MUTECT] Inspected 12000 potential candidates 
INFO  00:49:52,179 MuTect - [MUTECT] Processed 36001782 reads in 652 ms 
INFO  00:49:52,748 MuTect - [MUTECT] Processed 37001783 reads in 569 ms 
INFO  00:49:54,007 MuTect - [MUTECT] Processed 38001848 reads in 1259 ms 
INFO  00:49:54,081 MuTect - [MUTECT] Inspected 13000 potential candidates 
INFO  00:49:54,864 MuTect - [MUTECT] Processed 39001850 reads in 857 ms 
INFO  00:49:55,705 MuTect - [MUTECT] Processed 40001859 reads in 841 ms 
INFO  00:49:56,453 MuTect - [MUTECT] Processed 41001956 reads in 748 ms 
INFO  00:49:57,026 MuTect - [MUTECT] Inspected 14000 potential candidates 
INFO  00:49:57,049 MuTect - [MUTECT] Processed 42001958 reads in 596 ms 
INFO  00:49:57,711 MuTect - [MUTECT] Processed 43001958 reads in 662 ms 
INFO  00:49:58,325 MuTect - [MUTECT] Processed 44002020 reads in 614 ms 
INFO  00:49:58,512 MuTect - [MUTECT] Inspected 15000 potential candidates 
INFO  00:49:59,021 MuTect - [MUTECT] Processed 45002080 reads in 696 ms 
INFO  00:50:00,020 MuTect - [MUTECT] Processed 46002191 reads in 999 ms 
INFO  00:50:00,804 MuTect - [MUTECT] Processed 47002233 reads in 784 ms 
INFO  00:50:00,892 MuTect - [MUTECT] Inspected 16000 potential candidates 
INFO  00:50:01,487 MuTect - [MUTECT] Processed 48002237 reads in 683 ms 
INFO  00:50:02,099 MuTect - [MUTECT] Processed 49002239 reads in 612 ms 
INFO  00:50:02,643 MuTect - [MUTECT] Inspected 17000 potential candidates 
INFO  00:50:02,657 MuTect - [MUTECT] Processed 50002277 reads in 558 ms 
INFO  00:50:03,205 MuTect - [MUTECT] Processed 51002330 reads in 547 ms 
INFO  00:50:21,269 ProgressMeter -  chr22:37341501        2.82e+09   24.6 m        0.0 s     88.9%        27.6 m     3.1 m 
INFO  00:50:51,877 ProgressMeter -   chrX:44730201        2.88e+09   25.1 m        0.0 s     90.7%        27.6 m     2.6 m 
INFO  00:51:21,912 ProgressMeter -  chrX:112242901        2.88e+09   25.6 m        0.0 s     92.8%        27.6 m   118.0 s 
INFO  00:51:52,210 ProgressMeter -   chrY:28006901        3.03e+09   26.1 m        0.0 s     95.1%        27.4 m    80.0 s 
INFO  00:52:22,211 ProgressMeter - chr6_GL000251v2_alt:152201        3.16e+09   26.6 m        0.0 s     98.2%        27.1 m    29.0 s 
INFO  00:52:40,968 Walker - [REDUCE RESULT] Traversal result is: 0 
INFO  00:52:41,128 ProgressMeter -            done        3.22e+09   26.9 m        0.0 s    100.0%        26.9 m     0.0 s 
INFO  00:52:41,129 ProgressMeter - Total runtime 1614.52 secs, 26.91 min, 0.45 hours 
INFO  00:52:41,183 MicroScheduler - 16094 reads were filtered out during the traversal out of approximately 395365 total reads (4.07%) 
INFO  00:52:41,183 MicroScheduler -   -> 0 reads (0.00% of total) failing BadCigarFilter 
INFO  00:52:41,183 MicroScheduler -   -> 15494 reads (3.92% of total) failing DuplicateReadFilter 
INFO  00:52:41,184 MicroScheduler -   -> 0 reads (0.00% of total) failing FailsVendorQualityCheckFilter 
INFO  00:52:41,184 MicroScheduler -   -> 0 reads (0.00% of total) failing MalformedReadFilter 
INFO  00:52:41,184 MicroScheduler -   -> 362 reads (0.09% of total) failing NotPrimaryAlignmentFilter 
INFO  00:52:41,184 MicroScheduler -   -> 238 reads (0.06% of total) failing UnmappedReadFilter 
[Sat Mar 13 00:52:45 2021]
Finished job 0.
1 of 1 steps (100%) done
{'Sample10_ARK1_S37.test': '--variant:strelka /spin1/scratch/tandonm/pipeline_out/tn_test_1/somatic/SNP_Indels/strelka_out/vcf/Sample10_ARK1_S37.test.FINAL.vcf --variant:varscan /spin1/scratch/tandonm/pipeline_out/tn_test_1/somatic/SNP_Indels/varscan_out/vcf/Sample10_ARK1_S37.test.FINAL.vcf --variant:mutect2 /spin1/scratch/tandonm/pipeline_out/tn_test_1/somatic/SNP_Indels/mutect2_out/vcf/Sample10_ARK1_S37.test.FINAL.vcf --variant:mutect /spin1/scratch/tandonm/pipeline_out/tn_test_1/somatic/SNP_Indels/mutect_out/vcf/Sample10_ARK1_S37.test.FINAL.vcf --variant:vardict /spin1/scratch/tandonm/pipeline_out/tn_test_1/somatic/SNP_Indels/vardict_out/vcf/Sample10_ARK1_S37.test.FINAL.vcf', 'Sample11_ACI_158_S38.test': '--variant:strelka /spin1/scratch/tandonm/pipeline_out/tn_test_1/somatic/SNP_Indels/strelka_out/vcf/Sample11_ACI_158_S38.test.FINAL.vcf --variant:varscan /spin1/scratch/tandonm/pipeline_out/tn_test_1/somatic/SNP_Indels/varscan_out/vcf/Sample11_ACI_158_S38.test.FINAL.vcf --variant:mutect2 /spin1/scratch/tandonm/pipeline_out/tn_test_1/somatic/SNP_Indels/mutect2_out/vcf/Sample11_ACI_158_S38.test.FINAL.vcf --variant:mutect /spin1/scratch/tandonm/pipeline_out/tn_test_1/somatic/SNP_Indels/mutect_out/vcf/Sample11_ACI_158_S38.test.FINAL.vcf --variant:vardict /spin1/scratch/tandonm/pipeline_out/tn_test_1/somatic/SNP_Indels/vardict_out/vcf/Sample11_ACI_158_S38.test.FINAL.vcf'}
