Building DAG of jobs...
Using shell: /usr/bin/bash
Provided cores: 2
Rules claiming more threads will be scaled down.
Job counts:
	count	jobs
	1	genotype
	1

[Sat Mar 13 00:35:03 2021]
rule genotype:
    input: /spin1/scratch/tandonm/pipeline_out/tn_test_1/germline/gVCFs/merged.chr1.g.vcf.gz, /spin1/scratch/tandonm/pipeline_out/tn_test_1/germline/gVCFs/merged.chr1.g.vcf.gz.tbi
    output: /spin1/scratch/tandonm/pipeline_out/tn_test_1/germline/VCF/by_chrom/raw_variants.chr1.vcf.gz
    jobid: 0
    wildcards: chroms=chr1

[+] Loading gcc  9.2.0  ... 
[+] Loading GSL 2.6 for GCC 9.2.0 ... 
[-] Unloading gcc  9.2.0  ... 
[+] Loading gcc  9.2.0  ... 
[+] Loading openmpi 3.1.4  for GCC 9.2.0 
[+] Loading ImageMagick  7.0.8  on cn2400 
[+] Loading HDF5  1.10.4 
[-] Unloading gcc  9.2.0  ... 
[+] Loading gcc  9.2.0  ... 
[+] Loading NetCDF 4.7.4_gcc9.2.0 
[+] Loading pandoc  2.11.4  on cn2400 
[+] Loading R 3.6.3 
[+] Loading GATK  4.1.4.1 

GATK/4 includes its own python environment. Loading a different python
environment
after the GATK module will result in some tools failing. Conversely, the python
environment included with GATK/4 will override any python modules you may
already
have loaded.


00:35:09.433 WARN  GATKAnnotationPluginDescriptor - Redundant enabled annotation group (StandardAnnotation) is enabled for this tool by default
Mar 13, 2021 12:35:09 AM shaded.cloud_nio.com.google.auth.oauth2.ComputeEngineCredentials runningOnComputeEngine
INFO: Failed to detect whether we are running on Google Compute Engine.
00:35:09.686 INFO  GenotypeGVCFs - ------------------------------------------------------------
00:35:09.687 INFO  GenotypeGVCFs - The Genome Analysis Toolkit (GATK) v4.1.4.1
00:35:09.687 INFO  GenotypeGVCFs - For support and documentation go to https://software.broadinstitute.org/gatk/
00:35:09.687 INFO  GenotypeGVCFs - Executing as tandonm@cn2400 on Linux v3.10.0-862.14.4.el7.x86_64 amd64
00:35:09.687 INFO  GenotypeGVCFs - Java runtime: OpenJDK 64-Bit Server VM v1.8.0_181-b13
00:35:09.687 INFO  GenotypeGVCFs - Start Date/Time: March 13, 2021 12:35:09 AM EST
00:35:09.687 INFO  GenotypeGVCFs - ------------------------------------------------------------
00:35:09.687 INFO  GenotypeGVCFs - ------------------------------------------------------------
00:35:09.688 INFO  GenotypeGVCFs - HTSJDK Version: 2.21.0
00:35:09.688 INFO  GenotypeGVCFs - Picard Version: 2.21.2
00:35:09.691 INFO  GenotypeGVCFs - HTSJDK Defaults.COMPRESSION_LEVEL : 2
00:35:09.691 INFO  GenotypeGVCFs - HTSJDK Defaults.USE_ASYNC_IO_READ_FOR_SAMTOOLS : false
00:35:09.692 INFO  GenotypeGVCFs - HTSJDK Defaults.USE_ASYNC_IO_WRITE_FOR_SAMTOOLS : true
00:35:09.692 INFO  GenotypeGVCFs - HTSJDK Defaults.USE_ASYNC_IO_WRITE_FOR_TRIBBLE : false
00:35:09.693 INFO  GenotypeGVCFs - Deflater: JdkDeflater
00:35:09.693 INFO  GenotypeGVCFs - Inflater: JdkInflater
00:35:09.693 INFO  GenotypeGVCFs - GCS max retries/reopens: 20
00:35:09.693 INFO  GenotypeGVCFs - Requester pays: disabled
00:35:09.694 INFO  GenotypeGVCFs - Initializing engine
00:35:10.263 INFO  FeatureManager - Using codec VCFCodec to read file file:///fdb/GATK_resource_bundle/hg38bundle/dbsnp_138.hg38.vcf.gz
00:35:10.531 INFO  FeatureManager - Using codec VCFCodec to read file file:///spin1/scratch/tandonm/pipeline_out/tn_test_1/germline/gVCFs/merged.chr1.g.vcf.gz
00:35:10.702 INFO  IntervalArgumentCollection - Processing 248956422 bp from intervals
00:35:10.768 INFO  GenotypeGVCFs - Done initializing engine
00:35:10.937 INFO  ProgressMeter - Starting traversal
00:35:10.938 INFO  ProgressMeter -        Current Locus  Elapsed Minutes    Variants Processed  Variants/Minute
00:35:11.148 WARN  InbreedingCoeff - InbreedingCoeff will not be calculated; at least 10 samples must have called genotypes
00:35:20.953 INFO  ProgressMeter -         chr1:7962788              0.2                168000        1006590.8
00:35:30.963 INFO  ProgressMeter -        chr1:17625833              0.3                417000        1249438.2
00:35:40.975 INFO  ProgressMeter -        chr1:28605574              0.5                696000        1390285.3
00:35:50.975 INFO  ProgressMeter -        chr1:43621825              0.7               1028000        1540575.0
00:36:01.009 INFO  ProgressMeter -        chr1:66800931              0.8               1393000        1669229.7
00:36:11.026 INFO  ProgressMeter -       chr1:101352424              1.0               1726000        1723472.2
00:36:21.026 INFO  ProgressMeter -       chr1:151562212              1.2               2183000        1868793.5
00:36:31.032 INFO  ProgressMeter -       chr1:172557953              1.3               2649000        1984418.3
00:36:41.039 INFO  ProgressMeter -       chr1:204065412              1.5               3048000        2029722.2
00:36:51.040 INFO  ProgressMeter -       chr1:229982746              1.7               3444000        2064294.4
00:36:57.929 INFO  ProgressMeter -       chr1:248918433              1.8               3685202        2066642.2
00:36:57.930 INFO  ProgressMeter - Traversal complete. Processed 3685202 total variants in 1.8 minutes.
00:36:57.970 INFO  GenotypeGVCFs - Shutting down engine
[March 13, 2021 12:36:57 AM EST] org.broadinstitute.hellbender.tools.walkers.GenotypeGVCFs done. Elapsed time: 1.81 minutes.
Runtime.totalMemory()=10602151936
Using GATK jar /usr/local/apps/GATK/4.1.4.1/gatk-package-4.1.4.1-local.jar
Running:
    java -Dsamjdk.use_async_io_read_samtools=false -Dsamjdk.use_async_io_write_samtools=true -Dsamjdk.use_async_io_write_tribble=false -Dsamjdk.compression_level=2 -Xmx96g -jar /usr/local/apps/GATK/4.1.4.1/gatk-package-4.1.4.1-local.jar GenotypeGVCFs --reference /data/tandonm/pl_test_data/human/genome/hg38/Homo_sapiens_assembly38.fasta --use-jdk-inflater --use-jdk-deflater --annotation-group StandardAnnotation --annotation-group AS_StandardAnnotation --dbsnp /fdb/GATK_resource_bundle/hg38bundle/dbsnp_138.hg38.vcf.gz --output /spin1/scratch/tandonm/pipeline_out/tn_test_1/germline/VCF/by_chrom/raw_variants.chr1.vcf.gz --variant /spin1/scratch/tandonm/pipeline_out/tn_test_1/germline/gVCFs/merged.chr1.g.vcf.gz --intervals chr1
[Sat Mar 13 00:36:58 2021]
Finished job 0.
1 of 1 steps (100%) done
{'Sample10_ARK1_S37.test': '--variant:vardict /spin1/scratch/tandonm/pipeline_out/tn_test_1/somatic/SNP_Indels/vardict_out/vcf/Sample10_ARK1_S37.test.FINAL.vcf --variant:mutect2 /spin1/scratch/tandonm/pipeline_out/tn_test_1/somatic/SNP_Indels/mutect2_out/vcf/Sample10_ARK1_S37.test.FINAL.vcf --variant:varscan /spin1/scratch/tandonm/pipeline_out/tn_test_1/somatic/SNP_Indels/varscan_out/vcf/Sample10_ARK1_S37.test.FINAL.vcf --variant:mutect /spin1/scratch/tandonm/pipeline_out/tn_test_1/somatic/SNP_Indels/mutect_out/vcf/Sample10_ARK1_S37.test.FINAL.vcf --variant:strelka /spin1/scratch/tandonm/pipeline_out/tn_test_1/somatic/SNP_Indels/strelka_out/vcf/Sample10_ARK1_S37.test.FINAL.vcf', 'Sample11_ACI_158_S38.test': '--variant:vardict /spin1/scratch/tandonm/pipeline_out/tn_test_1/somatic/SNP_Indels/vardict_out/vcf/Sample11_ACI_158_S38.test.FINAL.vcf --variant:mutect2 /spin1/scratch/tandonm/pipeline_out/tn_test_1/somatic/SNP_Indels/mutect2_out/vcf/Sample11_ACI_158_S38.test.FINAL.vcf --variant:varscan /spin1/scratch/tandonm/pipeline_out/tn_test_1/somatic/SNP_Indels/varscan_out/vcf/Sample11_ACI_158_S38.test.FINAL.vcf --variant:mutect /spin1/scratch/tandonm/pipeline_out/tn_test_1/somatic/SNP_Indels/mutect_out/vcf/Sample11_ACI_158_S38.test.FINAL.vcf --variant:strelka /spin1/scratch/tandonm/pipeline_out/tn_test_1/somatic/SNP_Indels/strelka_out/vcf/Sample11_ACI_158_S38.test.FINAL.vcf'}
