Building DAG of jobs...
Using shell: /usr/bin/bash
Provided cores: 4
Rules claiming more threads will be scaled down.
Job counts:
	count	jobs
	1	gatk_mutect2
	1

[Sat Mar 13 00:24:54 2021]
rule gatk_mutect2:
    input: /spin1/scratch/tandonm/pipeline_out/tn_test_1/bams/chrom_split/Sample4_CRL1622_S31.test.chr17.split.bam, /spin1/scratch/tandonm/pipeline_out/tn_test_1/bams/chrom_split/Sample10_ARK1_S37.test.chr17.split.bam
    output: /spin1/scratch/tandonm/pipeline_out/tn_test_1/somatic/SNP_Indels/mutect2_out/chrom_split/Sample10_ARK1_S37.test.chr17.vcf, /spin1/scratch/tandonm/pipeline_out/tn_test_1/somatic/SNP_Indels/mutect2_out/chrom_split/Sample10_ARK1_S37.test.chr17.f1r2.tar.gz, /spin1/scratch/tandonm/pipeline_out/tn_test_1/somatic/SNP_Indels/mutect2_out/chrom_split/Sample10_ARK1_S37.test.chr17.vcf.stats
    jobid: 0
    wildcards: samples=Sample10_ARK1_S37.test, chroms=chr17
    threads: 2

[+] Loading gcc  9.2.0  ... 
[+] Loading GSL 2.6 for GCC 9.2.0 ... 
[-] Unloading gcc  9.2.0  ... 
[+] Loading gcc  9.2.0  ... 
[+] Loading openmpi 3.1.4  for GCC 9.2.0 
[+] Loading ImageMagick  7.0.8  on cn2415 
[+] Loading HDF5  1.10.4 
[-] Unloading gcc  9.2.0  ... 
[+] Loading gcc  9.2.0  ... 
[+] Loading NetCDF 4.7.4_gcc9.2.0 
[+] Loading pandoc  2.11.4  on cn2415 
[+] Loading R 3.6.3 
[+] Loading GATK  4.1.4.1 

GATK/4 includes its own python environment. Loading a different python
environment
after the GATK module will result in some tools failing. Conversely, the python
environment included with GATK/4 will override any python modules you may
already
have loaded.


00:24:58.687 INFO  NativeLibraryLoader - Loading libgkl_compression.so from jar:file:/usr/local/apps/GATK/4.1.4.1/gatk-package-4.1.4.1-local.jar!/com/intel/gkl/native/libgkl_compression.so
Mar 13, 2021 12:24:58 AM shaded.cloud_nio.com.google.auth.oauth2.ComputeEngineCredentials runningOnComputeEngine
INFO: Failed to detect whether we are running on Google Compute Engine.
00:24:58.900 INFO  Mutect2 - ------------------------------------------------------------
00:24:58.901 INFO  Mutect2 - The Genome Analysis Toolkit (GATK) v4.1.4.1
00:24:58.901 INFO  Mutect2 - For support and documentation go to https://software.broadinstitute.org/gatk/
00:24:58.901 INFO  Mutect2 - Executing as tandonm@cn2415 on Linux v3.10.0-862.14.4.el7.x86_64 amd64
00:24:58.901 INFO  Mutect2 - Java runtime: OpenJDK 64-Bit Server VM v1.8.0_181-b13
00:24:58.901 INFO  Mutect2 - Start Date/Time: March 13, 2021 12:24:58 AM EST
00:24:58.901 INFO  Mutect2 - ------------------------------------------------------------
00:24:58.901 INFO  Mutect2 - ------------------------------------------------------------
00:24:58.902 INFO  Mutect2 - HTSJDK Version: 2.21.0
00:24:58.902 INFO  Mutect2 - Picard Version: 2.21.2
00:24:58.902 INFO  Mutect2 - HTSJDK Defaults.COMPRESSION_LEVEL : 2
00:24:58.902 INFO  Mutect2 - HTSJDK Defaults.USE_ASYNC_IO_READ_FOR_SAMTOOLS : false
00:24:58.902 INFO  Mutect2 - HTSJDK Defaults.USE_ASYNC_IO_WRITE_FOR_SAMTOOLS : true
00:24:58.902 INFO  Mutect2 - HTSJDK Defaults.USE_ASYNC_IO_WRITE_FOR_TRIBBLE : false
00:24:58.902 INFO  Mutect2 - Deflater: IntelDeflater
00:24:58.902 INFO  Mutect2 - Inflater: IntelInflater
00:24:58.902 INFO  Mutect2 - GCS max retries/reopens: 20
00:24:58.902 INFO  Mutect2 - Requester pays: disabled
00:24:58.902 INFO  Mutect2 - Initializing engine
00:24:59.705 INFO  FeatureManager - Using codec VCFCodec to read file file:///data/CCBR_Pipeliner/db/PipeDB/lib/hg38.noCOSMIC_ClinVar.pon.vcf.gz
00:24:59.920 INFO  FeatureManager - Using codec VCFCodec to read file file:///data/MA_shared/justin_wes_pipe/somatic-hg38-af-only-gnomad.hg38.vcf.gz
00:25:00.117 INFO  IntervalArgumentCollection - Processing 83257441 bp from intervals
00:25:00.212 INFO  Mutect2 - Done initializing engine
00:25:00.332 INFO  NativeLibraryLoader - Loading libgkl_utils.so from jar:file:/usr/local/apps/GATK/4.1.4.1/gatk-package-4.1.4.1-local.jar!/com/intel/gkl/native/libgkl_utils.so
00:25:00.334 INFO  NativeLibraryLoader - Loading libgkl_pairhmm_omp.so from jar:file:/usr/local/apps/GATK/4.1.4.1/gatk-package-4.1.4.1-local.jar!/com/intel/gkl/native/libgkl_pairhmm_omp.so
00:25:00.398 INFO  IntelPairHmm - Using CPU-supported AVX-512 instructions
00:25:00.398 INFO  IntelPairHmm - Flush-to-zero (FTZ) is enabled when running PairHMM
00:25:00.399 INFO  IntelPairHmm - Available threads: 2
00:25:00.399 INFO  IntelPairHmm - Requested threads: 4
00:25:00.399 WARN  IntelPairHmm - Using 2 available threads, but 4 were requested
00:25:00.399 INFO  PairHMM - Using the OpenMP multi-threaded AVX-accelerated native PairHMM implementation
00:25:00.563 INFO  ProgressMeter - Starting traversal
00:25:00.564 INFO  ProgressMeter -        Current Locus  Elapsed Minutes     Regions Processed   Regions/Minute
00:25:10.606 INFO  ProgressMeter -        chr17:1478310              0.2                  5210          31129.3
00:25:20.904 INFO  ProgressMeter -        chr17:3064156              0.3                 11020          32507.4
00:25:30.936 INFO  ProgressMeter -        chr17:4818774              0.5                 17510          34591.1
00:25:40.939 INFO  ProgressMeter -        chr17:7154852              0.7                 26010          38652.6
00:25:50.972 INFO  ProgressMeter -        chr17:8162730              0.8                 29890          35577.7
00:26:00.997 INFO  ProgressMeter -       chr17:10711088              1.0                 39100          38819.9
00:26:11.022 INFO  ProgressMeter -       chr17:15988400              1.2                 57470          48939.8
00:26:21.041 INFO  ProgressMeter -       chr17:18186630              1.3                 65490          48826.4
00:26:31.047 INFO  ProgressMeter -       chr17:20484018              1.5                 73840          48963.9
00:26:41.093 INFO  ProgressMeter -       chr17:21672226              1.7                 78130          46631.3
00:26:51.093 INFO  ProgressMeter -       chr17:28627113              1.8                101880          55304.9
00:27:01.093 INFO  ProgressMeter -       chr17:30957975              2.0                110540          55027.4
00:27:11.093 INFO  ProgressMeter -       chr17:35535944              2.2                126660          58221.5
00:27:21.099 INFO  ProgressMeter -       chr17:40358232              2.3                143440          61240.3
00:27:31.102 INFO  ProgressMeter -       chr17:42501458              2.5                151250          60283.8
00:27:41.118 INFO  ProgressMeter -       chr17:43922714              2.7                156710          58563.5
00:27:51.121 INFO  ProgressMeter -       chr17:47156515              2.8                168300          59206.0
00:28:01.121 INFO  ProgressMeter -       chr17:50055518              3.0                178940          59462.7
00:28:11.139 INFO  ProgressMeter -       chr17:54949547              3.2                196090          61736.3
00:28:21.141 INFO  ProgressMeter -       chr17:59257857              3.3                211420          63243.5
00:28:31.144 INFO  ProgressMeter -       chr17:62342504              3.5                222740          63465.0
00:28:41.145 INFO  ProgressMeter -       chr17:64665664              3.7                231290          62912.9
00:28:51.155 INFO  ProgressMeter -       chr17:68344479              3.8                244670          63663.4
00:29:01.157 INFO  ProgressMeter -       chr17:74149258              4.0                265070          66104.2
00:29:11.164 INFO  ProgressMeter -       chr17:75743181              4.2                271130          64915.4
00:29:21.167 INFO  ProgressMeter -       chr17:77791974              4.3                278870          64206.0
00:29:31.205 INFO  ProgressMeter -       chr17:80107776              4.5                287460          63728.7
00:29:41.205 INFO  ProgressMeter -       chr17:81854317              4.7                293970          62849.7
00:29:48.109 INFO  Mutect2 - 235797 read(s) filtered by: (((((((((((MappingQualityReadFilter AND MappingQualityAvailableReadFilter) AND MappingQualityNotZeroReadFilter) AND MappedReadFilter) AND NotSecondaryAlignmentReadFilter) AND NotDuplicateReadFilter) AND PassesVendorQualityCheckReadFilter) AND NonChimericOriginalAlignmentReadFilter) AND NonZeroReferenceLengthAlignmentReadFilter) AND ReadLengthReadFilter) AND GoodCigarReadFilter) AND WellformedReadFilter)
  235797 read(s) filtered by: ((((((((((MappingQualityReadFilter AND MappingQualityAvailableReadFilter) AND MappingQualityNotZeroReadFilter) AND MappedReadFilter) AND NotSecondaryAlignmentReadFilter) AND NotDuplicateReadFilter) AND PassesVendorQualityCheckReadFilter) AND NonChimericOriginalAlignmentReadFilter) AND NonZeroReferenceLengthAlignmentReadFilter) AND ReadLengthReadFilter) AND GoodCigarReadFilter)
      235797 read(s) filtered by: (((((((((MappingQualityReadFilter AND MappingQualityAvailableReadFilter) AND MappingQualityNotZeroReadFilter) AND MappedReadFilter) AND NotSecondaryAlignmentReadFilter) AND NotDuplicateReadFilter) AND PassesVendorQualityCheckReadFilter) AND NonChimericOriginalAlignmentReadFilter) AND NonZeroReferenceLengthAlignmentReadFilter) AND ReadLengthReadFilter)
          225481 read(s) filtered by: ((((((((MappingQualityReadFilter AND MappingQualityAvailableReadFilter) AND MappingQualityNotZeroReadFilter) AND MappedReadFilter) AND NotSecondaryAlignmentReadFilter) AND NotDuplicateReadFilter) AND PassesVendorQualityCheckReadFilter) AND NonChimericOriginalAlignmentReadFilter) AND NonZeroReferenceLengthAlignmentReadFilter)
              225481 read(s) filtered by: (((((((MappingQualityReadFilter AND MappingQualityAvailableReadFilter) AND MappingQualityNotZeroReadFilter) AND MappedReadFilter) AND NotSecondaryAlignmentReadFilter) AND NotDuplicateReadFilter) AND PassesVendorQualityCheckReadFilter) AND NonChimericOriginalAlignmentReadFilter)
                  225481 read(s) filtered by: ((((((MappingQualityReadFilter AND MappingQualityAvailableReadFilter) AND MappingQualityNotZeroReadFilter) AND MappedReadFilter) AND NotSecondaryAlignmentReadFilter) AND NotDuplicateReadFilter) AND PassesVendorQualityCheckReadFilter)
                      225481 read(s) filtered by: (((((MappingQualityReadFilter AND MappingQualityAvailableReadFilter) AND MappingQualityNotZeroReadFilter) AND MappedReadFilter) AND NotSecondaryAlignmentReadFilter) AND NotDuplicateReadFilter)
                          139284 read(s) filtered by: ((((MappingQualityReadFilter AND MappingQualityAvailableReadFilter) AND MappingQualityNotZeroReadFilter) AND MappedReadFilter) AND NotSecondaryAlignmentReadFilter)
                              138626 read(s) filtered by: (((MappingQualityReadFilter AND MappingQualityAvailableReadFilter) AND MappingQualityNotZeroReadFilter) AND MappedReadFilter)
                                  138626 read(s) filtered by: ((MappingQualityReadFilter AND MappingQualityAvailableReadFilter) AND MappingQualityNotZeroReadFilter)
                                      138626 read(s) filtered by: (MappingQualityReadFilter AND MappingQualityAvailableReadFilter)
                                          138626 read(s) filtered by: MappingQualityReadFilter 
                              658 read(s) filtered by: NotSecondaryAlignmentReadFilter 
                          86197 read(s) filtered by: NotDuplicateReadFilter 
          10316 read(s) filtered by: ReadLengthReadFilter 

00:29:48.109 INFO  ProgressMeter -       chr17:83255960              4.8                299184          62428.6
00:29:48.109 INFO  ProgressMeter - Traversal complete. Processed 299184 total regions in 4.8 minutes.
00:29:48.364 INFO  VectorLoglessPairHMM - Time spent in setup for JNI call : 0.09222843
00:29:48.364 INFO  PairHMM - Total compute time in PairHMM computeLogLikelihoods() : 6.912428425000001
00:29:48.364 INFO  SmithWatermanAligner - Total compute time in java Smith-Waterman : 17.93 sec
00:29:48.365 INFO  Mutect2 - Shutting down engine
[March 13, 2021 12:29:48 AM EST] org.broadinstitute.hellbender.tools.walkers.mutect.Mutect2 done. Elapsed time: 4.83 minutes.
Runtime.totalMemory()=1877475328
Tool returned:
SUCCESS
Using GATK jar /usr/local/apps/GATK/4.1.4.1/gatk-package-4.1.4.1-local.jar
Running:
    java -Dsamjdk.use_async_io_read_samtools=false -Dsamjdk.use_async_io_write_samtools=true -Dsamjdk.use_async_io_write_tribble=false -Dsamjdk.compression_level=2 -jar /usr/local/apps/GATK/4.1.4.1/gatk-package-4.1.4.1-local.jar Mutect2 -R /data/tandonm/pl_test_data/human/genome/hg38/Homo_sapiens_assembly38.fasta -I /spin1/scratch/tandonm/pipeline_out/tn_test_1/bams/chrom_split/Sample10_ARK1_S37.test.chr17.split.bam -I /spin1/scratch/tandonm/pipeline_out/tn_test_1/bams/chrom_split/Sample4_CRL1622_S31.test.chr17.split.bam -normal Sample4_CRL1622_S31.test --panel-of-normals /data/CCBR_Pipeliner/db/PipeDB/lib/hg38.noCOSMIC_ClinVar.pon.vcf.gz --germline-resource /data/MA_shared/justin_wes_pipe/somatic-hg38-af-only-gnomad.hg38.vcf.gz -L chr17 -O /spin1/scratch/tandonm/pipeline_out/tn_test_1/somatic/SNP_Indels/mutect2_out/chrom_split/Sample10_ARK1_S37.test.chr17.vcf --f1r2-tar-gz /spin1/scratch/tandonm/pipeline_out/tn_test_1/somatic/SNP_Indels/mutect2_out/chrom_split/Sample10_ARK1_S37.test.chr17.f1r2.tar.gz --independent-mates
[Sat Mar 13 00:29:48 2021]
Finished job 0.
1 of 1 steps (100%) done
{'Sample10_ARK1_S37.test': '--variant:mutect /spin1/scratch/tandonm/pipeline_out/tn_test_1/somatic/SNP_Indels/mutect_out/vcf/Sample10_ARK1_S37.test.FINAL.vcf --variant:vardict /spin1/scratch/tandonm/pipeline_out/tn_test_1/somatic/SNP_Indels/vardict_out/vcf/Sample10_ARK1_S37.test.FINAL.vcf --variant:mutect2 /spin1/scratch/tandonm/pipeline_out/tn_test_1/somatic/SNP_Indels/mutect2_out/vcf/Sample10_ARK1_S37.test.FINAL.vcf --variant:strelka /spin1/scratch/tandonm/pipeline_out/tn_test_1/somatic/SNP_Indels/strelka_out/vcf/Sample10_ARK1_S37.test.FINAL.vcf --variant:varscan /spin1/scratch/tandonm/pipeline_out/tn_test_1/somatic/SNP_Indels/varscan_out/vcf/Sample10_ARK1_S37.test.FINAL.vcf', 'Sample11_ACI_158_S38.test': '--variant:mutect /spin1/scratch/tandonm/pipeline_out/tn_test_1/somatic/SNP_Indels/mutect_out/vcf/Sample11_ACI_158_S38.test.FINAL.vcf --variant:vardict /spin1/scratch/tandonm/pipeline_out/tn_test_1/somatic/SNP_Indels/vardict_out/vcf/Sample11_ACI_158_S38.test.FINAL.vcf --variant:mutect2 /spin1/scratch/tandonm/pipeline_out/tn_test_1/somatic/SNP_Indels/mutect2_out/vcf/Sample11_ACI_158_S38.test.FINAL.vcf --variant:strelka /spin1/scratch/tandonm/pipeline_out/tn_test_1/somatic/SNP_Indels/strelka_out/vcf/Sample11_ACI_158_S38.test.FINAL.vcf --variant:varscan /spin1/scratch/tandonm/pipeline_out/tn_test_1/somatic/SNP_Indels/varscan_out/vcf/Sample11_ACI_158_S38.test.FINAL.vcf'}
