Building DAG of jobs...
Using shell: /usr/bin/bash
Provided cores: 4
Rules claiming more threads will be scaled down.
Job counts:
	count	jobs
	1	mergegvcfs
	1

[Sat Mar 13 00:25:51 2021]
rule mergegvcfs:
    input: /spin1/scratch/tandonm/pipeline_out/tn_test_1/germline/gVCFs/Sample4_CRL1622_S31.test.chr10.g.vcf.gz, /spin1/scratch/tandonm/pipeline_out/tn_test_1/germline/gVCFs/Sample11_ACI_158_S38.test.chr10.g.vcf.gz, /spin1/scratch/tandonm/pipeline_out/tn_test_1/germline/gVCFs/Sample10_ARK1_S37.test.chr10.g.vcf.gz, /spin1/scratch/tandonm/pipeline_out/tn_test_1/germline/gVCFs/Sample4_CRL1622_S31.test.chr10.g.vcf.gz.tbi, /spin1/scratch/tandonm/pipeline_out/tn_test_1/germline/gVCFs/Sample11_ACI_158_S38.test.chr10.g.vcf.gz.tbi, /spin1/scratch/tandonm/pipeline_out/tn_test_1/germline/gVCFs/Sample10_ARK1_S37.test.chr10.g.vcf.gz.tbi
    output: /spin1/scratch/tandonm/pipeline_out/tn_test_1/germline/gVCFs/merged.chr10.g.vcf.gz, /spin1/scratch/tandonm/pipeline_out/tn_test_1/germline/gVCFs/merged.chr10.g.vcf.gz.tbi
    jobid: 0
    wildcards: chroms=chr10

[+] Loading gcc  9.2.0  ... 
[+] Loading GSL 2.6 for GCC 9.2.0 ... 
[-] Unloading gcc  9.2.0  ... 
[+] Loading gcc  9.2.0  ... 
[+] Loading openmpi 3.1.4  for GCC 9.2.0 
[+] Loading ImageMagick  7.0.8  on cn4480 
[+] Loading HDF5  1.10.4 
[-] Unloading gcc  9.2.0  ... 
[+] Loading gcc  9.2.0  ... 
[+] Loading NetCDF 4.7.4_gcc9.2.0 
[+] Loading pandoc  2.11.4  on cn4480 
[+] Loading R 3.6.3 
[+] Loading GATK  4.1.4.1 

GATK/4 includes its own python environment. Loading a different python
environment
after the GATK module will result in some tools failing. Conversely, the python
environment included with GATK/4 will override any python modules you may
already
have loaded.


00:25:57.000 WARN  GATKAnnotationPluginDescriptor - Redundant enabled annotation group (StandardAnnotation) is enabled for this tool by default
Mar 13, 2021 12:25:57 AM shaded.cloud_nio.com.google.auth.oauth2.ComputeEngineCredentials runningOnComputeEngine
INFO: Failed to detect whether we are running on Google Compute Engine.
00:25:57.291 INFO  CombineGVCFs - ------------------------------------------------------------
00:25:57.292 INFO  CombineGVCFs - The Genome Analysis Toolkit (GATK) v4.1.4.1
00:25:57.292 INFO  CombineGVCFs - For support and documentation go to https://software.broadinstitute.org/gatk/
00:25:57.292 INFO  CombineGVCFs - Executing as tandonm@cn4480 on Linux v3.10.0-862.14.4.el7.x86_64 amd64
00:25:57.292 INFO  CombineGVCFs - Java runtime: OpenJDK 64-Bit Server VM v1.8.0_181-b13
00:25:57.293 INFO  CombineGVCFs - Start Date/Time: March 13, 2021 12:25:57 AM EST
00:25:57.293 INFO  CombineGVCFs - ------------------------------------------------------------
00:25:57.293 INFO  CombineGVCFs - ------------------------------------------------------------
00:25:57.294 INFO  CombineGVCFs - HTSJDK Version: 2.21.0
00:25:57.294 INFO  CombineGVCFs - Picard Version: 2.21.2
00:25:57.299 INFO  CombineGVCFs - HTSJDK Defaults.COMPRESSION_LEVEL : 2
00:25:57.299 INFO  CombineGVCFs - HTSJDK Defaults.USE_ASYNC_IO_READ_FOR_SAMTOOLS : false
00:25:57.299 INFO  CombineGVCFs - HTSJDK Defaults.USE_ASYNC_IO_WRITE_FOR_SAMTOOLS : true
00:25:57.299 INFO  CombineGVCFs - HTSJDK Defaults.USE_ASYNC_IO_WRITE_FOR_TRIBBLE : false
00:25:57.301 INFO  CombineGVCFs - Deflater: JdkDeflater
00:25:57.302 INFO  CombineGVCFs - Inflater: JdkInflater
00:25:57.302 INFO  CombineGVCFs - GCS max retries/reopens: 20
00:25:57.302 INFO  CombineGVCFs - Requester pays: disabled
00:25:57.302 INFO  CombineGVCFs - Initializing engine
00:25:58.025 INFO  FeatureManager - Using codec VCFCodec to read file file:///spin1/scratch/tandonm/pipeline_out/tn_test_1/germline/gVCFs/Sample4_CRL1622_S31.test.chr10.g.vcf.gz
00:25:58.172 INFO  FeatureManager - Using codec VCFCodec to read file file:///spin1/scratch/tandonm/pipeline_out/tn_test_1/germline/gVCFs/Sample11_ACI_158_S38.test.chr10.g.vcf.gz
00:25:58.270 INFO  FeatureManager - Using codec VCFCodec to read file file:///spin1/scratch/tandonm/pipeline_out/tn_test_1/germline/gVCFs/Sample10_ARK1_S37.test.chr10.g.vcf.gz
00:27:45.244 INFO  IntervalArgumentCollection - Processing 133797422 bp from intervals
00:27:45.316 INFO  CombineGVCFs - Done initializing engine
00:27:45.415 INFO  ProgressMeter - Starting traversal
00:27:45.416 INFO  ProgressMeter -        Current Locus  Elapsed Minutes    Variants Processed  Variants/Minute
00:27:45.633 WARN  ReferenceConfidenceVariantContextMerger - Detected invalid annotations: When trying to merge variant contexts at location chr10:47485 the annotation MLEAC=[0, 0] was not a numerical value and was ignored
00:27:55.433 INFO  ProgressMeter -       chr10:13656655              0.2                171000        1024258.8
00:28:05.441 INFO  ProgressMeter -       chr10:49772597              0.3                625000        1872752.7
00:28:15.454 INFO  ProgressMeter -       chr10:88922476              0.5               1116000        2229176.4
00:28:25.461 INFO  ProgressMeter -      chr10:117334284              0.7               1619000        2425771.0
00:28:29.855 INFO  ProgressMeter -      chr10:133625264              0.7               1841787        2486717.1
00:28:29.855 INFO  ProgressMeter - Traversal complete. Processed 1841787 total variants in 0.7 minutes.
00:28:29.907 INFO  CombineGVCFs - Shutting down engine
[March 13, 2021 12:28:29 AM EST] org.broadinstitute.hellbender.tools.walkers.CombineGVCFs done. Elapsed time: 2.55 minutes.
Runtime.totalMemory()=2916089856
Using GATK jar /usr/local/apps/GATK/4.1.4.1/gatk-package-4.1.4.1-local.jar
Running:
    java -Dsamjdk.use_async_io_read_samtools=false -Dsamjdk.use_async_io_write_samtools=true -Dsamjdk.use_async_io_write_tribble=false -Dsamjdk.compression_level=2 -Xmx24g -jar /usr/local/apps/GATK/4.1.4.1/gatk-package-4.1.4.1-local.jar CombineGVCFs --reference /data/tandonm/pl_test_data/human/genome/hg38/Homo_sapiens_assembly38.fasta --annotation-group StandardAnnotation --annotation-group AS_StandardAnnotation --variant /spin1/scratch/tandonm/pipeline_out/tn_test_1/germline/gVCFs/Sample4_CRL1622_S31.test.chr10.g.vcf.gz --variant /spin1/scratch/tandonm/pipeline_out/tn_test_1/germline/gVCFs/Sample11_ACI_158_S38.test.chr10.g.vcf.gz --variant /spin1/scratch/tandonm/pipeline_out/tn_test_1/germline/gVCFs/Sample10_ARK1_S37.test.chr10.g.vcf.gz --output /spin1/scratch/tandonm/pipeline_out/tn_test_1/germline/gVCFs/merged.chr10.g.vcf.gz --intervals chr10 --use-jdk-inflater --use-jdk-deflater
[Sat Mar 13 00:28:29 2021]
Finished job 0.
1 of 1 steps (100%) done
{'Sample10_ARK1_S37.test': '--variant:mutect /spin1/scratch/tandonm/pipeline_out/tn_test_1/somatic/SNP_Indels/mutect_out/vcf/Sample10_ARK1_S37.test.FINAL.vcf --variant:mutect2 /spin1/scratch/tandonm/pipeline_out/tn_test_1/somatic/SNP_Indels/mutect2_out/vcf/Sample10_ARK1_S37.test.FINAL.vcf --variant:vardict /spin1/scratch/tandonm/pipeline_out/tn_test_1/somatic/SNP_Indels/vardict_out/vcf/Sample10_ARK1_S37.test.FINAL.vcf --variant:strelka /spin1/scratch/tandonm/pipeline_out/tn_test_1/somatic/SNP_Indels/strelka_out/vcf/Sample10_ARK1_S37.test.FINAL.vcf --variant:varscan /spin1/scratch/tandonm/pipeline_out/tn_test_1/somatic/SNP_Indels/varscan_out/vcf/Sample10_ARK1_S37.test.FINAL.vcf', 'Sample11_ACI_158_S38.test': '--variant:mutect /spin1/scratch/tandonm/pipeline_out/tn_test_1/somatic/SNP_Indels/mutect_out/vcf/Sample11_ACI_158_S38.test.FINAL.vcf --variant:mutect2 /spin1/scratch/tandonm/pipeline_out/tn_test_1/somatic/SNP_Indels/mutect2_out/vcf/Sample11_ACI_158_S38.test.FINAL.vcf --variant:vardict /spin1/scratch/tandonm/pipeline_out/tn_test_1/somatic/SNP_Indels/vardict_out/vcf/Sample11_ACI_158_S38.test.FINAL.vcf --variant:strelka /spin1/scratch/tandonm/pipeline_out/tn_test_1/somatic/SNP_Indels/strelka_out/vcf/Sample11_ACI_158_S38.test.FINAL.vcf --variant:varscan /spin1/scratch/tandonm/pipeline_out/tn_test_1/somatic/SNP_Indels/varscan_out/vcf/Sample11_ACI_158_S38.test.FINAL.vcf'}
