Building DAG of jobs...
Using shell: /usr/bin/bash
Provided cores: 4
Rules claiming more threads will be scaled down.
Job counts:
	count	jobs
	1	haplotypecaller
	1

[Sat Mar 13 00:18:57 2021]
rule haplotypecaller:
    input: /spin1/scratch/tandonm/pipeline_out/tn_test_1/bams/Sample4_CRL1622_S31.test.recal.bam
    output: /spin1/scratch/tandonm/pipeline_out/tn_test_1/germline/gVCFs/Sample4_CRL1622_S31.test.chr15.g.vcf.gz, /spin1/scratch/tandonm/pipeline_out/tn_test_1/germline/gVCFs/Sample4_CRL1622_S31.test.chr15.g.vcf.gz.tbi
    jobid: 0
    wildcards: samples=Sample4_CRL1622_S31.test, chroms=chr15

[+] Loading gcc  9.2.0  ... 
[+] Loading GSL 2.6 for GCC 9.2.0 ... 
[-] Unloading gcc  9.2.0  ... 
[+] Loading gcc  9.2.0  ... 
[+] Loading openmpi 3.1.4  for GCC 9.2.0 
[+] Loading ImageMagick  7.0.8  on cn2296 
[+] Loading HDF5  1.10.4 
[-] Unloading gcc  9.2.0  ... 
[+] Loading gcc  9.2.0  ... 
[+] Loading NetCDF 4.7.4_gcc9.2.0 
[+] Loading pandoc  2.11.4  on cn2296 
[+] Loading R 3.6.3 
[+] Loading GATK  4.1.4.1 

GATK/4 includes its own python environment. Loading a different python
environment
after the GATK module will result in some tools failing. Conversely, the python
environment included with GATK/4 will override any python modules you may
already
have loaded.


00:19:02.667 WARN  GATKAnnotationPluginDescriptor - Redundant enabled annotation group (StandardAnnotation) is enabled for this tool by default
Mar 13, 2021 12:19:02 AM shaded.cloud_nio.com.google.auth.oauth2.ComputeEngineCredentials runningOnComputeEngine
INFO: Failed to detect whether we are running on Google Compute Engine.
00:19:02.923 INFO  HaplotypeCaller - ------------------------------------------------------------
00:19:02.923 INFO  HaplotypeCaller - The Genome Analysis Toolkit (GATK) v4.1.4.1
00:19:02.923 INFO  HaplotypeCaller - For support and documentation go to https://software.broadinstitute.org/gatk/
00:19:02.924 INFO  HaplotypeCaller - Executing as tandonm@cn2296 on Linux v3.10.0-862.14.4.el7.x86_64 amd64
00:19:02.924 INFO  HaplotypeCaller - Java runtime: OpenJDK 64-Bit Server VM v1.8.0_181-b13
00:19:02.924 INFO  HaplotypeCaller - Start Date/Time: March 13, 2021 12:19:02 AM EST
00:19:02.924 INFO  HaplotypeCaller - ------------------------------------------------------------
00:19:02.924 INFO  HaplotypeCaller - ------------------------------------------------------------
00:19:02.925 INFO  HaplotypeCaller - HTSJDK Version: 2.21.0
00:19:02.925 INFO  HaplotypeCaller - Picard Version: 2.21.2
00:19:02.929 INFO  HaplotypeCaller - HTSJDK Defaults.COMPRESSION_LEVEL : 2
00:19:02.929 INFO  HaplotypeCaller - HTSJDK Defaults.USE_ASYNC_IO_READ_FOR_SAMTOOLS : false
00:19:02.930 INFO  HaplotypeCaller - HTSJDK Defaults.USE_ASYNC_IO_WRITE_FOR_SAMTOOLS : true
00:19:02.930 INFO  HaplotypeCaller - HTSJDK Defaults.USE_ASYNC_IO_WRITE_FOR_TRIBBLE : false
00:19:02.931 INFO  HaplotypeCaller - Deflater: JdkDeflater
00:19:02.932 INFO  HaplotypeCaller - Inflater: JdkInflater
00:19:02.932 INFO  HaplotypeCaller - GCS max retries/reopens: 20
00:19:02.932 INFO  HaplotypeCaller - Requester pays: disabled
00:19:02.932 INFO  HaplotypeCaller - Initializing engine
WARNING	2021-03-13 00:19:03	SamFiles	The index file /gpfs/gsfs7/users/tandonm/pl_test_data/human/bams/Sample4_CRL1622_S31.test.recal.bai was found by resolving the canonical path of a symlink: /spin1/scratch/tandonm/pipeline_out/tn_test_1/bams/Sample4_CRL1622_S31.test.recal.bam -> /gpfs/gsfs7/users/tandonm/pl_test_data/human/bams/Sample4_CRL1622_S31.test.recal.bam
WARNING: BAM index file /gpfs/gsfs7/users/tandonm/pl_test_data/human/bams/Sample4_CRL1622_S31.test.recal.bai is older than BAM /spin1/scratch/tandonm/pipeline_out/tn_test_1/bams/Sample4_CRL1622_S31.test.recal.bam
00:19:03.687 INFO  FeatureManager - Using codec VCFCodec to read file file:///fdb/GATK_resource_bundle/hg38bundle/dbsnp_138.hg38.vcf.gz
00:19:03.888 INFO  IntervalArgumentCollection - Processing 101991189 bp from intervals
00:19:03.948 INFO  HaplotypeCaller - Done initializing engine
00:19:03.951 INFO  HaplotypeCallerEngine - Tool is in reference confidence mode and the annotation, the following changes will be made to any specified annotations: 'StrandBiasBySample' will be enabled. 'ChromosomeCounts', 'FisherStrand', 'StrandOddsRatio' and 'QualByDepth' annotations have been disabled
00:19:04.032 INFO  HaplotypeCallerEngine - Standard Emitting and Calling confidence set to 0.0 for reference-model confidence output
00:19:04.032 INFO  HaplotypeCallerEngine - All sites annotated with PLs forced to true for reference-model confidence output
00:19:04.052 INFO  NativeLibraryLoader - Loading libgkl_utils.so from jar:file:/usr/local/apps/GATK/4.1.4.1/gatk-package-4.1.4.1-local.jar!/com/intel/gkl/native/libgkl_utils.so
00:19:04.055 INFO  NativeLibraryLoader - Loading libgkl_pairhmm_omp.so from jar:file:/usr/local/apps/GATK/4.1.4.1/gatk-package-4.1.4.1-local.jar!/com/intel/gkl/native/libgkl_pairhmm_omp.so
00:19:04.122 INFO  IntelPairHmm - Flush-to-zero (FTZ) is enabled when running PairHMM
00:19:04.123 INFO  IntelPairHmm - Available threads: 1
00:19:04.123 INFO  IntelPairHmm - Requested threads: 4
00:19:04.123 WARN  IntelPairHmm - Using 1 available threads, but 4 were requested
00:19:04.123 INFO  PairHMM - Using the OpenMP multi-threaded AVX-accelerated native PairHMM implementation
00:19:04.224 INFO  ProgressMeter - Starting traversal
00:19:04.224 INFO  ProgressMeter -        Current Locus  Elapsed Minutes     Regions Processed   Regions/Minute
00:19:14.225 INFO  ProgressMeter -        chr15:6629701              0.2                 22100         132600.0
00:19:23.734 WARN  InbreedingCoeff - InbreedingCoeff will not be calculated; at least 10 samples must have called genotypes
00:19:23.910 WARN  DepthPerSampleHC - Annotation will not be calculated, genotype is not called or alleleLikelihoodMap is null
00:19:23.910 WARN  StrandBiasBySample - Annotation will not be calculated, genotype is not called or alleleLikelihoodMap is null
00:19:23.913 WARN  StrandBiasBySample - Annotation will not be calculated, genotype is not called or alleleLikelihoodMap is null
00:19:23.915 WARN  StrandBiasBySample - Annotation will not be calculated, genotype is not called or alleleLikelihoodMap is null
00:19:24.230 INFO  ProgressMeter -       chr15:17137231              0.3                 57130         171338.6
00:19:31.956 WARN  StrandBiasBySample - Annotation will not be calculated, genotype is not called or alleleLikelihoodMap is null
00:19:34.232 INFO  ProgressMeter -       chr15:20387488              0.5                 68130         136223.7
00:19:44.275 INFO  ProgressMeter -       chr15:23647076              0.7                 79330         118843.5
00:19:54.275 INFO  ProgressMeter -       chr15:30952768              0.8                104210         124924.6
00:20:04.277 INFO  ProgressMeter -       chr15:35962090              1.0                121590         121482.7
00:20:14.285 INFO  ProgressMeter -       chr15:41073573              1.2                139450         119424.5
00:20:24.291 INFO  ProgressMeter -       chr15:43394356              1.3                148080         110967.1
00:20:34.297 INFO  ProgressMeter -       chr15:48258229              1.5                165090         109970.8
00:20:44.298 INFO  ProgressMeter -       chr15:52753909              1.7                181020         108531.7
00:20:54.303 INFO  ProgressMeter -       chr15:58762311              1.8                201940         110070.0
00:21:04.320 INFO  ProgressMeter -       chr15:63924414              2.0                220120         109972.0
00:21:05.039 WARN  StrandBiasBySample - Annotation will not be calculated, genotype is not called or alleleLikelihoodMap is null
00:21:05.040 WARN  StrandBiasBySample - Annotation will not be calculated, genotype is not called or alleleLikelihoodMap is null
00:21:05.040 WARN  StrandBiasBySample - Annotation will not be calculated, genotype is not called or alleleLikelihoodMap is null
00:21:14.323 INFO  ProgressMeter -       chr15:68331161              2.2                236040         108859.5
00:21:24.322 INFO  ProgressMeter -       chr15:73888424              2.3                255540         109440.5
00:21:34.328 INFO  ProgressMeter -       chr15:77900926              2.5                269940         107901.2
00:21:44.329 INFO  ProgressMeter -       chr15:81552207              2.7                282980         106047.9
00:21:54.329 INFO  ProgressMeter -       chr15:87672950              2.8                304360         107354.9
00:22:04.332 INFO  ProgressMeter -       chr15:92306953              3.0                320840         106882.5
00:22:14.354 INFO  ProgressMeter -       chr15:99706691              3.2                346380         109308.4
00:22:18.904 INFO  HaplotypeCaller - 68041 read(s) filtered by: ((((((((MappingQualityReadFilter AND MappingQualityAvailableReadFilter) AND MappedReadFilter) AND NotSecondaryAlignmentReadFilter) AND NotDuplicateReadFilter) AND PassesVendorQualityCheckReadFilter) AND NonZeroReferenceLengthAlignmentReadFilter) AND GoodCigarReadFilter) AND WellformedReadFilter)
  68041 read(s) filtered by: (((((((MappingQualityReadFilter AND MappingQualityAvailableReadFilter) AND MappedReadFilter) AND NotSecondaryAlignmentReadFilter) AND NotDuplicateReadFilter) AND PassesVendorQualityCheckReadFilter) AND NonZeroReferenceLengthAlignmentReadFilter) AND GoodCigarReadFilter)
      68041 read(s) filtered by: ((((((MappingQualityReadFilter AND MappingQualityAvailableReadFilter) AND MappedReadFilter) AND NotSecondaryAlignmentReadFilter) AND NotDuplicateReadFilter) AND PassesVendorQualityCheckReadFilter) AND NonZeroReferenceLengthAlignmentReadFilter)
          68041 read(s) filtered by: (((((MappingQualityReadFilter AND MappingQualityAvailableReadFilter) AND MappedReadFilter) AND NotSecondaryAlignmentReadFilter) AND NotDuplicateReadFilter) AND PassesVendorQualityCheckReadFilter)
              68041 read(s) filtered by: ((((MappingQualityReadFilter AND MappingQualityAvailableReadFilter) AND MappedReadFilter) AND NotSecondaryAlignmentReadFilter) AND NotDuplicateReadFilter)
                  50432 read(s) filtered by: (((MappingQualityReadFilter AND MappingQualityAvailableReadFilter) AND MappedReadFilter) AND NotSecondaryAlignmentReadFilter)
                      50256 read(s) filtered by: ((MappingQualityReadFilter AND MappingQualityAvailableReadFilter) AND MappedReadFilter)
                          50256 read(s) filtered by: (MappingQualityReadFilter AND MappingQualityAvailableReadFilter)
                              50256 read(s) filtered by: MappingQualityReadFilter 
                      176 read(s) filtered by: NotSecondaryAlignmentReadFilter 
                  17609 read(s) filtered by: NotDuplicateReadFilter 

00:22:18.904 INFO  ProgressMeter -      chr15:101988951              3.2                354407         109227.6
00:22:18.904 INFO  ProgressMeter - Traversal complete. Processed 354407 total regions in 3.2 minutes.
00:22:18.935 INFO  VectorLoglessPairHMM - Time spent in setup for JNI call : 0.032853006000000004
00:22:18.935 INFO  PairHMM - Total compute time in PairHMM computeLogLikelihoods() : 2.039036723
00:22:18.935 INFO  SmithWatermanAligner - Total compute time in java Smith-Waterman : 2.52 sec
00:22:18.935 INFO  HaplotypeCaller - Shutting down engine
[March 13, 2021 12:22:18 AM EST] org.broadinstitute.hellbender.tools.walkers.haplotypecaller.HaplotypeCaller done. Elapsed time: 3.27 minutes.
Runtime.totalMemory()=4072669184
Using GATK jar /usr/local/apps/GATK/4.1.4.1/gatk-package-4.1.4.1-local.jar
Running:
    java -Dsamjdk.use_async_io_read_samtools=false -Dsamjdk.use_async_io_write_samtools=true -Dsamjdk.use_async_io_write_tribble=false -Dsamjdk.compression_level=2 -Xmx24g -jar /usr/local/apps/GATK/4.1.4.1/gatk-package-4.1.4.1-local.jar HaplotypeCaller --reference /data/tandonm/pl_test_data/human/genome/hg38/Homo_sapiens_assembly38.fasta --input /spin1/scratch/tandonm/pipeline_out/tn_test_1/bams/Sample4_CRL1622_S31.test.recal.bam --use-jdk-inflater --use-jdk-deflater --emit-ref-confidence GVCF --annotation-group StandardAnnotation --annotation-group AS_StandardAnnotation --dbsnp /fdb/GATK_resource_bundle/hg38bundle/dbsnp_138.hg38.vcf.gz --output /spin1/scratch/tandonm/pipeline_out/tn_test_1/germline/gVCFs/Sample4_CRL1622_S31.test.chr15.g.vcf.gz --intervals chr15 --max-alternate-alleles 3
[Sat Mar 13 00:22:19 2021]
Finished job 0.
1 of 1 steps (100%) done
{'Sample10_ARK1_S37.test': '--variant:mutect /spin1/scratch/tandonm/pipeline_out/tn_test_1/somatic/SNP_Indels/mutect_out/vcf/Sample10_ARK1_S37.test.FINAL.vcf --variant:mutect2 /spin1/scratch/tandonm/pipeline_out/tn_test_1/somatic/SNP_Indels/mutect2_out/vcf/Sample10_ARK1_S37.test.FINAL.vcf --variant:strelka /spin1/scratch/tandonm/pipeline_out/tn_test_1/somatic/SNP_Indels/strelka_out/vcf/Sample10_ARK1_S37.test.FINAL.vcf --variant:vardict /spin1/scratch/tandonm/pipeline_out/tn_test_1/somatic/SNP_Indels/vardict_out/vcf/Sample10_ARK1_S37.test.FINAL.vcf --variant:varscan /spin1/scratch/tandonm/pipeline_out/tn_test_1/somatic/SNP_Indels/varscan_out/vcf/Sample10_ARK1_S37.test.FINAL.vcf', 'Sample11_ACI_158_S38.test': '--variant:mutect /spin1/scratch/tandonm/pipeline_out/tn_test_1/somatic/SNP_Indels/mutect_out/vcf/Sample11_ACI_158_S38.test.FINAL.vcf --variant:mutect2 /spin1/scratch/tandonm/pipeline_out/tn_test_1/somatic/SNP_Indels/mutect2_out/vcf/Sample11_ACI_158_S38.test.FINAL.vcf --variant:strelka /spin1/scratch/tandonm/pipeline_out/tn_test_1/somatic/SNP_Indels/strelka_out/vcf/Sample11_ACI_158_S38.test.FINAL.vcf --variant:vardict /spin1/scratch/tandonm/pipeline_out/tn_test_1/somatic/SNP_Indels/vardict_out/vcf/Sample11_ACI_158_S38.test.FINAL.vcf --variant:varscan /spin1/scratch/tandonm/pipeline_out/tn_test_1/somatic/SNP_Indels/varscan_out/vcf/Sample11_ACI_158_S38.test.FINAL.vcf'}
