Building DAG of jobs...
Using shell: /usr/bin/bash
Provided cores: 4
Rules claiming more threads will be scaled down.
Job counts:
	count	jobs
	1	contamination
	1

[Sat Mar 13 00:32:17 2021]
rule contamination:
    input: /spin1/scratch/tandonm/pipeline_out/tn_test_1/somatic/SNP_Indels/mutect2_out/pileup_summaries/Sample10_ARK1_S37.test_tumor.pileup.table, /spin1/scratch/tandonm/pipeline_out/tn_test_1/somatic/SNP_Indels/mutect2_out/pileup_summaries/Sample10_ARK1_S37.test_normal.pileup.table
    output: /spin1/scratch/tandonm/pipeline_out/tn_test_1/somatic/qc/gatk_contamination/Sample10_ARK1_S37.test.tumor.contamination.table, /spin1/scratch/tandonm/pipeline_out/tn_test_1/somatic/qc/gatk_contamination/Sample10_ARK1_S37.test.normal.contamination.table
    jobid: 0
    wildcards: samples=Sample10_ARK1_S37.test

[+] Loading gcc  9.2.0  ... 
[+] Loading GSL 2.6 for GCC 9.2.0 ... 
[-] Unloading gcc  9.2.0  ... 
[+] Loading gcc  9.2.0  ... 
[+] Loading openmpi 3.1.4  for GCC 9.2.0 
[+] Loading ImageMagick  7.0.8  on cn2291 
[+] Loading HDF5  1.10.4 
[-] Unloading gcc  9.2.0  ... 
[+] Loading gcc  9.2.0  ... 
[+] Loading NetCDF 4.7.4_gcc9.2.0 
[+] Loading pandoc  2.11.4  on cn2291 
[+] Loading R 3.6.3 
[+] Loading GATK  4.1.4.1 

GATK/4 includes its own python environment. Loading a different python
environment
after the GATK module will result in some tools failing. Conversely, the python
environment included with GATK/4 will override any python modules you may
already
have loaded.


00:32:22.757 INFO  NativeLibraryLoader - Loading libgkl_compression.so from jar:file:/usr/local/apps/GATK/4.1.4.1/gatk-package-4.1.4.1-local.jar!/com/intel/gkl/native/libgkl_compression.so
Mar 13, 2021 12:32:22 AM shaded.cloud_nio.com.google.auth.oauth2.ComputeEngineCredentials runningOnComputeEngine
INFO: Failed to detect whether we are running on Google Compute Engine.
00:32:23.002 INFO  CalculateContamination - ------------------------------------------------------------
00:32:23.003 INFO  CalculateContamination - The Genome Analysis Toolkit (GATK) v4.1.4.1
00:32:23.003 INFO  CalculateContamination - For support and documentation go to https://software.broadinstitute.org/gatk/
00:32:23.003 INFO  CalculateContamination - Executing as tandonm@cn2291 on Linux v3.10.0-862.14.4.el7.x86_64 amd64
00:32:23.003 INFO  CalculateContamination - Java runtime: OpenJDK 64-Bit Server VM v1.8.0_181-b13
00:32:23.003 INFO  CalculateContamination - Start Date/Time: March 13, 2021 12:32:22 AM EST
00:32:23.003 INFO  CalculateContamination - ------------------------------------------------------------
00:32:23.003 INFO  CalculateContamination - ------------------------------------------------------------
00:32:23.004 INFO  CalculateContamination - HTSJDK Version: 2.21.0
00:32:23.004 INFO  CalculateContamination - Picard Version: 2.21.2
00:32:23.004 INFO  CalculateContamination - HTSJDK Defaults.COMPRESSION_LEVEL : 2
00:32:23.004 INFO  CalculateContamination - HTSJDK Defaults.USE_ASYNC_IO_READ_FOR_SAMTOOLS : false
00:32:23.004 INFO  CalculateContamination - HTSJDK Defaults.USE_ASYNC_IO_WRITE_FOR_SAMTOOLS : true
00:32:23.004 INFO  CalculateContamination - HTSJDK Defaults.USE_ASYNC_IO_WRITE_FOR_TRIBBLE : false
00:32:23.004 INFO  CalculateContamination - Deflater: IntelDeflater
00:32:23.004 INFO  CalculateContamination - Inflater: IntelInflater
00:32:23.004 INFO  CalculateContamination - GCS max retries/reopens: 20
00:32:23.004 INFO  CalculateContamination - Requester pays: disabled
00:32:23.004 INFO  CalculateContamination - Initializing engine
00:32:23.004 INFO  CalculateContamination - Done initializing engine
00:32:25.331 INFO  KernelSegmenter - Found 1 changepoints after applying the changepoint penalty.
00:32:25.514 INFO  KernelSegmenter - Found 1 changepoints after applying the changepoint penalty.
00:32:25.598 INFO  KernelSegmenter - Found 0 changepoints after applying the changepoint penalty.
00:32:25.606 WARN  KernelSegmenter - Specified dimension of the kernel approximation (100) exceeds the number of data points (90) to segment; using all data points to calculate kernel matrix.
00:32:25.661 INFO  KernelSegmenter - Found 0 changepoints after applying the changepoint penalty.
00:32:25.739 INFO  KernelSegmenter - Found 1 changepoints after applying the changepoint penalty.
00:32:25.746 WARN  KernelSegmenter - Specified dimension of the kernel approximation (100) exceeds the number of data points (89) to segment; using all data points to calculate kernel matrix.
00:32:25.835 INFO  KernelSegmenter - Found 0 changepoints after applying the changepoint penalty.
00:32:25.889 INFO  KernelSegmenter - Found 0 changepoints after applying the changepoint penalty.
00:32:25.928 INFO  KernelSegmenter - Found 0 changepoints after applying the changepoint penalty.
00:32:25.997 INFO  KernelSegmenter - Found 1 changepoints after applying the changepoint penalty.
00:32:26.013 WARN  KernelSegmenter - Specified dimension of the kernel approximation (100) exceeds the number of data points (21) to segment; using all data points to calculate kernel matrix.
00:32:26.015 WARN  KernelSegmenter - Number of points needed to calculate local changepoint costs (2 * window size = 100) exceeds number of data points (21).  Local changepoint costs will not be calculated for this window size.
00:32:26.015 WARN  KernelSegmenter - No changepoint candidates were found.  The specified window sizes may be inappropriate, or there may be insufficient data points.
00:32:26.015 INFO  KernelSegmenter - Found 0 changepoints after applying the changepoint penalty.
00:32:26.044 INFO  KernelSegmenter - Found 0 changepoints after applying the changepoint penalty.
00:32:26.146 INFO  KernelSegmenter - Found 1 changepoints after applying the changepoint penalty.
00:32:26.180 INFO  KernelSegmenter - Found 0 changepoints after applying the changepoint penalty.
00:32:26.216 INFO  KernelSegmenter - Found 0 changepoints after applying the changepoint penalty.
00:32:26.224 WARN  KernelSegmenter - Specified dimension of the kernel approximation (100) exceeds the number of data points (96) to segment; using all data points to calculate kernel matrix.
00:32:26.244 INFO  KernelSegmenter - Found 0 changepoints after applying the changepoint penalty.
00:32:26.247 WARN  KernelSegmenter - Specified dimension of the kernel approximation (100) exceeds the number of data points (27) to segment; using all data points to calculate kernel matrix.
00:32:26.248 WARN  KernelSegmenter - Number of points needed to calculate local changepoint costs (2 * window size = 100) exceeds number of data points (27).  Local changepoint costs will not be calculated for this window size.
00:32:26.248 WARN  KernelSegmenter - No changepoint candidates were found.  The specified window sizes may be inappropriate, or there may be insufficient data points.
00:32:26.248 INFO  KernelSegmenter - Found 0 changepoints after applying the changepoint penalty.
00:32:26.277 INFO  KernelSegmenter - Found 0 changepoints after applying the changepoint penalty.
00:32:26.306 INFO  KernelSegmenter - Found 0 changepoints after applying the changepoint penalty.
00:32:26.310 WARN  KernelSegmenter - Specified dimension of the kernel approximation (100) exceeds the number of data points (1) to segment; using all data points to calculate kernel matrix.
00:32:26.310 WARN  KernelSegmenter - Number of points needed to calculate local changepoint costs (2 * window size = 100) exceeds number of data points (1).  Local changepoint costs will not be calculated for this window size.
00:32:26.310 WARN  KernelSegmenter - No changepoint candidates were found.  The specified window sizes may be inappropriate, or there may be insufficient data points.
00:32:26.310 INFO  KernelSegmenter - Found 0 changepoints after applying the changepoint penalty.
00:32:26.333 INFO  KernelSegmenter - Found 0 changepoints after applying the changepoint penalty.
00:32:26.354 INFO  KernelSegmenter - Found 0 changepoints after applying the changepoint penalty.
00:32:39.204 INFO  CalculateContamination - Shutting down engine
[March 13, 2021 12:32:39 AM EST] org.broadinstitute.hellbender.tools.walkers.contamination.CalculateContamination done. Elapsed time: 0.27 minutes.
Runtime.totalMemory()=2702180352
Tool returned:
SUCCESS
Using GATK jar /usr/local/apps/GATK/4.1.4.1/gatk-package-4.1.4.1-local.jar
Running:
    java -Dsamjdk.use_async_io_read_samtools=false -Dsamjdk.use_async_io_write_samtools=true -Dsamjdk.use_async_io_write_tribble=false -Dsamjdk.compression_level=2 -jar /usr/local/apps/GATK/4.1.4.1/gatk-package-4.1.4.1-local.jar CalculateContamination -I /spin1/scratch/tandonm/pipeline_out/tn_test_1/somatic/SNP_Indels/mutect2_out/pileup_summaries/Sample10_ARK1_S37.test_tumor.pileup.table --matched-normal /spin1/scratch/tandonm/pipeline_out/tn_test_1/somatic/SNP_Indels/mutect2_out/pileup_summaries/Sample10_ARK1_S37.test_normal.pileup.table -O /spin1/scratch/tandonm/pipeline_out/tn_test_1/somatic/qc/gatk_contamination/Sample10_ARK1_S37.test.tumor.contamination.table
00:32:41.620 INFO  NativeLibraryLoader - Loading libgkl_compression.so from jar:file:/usr/local/apps/GATK/4.1.4.1/gatk-package-4.1.4.1-local.jar!/com/intel/gkl/native/libgkl_compression.so
Mar 13, 2021 12:32:41 AM shaded.cloud_nio.com.google.auth.oauth2.ComputeEngineCredentials runningOnComputeEngine
INFO: Failed to detect whether we are running on Google Compute Engine.
00:32:41.874 INFO  CalculateContamination - ------------------------------------------------------------
00:32:41.874 INFO  CalculateContamination - The Genome Analysis Toolkit (GATK) v4.1.4.1
00:32:41.874 INFO  CalculateContamination - For support and documentation go to https://software.broadinstitute.org/gatk/
00:32:41.874 INFO  CalculateContamination - Executing as tandonm@cn2291 on Linux v3.10.0-862.14.4.el7.x86_64 amd64
00:32:41.874 INFO  CalculateContamination - Java runtime: OpenJDK 64-Bit Server VM v1.8.0_181-b13
00:32:41.874 INFO  CalculateContamination - Start Date/Time: March 13, 2021 12:32:41 AM EST
00:32:41.874 INFO  CalculateContamination - ------------------------------------------------------------
00:32:41.874 INFO  CalculateContamination - ------------------------------------------------------------
00:32:41.875 INFO  CalculateContamination - HTSJDK Version: 2.21.0
00:32:41.875 INFO  CalculateContamination - Picard Version: 2.21.2
00:32:41.875 INFO  CalculateContamination - HTSJDK Defaults.COMPRESSION_LEVEL : 2
00:32:41.875 INFO  CalculateContamination - HTSJDK Defaults.USE_ASYNC_IO_READ_FOR_SAMTOOLS : false
00:32:41.875 INFO  CalculateContamination - HTSJDK Defaults.USE_ASYNC_IO_WRITE_FOR_SAMTOOLS : true
00:32:41.875 INFO  CalculateContamination - HTSJDK Defaults.USE_ASYNC_IO_WRITE_FOR_TRIBBLE : false
00:32:41.875 INFO  CalculateContamination - Deflater: IntelDeflater
00:32:41.876 INFO  CalculateContamination - Inflater: IntelInflater
00:32:41.876 INFO  CalculateContamination - GCS max retries/reopens: 20
00:32:41.876 INFO  CalculateContamination - Requester pays: disabled
00:32:41.876 INFO  CalculateContamination - Initializing engine
00:32:41.876 INFO  CalculateContamination - Done initializing engine
00:32:43.225 INFO  KernelSegmenter - Found 1 changepoints after applying the changepoint penalty.
00:32:43.383 INFO  KernelSegmenter - Found 1 changepoints after applying the changepoint penalty.
00:32:43.454 INFO  KernelSegmenter - Found 0 changepoints after applying the changepoint penalty.
00:32:43.461 WARN  KernelSegmenter - Specified dimension of the kernel approximation (100) exceeds the number of data points (90) to segment; using all data points to calculate kernel matrix.
00:32:43.490 INFO  KernelSegmenter - Found 0 changepoints after applying the changepoint penalty.
00:32:43.534 INFO  KernelSegmenter - Found 1 changepoints after applying the changepoint penalty.
00:32:43.538 WARN  KernelSegmenter - Specified dimension of the kernel approximation (100) exceeds the number of data points (89) to segment; using all data points to calculate kernel matrix.
00:32:43.560 INFO  KernelSegmenter - Found 0 changepoints after applying the changepoint penalty.
00:32:43.595 INFO  KernelSegmenter - Found 0 changepoints after applying the changepoint penalty.
00:32:43.622 INFO  KernelSegmenter - Found 0 changepoints after applying the changepoint penalty.
00:32:43.669 INFO  KernelSegmenter - Found 1 changepoints after applying the changepoint penalty.
00:32:43.678 WARN  KernelSegmenter - Specified dimension of the kernel approximation (100) exceeds the number of data points (21) to segment; using all data points to calculate kernel matrix.
00:32:43.679 WARN  KernelSegmenter - Number of points needed to calculate local changepoint costs (2 * window size = 100) exceeds number of data points (21).  Local changepoint costs will not be calculated for this window size.
00:32:43.679 WARN  KernelSegmenter - No changepoint candidates were found.  The specified window sizes may be inappropriate, or there may be insufficient data points.
00:32:43.679 INFO  KernelSegmenter - Found 0 changepoints after applying the changepoint penalty.
00:32:43.697 INFO  KernelSegmenter - Found 0 changepoints after applying the changepoint penalty.
00:32:43.757 INFO  KernelSegmenter - Found 1 changepoints after applying the changepoint penalty.
00:32:43.785 INFO  KernelSegmenter - Found 0 changepoints after applying the changepoint penalty.
00:32:43.823 INFO  KernelSegmenter - Found 0 changepoints after applying the changepoint penalty.
00:32:43.827 WARN  KernelSegmenter - Specified dimension of the kernel approximation (100) exceeds the number of data points (96) to segment; using all data points to calculate kernel matrix.
00:32:43.849 INFO  KernelSegmenter - Found 0 changepoints after applying the changepoint penalty.
00:32:43.850 WARN  KernelSegmenter - Specified dimension of the kernel approximation (100) exceeds the number of data points (27) to segment; using all data points to calculate kernel matrix.
00:32:43.852 WARN  KernelSegmenter - Number of points needed to calculate local changepoint costs (2 * window size = 100) exceeds number of data points (27).  Local changepoint costs will not be calculated for this window size.
00:32:43.852 WARN  KernelSegmenter - No changepoint candidates were found.  The specified window sizes may be inappropriate, or there may be insufficient data points.
00:32:43.852 INFO  KernelSegmenter - Found 0 changepoints after applying the changepoint penalty.
00:32:43.886 INFO  KernelSegmenter - Found 0 changepoints after applying the changepoint penalty.
00:32:43.920 INFO  KernelSegmenter - Found 0 changepoints after applying the changepoint penalty.
00:32:43.922 WARN  KernelSegmenter - Specified dimension of the kernel approximation (100) exceeds the number of data points (1) to segment; using all data points to calculate kernel matrix.
00:32:43.922 WARN  KernelSegmenter - Number of points needed to calculate local changepoint costs (2 * window size = 100) exceeds number of data points (1).  Local changepoint costs will not be calculated for this window size.
00:32:43.922 WARN  KernelSegmenter - No changepoint candidates were found.  The specified window sizes may be inappropriate, or there may be insufficient data points.
00:32:43.922 INFO  KernelSegmenter - Found 0 changepoints after applying the changepoint penalty.
00:32:43.952 INFO  KernelSegmenter - Found 0 changepoints after applying the changepoint penalty.
00:32:44.020 INFO  KernelSegmenter - Found 0 changepoints after applying the changepoint penalty.
00:32:56.881 INFO  CalculateContamination - Shutting down engine
[March 13, 2021 12:32:56 AM EST] org.broadinstitute.hellbender.tools.walkers.contamination.CalculateContamination done. Elapsed time: 0.25 minutes.
Runtime.totalMemory()=2638217216
Tool returned:
SUCCESS
Using GATK jar /usr/local/apps/GATK/4.1.4.1/gatk-package-4.1.4.1-local.jar
Running:
    java -Dsamjdk.use_async_io_read_samtools=false -Dsamjdk.use_async_io_write_samtools=true -Dsamjdk.use_async_io_write_tribble=false -Dsamjdk.compression_level=2 -jar /usr/local/apps/GATK/4.1.4.1/gatk-package-4.1.4.1-local.jar CalculateContamination -I /spin1/scratch/tandonm/pipeline_out/tn_test_1/somatic/SNP_Indels/mutect2_out/pileup_summaries/Sample10_ARK1_S37.test_normal.pileup.table -O /spin1/scratch/tandonm/pipeline_out/tn_test_1/somatic/qc/gatk_contamination/Sample10_ARK1_S37.test.normal.contamination.table
[Sat Mar 13 00:32:56 2021]
Finished job 0.
1 of 1 steps (100%) done
{'Sample10_ARK1_S37.test': '--variant:strelka /spin1/scratch/tandonm/pipeline_out/tn_test_1/somatic/SNP_Indels/strelka_out/vcf/Sample10_ARK1_S37.test.FINAL.vcf --variant:mutect2 /spin1/scratch/tandonm/pipeline_out/tn_test_1/somatic/SNP_Indels/mutect2_out/vcf/Sample10_ARK1_S37.test.FINAL.vcf --variant:mutect /spin1/scratch/tandonm/pipeline_out/tn_test_1/somatic/SNP_Indels/mutect_out/vcf/Sample10_ARK1_S37.test.FINAL.vcf --variant:varscan /spin1/scratch/tandonm/pipeline_out/tn_test_1/somatic/SNP_Indels/varscan_out/vcf/Sample10_ARK1_S37.test.FINAL.vcf --variant:vardict /spin1/scratch/tandonm/pipeline_out/tn_test_1/somatic/SNP_Indels/vardict_out/vcf/Sample10_ARK1_S37.test.FINAL.vcf', 'Sample11_ACI_158_S38.test': '--variant:strelka /spin1/scratch/tandonm/pipeline_out/tn_test_1/somatic/SNP_Indels/strelka_out/vcf/Sample11_ACI_158_S38.test.FINAL.vcf --variant:mutect2 /spin1/scratch/tandonm/pipeline_out/tn_test_1/somatic/SNP_Indels/mutect2_out/vcf/Sample11_ACI_158_S38.test.FINAL.vcf --variant:mutect /spin1/scratch/tandonm/pipeline_out/tn_test_1/somatic/SNP_Indels/mutect_out/vcf/Sample11_ACI_158_S38.test.FINAL.vcf --variant:varscan /spin1/scratch/tandonm/pipeline_out/tn_test_1/somatic/SNP_Indels/varscan_out/vcf/Sample11_ACI_158_S38.test.FINAL.vcf --variant:vardict /spin1/scratch/tandonm/pipeline_out/tn_test_1/somatic/SNP_Indels/vardict_out/vcf/Sample11_ACI_158_S38.test.FINAL.vcf'}
