Building DAG of jobs...
Using shell: /usr/bin/bash
Provided cores: 4
Rules claiming more threads will be scaled down.
Job counts:
	count	jobs
	1	pileup_normal
	1

[Sat Mar 13 00:18:45 2021]
rule pileup_normal:
    input: /spin1/scratch/tandonm/pipeline_out/tn_test_1/bams/Sample4_CRL1622_S31.test.recal.bam
    output: /spin1/scratch/tandonm/pipeline_out/tn_test_1/somatic/SNP_Indels/mutect2_out/pileup_summaries/Sample10_ARK1_S37.test_normal.pileup.table
    jobid: 0
    wildcards: samples=Sample10_ARK1_S37.test

[+] Loading gcc  9.2.0  ... 
[+] Loading GSL 2.6 for GCC 9.2.0 ... 
[-] Unloading gcc  9.2.0  ... 
[+] Loading gcc  9.2.0  ... 
[+] Loading openmpi 3.1.4  for GCC 9.2.0 
[+] Loading ImageMagick  7.0.8  on cn2400 
[+] Loading HDF5  1.10.4 
[-] Unloading gcc  9.2.0  ... 
[+] Loading gcc  9.2.0  ... 
[+] Loading NetCDF 4.7.4_gcc9.2.0 
[+] Loading pandoc  2.11.4  on cn2400 
[+] Loading R 3.6.3 
[+] Loading GATK  4.1.4.1 

GATK/4 includes its own python environment. Loading a different python
environment
after the GATK module will result in some tools failing. Conversely, the python
environment included with GATK/4 will override any python modules you may
already
have loaded.


00:18:50.200 INFO  NativeLibraryLoader - Loading libgkl_compression.so from jar:file:/usr/local/apps/GATK/4.1.4.1/gatk-package-4.1.4.1-local.jar!/com/intel/gkl/native/libgkl_compression.so
Mar 13, 2021 12:18:50 AM shaded.cloud_nio.com.google.auth.oauth2.ComputeEngineCredentials runningOnComputeEngine
INFO: Failed to detect whether we are running on Google Compute Engine.
00:18:50.420 INFO  GetPileupSummaries - ------------------------------------------------------------
00:18:50.421 INFO  GetPileupSummaries - The Genome Analysis Toolkit (GATK) v4.1.4.1
00:18:50.421 INFO  GetPileupSummaries - For support and documentation go to https://software.broadinstitute.org/gatk/
00:18:50.421 INFO  GetPileupSummaries - Executing as tandonm@cn2400 on Linux v3.10.0-862.14.4.el7.x86_64 amd64
00:18:50.421 INFO  GetPileupSummaries - Java runtime: OpenJDK 64-Bit Server VM v1.8.0_181-b13
00:18:50.421 INFO  GetPileupSummaries - Start Date/Time: March 13, 2021 12:18:50 AM EST
00:18:50.421 INFO  GetPileupSummaries - ------------------------------------------------------------
00:18:50.421 INFO  GetPileupSummaries - ------------------------------------------------------------
00:18:50.422 INFO  GetPileupSummaries - HTSJDK Version: 2.21.0
00:18:50.422 INFO  GetPileupSummaries - Picard Version: 2.21.2
00:18:50.422 INFO  GetPileupSummaries - HTSJDK Defaults.COMPRESSION_LEVEL : 2
00:18:50.422 INFO  GetPileupSummaries - HTSJDK Defaults.USE_ASYNC_IO_READ_FOR_SAMTOOLS : false
00:18:50.422 INFO  GetPileupSummaries - HTSJDK Defaults.USE_ASYNC_IO_WRITE_FOR_SAMTOOLS : true
00:18:50.422 INFO  GetPileupSummaries - HTSJDK Defaults.USE_ASYNC_IO_WRITE_FOR_TRIBBLE : false
00:18:50.422 INFO  GetPileupSummaries - Deflater: IntelDeflater
00:18:50.422 INFO  GetPileupSummaries - Inflater: IntelInflater
00:18:50.422 INFO  GetPileupSummaries - GCS max retries/reopens: 20
00:18:50.422 INFO  GetPileupSummaries - Requester pays: disabled
00:18:50.422 INFO  GetPileupSummaries - Initializing engine
WARNING	2021-03-13 00:18:50	SamFiles	The index file /gpfs/gsfs7/users/tandonm/pl_test_data/human/bams/Sample4_CRL1622_S31.test.recal.bai was found by resolving the canonical path of a symlink: /spin1/scratch/tandonm/pipeline_out/tn_test_1/bams/Sample4_CRL1622_S31.test.recal.bam -> /gpfs/gsfs7/users/tandonm/pl_test_data/human/bams/Sample4_CRL1622_S31.test.recal.bam
WARNING: BAM index file /gpfs/gsfs7/users/tandonm/pl_test_data/human/bams/Sample4_CRL1622_S31.test.recal.bai is older than BAM /spin1/scratch/tandonm/pipeline_out/tn_test_1/bams/Sample4_CRL1622_S31.test.recal.bam
00:18:50.905 INFO  FeatureManager - Using codec VCFCodec to read file file:///fdb/GATK_resource_bundle/hg38bundle/1000G_phase1.snps.high_confidence.hg38.vcf.gz
00:18:51.145 INFO  FeatureManager - Using codec VCFCodec to read file file:///fdb/GATK_resource_bundle/hg38bundle/1000G_phase1.snps.high_confidence.hg38.vcf.gz
00:22:22.649 INFO  IntervalArgumentCollection - Processing 28565336 bp from intervals
00:22:23.495 INFO  GetPileupSummaries - Done initializing engine
00:22:23.496 INFO  ProgressMeter - Starting traversal
00:22:23.496 INFO  ProgressMeter -        Current Locus  Elapsed Minutes        Loci Processed      Loci/Minute
00:23:56.388 INFO  ProgressMeter -         chr1:1314612              1.5                  1000            645.9
00:24:06.484 INFO  ProgressMeter -        chr1:27366104              1.7                 34000          19808.1
00:24:16.577 INFO  ProgressMeter -        chr1:75510909              1.9                 76000          40325.1
00:24:26.638 INFO  ProgressMeter -       chr1:154093170              2.1                113000          55058.4
00:24:36.651 INFO  ProgressMeter -       chr1:195639013              2.2                151000          68041.0
00:24:46.836 INFO  ProgressMeter -       chr1:236927580              2.4                193000          80787.5
00:24:57.044 INFO  ProgressMeter -        chr2:43694668              2.6                236000          92218.7
00:25:07.052 INFO  ProgressMeter -       chr2:113931415              2.7                281000         103084.0
00:25:17.059 INFO  ProgressMeter -       chr2:179445877              2.9                320000         110622.7
00:25:27.177 INFO  ProgressMeter -       chr2:241694844              3.1                366000         119555.1
00:25:37.362 INFO  ProgressMeter -        chr3:57628512              3.2                404000         125034.8
00:25:47.442 INFO  ProgressMeter -       chr3:133351560              3.4                446000         131211.8
00:25:57.620 INFO  ProgressMeter -       chr3:190164104              3.6                486000         136183.4
00:26:07.702 INFO  ProgressMeter -        chr4:56979131              3.7                533000         142636.7
00:26:17.900 INFO  ProgressMeter -       chr4:168966498              3.9                579000         148206.3
00:26:27.924 INFO  ProgressMeter -        chr5:79055479              4.1                622000         152683.0
00:26:38.032 INFO  ProgressMeter -       chr5:157102636              4.2                662000         156048.7
00:26:48.201 INFO  ProgressMeter -        chr6:34864307              4.4                703000         159347.2
00:26:58.215 INFO  ProgressMeter -       chr6:111262327              4.6                745000         162711.7
00:27:08.309 INFO  ProgressMeter -         chr7:3913050              4.7                788000         166004.2
00:27:18.353 INFO  ProgressMeter -        chr7:75913915              4.9                836000         170116.4
00:27:28.542 INFO  ProgressMeter -       chr7:133658889              5.1                878000         172695.3
00:27:38.629 INFO  ProgressMeter -        chr8:18070100              5.3                917000         174593.5
00:27:48.916 INFO  ProgressMeter -        chr8:85245872              5.4                958000         176633.3
00:27:58.980 INFO  ProgressMeter -       chr8:142714027              5.6                996000         178130.7
00:28:08.987 INFO  ProgressMeter -        chr9:37502712              5.8               1034000         179571.0
00:28:19.121 INFO  ProgressMeter -       chr9:132908526              5.9               1081000         182383.1
00:28:29.317 INFO  ProgressMeter -       chr10:37948544              6.1               1128000         185008.5
00:28:39.535 INFO  ProgressMeter -       chr10:80058963              6.3               1165000         185885.0
00:28:49.603 INFO  ProgressMeter -       chr11:14867662              6.4               1213000         188497.0
00:28:59.678 INFO  ProgressMeter -       chr11:68049478              6.6               1248000         189004.0
00:29:09.827 INFO  ProgressMeter -        chr12:3442697              6.8               1295000         191223.4
00:29:19.855 INFO  ProgressMeter -       chr12:52592348              6.9               1335000         192382.5
00:29:30.012 INFO  ProgressMeter -      chr12:117196817              7.1               1381000         194271.7
00:29:40.035 INFO  ProgressMeter -       chr13:85342154              7.3               1424000         195721.3
00:29:50.219 INFO  ProgressMeter -       chr14:59854328              7.4               1466000         196900.5
00:30:00.282 INFO  ProgressMeter -      chr14:105391581              7.6               1504000         197554.2
00:30:10.316 INFO  ProgressMeter -       chr15:85127111              7.8               1548000         198963.2
00:30:20.477 INFO  ProgressMeter -       chr16:23551981              7.9               1589000         199882.2
00:30:30.629 INFO  ProgressMeter -       chr16:86100224              8.1               1636000         201505.5
00:30:40.651 INFO  ProgressMeter -       chr17:40220329              8.3               1683000         203115.7
00:30:50.651 INFO  ProgressMeter -       chr17:77078783              8.5               1723000         203843.0
00:31:00.945 INFO  ProgressMeter -       chr18:73325073              8.6               1769000         205121.7
00:31:11.025 INFO  ProgressMeter -       chr19:20053482              8.8               1809000         205752.1
00:31:21.260 INFO  ProgressMeter -       chr19:53005259              9.0               1855000         206968.1
00:31:31.285 INFO  ProgressMeter -       chr20:46016288              9.1               1896000         207671.2
00:31:41.432 INFO  ProgressMeter -       chr22:26026326              9.3               1944000         209056.2
00:31:51.462 INFO  ProgressMeter -        chrX:53983763              9.5               1988000         210012.6
00:31:56.237 INFO  GetPileupSummaries - 633930 read(s) filtered by: (((((((((MappingQualityAvailableReadFilter AND MappingQualityNotZeroReadFilter) AND MappedReadFilter) AND PrimaryLineReadFilter) AND NotDuplicateReadFilter) AND PassesVendorQualityCheckReadFilter) AND NonZeroReferenceLengthAlignmentReadFilter) AND MateOnSameContigOrNoMappedMateReadFilter) AND GoodCigarReadFilter) AND WellformedReadFilter)
  633930 read(s) filtered by: ((((((((MappingQualityAvailableReadFilter AND MappingQualityNotZeroReadFilter) AND MappedReadFilter) AND PrimaryLineReadFilter) AND NotDuplicateReadFilter) AND PassesVendorQualityCheckReadFilter) AND NonZeroReferenceLengthAlignmentReadFilter) AND MateOnSameContigOrNoMappedMateReadFilter) AND GoodCigarReadFilter)
      633930 read(s) filtered by: (((((((MappingQualityAvailableReadFilter AND MappingQualityNotZeroReadFilter) AND MappedReadFilter) AND PrimaryLineReadFilter) AND NotDuplicateReadFilter) AND PassesVendorQualityCheckReadFilter) AND NonZeroReferenceLengthAlignmentReadFilter) AND MateOnSameContigOrNoMappedMateReadFilter)
          618070 read(s) filtered by: ((((((MappingQualityAvailableReadFilter AND MappingQualityNotZeroReadFilter) AND MappedReadFilter) AND PrimaryLineReadFilter) AND NotDuplicateReadFilter) AND PassesVendorQualityCheckReadFilter) AND NonZeroReferenceLengthAlignmentReadFilter)
              618070 read(s) filtered by: (((((MappingQualityAvailableReadFilter AND MappingQualityNotZeroReadFilter) AND MappedReadFilter) AND PrimaryLineReadFilter) AND NotDuplicateReadFilter) AND PassesVendorQualityCheckReadFilter)
                  618070 read(s) filtered by: ((((MappingQualityAvailableReadFilter AND MappingQualityNotZeroReadFilter) AND MappedReadFilter) AND PrimaryLineReadFilter) AND NotDuplicateReadFilter)
                      148395 read(s) filtered by: (((MappingQualityAvailableReadFilter AND MappingQualityNotZeroReadFilter) AND MappedReadFilter) AND PrimaryLineReadFilter)
                          145418 read(s) filtered by: ((MappingQualityAvailableReadFilter AND MappingQualityNotZeroReadFilter) AND MappedReadFilter)
                              145418 read(s) filtered by: (MappingQualityAvailableReadFilter AND MappingQualityNotZeroReadFilter)
                                  145418 read(s) filtered by: MappingQualityNotZeroReadFilter 
                          2977 read(s) filtered by: PrimaryLineReadFilter 
                      469675 read(s) filtered by: NotDuplicateReadFilter 
          15860 read(s) filtered by: MateOnSameContigOrNoMappedMateReadFilter 

00:31:56.237 INFO  ProgressMeter -       chrX:153905631              9.5               2007997         210356.5
00:31:56.237 INFO  ProgressMeter - Traversal complete. Processed 2007997 total loci in 9.5 minutes.
00:31:57.082 INFO  GetPileupSummaries - Shutting down engine
[March 13, 2021 12:31:57 AM EST] org.broadinstitute.hellbender.tools.walkers.contamination.GetPileupSummaries done. Elapsed time: 13.12 minutes.
Runtime.totalMemory()=25601507328
Tool returned:
SUCCESS
Using GATK jar /usr/local/apps/GATK/4.1.4.1/gatk-package-4.1.4.1-local.jar
Running:
    java -Dsamjdk.use_async_io_read_samtools=false -Dsamjdk.use_async_io_write_samtools=true -Dsamjdk.use_async_io_write_tribble=false -Dsamjdk.compression_level=2 -Xmx48g -jar /usr/local/apps/GATK/4.1.4.1/gatk-package-4.1.4.1-local.jar GetPileupSummaries -I /spin1/scratch/tandonm/pipeline_out/tn_test_1/bams/Sample4_CRL1622_S31.test.recal.bam -V /fdb/GATK_resource_bundle/hg38bundle/1000G_phase1.snps.high_confidence.hg38.vcf.gz -L /fdb/GATK_resource_bundle/hg38bundle/1000G_phase1.snps.high_confidence.hg38.vcf.gz -O /spin1/scratch/tandonm/pipeline_out/tn_test_1/somatic/SNP_Indels/mutect2_out/pileup_summaries/Sample10_ARK1_S37.test_normal.pileup.table
[Sat Mar 13 00:31:59 2021]
Finished job 0.
1 of 1 steps (100%) done
{'Sample10_ARK1_S37.test': '--variant:mutect /spin1/scratch/tandonm/pipeline_out/tn_test_1/somatic/SNP_Indels/mutect_out/vcf/Sample10_ARK1_S37.test.FINAL.vcf --variant:mutect2 /spin1/scratch/tandonm/pipeline_out/tn_test_1/somatic/SNP_Indels/mutect2_out/vcf/Sample10_ARK1_S37.test.FINAL.vcf --variant:varscan /spin1/scratch/tandonm/pipeline_out/tn_test_1/somatic/SNP_Indels/varscan_out/vcf/Sample10_ARK1_S37.test.FINAL.vcf --variant:strelka /spin1/scratch/tandonm/pipeline_out/tn_test_1/somatic/SNP_Indels/strelka_out/vcf/Sample10_ARK1_S37.test.FINAL.vcf --variant:vardict /spin1/scratch/tandonm/pipeline_out/tn_test_1/somatic/SNP_Indels/vardict_out/vcf/Sample10_ARK1_S37.test.FINAL.vcf', 'Sample11_ACI_158_S38.test': '--variant:mutect /spin1/scratch/tandonm/pipeline_out/tn_test_1/somatic/SNP_Indels/mutect_out/vcf/Sample11_ACI_158_S38.test.FINAL.vcf --variant:mutect2 /spin1/scratch/tandonm/pipeline_out/tn_test_1/somatic/SNP_Indels/mutect2_out/vcf/Sample11_ACI_158_S38.test.FINAL.vcf --variant:varscan /spin1/scratch/tandonm/pipeline_out/tn_test_1/somatic/SNP_Indels/varscan_out/vcf/Sample11_ACI_158_S38.test.FINAL.vcf --variant:strelka /spin1/scratch/tandonm/pipeline_out/tn_test_1/somatic/SNP_Indels/strelka_out/vcf/Sample11_ACI_158_S38.test.FINAL.vcf --variant:vardict /spin1/scratch/tandonm/pipeline_out/tn_test_1/somatic/SNP_Indels/vardict_out/vcf/Sample11_ACI_158_S38.test.FINAL.vcf'}
