Building DAG of jobs...
Using shell: /usr/bin/bash
Provided cores: 4
Rules claiming more threads will be scaled down.
Job counts:
	count	jobs
	1	mutect
	1

[Sat Mar 13 00:24:55 2021]
rule mutect:
    input: /spin1/scratch/tandonm/pipeline_out/tn_test_1/bams/chrom_split/Sample4_CRL1622_S31.test.chr17.split.bam, /spin1/scratch/tandonm/pipeline_out/tn_test_1/bams/chrom_split/Sample10_ARK1_S37.test.chr17.split.bam
    output: /spin1/scratch/tandonm/pipeline_out/tn_test_1/somatic/SNP_Indels/mutect_out/chrom_split/Sample10_ARK1_S37.test.chr17.vcf, /spin1/scratch/tandonm/pipeline_out/tn_test_1/somatic/SNP_Indels/mutect_out/chrom_split/Sample10_ARK1_S37.test.chr17.stats.out
    jobid: 0
    wildcards: samples=Sample10_ARK1_S37.test, chroms=chr17


  +--------------------------------------------------------------------------+
           muTect functionality has been merged with GATK since 2015.
                   Please consider using GATK instead.

                     For more information please see:

             https://software.broadinstitute.org/gatk/blog?id=6495
  +--------------------------------------------------------------------------+

[+] Loading java 1.7.0_80  ... 
[+] Loading mutect / 1.1.7  ... 
mem = 2g
tmpdir = /lscratch/10304367/muTect
INFO  00:24:59,793 HelpFormatter - -------------------------------------------------------------------------------- 
INFO  00:24:59,796 HelpFormatter - The Genome Analysis Toolkit (GATK) v3.1-0-g72492bb, Compiled 2014/12/15 20:09:26 
INFO  00:24:59,796 HelpFormatter - Copyright (c) 2010 The Broad Institute 
INFO  00:24:59,796 HelpFormatter - For support and documentation go to http://www.broadinstitute.org/gatk 
INFO  00:24:59,800 HelpFormatter - Program Args: --analysis_type MuTect --reference_sequence /data/tandonm/pl_test_data/human/genome/hg38/Homo_sapiens_assembly38.fasta --normal_panel /data/CCBR_Pipeliner/db/PipeDB/lib/hg38.noCOSMIC_ClinVar.pon.vcf.gz --vcf /spin1/scratch/tandonm/pipeline_out/tn_test_1/somatic/SNP_Indels/mutect_out/chrom_split/Sample10_ARK1_S37.test.chr17.vcf --cosmic /data/CCBR_Pipeliner/db/PipeDB/lib/COSMIC_82_hg38.vcf.gz --dbsnp /fdb/GATK_resource_bundle/hg38bundle/dbsnp_138.hg38.vcf.gz --disable_auto_index_creation_and_locking_when_reading_rods --input_file:normal /spin1/scratch/tandonm/pipeline_out/tn_test_1/bams/chrom_split/Sample4_CRL1622_S31.test.chr17.split.bam --input_file:tumor /spin1/scratch/tandonm/pipeline_out/tn_test_1/bams/chrom_split/Sample10_ARK1_S37.test.chr17.split.bam --out /spin1/scratch/tandonm/pipeline_out/tn_test_1/somatic/SNP_Indels/mutect_out/chrom_split/Sample10_ARK1_S37.test.chr17.stats.out -rf BadCigar 
INFO  00:24:59,804 HelpFormatter - Executing as tandonm@cn4475 on Linux 3.10.0-862.14.4.el7.x86_64 amd64; Java HotSpot(TM) 64-Bit Server VM 1.7.0_80-b15. 
INFO  00:24:59,804 HelpFormatter - Date/Time: 2021/03/13 00:24:59 
INFO  00:24:59,804 HelpFormatter - -------------------------------------------------------------------------------- 
INFO  00:24:59,805 HelpFormatter - -------------------------------------------------------------------------------- 
INFO  00:25:00,374 GenomeAnalysisEngine - Strictness is SILENT 
INFO  00:25:00,801 GenomeAnalysisEngine - Downsampling Settings: Method: BY_SAMPLE, Target Coverage: 1000 
INFO  00:25:00,811 SAMDataSource$SAMReaders - Initializing SAMRecords in serial 
INFO  00:25:00,956 SAMDataSource$SAMReaders - Done initializing BAM readers: total time 0.14 
WARN  00:25:01,867 IndexDictionaryUtils - Track dbsnp doesn't have a sequence dictionary built in, skipping dictionary validation 
WARN  00:25:01,868 IndexDictionaryUtils - Track cosmic doesn't have a sequence dictionary built in, skipping dictionary validation 
WARN  00:25:01,868 IndexDictionaryUtils - Track normal_panel doesn't have a sequence dictionary built in, skipping dictionary validation 
INFO  00:25:01,956 GenomeAnalysisEngine - Preparing for traversal over 2 BAM files 
INFO  00:25:02,075 GenomeAnalysisEngine - Done preparing for traversal 
INFO  00:25:02,075 ProgressMeter - [INITIALIZATION COMPLETE; STARTING PROCESSING] 
INFO  00:25:02,075 ProgressMeter -        Location processed.sites  runtime per.1M.sites completed total.runtime remaining 
INFO  00:25:02,077 MuTect - VERSION INFO: MuTect:1.1.6-4-g69b7a37 Gatk:3.1-0-g72492bb 
INFO  00:25:32,079 ProgressMeter -   chr1:37076101        0.00e+00   30.0 s       49.6 w      1.2%        43.4 m    42.9 m 
INFO  00:26:02,081 ProgressMeter -   chr1:83289701        0.00e+00   60.0 s       99.2 w      2.6%        38.6 m    37.6 m 
INFO  00:26:32,082 ProgressMeter -  chr1:133862201        0.00e+00   90.0 s      148.8 w      4.2%        36.1 m    34.6 m 
INFO  00:27:02,084 ProgressMeter -  chr1:183627201        0.00e+00  120.0 s      198.4 w      5.7%        35.0 m    33.0 m 
INFO  00:27:32,121 ProgressMeter -  chr1:230217801        0.00e+00    2.5 m      248.1 w      7.2%        34.9 m    32.4 m 
INFO  00:28:02,122 ProgressMeter -   chr2:23377101        2.49e+08    3.0 m        0.0 s      8.5%        35.4 m    32.4 m 
INFO  00:28:32,173 ProgressMeter -   chr2:68673301        2.49e+08    3.5 m        0.0 s      9.9%        35.5 m    32.0 m 
INFO  00:29:02,175 ProgressMeter -  chr2:116813901        2.49e+08    4.0 m        0.0 s     11.4%        35.2 m    31.2 m 
INFO  00:29:32,182 ProgressMeter -  chr2:163075501        2.49e+08    4.5 m        1.0 s     12.8%        35.1 m    30.6 m 
INFO  00:30:02,184 ProgressMeter -  chr2:209388001        2.49e+08    5.0 m        1.0 s     14.2%        35.1 m    30.1 m 
INFO  00:30:32,185 ProgressMeter -    chr3:9474501        4.91e+08    5.5 m        0.0 s     15.6%        35.3 m    29.8 m 
INFO  00:31:02,224 ProgressMeter -   chr3:53704601        4.91e+08    6.0 m        0.0 s     16.9%        35.4 m    29.4 m 
INFO  00:31:32,226 ProgressMeter -   chr3:99084101        4.91e+08    6.5 m        0.0 s     18.3%        35.4 m    28.9 m 
INFO  00:32:02,260 ProgressMeter -  chr3:143692101        4.91e+08    7.0 m        0.0 s     19.7%        35.5 m    28.5 m 
INFO  00:32:32,262 ProgressMeter -  chr3:188548501        4.91e+08    7.5 m        0.0 s     21.1%        35.5 m    28.0 m 
INFO  00:33:02,263 ProgressMeter -   chr4:29618401        6.89e+08    8.0 m        0.0 s     22.3%        35.8 m    27.8 m 
INFO  00:33:32,265 ProgressMeter -   chr4:73919201        6.89e+08    8.5 m        0.0 s     23.7%        35.8 m    27.3 m 
INFO  00:34:02,368 ProgressMeter -  chr4:118474801        6.89e+08    9.0 m        0.0 s     25.1%        35.8 m    26.8 m 
INFO  00:34:32,458 ProgressMeter -  chr4:162736701        6.89e+08    9.5 m        0.0 s     26.5%        35.9 m    26.4 m 
INFO  00:35:02,503 ProgressMeter -   chr5:12315501        8.80e+08   10.0 m        0.0 s     27.7%        36.1 m    26.1 m 
INFO  00:35:32,622 ProgressMeter -   chr5:56218801        8.80e+08   10.5 m        0.0 s     29.1%        36.1 m    25.6 m 
INFO  00:36:02,659 ProgressMeter -  chr5:101318001        8.80e+08   11.0 m        0.0 s     30.5%        36.1 m    25.1 m 
INFO  00:36:32,720 ProgressMeter -  chr5:144533601        8.80e+08   11.5 m        0.0 s     31.8%        36.1 m    24.6 m 
INFO  00:37:02,721 ProgressMeter -    chr6:2593701        1.06e+09   12.0 m        0.0 s     33.1%        36.3 m    24.3 m 
INFO  00:37:32,723 ProgressMeter -   chr6:45629901        1.06e+09   12.5 m        0.0 s     34.4%        36.3 m    23.8 m 
INFO  00:38:02,726 ProgressMeter -   chr6:91979201        1.06e+09   13.0 m        0.0 s     35.8%        36.3 m    23.3 m 
INFO  00:38:32,727 ProgressMeter -  chr6:139190401        1.06e+09   13.5 m        0.0 s     37.3%        36.2 m    22.7 m 
INFO  00:39:02,756 ProgressMeter -   chr7:10736101        1.23e+09   14.0 m        0.0 s     38.6%        36.2 m    22.2 m 
INFO  00:39:32,757 ProgressMeter -   chr7:55302601        1.23e+09   14.5 m        0.0 s     40.0%        36.2 m    21.7 m 
INFO  00:40:02,775 ProgressMeter -  chr7:100953501        1.23e+09   15.0 m        0.0 s     41.4%        36.2 m    21.2 m 
INFO  00:40:32,778 ProgressMeter -  chr7:146658301        1.23e+09   15.5 m        0.0 s     42.9%        36.2 m    20.7 m 
INFO  00:41:03,583 ProgressMeter -   chr8:27516401        1.39e+09   16.0 m        0.0 s     44.1%        36.3 m    20.3 m 
INFO  00:41:33,585 ProgressMeter -   chr8:73901501        1.39e+09   16.5 m        0.0 s     45.5%        36.3 m    19.8 m 
INFO  00:42:03,586 ProgressMeter -  chr8:119811101        1.39e+09   17.0 m        0.0 s     47.0%        36.2 m    19.2 m 
INFO  00:42:33,588 ProgressMeter -   chr9:17284001        1.54e+09   17.5 m        0.0 s     48.3%        36.3 m    18.8 m 
INFO  00:43:03,590 ProgressMeter -   chr9:68583301        1.54e+09   18.0 m        0.0 s     49.9%        36.1 m    18.1 m 
INFO  00:43:33,662 ProgressMeter -  chr9:113997301        1.54e+09   18.5 m        0.0 s     51.3%        36.1 m    17.6 m 
INFO  00:44:03,664 ProgressMeter -  chr10:16368001        1.67e+09   19.0 m        0.0 s     52.6%        36.2 m    17.2 m 
INFO  00:44:33,666 ProgressMeter -  chr10:61298601        1.67e+09   19.5 m        0.0 s     54.0%        36.2 m    16.6 m 
INFO  00:45:03,703 ProgressMeter - chr10:105855601        1.67e+09   20.0 m        0.0 s     55.3%        36.2 m    16.1 m 
INFO  00:45:33,705 ProgressMeter -  chr11:12864501        1.81e+09   20.5 m        0.0 s     56.6%        36.2 m    15.7 m 
INFO  00:46:03,706 ProgressMeter -  chr11:57474001        1.81e+09   21.0 m        0.0 s     58.0%        36.2 m    15.2 m 
INFO  00:46:33,774 ProgressMeter - chr11:100967901        1.81e+09   21.5 m        0.0 s     59.4%        36.3 m    14.7 m 
INFO  00:47:03,775 ProgressMeter -   chr12:6411201        1.94e+09   22.0 m        0.0 s     60.6%        36.3 m    14.3 m 
INFO  00:47:33,878 ProgressMeter -  chr12:49828201        1.94e+09   22.5 m        0.0 s     62.0%        36.3 m    13.8 m 
INFO  00:48:03,906 ProgressMeter -  chr12:93825801        1.94e+09   23.0 m        0.0 s     63.3%        36.3 m    13.3 m 
INFO  00:48:33,907 ProgressMeter -   chr13:2045301        2.08e+09   23.5 m        0.0 s     64.6%        36.4 m    12.9 m 
INFO  00:49:03,908 ProgressMeter -  chr13:49004701        2.08e+09   24.0 m        0.0 s     66.1%        36.3 m    12.3 m 
INFO  00:49:33,919 ProgressMeter -  chr13:92718901        2.08e+09   24.5 m        0.0 s     67.4%        36.4 m    11.8 m 
INFO  00:50:04,088 ProgressMeter -  chr14:21093001        2.19e+09   25.0 m        0.0 s     68.8%        36.4 m    11.4 m 
INFO  00:50:34,089 ProgressMeter -  chr14:66110701        2.19e+09   25.5 m        0.0 s     70.2%        36.4 m    10.9 m 
INFO  00:51:04,104 ProgressMeter -   chr15:3022101        2.30e+09   26.0 m        0.0 s     71.5%        36.4 m    10.4 m 
INFO  00:51:34,105 ProgressMeter -  chr15:53141301        2.30e+09   26.5 m        0.0 s     73.1%        36.3 m     9.8 m 
INFO  00:52:04,107 ProgressMeter -  chr15:97229201        2.30e+09   27.0 m        0.0 s     74.5%        36.3 m     9.3 m 
INFO  00:52:34,109 ProgressMeter -  chr16:37773701        2.40e+09   27.5 m        0.0 s     75.8%        36.3 m     8.8 m 
INFO  00:53:04,111 ProgressMeter -  chr16:84341401        2.40e+09   28.0 m        0.0 s     77.2%        36.3 m     8.3 m 
INFO  00:53:13,276 MuTect - [MUTECT] Processed 1000056 reads in 1691060 ms 
INFO  00:53:15,738 MuTect - [MUTECT] Processed 2000056 reads in 2462 ms 
INFO  00:53:16,891 MuTect - [MUTECT] Inspected 1000 potential candidates 
INFO  00:53:17,043 MuTect - [MUTECT] Processed 3000078 reads in 1305 ms 
INFO  00:53:18,093 MuTect - [MUTECT] Processed 4000078 reads in 1050 ms 
INFO  00:53:19,028 MuTect - [MUTECT] Processed 5000116 reads in 935 ms 
INFO  00:53:20,212 MuTect - [MUTECT] Processed 6000125 reads in 1184 ms 
INFO  00:53:21,061 MuTect - [MUTECT] Inspected 2000 potential candidates 
INFO  00:53:21,127 MuTect - [MUTECT] Processed 7000188 reads in 915 ms 
INFO  00:53:22,256 MuTect - [MUTECT] Processed 8000231 reads in 1129 ms 
INFO  00:53:23,568 MuTect - [MUTECT] Processed 9000243 reads in 1312 ms 
INFO  00:53:23,963 MuTect - [MUTECT] Inspected 3000 potential candidates 
INFO  00:53:24,590 MuTect - [MUTECT] Processed 10000325 reads in 1021 ms 
INFO  00:53:25,471 MuTect - [MUTECT] Processed 11000325 reads in 882 ms 
INFO  00:53:26,363 MuTect - [MUTECT] Processed 12000391 reads in 892 ms 
INFO  00:53:26,716 MuTect - [MUTECT] Inspected 4000 potential candidates 
INFO  00:53:27,209 MuTect - [MUTECT] Processed 13000394 reads in 845 ms 
INFO  00:53:28,152 MuTect - [MUTECT] Processed 14000419 reads in 944 ms 
INFO  00:53:28,935 MuTect - [MUTECT] Processed 15000426 reads in 783 ms 
INFO  00:53:29,337 MuTect - [MUTECT] Inspected 5000 potential candidates 
INFO  00:53:30,219 MuTect - [MUTECT] Processed 16000459 reads in 1284 ms 
INFO  00:53:31,078 MuTect - [MUTECT] Processed 17000460 reads in 859 ms 
INFO  00:53:32,034 MuTect - [MUTECT] Processed 18000550 reads in 956 ms 
INFO  00:53:32,036 MuTect - [MUTECT] Inspected 6000 potential candidates 
INFO  00:53:32,808 MuTect - [MUTECT] Processed 19000555 reads in 774 ms 
INFO  00:53:33,543 MuTect - [MUTECT] Processed 20000696 reads in 734 ms 
INFO  00:53:34,112 ProgressMeter -   chr17:5013421        2.50e+09   28.5 m        0.0 s     77.6%        36.8 m     8.2 m 
INFO  00:53:34,119 MuTect - [MUTECT] Inspected 7000 potential candidates 
INFO  00:53:34,237 MuTect - [MUTECT] Processed 21000696 reads in 695 ms 
INFO  00:53:35,087 MuTect - [MUTECT] Processed 22000768 reads in 850 ms 
INFO  00:53:36,073 MuTect - [MUTECT] Processed 23000799 reads in 986 ms 
INFO  00:53:36,848 MuTect - [MUTECT] Processed 24000820 reads in 775 ms 
INFO  00:53:36,997 MuTect - [MUTECT] Inspected 8000 potential candidates 
INFO  00:53:38,587 MuTect - [MUTECT] Processed 25000856 reads in 1739 ms 
INFO  00:53:39,515 MuTect - [MUTECT] Processed 26000885 reads in 928 ms 
INFO  00:53:40,123 MuTect - [MUTECT] Inspected 9000 potential candidates 
INFO  00:53:40,555 MuTect - [MUTECT] Processed 27000942 reads in 1040 ms 
INFO  00:53:41,497 MuTect - [MUTECT] Processed 28000986 reads in 942 ms 
INFO  00:53:42,302 MuTect - [MUTECT] Processed 29001022 reads in 805 ms 
INFO  00:53:42,695 MuTect - [MUTECT] Inspected 10000 potential candidates 
INFO  00:53:43,108 MuTect - [MUTECT] Processed 30001039 reads in 806 ms 
INFO  00:53:43,750 MuTect - [MUTECT] Processed 31001064 reads in 642 ms 
INFO  00:53:44,459 MuTect - [MUTECT] Processed 32001116 reads in 709 ms 
INFO  00:53:44,768 MuTect - [MUTECT] Inspected 11000 potential candidates 
INFO  00:53:45,217 MuTect - [MUTECT] Processed 33001182 reads in 758 ms 
INFO  00:53:45,934 MuTect - [MUTECT] Processed 34001217 reads in 717 ms 
INFO  00:53:46,641 MuTect - [MUTECT] Processed 35001246 reads in 707 ms 
INFO  00:53:47,057 MuTect - [MUTECT] Inspected 12000 potential candidates 
INFO  00:53:47,502 MuTect - [MUTECT] Processed 36001265 reads in 861 ms 
INFO  00:53:48,290 MuTect - [MUTECT] Processed 37001350 reads in 788 ms 
INFO  00:53:48,956 MuTect - [MUTECT] Processed 38001397 reads in 666 ms 
INFO  00:53:49,649 MuTect - [MUTECT] Inspected 13000 potential candidates 
INFO  00:53:49,657 MuTect - [MUTECT] Processed 39001437 reads in 701 ms 
INFO  00:53:50,403 MuTect - [MUTECT] Processed 40001451 reads in 746 ms 
INFO  00:53:51,211 MuTect - [MUTECT] Processed 41001460 reads in 808 ms 
INFO  00:53:51,828 MuTect - [MUTECT] Inspected 14000 potential candidates 
INFO  00:53:52,005 MuTect - [MUTECT] Processed 42001476 reads in 794 ms 
INFO  00:53:52,710 MuTect - [MUTECT] Processed 43001540 reads in 705 ms 
INFO  00:53:53,610 MuTect - [MUTECT] Processed 44001678 reads in 900 ms 
INFO  00:53:54,495 MuTect - [MUTECT] Inspected 15000 potential candidates 
INFO  00:53:54,721 MuTect - [MUTECT] Processed 45001682 reads in 1111 ms 
INFO  00:53:55,698 MuTect - [MUTECT] Processed 46001752 reads in 977 ms 
INFO  00:53:57,306 MuTect - [MUTECT] Processed 47001784 reads in 1608 ms 
INFO  00:53:58,150 MuTect - [MUTECT] Inspected 16000 potential candidates 
INFO  00:53:58,672 MuTect - [MUTECT] Processed 48001827 reads in 1366 ms 
INFO  00:53:59,437 MuTect - [MUTECT] Processed 49001854 reads in 765 ms 
INFO  00:54:00,092 MuTect - [MUTECT] Processed 50001876 reads in 655 ms 
INFO  00:54:00,659 MuTect - [MUTECT] Inspected 17000 potential candidates 
INFO  00:54:00,815 MuTect - [MUTECT] Processed 51001897 reads in 723 ms 
INFO  00:54:01,448 MuTect - [MUTECT] Processed 52002052 reads in 633 ms 
INFO  00:54:02,239 MuTect - [MUTECT] Processed 53002061 reads in 791 ms 
INFO  00:54:03,844 MuTect - [MUTECT] Inspected 18000 potential candidates 
INFO  00:54:03,996 MuTect - [MUTECT] Processed 54002093 reads in 1757 ms 
INFO  00:54:04,113 ProgressMeter -  chr17:11652637        2.50e+09   29.0 m        0.0 s     77.8%        37.3 m     8.3 m 
INFO  00:54:04,941 MuTect - [MUTECT] Processed 55002102 reads in 945 ms 
INFO  00:54:06,642 MuTect - [MUTECT] Processed 56002102 reads in 1701 ms 
INFO  00:54:08,101 MuTect - [MUTECT] Inspected 19000 potential candidates 
INFO  00:54:08,471 MuTect - [MUTECT] Processed 57002106 reads in 1829 ms 
INFO  00:54:10,665 MuTect - [MUTECT] Processed 58002132 reads in 2193 ms 
INFO  00:54:11,715 MuTect - [MUTECT] Processed 59002203 reads in 1051 ms 
INFO  00:54:12,572 MuTect - [MUTECT] Processed 60002223 reads in 857 ms 
INFO  00:54:12,903 MuTect - [MUTECT] Inspected 20000 potential candidates 
INFO  00:54:13,635 MuTect - [MUTECT] Processed 61002225 reads in 1063 ms 
INFO  00:54:14,852 MuTect - [MUTECT] Processed 62002238 reads in 1217 ms 
INFO  00:54:15,862 MuTect - [MUTECT] Processed 63002239 reads in 1010 ms 
INFO  00:54:16,118 MuTect - [MUTECT] Inspected 21000 potential candidates 
INFO  00:54:16,955 MuTect - [MUTECT] Processed 64002248 reads in 1093 ms 
INFO  00:54:17,892 MuTect - [MUTECT] Processed 65002324 reads in 937 ms 
INFO  00:54:19,010 MuTect - [MUTECT] Processed 66002358 reads in 1118 ms 
INFO  00:54:19,440 MuTect - [MUTECT] Inspected 22000 potential candidates 
INFO  00:54:19,914 MuTect - [MUTECT] Processed 67002358 reads in 904 ms 
INFO  00:54:20,781 MuTect - [MUTECT] Processed 68002367 reads in 867 ms 
INFO  00:54:21,558 MuTect - [MUTECT] Processed 69002416 reads in 777 ms 
INFO  00:54:21,973 MuTect - [MUTECT] Inspected 23000 potential candidates 
INFO  00:54:22,319 MuTect - [MUTECT] Processed 70002537 reads in 761 ms 
INFO  00:54:23,114 MuTect - [MUTECT] Processed 71002580 reads in 795 ms 
INFO  00:54:23,838 MuTect - [MUTECT] Processed 72002582 reads in 724 ms 
INFO  00:54:24,137 MuTect - [MUTECT] Inspected 24000 potential candidates 
INFO  00:54:25,065 MuTect - [MUTECT] Processed 73002603 reads in 1226 ms 
INFO  00:54:26,030 MuTect - [MUTECT] Processed 74002662 reads in 966 ms 
INFO  00:54:26,852 MuTect - [MUTECT] Processed 75002723 reads in 822 ms 
INFO  00:54:27,825 MuTect - [MUTECT] Processed 76002752 reads in 973 ms 
INFO  00:54:27,919 MuTect - [MUTECT] Inspected 25000 potential candidates 
INFO  00:54:28,919 MuTect - [MUTECT] Processed 77002762 reads in 1094 ms 
INFO  00:54:29,859 MuTect - [MUTECT] Processed 78002762 reads in 940 ms 
INFO  00:54:30,866 MuTect - [MUTECT] Processed 79002767 reads in 1007 ms 
INFO  00:54:31,482 MuTect - [MUTECT] Inspected 26000 potential candidates 
INFO  00:54:32,124 MuTect - [MUTECT] Processed 80002774 reads in 1258 ms 
INFO  00:54:33,066 MuTect - [MUTECT] Processed 81002782 reads in 942 ms 
INFO  00:54:34,114 ProgressMeter -  chr17:20753877        2.51e+09   29.5 m        0.0 s     78.1%        37.8 m     8.3 m 
INFO  00:54:34,174 MuTect - [MUTECT] Processed 82002783 reads in 1108 ms 
INFO  00:54:35,434 MuTect - [MUTECT] Inspected 27000 potential candidates 
INFO  00:54:35,635 MuTect - [MUTECT] Processed 83002794 reads in 1461 ms 
INFO  00:54:37,626 MuTect - [MUTECT] Processed 84002794 reads in 1991 ms 
INFO  00:54:40,100 MuTect - [MUTECT] Inspected 28000 potential candidates 
INFO  00:54:41,483 MuTect - [MUTECT] Processed 85002882 reads in 3857 ms 
INFO  00:54:42,364 MuTect - [MUTECT] Processed 86002883 reads in 881 ms 
INFO  00:54:43,638 MuTect - [MUTECT] Processed 87002910 reads in 1274 ms 
INFO  00:54:43,669 MuTect - [MUTECT] Inspected 29000 potential candidates 
INFO  00:54:44,505 MuTect - [MUTECT] Processed 88002926 reads in 867 ms 
INFO  00:54:45,201 MuTect - [MUTECT] Processed 89003020 reads in 696 ms 
INFO  00:54:45,904 MuTect - [MUTECT] Processed 90003114 reads in 703 ms 
INFO  00:54:45,992 MuTect - [MUTECT] Inspected 30000 potential candidates 
INFO  00:54:46,583 MuTect - [MUTECT] Processed 91003184 reads in 679 ms 
INFO  00:54:47,337 MuTect - [MUTECT] Processed 92003201 reads in 754 ms 
INFO  00:54:48,045 MuTect - [MUTECT] Inspected 31000 potential candidates 
INFO  00:54:48,194 MuTect - [MUTECT] Processed 93003337 reads in 857 ms 
INFO  00:54:48,957 MuTect - [MUTECT] Processed 94003426 reads in 763 ms 
INFO  00:54:49,808 MuTect - [MUTECT] Processed 95003426 reads in 851 ms 
INFO  00:54:50,166 MuTect - [MUTECT] Inspected 32000 potential candidates 
INFO  00:54:50,879 MuTect - [MUTECT] Processed 96003428 reads in 1071 ms 
INFO  00:54:51,725 MuTect - [MUTECT] Processed 97003431 reads in 846 ms 
INFO  00:54:52,595 MuTect - [MUTECT] Processed 98003431 reads in 870 ms 
INFO  00:54:53,296 MuTect - [MUTECT] Inspected 33000 potential candidates 
INFO  00:54:53,732 MuTect - [MUTECT] Processed 99003433 reads in 1137 ms 
INFO  00:54:54,688 MuTect - [MUTECT] Processed 100003529 reads in 956 ms 
INFO  00:54:55,823 MuTect - [MUTECT] Processed 101003579 reads in 1135 ms 
INFO  00:54:56,655 MuTect - [MUTECT] Inspected 34000 potential candidates 
INFO  00:54:56,729 MuTect - [MUTECT] Processed 102003591 reads in 906 ms 
INFO  00:54:57,783 MuTect - [MUTECT] Processed 103003643 reads in 1054 ms 
INFO  00:54:58,447 MuTect - [MUTECT] Processed 104003667 reads in 664 ms 
INFO  00:54:59,864 MuTect - [MUTECT] Processed 105003667 reads in 1417 ms 
INFO  00:54:59,912 MuTect - [MUTECT] Inspected 35000 potential candidates 
INFO  00:55:00,802 MuTect - [MUTECT] Processed 106003673 reads in 938 ms 
INFO  00:55:01,813 MuTect - [MUTECT] Processed 107003684 reads in 1011 ms 
INFO  00:55:02,988 MuTect - [MUTECT] Processed 108003834 reads in 1175 ms 
INFO  00:55:04,114 ProgressMeter -  chr17:34036069        2.52e+09   30.0 m        0.0 s     78.5%        38.3 m     8.2 m 
INFO  00:55:04,384 MuTect - [MUTECT] Inspected 36000 potential candidates 
INFO  00:55:05,416 MuTect - [MUTECT] Processed 109003835 reads in 2428 ms 
INFO  00:55:06,385 MuTect - [MUTECT] Processed 110003839 reads in 969 ms 
INFO  00:55:07,202 MuTect - [MUTECT] Processed 111003858 reads in 817 ms 
INFO  00:55:07,771 MuTect - [MUTECT] Inspected 37000 potential candidates 
INFO  00:55:08,118 MuTect - [MUTECT] Processed 112003960 reads in 916 ms 
INFO  00:55:08,918 MuTect - [MUTECT] Processed 113003997 reads in 800 ms 
INFO  00:55:09,809 MuTect - [MUTECT] Processed 114004026 reads in 891 ms 
INFO  00:55:10,847 MuTect - [MUTECT] Processed 115004094 reads in 1038 ms 
INFO  00:55:11,779 MuTect - [MUTECT] Processed 116004124 reads in 932 ms 
INFO  00:55:13,135 MuTect - [MUTECT] Processed 117004127 reads in 1356 ms 
INFO  00:55:14,294 MuTect - [MUTECT] Processed 118004131 reads in 1159 ms 
INFO  00:55:15,191 MuTect - [MUTECT] Processed 119004133 reads in 897 ms 
INFO  00:55:15,971 MuTect - [MUTECT] Processed 120004256 reads in 780 ms 
INFO  00:55:16,815 MuTect - [MUTECT] Processed 121004285 reads in 844 ms 
INFO  00:55:17,978 MuTect - [MUTECT] Processed 122004335 reads in 1163 ms 
INFO  00:55:18,528 MuTect - [MUTECT] Inspected 38000 potential candidates 
INFO  00:55:19,017 MuTect - [MUTECT] Processed 123004355 reads in 1039 ms 
INFO  00:55:19,972 MuTect - [MUTECT] Processed 124004376 reads in 955 ms 
INFO  00:55:21,059 MuTect - [MUTECT] Processed 125004398 reads in 1087 ms 
INFO  00:55:21,406 MuTect - [MUTECT] Inspected 39000 potential candidates 
INFO  00:55:21,762 MuTect - [MUTECT] Processed 126004420 reads in 703 ms 
INFO  00:55:22,502 MuTect - [MUTECT] Processed 127004478 reads in 740 ms 
INFO  00:55:23,193 MuTect - [MUTECT] Inspected 40000 potential candidates 
INFO  00:55:23,426 MuTect - [MUTECT] Processed 128004478 reads in 924 ms 
INFO  00:55:24,259 MuTect - [MUTECT] Processed 129004496 reads in 833 ms 
INFO  00:55:25,125 MuTect - [MUTECT] Processed 130004695 reads in 866 ms 
INFO  00:55:26,240 MuTect - [MUTECT] Inspected 41000 potential candidates 
INFO  00:55:26,282 MuTect - [MUTECT] Processed 131004698 reads in 1157 ms 
INFO  00:55:27,178 MuTect - [MUTECT] Processed 132004757 reads in 896 ms 
INFO  00:55:28,040 MuTect - [MUTECT] Processed 133004783 reads in 862 ms 
INFO  00:55:28,967 MuTect - [MUTECT] Processed 134004789 reads in 927 ms 
INFO  00:55:29,968 MuTect - [MUTECT] Processed 135004803 reads in 1001 ms 
INFO  00:55:30,274 MuTect - [MUTECT] Inspected 42000 potential candidates 
INFO  00:55:30,768 MuTect - [MUTECT] Processed 136004806 reads in 800 ms 
INFO  00:55:31,534 MuTect - [MUTECT] Processed 137004827 reads in 766 ms 
INFO  00:55:32,466 MuTect - [MUTECT] Processed 138004859 reads in 932 ms 
INFO  00:55:32,620 MuTect - [MUTECT] Inspected 43000 potential candidates 
INFO  00:55:33,208 MuTect - [MUTECT] Processed 139004912 reads in 742 ms 
INFO  00:55:33,971 MuTect - [MUTECT] Processed 140004925 reads in 763 ms 
INFO  00:55:34,115 ProgressMeter -  chr17:41970025        2.53e+09   30.5 m        0.0 s     78.7%        38.8 m     8.3 m 
INFO  00:55:34,863 MuTect - [MUTECT] Processed 141004948 reads in 891 ms 
INFO  00:55:34,978 MuTect - [MUTECT] Inspected 44000 potential candidates 
INFO  00:55:35,612 MuTect - [MUTECT] Processed 142004975 reads in 750 ms 
INFO  00:55:36,478 MuTect - [MUTECT] Processed 143005118 reads in 866 ms 
INFO  00:55:37,112 MuTect - [MUTECT] Inspected 45000 potential candidates 
INFO  00:55:37,372 MuTect - [MUTECT] Processed 144005119 reads in 894 ms 
INFO  00:55:38,186 MuTect - [MUTECT] Processed 145005185 reads in 814 ms 
INFO  00:55:38,874 MuTect - [MUTECT] Inspected 46000 potential candidates 
INFO  00:55:38,875 MuTect - [MUTECT] Processed 146005353 reads in 689 ms 
INFO  00:55:39,724 MuTect - [MUTECT] Processed 147005385 reads in 849 ms 
INFO  00:55:40,421 MuTect - [MUTECT] Processed 148005647 reads in 697 ms 
INFO  00:55:40,709 MuTect - [MUTECT] Inspected 47000 potential candidates 
INFO  00:55:41,182 MuTect - [MUTECT] Processed 149005648 reads in 761 ms 
INFO  00:55:42,024 MuTect - [MUTECT] Processed 150005671 reads in 842 ms 
INFO  00:55:42,848 MuTect - [MUTECT] Processed 151005684 reads in 824 ms 
INFO  00:55:43,028 MuTect - [MUTECT] Inspected 48000 potential candidates 
INFO  00:55:43,626 MuTect - [MUTECT] Processed 152005709 reads in 778 ms 
INFO  00:55:44,271 MuTect - [MUTECT] Processed 153005793 reads in 645 ms 
INFO  00:55:44,966 MuTect - [MUTECT] Processed 154005797 reads in 695 ms 
INFO  00:55:45,523 MuTect - [MUTECT] Inspected 49000 potential candidates 
INFO  00:55:45,793 MuTect - [MUTECT] Processed 155005797 reads in 827 ms 
INFO  00:55:46,893 MuTect - [MUTECT] Processed 156005797 reads in 1100 ms 
INFO  00:55:47,967 MuTect - [MUTECT] Processed 157005842 reads in 1074 ms 
INFO  00:55:48,196 MuTect - [MUTECT] Inspected 50000 potential candidates 
INFO  00:55:48,917 MuTect - [MUTECT] Processed 158005872 reads in 950 ms 
INFO  00:55:49,722 MuTect - [MUTECT] Processed 159005947 reads in 805 ms 
INFO  00:55:50,197 MuTect - [MUTECT] Inspected 51000 potential candidates 
INFO  00:55:50,417 MuTect - [MUTECT] Processed 160006108 reads in 695 ms 
INFO  00:55:51,222 MuTect - [MUTECT] Processed 161006116 reads in 805 ms 
INFO  00:55:51,935 MuTect - [MUTECT] Processed 162006209 reads in 713 ms 
INFO  00:55:52,033 MuTect - [MUTECT] Inspected 52000 potential candidates 
INFO  00:55:52,946 MuTect - [MUTECT] Processed 163006357 reads in 1011 ms 
INFO  00:55:53,784 MuTect - [MUTECT] Processed 164006464 reads in 838 ms 
INFO  00:55:54,479 MuTect - [MUTECT] Inspected 53000 potential candidates 
INFO  00:55:54,604 MuTect - [MUTECT] Processed 165006510 reads in 820 ms 
INFO  00:55:55,308 MuTect - [MUTECT] Processed 166006519 reads in 704 ms 
INFO  00:55:56,382 MuTect - [MUTECT] Processed 167006640 reads in 1074 ms 
INFO  00:55:56,447 MuTect - [MUTECT] Inspected 54000 potential candidates 
INFO  00:55:57,155 MuTect - [MUTECT] Processed 168006694 reads in 773 ms 
INFO  00:55:58,217 MuTect - [MUTECT] Processed 169006709 reads in 1062 ms 
INFO  00:55:59,767 MuTect - [MUTECT] Processed 170006712 reads in 1550 ms 
INFO  00:56:00,949 MuTect - [MUTECT] Processed 171006713 reads in 1182 ms 
INFO  00:56:01,784 MuTect - [MUTECT] Inspected 55000 potential candidates 
INFO  00:56:01,926 MuTect - [MUTECT] Processed 172006780 reads in 977 ms 
INFO  00:56:02,907 MuTect - [MUTECT] Processed 173006836 reads in 981 ms 
INFO  00:56:03,784 MuTect - [MUTECT] Processed 174006838 reads in 877 ms 
INFO  00:56:04,116 ProgressMeter -  chr17:47816609        2.54e+09   31.0 m        0.0 s     78.9%        39.3 m     8.3 m 
INFO  00:56:04,403 MuTect - [MUTECT] Inspected 56000 potential candidates 
INFO  00:56:04,635 MuTect - [MUTECT] Processed 175006839 reads in 851 ms 
INFO  00:56:05,456 MuTect - [MUTECT] Processed 176006850 reads in 821 ms 
INFO  00:56:06,715 MuTect - [MUTECT] Processed 177006956 reads in 1259 ms 
INFO  00:56:07,024 MuTect - [MUTECT] Inspected 57000 potential candidates 
INFO  00:56:07,594 MuTect - [MUTECT] Processed 178007075 reads in 879 ms 
INFO  00:56:08,474 MuTect - [MUTECT] Processed 179007076 reads in 880 ms 
INFO  00:56:09,452 MuTect - [MUTECT] Inspected 58000 potential candidates 
INFO  00:56:09,535 MuTect - [MUTECT] Processed 180007127 reads in 1061 ms 
INFO  00:56:10,765 MuTect - [MUTECT] Processed 181007224 reads in 1230 ms 
INFO  00:56:11,703 MuTect - [MUTECT] Processed 182007287 reads in 938 ms 
INFO  00:56:12,294 MuTect - [MUTECT] Inspected 59000 potential candidates 
INFO  00:56:12,741 MuTect - [MUTECT] Processed 183007329 reads in 1038 ms 
INFO  00:56:13,511 MuTect - [MUTECT] Processed 184007333 reads in 770 ms 
INFO  00:56:14,144 MuTect - [MUTECT] Inspected 60000 potential candidates 
INFO  00:56:14,416 MuTect - [MUTECT] Processed 185007391 reads in 905 ms 
INFO  00:56:15,241 MuTect - [MUTECT] Processed 186007412 reads in 825 ms 
INFO  00:56:16,029 MuTect - [MUTECT] Processed 187007460 reads in 788 ms 
INFO  00:56:16,328 MuTect - [MUTECT] Inspected 61000 potential candidates 
INFO  00:56:16,801 MuTect - [MUTECT] Processed 188007461 reads in 772 ms 
INFO  00:56:17,612 MuTect - [MUTECT] Processed 189007485 reads in 811 ms 
INFO  00:56:18,478 MuTect - [MUTECT] Inspected 62000 potential candidates 
INFO  00:56:18,493 MuTect - [MUTECT] Processed 190007502 reads in 881 ms 
INFO  00:56:19,507 MuTect - [MUTECT] Processed 191007505 reads in 1014 ms 
INFO  00:56:20,723 MuTect - [MUTECT] Processed 192007529 reads in 1216 ms 
INFO  00:56:23,155 MuTect - [MUTECT] Inspected 63000 potential candidates 
INFO  00:56:24,624 MuTect - [MUTECT] Processed 193007589 reads in 3901 ms 
INFO  00:56:26,615 MuTect - [MUTECT] Processed 194007590 reads in 1991 ms 
INFO  00:56:27,842 MuTect - [MUTECT] Processed 195007611 reads in 1227 ms 
INFO  00:56:27,861 MuTect - [MUTECT] Inspected 64000 potential candidates 
INFO  00:56:28,745 MuTect - [MUTECT] Processed 196007644 reads in 903 ms 
INFO  00:56:30,449 MuTect - [MUTECT] Processed 197007683 reads in 1704 ms 
INFO  00:56:30,911 MuTect - [MUTECT] Inspected 65000 potential candidates 
INFO  00:56:31,349 MuTect - [MUTECT] Processed 198007778 reads in 900 ms 
INFO  00:56:32,112 MuTect - [MUTECT] Processed 199007783 reads in 763 ms 
INFO  00:56:32,916 MuTect - [MUTECT] Processed 200007789 reads in 804 ms 
INFO  00:56:33,064 MuTect - [MUTECT] Inspected 66000 potential candidates 
INFO  00:56:33,666 MuTect - [MUTECT] Processed 201007789 reads in 750 ms 
INFO  00:56:34,117 ProgressMeter -  chr17:58598885        2.55e+09   31.5 m        0.0 s     79.2%        39.8 m     8.3 m 
INFO  00:56:34,680 MuTect - [MUTECT] Processed 202007809 reads in 1014 ms 
INFO  00:56:35,846 MuTect - [MUTECT] Inspected 67000 potential candidates 
INFO  00:56:35,887 MuTect - [MUTECT] Processed 203007814 reads in 1207 ms 
INFO  00:56:37,130 MuTect - [MUTECT] Processed 204007827 reads in 1243 ms 
INFO  00:56:37,842 MuTect - [MUTECT] Processed 205007838 reads in 712 ms 
INFO  00:56:38,568 MuTect - [MUTECT] Inspected 68000 potential candidates 
INFO  00:56:38,793 MuTect - [MUTECT] Processed 206007872 reads in 951 ms 
INFO  00:56:39,511 MuTect - [MUTECT] Processed 207007938 reads in 718 ms 
INFO  00:56:40,341 MuTect - [MUTECT] Processed 208007953 reads in 830 ms 
INFO  00:56:41,311 MuTect - [MUTECT] Processed 209007992 reads in 970 ms 
INFO  00:56:41,462 MuTect - [MUTECT] Inspected 69000 potential candidates 
INFO  00:56:42,609 MuTect - [MUTECT] Processed 210008010 reads in 1298 ms 
INFO  00:56:44,072 MuTect - [MUTECT] Processed 211008262 reads in 1463 ms 
INFO  00:56:44,537 MuTect - [MUTECT] Inspected 70000 potential candidates 
INFO  00:56:45,012 MuTect - [MUTECT] Processed 212008263 reads in 940 ms 
INFO  00:56:45,788 MuTect - [MUTECT] Processed 213008346 reads in 776 ms 
INFO  00:56:46,947 MuTect - [MUTECT] Processed 214008380 reads in 1159 ms 
INFO  00:56:47,414 MuTect - [MUTECT] Inspected 71000 potential candidates 
INFO  00:56:47,861 MuTect - [MUTECT] Processed 215008422 reads in 914 ms 
INFO  00:56:48,777 MuTect - [MUTECT] Processed 216008423 reads in 916 ms 
INFO  00:56:50,212 MuTect - [MUTECT] Processed 217008513 reads in 1435 ms 
INFO  00:56:50,428 MuTect - [MUTECT] Inspected 72000 potential candidates 
INFO  00:56:50,909 MuTect - [MUTECT] Processed 218008555 reads in 697 ms 
INFO  00:56:51,835 MuTect - [MUTECT] Processed 219008576 reads in 926 ms 
INFO  00:56:52,664 MuTect - [MUTECT] Processed 220008638 reads in 829 ms 
INFO  00:56:52,667 MuTect - [MUTECT] Inspected 73000 potential candidates 
INFO  00:56:53,472 MuTect - [MUTECT] Processed 221008750 reads in 808 ms 
INFO  00:56:54,283 MuTect - [MUTECT] Processed 222008777 reads in 811 ms 
INFO  00:56:54,850 MuTect - [MUTECT] Inspected 74000 potential candidates 
INFO  00:56:55,035 MuTect - [MUTECT] Processed 223008777 reads in 752 ms 
INFO  00:56:56,097 MuTect - [MUTECT] Processed 224008815 reads in 1062 ms 
INFO  00:56:56,915 MuTect - [MUTECT] Processed 225008862 reads in 818 ms 
INFO  00:56:57,524 MuTect - [MUTECT] Inspected 75000 potential candidates 
INFO  00:56:57,855 MuTect - [MUTECT] Processed 226008875 reads in 940 ms 
INFO  00:56:58,766 MuTect - [MUTECT] Processed 227008899 reads in 911 ms 
INFO  00:57:00,110 MuTect - [MUTECT] Processed 228008919 reads in 1344 ms 
INFO  00:57:01,045 MuTect - [MUTECT] Inspected 76000 potential candidates 
INFO  00:57:01,866 MuTect - [MUTECT] Processed 229008940 reads in 1756 ms 
INFO  00:57:03,330 MuTect - [MUTECT] Processed 230008941 reads in 1464 ms 
INFO  00:57:04,118 ProgressMeter -  chr17:67345741        2.56e+09   32.0 m        0.0 s     79.5%        40.3 m     8.3 m 
INFO  00:57:04,176 MuTect - [MUTECT] Inspected 77000 potential candidates 
INFO  00:57:04,326 MuTect - [MUTECT] Processed 231008942 reads in 996 ms 
INFO  00:57:05,788 MuTect - [MUTECT] Processed 232008960 reads in 1462 ms 
INFO  00:57:06,670 MuTect - [MUTECT] Processed 233008960 reads in 882 ms 
INFO  00:57:07,253 MuTect - [MUTECT] Inspected 78000 potential candidates 
INFO  00:57:07,691 MuTect - [MUTECT] Processed 234008963 reads in 1021 ms 
INFO  00:57:08,756 MuTect - [MUTECT] Processed 235008979 reads in 1065 ms 
INFO  00:57:09,818 MuTect - [MUTECT] Processed 236008991 reads in 1062 ms 
INFO  00:57:10,207 MuTect - [MUTECT] Inspected 79000 potential candidates 
INFO  00:57:10,586 MuTect - [MUTECT] Processed 237009060 reads in 768 ms 
INFO  00:57:11,394 MuTect - [MUTECT] Processed 238009096 reads in 808 ms 
INFO  00:57:13,054 MuTect - [MUTECT] Processed 239009097 reads in 1660 ms 
INFO  00:57:15,103 MuTect - [MUTECT] Inspected 80000 potential candidates 
INFO  00:57:16,888 MuTect - [MUTECT] Processed 240009103 reads in 3834 ms 
INFO  00:57:17,710 MuTect - [MUTECT] Processed 241009104 reads in 822 ms 
INFO  00:57:18,204 MuTect - [MUTECT] Inspected 81000 potential candidates 
INFO  00:57:19,001 MuTect - [MUTECT] Processed 242009155 reads in 1291 ms 
INFO  00:57:20,400 MuTect - [MUTECT] Processed 243009219 reads in 1399 ms 
INFO  00:57:21,102 MuTect - [MUTECT] Inspected 82000 potential candidates 
INFO  00:57:21,422 MuTect - [MUTECT] Processed 244009297 reads in 1022 ms 
INFO  00:57:22,367 MuTect - [MUTECT] Processed 245009376 reads in 945 ms 
INFO  00:57:23,217 MuTect - [MUTECT] Processed 246009485 reads in 850 ms 
INFO  00:57:23,386 MuTect - [MUTECT] Inspected 83000 potential candidates 
INFO  00:57:23,927 MuTect - [MUTECT] Processed 247009486 reads in 710 ms 
INFO  00:57:24,777 MuTect - [MUTECT] Processed 248009539 reads in 850 ms 
INFO  00:57:25,450 MuTect - [MUTECT] Inspected 84000 potential candidates 
INFO  00:57:25,689 MuTect - [MUTECT] Processed 249009543 reads in 912 ms 
INFO  00:57:26,819 MuTect - [MUTECT] Processed 250009573 reads in 1130 ms 
INFO  00:57:27,463 MuTect - [MUTECT] Processed 251009616 reads in 644 ms 
INFO  00:57:27,518 MuTect - [MUTECT] Inspected 85000 potential candidates 
INFO  00:57:28,274 MuTect - [MUTECT] Processed 252009633 reads in 811 ms 
INFO  00:57:29,004 MuTect - [MUTECT] Processed 253009665 reads in 730 ms 
INFO  00:57:29,368 MuTect - [MUTECT] Inspected 86000 potential candidates 
INFO  00:57:29,872 MuTect - [MUTECT] Processed 254009683 reads in 868 ms 
INFO  00:57:30,607 MuTect - [MUTECT] Processed 255009726 reads in 735 ms 
INFO  00:57:31,304 MuTect - [MUTECT] Inspected 87000 potential candidates 
INFO  00:57:31,351 MuTect - [MUTECT] Processed 256009768 reads in 744 ms 
INFO  00:57:32,131 MuTect - [MUTECT] Processed 257009854 reads in 780 ms 
INFO  00:57:32,848 MuTect - [MUTECT] Processed 258009908 reads in 717 ms 
INFO  00:57:33,282 MuTect - [MUTECT] Inspected 88000 potential candidates 
INFO  00:57:33,608 MuTect - [MUTECT] Processed 259009911 reads in 760 ms 
INFO  00:57:34,119 ProgressMeter -  chr17:76167733        2.57e+09   32.5 m        0.0 s     79.8%        40.8 m     8.2 m 
INFO  00:57:34,484 MuTect - [MUTECT] Processed 260009928 reads in 876 ms 
INFO  00:57:35,366 MuTect - [MUTECT] Processed 261009982 reads in 882 ms 
INFO  00:57:35,374 MuTect - [MUTECT] Inspected 89000 potential candidates 
INFO  00:57:36,208 MuTect - [MUTECT] Processed 262010011 reads in 842 ms 
INFO  00:57:37,127 MuTect - [MUTECT] Processed 263010188 reads in 919 ms 
INFO  00:57:37,457 MuTect - [MUTECT] Inspected 90000 potential candidates 
INFO  00:57:38,455 MuTect - [MUTECT] Processed 264010192 reads in 1328 ms 
INFO  00:57:40,124 MuTect - [MUTECT] Processed 265010193 reads in 1669 ms 
INFO  00:57:40,769 MuTect - [MUTECT] Inspected 91000 potential candidates 
INFO  00:57:40,992 MuTect - [MUTECT] Processed 266010230 reads in 868 ms 
INFO  00:57:41,812 MuTect - [MUTECT] Processed 267010275 reads in 820 ms 
INFO  00:57:42,784 MuTect - [MUTECT] Processed 268010279 reads in 972 ms 
INFO  00:57:42,842 MuTect - [MUTECT] Inspected 92000 potential candidates 
INFO  00:57:43,672 MuTect - [MUTECT] Processed 269010282 reads in 888 ms 
INFO  00:57:44,624 MuTect - [MUTECT] Processed 270010343 reads in 952 ms 
INFO  00:57:45,145 MuTect - [MUTECT] Inspected 93000 potential candidates 
INFO  00:57:45,612 MuTect - [MUTECT] Processed 271010371 reads in 988 ms 
INFO  00:57:47,226 MuTect - [MUTECT] Processed 272010464 reads in 1614 ms 
INFO  00:57:47,720 MuTect - [MUTECT] Inspected 94000 potential candidates 
INFO  00:57:48,200 MuTect - [MUTECT] Processed 273010530 reads in 974 ms 
INFO  00:57:49,017 MuTect - [MUTECT] Processed 274010535 reads in 817 ms 
INFO  00:57:49,811 MuTect - [MUTECT] Inspected 95000 potential candidates 
INFO  00:57:49,904 MuTect - [MUTECT] Processed 275010539 reads in 887 ms 
INFO  00:57:50,547 MuTect - [MUTECT] Processed 276010615 reads in 643 ms 
INFO  00:57:51,279 MuTect - [MUTECT] Processed 277010687 reads in 732 ms 
INFO  00:57:51,643 MuTect - [MUTECT] Inspected 96000 potential candidates 
INFO  00:57:52,581 MuTect - [MUTECT] Processed 278010777 reads in 1302 ms 
INFO  00:57:53,575 MuTect - [MUTECT] Processed 279010798 reads in 994 ms 
INFO  00:57:53,980 MuTect - [MUTECT] Inspected 97000 potential candidates 
INFO  00:57:54,424 MuTect - [MUTECT] Processed 280010955 reads in 849 ms 
INFO  00:57:55,410 MuTect - [MUTECT] Processed 281011068 reads in 986 ms 
INFO  00:57:56,238 MuTect - [MUTECT] Processed 282011165 reads in 828 ms 
INFO  00:57:56,270 MuTect - [MUTECT] Inspected 98000 potential candidates 
INFO  00:57:57,054 MuTect - [MUTECT] Processed 283011168 reads in 816 ms 
INFO  00:57:57,940 MuTect - [MUTECT] Processed 284011175 reads in 886 ms 
INFO  00:57:58,582 MuTect - [MUTECT] Inspected 99000 potential candidates 
INFO  00:57:58,929 MuTect - [MUTECT] Processed 285011179 reads in 989 ms 
INFO  00:57:59,714 MuTect - [MUTECT] Processed 286011203 reads in 785 ms 
INFO  00:58:00,500 MuTect - [MUTECT] Processed 287011293 reads in 786 ms 
INFO  00:58:00,595 MuTect - [MUTECT] Inspected 100000 potential candidates 
INFO  00:58:01,163 MuTect - [MUTECT] Processed 288011361 reads in 663 ms 
INFO  00:58:02,078 MuTect - [MUTECT] Processed 289011407 reads in 915 ms 
INFO  00:58:02,589 MuTect - [MUTECT] Inspected 101000 potential candidates 
INFO  00:58:02,987 MuTect - [MUTECT] Processed 290011408 reads in 909 ms 
INFO  00:58:03,942 MuTect - [MUTECT] Processed 291011417 reads in 955 ms 
INFO  00:58:04,757 MuTect - [MUTECT] Inspected 102000 potential candidates 
INFO  00:58:04,939 MuTect - [MUTECT] Processed 292011418 reads in 997 ms 
INFO  00:58:14,120 ProgressMeter -  chr18:10706901        2.57e+09   33.2 m        0.0 s     80.3%        41.3 m     8.1 m 
INFO  00:58:44,121 ProgressMeter -  chr18:54845101        2.57e+09   33.7 m        0.0 s     81.7%        41.2 m     7.5 m 
INFO  00:59:14,141 ProgressMeter -  chr19:14355201        2.65e+09   34.2 m        0.0 s     82.9%        41.2 m     7.0 m 
INFO  00:59:44,154 ProgressMeter -  chr19:53824401        2.65e+09   34.7 m        0.0 s     84.2%        41.2 m     6.5 m 
INFO  01:00:14,156 ProgressMeter -  chr20:36909601        2.71e+09   35.2 m        0.0 s     85.5%        41.2 m     6.0 m 
INFO  01:00:44,157 ProgressMeter -   chr21:9977501        2.78e+09   35.7 m        0.0 s     86.6%        41.2 m     5.5 m 
INFO  01:01:14,242 ProgressMeter -   chr22:3772501        2.82e+09   36.2 m        0.0 s     87.9%        41.2 m     5.0 m 
INFO  01:01:44,324 ProgressMeter -  chr22:46683901        2.82e+09   36.7 m        0.0 s     89.2%        41.1 m     4.4 m 
INFO  01:02:14,325 ProgressMeter -   chrX:38674901        2.88e+09   37.2 m        0.0 s     90.6%        41.1 m     3.9 m 
INFO  01:02:44,326 ProgressMeter -   chrX:84460101        2.88e+09   37.7 m        0.0 s     92.0%        41.0 m     3.3 m 
INFO  01:03:14,355 ProgressMeter -  chrX:129045301        2.88e+09   38.2 m        0.0 s     93.4%        40.9 m     2.7 m 
INFO  01:03:44,453 ProgressMeter -   chrY:20877601        3.03e+09   38.7 m        0.0 s     94.9%        40.8 m     2.1 m 
INFO  01:04:14,454 ProgressMeter - chr6_GL000250v2_alt:212301        3.11e+09   39.2 m        0.0 s     96.7%        40.5 m    79.0 s 
INFO  01:04:44,455 ProgressMeter - chr19_KI270930v1_alt:200701        3.18e+09   39.7 m        0.0 s     98.9%        40.1 m    25.0 s 
INFO  01:05:01,466 Walker - [REDUCE RESULT] Traversal result is: 0 
INFO  01:05:01,734 ProgressMeter -            done        3.22e+09   40.0 m        0.0 s    100.0%        40.0 m     0.0 s 
INFO  01:05:01,734 ProgressMeter - Total runtime 2399.66 secs, 39.99 min, 0.67 hours 
INFO  01:05:01,815 MicroScheduler - 91477 reads were filtered out during the traversal out of approximately 2230617 total reads (4.10%) 
INFO  01:05:01,815 MicroScheduler -   -> 0 reads (0.00% of total) failing BadCigarFilter 
INFO  01:05:01,815 MicroScheduler -   -> 89135 reads (4.00% of total) failing DuplicateReadFilter 
INFO  01:05:01,815 MicroScheduler -   -> 0 reads (0.00% of total) failing FailsVendorQualityCheckFilter 
INFO  01:05:01,815 MicroScheduler -   -> 0 reads (0.00% of total) failing MalformedReadFilter 
INFO  01:05:01,815 MicroScheduler -   -> 1153 reads (0.05% of total) failing NotPrimaryAlignmentFilter 
INFO  01:05:01,816 MicroScheduler -   -> 1189 reads (0.05% of total) failing UnmappedReadFilter 
[Sat Mar 13 01:05:05 2021]
Finished job 0.
1 of 1 steps (100%) done
{'Sample10_ARK1_S37.test': '--variant:vardict /spin1/scratch/tandonm/pipeline_out/tn_test_1/somatic/SNP_Indels/vardict_out/vcf/Sample10_ARK1_S37.test.FINAL.vcf --variant:strelka /spin1/scratch/tandonm/pipeline_out/tn_test_1/somatic/SNP_Indels/strelka_out/vcf/Sample10_ARK1_S37.test.FINAL.vcf --variant:mutect /spin1/scratch/tandonm/pipeline_out/tn_test_1/somatic/SNP_Indels/mutect_out/vcf/Sample10_ARK1_S37.test.FINAL.vcf --variant:varscan /spin1/scratch/tandonm/pipeline_out/tn_test_1/somatic/SNP_Indels/varscan_out/vcf/Sample10_ARK1_S37.test.FINAL.vcf --variant:mutect2 /spin1/scratch/tandonm/pipeline_out/tn_test_1/somatic/SNP_Indels/mutect2_out/vcf/Sample10_ARK1_S37.test.FINAL.vcf', 'Sample11_ACI_158_S38.test': '--variant:vardict /spin1/scratch/tandonm/pipeline_out/tn_test_1/somatic/SNP_Indels/vardict_out/vcf/Sample11_ACI_158_S38.test.FINAL.vcf --variant:strelka /spin1/scratch/tandonm/pipeline_out/tn_test_1/somatic/SNP_Indels/strelka_out/vcf/Sample11_ACI_158_S38.test.FINAL.vcf --variant:mutect /spin1/scratch/tandonm/pipeline_out/tn_test_1/somatic/SNP_Indels/mutect_out/vcf/Sample11_ACI_158_S38.test.FINAL.vcf --variant:varscan /spin1/scratch/tandonm/pipeline_out/tn_test_1/somatic/SNP_Indels/varscan_out/vcf/Sample11_ACI_158_S38.test.FINAL.vcf --variant:mutect2 /spin1/scratch/tandonm/pipeline_out/tn_test_1/somatic/SNP_Indels/mutect2_out/vcf/Sample11_ACI_158_S38.test.FINAL.vcf'}
