Building DAG of jobs...
Using shell: /usr/bin/bash
Provided cores: 4
Rules claiming more threads will be scaled down.
Job counts:
	count	jobs
	1	haplotypecaller
	1

[Sat Mar 13 00:19:39 2021]
rule haplotypecaller:
    input: /spin1/scratch/tandonm/pipeline_out/tn_test_1/bams/Sample10_ARK1_S37.test.recal.bam
    output: /spin1/scratch/tandonm/pipeline_out/tn_test_1/germline/gVCFs/Sample10_ARK1_S37.test.chr19.g.vcf.gz, /spin1/scratch/tandonm/pipeline_out/tn_test_1/germline/gVCFs/Sample10_ARK1_S37.test.chr19.g.vcf.gz.tbi
    jobid: 0
    wildcards: samples=Sample10_ARK1_S37.test, chroms=chr19

[+] Loading gcc  9.2.0  ... 
[+] Loading GSL 2.6 for GCC 9.2.0 ... 
[-] Unloading gcc  9.2.0  ... 
[+] Loading gcc  9.2.0  ... 
[+] Loading openmpi 3.1.4  for GCC 9.2.0 
[+] Loading ImageMagick  7.0.8  on cn2345 
[+] Loading HDF5  1.10.4 
[-] Unloading gcc  9.2.0  ... 
[+] Loading gcc  9.2.0  ... 
[+] Loading NetCDF 4.7.4_gcc9.2.0 
[+] Loading pandoc  2.11.4  on cn2345 
[+] Loading R 3.6.3 
[+] Loading GATK  4.1.4.1 

GATK/4 includes its own python environment. Loading a different python
environment
after the GATK module will result in some tools failing. Conversely, the python
environment included with GATK/4 will override any python modules you may
already
have loaded.


00:19:45.382 WARN  GATKAnnotationPluginDescriptor - Redundant enabled annotation group (StandardAnnotation) is enabled for this tool by default
Mar 13, 2021 12:19:45 AM shaded.cloud_nio.com.google.auth.oauth2.ComputeEngineCredentials runningOnComputeEngine
INFO: Failed to detect whether we are running on Google Compute Engine.
00:19:45.666 INFO  HaplotypeCaller - ------------------------------------------------------------
00:19:45.666 INFO  HaplotypeCaller - The Genome Analysis Toolkit (GATK) v4.1.4.1
00:19:45.666 INFO  HaplotypeCaller - For support and documentation go to https://software.broadinstitute.org/gatk/
00:19:45.667 INFO  HaplotypeCaller - Executing as tandonm@cn2345 on Linux v3.10.0-862.14.4.el7.x86_64 amd64
00:19:45.667 INFO  HaplotypeCaller - Java runtime: OpenJDK 64-Bit Server VM v1.8.0_181-b13
00:19:45.667 INFO  HaplotypeCaller - Start Date/Time: March 13, 2021 12:19:45 AM EST
00:19:45.667 INFO  HaplotypeCaller - ------------------------------------------------------------
00:19:45.667 INFO  HaplotypeCaller - ------------------------------------------------------------
00:19:45.667 INFO  HaplotypeCaller - HTSJDK Version: 2.21.0
00:19:45.667 INFO  HaplotypeCaller - Picard Version: 2.21.2
00:19:45.671 INFO  HaplotypeCaller - HTSJDK Defaults.COMPRESSION_LEVEL : 2
00:19:45.671 INFO  HaplotypeCaller - HTSJDK Defaults.USE_ASYNC_IO_READ_FOR_SAMTOOLS : false
00:19:45.671 INFO  HaplotypeCaller - HTSJDK Defaults.USE_ASYNC_IO_WRITE_FOR_SAMTOOLS : true
00:19:45.671 INFO  HaplotypeCaller - HTSJDK Defaults.USE_ASYNC_IO_WRITE_FOR_TRIBBLE : false
00:19:45.672 INFO  HaplotypeCaller - Deflater: JdkDeflater
00:19:45.673 INFO  HaplotypeCaller - Inflater: JdkInflater
00:19:45.673 INFO  HaplotypeCaller - GCS max retries/reopens: 20
00:19:45.673 INFO  HaplotypeCaller - Requester pays: disabled
00:19:45.673 INFO  HaplotypeCaller - Initializing engine
WARNING	2021-03-13 00:19:45	SamFiles	The index file /gpfs/gsfs7/users/tandonm/pl_test_data/human/bams/Sample10_ARK1_S37.test.recal.bai was found by resolving the canonical path of a symlink: /spin1/scratch/tandonm/pipeline_out/tn_test_1/bams/Sample10_ARK1_S37.test.recal.bam -> /gpfs/gsfs7/users/tandonm/pl_test_data/human/bams/Sample10_ARK1_S37.test.recal.bam
WARNING: BAM index file /gpfs/gsfs7/users/tandonm/pl_test_data/human/bams/Sample10_ARK1_S37.test.recal.bai is older than BAM /spin1/scratch/tandonm/pipeline_out/tn_test_1/bams/Sample10_ARK1_S37.test.recal.bam
00:19:46.403 INFO  FeatureManager - Using codec VCFCodec to read file file:///fdb/GATK_resource_bundle/hg38bundle/dbsnp_138.hg38.vcf.gz
00:19:46.606 INFO  IntervalArgumentCollection - Processing 58617616 bp from intervals
00:19:46.670 INFO  HaplotypeCaller - Done initializing engine
00:19:46.673 INFO  HaplotypeCallerEngine - Tool is in reference confidence mode and the annotation, the following changes will be made to any specified annotations: 'StrandBiasBySample' will be enabled. 'ChromosomeCounts', 'FisherStrand', 'StrandOddsRatio' and 'QualByDepth' annotations have been disabled
00:19:46.751 INFO  HaplotypeCallerEngine - Standard Emitting and Calling confidence set to 0.0 for reference-model confidence output
00:19:46.752 INFO  HaplotypeCallerEngine - All sites annotated with PLs forced to true for reference-model confidence output
00:19:46.765 INFO  NativeLibraryLoader - Loading libgkl_utils.so from jar:file:/usr/local/apps/GATK/4.1.4.1/gatk-package-4.1.4.1-local.jar!/com/intel/gkl/native/libgkl_utils.so
00:19:46.768 INFO  NativeLibraryLoader - Loading libgkl_pairhmm_omp.so from jar:file:/usr/local/apps/GATK/4.1.4.1/gatk-package-4.1.4.1-local.jar!/com/intel/gkl/native/libgkl_pairhmm_omp.so
00:19:46.827 INFO  IntelPairHmm - Flush-to-zero (FTZ) is enabled when running PairHMM
00:19:46.827 INFO  IntelPairHmm - Available threads: 1
00:19:46.827 INFO  IntelPairHmm - Requested threads: 4
00:19:46.827 WARN  IntelPairHmm - Using 1 available threads, but 4 were requested
00:19:46.827 INFO  PairHMM - Using the OpenMP multi-threaded AVX-accelerated native PairHMM implementation
00:19:46.929 INFO  ProgressMeter - Starting traversal
00:19:46.929 INFO  ProgressMeter -        Current Locus  Elapsed Minutes     Regions Processed   Regions/Minute
00:19:47.898 WARN  InbreedingCoeff - InbreedingCoeff will not be calculated; at least 10 samples must have called genotypes
00:19:56.933 INFO  ProgressMeter -         chr19:982789              0.2                  3750          22491.0
00:20:06.955 INFO  ProgressMeter -        chr19:2138812              0.3                  8370          25078.7
00:20:16.996 INFO  ProgressMeter -        chr19:3979448              0.5                 15680          31291.2
00:20:27.007 INFO  ProgressMeter -        chr19:5777967              0.7                 22810          34148.4
00:20:28.830 WARN  DepthPerSampleHC - Annotation will not be calculated, genotype is not called or alleleLikelihoodMap is null
00:20:28.830 WARN  StrandBiasBySample - Annotation will not be calculated, genotype is not called or alleleLikelihoodMap is null
00:20:28.831 WARN  StrandBiasBySample - Annotation will not be calculated, genotype is not called or alleleLikelihoodMap is null
00:20:37.106 INFO  ProgressMeter -        chr19:7555568              0.8                 29900          35753.4
00:20:47.185 INFO  ProgressMeter -        chr19:8959366              1.0                 35580          35428.8
00:20:57.187 INFO  ProgressMeter -       chr19:10739086              1.2                 42630          36405.8
00:21:07.219 INFO  ProgressMeter -       chr19:12591017              1.3                 49880          37274.9
00:21:17.223 INFO  ProgressMeter -       chr19:14531888              1.5                 57530          38228.5
00:21:27.224 INFO  ProgressMeter -       chr19:16169821              1.7                 63970          38269.1
00:21:37.234 INFO  ProgressMeter -       chr19:18054263              1.8                 71540          38913.9
00:21:47.316 INFO  ProgressMeter -       chr19:20041464              2.0                 79330          39537.5
00:21:57.317 INFO  ProgressMeter -       chr19:23595239              2.2                 92300          42473.2
00:22:07.318 INFO  ProgressMeter -       chr19:30470364              2.3                116080          49610.7
00:22:17.335 INFO  ProgressMeter -       chr19:34453769              2.5                130530          52071.1
00:22:25.434 WARN  StrandBiasBySample - Annotation will not be calculated, genotype is not called or alleleLikelihoodMap is null
00:22:27.342 INFO  ProgressMeter -       chr19:36778718              2.7                139410          52144.2
00:22:37.344 INFO  ProgressMeter -       chr19:38971693              2.8                147770          52027.4
00:22:47.369 INFO  ProgressMeter -       chr19:40611756              3.0                154130          51251.4
00:22:57.400 INFO  ProgressMeter -       chr19:42740158              3.2                162210          51097.5
00:23:07.444 INFO  ProgressMeter -       chr19:44106951              3.3                167470          50112.0
00:23:17.526 INFO  ProgressMeter -       chr19:46040953              3.5                175120          49892.4
00:23:27.531 INFO  ProgressMeter -       chr19:48594758              3.7                184980          50311.4
00:23:37.532 INFO  ProgressMeter -       chr19:50229220              3.8                191660          49867.5
00:23:47.543 INFO  ProgressMeter -       chr19:52403977              4.0                199940          49857.4
00:23:57.544 INFO  ProgressMeter -       chr19:54173707              4.2                206810          49512.6
00:24:07.579 INFO  ProgressMeter -       chr19:56246889              4.3                214520          49381.2
00:24:17.580 INFO  ProgressMeter -       chr19:58545232              4.5                223230          49487.3
00:24:17.963 INFO  HaplotypeCaller - 68365 read(s) filtered by: ((((((((MappingQualityReadFilter AND MappingQualityAvailableReadFilter) AND MappedReadFilter) AND NotSecondaryAlignmentReadFilter) AND NotDuplicateReadFilter) AND PassesVendorQualityCheckReadFilter) AND NonZeroReferenceLengthAlignmentReadFilter) AND GoodCigarReadFilter) AND WellformedReadFilter)
  68365 read(s) filtered by: (((((((MappingQualityReadFilter AND MappingQualityAvailableReadFilter) AND MappedReadFilter) AND NotSecondaryAlignmentReadFilter) AND NotDuplicateReadFilter) AND PassesVendorQualityCheckReadFilter) AND NonZeroReferenceLengthAlignmentReadFilter) AND GoodCigarReadFilter)
      68365 read(s) filtered by: ((((((MappingQualityReadFilter AND MappingQualityAvailableReadFilter) AND MappedReadFilter) AND NotSecondaryAlignmentReadFilter) AND NotDuplicateReadFilter) AND PassesVendorQualityCheckReadFilter) AND NonZeroReferenceLengthAlignmentReadFilter)
          68365 read(s) filtered by: (((((MappingQualityReadFilter AND MappingQualityAvailableReadFilter) AND MappedReadFilter) AND NotSecondaryAlignmentReadFilter) AND NotDuplicateReadFilter) AND PassesVendorQualityCheckReadFilter)
              68365 read(s) filtered by: ((((MappingQualityReadFilter AND MappingQualityAvailableReadFilter) AND MappedReadFilter) AND NotSecondaryAlignmentReadFilter) AND NotDuplicateReadFilter)
                  26683 read(s) filtered by: (((MappingQualityReadFilter AND MappingQualityAvailableReadFilter) AND MappedReadFilter) AND NotSecondaryAlignmentReadFilter)
                      26393 read(s) filtered by: ((MappingQualityReadFilter AND MappingQualityAvailableReadFilter) AND MappedReadFilter)
                          26393 read(s) filtered by: (MappingQualityReadFilter AND MappingQualityAvailableReadFilter)
                              26393 read(s) filtered by: MappingQualityReadFilter 
                      290 read(s) filtered by: NotSecondaryAlignmentReadFilter 
                  41682 read(s) filtered by: NotDuplicateReadFilter 

00:24:17.963 INFO  ProgressMeter -       chr19:58616070              4.5                223495          49476.1
00:24:17.963 INFO  ProgressMeter - Traversal complete. Processed 223495 total regions in 4.5 minutes.
00:24:17.982 INFO  VectorLoglessPairHMM - Time spent in setup for JNI call : 0.104109219
00:24:17.982 INFO  PairHMM - Total compute time in PairHMM computeLogLikelihoods() : 14.197168097
00:24:17.982 INFO  SmithWatermanAligner - Total compute time in java Smith-Waterman : 11.23 sec
00:24:17.982 INFO  HaplotypeCaller - Shutting down engine
[March 13, 2021 12:24:17 AM EST] org.broadinstitute.hellbender.tools.walkers.haplotypecaller.HaplotypeCaller done. Elapsed time: 4.54 minutes.
Runtime.totalMemory()=3763339264
Using GATK jar /usr/local/apps/GATK/4.1.4.1/gatk-package-4.1.4.1-local.jar
Running:
    java -Dsamjdk.use_async_io_read_samtools=false -Dsamjdk.use_async_io_write_samtools=true -Dsamjdk.use_async_io_write_tribble=false -Dsamjdk.compression_level=2 -Xmx24g -jar /usr/local/apps/GATK/4.1.4.1/gatk-package-4.1.4.1-local.jar HaplotypeCaller --reference /data/tandonm/pl_test_data/human/genome/hg38/Homo_sapiens_assembly38.fasta --input /spin1/scratch/tandonm/pipeline_out/tn_test_1/bams/Sample10_ARK1_S37.test.recal.bam --use-jdk-inflater --use-jdk-deflater --emit-ref-confidence GVCF --annotation-group StandardAnnotation --annotation-group AS_StandardAnnotation --dbsnp /fdb/GATK_resource_bundle/hg38bundle/dbsnp_138.hg38.vcf.gz --output /spin1/scratch/tandonm/pipeline_out/tn_test_1/germline/gVCFs/Sample10_ARK1_S37.test.chr19.g.vcf.gz --intervals chr19 --max-alternate-alleles 3
[Sat Mar 13 00:24:18 2021]
Finished job 0.
1 of 1 steps (100%) done
{'Sample10_ARK1_S37.test': '--variant:vardict /spin1/scratch/tandonm/pipeline_out/tn_test_1/somatic/SNP_Indels/vardict_out/vcf/Sample10_ARK1_S37.test.FINAL.vcf --variant:mutect2 /spin1/scratch/tandonm/pipeline_out/tn_test_1/somatic/SNP_Indels/mutect2_out/vcf/Sample10_ARK1_S37.test.FINAL.vcf --variant:varscan /spin1/scratch/tandonm/pipeline_out/tn_test_1/somatic/SNP_Indels/varscan_out/vcf/Sample10_ARK1_S37.test.FINAL.vcf --variant:strelka /spin1/scratch/tandonm/pipeline_out/tn_test_1/somatic/SNP_Indels/strelka_out/vcf/Sample10_ARK1_S37.test.FINAL.vcf --variant:mutect /spin1/scratch/tandonm/pipeline_out/tn_test_1/somatic/SNP_Indels/mutect_out/vcf/Sample10_ARK1_S37.test.FINAL.vcf', 'Sample11_ACI_158_S38.test': '--variant:vardict /spin1/scratch/tandonm/pipeline_out/tn_test_1/somatic/SNP_Indels/vardict_out/vcf/Sample11_ACI_158_S38.test.FINAL.vcf --variant:mutect2 /spin1/scratch/tandonm/pipeline_out/tn_test_1/somatic/SNP_Indels/mutect2_out/vcf/Sample11_ACI_158_S38.test.FINAL.vcf --variant:varscan /spin1/scratch/tandonm/pipeline_out/tn_test_1/somatic/SNP_Indels/varscan_out/vcf/Sample11_ACI_158_S38.test.FINAL.vcf --variant:strelka /spin1/scratch/tandonm/pipeline_out/tn_test_1/somatic/SNP_Indels/strelka_out/vcf/Sample11_ACI_158_S38.test.FINAL.vcf --variant:mutect /spin1/scratch/tandonm/pipeline_out/tn_test_1/somatic/SNP_Indels/mutect_out/vcf/Sample11_ACI_158_S38.test.FINAL.vcf'}
