Building DAG of jobs...
Using shell: /usr/bin/bash
Provided cores: 4
Rules claiming more threads will be scaled down.
Job counts:
	count	jobs
	1	haplotypecaller
	1

[Sat Mar 13 00:20:36 2021]
rule haplotypecaller:
    input: /spin1/scratch/tandonm/pipeline_out/tn_test_1/bams/Sample11_ACI_158_S38.test.recal.bam
    output: /spin1/scratch/tandonm/pipeline_out/tn_test_1/germline/gVCFs/Sample11_ACI_158_S38.test.chr4.g.vcf.gz, /spin1/scratch/tandonm/pipeline_out/tn_test_1/germline/gVCFs/Sample11_ACI_158_S38.test.chr4.g.vcf.gz.tbi
    jobid: 0
    wildcards: samples=Sample11_ACI_158_S38.test, chroms=chr4

[+] Loading gcc  9.2.0  ... 
[+] Loading GSL 2.6 for GCC 9.2.0 ... 
[-] Unloading gcc  9.2.0  ... 
[+] Loading gcc  9.2.0  ... 
[+] Loading openmpi 3.1.4  for GCC 9.2.0 
[+] Loading ImageMagick  7.0.8  on cn2407 
[+] Loading HDF5  1.10.4 
[-] Unloading gcc  9.2.0  ... 
[+] Loading gcc  9.2.0  ... 
[+] Loading NetCDF 4.7.4_gcc9.2.0 
[+] Loading pandoc  2.11.4  on cn2407 
[+] Loading R 3.6.3 
[+] Loading GATK  4.1.4.1 

GATK/4 includes its own python environment. Loading a different python
environment
after the GATK module will result in some tools failing. Conversely, the python
environment included with GATK/4 will override any python modules you may
already
have loaded.


00:20:41.109 WARN  GATKAnnotationPluginDescriptor - Redundant enabled annotation group (StandardAnnotation) is enabled for this tool by default
Mar 13, 2021 12:20:41 AM shaded.cloud_nio.com.google.auth.oauth2.ComputeEngineCredentials runningOnComputeEngine
INFO: Failed to detect whether we are running on Google Compute Engine.
00:20:41.330 INFO  HaplotypeCaller - ------------------------------------------------------------
00:20:41.330 INFO  HaplotypeCaller - The Genome Analysis Toolkit (GATK) v4.1.4.1
00:20:41.331 INFO  HaplotypeCaller - For support and documentation go to https://software.broadinstitute.org/gatk/
00:20:41.331 INFO  HaplotypeCaller - Executing as tandonm@cn2407 on Linux v3.10.0-862.14.4.el7.x86_64 amd64
00:20:41.331 INFO  HaplotypeCaller - Java runtime: OpenJDK 64-Bit Server VM v1.8.0_181-b13
00:20:41.331 INFO  HaplotypeCaller - Start Date/Time: March 13, 2021 12:20:41 AM EST
00:20:41.331 INFO  HaplotypeCaller - ------------------------------------------------------------
00:20:41.331 INFO  HaplotypeCaller - ------------------------------------------------------------
00:20:41.331 INFO  HaplotypeCaller - HTSJDK Version: 2.21.0
00:20:41.331 INFO  HaplotypeCaller - Picard Version: 2.21.2
00:20:41.334 INFO  HaplotypeCaller - HTSJDK Defaults.COMPRESSION_LEVEL : 2
00:20:41.334 INFO  HaplotypeCaller - HTSJDK Defaults.USE_ASYNC_IO_READ_FOR_SAMTOOLS : false
00:20:41.334 INFO  HaplotypeCaller - HTSJDK Defaults.USE_ASYNC_IO_WRITE_FOR_SAMTOOLS : true
00:20:41.334 INFO  HaplotypeCaller - HTSJDK Defaults.USE_ASYNC_IO_WRITE_FOR_TRIBBLE : false
00:20:41.335 INFO  HaplotypeCaller - Deflater: JdkDeflater
00:20:41.335 INFO  HaplotypeCaller - Inflater: JdkInflater
00:20:41.335 INFO  HaplotypeCaller - GCS max retries/reopens: 20
00:20:41.335 INFO  HaplotypeCaller - Requester pays: disabled
00:20:41.335 INFO  HaplotypeCaller - Initializing engine
00:20:41.913 INFO  FeatureManager - Using codec VCFCodec to read file file:///fdb/GATK_resource_bundle/hg38bundle/dbsnp_138.hg38.vcf.gz
00:20:42.067 INFO  IntervalArgumentCollection - Processing 190214555 bp from intervals
00:20:42.119 INFO  HaplotypeCaller - Done initializing engine
00:20:42.122 INFO  HaplotypeCallerEngine - Tool is in reference confidence mode and the annotation, the following changes will be made to any specified annotations: 'StrandBiasBySample' will be enabled. 'ChromosomeCounts', 'FisherStrand', 'StrandOddsRatio' and 'QualByDepth' annotations have been disabled
00:20:42.192 INFO  HaplotypeCallerEngine - Standard Emitting and Calling confidence set to 0.0 for reference-model confidence output
00:20:42.193 INFO  HaplotypeCallerEngine - All sites annotated with PLs forced to true for reference-model confidence output
00:20:42.205 INFO  NativeLibraryLoader - Loading libgkl_utils.so from jar:file:/usr/local/apps/GATK/4.1.4.1/gatk-package-4.1.4.1-local.jar!/com/intel/gkl/native/libgkl_utils.so
00:20:42.208 INFO  NativeLibraryLoader - Loading libgkl_pairhmm_omp.so from jar:file:/usr/local/apps/GATK/4.1.4.1/gatk-package-4.1.4.1-local.jar!/com/intel/gkl/native/libgkl_pairhmm_omp.so
00:20:42.255 INFO  IntelPairHmm - Using CPU-supported AVX-512 instructions
00:20:42.255 INFO  IntelPairHmm - Flush-to-zero (FTZ) is enabled when running PairHMM
00:20:42.255 INFO  IntelPairHmm - Available threads: 1
00:20:42.255 INFO  IntelPairHmm - Requested threads: 4
00:20:42.255 WARN  IntelPairHmm - Using 1 available threads, but 4 were requested
00:20:42.255 INFO  PairHMM - Using the OpenMP multi-threaded AVX-accelerated native PairHMM implementation
00:20:42.330 INFO  ProgressMeter - Starting traversal
00:20:42.330 INFO  ProgressMeter -        Current Locus  Elapsed Minutes     Regions Processed   Regions/Minute
00:20:44.145 WARN  InbreedingCoeff - InbreedingCoeff will not be calculated; at least 10 samples must have called genotypes
00:20:52.333 INFO  ProgressMeter -         chr4:1148174              0.2                  4280          25674.9
00:21:02.345 INFO  ProgressMeter -         chr4:3520250              0.3                 13170          39482.4
00:21:12.354 INFO  ProgressMeter -         chr4:8593227              0.5                 31310          62572.0
00:21:22.736 INFO  ProgressMeter -         chr4:9249034              0.7                 33680          50013.6
00:21:27.236 WARN  DepthPerSampleHC - Annotation will not be calculated, genotype is not called or alleleLikelihoodMap is null
00:21:27.236 WARN  StrandBiasBySample - Annotation will not be calculated, genotype is not called or alleleLikelihoodMap is null
00:21:32.083 WARN  StrandBiasBySample - Annotation will not be calculated, genotype is not called or alleleLikelihoodMap is null
00:21:32.736 INFO  ProgressMeter -        chr4:15326862              0.8                 54560          64945.9
00:21:42.739 INFO  ProgressMeter -        chr4:24017763              1.0                 84480          83909.4
00:21:52.739 INFO  ProgressMeter -        chr4:34274797              1.2                119620         101937.3
00:22:02.741 INFO  ProgressMeter -        chr4:41296545              1.3                144240         107628.4
00:22:12.407 WARN  StrandBiasBySample - Annotation will not be calculated, genotype is not called or alleleLikelihoodMap is null
00:22:12.412 WARN  StrandBiasBySample - Annotation will not be calculated, genotype is not called or alleleLikelihoodMap is null
00:22:12.412 WARN  StrandBiasBySample - Annotation will not be calculated, genotype is not called or alleleLikelihoodMap is null
00:22:12.741 INFO  ProgressMeter -        chr4:49370570              1.5                172140         114239.6
00:22:20.448 WARN  StrandBiasBySample - Annotation will not be calculated, genotype is not called or alleleLikelihoodMap is null
00:22:22.756 INFO  ProgressMeter -        chr4:58339131              1.7                203070         121326.4
00:22:32.833 INFO  ProgressMeter -        chr4:69106104              1.8                239740         130173.2
00:22:33.755 WARN  StrandBiasBySample - Annotation will not be calculated, genotype is not called or alleleLikelihoodMap is null
00:22:40.296 WARN  StrandBiasBySample - Annotation will not be calculated, genotype is not called or alleleLikelihoodMap is null
00:22:40.298 WARN  StrandBiasBySample - Annotation will not be calculated, genotype is not called or alleleLikelihoodMap is null
00:22:42.834 INFO  ProgressMeter -        chr4:75945844              2.0                263610         131254.8
00:22:51.334 WARN  StrandBiasBySample - Annotation will not be calculated, genotype is not called or alleleLikelihoodMap is null
00:22:52.838 INFO  ProgressMeter -        chr4:83374288              2.2                289530         133110.1
00:23:02.860 INFO  ProgressMeter -        chr4:90934723              2.3                315900         134876.1
00:23:12.864 INFO  ProgressMeter -       chr4:100608549              2.5                349130         139157.5
00:23:22.864 INFO  ProgressMeter -       chr4:109284690              2.7                379110         141694.2
00:23:32.864 INFO  ProgressMeter -       chr4:118424799              2.8                410520         144436.6
00:23:42.865 INFO  ProgressMeter -       chr4:126598753              3.0                438780         145827.4
00:23:52.865 INFO  ProgressMeter -       chr4:137666391              3.2                476590         150080.3
00:23:58.324 WARN  StrandBiasBySample - Annotation will not be calculated, genotype is not called or alleleLikelihoodMap is null
00:24:02.873 INFO  ProgressMeter -       chr4:145651026              3.3                504190         150848.2
00:24:12.886 INFO  ProgressMeter -       chr4:153706395              3.5                532230         151664.9
00:24:13.561 WARN  StrandBiasBySample - Annotation will not be calculated, genotype is not called or alleleLikelihoodMap is null
00:24:13.562 WARN  StrandBiasBySample - Annotation will not be calculated, genotype is not called or alleleLikelihoodMap is null
00:24:13.563 WARN  StrandBiasBySample - Annotation will not be calculated, genotype is not called or alleleLikelihoodMap is null
00:24:22.886 INFO  ProgressMeter -       chr4:162210616              3.7                561770         152824.5
00:24:29.672 WARN  StrandBiasBySample - Annotation will not be calculated, genotype is not called or alleleLikelihoodMap is null
00:24:29.673 WARN  StrandBiasBySample - Annotation will not be calculated, genotype is not called or alleleLikelihoodMap is null
00:24:29.673 WARN  StrandBiasBySample - Annotation will not be calculated, genotype is not called or alleleLikelihoodMap is null
00:24:29.673 WARN  StrandBiasBySample - Annotation will not be calculated, genotype is not called or alleleLikelihoodMap is null
00:24:29.674 WARN  StrandBiasBySample - Annotation will not be calculated, genotype is not called or alleleLikelihoodMap is null
00:24:29.674 WARN  StrandBiasBySample - Annotation will not be calculated, genotype is not called or alleleLikelihoodMap is null
00:24:29.674 WARN  StrandBiasBySample - Annotation will not be calculated, genotype is not called or alleleLikelihoodMap is null
00:24:32.887 INFO  ProgressMeter -       chr4:173612751              3.8                600680         156321.2
00:24:42.900 INFO  ProgressMeter -       chr4:185353350              4.0                640670         159788.7
00:24:47.510 INFO  HaplotypeCaller - 119630 read(s) filtered by: ((((((((MappingQualityReadFilter AND MappingQualityAvailableReadFilter) AND MappedReadFilter) AND NotSecondaryAlignmentReadFilter) AND NotDuplicateReadFilter) AND PassesVendorQualityCheckReadFilter) AND NonZeroReferenceLengthAlignmentReadFilter) AND GoodCigarReadFilter) AND WellformedReadFilter)
  119630 read(s) filtered by: (((((((MappingQualityReadFilter AND MappingQualityAvailableReadFilter) AND MappedReadFilter) AND NotSecondaryAlignmentReadFilter) AND NotDuplicateReadFilter) AND PassesVendorQualityCheckReadFilter) AND NonZeroReferenceLengthAlignmentReadFilter) AND GoodCigarReadFilter)
      119630 read(s) filtered by: ((((((MappingQualityReadFilter AND MappingQualityAvailableReadFilter) AND MappedReadFilter) AND NotSecondaryAlignmentReadFilter) AND NotDuplicateReadFilter) AND PassesVendorQualityCheckReadFilter) AND NonZeroReferenceLengthAlignmentReadFilter)
          119630 read(s) filtered by: (((((MappingQualityReadFilter AND MappingQualityAvailableReadFilter) AND MappedReadFilter) AND NotSecondaryAlignmentReadFilter) AND NotDuplicateReadFilter) AND PassesVendorQualityCheckReadFilter)
              119630 read(s) filtered by: ((((MappingQualityReadFilter AND MappingQualityAvailableReadFilter) AND MappedReadFilter) AND NotSecondaryAlignmentReadFilter) AND NotDuplicateReadFilter)
                  100415 read(s) filtered by: (((MappingQualityReadFilter AND MappingQualityAvailableReadFilter) AND MappedReadFilter) AND NotSecondaryAlignmentReadFilter)
                      100219 read(s) filtered by: ((MappingQualityReadFilter AND MappingQualityAvailableReadFilter) AND MappedReadFilter)
                          100219 read(s) filtered by: (MappingQualityReadFilter AND MappingQualityAvailableReadFilter)
                              100219 read(s) filtered by: MappingQualityReadFilter 
                      196 read(s) filtered by: NotSecondaryAlignmentReadFilter 
                  19215 read(s) filtered by: NotDuplicateReadFilter 

00:24:47.510 INFO  ProgressMeter -       chr4:190213686              4.1                657292         160851.9
00:24:47.510 INFO  ProgressMeter - Traversal complete. Processed 657292 total regions in 4.1 minutes.
00:24:47.533 INFO  VectorLoglessPairHMM - Time spent in setup for JNI call : 0.052621676000000006
00:24:47.533 INFO  PairHMM - Total compute time in PairHMM computeLogLikelihoods() : 11.359633273
00:24:47.533 INFO  SmithWatermanAligner - Total compute time in java Smith-Waterman : 5.31 sec
00:24:47.533 INFO  HaplotypeCaller - Shutting down engine
[March 13, 2021 12:24:47 AM EST] org.broadinstitute.hellbender.tools.walkers.haplotypecaller.HaplotypeCaller done. Elapsed time: 4.11 minutes.
Runtime.totalMemory()=3946315776
Using GATK jar /usr/local/apps/GATK/4.1.4.1/gatk-package-4.1.4.1-local.jar
Running:
    java -Dsamjdk.use_async_io_read_samtools=false -Dsamjdk.use_async_io_write_samtools=true -Dsamjdk.use_async_io_write_tribble=false -Dsamjdk.compression_level=2 -Xmx24g -jar /usr/local/apps/GATK/4.1.4.1/gatk-package-4.1.4.1-local.jar HaplotypeCaller --reference /data/tandonm/pl_test_data/human/genome/hg38/Homo_sapiens_assembly38.fasta --input /spin1/scratch/tandonm/pipeline_out/tn_test_1/bams/Sample11_ACI_158_S38.test.recal.bam --use-jdk-inflater --use-jdk-deflater --emit-ref-confidence GVCF --annotation-group StandardAnnotation --annotation-group AS_StandardAnnotation --dbsnp /fdb/GATK_resource_bundle/hg38bundle/dbsnp_138.hg38.vcf.gz --output /spin1/scratch/tandonm/pipeline_out/tn_test_1/germline/gVCFs/Sample11_ACI_158_S38.test.chr4.g.vcf.gz --intervals chr4 --max-alternate-alleles 3
[Sat Mar 13 00:24:48 2021]
Finished job 0.
1 of 1 steps (100%) done
{'Sample10_ARK1_S37.test': '--variant:mutect /spin1/scratch/tandonm/pipeline_out/tn_test_1/somatic/SNP_Indels/mutect_out/vcf/Sample10_ARK1_S37.test.FINAL.vcf --variant:mutect2 /spin1/scratch/tandonm/pipeline_out/tn_test_1/somatic/SNP_Indels/mutect2_out/vcf/Sample10_ARK1_S37.test.FINAL.vcf --variant:vardict /spin1/scratch/tandonm/pipeline_out/tn_test_1/somatic/SNP_Indels/vardict_out/vcf/Sample10_ARK1_S37.test.FINAL.vcf --variant:strelka /spin1/scratch/tandonm/pipeline_out/tn_test_1/somatic/SNP_Indels/strelka_out/vcf/Sample10_ARK1_S37.test.FINAL.vcf --variant:varscan /spin1/scratch/tandonm/pipeline_out/tn_test_1/somatic/SNP_Indels/varscan_out/vcf/Sample10_ARK1_S37.test.FINAL.vcf', 'Sample11_ACI_158_S38.test': '--variant:mutect /spin1/scratch/tandonm/pipeline_out/tn_test_1/somatic/SNP_Indels/mutect_out/vcf/Sample11_ACI_158_S38.test.FINAL.vcf --variant:mutect2 /spin1/scratch/tandonm/pipeline_out/tn_test_1/somatic/SNP_Indels/mutect2_out/vcf/Sample11_ACI_158_S38.test.FINAL.vcf --variant:vardict /spin1/scratch/tandonm/pipeline_out/tn_test_1/somatic/SNP_Indels/vardict_out/vcf/Sample11_ACI_158_S38.test.FINAL.vcf --variant:strelka /spin1/scratch/tandonm/pipeline_out/tn_test_1/somatic/SNP_Indels/strelka_out/vcf/Sample11_ACI_158_S38.test.FINAL.vcf --variant:varscan /spin1/scratch/tandonm/pipeline_out/tn_test_1/somatic/SNP_Indels/varscan_out/vcf/Sample11_ACI_158_S38.test.FINAL.vcf'}
