Building DAG of jobs...
Using shell: /usr/bin/bash
Provided cores: 4
Rules claiming more threads will be scaled down.
Job counts:
	count	jobs
	1	mutect
	1

[Sat Mar 13 00:25:39 2021]
rule mutect:
    input: /spin1/scratch/tandonm/pipeline_out/tn_test_1/bams/chrom_split/Sample4_CRL1622_S31.test.chr10.split.bam, /spin1/scratch/tandonm/pipeline_out/tn_test_1/bams/chrom_split/Sample10_ARK1_S37.test.chr10.split.bam
    output: /spin1/scratch/tandonm/pipeline_out/tn_test_1/somatic/SNP_Indels/mutect_out/chrom_split/Sample10_ARK1_S37.test.chr10.vcf, /spin1/scratch/tandonm/pipeline_out/tn_test_1/somatic/SNP_Indels/mutect_out/chrom_split/Sample10_ARK1_S37.test.chr10.stats.out
    jobid: 0
    wildcards: samples=Sample10_ARK1_S37.test, chroms=chr10


  +--------------------------------------------------------------------------+
           muTect functionality has been merged with GATK since 2015.
                   Please consider using GATK instead.

                     For more information please see:

             https://software.broadinstitute.org/gatk/blog?id=6495
  +--------------------------------------------------------------------------+

[+] Loading java 1.7.0_80  ... 
[+] Loading mutect / 1.1.7  ... 
mem = 2g
tmpdir = /lscratch/10304439/muTect
INFO  00:25:43,201 HelpFormatter - -------------------------------------------------------------------------------- 
INFO  00:25:43,202 HelpFormatter - The Genome Analysis Toolkit (GATK) v3.1-0-g72492bb, Compiled 2014/12/15 20:09:26 
INFO  00:25:43,203 HelpFormatter - Copyright (c) 2010 The Broad Institute 
INFO  00:25:43,203 HelpFormatter - For support and documentation go to http://www.broadinstitute.org/gatk 
INFO  00:25:43,205 HelpFormatter - Program Args: --analysis_type MuTect --reference_sequence /data/tandonm/pl_test_data/human/genome/hg38/Homo_sapiens_assembly38.fasta --normal_panel /data/CCBR_Pipeliner/db/PipeDB/lib/hg38.noCOSMIC_ClinVar.pon.vcf.gz --vcf /spin1/scratch/tandonm/pipeline_out/tn_test_1/somatic/SNP_Indels/mutect_out/chrom_split/Sample10_ARK1_S37.test.chr10.vcf --cosmic /data/CCBR_Pipeliner/db/PipeDB/lib/COSMIC_82_hg38.vcf.gz --dbsnp /fdb/GATK_resource_bundle/hg38bundle/dbsnp_138.hg38.vcf.gz --disable_auto_index_creation_and_locking_when_reading_rods --input_file:normal /spin1/scratch/tandonm/pipeline_out/tn_test_1/bams/chrom_split/Sample4_CRL1622_S31.test.chr10.split.bam --input_file:tumor /spin1/scratch/tandonm/pipeline_out/tn_test_1/bams/chrom_split/Sample10_ARK1_S37.test.chr10.split.bam --out /spin1/scratch/tandonm/pipeline_out/tn_test_1/somatic/SNP_Indels/mutect_out/chrom_split/Sample10_ARK1_S37.test.chr10.stats.out -rf BadCigar 
INFO  00:25:43,208 HelpFormatter - Executing as tandonm@cn2412 on Linux 3.10.0-862.14.4.el7.x86_64 amd64; Java HotSpot(TM) 64-Bit Server VM 1.7.0_80-b15. 
INFO  00:25:43,209 HelpFormatter - Date/Time: 2021/03/13 00:25:43 
INFO  00:25:43,209 HelpFormatter - -------------------------------------------------------------------------------- 
INFO  00:25:43,209 HelpFormatter - -------------------------------------------------------------------------------- 
INFO  00:25:43,641 GenomeAnalysisEngine - Strictness is SILENT 
INFO  00:25:43,928 GenomeAnalysisEngine - Downsampling Settings: Method: BY_SAMPLE, Target Coverage: 1000 
INFO  00:25:43,935 SAMDataSource$SAMReaders - Initializing SAMRecords in serial 
INFO  00:25:44,045 SAMDataSource$SAMReaders - Done initializing BAM readers: total time 0.11 
WARN  00:25:44,736 IndexDictionaryUtils - Track dbsnp doesn't have a sequence dictionary built in, skipping dictionary validation 
WARN  00:25:44,737 IndexDictionaryUtils - Track cosmic doesn't have a sequence dictionary built in, skipping dictionary validation 
WARN  00:25:44,737 IndexDictionaryUtils - Track normal_panel doesn't have a sequence dictionary built in, skipping dictionary validation 
INFO  00:25:44,796 GenomeAnalysisEngine - Preparing for traversal over 2 BAM files 
INFO  00:25:44,872 GenomeAnalysisEngine - Done preparing for traversal 
INFO  00:25:44,873 ProgressMeter - [INITIALIZATION COMPLETE; STARTING PROCESSING] 
INFO  00:25:44,873 ProgressMeter -        Location processed.sites  runtime per.1M.sites completed total.runtime remaining 
INFO  00:25:44,874 MuTect - VERSION INFO: MuTect:1.1.6-4-g69b7a37 Gatk:3.1-0-g72492bb 
INFO  00:26:15,020 ProgressMeter -   chr1:42920201        0.00e+00   30.0 s       49.8 w      1.3%        37.5 m    37.0 m 
INFO  00:26:45,050 ProgressMeter -  chr1:103026801        0.00e+00   60.0 s       99.5 w      3.2%        31.2 m    30.2 m 
INFO  00:27:15,053 ProgressMeter -  chr1:166413701        0.00e+00   90.0 s      149.1 w      5.2%        29.0 m    27.5 m 
INFO  00:27:45,089 ProgressMeter -  chr1:224279001        0.00e+00  120.0 s      198.8 w      7.0%        28.7 m    26.7 m 
INFO  00:28:15,092 ProgressMeter -   chr2:28515301        2.49e+08    2.5 m        0.0 s      8.6%        29.0 m    26.5 m 
INFO  00:28:45,182 ProgressMeter -   chr2:85667801        2.49e+08    3.0 m        0.0 s     10.4%        28.8 m    25.8 m 
INFO  00:29:15,184 ProgressMeter -  chr2:145796801        2.49e+08    3.5 m        0.0 s     12.3%        28.5 m    25.0 m 
INFO  00:29:45,185 ProgressMeter -  chr2:204652201        2.49e+08    4.0 m        0.0 s     14.1%        28.4 m    24.4 m 
INFO  00:30:15,201 ProgressMeter -   chr3:16488101        4.91e+08    4.5 m        0.0 s     15.8%        28.5 m    24.0 m 
INFO  00:30:45,280 ProgressMeter -   chr3:74541801        4.91e+08    5.0 m        0.0 s     17.6%        28.4 m    23.4 m 
INFO  00:31:15,281 ProgressMeter -  chr3:133291701        4.91e+08    5.5 m        0.0 s     19.4%        28.3 m    22.8 m 
INFO  00:31:45,316 ProgressMeter -  chr3:193348601        4.91e+08    6.0 m        0.0 s     21.3%        28.2 m    22.2 m 
INFO  00:32:15,352 ProgressMeter -   chr4:47946101        6.89e+08    6.5 m        0.0 s     22.9%        28.4 m    21.9 m 
INFO  00:32:45,428 ProgressMeter -  chr4:106543901        6.89e+08    7.0 m        0.0 s     24.7%        28.3 m    21.3 m 
INFO  00:33:15,430 ProgressMeter -  chr4:164741001        6.89e+08    7.5 m        0.0 s     26.5%        28.2 m    20.7 m 
INFO  00:33:45,513 ProgressMeter -   chr5:25181201        8.80e+08    8.0 m        0.0 s     28.1%        28.4 m    20.4 m 
INFO  00:34:15,515 ProgressMeter -   chr5:83855201        8.80e+08    8.5 m        0.0 s     29.9%        28.4 m    19.9 m 
INFO  00:34:45,517 ProgressMeter -  chr5:140550601        8.80e+08    9.0 m        0.0 s     31.7%        28.4 m    19.4 m 
INFO  00:35:15,536 ProgressMeter -    chr6:9687801        1.06e+09    9.5 m        0.0 s     33.3%        28.5 m    19.0 m 
INFO  00:35:45,538 ProgressMeter -   chr6:62395301        1.06e+09   10.0 m        0.0 s     34.9%        28.6 m    18.6 m 
INFO  00:36:15,737 ProgressMeter -  chr6:121502401        1.06e+09   10.5 m        0.0 s     36.8%        28.6 m    18.1 m 
INFO  00:36:45,739 ProgressMeter -    chr7:5185301        1.23e+09   11.0 m        0.0 s     38.5%        28.6 m    17.6 m 
INFO  00:37:15,927 ProgressMeter -   chr7:64769501        1.23e+09   11.5 m        0.0 s     40.3%        28.6 m    17.1 m 
INFO  00:37:45,929 ProgressMeter -  chr7:124176401        1.23e+09   12.0 m        0.0 s     42.2%        28.5 m    16.5 m 
INFO  00:38:15,962 ProgressMeter -   chr8:18586001        1.39e+09   12.5 m        0.0 s     43.8%        28.6 m    16.0 m 
INFO  00:38:45,964 ProgressMeter -   chr8:77783001        1.39e+09   13.0 m        0.0 s     45.7%        28.5 m    15.5 m 
INFO  00:39:16,050 ProgressMeter -  chr8:137004601        1.39e+09   13.5 m        0.0 s     47.5%        28.5 m    14.9 m 
INFO  00:39:46,126 ProgressMeter -   chr9:47933301        1.54e+09   14.0 m        0.0 s     49.2%        28.5 m    14.4 m 
INFO  00:40:16,128 ProgressMeter -  chr9:112905001        1.54e+09   14.5 m        0.0 s     51.3%        28.3 m    13.8 m 
INFO  00:40:32,355 MuTect - [MUTECT] Processed 1000103 reads in 887386 ms 
INFO  00:40:33,365 MuTect - [MUTECT] Processed 2000166 reads in 1011 ms 
INFO  00:40:34,084 MuTect - [MUTECT] Inspected 1000 potential candidates 
INFO  00:40:34,098 MuTect - [MUTECT] Processed 3000242 reads in 733 ms 
INFO  00:40:36,998 MuTect - [MUTECT] Processed 4000256 reads in 2900 ms 
INFO  00:40:37,651 MuTect - [MUTECT] Processed 5000270 reads in 652 ms 
INFO  00:40:37,860 MuTect - [MUTECT] Inspected 2000 potential candidates 
INFO  00:40:39,725 MuTect - [MUTECT] Processed 6000428 reads in 2074 ms 
INFO  00:40:40,290 MuTect - [MUTECT] Processed 7000503 reads in 566 ms 
INFO  00:40:41,071 MuTect - [MUTECT] Processed 8000527 reads in 781 ms 
INFO  00:40:41,161 MuTect - [MUTECT] Inspected 3000 potential candidates 
INFO  00:40:41,780 MuTect - [MUTECT] Processed 9000542 reads in 709 ms 
INFO  00:40:42,294 MuTect - [MUTECT] Processed 10000544 reads in 514 ms 
INFO  00:40:42,881 MuTect - [MUTECT] Processed 11000612 reads in 586 ms 
INFO  00:40:42,998 MuTect - [MUTECT] Inspected 4000 potential candidates 
INFO  00:40:43,595 MuTect - [MUTECT] Processed 12000663 reads in 715 ms 
INFO  00:40:44,967 MuTect - [MUTECT] Processed 13000735 reads in 1372 ms 
INFO  00:40:45,697 MuTect - [MUTECT] Inspected 5000 potential candidates 
INFO  00:40:45,995 MuTect - [MUTECT] Processed 14000760 reads in 1028 ms 
INFO  00:40:46,129 ProgressMeter -   chr10:7746449        1.68e+09   15.0 m        0.0 s     52.3%        28.7 m    13.7 m 
INFO  00:40:46,640 MuTect - [MUTECT] Processed 15000842 reads in 644 ms 
INFO  00:40:49,656 MuTect - [MUTECT] Processed 16000877 reads in 3017 ms 
INFO  00:40:49,966 MuTect - [MUTECT] Inspected 6000 potential candidates 
INFO  00:40:50,833 MuTect - [MUTECT] Processed 17000909 reads in 1177 ms 
INFO  00:40:51,554 MuTect - [MUTECT] Processed 18000912 reads in 721 ms 
INFO  00:40:52,045 MuTect - [MUTECT] Inspected 7000 potential candidates 
INFO  00:40:52,195 MuTect - [MUTECT] Processed 19000960 reads in 641 ms 
INFO  00:40:53,836 MuTect - [MUTECT] Processed 20001070 reads in 1641 ms 
INFO  00:40:54,678 MuTect - [MUTECT] Processed 21001072 reads in 842 ms 
INFO  00:40:54,862 MuTect - [MUTECT] Inspected 8000 potential candidates 
INFO  00:40:55,434 MuTect - [MUTECT] Processed 22001072 reads in 756 ms 
INFO  00:40:57,022 MuTect - [MUTECT] Processed 23001112 reads in 1588 ms 
INFO  00:40:57,805 MuTect - [MUTECT] Processed 24001150 reads in 783 ms 
INFO  00:40:57,811 MuTect - [MUTECT] Inspected 9000 potential candidates 
INFO  00:40:58,502 MuTect - [MUTECT] Processed 25001216 reads in 697 ms 
INFO  00:40:59,497 MuTect - [MUTECT] Processed 26001289 reads in 995 ms 
INFO  00:41:00,582 MuTect - [MUTECT] Inspected 10000 potential candidates 
INFO  00:41:00,868 MuTect - [MUTECT] Processed 27001341 reads in 1371 ms 
INFO  00:41:01,490 MuTect - [MUTECT] Processed 28001467 reads in 622 ms 
INFO  00:41:02,102 MuTect - [MUTECT] Processed 29001471 reads in 612 ms 
INFO  00:41:02,572 MuTect - [MUTECT] Inspected 11000 potential candidates 
INFO  00:41:02,972 MuTect - [MUTECT] Processed 30001479 reads in 870 ms 
INFO  00:41:03,614 MuTect - [MUTECT] Processed 31001621 reads in 642 ms 
INFO  00:41:04,599 MuTect - [MUTECT] Processed 32001684 reads in 985 ms 
INFO  00:41:05,104 MuTect - [MUTECT] Inspected 12000 potential candidates 
INFO  00:41:05,545 MuTect - [MUTECT] Processed 33001715 reads in 946 ms 
INFO  00:41:06,658 MuTect - [MUTECT] Processed 34001830 reads in 1113 ms 
INFO  00:41:08,040 MuTect - [MUTECT] Processed 35001831 reads in 1382 ms 
INFO  00:41:08,531 MuTect - [MUTECT] Inspected 13000 potential candidates 
INFO  00:41:09,052 MuTect - [MUTECT] Processed 36001911 reads in 1012 ms 
INFO  00:41:10,050 MuTect - [MUTECT] Processed 37001987 reads in 998 ms 
INFO  00:41:11,021 MuTect - [MUTECT] Processed 38002180 reads in 971 ms 
INFO  00:41:11,779 MuTect - [MUTECT] Inspected 14000 potential candidates 
INFO  00:41:12,466 MuTect - [MUTECT] Processed 39002223 reads in 1445 ms 
INFO  00:41:13,295 MuTect - [MUTECT] Processed 40002436 reads in 829 ms 
INFO  00:41:14,052 MuTect - [MUTECT] Processed 41002471 reads in 757 ms 
INFO  00:41:14,416 MuTect - [MUTECT] Inspected 15000 potential candidates 
INFO  00:41:15,071 MuTect - [MUTECT] Processed 42002480 reads in 1019 ms 
INFO  00:41:15,926 MuTect - [MUTECT] Processed 43002631 reads in 855 ms 
INFO  00:41:16,207 ProgressMeter -  chr10:26277753        1.70e+09   15.5 m        0.0 s     52.9%        29.3 m    13.8 m 
INFO  00:41:16,975 MuTect - [MUTECT] Processed 44002744 reads in 1049 ms 
INFO  00:41:17,403 MuTect - [MUTECT] Inspected 16000 potential candidates 
INFO  00:41:17,811 MuTect - [MUTECT] Processed 45002745 reads in 836 ms 
INFO  00:41:18,374 MuTect - [MUTECT] Processed 46002786 reads in 563 ms 
INFO  00:41:19,155 MuTect - [MUTECT] Processed 47002845 reads in 781 ms 
INFO  00:41:19,735 MuTect - [MUTECT] Inspected 17000 potential candidates 
INFO  00:41:20,063 MuTect - [MUTECT] Processed 48002865 reads in 908 ms 
INFO  00:41:21,175 MuTect - [MUTECT] Processed 49002890 reads in 1112 ms 
INFO  00:41:22,329 MuTect - [MUTECT] Processed 50002947 reads in 1154 ms 
INFO  00:41:22,375 MuTect - [MUTECT] Inspected 18000 potential candidates 
INFO  00:41:23,330 MuTect - [MUTECT] Processed 51003130 reads in 1001 ms 
INFO  00:41:24,367 MuTect - [MUTECT] Processed 52003203 reads in 1037 ms 
INFO  00:41:24,915 MuTect - [MUTECT] Inspected 19000 potential candidates 
INFO  00:41:25,601 MuTect - [MUTECT] Processed 53003287 reads in 1234 ms 
INFO  00:41:26,479 MuTect - [MUTECT] Processed 54003385 reads in 878 ms 
INFO  00:41:27,322 MuTect - [MUTECT] Processed 55003494 reads in 843 ms 
INFO  00:41:27,851 MuTect - [MUTECT] Inspected 20000 potential candidates 
INFO  00:41:28,275 MuTect - [MUTECT] Processed 56003541 reads in 953 ms 
INFO  00:41:29,784 MuTect - [MUTECT] Processed 57003542 reads in 1509 ms 
INFO  00:41:31,107 MuTect - [MUTECT] Processed 58003569 reads in 1323 ms 
INFO  00:41:31,251 MuTect - [MUTECT] Inspected 21000 potential candidates 
INFO  00:41:32,015 MuTect - [MUTECT] Processed 59003570 reads in 908 ms 
INFO  00:41:33,226 MuTect - [MUTECT] Processed 60003608 reads in 1211 ms 
INFO  00:41:34,938 MuTect - [MUTECT] Processed 61003749 reads in 1712 ms 
INFO  00:41:34,961 MuTect - [MUTECT] Inspected 22000 potential candidates 
INFO  00:41:35,645 MuTect - [MUTECT] Processed 62003750 reads in 707 ms 
INFO  00:41:38,637 MuTect - [MUTECT] Processed 63003751 reads in 2992 ms 
INFO  00:41:39,467 MuTect - [MUTECT] Inspected 23000 potential candidates 
INFO  00:41:39,703 MuTect - [MUTECT] Processed 64003840 reads in 1066 ms 
INFO  00:41:40,509 MuTect - [MUTECT] Processed 65003931 reads in 806 ms 
INFO  00:41:41,171 MuTect - [MUTECT] Processed 66004036 reads in 662 ms 
INFO  00:41:41,691 MuTect - [MUTECT] Inspected 24000 potential candidates 
INFO  00:41:42,400 MuTect - [MUTECT] Processed 67004036 reads in 1229 ms 
INFO  00:41:43,452 MuTect - [MUTECT] Processed 68004036 reads in 1052 ms 
INFO  00:41:44,422 MuTect - [MUTECT] Processed 69004078 reads in 969 ms 
INFO  00:41:45,034 MuTect - [MUTECT] Processed 70004148 reads in 613 ms 
INFO  00:41:45,436 MuTect - [MUTECT] Inspected 25000 potential candidates 
INFO  00:41:45,469 MuTect - [MUTECT] Processed 71004279 reads in 435 ms 
INFO  00:41:46,048 MuTect - [MUTECT] Processed 72004407 reads in 579 ms 
INFO  00:41:46,355 ProgressMeter -  chr10:46033457        1.72e+09   16.0 m        0.0 s     53.5%        29.9 m    13.9 m 
INFO  00:41:46,702 MuTect - [MUTECT] Processed 73004407 reads in 654 ms 
INFO  00:41:47,281 MuTect - [MUTECT] Processed 74004496 reads in 579 ms 
INFO  00:41:47,897 MuTect - [MUTECT] Processed 75004578 reads in 616 ms 
INFO  00:41:48,577 MuTect - [MUTECT] Inspected 26000 potential candidates 
INFO  00:41:48,628 MuTect - [MUTECT] Processed 76004581 reads in 731 ms 
INFO  00:41:49,261 MuTect - [MUTECT] Processed 77004757 reads in 633 ms 
INFO  00:41:49,898 MuTect - [MUTECT] Processed 78004862 reads in 637 ms 
INFO  00:41:50,392 MuTect - [MUTECT] Processed 79005007 reads in 494 ms 
INFO  00:41:50,998 MuTect - [MUTECT] Processed 80005098 reads in 605 ms 
INFO  00:41:51,635 MuTect - [MUTECT] Processed 81005118 reads in 638 ms 
INFO  00:41:51,886 MuTect - [MUTECT] Inspected 27000 potential candidates 
INFO  00:41:52,282 MuTect - [MUTECT] Processed 82005177 reads in 647 ms 
INFO  00:41:52,987 MuTect - [MUTECT] Processed 83005266 reads in 705 ms 
INFO  00:41:53,712 MuTect - [MUTECT] Processed 84005270 reads in 725 ms 
INFO  00:41:54,051 MuTect - [MUTECT] Inspected 28000 potential candidates 
INFO  00:41:54,439 MuTect - [MUTECT] Processed 85005276 reads in 727 ms 
INFO  00:41:55,000 MuTect - [MUTECT] Processed 86005453 reads in 561 ms 
INFO  00:41:55,698 MuTect - [MUTECT] Processed 87005569 reads in 698 ms 
INFO  00:41:55,936 MuTect - [MUTECT] Inspected 29000 potential candidates 
INFO  00:41:56,353 MuTect - [MUTECT] Processed 88005571 reads in 655 ms 
INFO  00:41:56,963 MuTect - [MUTECT] Processed 89005572 reads in 610 ms 
INFO  00:41:57,506 MuTect - [MUTECT] Processed 90005759 reads in 543 ms 
INFO  00:41:58,312 MuTect - [MUTECT] Processed 91005780 reads in 806 ms 
INFO  00:41:58,496 MuTect - [MUTECT] Inspected 30000 potential candidates 
INFO  00:41:59,463 MuTect - [MUTECT] Processed 92005819 reads in 1151 ms 
INFO  00:42:00,960 MuTect - [MUTECT] Processed 93005820 reads in 1497 ms 
INFO  00:42:02,038 MuTect - [MUTECT] Processed 94006149 reads in 1078 ms 
INFO  00:42:02,619 MuTect - [MUTECT] Inspected 31000 potential candidates 
INFO  00:42:02,819 MuTect - [MUTECT] Processed 95006149 reads in 781 ms 
INFO  00:42:06,193 MuTect - [MUTECT] Processed 96006156 reads in 3374 ms 
INFO  00:42:07,278 MuTect - [MUTECT] Processed 97006285 reads in 1085 ms 
INFO  00:42:07,428 MuTect - [MUTECT] Inspected 32000 potential candidates 
INFO  00:42:08,223 MuTect - [MUTECT] Processed 98006426 reads in 945 ms 
INFO  00:42:08,841 MuTect - [MUTECT] Processed 99006536 reads in 618 ms 
INFO  00:42:09,212 MuTect - [MUTECT] Processed 100006623 reads in 371 ms 
INFO  00:42:09,747 MuTect - [MUTECT] Processed 101006686 reads in 535 ms 
INFO  00:42:10,004 MuTect - [MUTECT] Inspected 33000 potential candidates 
INFO  00:42:10,762 MuTect - [MUTECT] Processed 102006741 reads in 1015 ms 
INFO  00:42:11,881 MuTect - [MUTECT] Processed 103006780 reads in 1119 ms 
INFO  00:42:12,641 MuTect - [MUTECT] Processed 104006783 reads in 760 ms 
INFO  00:42:13,626 MuTect - [MUTECT] Processed 105006856 reads in 985 ms 
INFO  00:42:13,923 MuTect - [MUTECT] Inspected 34000 potential candidates 
INFO  00:42:14,461 MuTect - [MUTECT] Processed 106006946 reads in 835 ms 
INFO  00:42:15,217 MuTect - [MUTECT] Processed 107006969 reads in 756 ms 
INFO  00:42:16,443 ProgressMeter -  chr10:64794937        1.74e+09   16.5 m        0.0 s     54.1%        30.5 m    14.0 m 
INFO  00:42:17,792 MuTect - [MUTECT] Processed 108007084 reads in 2575 ms 
INFO  00:42:18,226 MuTect - [MUTECT] Inspected 35000 potential candidates 
INFO  00:42:19,279 MuTect - [MUTECT] Processed 109007130 reads in 1487 ms 
INFO  00:42:19,887 MuTect - [MUTECT] Processed 110007259 reads in 608 ms 
INFO  00:42:20,565 MuTect - [MUTECT] Processed 111007302 reads in 678 ms 
INFO  00:42:21,222 MuTect - [MUTECT] Processed 112007401 reads in 657 ms 
INFO  00:42:21,413 MuTect - [MUTECT] Inspected 36000 potential candidates 
INFO  00:42:21,758 MuTect - [MUTECT] Processed 113007436 reads in 536 ms 
INFO  00:42:22,387 MuTect - [MUTECT] Processed 114007542 reads in 629 ms 
INFO  00:42:22,928 MuTect - [MUTECT] Processed 115007587 reads in 541 ms 
INFO  00:42:23,513 MuTect - [MUTECT] Processed 116007588 reads in 585 ms 
INFO  00:42:23,554 MuTect - [MUTECT] Inspected 37000 potential candidates 
INFO  00:42:24,026 MuTect - [MUTECT] Processed 117007594 reads in 513 ms 
INFO  00:42:24,666 MuTect - [MUTECT] Processed 118007659 reads in 640 ms 
INFO  00:42:25,212 MuTect - [MUTECT] Processed 119007717 reads in 546 ms 
INFO  00:42:25,905 MuTect - [MUTECT] Inspected 38000 potential candidates 
INFO  00:42:25,923 MuTect - [MUTECT] Processed 120007865 reads in 711 ms 
INFO  00:42:26,960 MuTect - [MUTECT] Processed 121007969 reads in 1037 ms 
INFO  00:42:27,707 MuTect - [MUTECT] Processed 122007975 reads in 747 ms 
INFO  00:42:28,183 MuTect - [MUTECT] Processed 123007979 reads in 476 ms 
INFO  00:42:28,492 MuTect - [MUTECT] Inspected 39000 potential candidates 
INFO  00:42:28,946 MuTect - [MUTECT] Processed 124008008 reads in 763 ms 
INFO  00:42:29,572 MuTect - [MUTECT] Processed 125008012 reads in 626 ms 
INFO  00:42:30,254 MuTect - [MUTECT] Processed 126008077 reads in 682 ms 
INFO  00:42:31,125 MuTect - [MUTECT] Inspected 40000 potential candidates 
INFO  00:42:31,143 MuTect - [MUTECT] Processed 127008083 reads in 889 ms 
INFO  00:42:32,060 MuTect - [MUTECT] Processed 128008156 reads in 917 ms 
INFO  00:42:32,536 MuTect - [MUTECT] Processed 129008252 reads in 476 ms 
INFO  00:42:33,103 MuTect - [MUTECT] Processed 130008609 reads in 567 ms 
INFO  00:42:33,265 MuTect - [MUTECT] Inspected 41000 potential candidates 
INFO  00:42:33,769 MuTect - [MUTECT] Processed 131008627 reads in 666 ms 
INFO  00:42:34,364 MuTect - [MUTECT] Processed 132008632 reads in 595 ms 
INFO  00:42:35,345 MuTect - [MUTECT] Processed 133008870 reads in 981 ms 
INFO  00:42:35,887 MuTect - [MUTECT] Inspected 42000 potential candidates 
INFO  00:42:36,149 MuTect - [MUTECT] Processed 134008879 reads in 804 ms 
INFO  00:42:36,817 MuTect - [MUTECT] Processed 135008934 reads in 668 ms 
INFO  00:42:37,286 MuTect - [MUTECT] Processed 136008956 reads in 469 ms 
INFO  00:42:37,892 MuTect - [MUTECT] Processed 137009027 reads in 606 ms 
INFO  00:42:38,271 MuTect - [MUTECT] Inspected 43000 potential candidates 
INFO  00:42:38,428 MuTect - [MUTECT] Processed 138009050 reads in 536 ms 
INFO  00:42:38,987 MuTect - [MUTECT] Processed 139009110 reads in 559 ms 
INFO  00:42:39,639 MuTect - [MUTECT] Processed 140009148 reads in 652 ms 
INFO  00:42:40,075 MuTect - [MUTECT] Processed 141009253 reads in 436 ms 
INFO  00:42:40,172 MuTect - [MUTECT] Inspected 44000 potential candidates 
INFO  00:42:40,596 MuTect - [MUTECT] Processed 142009258 reads in 521 ms 
INFO  00:42:40,984 MuTect - [MUTECT] Processed 143009526 reads in 388 ms 
INFO  00:42:41,587 MuTect - [MUTECT] Processed 144009588 reads in 603 ms 
INFO  00:42:42,331 MuTect - [MUTECT] Processed 145009644 reads in 744 ms 
INFO  00:42:42,677 MuTect - [MUTECT] Inspected 45000 potential candidates 
INFO  00:42:43,406 MuTect - [MUTECT] Processed 146009645 reads in 1075 ms 
INFO  00:42:44,095 MuTect - [MUTECT] Processed 147009816 reads in 689 ms 
INFO  00:42:44,590 MuTect - [MUTECT] Processed 148009856 reads in 495 ms 
INFO  00:42:45,059 MuTect - [MUTECT] Inspected 46000 potential candidates 
INFO  00:42:45,260 MuTect - [MUTECT] Processed 149009857 reads in 670 ms 
INFO  00:42:46,444 ProgressMeter -  chr10:76372325        1.75e+09   17.0 m        0.0 s     54.4%        31.3 m    14.2 m 
INFO  00:42:46,982 MuTect - [MUTECT] Processed 150009857 reads in 1722 ms 
INFO  00:42:48,092 MuTect - [MUTECT] Processed 151009885 reads in 1110 ms 
INFO  00:42:48,704 MuTect - [MUTECT] Processed 152009891 reads in 612 ms 
INFO  00:42:49,362 MuTect - [MUTECT] Processed 153010230 reads in 658 ms 
INFO  00:42:49,779 MuTect - [MUTECT] Processed 154010459 reads in 417 ms 
INFO  00:42:49,831 MuTect - [MUTECT] Inspected 47000 potential candidates 
INFO  00:42:51,534 MuTect - [MUTECT] Processed 155010489 reads in 1755 ms 
INFO  00:42:52,113 MuTect - [MUTECT] Processed 156010659 reads in 579 ms 
INFO  00:42:52,840 MuTect - [MUTECT] Processed 157010726 reads in 727 ms 
INFO  00:42:53,424 MuTect - [MUTECT] Processed 158010781 reads in 584 ms 
INFO  00:42:54,219 MuTect - [MUTECT] Processed 159010875 reads in 795 ms 
INFO  00:42:54,309 MuTect - [MUTECT] Inspected 48000 potential candidates 
INFO  00:42:54,786 MuTect - [MUTECT] Processed 160010903 reads in 567 ms 
INFO  00:42:56,900 MuTect - [MUTECT] Processed 161010907 reads in 2114 ms 
INFO  00:42:58,281 MuTect - [MUTECT] Inspected 49000 potential candidates 
INFO  00:42:58,353 MuTect - [MUTECT] Processed 162010973 reads in 1453 ms 
INFO  00:43:00,254 MuTect - [MUTECT] Processed 163010973 reads in 1901 ms 
INFO  00:43:01,220 MuTect - [MUTECT] Inspected 50000 potential candidates 
INFO  00:43:01,316 MuTect - [MUTECT] Processed 164011254 reads in 1062 ms 
INFO  00:43:02,012 MuTect - [MUTECT] Processed 165011319 reads in 696 ms 
INFO  00:43:02,756 MuTect - [MUTECT] Processed 166011326 reads in 744 ms 
INFO  00:43:03,052 MuTect - [MUTECT] Inspected 51000 potential candidates 
INFO  00:43:03,799 MuTect - [MUTECT] Processed 167011406 reads in 1043 ms 
INFO  00:43:04,490 MuTect - [MUTECT] Processed 168011444 reads in 691 ms 
INFO  00:43:05,451 MuTect - [MUTECT] Inspected 52000 potential candidates 
INFO  00:43:05,506 MuTect - [MUTECT] Processed 169011470 reads in 1016 ms 
INFO  00:43:06,220 MuTect - [MUTECT] Processed 170011521 reads in 714 ms 
INFO  00:43:06,850 MuTect - [MUTECT] Processed 171011568 reads in 630 ms 
INFO  00:43:07,367 MuTect - [MUTECT] Inspected 53000 potential candidates 
INFO  00:43:08,235 MuTect - [MUTECT] Processed 172011568 reads in 1385 ms 
INFO  00:43:09,334 MuTect - [MUTECT] Processed 173011664 reads in 1099 ms 
INFO  00:43:09,899 MuTect - [MUTECT] Inspected 54000 potential candidates 
INFO  00:43:09,921 MuTect - [MUTECT] Processed 174011697 reads in 587 ms 
INFO  00:43:10,883 MuTect - [MUTECT] Processed 175011703 reads in 962 ms 
INFO  00:43:11,810 MuTect - [MUTECT] Processed 176011705 reads in 927 ms 
INFO  00:43:11,947 MuTect - [MUTECT] Inspected 55000 potential candidates 
INFO  00:43:12,536 MuTect - [MUTECT] Processed 177011780 reads in 726 ms 
INFO  00:43:13,267 MuTect - [MUTECT] Processed 178011828 reads in 731 ms 
INFO  00:43:13,577 MuTect - [MUTECT] Inspected 56000 potential candidates 
INFO  00:43:14,220 MuTect - [MUTECT] Processed 179011842 reads in 953 ms 
INFO  00:43:14,991 MuTect - [MUTECT] Processed 180011864 reads in 771 ms 
INFO  00:43:15,561 MuTect - [MUTECT] Inspected 57000 potential candidates 
INFO  00:43:15,920 MuTect - [MUTECT] Processed 181011887 reads in 929 ms 
INFO  00:43:16,448 ProgressMeter -  chr10:95355845        1.77e+09   17.5 m        0.0 s     55.0%        31.8 m    14.3 m 
INFO  00:43:16,613 MuTect - [MUTECT] Processed 182011900 reads in 693 ms 
INFO  00:43:17,374 MuTect - [MUTECT] Processed 183011959 reads in 761 ms 
INFO  00:43:17,486 MuTect - [MUTECT] Inspected 58000 potential candidates 
INFO  00:43:18,086 MuTect - [MUTECT] Processed 184011981 reads in 712 ms 
INFO  00:43:18,784 MuTect - [MUTECT] Processed 185011999 reads in 697 ms 
INFO  00:43:19,650 MuTect - [MUTECT] Inspected 59000 potential candidates 
INFO  00:43:19,815 MuTect - [MUTECT] Processed 186012023 reads in 1032 ms 
INFO  00:43:20,663 MuTect - [MUTECT] Processed 187012073 reads in 847 ms 
INFO  00:43:21,247 MuTect - [MUTECT] Processed 188012074 reads in 585 ms 
INFO  00:43:21,286 MuTect - [MUTECT] Inspected 60000 potential candidates 
INFO  00:43:21,945 MuTect - [MUTECT] Processed 189012081 reads in 698 ms 
INFO  00:43:22,808 MuTect - [MUTECT] Processed 190012106 reads in 863 ms 
INFO  00:43:23,081 MuTect - [MUTECT] Inspected 61000 potential candidates 
INFO  00:43:23,462 MuTect - [MUTECT] Processed 191012129 reads in 654 ms 
INFO  00:43:24,920 MuTect - [MUTECT] Processed 192012135 reads in 1458 ms 
INFO  00:43:25,397 MuTect - [MUTECT] Inspected 62000 potential candidates 
INFO  00:43:25,569 MuTect - [MUTECT] Processed 193012162 reads in 649 ms 
INFO  00:43:26,345 MuTect - [MUTECT] Processed 194012214 reads in 776 ms 
INFO  00:43:26,988 MuTect - [MUTECT] Processed 195012267 reads in 643 ms 
INFO  00:43:27,064 MuTect - [MUTECT] Inspected 63000 potential candidates 
INFO  00:43:27,795 MuTect - [MUTECT] Processed 196012301 reads in 807 ms 
INFO  00:43:28,417 MuTect - [MUTECT] Processed 197012321 reads in 622 ms 
INFO  00:43:28,588 MuTect - [MUTECT] Inspected 64000 potential candidates 
INFO  00:43:28,945 MuTect - [MUTECT] Processed 198012441 reads in 528 ms 
INFO  00:43:30,017 MuTect - [MUTECT] Processed 199012481 reads in 1072 ms 
INFO  00:43:30,350 MuTect - [MUTECT] Inspected 65000 potential candidates 
INFO  00:43:30,657 MuTect - [MUTECT] Processed 200012483 reads in 640 ms 
INFO  00:43:31,203 MuTect - [MUTECT] Processed 201012538 reads in 546 ms 
INFO  00:43:31,806 MuTect - [MUTECT] Processed 202012570 reads in 603 ms 
INFO  00:43:31,822 MuTect - [MUTECT] Inspected 66000 potential candidates 
INFO  00:43:32,519 MuTect - [MUTECT] Processed 203012622 reads in 713 ms 
INFO  00:43:33,192 MuTect - [MUTECT] Processed 204012637 reads in 673 ms 
INFO  00:43:33,376 MuTect - [MUTECT] Inspected 67000 potential candidates 
INFO  00:43:34,049 MuTect - [MUTECT] Processed 205012768 reads in 857 ms 
INFO  00:43:34,706 MuTect - [MUTECT] Processed 206012788 reads in 657 ms 
INFO  00:43:35,012 MuTect - [MUTECT] Inspected 68000 potential candidates 
INFO  00:43:35,369 MuTect - [MUTECT] Processed 207012815 reads in 663 ms 
INFO  00:43:36,175 MuTect - [MUTECT] Processed 208012822 reads in 806 ms 
INFO  00:43:36,758 MuTect - [MUTECT] Processed 209012824 reads in 583 ms 
INFO  00:43:36,797 MuTect - [MUTECT] Inspected 69000 potential candidates 
INFO  00:43:37,902 MuTect - [MUTECT] Processed 210012871 reads in 1144 ms 
INFO  00:43:41,429 MuTect - [MUTECT] Processed 211012871 reads in 3527 ms 
INFO  00:43:41,496 MuTect - [MUTECT] Inspected 70000 potential candidates 
INFO  00:43:42,505 MuTect - [MUTECT] Processed 212012909 reads in 1076 ms 
INFO  00:43:43,282 MuTect - [MUTECT] Processed 213012958 reads in 777 ms 
INFO  00:43:43,936 MuTect - [MUTECT] Inspected 71000 potential candidates 
INFO  00:43:44,664 MuTect - [MUTECT] Processed 214012985 reads in 1382 ms 
INFO  00:43:45,991 MuTect - [MUTECT] Processed 215012998 reads in 1327 ms 
INFO  00:43:46,445 MuTect - [MUTECT] Inspected 72000 potential candidates 
INFO  00:43:46,471 ProgressMeter - chr10:113650025        1.79e+09   18.0 m        0.0 s     55.6%        32.4 m    14.4 m 
INFO  00:43:46,630 MuTect - [MUTECT] Processed 216013052 reads in 639 ms 
INFO  00:43:47,381 MuTect - [MUTECT] Processed 217013055 reads in 751 ms 
INFO  00:43:48,048 MuTect - [MUTECT] Processed 218013106 reads in 667 ms 
INFO  00:43:48,106 MuTect - [MUTECT] Inspected 73000 potential candidates 
INFO  00:43:49,126 MuTect - [MUTECT] Processed 219013113 reads in 1078 ms 
INFO  00:43:50,351 MuTect - [MUTECT] Processed 220013129 reads in 1225 ms 
INFO  00:43:50,911 MuTect - [MUTECT] Inspected 74000 potential candidates 
INFO  00:43:51,364 MuTect - [MUTECT] Processed 221013148 reads in 1013 ms 
INFO  00:43:52,265 MuTect - [MUTECT] Processed 222013203 reads in 901 ms 
INFO  00:43:52,619 MuTect - [MUTECT] Inspected 75000 potential candidates 
INFO  00:43:53,012 MuTect - [MUTECT] Processed 223013280 reads in 747 ms 
INFO  00:43:54,740 MuTect - [MUTECT] Processed 224013305 reads in 1728 ms 
INFO  00:43:55,334 MuTect - [MUTECT] Inspected 76000 potential candidates 
INFO  00:43:55,684 MuTect - [MUTECT] Processed 225013326 reads in 944 ms 
INFO  00:43:56,485 MuTect - [MUTECT] Processed 226013329 reads in 801 ms 
INFO  00:43:57,436 MuTect - [MUTECT] Processed 227013394 reads in 951 ms 
INFO  00:43:57,866 MuTect - [MUTECT] Inspected 77000 potential candidates 
INFO  00:43:59,089 MuTect - [MUTECT] Processed 228013437 reads in 1653 ms 
INFO  00:44:00,208 MuTect - [MUTECT] Processed 229013492 reads in 1119 ms 
INFO  00:44:00,426 MuTect - [MUTECT] Inspected 78000 potential candidates 
INFO  00:44:00,943 MuTect - [MUTECT] Processed 230013504 reads in 735 ms 
INFO  00:44:01,513 MuTect - [MUTECT] Processed 231013557 reads in 570 ms 
INFO  00:44:02,199 MuTect - [MUTECT] Inspected 79000 potential candidates 
INFO  00:44:02,230 MuTect - [MUTECT] Processed 232013557 reads in 717 ms 
INFO  00:44:03,383 MuTect - [MUTECT] Processed 233013595 reads in 1153 ms 
INFO  00:44:04,605 MuTect - [MUTECT] Processed 234013595 reads in 1222 ms 
INFO  00:44:04,688 MuTect - [MUTECT] Inspected 80000 potential candidates 
INFO  00:44:05,731 MuTect - [MUTECT] Processed 235013595 reads in 1125 ms 
INFO  00:44:06,380 MuTect - [MUTECT] Processed 236013611 reads in 650 ms 
INFO  00:44:06,811 MuTect - [MUTECT] Inspected 81000 potential candidates 
INFO  00:44:07,412 MuTect - [MUTECT] Processed 237013616 reads in 1032 ms 
INFO  00:44:08,572 MuTect - [MUTECT] Processed 238013681 reads in 1160 ms 
INFO  00:44:09,332 MuTect - [MUTECT] Inspected 82000 potential candidates 
INFO  00:44:09,593 MuTect - [MUTECT] Processed 239013697 reads in 1021 ms 
INFO  00:44:11,417 MuTect - [MUTECT] Processed 240013698 reads in 1824 ms 
INFO  00:44:12,067 MuTect - [MUTECT] Inspected 83000 potential candidates 
INFO  00:44:13,567 MuTect - [MUTECT] Processed 241013702 reads in 2150 ms 
INFO  00:44:14,347 MuTect - [MUTECT] Processed 242013702 reads in 780 ms 
INFO  00:44:14,610 MuTect - [MUTECT] Inspected 84000 potential candidates 
INFO  00:44:15,164 MuTect - [MUTECT] Processed 243013714 reads in 817 ms 
INFO  00:44:15,868 MuTect - [MUTECT] Processed 244013743 reads in 704 ms 
INFO  00:44:16,181 MuTect - [MUTECT] Inspected 85000 potential candidates 
INFO  00:44:16,495 MuTect - [MUTECT] Processed 245013789 reads in 626 ms 
INFO  00:44:16,524 ProgressMeter - chr10:133298041        1.81e+09   18.5 m        0.0 s     56.2%        32.9 m    14.4 m 
INFO  00:44:17,203 MuTect - [MUTECT] Processed 246013809 reads in 709 ms 
INFO  00:44:17,504 MuTect - [MUTECT] Inspected 86000 potential candidates 
INFO  00:44:46,525 ProgressMeter -  chr11:51573001        1.81e+09   19.0 m        0.0 s     57.8%        32.9 m    13.9 m 
INFO  00:45:16,574 ProgressMeter - chr11:108945401        1.81e+09   19.5 m        0.0 s     59.6%        32.7 m    13.2 m 
INFO  00:45:46,652 ProgressMeter -  chr12:27143901        1.94e+09   20.0 m        0.0 s     61.3%        32.7 m    12.7 m 
INFO  00:46:16,784 ProgressMeter -  chr12:86930101        1.94e+09   20.5 m        0.0 s     63.1%        32.5 m    12.0 m 
INFO  00:46:46,855 ProgressMeter -  chr13:11723201        2.08e+09   21.0 m        0.0 s     64.9%        32.4 m    11.4 m 
INFO  00:47:16,857 ProgressMeter -  chr13:71862501        2.08e+09   21.5 m        0.0 s     66.8%        32.2 m    10.7 m 
INFO  00:47:46,911 ProgressMeter -  chr14:18226001        2.19e+09   22.0 m        0.0 s     68.7%        32.1 m    10.0 m 
INFO  00:48:16,912 ProgressMeter -  chr14:74118001        2.19e+09   22.5 m        0.0 s     70.4%        32.0 m     9.5 m 
INFO  00:48:46,914 ProgressMeter -  chr15:26477401        2.30e+09   23.0 m        0.0 s     72.3%        31.9 m     8.8 m 
INFO  00:49:16,915 ProgressMeter -  chr15:82899901        2.30e+09   23.5 m        0.0 s     74.0%        31.8 m     8.3 m 
INFO  00:49:46,916 ProgressMeter -  chr16:30640901        2.40e+09   24.0 m        0.0 s     75.6%        31.8 m     7.8 m 
INFO  00:50:17,011 ProgressMeter -  chr16:88499301        2.40e+09   24.5 m        0.0 s     77.4%        31.7 m     7.2 m 
INFO  00:50:47,012 ProgressMeter -  chr17:56171601        2.49e+09   25.0 m        0.0 s     79.2%        31.6 m     6.6 m 
INFO  00:51:17,138 ProgressMeter -  chr18:30378901        2.57e+09   25.5 m        0.0 s     80.9%        31.5 m     6.0 m 
INFO  00:51:47,212 ProgressMeter -   chr19:6439401        2.65e+09   26.0 m        0.0 s     82.7%        31.5 m     5.4 m 
INFO  00:52:17,618 ProgressMeter -     chr20:54701        2.71e+09   26.5 m        0.0 s     84.3%        31.5 m     4.9 m 
INFO  00:52:47,695 ProgressMeter -  chr20:58228501        2.71e+09   27.0 m        0.0 s     86.1%        31.4 m     4.4 m 
INFO  00:53:17,697 ProgressMeter -   chr22:6612701        2.82e+09   27.5 m        0.0 s     88.0%        31.3 m     3.8 m 
INFO  00:53:47,719 ProgressMeter -   chrX:12149301        2.88e+09   28.0 m        0.0 s     89.7%        31.2 m     3.2 m 
INFO  00:54:18,032 ProgressMeter -   chrX:78904701        2.88e+09   28.6 m        0.0 s     91.8%        31.1 m     2.5 m 
INFO  00:54:48,096 ProgressMeter -  chrX:143704501        2.88e+09   29.1 m        0.0 s     93.8%        31.0 m   114.0 s 
INFO  00:55:18,221 ProgressMeter - chr16_KI270728v1_random:1728101        3.09e+09   29.6 m        0.0 s     96.1%        30.7 m    71.0 s 
INFO  00:55:48,222 ProgressMeter - chr19_GL949750v2_alt:86701        3.19e+09   30.1 m        0.0 s     99.3%        30.3 m    12.0 s 
INFO  00:55:57,604 Walker - [REDUCE RESULT] Traversal result is: 0 
INFO  00:55:57,809 ProgressMeter -            done        3.22e+09   30.2 m        0.0 s    100.0%        30.2 m     0.0 s 
INFO  00:55:57,809 ProgressMeter - Total runtime 1812.94 secs, 30.22 min, 0.50 hours 
INFO  00:55:57,864 MicroScheduler - 79847 reads were filtered out during the traversal out of approximately 1877299 total reads (4.25%) 
INFO  00:55:57,864 MicroScheduler -   -> 0 reads (0.00% of total) failing BadCigarFilter 
INFO  00:55:57,864 MicroScheduler -   -> 77310 reads (4.12% of total) failing DuplicateReadFilter 
INFO  00:55:57,864 MicroScheduler -   -> 0 reads (0.00% of total) failing FailsVendorQualityCheckFilter 
INFO  00:55:57,864 MicroScheduler -   -> 0 reads (0.00% of total) failing MalformedReadFilter 
INFO  00:55:57,864 MicroScheduler -   -> 1406 reads (0.07% of total) failing NotPrimaryAlignmentFilter 
INFO  00:55:57,865 MicroScheduler -   -> 1131 reads (0.06% of total) failing UnmappedReadFilter 
[Sat Mar 13 00:56:01 2021]
Finished job 0.
1 of 1 steps (100%) done
{'Sample10_ARK1_S37.test': '--variant:vardict /spin1/scratch/tandonm/pipeline_out/tn_test_1/somatic/SNP_Indels/vardict_out/vcf/Sample10_ARK1_S37.test.FINAL.vcf --variant:mutect /spin1/scratch/tandonm/pipeline_out/tn_test_1/somatic/SNP_Indels/mutect_out/vcf/Sample10_ARK1_S37.test.FINAL.vcf --variant:varscan /spin1/scratch/tandonm/pipeline_out/tn_test_1/somatic/SNP_Indels/varscan_out/vcf/Sample10_ARK1_S37.test.FINAL.vcf --variant:mutect2 /spin1/scratch/tandonm/pipeline_out/tn_test_1/somatic/SNP_Indels/mutect2_out/vcf/Sample10_ARK1_S37.test.FINAL.vcf --variant:strelka /spin1/scratch/tandonm/pipeline_out/tn_test_1/somatic/SNP_Indels/strelka_out/vcf/Sample10_ARK1_S37.test.FINAL.vcf', 'Sample11_ACI_158_S38.test': '--variant:vardict /spin1/scratch/tandonm/pipeline_out/tn_test_1/somatic/SNP_Indels/vardict_out/vcf/Sample11_ACI_158_S38.test.FINAL.vcf --variant:mutect /spin1/scratch/tandonm/pipeline_out/tn_test_1/somatic/SNP_Indels/mutect_out/vcf/Sample11_ACI_158_S38.test.FINAL.vcf --variant:varscan /spin1/scratch/tandonm/pipeline_out/tn_test_1/somatic/SNP_Indels/varscan_out/vcf/Sample11_ACI_158_S38.test.FINAL.vcf --variant:mutect2 /spin1/scratch/tandonm/pipeline_out/tn_test_1/somatic/SNP_Indels/mutect2_out/vcf/Sample11_ACI_158_S38.test.FINAL.vcf --variant:strelka /spin1/scratch/tandonm/pipeline_out/tn_test_1/somatic/SNP_Indels/strelka_out/vcf/Sample11_ACI_158_S38.test.FINAL.vcf'}
