Building DAG of jobs...
Using shell: /usr/bin/bash
Provided cores: 4
Rules claiming more threads will be scaled down.
Job counts:
	count	jobs
	1	haplotypecaller
	1

[Sat Mar 13 00:20:36 2021]
rule haplotypecaller:
    input: /spin1/scratch/tandonm/pipeline_out/tn_test_1/bams/Sample10_ARK1_S37.test.recal.bam
    output: /spin1/scratch/tandonm/pipeline_out/tn_test_1/germline/gVCFs/Sample10_ARK1_S37.test.chr5.g.vcf.gz, /spin1/scratch/tandonm/pipeline_out/tn_test_1/germline/gVCFs/Sample10_ARK1_S37.test.chr5.g.vcf.gz.tbi
    jobid: 0
    wildcards: samples=Sample10_ARK1_S37.test, chroms=chr5

[+] Loading gcc  9.2.0  ... 
[+] Loading GSL 2.6 for GCC 9.2.0 ... 
[-] Unloading gcc  9.2.0  ... 
[+] Loading gcc  9.2.0  ... 
[+] Loading openmpi 3.1.4  for GCC 9.2.0 
[+] Loading ImageMagick  7.0.8  on cn2427 
[+] Loading HDF5  1.10.4 
[-] Unloading gcc  9.2.0  ... 
[+] Loading gcc  9.2.0  ... 
[+] Loading NetCDF 4.7.4_gcc9.2.0 
[+] Loading pandoc  2.11.4  on cn2427 
[+] Loading R 3.6.3 
[+] Loading GATK  4.1.4.1 

GATK/4 includes its own python environment. Loading a different python
environment
after the GATK module will result in some tools failing. Conversely, the python
environment included with GATK/4 will override any python modules you may
already
have loaded.


00:20:41.894 WARN  GATKAnnotationPluginDescriptor - Redundant enabled annotation group (StandardAnnotation) is enabled for this tool by default
Mar 13, 2021 12:20:42 AM shaded.cloud_nio.com.google.auth.oauth2.ComputeEngineCredentials runningOnComputeEngine
INFO: Failed to detect whether we are running on Google Compute Engine.
00:20:42.141 INFO  HaplotypeCaller - ------------------------------------------------------------
00:20:42.141 INFO  HaplotypeCaller - The Genome Analysis Toolkit (GATK) v4.1.4.1
00:20:42.141 INFO  HaplotypeCaller - For support and documentation go to https://software.broadinstitute.org/gatk/
00:20:42.142 INFO  HaplotypeCaller - Executing as tandonm@cn2427 on Linux v3.10.0-862.14.4.el7.x86_64 amd64
00:20:42.142 INFO  HaplotypeCaller - Java runtime: OpenJDK 64-Bit Server VM v1.8.0_181-b13
00:20:42.142 INFO  HaplotypeCaller - Start Date/Time: March 13, 2021 12:20:41 AM EST
00:20:42.142 INFO  HaplotypeCaller - ------------------------------------------------------------
00:20:42.142 INFO  HaplotypeCaller - ------------------------------------------------------------
00:20:42.142 INFO  HaplotypeCaller - HTSJDK Version: 2.21.0
00:20:42.142 INFO  HaplotypeCaller - Picard Version: 2.21.2
00:20:42.145 INFO  HaplotypeCaller - HTSJDK Defaults.COMPRESSION_LEVEL : 2
00:20:42.145 INFO  HaplotypeCaller - HTSJDK Defaults.USE_ASYNC_IO_READ_FOR_SAMTOOLS : false
00:20:42.146 INFO  HaplotypeCaller - HTSJDK Defaults.USE_ASYNC_IO_WRITE_FOR_SAMTOOLS : true
00:20:42.146 INFO  HaplotypeCaller - HTSJDK Defaults.USE_ASYNC_IO_WRITE_FOR_TRIBBLE : false
00:20:42.147 INFO  HaplotypeCaller - Deflater: JdkDeflater
00:20:42.147 INFO  HaplotypeCaller - Inflater: JdkInflater
00:20:42.147 INFO  HaplotypeCaller - GCS max retries/reopens: 20
00:20:42.147 INFO  HaplotypeCaller - Requester pays: disabled
00:20:42.147 INFO  HaplotypeCaller - Initializing engine
WARNING	2021-03-13 00:20:42	SamFiles	The index file /gpfs/gsfs7/users/tandonm/pl_test_data/human/bams/Sample10_ARK1_S37.test.recal.bai was found by resolving the canonical path of a symlink: /spin1/scratch/tandonm/pipeline_out/tn_test_1/bams/Sample10_ARK1_S37.test.recal.bam -> /gpfs/gsfs7/users/tandonm/pl_test_data/human/bams/Sample10_ARK1_S37.test.recal.bam
WARNING: BAM index file /gpfs/gsfs7/users/tandonm/pl_test_data/human/bams/Sample10_ARK1_S37.test.recal.bai is older than BAM /spin1/scratch/tandonm/pipeline_out/tn_test_1/bams/Sample10_ARK1_S37.test.recal.bam
00:20:42.789 INFO  FeatureManager - Using codec VCFCodec to read file file:///fdb/GATK_resource_bundle/hg38bundle/dbsnp_138.hg38.vcf.gz
00:20:42.986 INFO  IntervalArgumentCollection - Processing 181538259 bp from intervals
00:20:43.030 INFO  HaplotypeCaller - Done initializing engine
00:20:43.032 INFO  HaplotypeCallerEngine - Tool is in reference confidence mode and the annotation, the following changes will be made to any specified annotations: 'StrandBiasBySample' will be enabled. 'ChromosomeCounts', 'FisherStrand', 'StrandOddsRatio' and 'QualByDepth' annotations have been disabled
00:20:43.103 INFO  HaplotypeCallerEngine - Standard Emitting and Calling confidence set to 0.0 for reference-model confidence output
00:20:43.104 INFO  HaplotypeCallerEngine - All sites annotated with PLs forced to true for reference-model confidence output
00:20:43.116 INFO  NativeLibraryLoader - Loading libgkl_utils.so from jar:file:/usr/local/apps/GATK/4.1.4.1/gatk-package-4.1.4.1-local.jar!/com/intel/gkl/native/libgkl_utils.so
00:20:43.118 INFO  NativeLibraryLoader - Loading libgkl_pairhmm_omp.so from jar:file:/usr/local/apps/GATK/4.1.4.1/gatk-package-4.1.4.1-local.jar!/com/intel/gkl/native/libgkl_pairhmm_omp.so
00:20:43.171 INFO  IntelPairHmm - Using CPU-supported AVX-512 instructions
00:20:43.171 INFO  IntelPairHmm - Flush-to-zero (FTZ) is enabled when running PairHMM
00:20:43.171 INFO  IntelPairHmm - Available threads: 1
00:20:43.171 INFO  IntelPairHmm - Requested threads: 4
00:20:43.172 WARN  IntelPairHmm - Using 1 available threads, but 4 were requested
00:20:43.172 INFO  PairHMM - Using the OpenMP multi-threaded AVX-accelerated native PairHMM implementation
00:20:43.248 INFO  ProgressMeter - Starting traversal
00:20:43.248 INFO  ProgressMeter -        Current Locus  Elapsed Minutes     Regions Processed   Regions/Minute
00:20:43.949 WARN  InbreedingCoeff - InbreedingCoeff will not be calculated; at least 10 samples must have called genotypes
00:20:53.252 INFO  ProgressMeter -          chr5:755321              0.2                  2870          17213.1
00:21:00.536 WARN  DepthPerSampleHC - Annotation will not be calculated, genotype is not called or alleleLikelihoodMap is null
00:21:00.537 WARN  StrandBiasBySample - Annotation will not be calculated, genotype is not called or alleleLikelihoodMap is null
00:21:00.538 WARN  StrandBiasBySample - Annotation will not be calculated, genotype is not called or alleleLikelihoodMap is null
00:21:03.254 INFO  ProgressMeter -         chr5:4494672              0.3                 15980          47925.6
00:21:03.274 WARN  StrandBiasBySample - Annotation will not be calculated, genotype is not called or alleleLikelihoodMap is null
00:21:13.255 INFO  ProgressMeter -         chr5:8928046              0.5                 31450          62887.4
00:21:23.258 INFO  ProgressMeter -        chr5:14358894              0.7                 50470          75686.1
00:21:23.511 WARN  StrandBiasBySample - Annotation will not be calculated, genotype is not called or alleleLikelihoodMap is null
00:21:33.258 INFO  ProgressMeter -        chr5:19597112              0.8                 68940          82711.5
00:21:43.258 INFO  ProgressMeter -        chr5:27397249              1.0                 95860          95844.0
00:21:47.821 WARN  StrandBiasBySample - Annotation will not be calculated, genotype is not called or alleleLikelihoodMap is null
00:21:53.261 INFO  ProgressMeter -        chr5:33666581              1.2                117900         101038.4
00:22:03.269 INFO  ProgressMeter -        chr5:37760441              1.3                132640          99453.9
00:22:13.270 INFO  ProgressMeter -        chr5:43482528              1.5                152850         101875.1
00:22:23.270 INFO  ProgressMeter -        chr5:52938602              1.7                185040         110999.6
00:22:27.067 WARN  StrandBiasBySample - Annotation will not be calculated, genotype is not called or alleleLikelihoodMap is null
00:22:33.270 INFO  ProgressMeter -        chr5:56964349              1.8                199460         108774.6
00:22:43.272 INFO  ProgressMeter -        chr5:64283811              2.0                224910         112432.5
00:22:44.722 WARN  StrandBiasBySample - Annotation will not be calculated, genotype is not called or alleleLikelihoodMap is null
00:22:44.723 WARN  StrandBiasBySample - Annotation will not be calculated, genotype is not called or alleleLikelihoodMap is null
00:22:44.724 WARN  StrandBiasBySample - Annotation will not be calculated, genotype is not called or alleleLikelihoodMap is null
00:22:44.724 WARN  StrandBiasBySample - Annotation will not be calculated, genotype is not called or alleleLikelihoodMap is null
00:22:53.273 INFO  ProgressMeter -        chr5:71317829              2.2                249360         115067.1
00:22:55.927 WARN  StrandBiasBySample - Annotation will not be calculated, genotype is not called or alleleLikelihoodMap is null
00:22:55.928 WARN  StrandBiasBySample - Annotation will not be calculated, genotype is not called or alleleLikelihoodMap is null
00:23:03.276 INFO  ProgressMeter -        chr5:76195561              2.3                266700         114278.0
00:23:10.342 WARN  StrandBiasBySample - Annotation will not be calculated, genotype is not called or alleleLikelihoodMap is null
00:23:13.308 INFO  ProgressMeter -        chr5:80559237              2.5                282620         113003.6
00:23:23.309 INFO  ProgressMeter -        chr5:87802074              2.7                307730         115354.8
00:23:33.309 INFO  ProgressMeter -        chr5:94787927              2.8                331860         117085.0
00:23:43.310 INFO  ProgressMeter -       chr5:101249772              3.0                354360         118079.3
00:23:53.318 INFO  ProgressMeter -       chr5:109780269              3.2                383780         121149.1
00:24:03.319 INFO  ProgressMeter -       chr5:114171153              3.3                399370         119768.5
00:24:13.321 INFO  ProgressMeter -       chr5:120895262              3.5                422780         120752.3
00:24:14.754 WARN  StrandBiasBySample - Annotation will not be calculated, genotype is not called or alleleLikelihoodMap is null
00:24:23.324 INFO  ProgressMeter -       chr5:127767565              3.7                446820         121817.9
00:24:33.337 INFO  ProgressMeter -       chr5:132861977              3.8                464750         121192.2
00:24:43.355 INFO  ProgressMeter -       chr5:137957417              4.0                482960         120686.2
00:24:53.401 INFO  ProgressMeter -       chr5:140850743              4.2                493740         118425.1
00:24:59.934 WARN  StrandBiasBySample - Annotation will not be calculated, genotype is not called or alleleLikelihoodMap is null
00:24:59.936 WARN  StrandBiasBySample - Annotation will not be calculated, genotype is not called or alleleLikelihoodMap is null
00:24:59.936 WARN  StrandBiasBySample - Annotation will not be calculated, genotype is not called or alleleLikelihoodMap is null
00:24:59.936 WARN  StrandBiasBySample - Annotation will not be calculated, genotype is not called or alleleLikelihoodMap is null
00:24:59.937 WARN  StrandBiasBySample - Annotation will not be calculated, genotype is not called or alleleLikelihoodMap is null
00:24:59.937 WARN  StrandBiasBySample - Annotation will not be calculated, genotype is not called or alleleLikelihoodMap is null
00:24:59.937 WARN  StrandBiasBySample - Annotation will not be calculated, genotype is not called or alleleLikelihoodMap is null
00:24:59.937 WARN  StrandBiasBySample - Annotation will not be calculated, genotype is not called or alleleLikelihoodMap is null
00:25:03.412 INFO  ProgressMeter -       chr5:143301437              4.3                502800         115957.6
00:25:13.413 INFO  ProgressMeter -       chr5:149166541              4.5                523290         116215.6
00:25:17.312 WARN  StrandBiasBySample - Annotation will not be calculated, genotype is not called or alleleLikelihoodMap is null
00:25:17.314 WARN  StrandBiasBySample - Annotation will not be calculated, genotype is not called or alleleLikelihoodMap is null
00:25:23.417 INFO  ProgressMeter -       chr5:151888412              4.7                533450         114241.8
00:25:33.421 INFO  ProgressMeter -       chr5:157571715              4.8                553570         114463.4
00:25:43.422 INFO  ProgressMeter -       chr5:163900616              5.0                575800         115093.2
00:25:53.425 INFO  ProgressMeter -       chr5:170514053              5.2                599010         115871.3
00:26:03.426 INFO  ProgressMeter -       chr5:175726775              5.3                617780         115769.4
00:26:13.427 INFO  ProgressMeter -       chr5:178141461              5.5                626910         113921.8
00:26:23.427 INFO  ProgressMeter -       chr5:180870277              5.7                637320         112409.1
00:26:25.689 INFO  HaplotypeCaller - 70125 read(s) filtered by: ((((((((MappingQualityReadFilter AND MappingQualityAvailableReadFilter) AND MappedReadFilter) AND NotSecondaryAlignmentReadFilter) AND NotDuplicateReadFilter) AND PassesVendorQualityCheckReadFilter) AND NonZeroReferenceLengthAlignmentReadFilter) AND GoodCigarReadFilter) AND WellformedReadFilter)
  70125 read(s) filtered by: (((((((MappingQualityReadFilter AND MappingQualityAvailableReadFilter) AND MappedReadFilter) AND NotSecondaryAlignmentReadFilter) AND NotDuplicateReadFilter) AND PassesVendorQualityCheckReadFilter) AND NonZeroReferenceLengthAlignmentReadFilter) AND GoodCigarReadFilter)
      70125 read(s) filtered by: ((((((MappingQualityReadFilter AND MappingQualityAvailableReadFilter) AND MappedReadFilter) AND NotSecondaryAlignmentReadFilter) AND NotDuplicateReadFilter) AND PassesVendorQualityCheckReadFilter) AND NonZeroReferenceLengthAlignmentReadFilter)
          70125 read(s) filtered by: (((((MappingQualityReadFilter AND MappingQualityAvailableReadFilter) AND MappedReadFilter) AND NotSecondaryAlignmentReadFilter) AND NotDuplicateReadFilter) AND PassesVendorQualityCheckReadFilter)
              70125 read(s) filtered by: ((((MappingQualityReadFilter AND MappingQualityAvailableReadFilter) AND MappedReadFilter) AND NotSecondaryAlignmentReadFilter) AND NotDuplicateReadFilter)
                  27783 read(s) filtered by: (((MappingQualityReadFilter AND MappingQualityAvailableReadFilter) AND MappedReadFilter) AND NotSecondaryAlignmentReadFilter)
                      27292 read(s) filtered by: ((MappingQualityReadFilter AND MappingQualityAvailableReadFilter) AND MappedReadFilter)
                          27292 read(s) filtered by: (MappingQualityReadFilter AND MappingQualityAvailableReadFilter)
                              27292 read(s) filtered by: MappingQualityReadFilter 
                      491 read(s) filtered by: NotSecondaryAlignmentReadFilter 
                  42342 read(s) filtered by: NotDuplicateReadFilter 

00:26:25.689 INFO  ProgressMeter -       chr5:181535430              5.7                639789         112099.1
00:26:25.690 INFO  ProgressMeter - Traversal complete. Processed 639789 total regions in 5.7 minutes.
00:26:25.736 INFO  VectorLoglessPairHMM - Time spent in setup for JNI call : 0.086549901
00:26:25.736 INFO  PairHMM - Total compute time in PairHMM computeLogLikelihoods() : 9.000520565
00:26:25.737 INFO  SmithWatermanAligner - Total compute time in java Smith-Waterman : 9.91 sec
00:26:25.737 INFO  HaplotypeCaller - Shutting down engine
[March 13, 2021 12:26:25 AM EST] org.broadinstitute.hellbender.tools.walkers.haplotypecaller.HaplotypeCaller done. Elapsed time: 5.73 minutes.
Runtime.totalMemory()=2821718016
Using GATK jar /usr/local/apps/GATK/4.1.4.1/gatk-package-4.1.4.1-local.jar
Running:
    java -Dsamjdk.use_async_io_read_samtools=false -Dsamjdk.use_async_io_write_samtools=true -Dsamjdk.use_async_io_write_tribble=false -Dsamjdk.compression_level=2 -Xmx24g -jar /usr/local/apps/GATK/4.1.4.1/gatk-package-4.1.4.1-local.jar HaplotypeCaller --reference /data/tandonm/pl_test_data/human/genome/hg38/Homo_sapiens_assembly38.fasta --input /spin1/scratch/tandonm/pipeline_out/tn_test_1/bams/Sample10_ARK1_S37.test.recal.bam --use-jdk-inflater --use-jdk-deflater --emit-ref-confidence GVCF --annotation-group StandardAnnotation --annotation-group AS_StandardAnnotation --dbsnp /fdb/GATK_resource_bundle/hg38bundle/dbsnp_138.hg38.vcf.gz --output /spin1/scratch/tandonm/pipeline_out/tn_test_1/germline/gVCFs/Sample10_ARK1_S37.test.chr5.g.vcf.gz --intervals chr5 --max-alternate-alleles 3
[Sat Mar 13 00:26:26 2021]
Finished job 0.
1 of 1 steps (100%) done
{'Sample10_ARK1_S37.test': '--variant:strelka /spin1/scratch/tandonm/pipeline_out/tn_test_1/somatic/SNP_Indels/strelka_out/vcf/Sample10_ARK1_S37.test.FINAL.vcf --variant:mutect /spin1/scratch/tandonm/pipeline_out/tn_test_1/somatic/SNP_Indels/mutect_out/vcf/Sample10_ARK1_S37.test.FINAL.vcf --variant:mutect2 /spin1/scratch/tandonm/pipeline_out/tn_test_1/somatic/SNP_Indels/mutect2_out/vcf/Sample10_ARK1_S37.test.FINAL.vcf --variant:vardict /spin1/scratch/tandonm/pipeline_out/tn_test_1/somatic/SNP_Indels/vardict_out/vcf/Sample10_ARK1_S37.test.FINAL.vcf --variant:varscan /spin1/scratch/tandonm/pipeline_out/tn_test_1/somatic/SNP_Indels/varscan_out/vcf/Sample10_ARK1_S37.test.FINAL.vcf', 'Sample11_ACI_158_S38.test': '--variant:strelka /spin1/scratch/tandonm/pipeline_out/tn_test_1/somatic/SNP_Indels/strelka_out/vcf/Sample11_ACI_158_S38.test.FINAL.vcf --variant:mutect /spin1/scratch/tandonm/pipeline_out/tn_test_1/somatic/SNP_Indels/mutect_out/vcf/Sample11_ACI_158_S38.test.FINAL.vcf --variant:mutect2 /spin1/scratch/tandonm/pipeline_out/tn_test_1/somatic/SNP_Indels/mutect2_out/vcf/Sample11_ACI_158_S38.test.FINAL.vcf --variant:vardict /spin1/scratch/tandonm/pipeline_out/tn_test_1/somatic/SNP_Indels/vardict_out/vcf/Sample11_ACI_158_S38.test.FINAL.vcf --variant:varscan /spin1/scratch/tandonm/pipeline_out/tn_test_1/somatic/SNP_Indels/varscan_out/vcf/Sample11_ACI_158_S38.test.FINAL.vcf'}
