Building DAG of jobs...
Using shell: /usr/bin/bash
Provided cores: 4
Rules claiming more threads will be scaled down.
Job counts:
	count	jobs
	1	haplotypecaller
	1

[Sat Mar 13 00:20:36 2021]
rule haplotypecaller:
    input: /spin1/scratch/tandonm/pipeline_out/tn_test_1/bams/Sample10_ARK1_S37.test.recal.bam
    output: /spin1/scratch/tandonm/pipeline_out/tn_test_1/germline/gVCFs/Sample10_ARK1_S37.test.chrX.g.vcf.gz, /spin1/scratch/tandonm/pipeline_out/tn_test_1/germline/gVCFs/Sample10_ARK1_S37.test.chrX.g.vcf.gz.tbi
    jobid: 0
    wildcards: samples=Sample10_ARK1_S37.test, chroms=chrX

[+] Loading gcc  9.2.0  ... 
[+] Loading GSL 2.6 for GCC 9.2.0 ... 
[-] Unloading gcc  9.2.0  ... 
[+] Loading gcc  9.2.0  ... 
[+] Loading openmpi 3.1.4  for GCC 9.2.0 
[+] Loading ImageMagick  7.0.8  on cn2407 
[+] Loading HDF5  1.10.4 
[-] Unloading gcc  9.2.0  ... 
[+] Loading gcc  9.2.0  ... 
[+] Loading NetCDF 4.7.4_gcc9.2.0 
[+] Loading pandoc  2.11.4  on cn2407 
[+] Loading R 3.6.3 
[+] Loading GATK  4.1.4.1 

GATK/4 includes its own python environment. Loading a different python
environment
after the GATK module will result in some tools failing. Conversely, the python
environment included with GATK/4 will override any python modules you may
already
have loaded.


00:20:41.108 WARN  GATKAnnotationPluginDescriptor - Redundant enabled annotation group (StandardAnnotation) is enabled for this tool by default
Mar 13, 2021 12:20:41 AM shaded.cloud_nio.com.google.auth.oauth2.ComputeEngineCredentials runningOnComputeEngine
INFO: Failed to detect whether we are running on Google Compute Engine.
00:20:41.330 INFO  HaplotypeCaller - ------------------------------------------------------------
00:20:41.330 INFO  HaplotypeCaller - The Genome Analysis Toolkit (GATK) v4.1.4.1
00:20:41.331 INFO  HaplotypeCaller - For support and documentation go to https://software.broadinstitute.org/gatk/
00:20:41.331 INFO  HaplotypeCaller - Executing as tandonm@cn2407 on Linux v3.10.0-862.14.4.el7.x86_64 amd64
00:20:41.331 INFO  HaplotypeCaller - Java runtime: OpenJDK 64-Bit Server VM v1.8.0_181-b13
00:20:41.331 INFO  HaplotypeCaller - Start Date/Time: March 13, 2021 12:20:41 AM EST
00:20:41.331 INFO  HaplotypeCaller - ------------------------------------------------------------
00:20:41.331 INFO  HaplotypeCaller - ------------------------------------------------------------
00:20:41.331 INFO  HaplotypeCaller - HTSJDK Version: 2.21.0
00:20:41.332 INFO  HaplotypeCaller - Picard Version: 2.21.2
00:20:41.335 INFO  HaplotypeCaller - HTSJDK Defaults.COMPRESSION_LEVEL : 2
00:20:41.335 INFO  HaplotypeCaller - HTSJDK Defaults.USE_ASYNC_IO_READ_FOR_SAMTOOLS : false
00:20:41.335 INFO  HaplotypeCaller - HTSJDK Defaults.USE_ASYNC_IO_WRITE_FOR_SAMTOOLS : true
00:20:41.335 INFO  HaplotypeCaller - HTSJDK Defaults.USE_ASYNC_IO_WRITE_FOR_TRIBBLE : false
00:20:41.336 INFO  HaplotypeCaller - Deflater: JdkDeflater
00:20:41.337 INFO  HaplotypeCaller - Inflater: JdkInflater
00:20:41.337 INFO  HaplotypeCaller - GCS max retries/reopens: 20
00:20:41.337 INFO  HaplotypeCaller - Requester pays: disabled
00:20:41.337 INFO  HaplotypeCaller - Initializing engine
WARNING	2021-03-13 00:20:41	SamFiles	The index file /gpfs/gsfs7/users/tandonm/pl_test_data/human/bams/Sample10_ARK1_S37.test.recal.bai was found by resolving the canonical path of a symlink: /spin1/scratch/tandonm/pipeline_out/tn_test_1/bams/Sample10_ARK1_S37.test.recal.bam -> /gpfs/gsfs7/users/tandonm/pl_test_data/human/bams/Sample10_ARK1_S37.test.recal.bam
WARNING: BAM index file /gpfs/gsfs7/users/tandonm/pl_test_data/human/bams/Sample10_ARK1_S37.test.recal.bai is older than BAM /spin1/scratch/tandonm/pipeline_out/tn_test_1/bams/Sample10_ARK1_S37.test.recal.bam
00:20:41.951 INFO  FeatureManager - Using codec VCFCodec to read file file:///fdb/GATK_resource_bundle/hg38bundle/dbsnp_138.hg38.vcf.gz
00:20:42.107 INFO  IntervalArgumentCollection - Processing 156040895 bp from intervals
00:20:42.159 INFO  HaplotypeCaller - Done initializing engine
00:20:42.161 INFO  HaplotypeCallerEngine - Tool is in reference confidence mode and the annotation, the following changes will be made to any specified annotations: 'StrandBiasBySample' will be enabled. 'ChromosomeCounts', 'FisherStrand', 'StrandOddsRatio' and 'QualByDepth' annotations have been disabled
00:20:42.235 INFO  HaplotypeCallerEngine - Standard Emitting and Calling confidence set to 0.0 for reference-model confidence output
00:20:42.235 INFO  HaplotypeCallerEngine - All sites annotated with PLs forced to true for reference-model confidence output
00:20:42.249 INFO  NativeLibraryLoader - Loading libgkl_utils.so from jar:file:/usr/local/apps/GATK/4.1.4.1/gatk-package-4.1.4.1-local.jar!/com/intel/gkl/native/libgkl_utils.so
00:20:42.251 INFO  NativeLibraryLoader - Loading libgkl_pairhmm_omp.so from jar:file:/usr/local/apps/GATK/4.1.4.1/gatk-package-4.1.4.1-local.jar!/com/intel/gkl/native/libgkl_pairhmm_omp.so
00:20:42.298 INFO  IntelPairHmm - Using CPU-supported AVX-512 instructions
00:20:42.298 INFO  IntelPairHmm - Flush-to-zero (FTZ) is enabled when running PairHMM
00:20:42.299 INFO  IntelPairHmm - Available threads: 1
00:20:42.299 INFO  IntelPairHmm - Requested threads: 4
00:20:42.299 WARN  IntelPairHmm - Using 1 available threads, but 4 were requested
00:20:42.299 INFO  PairHMM - Using the OpenMP multi-threaded AVX-accelerated native PairHMM implementation
00:20:42.374 INFO  ProgressMeter - Starting traversal
00:20:42.374 INFO  ProgressMeter -        Current Locus  Elapsed Minutes     Regions Processed   Regions/Minute
00:20:43.817 WARN  InbreedingCoeff - InbreedingCoeff will not be calculated; at least 10 samples must have called genotypes
00:20:52.416 INFO  ProgressMeter -         chrX:1602969              0.2                  5950          35554.2
00:21:02.415 INFO  ProgressMeter -         chrX:5893804              0.3                 21210          63499.8
00:21:12.419 INFO  ProgressMeter -        chrX:12845807              0.5                 45390          90644.0
00:21:22.425 INFO  ProgressMeter -        chrX:19357387              0.7                 68290         102304.6
00:21:32.426 INFO  ProgressMeter -        chrX:27293760              0.8                 95990         115068.3
00:21:42.433 INFO  ProgressMeter -        chrX:36282903              1.0                126910         126787.4
00:21:52.434 INFO  ProgressMeter -        chrX:44317790              1.2                154890         132649.2
00:22:02.931 INFO  ProgressMeter -        chrX:49591964              1.3                173890         129515.7
00:22:09.559 WARN  DepthPerSampleHC - Annotation will not be calculated, genotype is not called or alleleLikelihoodMap is null
00:22:09.559 WARN  StrandBiasBySample - Annotation will not be calculated, genotype is not called or alleleLikelihoodMap is null
00:22:09.560 WARN  StrandBiasBySample - Annotation will not be calculated, genotype is not called or alleleLikelihoodMap is null
00:22:12.931 INFO  ProgressMeter -        chrX:56579238              1.5                198260         131360.4
00:22:22.931 INFO  ProgressMeter -        chrX:68341027              1.7                238140         142092.5
00:22:24.086 WARN  StrandBiasBySample - Annotation will not be calculated, genotype is not called or alleleLikelihoodMap is null
00:22:32.932 INFO  ProgressMeter -        chrX:75274288              1.8                262550         142486.3
00:22:42.934 INFO  ProgressMeter -        chrX:85723569              2.0                298310         148462.2
00:22:52.935 INFO  ProgressMeter -        chrX:97268028              2.2                337750         155214.8
00:23:02.937 INFO  ProgressMeter -       chrX:105442273              2.3                366030         156241.7
00:23:12.940 INFO  ProgressMeter -       chrX:114064937              2.5                395750         157704.9
00:23:22.940 INFO  ProgressMeter -       chrX:122034869              2.7                423570         158278.8
00:23:32.940 INFO  ProgressMeter -       chrX:131297495              2.8                455570         160255.9
00:23:42.953 INFO  ProgressMeter -       chrX:139598271              3.0                484400         160949.8
00:23:48.134 WARN  StrandBiasBySample - Annotation will not be calculated, genotype is not called or alleleLikelihoodMap is null
00:23:52.955 INFO  ProgressMeter -       chrX:149716526              3.2                519070         163417.1
00:24:02.969 INFO  ProgressMeter -       chrX:154455838              3.3                535900         160293.1
00:24:06.557 INFO  HaplotypeCaller - 77424 read(s) filtered by: ((((((((MappingQualityReadFilter AND MappingQualityAvailableReadFilter) AND MappedReadFilter) AND NotSecondaryAlignmentReadFilter) AND NotDuplicateReadFilter) AND PassesVendorQualityCheckReadFilter) AND NonZeroReferenceLengthAlignmentReadFilter) AND GoodCigarReadFilter) AND WellformedReadFilter)
  77424 read(s) filtered by: (((((((MappingQualityReadFilter AND MappingQualityAvailableReadFilter) AND MappedReadFilter) AND NotSecondaryAlignmentReadFilter) AND NotDuplicateReadFilter) AND PassesVendorQualityCheckReadFilter) AND NonZeroReferenceLengthAlignmentReadFilter) AND GoodCigarReadFilter)
      77424 read(s) filtered by: ((((((MappingQualityReadFilter AND MappingQualityAvailableReadFilter) AND MappedReadFilter) AND NotSecondaryAlignmentReadFilter) AND NotDuplicateReadFilter) AND PassesVendorQualityCheckReadFilter) AND NonZeroReferenceLengthAlignmentReadFilter)
          77424 read(s) filtered by: (((((MappingQualityReadFilter AND MappingQualityAvailableReadFilter) AND MappedReadFilter) AND NotSecondaryAlignmentReadFilter) AND NotDuplicateReadFilter) AND PassesVendorQualityCheckReadFilter)
              77424 read(s) filtered by: ((((MappingQualityReadFilter AND MappingQualityAvailableReadFilter) AND MappedReadFilter) AND NotSecondaryAlignmentReadFilter) AND NotDuplicateReadFilter)
                  49801 read(s) filtered by: (((MappingQualityReadFilter AND MappingQualityAvailableReadFilter) AND MappedReadFilter) AND NotSecondaryAlignmentReadFilter)
                      49493 read(s) filtered by: ((MappingQualityReadFilter AND MappingQualityAvailableReadFilter) AND MappedReadFilter)
                          49493 read(s) filtered by: (MappingQualityReadFilter AND MappingQualityAvailableReadFilter)
                              49493 read(s) filtered by: MappingQualityReadFilter 
                      308 read(s) filtered by: NotSecondaryAlignmentReadFilter 
                  27623 read(s) filtered by: NotDuplicateReadFilter 

00:24:06.558 INFO  ProgressMeter -       chrX:156040854              3.4                541470         159112.4
00:24:06.558 INFO  ProgressMeter - Traversal complete. Processed 541470 total regions in 3.4 minutes.
00:24:06.584 INFO  VectorLoglessPairHMM - Time spent in setup for JNI call : 0.037006116000000006
00:24:06.585 INFO  PairHMM - Total compute time in PairHMM computeLogLikelihoods() : 2.748226331
00:24:06.585 INFO  SmithWatermanAligner - Total compute time in java Smith-Waterman : 2.86 sec
00:24:06.585 INFO  HaplotypeCaller - Shutting down engine
[March 13, 2021 12:24:06 AM EST] org.broadinstitute.hellbender.tools.walkers.haplotypecaller.HaplotypeCaller done. Elapsed time: 3.42 minutes.
Runtime.totalMemory()=2489843712
Using GATK jar /usr/local/apps/GATK/4.1.4.1/gatk-package-4.1.4.1-local.jar
Running:
    java -Dsamjdk.use_async_io_read_samtools=false -Dsamjdk.use_async_io_write_samtools=true -Dsamjdk.use_async_io_write_tribble=false -Dsamjdk.compression_level=2 -Xmx24g -jar /usr/local/apps/GATK/4.1.4.1/gatk-package-4.1.4.1-local.jar HaplotypeCaller --reference /data/tandonm/pl_test_data/human/genome/hg38/Homo_sapiens_assembly38.fasta --input /spin1/scratch/tandonm/pipeline_out/tn_test_1/bams/Sample10_ARK1_S37.test.recal.bam --use-jdk-inflater --use-jdk-deflater --emit-ref-confidence GVCF --annotation-group StandardAnnotation --annotation-group AS_StandardAnnotation --dbsnp /fdb/GATK_resource_bundle/hg38bundle/dbsnp_138.hg38.vcf.gz --output /spin1/scratch/tandonm/pipeline_out/tn_test_1/germline/gVCFs/Sample10_ARK1_S37.test.chrX.g.vcf.gz --intervals chrX --max-alternate-alleles 3
[Sat Mar 13 00:24:07 2021]
Finished job 0.
1 of 1 steps (100%) done
{'Sample10_ARK1_S37.test': '--variant:mutect /spin1/scratch/tandonm/pipeline_out/tn_test_1/somatic/SNP_Indels/mutect_out/vcf/Sample10_ARK1_S37.test.FINAL.vcf --variant:varscan /spin1/scratch/tandonm/pipeline_out/tn_test_1/somatic/SNP_Indels/varscan_out/vcf/Sample10_ARK1_S37.test.FINAL.vcf --variant:mutect2 /spin1/scratch/tandonm/pipeline_out/tn_test_1/somatic/SNP_Indels/mutect2_out/vcf/Sample10_ARK1_S37.test.FINAL.vcf --variant:vardict /spin1/scratch/tandonm/pipeline_out/tn_test_1/somatic/SNP_Indels/vardict_out/vcf/Sample10_ARK1_S37.test.FINAL.vcf --variant:strelka /spin1/scratch/tandonm/pipeline_out/tn_test_1/somatic/SNP_Indels/strelka_out/vcf/Sample10_ARK1_S37.test.FINAL.vcf', 'Sample11_ACI_158_S38.test': '--variant:mutect /spin1/scratch/tandonm/pipeline_out/tn_test_1/somatic/SNP_Indels/mutect_out/vcf/Sample11_ACI_158_S38.test.FINAL.vcf --variant:varscan /spin1/scratch/tandonm/pipeline_out/tn_test_1/somatic/SNP_Indels/varscan_out/vcf/Sample11_ACI_158_S38.test.FINAL.vcf --variant:mutect2 /spin1/scratch/tandonm/pipeline_out/tn_test_1/somatic/SNP_Indels/mutect2_out/vcf/Sample11_ACI_158_S38.test.FINAL.vcf --variant:vardict /spin1/scratch/tandonm/pipeline_out/tn_test_1/somatic/SNP_Indels/vardict_out/vcf/Sample11_ACI_158_S38.test.FINAL.vcf --variant:strelka /spin1/scratch/tandonm/pipeline_out/tn_test_1/somatic/SNP_Indels/strelka_out/vcf/Sample11_ACI_158_S38.test.FINAL.vcf'}
