Building DAG of jobs...
Using shell: /usr/bin/bash
Provided cores: 4
Rules claiming more threads will be scaled down.
Job counts:
	count	jobs
	1	contamination
	1

[Sat Mar 13 00:33:57 2021]
rule contamination:
    input: /spin1/scratch/tandonm/pipeline_out/tn_test_1/somatic/SNP_Indels/mutect2_out/pileup_summaries/Sample11_ACI_158_S38.test_tumor.pileup.table, /spin1/scratch/tandonm/pipeline_out/tn_test_1/somatic/SNP_Indels/mutect2_out/pileup_summaries/Sample11_ACI_158_S38.test_normal.pileup.table
    output: /spin1/scratch/tandonm/pipeline_out/tn_test_1/somatic/qc/gatk_contamination/Sample11_ACI_158_S38.test.tumor.contamination.table, /spin1/scratch/tandonm/pipeline_out/tn_test_1/somatic/qc/gatk_contamination/Sample11_ACI_158_S38.test.normal.contamination.table
    jobid: 0
    wildcards: samples=Sample11_ACI_158_S38.test

[+] Loading gcc  9.2.0  ... 
[+] Loading GSL 2.6 for GCC 9.2.0 ... 
[-] Unloading gcc  9.2.0  ... 
[+] Loading gcc  9.2.0  ... 
[+] Loading openmpi 3.1.4  for GCC 9.2.0 
[+] Loading ImageMagick  7.0.8  on cn2291 
[+] Loading HDF5  1.10.4 
[-] Unloading gcc  9.2.0  ... 
[+] Loading gcc  9.2.0  ... 
[+] Loading NetCDF 4.7.4_gcc9.2.0 
[+] Loading pandoc  2.11.4  on cn2291 
[+] Loading R 3.6.3 
[+] Loading GATK  4.1.4.1 

GATK/4 includes its own python environment. Loading a different python
environment
after the GATK module will result in some tools failing. Conversely, the python
environment included with GATK/4 will override any python modules you may
already
have loaded.


00:34:02.964 INFO  NativeLibraryLoader - Loading libgkl_compression.so from jar:file:/usr/local/apps/GATK/4.1.4.1/gatk-package-4.1.4.1-local.jar!/com/intel/gkl/native/libgkl_compression.so
Mar 13, 2021 12:34:03 AM shaded.cloud_nio.com.google.auth.oauth2.ComputeEngineCredentials runningOnComputeEngine
INFO: Failed to detect whether we are running on Google Compute Engine.
00:34:03.174 INFO  CalculateContamination - ------------------------------------------------------------
00:34:03.174 INFO  CalculateContamination - The Genome Analysis Toolkit (GATK) v4.1.4.1
00:34:03.174 INFO  CalculateContamination - For support and documentation go to https://software.broadinstitute.org/gatk/
00:34:03.175 INFO  CalculateContamination - Executing as tandonm@cn2291 on Linux v3.10.0-862.14.4.el7.x86_64 amd64
00:34:03.175 INFO  CalculateContamination - Java runtime: OpenJDK 64-Bit Server VM v1.8.0_181-b13
00:34:03.175 INFO  CalculateContamination - Start Date/Time: March 13, 2021 12:34:02 AM EST
00:34:03.175 INFO  CalculateContamination - ------------------------------------------------------------
00:34:03.175 INFO  CalculateContamination - ------------------------------------------------------------
00:34:03.175 INFO  CalculateContamination - HTSJDK Version: 2.21.0
00:34:03.175 INFO  CalculateContamination - Picard Version: 2.21.2
00:34:03.175 INFO  CalculateContamination - HTSJDK Defaults.COMPRESSION_LEVEL : 2
00:34:03.175 INFO  CalculateContamination - HTSJDK Defaults.USE_ASYNC_IO_READ_FOR_SAMTOOLS : false
00:34:03.176 INFO  CalculateContamination - HTSJDK Defaults.USE_ASYNC_IO_WRITE_FOR_SAMTOOLS : true
00:34:03.176 INFO  CalculateContamination - HTSJDK Defaults.USE_ASYNC_IO_WRITE_FOR_TRIBBLE : false
00:34:03.176 INFO  CalculateContamination - Deflater: IntelDeflater
00:34:03.176 INFO  CalculateContamination - Inflater: IntelInflater
00:34:03.176 INFO  CalculateContamination - GCS max retries/reopens: 20
00:34:03.176 INFO  CalculateContamination - Requester pays: disabled
00:34:03.176 INFO  CalculateContamination - Initializing engine
00:34:03.176 INFO  CalculateContamination - Done initializing engine
00:34:05.740 INFO  KernelSegmenter - Found 1 changepoints after applying the changepoint penalty.
00:34:05.836 INFO  KernelSegmenter - Found 1 changepoints after applying the changepoint penalty.
00:34:05.907 INFO  KernelSegmenter - Found 0 changepoints after applying the changepoint penalty.
00:34:05.914 WARN  KernelSegmenter - Specified dimension of the kernel approximation (100) exceeds the number of data points (90) to segment; using all data points to calculate kernel matrix.
00:34:05.959 INFO  KernelSegmenter - Found 0 changepoints after applying the changepoint penalty.
00:34:06.014 INFO  KernelSegmenter - Found 1 changepoints after applying the changepoint penalty.
00:34:06.021 WARN  KernelSegmenter - Specified dimension of the kernel approximation (100) exceeds the number of data points (89) to segment; using all data points to calculate kernel matrix.
00:34:06.045 INFO  KernelSegmenter - Found 0 changepoints after applying the changepoint penalty.
00:34:06.086 INFO  KernelSegmenter - Found 0 changepoints after applying the changepoint penalty.
00:34:06.126 INFO  KernelSegmenter - Found 0 changepoints after applying the changepoint penalty.
00:34:06.197 INFO  KernelSegmenter - Found 1 changepoints after applying the changepoint penalty.
00:34:06.212 WARN  KernelSegmenter - Specified dimension of the kernel approximation (100) exceeds the number of data points (21) to segment; using all data points to calculate kernel matrix.
00:34:06.214 WARN  KernelSegmenter - Number of points needed to calculate local changepoint costs (2 * window size = 100) exceeds number of data points (21).  Local changepoint costs will not be calculated for this window size.
00:34:06.214 WARN  KernelSegmenter - No changepoint candidates were found.  The specified window sizes may be inappropriate, or there may be insufficient data points.
00:34:06.215 INFO  KernelSegmenter - Found 0 changepoints after applying the changepoint penalty.
00:34:06.244 INFO  KernelSegmenter - Found 0 changepoints after applying the changepoint penalty.
00:34:06.278 INFO  KernelSegmenter - Found 1 changepoints after applying the changepoint penalty.
00:34:06.313 INFO  KernelSegmenter - Found 0 changepoints after applying the changepoint penalty.
00:34:06.350 INFO  KernelSegmenter - Found 0 changepoints after applying the changepoint penalty.
00:34:06.353 WARN  KernelSegmenter - Specified dimension of the kernel approximation (100) exceeds the number of data points (96) to segment; using all data points to calculate kernel matrix.
00:34:06.366 INFO  KernelSegmenter - Found 0 changepoints after applying the changepoint penalty.
00:34:06.368 WARN  KernelSegmenter - Specified dimension of the kernel approximation (100) exceeds the number of data points (27) to segment; using all data points to calculate kernel matrix.
00:34:06.369 WARN  KernelSegmenter - Number of points needed to calculate local changepoint costs (2 * window size = 100) exceeds number of data points (27).  Local changepoint costs will not be calculated for this window size.
00:34:06.370 WARN  KernelSegmenter - No changepoint candidates were found.  The specified window sizes may be inappropriate, or there may be insufficient data points.
00:34:06.370 INFO  KernelSegmenter - Found 0 changepoints after applying the changepoint penalty.
00:34:06.390 INFO  KernelSegmenter - Found 0 changepoints after applying the changepoint penalty.
00:34:06.424 INFO  KernelSegmenter - Found 0 changepoints after applying the changepoint penalty.
00:34:06.428 WARN  KernelSegmenter - Specified dimension of the kernel approximation (100) exceeds the number of data points (1) to segment; using all data points to calculate kernel matrix.
00:34:06.429 WARN  KernelSegmenter - Number of points needed to calculate local changepoint costs (2 * window size = 100) exceeds number of data points (1).  Local changepoint costs will not be calculated for this window size.
00:34:06.429 WARN  KernelSegmenter - No changepoint candidates were found.  The specified window sizes may be inappropriate, or there may be insufficient data points.
00:34:06.429 INFO  KernelSegmenter - Found 0 changepoints after applying the changepoint penalty.
00:34:06.458 INFO  KernelSegmenter - Found 0 changepoints after applying the changepoint penalty.
00:34:06.492 INFO  KernelSegmenter - Found 0 changepoints after applying the changepoint penalty.
00:34:19.314 INFO  CalculateContamination - Shutting down engine
[March 13, 2021 12:34:19 AM EST] org.broadinstitute.hellbender.tools.walkers.contamination.CalculateContamination done. Elapsed time: 0.27 minutes.
Runtime.totalMemory()=2707947520
Tool returned:
SUCCESS
Using GATK jar /usr/local/apps/GATK/4.1.4.1/gatk-package-4.1.4.1-local.jar
Running:
    java -Dsamjdk.use_async_io_read_samtools=false -Dsamjdk.use_async_io_write_samtools=true -Dsamjdk.use_async_io_write_tribble=false -Dsamjdk.compression_level=2 -jar /usr/local/apps/GATK/4.1.4.1/gatk-package-4.1.4.1-local.jar CalculateContamination -I /spin1/scratch/tandonm/pipeline_out/tn_test_1/somatic/SNP_Indels/mutect2_out/pileup_summaries/Sample11_ACI_158_S38.test_tumor.pileup.table --matched-normal /spin1/scratch/tandonm/pipeline_out/tn_test_1/somatic/SNP_Indels/mutect2_out/pileup_summaries/Sample11_ACI_158_S38.test_normal.pileup.table -O /spin1/scratch/tandonm/pipeline_out/tn_test_1/somatic/qc/gatk_contamination/Sample11_ACI_158_S38.test.tumor.contamination.table
00:34:22.026 INFO  NativeLibraryLoader - Loading libgkl_compression.so from jar:file:/usr/local/apps/GATK/4.1.4.1/gatk-package-4.1.4.1-local.jar!/com/intel/gkl/native/libgkl_compression.so
Mar 13, 2021 12:34:22 AM shaded.cloud_nio.com.google.auth.oauth2.ComputeEngineCredentials runningOnComputeEngine
INFO: Failed to detect whether we are running on Google Compute Engine.
00:34:22.273 INFO  CalculateContamination - ------------------------------------------------------------
00:34:22.274 INFO  CalculateContamination - The Genome Analysis Toolkit (GATK) v4.1.4.1
00:34:22.274 INFO  CalculateContamination - For support and documentation go to https://software.broadinstitute.org/gatk/
00:34:22.274 INFO  CalculateContamination - Executing as tandonm@cn2291 on Linux v3.10.0-862.14.4.el7.x86_64 amd64
00:34:22.274 INFO  CalculateContamination - Java runtime: OpenJDK 64-Bit Server VM v1.8.0_181-b13
00:34:22.275 INFO  CalculateContamination - Start Date/Time: March 13, 2021 12:34:21 AM EST
00:34:22.275 INFO  CalculateContamination - ------------------------------------------------------------
00:34:22.275 INFO  CalculateContamination - ------------------------------------------------------------
00:34:22.275 INFO  CalculateContamination - HTSJDK Version: 2.21.0
00:34:22.275 INFO  CalculateContamination - Picard Version: 2.21.2
00:34:22.275 INFO  CalculateContamination - HTSJDK Defaults.COMPRESSION_LEVEL : 2
00:34:22.275 INFO  CalculateContamination - HTSJDK Defaults.USE_ASYNC_IO_READ_FOR_SAMTOOLS : false
00:34:22.276 INFO  CalculateContamination - HTSJDK Defaults.USE_ASYNC_IO_WRITE_FOR_SAMTOOLS : true
00:34:22.276 INFO  CalculateContamination - HTSJDK Defaults.USE_ASYNC_IO_WRITE_FOR_TRIBBLE : false
00:34:22.276 INFO  CalculateContamination - Deflater: IntelDeflater
00:34:22.276 INFO  CalculateContamination - Inflater: IntelInflater
00:34:22.276 INFO  CalculateContamination - GCS max retries/reopens: 20
00:34:22.276 INFO  CalculateContamination - Requester pays: disabled
00:34:22.276 INFO  CalculateContamination - Initializing engine
00:34:22.276 INFO  CalculateContamination - Done initializing engine
00:34:23.825 INFO  KernelSegmenter - Found 1 changepoints after applying the changepoint penalty.
00:34:23.914 INFO  KernelSegmenter - Found 1 changepoints after applying the changepoint penalty.
00:34:23.987 INFO  KernelSegmenter - Found 0 changepoints after applying the changepoint penalty.
00:34:23.992 WARN  KernelSegmenter - Specified dimension of the kernel approximation (100) exceeds the number of data points (90) to segment; using all data points to calculate kernel matrix.
00:34:24.020 INFO  KernelSegmenter - Found 0 changepoints after applying the changepoint penalty.
00:34:24.064 INFO  KernelSegmenter - Found 1 changepoints after applying the changepoint penalty.
00:34:24.068 WARN  KernelSegmenter - Specified dimension of the kernel approximation (100) exceeds the number of data points (89) to segment; using all data points to calculate kernel matrix.
00:34:24.094 INFO  KernelSegmenter - Found 0 changepoints after applying the changepoint penalty.
00:34:24.124 INFO  KernelSegmenter - Found 0 changepoints after applying the changepoint penalty.
00:34:24.154 INFO  KernelSegmenter - Found 0 changepoints after applying the changepoint penalty.
00:34:24.198 INFO  KernelSegmenter - Found 1 changepoints after applying the changepoint penalty.
00:34:24.207 WARN  KernelSegmenter - Specified dimension of the kernel approximation (100) exceeds the number of data points (21) to segment; using all data points to calculate kernel matrix.
00:34:24.208 WARN  KernelSegmenter - Number of points needed to calculate local changepoint costs (2 * window size = 100) exceeds number of data points (21).  Local changepoint costs will not be calculated for this window size.
00:34:24.208 WARN  KernelSegmenter - No changepoint candidates were found.  The specified window sizes may be inappropriate, or there may be insufficient data points.
00:34:24.209 INFO  KernelSegmenter - Found 0 changepoints after applying the changepoint penalty.
00:34:24.230 INFO  KernelSegmenter - Found 0 changepoints after applying the changepoint penalty.
00:34:24.254 INFO  KernelSegmenter - Found 1 changepoints after applying the changepoint penalty.
00:34:24.274 INFO  KernelSegmenter - Found 0 changepoints after applying the changepoint penalty.
00:34:24.309 INFO  KernelSegmenter - Found 0 changepoints after applying the changepoint penalty.
00:34:24.313 WARN  KernelSegmenter - Specified dimension of the kernel approximation (100) exceeds the number of data points (96) to segment; using all data points to calculate kernel matrix.
00:34:24.333 INFO  KernelSegmenter - Found 0 changepoints after applying the changepoint penalty.
00:34:24.335 WARN  KernelSegmenter - Specified dimension of the kernel approximation (100) exceeds the number of data points (27) to segment; using all data points to calculate kernel matrix.
00:34:24.336 WARN  KernelSegmenter - Number of points needed to calculate local changepoint costs (2 * window size = 100) exceeds number of data points (27).  Local changepoint costs will not be calculated for this window size.
00:34:24.336 WARN  KernelSegmenter - No changepoint candidates were found.  The specified window sizes may be inappropriate, or there may be insufficient data points.
00:34:24.336 INFO  KernelSegmenter - Found 0 changepoints after applying the changepoint penalty.
00:34:24.359 INFO  KernelSegmenter - Found 0 changepoints after applying the changepoint penalty.
00:34:24.380 INFO  KernelSegmenter - Found 0 changepoints after applying the changepoint penalty.
00:34:24.383 WARN  KernelSegmenter - Specified dimension of the kernel approximation (100) exceeds the number of data points (1) to segment; using all data points to calculate kernel matrix.
00:34:24.384 WARN  KernelSegmenter - Number of points needed to calculate local changepoint costs (2 * window size = 100) exceeds number of data points (1).  Local changepoint costs will not be calculated for this window size.
00:34:24.384 WARN  KernelSegmenter - No changepoint candidates were found.  The specified window sizes may be inappropriate, or there may be insufficient data points.
00:34:24.384 INFO  KernelSegmenter - Found 0 changepoints after applying the changepoint penalty.
00:34:24.404 INFO  KernelSegmenter - Found 0 changepoints after applying the changepoint penalty.
00:34:24.548 INFO  KernelSegmenter - Found 0 changepoints after applying the changepoint penalty.
00:34:37.352 INFO  CalculateContamination - Shutting down engine
[March 13, 2021 12:34:37 AM EST] org.broadinstitute.hellbender.tools.walkers.contamination.CalculateContamination done. Elapsed time: 0.26 minutes.
Runtime.totalMemory()=2676490240
Tool returned:
SUCCESS
Using GATK jar /usr/local/apps/GATK/4.1.4.1/gatk-package-4.1.4.1-local.jar
Running:
    java -Dsamjdk.use_async_io_read_samtools=false -Dsamjdk.use_async_io_write_samtools=true -Dsamjdk.use_async_io_write_tribble=false -Dsamjdk.compression_level=2 -jar /usr/local/apps/GATK/4.1.4.1/gatk-package-4.1.4.1-local.jar CalculateContamination -I /spin1/scratch/tandonm/pipeline_out/tn_test_1/somatic/SNP_Indels/mutect2_out/pileup_summaries/Sample11_ACI_158_S38.test_normal.pileup.table -O /spin1/scratch/tandonm/pipeline_out/tn_test_1/somatic/qc/gatk_contamination/Sample11_ACI_158_S38.test.normal.contamination.table
[Sat Mar 13 00:34:37 2021]
Finished job 0.
1 of 1 steps (100%) done
{'Sample10_ARK1_S37.test': '--variant:varscan /spin1/scratch/tandonm/pipeline_out/tn_test_1/somatic/SNP_Indels/varscan_out/vcf/Sample10_ARK1_S37.test.FINAL.vcf --variant:mutect /spin1/scratch/tandonm/pipeline_out/tn_test_1/somatic/SNP_Indels/mutect_out/vcf/Sample10_ARK1_S37.test.FINAL.vcf --variant:vardict /spin1/scratch/tandonm/pipeline_out/tn_test_1/somatic/SNP_Indels/vardict_out/vcf/Sample10_ARK1_S37.test.FINAL.vcf --variant:mutect2 /spin1/scratch/tandonm/pipeline_out/tn_test_1/somatic/SNP_Indels/mutect2_out/vcf/Sample10_ARK1_S37.test.FINAL.vcf --variant:strelka /spin1/scratch/tandonm/pipeline_out/tn_test_1/somatic/SNP_Indels/strelka_out/vcf/Sample10_ARK1_S37.test.FINAL.vcf', 'Sample11_ACI_158_S38.test': '--variant:varscan /spin1/scratch/tandonm/pipeline_out/tn_test_1/somatic/SNP_Indels/varscan_out/vcf/Sample11_ACI_158_S38.test.FINAL.vcf --variant:mutect /spin1/scratch/tandonm/pipeline_out/tn_test_1/somatic/SNP_Indels/mutect_out/vcf/Sample11_ACI_158_S38.test.FINAL.vcf --variant:vardict /spin1/scratch/tandonm/pipeline_out/tn_test_1/somatic/SNP_Indels/vardict_out/vcf/Sample11_ACI_158_S38.test.FINAL.vcf --variant:mutect2 /spin1/scratch/tandonm/pipeline_out/tn_test_1/somatic/SNP_Indels/mutect2_out/vcf/Sample11_ACI_158_S38.test.FINAL.vcf --variant:strelka /spin1/scratch/tandonm/pipeline_out/tn_test_1/somatic/SNP_Indels/strelka_out/vcf/Sample11_ACI_158_S38.test.FINAL.vcf'}
