Building DAG of jobs...
Using shell: /usr/bin/bash
Provided cores: 4
Rules claiming more threads will be scaled down.
Job counts:
	count	jobs
	1	haplotypecaller
	1

[Sat Mar 13 00:18:51 2021]
rule haplotypecaller:
    input: /spin1/scratch/tandonm/pipeline_out/tn_test_1/bams/Sample4_CRL1622_S31.test.recal.bam
    output: /spin1/scratch/tandonm/pipeline_out/tn_test_1/germline/gVCFs/Sample4_CRL1622_S31.test.chr1.g.vcf.gz, /spin1/scratch/tandonm/pipeline_out/tn_test_1/germline/gVCFs/Sample4_CRL1622_S31.test.chr1.g.vcf.gz.tbi
    jobid: 0
    wildcards: samples=Sample4_CRL1622_S31.test, chroms=chr1

[+] Loading gcc  9.2.0  ... 
[+] Loading GSL 2.6 for GCC 9.2.0 ... 
[-] Unloading gcc  9.2.0  ... 
[+] Loading gcc  9.2.0  ... 
[+] Loading openmpi 3.1.4  for GCC 9.2.0 
[+] Loading ImageMagick  7.0.8  on cn2410 
[+] Loading HDF5  1.10.4 
[-] Unloading gcc  9.2.0  ... 
[+] Loading gcc  9.2.0  ... 
[+] Loading NetCDF 4.7.4_gcc9.2.0 
[+] Loading pandoc  2.11.4  on cn2410 
[+] Loading R 3.6.3 
[+] Loading GATK  4.1.4.1 

GATK/4 includes its own python environment. Loading a different python
environment
after the GATK module will result in some tools failing. Conversely, the python
environment included with GATK/4 will override any python modules you may
already
have loaded.


00:18:57.415 WARN  GATKAnnotationPluginDescriptor - Redundant enabled annotation group (StandardAnnotation) is enabled for this tool by default
Mar 13, 2021 12:18:57 AM shaded.cloud_nio.com.google.auth.oauth2.ComputeEngineCredentials runningOnComputeEngine
INFO: Failed to detect whether we are running on Google Compute Engine.
00:18:57.636 INFO  HaplotypeCaller - ------------------------------------------------------------
00:18:57.637 INFO  HaplotypeCaller - The Genome Analysis Toolkit (GATK) v4.1.4.1
00:18:57.637 INFO  HaplotypeCaller - For support and documentation go to https://software.broadinstitute.org/gatk/
00:18:57.637 INFO  HaplotypeCaller - Executing as tandonm@cn2410 on Linux v3.10.0-862.14.4.el7.x86_64 amd64
00:18:57.637 INFO  HaplotypeCaller - Java runtime: OpenJDK 64-Bit Server VM v1.8.0_181-b13
00:18:57.637 INFO  HaplotypeCaller - Start Date/Time: March 13, 2021 12:18:57 AM EST
00:18:57.637 INFO  HaplotypeCaller - ------------------------------------------------------------
00:18:57.637 INFO  HaplotypeCaller - ------------------------------------------------------------
00:18:57.638 INFO  HaplotypeCaller - HTSJDK Version: 2.21.0
00:18:57.638 INFO  HaplotypeCaller - Picard Version: 2.21.2
00:18:57.642 INFO  HaplotypeCaller - HTSJDK Defaults.COMPRESSION_LEVEL : 2
00:18:57.642 INFO  HaplotypeCaller - HTSJDK Defaults.USE_ASYNC_IO_READ_FOR_SAMTOOLS : false
00:18:57.642 INFO  HaplotypeCaller - HTSJDK Defaults.USE_ASYNC_IO_WRITE_FOR_SAMTOOLS : true
00:18:57.642 INFO  HaplotypeCaller - HTSJDK Defaults.USE_ASYNC_IO_WRITE_FOR_TRIBBLE : false
00:18:57.643 INFO  HaplotypeCaller - Deflater: JdkDeflater
00:18:57.643 INFO  HaplotypeCaller - Inflater: JdkInflater
00:18:57.643 INFO  HaplotypeCaller - GCS max retries/reopens: 20
00:18:57.643 INFO  HaplotypeCaller - Requester pays: disabled
00:18:57.643 INFO  HaplotypeCaller - Initializing engine
WARNING	2021-03-13 00:18:57	SamFiles	The index file /gpfs/gsfs7/users/tandonm/pl_test_data/human/bams/Sample4_CRL1622_S31.test.recal.bai was found by resolving the canonical path of a symlink: /spin1/scratch/tandonm/pipeline_out/tn_test_1/bams/Sample4_CRL1622_S31.test.recal.bam -> /gpfs/gsfs7/users/tandonm/pl_test_data/human/bams/Sample4_CRL1622_S31.test.recal.bam
WARNING: BAM index file /gpfs/gsfs7/users/tandonm/pl_test_data/human/bams/Sample4_CRL1622_S31.test.recal.bai is older than BAM /spin1/scratch/tandonm/pipeline_out/tn_test_1/bams/Sample4_CRL1622_S31.test.recal.bam
00:18:58.378 INFO  FeatureManager - Using codec VCFCodec to read file file:///fdb/GATK_resource_bundle/hg38bundle/dbsnp_138.hg38.vcf.gz
00:18:58.578 INFO  IntervalArgumentCollection - Processing 248956422 bp from intervals
00:18:58.637 INFO  HaplotypeCaller - Done initializing engine
00:18:58.639 INFO  HaplotypeCallerEngine - Tool is in reference confidence mode and the annotation, the following changes will be made to any specified annotations: 'StrandBiasBySample' will be enabled. 'ChromosomeCounts', 'FisherStrand', 'StrandOddsRatio' and 'QualByDepth' annotations have been disabled
00:18:58.709 INFO  HaplotypeCallerEngine - Standard Emitting and Calling confidence set to 0.0 for reference-model confidence output
00:18:58.709 INFO  HaplotypeCallerEngine - All sites annotated with PLs forced to true for reference-model confidence output
00:18:58.725 INFO  NativeLibraryLoader - Loading libgkl_utils.so from jar:file:/usr/local/apps/GATK/4.1.4.1/gatk-package-4.1.4.1-local.jar!/com/intel/gkl/native/libgkl_utils.so
00:18:58.727 INFO  NativeLibraryLoader - Loading libgkl_pairhmm_omp.so from jar:file:/usr/local/apps/GATK/4.1.4.1/gatk-package-4.1.4.1-local.jar!/com/intel/gkl/native/libgkl_pairhmm_omp.so
00:18:58.780 INFO  IntelPairHmm - Using CPU-supported AVX-512 instructions
00:18:58.780 INFO  IntelPairHmm - Flush-to-zero (FTZ) is enabled when running PairHMM
00:18:58.780 INFO  IntelPairHmm - Available threads: 1
00:18:58.780 INFO  IntelPairHmm - Requested threads: 4
00:18:58.780 WARN  IntelPairHmm - Using 1 available threads, but 4 were requested
00:18:58.780 INFO  PairHMM - Using the OpenMP multi-threaded AVX-accelerated native PairHMM implementation
00:18:58.868 INFO  ProgressMeter - Starting traversal
00:18:58.868 INFO  ProgressMeter -        Current Locus  Elapsed Minutes     Regions Processed   Regions/Minute
00:18:59.570 WARN  InbreedingCoeff - InbreedingCoeff will not be calculated; at least 10 samples must have called genotypes
00:19:04.539 WARN  DepthPerSampleHC - Annotation will not be calculated, genotype is not called or alleleLikelihoodMap is null
00:19:04.539 WARN  StrandBiasBySample - Annotation will not be calculated, genotype is not called or alleleLikelihoodMap is null
00:19:04.540 WARN  StrandBiasBySample - Annotation will not be calculated, genotype is not called or alleleLikelihoodMap is null
00:19:04.541 WARN  StrandBiasBySample - Annotation will not be calculated, genotype is not called or alleleLikelihoodMap is null
00:19:08.894 INFO  ProgressMeter -         chr1:1341644              0.2                  4800          28725.3
00:19:09.207 WARN  StrandBiasBySample - Annotation will not be calculated, genotype is not called or alleleLikelihoodMap is null
00:19:18.903 INFO  ProgressMeter -         chr1:3467139              0.3                 12600          37734.0
00:19:28.908 INFO  ProgressMeter -         chr1:6652681              0.5                 24150          48235.7
00:19:37.791 WARN  StrandBiasBySample - Annotation will not be calculated, genotype is not called or alleleLikelihoodMap is null
00:19:37.791 WARN  StrandBiasBySample - Annotation will not be calculated, genotype is not called or alleleLikelihoodMap is null
00:19:37.792 WARN  StrandBiasBySample - Annotation will not be calculated, genotype is not called or alleleLikelihoodMap is null
00:19:38.913 INFO  ProgressMeter -        chr1:10338371              0.7                 37770          56591.3
00:19:39.255 WARN  StrandBiasBySample - Annotation will not be calculated, genotype is not called or alleleLikelihoodMap is null
00:19:39.286 WARN  StrandBiasBySample - Annotation will not be calculated, genotype is not called or alleleLikelihoodMap is null
00:19:39.288 WARN  StrandBiasBySample - Annotation will not be calculated, genotype is not called or alleleLikelihoodMap is null
00:19:39.288 WARN  StrandBiasBySample - Annotation will not be calculated, genotype is not called or alleleLikelihoodMap is null
00:19:48.936 INFO  ProgressMeter -        chr1:13344416              0.8                 48900          58600.3
00:19:58.944 INFO  ProgressMeter -        chr1:16272060              1.0                 59760          59684.4
00:20:09.149 INFO  ProgressMeter -        chr1:16759685              1.2                 61800          52759.6
00:20:19.172 INFO  ProgressMeter -        chr1:19245479              1.3                 71050          53085.8
00:20:26.451 WARN  StrandBiasBySample - Annotation will not be calculated, genotype is not called or alleleLikelihoodMap is null
00:20:29.172 INFO  ProgressMeter -        chr1:21916650              1.5                 81210          53957.7
00:20:39.176 INFO  ProgressMeter -        chr1:25387721              1.7                 94200          56346.5
00:20:49.177 INFO  ProgressMeter -        chr1:28691814              1.8                106800          58091.4
00:20:59.180 INFO  ProgressMeter -        chr1:32875913              2.0                122250          60966.5
00:21:09.180 INFO  ProgressMeter -        chr1:37376336              2.2                138400          63724.0
00:21:11.811 WARN  StrandBiasBySample - Annotation will not be calculated, genotype is not called or alleleLikelihoodMap is null
00:21:11.812 WARN  StrandBiasBySample - Annotation will not be calculated, genotype is not called or alleleLikelihoodMap is null
00:21:19.180 INFO  ProgressMeter -        chr1:41057580              2.3                152030          65010.8
00:21:29.189 INFO  ProgressMeter -        chr1:44827327              2.5                165760          66162.4
00:21:39.191 INFO  ProgressMeter -        chr1:49017266              2.7                181060          67761.1
00:21:49.200 INFO  ProgressMeter -        chr1:54239252              2.8                199760          70366.1
00:21:59.208 INFO  ProgressMeter -        chr1:59669350              3.0                218850          72812.5
00:22:02.853 WARN  StrandBiasBySample - Annotation will not be calculated, genotype is not called or alleleLikelihoodMap is null
00:22:02.854 WARN  StrandBiasBySample - Annotation will not be calculated, genotype is not called or alleleLikelihoodMap is null
00:22:02.854 WARN  StrandBiasBySample - Annotation will not be calculated, genotype is not called or alleleLikelihoodMap is null
00:22:09.214 INFO  ProgressMeter -        chr1:65620728              3.2                239990          75648.6
00:22:19.214 INFO  ProgressMeter -        chr1:72796776              3.3                264940          79344.7
00:22:29.216 INFO  ProgressMeter -        chr1:80523210              3.5                291680          83199.3
00:22:39.219 INFO  ProgressMeter -        chr1:87422716              3.7                315730          85971.0
00:22:49.221 INFO  ProgressMeter -        chr1:93222329              3.8                336220          87575.2
00:22:54.457 WARN  StrandBiasBySample - Annotation will not be calculated, genotype is not called or alleleLikelihoodMap is null
00:22:59.229 INFO  ProgressMeter -       chr1:100206119              4.0                360540          89999.6
00:23:09.230 INFO  ProgressMeter -       chr1:108594222              4.2                389450          93332.9
00:23:19.231 INFO  ProgressMeter -       chr1:111888078              4.3                401470          92517.8
00:23:29.235 INFO  ProgressMeter -       chr1:117158861              4.5                420300          93273.2
00:23:39.236 INFO  ProgressMeter -       chr1:124426410              4.7                445330          95302.6
00:23:49.237 INFO  ProgressMeter -       chr1:139105428              4.8                494310         102141.1
00:23:59.239 INFO  ProgressMeter -       chr1:146703472              5.0                520160         103903.5
00:24:09.243 INFO  ProgressMeter -       chr1:150589851              5.2                534170         103262.8
00:24:19.972 INFO  ProgressMeter -       chr1:152216325              5.4                540540         101002.8
00:24:29.989 INFO  ProgressMeter -       chr1:152511691              5.5                541650          98148.4
00:24:34.697 WARN  StrandBiasBySample - Annotation will not be calculated, genotype is not called or alleleLikelihoodMap is null
00:24:34.699 WARN  StrandBiasBySample - Annotation will not be calculated, genotype is not called or alleleLikelihoodMap is null
00:24:34.699 WARN  StrandBiasBySample - Annotation will not be calculated, genotype is not called or alleleLikelihoodMap is null
00:24:39.991 INFO  ProgressMeter -       chr1:155201301              5.7                551750          97047.1
00:24:49.992 INFO  ProgressMeter -       chr1:157300284              5.9                559940          95682.4
00:25:00.011 INFO  ProgressMeter -       chr1:160814790              6.0                572540          95121.3
00:25:10.012 INFO  ProgressMeter -       chr1:164799580              6.2                586980          94892.5
00:25:20.014 INFO  ProgressMeter -       chr1:169708443              6.4                604520          95163.5
00:25:30.018 INFO  ProgressMeter -       chr1:174163304              6.5                620540          95187.3
00:25:32.966 WARN  StrandBiasBySample - Annotation will not be calculated, genotype is not called or alleleLikelihoodMap is null
00:25:40.017 INFO  ProgressMeter -       chr1:179438480              6.7                639350          95627.8
00:25:50.021 INFO  ProgressMeter -       chr1:183556857              6.9                654320          95485.6
00:26:00.026 INFO  ProgressMeter -       chr1:188986659              7.0                673420          95938.3
00:26:05.695 WARN  StrandBiasBySample - Annotation will not be calculated, genotype is not called or alleleLikelihoodMap is null
00:26:06.031 WARN  StrandBiasBySample - Annotation will not be calculated, genotype is not called or alleleLikelihoodMap is null
00:26:10.031 INFO  ProgressMeter -       chr1:197123613              7.2                701470          97615.7
00:26:20.032 INFO  ProgressMeter -       chr1:201308202              7.4                716390          97431.8
00:26:30.033 INFO  ProgressMeter -       chr1:204347281              7.5                727900          96802.7
00:26:35.863 WARN  StrandBiasBySample - Annotation will not be calculated, genotype is not called or alleleLikelihoodMap is null
00:26:40.047 INFO  ProgressMeter -       chr1:207545521              7.7                739730          96239.9
00:26:50.047 INFO  ProgressMeter -       chr1:212519726              7.9                757550          96466.5
00:27:00.048 INFO  ProgressMeter -       chr1:217371033              8.0                774690          96598.8
00:27:03.282 WARN  StrandBiasBySample - Annotation will not be calculated, genotype is not called or alleleLikelihoodMap is null
00:27:10.048 INFO  ProgressMeter -       chr1:223528969              8.2                796390          97282.9
00:27:20.064 INFO  ProgressMeter -       chr1:226995391              8.4                809340          96889.0
00:27:30.074 INFO  ProgressMeter -       chr1:230659769              8.5                822660          96555.2
00:27:39.980 WARN  StrandBiasBySample - Annotation will not be calculated, genotype is not called or alleleLikelihoodMap is null
00:27:39.982 WARN  StrandBiasBySample - Annotation will not be calculated, genotype is not called or alleleLikelihoodMap is null
00:27:39.982 WARN  StrandBiasBySample - Annotation will not be calculated, genotype is not called or alleleLikelihoodMap is null
00:27:40.081 INFO  ProgressMeter -       chr1:235177893              8.7                839040          96587.0
00:27:43.465 WARN  StrandBiasBySample - Annotation will not be calculated, genotype is not called or alleleLikelihoodMap is null
00:27:50.090 INFO  ProgressMeter -       chr1:237892062              8.9                849320          95928.4
00:28:00.090 INFO  ProgressMeter -       chr1:242677480              9.0                866430          96052.8
00:28:10.113 INFO  ProgressMeter -       chr1:247828454              9.2                884940          96320.9
00:28:14.748 INFO  HaplotypeCaller - 304023 read(s) filtered by: ((((((((MappingQualityReadFilter AND MappingQualityAvailableReadFilter) AND MappedReadFilter) AND NotSecondaryAlignmentReadFilter) AND NotDuplicateReadFilter) AND PassesVendorQualityCheckReadFilter) AND NonZeroReferenceLengthAlignmentReadFilter) AND GoodCigarReadFilter) AND WellformedReadFilter)
  304023 read(s) filtered by: (((((((MappingQualityReadFilter AND MappingQualityAvailableReadFilter) AND MappedReadFilter) AND NotSecondaryAlignmentReadFilter) AND NotDuplicateReadFilter) AND PassesVendorQualityCheckReadFilter) AND NonZeroReferenceLengthAlignmentReadFilter) AND GoodCigarReadFilter)
      304023 read(s) filtered by: ((((((MappingQualityReadFilter AND MappingQualityAvailableReadFilter) AND MappedReadFilter) AND NotSecondaryAlignmentReadFilter) AND NotDuplicateReadFilter) AND PassesVendorQualityCheckReadFilter) AND NonZeroReferenceLengthAlignmentReadFilter)
          304023 read(s) filtered by: (((((MappingQualityReadFilter AND MappingQualityAvailableReadFilter) AND MappedReadFilter) AND NotSecondaryAlignmentReadFilter) AND NotDuplicateReadFilter) AND PassesVendorQualityCheckReadFilter)
              304023 read(s) filtered by: ((((MappingQualityReadFilter AND MappingQualityAvailableReadFilter) AND MappedReadFilter) AND NotSecondaryAlignmentReadFilter) AND NotDuplicateReadFilter)
                  208120 read(s) filtered by: (((MappingQualityReadFilter AND MappingQualityAvailableReadFilter) AND MappedReadFilter) AND NotSecondaryAlignmentReadFilter)
                      207254 read(s) filtered by: ((MappingQualityReadFilter AND MappingQualityAvailableReadFilter) AND MappedReadFilter)
                          207254 read(s) filtered by: (MappingQualityReadFilter AND MappingQualityAvailableReadFilter)
                              207254 read(s) filtered by: MappingQualityReadFilter 
                      866 read(s) filtered by: NotSecondaryAlignmentReadFilter 
                  95903 read(s) filtered by: NotDuplicateReadFilter 

00:28:14.748 INFO  ProgressMeter -       chr1:248954627              9.3                888965          95952.2
00:28:14.748 INFO  ProgressMeter - Traversal complete. Processed 888965 total regions in 9.3 minutes.
00:28:14.785 INFO  VectorLoglessPairHMM - Time spent in setup for JNI call : 0.15756402
00:28:14.785 INFO  PairHMM - Total compute time in PairHMM computeLogLikelihoods() : 24.338671193000003
00:28:14.785 INFO  SmithWatermanAligner - Total compute time in java Smith-Waterman : 21.75 sec
00:28:14.785 INFO  HaplotypeCaller - Shutting down engine
[March 13, 2021 12:28:14 AM EST] org.broadinstitute.hellbender.tools.walkers.haplotypecaller.HaplotypeCaller done. Elapsed time: 9.29 minutes.
Runtime.totalMemory()=6612844544
Using GATK jar /usr/local/apps/GATK/4.1.4.1/gatk-package-4.1.4.1-local.jar
Running:
    java -Dsamjdk.use_async_io_read_samtools=false -Dsamjdk.use_async_io_write_samtools=true -Dsamjdk.use_async_io_write_tribble=false -Dsamjdk.compression_level=2 -Xmx24g -jar /usr/local/apps/GATK/4.1.4.1/gatk-package-4.1.4.1-local.jar HaplotypeCaller --reference /data/tandonm/pl_test_data/human/genome/hg38/Homo_sapiens_assembly38.fasta --input /spin1/scratch/tandonm/pipeline_out/tn_test_1/bams/Sample4_CRL1622_S31.test.recal.bam --use-jdk-inflater --use-jdk-deflater --emit-ref-confidence GVCF --annotation-group StandardAnnotation --annotation-group AS_StandardAnnotation --dbsnp /fdb/GATK_resource_bundle/hg38bundle/dbsnp_138.hg38.vcf.gz --output /spin1/scratch/tandonm/pipeline_out/tn_test_1/germline/gVCFs/Sample4_CRL1622_S31.test.chr1.g.vcf.gz --intervals chr1 --max-alternate-alleles 3
[Sat Mar 13 00:28:15 2021]
Finished job 0.
1 of 1 steps (100%) done
{'Sample10_ARK1_S37.test': '--variant:strelka /spin1/scratch/tandonm/pipeline_out/tn_test_1/somatic/SNP_Indels/strelka_out/vcf/Sample10_ARK1_S37.test.FINAL.vcf --variant:mutect2 /spin1/scratch/tandonm/pipeline_out/tn_test_1/somatic/SNP_Indels/mutect2_out/vcf/Sample10_ARK1_S37.test.FINAL.vcf --variant:varscan /spin1/scratch/tandonm/pipeline_out/tn_test_1/somatic/SNP_Indels/varscan_out/vcf/Sample10_ARK1_S37.test.FINAL.vcf --variant:mutect /spin1/scratch/tandonm/pipeline_out/tn_test_1/somatic/SNP_Indels/mutect_out/vcf/Sample10_ARK1_S37.test.FINAL.vcf --variant:vardict /spin1/scratch/tandonm/pipeline_out/tn_test_1/somatic/SNP_Indels/vardict_out/vcf/Sample10_ARK1_S37.test.FINAL.vcf', 'Sample11_ACI_158_S38.test': '--variant:strelka /spin1/scratch/tandonm/pipeline_out/tn_test_1/somatic/SNP_Indels/strelka_out/vcf/Sample11_ACI_158_S38.test.FINAL.vcf --variant:mutect2 /spin1/scratch/tandonm/pipeline_out/tn_test_1/somatic/SNP_Indels/mutect2_out/vcf/Sample11_ACI_158_S38.test.FINAL.vcf --variant:varscan /spin1/scratch/tandonm/pipeline_out/tn_test_1/somatic/SNP_Indels/varscan_out/vcf/Sample11_ACI_158_S38.test.FINAL.vcf --variant:mutect /spin1/scratch/tandonm/pipeline_out/tn_test_1/somatic/SNP_Indels/mutect_out/vcf/Sample11_ACI_158_S38.test.FINAL.vcf --variant:vardict /spin1/scratch/tandonm/pipeline_out/tn_test_1/somatic/SNP_Indels/vardict_out/vcf/Sample11_ACI_158_S38.test.FINAL.vcf'}
