Building DAG of jobs...
Using shell: /usr/bin/bash
Provided cores: 4
Rules claiming more threads will be scaled down.
Job counts:
	count	jobs
	1	haplotypecaller
	1

[Sat Mar 13 00:19:39 2021]
rule haplotypecaller:
    input: /spin1/scratch/tandonm/pipeline_out/tn_test_1/bams/Sample11_ACI_158_S38.test.recal.bam
    output: /spin1/scratch/tandonm/pipeline_out/tn_test_1/germline/gVCFs/Sample11_ACI_158_S38.test.chr2.g.vcf.gz, /spin1/scratch/tandonm/pipeline_out/tn_test_1/germline/gVCFs/Sample11_ACI_158_S38.test.chr2.g.vcf.gz.tbi
    jobid: 0
    wildcards: samples=Sample11_ACI_158_S38.test, chroms=chr2

[+] Loading gcc  9.2.0  ... 
[+] Loading GSL 2.6 for GCC 9.2.0 ... 
[-] Unloading gcc  9.2.0  ... 
[+] Loading gcc  9.2.0  ... 
[+] Loading openmpi 3.1.4  for GCC 9.2.0 
[+] Loading ImageMagick  7.0.8  on cn2336 
[+] Loading HDF5  1.10.4 
[-] Unloading gcc  9.2.0  ... 
[+] Loading gcc  9.2.0  ... 
[+] Loading NetCDF 4.7.4_gcc9.2.0 
[+] Loading pandoc  2.11.4  on cn2336 
[+] Loading R 3.6.3 
[+] Loading GATK  4.1.4.1 

GATK/4 includes its own python environment. Loading a different python
environment
after the GATK module will result in some tools failing. Conversely, the python
environment included with GATK/4 will override any python modules you may
already
have loaded.


00:19:45.296 WARN  GATKAnnotationPluginDescriptor - Redundant enabled annotation group (StandardAnnotation) is enabled for this tool by default
Mar 13, 2021 12:19:45 AM shaded.cloud_nio.com.google.auth.oauth2.ComputeEngineCredentials runningOnComputeEngine
INFO: Failed to detect whether we are running on Google Compute Engine.
00:19:45.577 INFO  HaplotypeCaller - ------------------------------------------------------------
00:19:45.578 INFO  HaplotypeCaller - The Genome Analysis Toolkit (GATK) v4.1.4.1
00:19:45.578 INFO  HaplotypeCaller - For support and documentation go to https://software.broadinstitute.org/gatk/
00:19:45.578 INFO  HaplotypeCaller - Executing as tandonm@cn2336 on Linux v3.10.0-862.14.4.el7.x86_64 amd64
00:19:45.578 INFO  HaplotypeCaller - Java runtime: OpenJDK 64-Bit Server VM v1.8.0_181-b13
00:19:45.579 INFO  HaplotypeCaller - Start Date/Time: March 13, 2021 12:19:45 AM EST
00:19:45.579 INFO  HaplotypeCaller - ------------------------------------------------------------
00:19:45.579 INFO  HaplotypeCaller - ------------------------------------------------------------
00:19:45.580 INFO  HaplotypeCaller - HTSJDK Version: 2.21.0
00:19:45.580 INFO  HaplotypeCaller - Picard Version: 2.21.2
00:19:45.583 INFO  HaplotypeCaller - HTSJDK Defaults.COMPRESSION_LEVEL : 2
00:19:45.583 INFO  HaplotypeCaller - HTSJDK Defaults.USE_ASYNC_IO_READ_FOR_SAMTOOLS : false
00:19:45.583 INFO  HaplotypeCaller - HTSJDK Defaults.USE_ASYNC_IO_WRITE_FOR_SAMTOOLS : true
00:19:45.584 INFO  HaplotypeCaller - HTSJDK Defaults.USE_ASYNC_IO_WRITE_FOR_TRIBBLE : false
00:19:45.585 INFO  HaplotypeCaller - Deflater: JdkDeflater
00:19:45.585 INFO  HaplotypeCaller - Inflater: JdkInflater
00:19:45.585 INFO  HaplotypeCaller - GCS max retries/reopens: 20
00:19:45.585 INFO  HaplotypeCaller - Requester pays: disabled
00:19:45.585 INFO  HaplotypeCaller - Initializing engine
WARNING	2021-03-13 00:19:45	SamFiles	The index file /gpfs/gsfs7/users/tandonm/pl_test_data/human/bams/Sample11_ACI_158_S38.test.recal.bai was found by resolving the canonical path of a symlink: /spin1/scratch/tandonm/pipeline_out/tn_test_1/bams/Sample11_ACI_158_S38.test.recal.bam -> /gpfs/gsfs7/users/tandonm/pl_test_data/human/bams/Sample11_ACI_158_S38.test.recal.bam
WARNING: BAM index file /gpfs/gsfs7/users/tandonm/pl_test_data/human/bams/Sample11_ACI_158_S38.test.recal.bai is older than BAM /spin1/scratch/tandonm/pipeline_out/tn_test_1/bams/Sample11_ACI_158_S38.test.recal.bam
00:19:46.314 INFO  FeatureManager - Using codec VCFCodec to read file file:///fdb/GATK_resource_bundle/hg38bundle/dbsnp_138.hg38.vcf.gz
00:19:46.522 INFO  IntervalArgumentCollection - Processing 242193529 bp from intervals
00:19:46.583 INFO  HaplotypeCaller - Done initializing engine
00:19:46.586 INFO  HaplotypeCallerEngine - Tool is in reference confidence mode and the annotation, the following changes will be made to any specified annotations: 'StrandBiasBySample' will be enabled. 'ChromosomeCounts', 'FisherStrand', 'StrandOddsRatio' and 'QualByDepth' annotations have been disabled
00:19:46.665 INFO  HaplotypeCallerEngine - Standard Emitting and Calling confidence set to 0.0 for reference-model confidence output
00:19:46.665 INFO  HaplotypeCallerEngine - All sites annotated with PLs forced to true for reference-model confidence output
00:19:46.683 INFO  NativeLibraryLoader - Loading libgkl_utils.so from jar:file:/usr/local/apps/GATK/4.1.4.1/gatk-package-4.1.4.1-local.jar!/com/intel/gkl/native/libgkl_utils.so
00:19:46.685 INFO  NativeLibraryLoader - Loading libgkl_pairhmm_omp.so from jar:file:/usr/local/apps/GATK/4.1.4.1/gatk-package-4.1.4.1-local.jar!/com/intel/gkl/native/libgkl_pairhmm_omp.so
00:19:46.747 INFO  IntelPairHmm - Flush-to-zero (FTZ) is enabled when running PairHMM
00:19:46.747 INFO  IntelPairHmm - Available threads: 1
00:19:46.747 INFO  IntelPairHmm - Requested threads: 4
00:19:46.747 WARN  IntelPairHmm - Using 1 available threads, but 4 were requested
00:19:46.747 INFO  PairHMM - Using the OpenMP multi-threaded AVX-accelerated native PairHMM implementation
00:19:46.848 INFO  ProgressMeter - Starting traversal
00:19:46.848 INFO  ProgressMeter -        Current Locus  Elapsed Minutes     Regions Processed   Regions/Minute
00:19:47.949 WARN  InbreedingCoeff - InbreedingCoeff will not be calculated; at least 10 samples must have called genotypes
00:19:56.859 INFO  ProgressMeter -         chr2:1956788              0.2                  6780          40635.3
00:20:06.859 INFO  ProgressMeter -         chr2:6231131              0.3                 21580          64704.4
00:20:16.871 INFO  ProgressMeter -        chr2:10293181              0.5                 35940          71824.9
00:20:26.871 INFO  ProgressMeter -        chr2:15127403              0.7                 52920          79334.4
00:20:32.432 WARN  DepthPerSampleHC - Annotation will not be calculated, genotype is not called or alleleLikelihoodMap is null
00:20:32.432 WARN  StrandBiasBySample - Annotation will not be calculated, genotype is not called or alleleLikelihoodMap is null
00:20:36.876 INFO  ProgressMeter -        chr2:20361509              0.8                 71190          85380.2
00:20:46.876 INFO  ProgressMeter -        chr2:24731823              1.0                 86490          86449.7
00:20:56.893 INFO  ProgressMeter -        chr2:27394653              1.2                 96470          82635.4
00:21:06.894 INFO  ProgressMeter -        chr2:30516083              1.3                107770          80781.1
00:21:16.894 INFO  ProgressMeter -        chr2:34793346              1.5                123020          81971.4
00:21:19.519 WARN  StrandBiasBySample - Annotation will not be calculated, genotype is not called or alleleLikelihoodMap is null
00:21:26.904 INFO  ProgressMeter -        chr2:39178941              1.7                138590          83107.5
00:21:34.093 WARN  StrandBiasBySample - Annotation will not be calculated, genotype is not called or alleleLikelihoodMap is null
00:21:36.906 INFO  ProgressMeter -        chr2:43950322              1.8                155530          84789.8
00:21:46.907 INFO  ProgressMeter -        chr2:48311058              2.0                171190          85552.9
00:21:56.908 INFO  ProgressMeter -        chr2:54403896              2.2                192410          88763.6
00:22:06.915 INFO  ProgressMeter -        chr2:60381438              2.3                213240          91344.9
00:22:16.916 INFO  ProgressMeter -        chr2:64714367              2.5                228830          91490.5
00:22:26.924 INFO  ProgressMeter -        chr2:69840362              2.7                246960          92566.0
00:22:36.928 INFO  ProgressMeter -        chr2:73486982              2.8                260150          91774.5
00:22:46.929 INFO  ProgressMeter -        chr2:78426188              3.0                277500          92458.4
00:22:49.670 WARN  StrandBiasBySample - Annotation will not be calculated, genotype is not called or alleleLikelihoodMap is null
00:22:56.948 INFO  ProgressMeter -        chr2:85341625              3.2                301410          95132.5
00:23:06.953 INFO  ProgressMeter -        chr2:88968040              3.3                314560          94318.5
00:23:16.971 INFO  ProgressMeter -        chr2:95516549              3.5                336930          96209.4
00:23:26.972 INFO  ProgressMeter -        chr2:97141956              3.7                342830          93446.4
00:23:36.118 WARN  StrandBiasBySample - Annotation will not be calculated, genotype is not called or alleleLikelihoodMap is null
00:23:36.501 WARN  StrandBiasBySample - Annotation will not be calculated, genotype is not called or alleleLikelihoodMap is null
00:23:36.502 WARN  StrandBiasBySample - Annotation will not be calculated, genotype is not called or alleleLikelihoodMap is null
00:23:36.988 INFO  ProgressMeter -       chr2:100482336              3.8                354740          92484.6
00:23:46.995 INFO  ProgressMeter -       chr2:105759957              4.0                373310          93270.4
00:23:57.005 INFO  ProgressMeter -       chr2:110998010              4.2                391720          93953.8
00:24:07.005 INFO  ProgressMeter -       chr2:114719052              4.3                405140          93437.4
00:24:17.027 INFO  ProgressMeter -       chr2:120168572              4.5                424170          94197.6
00:24:27.028 INFO  ProgressMeter -       chr2:125525883              4.7                443120          94893.3
00:24:34.521 WARN  StrandBiasBySample - Annotation will not be calculated, genotype is not called or alleleLikelihoodMap is null
00:24:37.077 INFO  ProgressMeter -       chr2:130115256              4.8                459480          94989.8
00:24:47.077 INFO  ProgressMeter -       chr2:132370066              5.0                467740          93476.6
00:24:49.050 WARN  StrandBiasBySample - Annotation will not be calculated, genotype is not called or alleleLikelihoodMap is null
00:24:57.078 INFO  ProgressMeter -       chr2:137920632              5.2                487120          94211.4
00:25:07.082 INFO  ProgressMeter -       chr2:145349457              5.3                512600          96042.3
00:25:17.082 INFO  ProgressMeter -       chr2:151741845              5.5                534680          97145.7
00:25:27.087 INFO  ProgressMeter -       chr2:158251020              5.7                557150          98251.5
00:25:37.087 INFO  ProgressMeter -       chr2:163660526              5.8                576020          98678.9
00:25:47.087 INFO  ProgressMeter -       chr2:169066830              6.0                594820          99070.9
00:25:57.093 INFO  ProgressMeter -       chr2:172700417              6.2                607970          98524.5
00:26:07.099 INFO  ProgressMeter -       chr2:178083507              6.3                626840          98909.4
00:26:17.099 INFO  ProgressMeter -       chr2:180954089              6.5                636940          97927.7
00:26:27.120 INFO  ProgressMeter -       chr2:186638493              6.7                656670          98433.6
00:26:35.126 WARN  StrandBiasBySample - Annotation will not be calculated, genotype is not called or alleleLikelihoodMap is null
00:26:35.127 WARN  StrandBiasBySample - Annotation will not be calculated, genotype is not called or alleleLikelihoodMap is null
00:26:37.132 INFO  ProgressMeter -       chr2:191034124              6.8                672140          98293.9
00:26:47.134 INFO  ProgressMeter -       chr2:196847576              7.0                692470          98857.0
00:26:57.135 INFO  ProgressMeter -       chr2:201231557              7.2                708040          98730.4
00:27:07.139 INFO  ProgressMeter -       chr2:204882467              7.3                721320          98297.0
00:27:17.139 INFO  ProgressMeter -       chr2:208788862              7.5                735330          97980.6
00:27:27.151 INFO  ProgressMeter -       chr2:214629942              7.7                755620          98494.3
00:27:37.154 INFO  ProgressMeter -       chr2:218358457              7.8                769010          98107.6
00:27:47.154 INFO  ProgressMeter -       chr2:219737980              8.0                774480          96748.3
00:27:57.154 INFO  ProgressMeter -       chr2:225293228              8.2                794090          97174.8
00:28:07.155 INFO  ProgressMeter -       chr2:229902725              8.3                810440          97193.1
00:28:17.172 INFO  ProgressMeter -       chr2:232881009              8.5                821580          96595.1
00:28:27.176 INFO  ProgressMeter -       chr2:236354928              8.7                834210          96194.3
00:28:37.180 INFO  ProgressMeter -       chr2:240373852              8.8                848650          96013.4
00:28:43.590 INFO  HaplotypeCaller - 121152 read(s) filtered by: ((((((((MappingQualityReadFilter AND MappingQualityAvailableReadFilter) AND MappedReadFilter) AND NotSecondaryAlignmentReadFilter) AND NotDuplicateReadFilter) AND PassesVendorQualityCheckReadFilter) AND NonZeroReferenceLengthAlignmentReadFilter) AND GoodCigarReadFilter) AND WellformedReadFilter)
  121152 read(s) filtered by: (((((((MappingQualityReadFilter AND MappingQualityAvailableReadFilter) AND MappedReadFilter) AND NotSecondaryAlignmentReadFilter) AND NotDuplicateReadFilter) AND PassesVendorQualityCheckReadFilter) AND NonZeroReferenceLengthAlignmentReadFilter) AND GoodCigarReadFilter)
      121152 read(s) filtered by: ((((((MappingQualityReadFilter AND MappingQualityAvailableReadFilter) AND MappedReadFilter) AND NotSecondaryAlignmentReadFilter) AND NotDuplicateReadFilter) AND PassesVendorQualityCheckReadFilter) AND NonZeroReferenceLengthAlignmentReadFilter)
          121152 read(s) filtered by: (((((MappingQualityReadFilter AND MappingQualityAvailableReadFilter) AND MappedReadFilter) AND NotSecondaryAlignmentReadFilter) AND NotDuplicateReadFilter) AND PassesVendorQualityCheckReadFilter)
              121152 read(s) filtered by: ((((MappingQualityReadFilter AND MappingQualityAvailableReadFilter) AND MappedReadFilter) AND NotSecondaryAlignmentReadFilter) AND NotDuplicateReadFilter)
                  66362 read(s) filtered by: (((MappingQualityReadFilter AND MappingQualityAvailableReadFilter) AND MappedReadFilter) AND NotSecondaryAlignmentReadFilter)
                      65867 read(s) filtered by: ((MappingQualityReadFilter AND MappingQualityAvailableReadFilter) AND MappedReadFilter)
                          65867 read(s) filtered by: (MappingQualityReadFilter AND MappingQualityAvailableReadFilter)
                              65867 read(s) filtered by: MappingQualityReadFilter 
                      495 read(s) filtered by: NotSecondaryAlignmentReadFilter 
                  54790 read(s) filtered by: NotDuplicateReadFilter 

00:28:43.590 INFO  ProgressMeter -       chr2:242192494              8.9                855323          95612.8
00:28:43.590 INFO  ProgressMeter - Traversal complete. Processed 855323 total regions in 8.9 minutes.
00:28:43.624 INFO  VectorLoglessPairHMM - Time spent in setup for JNI call : 0.129655035
00:28:43.624 INFO  PairHMM - Total compute time in PairHMM computeLogLikelihoods() : 16.215103392
00:28:43.624 INFO  SmithWatermanAligner - Total compute time in java Smith-Waterman : 12.41 sec
00:28:43.624 INFO  HaplotypeCaller - Shutting down engine
[March 13, 2021 12:28:43 AM EST] org.broadinstitute.hellbender.tools.walkers.haplotypecaller.HaplotypeCaller done. Elapsed time: 8.97 minutes.
Runtime.totalMemory()=2426404864
Using GATK jar /usr/local/apps/GATK/4.1.4.1/gatk-package-4.1.4.1-local.jar
Running:
    java -Dsamjdk.use_async_io_read_samtools=false -Dsamjdk.use_async_io_write_samtools=true -Dsamjdk.use_async_io_write_tribble=false -Dsamjdk.compression_level=2 -Xmx24g -jar /usr/local/apps/GATK/4.1.4.1/gatk-package-4.1.4.1-local.jar HaplotypeCaller --reference /data/tandonm/pl_test_data/human/genome/hg38/Homo_sapiens_assembly38.fasta --input /spin1/scratch/tandonm/pipeline_out/tn_test_1/bams/Sample11_ACI_158_S38.test.recal.bam --use-jdk-inflater --use-jdk-deflater --emit-ref-confidence GVCF --annotation-group StandardAnnotation --annotation-group AS_StandardAnnotation --dbsnp /fdb/GATK_resource_bundle/hg38bundle/dbsnp_138.hg38.vcf.gz --output /spin1/scratch/tandonm/pipeline_out/tn_test_1/germline/gVCFs/Sample11_ACI_158_S38.test.chr2.g.vcf.gz --intervals chr2 --max-alternate-alleles 3
[Sat Mar 13 00:28:43 2021]
Finished job 0.
1 of 1 steps (100%) done
{'Sample10_ARK1_S37.test': '--variant:mutect2 /spin1/scratch/tandonm/pipeline_out/tn_test_1/somatic/SNP_Indels/mutect2_out/vcf/Sample10_ARK1_S37.test.FINAL.vcf --variant:vardict /spin1/scratch/tandonm/pipeline_out/tn_test_1/somatic/SNP_Indels/vardict_out/vcf/Sample10_ARK1_S37.test.FINAL.vcf --variant:strelka /spin1/scratch/tandonm/pipeline_out/tn_test_1/somatic/SNP_Indels/strelka_out/vcf/Sample10_ARK1_S37.test.FINAL.vcf --variant:mutect /spin1/scratch/tandonm/pipeline_out/tn_test_1/somatic/SNP_Indels/mutect_out/vcf/Sample10_ARK1_S37.test.FINAL.vcf --variant:varscan /spin1/scratch/tandonm/pipeline_out/tn_test_1/somatic/SNP_Indels/varscan_out/vcf/Sample10_ARK1_S37.test.FINAL.vcf', 'Sample11_ACI_158_S38.test': '--variant:mutect2 /spin1/scratch/tandonm/pipeline_out/tn_test_1/somatic/SNP_Indels/mutect2_out/vcf/Sample11_ACI_158_S38.test.FINAL.vcf --variant:vardict /spin1/scratch/tandonm/pipeline_out/tn_test_1/somatic/SNP_Indels/vardict_out/vcf/Sample11_ACI_158_S38.test.FINAL.vcf --variant:strelka /spin1/scratch/tandonm/pipeline_out/tn_test_1/somatic/SNP_Indels/strelka_out/vcf/Sample11_ACI_158_S38.test.FINAL.vcf --variant:mutect /spin1/scratch/tandonm/pipeline_out/tn_test_1/somatic/SNP_Indels/mutect_out/vcf/Sample11_ACI_158_S38.test.FINAL.vcf --variant:varscan /spin1/scratch/tandonm/pipeline_out/tn_test_1/somatic/SNP_Indels/varscan_out/vcf/Sample11_ACI_158_S38.test.FINAL.vcf'}
