Building DAG of jobs...
Using shell: /usr/bin/bash
Provided cores: 4
Rules claiming more threads will be scaled down.
Job counts:
	count	jobs
	1	mutect
	1

[Sat Mar 13 00:24:55 2021]
rule mutect:
    input: /spin1/scratch/tandonm/pipeline_out/tn_test_1/bams/chrom_split/Sample4_CRL1622_S31.test.chr5.split.bam, /spin1/scratch/tandonm/pipeline_out/tn_test_1/bams/chrom_split/Sample10_ARK1_S37.test.chr5.split.bam
    output: /spin1/scratch/tandonm/pipeline_out/tn_test_1/somatic/SNP_Indels/mutect_out/chrom_split/Sample10_ARK1_S37.test.chr5.vcf, /spin1/scratch/tandonm/pipeline_out/tn_test_1/somatic/SNP_Indels/mutect_out/chrom_split/Sample10_ARK1_S37.test.chr5.stats.out
    jobid: 0
    wildcards: samples=Sample10_ARK1_S37.test, chroms=chr5


  +--------------------------------------------------------------------------+
           muTect functionality has been merged with GATK since 2015.
                   Please consider using GATK instead.

                     For more information please see:

             https://software.broadinstitute.org/gatk/blog?id=6495
  +--------------------------------------------------------------------------+

[+] Loading java 1.7.0_80  ... 
[+] Loading mutect / 1.1.7  ... 
mem = 2g
tmpdir = /lscratch/10304380/muTect
INFO  00:25:00,706 HelpFormatter - -------------------------------------------------------------------------------- 
INFO  00:25:00,708 HelpFormatter - The Genome Analysis Toolkit (GATK) v3.1-0-g72492bb, Compiled 2014/12/15 20:09:26 
INFO  00:25:00,708 HelpFormatter - Copyright (c) 2010 The Broad Institute 
INFO  00:25:00,708 HelpFormatter - For support and documentation go to http://www.broadinstitute.org/gatk 
INFO  00:25:00,711 HelpFormatter - Program Args: --analysis_type MuTect --reference_sequence /data/tandonm/pl_test_data/human/genome/hg38/Homo_sapiens_assembly38.fasta --normal_panel /data/CCBR_Pipeliner/db/PipeDB/lib/hg38.noCOSMIC_ClinVar.pon.vcf.gz --vcf /spin1/scratch/tandonm/pipeline_out/tn_test_1/somatic/SNP_Indels/mutect_out/chrom_split/Sample10_ARK1_S37.test.chr5.vcf --cosmic /data/CCBR_Pipeliner/db/PipeDB/lib/COSMIC_82_hg38.vcf.gz --dbsnp /fdb/GATK_resource_bundle/hg38bundle/dbsnp_138.hg38.vcf.gz --disable_auto_index_creation_and_locking_when_reading_rods --input_file:normal /spin1/scratch/tandonm/pipeline_out/tn_test_1/bams/chrom_split/Sample4_CRL1622_S31.test.chr5.split.bam --input_file:tumor /spin1/scratch/tandonm/pipeline_out/tn_test_1/bams/chrom_split/Sample10_ARK1_S37.test.chr5.split.bam --out /spin1/scratch/tandonm/pipeline_out/tn_test_1/somatic/SNP_Indels/mutect_out/chrom_split/Sample10_ARK1_S37.test.chr5.stats.out -rf BadCigar 
INFO  00:25:00,715 HelpFormatter - Executing as tandonm@cn2420 on Linux 3.10.0-862.14.4.el7.x86_64 amd64; Java HotSpot(TM) 64-Bit Server VM 1.7.0_80-b15. 
INFO  00:25:00,715 HelpFormatter - Date/Time: 2021/03/13 00:25:00 
INFO  00:25:00,715 HelpFormatter - -------------------------------------------------------------------------------- 
INFO  00:25:00,715 HelpFormatter - -------------------------------------------------------------------------------- 
INFO  00:25:01,191 GenomeAnalysisEngine - Strictness is SILENT 
INFO  00:25:01,503 GenomeAnalysisEngine - Downsampling Settings: Method: BY_SAMPLE, Target Coverage: 1000 
INFO  00:25:01,511 SAMDataSource$SAMReaders - Initializing SAMRecords in serial 
INFO  00:25:01,632 SAMDataSource$SAMReaders - Done initializing BAM readers: total time 0.12 
WARN  00:25:02,492 IndexDictionaryUtils - Track dbsnp doesn't have a sequence dictionary built in, skipping dictionary validation 
WARN  00:25:02,492 IndexDictionaryUtils - Track cosmic doesn't have a sequence dictionary built in, skipping dictionary validation 
WARN  00:25:02,492 IndexDictionaryUtils - Track normal_panel doesn't have a sequence dictionary built in, skipping dictionary validation 
INFO  00:25:02,563 GenomeAnalysisEngine - Preparing for traversal over 2 BAM files 
INFO  00:25:02,653 GenomeAnalysisEngine - Done preparing for traversal 
INFO  00:25:02,653 ProgressMeter - [INITIALIZATION COMPLETE; STARTING PROCESSING] 
INFO  00:25:02,654 ProgressMeter -        Location processed.sites  runtime per.1M.sites completed total.runtime remaining 
INFO  00:25:02,655 MuTect - VERSION INFO: MuTect:1.1.6-4-g69b7a37 Gatk:3.1-0-g72492bb 
INFO  00:25:32,701 ProgressMeter -   chr1:41406601        0.00e+00   30.0 s       49.7 w      1.3%        38.9 m    38.4 m 
INFO  00:26:02,705 ProgressMeter -   chr1:95794301        0.00e+00   60.0 s       99.3 w      3.0%        33.6 m    32.6 m 
INFO  00:26:32,757 ProgressMeter -  chr1:157511601        0.00e+00   90.0 s      149.0 w      4.9%        30.6 m    29.1 m 
INFO  00:27:02,851 ProgressMeter -  chr1:210238001        0.00e+00  120.0 s      198.7 w      6.5%        30.6 m    28.6 m 
INFO  00:27:32,901 ProgressMeter -    chr2:9555201        2.49e+08    2.5 m        0.0 s      8.0%        31.1 m    28.6 m 
INFO  00:28:02,903 ProgressMeter -   chr2:62761301        2.49e+08    3.0 m        0.0 s      9.7%        31.0 m    28.0 m 
INFO  00:28:32,973 ProgressMeter -  chr2:119090001        2.49e+08    3.5 m        0.0 s     11.4%        30.6 m    27.1 m 
INFO  00:29:03,042 ProgressMeter -  chr2:172570101        2.49e+08    4.0 m        0.0 s     13.1%        30.5 m    26.5 m 
INFO  00:29:33,044 ProgressMeter -  chr2:227093201        2.49e+08    4.5 m        1.0 s     14.8%        30.4 m    25.9 m 
INFO  00:30:04,345 ProgressMeter -   chr3:35813601        4.91e+08    5.0 m        0.0 s     16.4%        30.6 m    25.6 m 
INFO  00:30:34,421 ProgressMeter -   chr3:89065201        4.91e+08    5.5 m        0.0 s     18.0%        30.6 m    25.1 m 
INFO  00:31:04,519 ProgressMeter -  chr3:143702601        4.91e+08    6.0 m        0.0 s     19.7%        30.5 m    24.5 m 
INFO  00:31:34,589 ProgressMeter -  chr3:197941401        4.91e+08    6.5 m        0.0 s     21.4%        30.4 m    23.9 m 
INFO  00:32:04,713 ProgressMeter -   chr4:49706501        6.89e+08    7.0 m        0.0 s     23.0%        30.6 m    23.6 m 
INFO  00:32:34,785 ProgressMeter -  chr4:102731301        6.89e+08    7.5 m        0.0 s     24.6%        30.6 m    23.1 m 
INFO  00:33:04,795 ProgressMeter -  chr4:158057901        6.89e+08    8.0 m        0.0 s     26.3%        30.5 m    22.5 m 
INFO  00:33:26,795 MuTect - [MUTECT] Processed 1000027 reads in 504013 ms 
INFO  00:33:28,009 MuTect - [MUTECT] Processed 2000090 reads in 1214 ms 
INFO  00:33:28,040 MuTect - [MUTECT] Inspected 1000 potential candidates 
INFO  00:33:29,432 MuTect - [MUTECT] Processed 3000106 reads in 1423 ms 
INFO  00:33:30,197 MuTect - [MUTECT] Processed 4000147 reads in 765 ms 
INFO  00:33:31,174 MuTect - [MUTECT] Processed 5000208 reads in 977 ms 
INFO  00:33:31,206 MuTect - [MUTECT] Inspected 2000 potential candidates 
INFO  00:33:31,861 MuTect - [MUTECT] Processed 6000235 reads in 687 ms 
INFO  00:33:33,313 MuTect - [MUTECT] Processed 7000235 reads in 1452 ms 
INFO  00:33:34,813 ProgressMeter -    chr5:3599897        8.83e+08    8.5 m        0.0 s     27.5%        31.1 m    22.6 m 
INFO  00:33:35,005 MuTect - [MUTECT] Inspected 3000 potential candidates 
INFO  00:33:36,471 MuTect - [MUTECT] Processed 8000235 reads in 3158 ms 
INFO  00:33:37,907 MuTect - [MUTECT] Processed 9000264 reads in 1435 ms 
INFO  00:33:38,796 MuTect - [MUTECT] Inspected 4000 potential candidates 
INFO  00:33:39,107 MuTect - [MUTECT] Processed 10000264 reads in 1201 ms 
INFO  00:33:40,290 MuTect - [MUTECT] Processed 11000296 reads in 1183 ms 
INFO  00:33:42,897 MuTect - [MUTECT] Inspected 5000 potential candidates 
INFO  00:33:42,903 MuTect - [MUTECT] Processed 12000413 reads in 2613 ms 
INFO  00:33:43,651 MuTect - [MUTECT] Processed 13000421 reads in 748 ms 
INFO  00:33:44,972 MuTect - [MUTECT] Processed 14000497 reads in 1321 ms 
INFO  00:33:46,273 MuTect - [MUTECT] Inspected 6000 potential candidates 
INFO  00:33:47,524 MuTect - [MUTECT] Processed 15000499 reads in 2552 ms 
INFO  00:33:48,178 MuTect - [MUTECT] Processed 16000567 reads in 654 ms 
INFO  00:33:49,524 MuTect - [MUTECT] Inspected 7000 potential candidates 
INFO  00:33:49,572 MuTect - [MUTECT] Processed 17000577 reads in 1394 ms 
INFO  00:33:50,303 MuTect - [MUTECT] Processed 18000661 reads in 731 ms 
INFO  00:33:52,023 MuTect - [MUTECT] Processed 19000701 reads in 1720 ms 
INFO  00:33:52,673 MuTect - [MUTECT] Inspected 8000 potential candidates 
INFO  00:33:53,070 MuTect - [MUTECT] Processed 20000727 reads in 1047 ms 
INFO  00:33:55,922 MuTect - [MUTECT] Processed 21000727 reads in 2852 ms 
INFO  00:33:56,554 MuTect - [MUTECT] Inspected 9000 potential candidates 
INFO  00:33:58,518 MuTect - [MUTECT] Processed 22000756 reads in 2596 ms 
INFO  00:34:01,031 MuTect - [MUTECT] Processed 23000774 reads in 2512 ms 
INFO  00:34:02,080 MuTect - [MUTECT] Inspected 10000 potential candidates 
INFO  00:34:04,828 ProgressMeter -   chr5:28829657        9.08e+08    9.0 m        0.0 s     28.2%        32.0 m    23.0 m 
INFO  00:34:05,717 MuTect - [MUTECT] Processed 24000774 reads in 4687 ms 
INFO  00:34:07,417 MuTect - [MUTECT] Processed 25000849 reads in 1700 ms 
INFO  00:34:07,633 MuTect - [MUTECT] Inspected 11000 potential candidates 
INFO  00:34:08,547 MuTect - [MUTECT] Processed 26000914 reads in 1130 ms 
INFO  00:34:09,432 MuTect - [MUTECT] Processed 27000981 reads in 885 ms 
INFO  00:34:09,822 MuTect - [MUTECT] Inspected 12000 potential candidates 
INFO  00:34:10,875 MuTect - [MUTECT] Processed 28000989 reads in 1443 ms 
INFO  00:34:11,931 MuTect - [MUTECT] Processed 29000998 reads in 1056 ms 
INFO  00:34:12,632 MuTect - [MUTECT] Inspected 13000 potential candidates 
INFO  00:34:13,109 MuTect - [MUTECT] Processed 30001001 reads in 1178 ms 
INFO  00:34:14,260 MuTect - [MUTECT] Processed 31001012 reads in 1151 ms 
INFO  00:34:14,995 MuTect - [MUTECT] Inspected 14000 potential candidates 
INFO  00:34:15,104 MuTect - [MUTECT] Processed 32001095 reads in 844 ms 
INFO  00:34:15,806 MuTect - [MUTECT] Processed 33001145 reads in 702 ms 
INFO  00:34:16,999 MuTect - [MUTECT] Processed 34001529 reads in 1193 ms 
INFO  00:34:17,386 MuTect - [MUTECT] Inspected 15000 potential candidates 
INFO  00:34:17,678 MuTect - [MUTECT] Processed 35001629 reads in 679 ms 
INFO  00:34:18,366 MuTect - [MUTECT] Processed 36001629 reads in 688 ms 
INFO  00:34:19,239 MuTect - [MUTECT] Processed 37001629 reads in 873 ms 
INFO  00:34:19,574 MuTect - [MUTECT] Inspected 16000 potential candidates 
INFO  00:34:20,482 MuTect - [MUTECT] Processed 38001630 reads in 1243 ms 
INFO  00:34:21,313 MuTect - [MUTECT] Processed 39001743 reads in 831 ms 
INFO  00:34:21,806 MuTect - [MUTECT] Inspected 17000 potential candidates 
INFO  00:34:22,199 MuTect - [MUTECT] Processed 40001756 reads in 886 ms 
INFO  00:34:23,830 MuTect - [MUTECT] Processed 41001763 reads in 1631 ms 
INFO  00:34:24,382 MuTect - [MUTECT] Inspected 18000 potential candidates 
INFO  00:34:24,503 MuTect - [MUTECT] Processed 42001817 reads in 673 ms 
INFO  00:34:25,633 MuTect - [MUTECT] Processed 43001822 reads in 1130 ms 
INFO  00:34:27,080 MuTect - [MUTECT] Processed 44001875 reads in 1447 ms 
INFO  00:34:27,099 MuTect - [MUTECT] Inspected 19000 potential candidates 
INFO  00:34:27,994 MuTect - [MUTECT] Processed 45001889 reads in 914 ms 
INFO  00:34:29,203 MuTect - [MUTECT] Processed 46001903 reads in 1209 ms 
INFO  00:34:30,318 MuTect - [MUTECT] Inspected 20000 potential candidates 
INFO  00:34:33,062 MuTect - [MUTECT] Processed 47001986 reads in 3859 ms 
INFO  00:34:34,829 ProgressMeter -   chr5:52623125        9.32e+08    9.5 m        0.0 s     29.0%        32.9 m    23.4 m 
INFO  00:34:35,273 MuTect - [MUTECT] Processed 48001998 reads in 2211 ms 
INFO  00:34:35,275 MuTect - [MUTECT] Inspected 21000 potential candidates 
INFO  00:34:36,598 MuTect - [MUTECT] Processed 49001999 reads in 1325 ms 
INFO  00:34:38,144 MuTect - [MUTECT] Inspected 22000 potential candidates 
INFO  00:34:38,315 MuTect - [MUTECT] Processed 50002043 reads in 1717 ms 
INFO  00:34:39,132 MuTect - [MUTECT] Processed 51002048 reads in 817 ms 
INFO  00:34:39,667 MuTect - [MUTECT] Inspected 23000 potential candidates 
INFO  00:34:40,002 MuTect - [MUTECT] Processed 52002088 reads in 870 ms 
INFO  00:34:41,322 MuTect - [MUTECT] Processed 53002098 reads in 1320 ms 
INFO  00:34:41,629 MuTect - [MUTECT] Inspected 24000 potential candidates 
INFO  00:34:42,425 MuTect - [MUTECT] Processed 54002199 reads in 1103 ms 
INFO  00:34:44,559 MuTect - [MUTECT] Processed 55002241 reads in 2134 ms 
INFO  00:34:45,565 MuTect - [MUTECT] Inspected 25000 potential candidates 
INFO  00:34:46,304 MuTect - [MUTECT] Processed 56002293 reads in 1745 ms 
INFO  00:34:47,593 MuTect - [MUTECT] Processed 57002431 reads in 1289 ms 
INFO  00:34:49,022 MuTect - [MUTECT] Inspected 26000 potential candidates 
INFO  00:34:49,379 MuTect - [MUTECT] Processed 58002457 reads in 1786 ms 
INFO  00:34:50,860 MuTect - [MUTECT] Processed 59002473 reads in 1481 ms 
INFO  00:34:51,702 MuTect - [MUTECT] Processed 60002488 reads in 842 ms 
INFO  00:34:51,753 MuTect - [MUTECT] Inspected 27000 potential candidates 
INFO  00:34:52,696 MuTect - [MUTECT] Processed 61002535 reads in 994 ms 
INFO  00:34:54,012 MuTect - [MUTECT] Processed 62002542 reads in 1316 ms 
INFO  00:34:54,190 MuTect - [MUTECT] Inspected 28000 potential candidates 
INFO  00:34:55,949 MuTect - [MUTECT] Processed 63002542 reads in 1937 ms 
INFO  00:34:56,936 MuTect - [MUTECT] Processed 64002543 reads in 987 ms 
INFO  00:34:58,276 MuTect - [MUTECT] Processed 65002552 reads in 1340 ms 
INFO  00:34:59,608 MuTect - [MUTECT] Processed 66002570 reads in 1332 ms 
INFO  00:35:00,201 MuTect - [MUTECT] Inspected 29000 potential candidates 
INFO  00:35:00,687 MuTect - [MUTECT] Processed 67002579 reads in 1079 ms 
INFO  00:35:01,856 MuTect - [MUTECT] Processed 68002625 reads in 1169 ms 
INFO  00:35:02,598 MuTect - [MUTECT] Inspected 30000 potential candidates 
INFO  00:35:03,054 MuTect - [MUTECT] Processed 69002672 reads in 1197 ms 
INFO  00:35:04,160 MuTect - [MUTECT] Processed 70002948 reads in 1107 ms 
INFO  00:35:04,831 ProgressMeter -   chr5:74729525        9.54e+08   10.0 m        0.0 s     29.7%        33.8 m    23.8 m 
INFO  00:35:04,876 MuTect - [MUTECT] Processed 71003053 reads in 716 ms 
INFO  00:35:05,576 MuTect - [MUTECT] Inspected 31000 potential candidates 
INFO  00:35:05,726 MuTect - [MUTECT] Processed 72003056 reads in 850 ms 
INFO  00:35:06,440 MuTect - [MUTECT] Processed 73003069 reads in 714 ms 
INFO  00:35:07,357 MuTect - [MUTECT] Processed 74003107 reads in 917 ms 
INFO  00:35:07,677 MuTect - [MUTECT] Inspected 32000 potential candidates 
INFO  00:35:08,600 MuTect - [MUTECT] Processed 75003113 reads in 1243 ms 
INFO  00:35:09,482 MuTect - [MUTECT] Processed 76003188 reads in 882 ms 
INFO  00:35:09,950 MuTect - [MUTECT] Inspected 33000 potential candidates 
INFO  00:35:10,907 MuTect - [MUTECT] Processed 77003222 reads in 1425 ms 
INFO  00:35:12,307 MuTect - [MUTECT] Processed 78003291 reads in 1400 ms 
INFO  00:35:12,756 MuTect - [MUTECT] Inspected 34000 potential candidates 
INFO  00:35:13,536 MuTect - [MUTECT] Processed 79003337 reads in 1229 ms 
INFO  00:35:14,201 MuTect - [MUTECT] Processed 80003418 reads in 665 ms 
INFO  00:35:14,884 MuTect - [MUTECT] Inspected 35000 potential candidates 
INFO  00:35:15,138 MuTect - [MUTECT] Processed 81003437 reads in 937 ms 
INFO  00:35:16,139 MuTect - [MUTECT] Processed 82003458 reads in 1001 ms 
INFO  00:35:17,055 MuTect - [MUTECT] Inspected 36000 potential candidates 
INFO  00:35:17,070 MuTect - [MUTECT] Processed 83003491 reads in 931 ms 
INFO  00:35:18,170 MuTect - [MUTECT] Processed 84003491 reads in 1100 ms 
INFO  00:35:20,096 MuTect - [MUTECT] Processed 85003589 reads in 1926 ms 
INFO  00:35:20,373 MuTect - [MUTECT] Inspected 37000 potential candidates 
INFO  00:35:20,721 MuTect - [MUTECT] Processed 86003605 reads in 625 ms 
INFO  00:35:24,163 MuTect - [MUTECT] Processed 87003608 reads in 3442 ms 
INFO  00:35:25,116 MuTect - [MUTECT] Inspected 38000 potential candidates 
INFO  00:35:27,030 MuTect - [MUTECT] Processed 88003613 reads in 2867 ms 
INFO  00:35:27,688 MuTect - [MUTECT] Processed 89003635 reads in 658 ms 
INFO  00:35:28,168 MuTect - [MUTECT] Inspected 39000 potential candidates 
INFO  00:35:28,309 MuTect - [MUTECT] Processed 90003859 reads in 621 ms 
INFO  00:35:29,409 MuTect - [MUTECT] Processed 91003942 reads in 1100 ms 
INFO  00:35:32,247 MuTect - [MUTECT] Inspected 40000 potential candidates 
INFO  00:35:32,344 MuTect - [MUTECT] Processed 92003942 reads in 2935 ms 
INFO  00:35:33,625 MuTect - [MUTECT] Processed 93004026 reads in 1281 ms 
INFO  00:35:34,258 MuTect - [MUTECT] Processed 94004062 reads in 633 ms 
INFO  00:35:34,539 MuTect - [MUTECT] Inspected 41000 potential candidates 
INFO  00:35:34,943 ProgressMeter -   chr5:95992673        9.76e+08   10.5 m        0.0 s     30.3%        34.7 m    24.2 m 
INFO  00:35:35,437 MuTect - [MUTECT] Processed 95004103 reads in 1179 ms 
INFO  00:35:36,298 MuTect - [MUTECT] Processed 96004164 reads in 861 ms 
INFO  00:35:36,819 MuTect - [MUTECT] Inspected 42000 potential candidates 
INFO  00:35:37,042 MuTect - [MUTECT] Processed 97004189 reads in 744 ms 
INFO  00:35:39,064 MuTect - [MUTECT] Processed 98004208 reads in 2022 ms 
INFO  00:35:42,166 MuTect - [MUTECT] Inspected 43000 potential candidates 
INFO  00:35:42,532 MuTect - [MUTECT] Processed 99004225 reads in 3467 ms 
INFO  00:35:43,580 MuTect - [MUTECT] Processed 100004257 reads in 1049 ms 
INFO  00:35:47,483 MuTect - [MUTECT] Inspected 44000 potential candidates 
INFO  00:35:48,199 MuTect - [MUTECT] Processed 101004257 reads in 4619 ms 
INFO  00:35:49,951 MuTect - [MUTECT] Processed 102004262 reads in 1752 ms 
INFO  00:35:51,324 MuTect - [MUTECT] Inspected 45000 potential candidates 
INFO  00:35:51,438 MuTect - [MUTECT] Processed 103004265 reads in 1487 ms 
INFO  00:35:53,139 MuTect - [MUTECT] Processed 104004301 reads in 1701 ms 
INFO  00:35:54,165 MuTect - [MUTECT] Processed 105004302 reads in 1026 ms 
INFO  00:35:54,226 MuTect - [MUTECT] Inspected 46000 potential candidates 
INFO  00:35:54,671 MuTect - [MUTECT] Processed 106004321 reads in 506 ms 
INFO  00:35:55,332 MuTect - [MUTECT] Processed 107004541 reads in 661 ms 
INFO  00:35:55,638 MuTect - [MUTECT] Inspected 47000 potential candidates 
INFO  00:35:55,937 MuTect - [MUTECT] Processed 108004575 reads in 604 ms 
INFO  00:35:56,643 MuTect - [MUTECT] Processed 109004579 reads in 706 ms 
INFO  00:35:57,550 MuTect - [MUTECT] Inspected 48000 potential candidates 
INFO  00:35:57,724 MuTect - [MUTECT] Processed 110004579 reads in 1082 ms 
INFO  00:35:59,561 MuTect - [MUTECT] Processed 111004585 reads in 1837 ms 
INFO  00:36:00,477 MuTect - [MUTECT] Processed 112004593 reads in 916 ms 
INFO  00:36:00,552 MuTect - [MUTECT] Inspected 49000 potential candidates 
INFO  00:36:02,228 MuTect - [MUTECT] Processed 113004594 reads in 1751 ms 
INFO  00:36:04,132 MuTect - [MUTECT] Processed 114004627 reads in 1904 ms 
INFO  00:36:04,178 MuTect - [MUTECT] Inspected 50000 potential candidates 
INFO  00:36:05,044 ProgressMeter -  chr5:119509197        9.99e+08   11.0 m        0.0 s     31.1%        35.5 m    24.5 m 
INFO  00:36:05,105 MuTect - [MUTECT] Processed 115004689 reads in 973 ms 
INFO  00:36:07,801 MuTect - [MUTECT] Processed 116004703 reads in 2696 ms 
INFO  00:36:08,183 MuTect - [MUTECT] Inspected 51000 potential candidates 
INFO  00:36:09,371 MuTect - [MUTECT] Processed 117004766 reads in 1570 ms 
INFO  00:36:10,861 MuTect - [MUTECT] Processed 118004779 reads in 1490 ms 
INFO  00:36:11,830 MuTect - [MUTECT] Inspected 52000 potential candidates 
INFO  00:36:12,996 MuTect - [MUTECT] Processed 119004779 reads in 2135 ms 
INFO  00:36:14,260 MuTect - [MUTECT] Processed 120004858 reads in 1264 ms 
INFO  00:36:14,374 MuTect - [MUTECT] Inspected 53000 potential candidates 
INFO  00:36:15,383 MuTect - [MUTECT] Processed 121004869 reads in 1123 ms 
INFO  00:36:16,043 MuTect - [MUTECT] Processed 122004901 reads in 660 ms 
INFO  00:36:16,707 MuTect - [MUTECT] Inspected 54000 potential candidates 
INFO  00:36:17,546 MuTect - [MUTECT] Processed 123004908 reads in 1503 ms 
INFO  00:36:19,287 MuTect - [MUTECT] Processed 124004974 reads in 1741 ms 
INFO  00:36:19,959 MuTect - [MUTECT] Inspected 55000 potential candidates 
INFO  00:36:20,251 MuTect - [MUTECT] Processed 125004995 reads in 964 ms 
INFO  00:36:21,159 MuTect - [MUTECT] Processed 126005026 reads in 908 ms 
INFO  00:36:21,920 MuTect - [MUTECT] Processed 127005045 reads in 761 ms 
INFO  00:36:21,971 MuTect - [MUTECT] Inspected 56000 potential candidates 
INFO  00:36:22,651 MuTect - [MUTECT] Processed 128005050 reads in 731 ms 
INFO  00:36:23,228 MuTect - [MUTECT] Processed 129005108 reads in 577 ms 
INFO  00:36:23,625 MuTect - [MUTECT] Inspected 57000 potential candidates 
INFO  00:36:24,636 MuTect - [MUTECT] Processed 130005108 reads in 1408 ms 
INFO  00:36:25,683 MuTect - [MUTECT] Processed 131005175 reads in 1047 ms 
INFO  00:36:26,315 MuTect - [MUTECT] Inspected 58000 potential candidates 
INFO  00:36:26,541 MuTect - [MUTECT] Processed 132005188 reads in 858 ms 
INFO  00:36:27,261 MuTect - [MUTECT] Processed 133005211 reads in 720 ms 
INFO  00:36:28,616 MuTect - [MUTECT] Processed 134005284 reads in 1355 ms 
INFO  00:36:28,633 MuTect - [MUTECT] Inspected 59000 potential candidates 
INFO  00:36:29,401 MuTect - [MUTECT] Processed 135005313 reads in 785 ms 
INFO  00:36:31,071 MuTect - [MUTECT] Processed 136005346 reads in 1670 ms 
INFO  00:36:31,147 MuTect - [MUTECT] Inspected 60000 potential candidates 
INFO  00:36:31,843 MuTect - [MUTECT] Processed 137005350 reads in 772 ms 
INFO  00:36:32,360 MuTect - [MUTECT] Processed 138005351 reads in 517 ms 
INFO  00:36:32,814 MuTect - [MUTECT] Inspected 61000 potential candidates 
INFO  00:36:33,096 MuTect - [MUTECT] Processed 139005357 reads in 736 ms 
INFO  00:36:34,079 MuTect - [MUTECT] Processed 140005364 reads in 983 ms 
INFO  00:36:34,907 MuTect - [MUTECT] Inspected 62000 potential candidates 
INFO  00:36:35,045 ProgressMeter -  chr5:139318853        1.02e+09   11.5 m        0.0 s     31.7%        36.4 m    24.9 m 
INFO  00:36:35,047 MuTect - [MUTECT] Processed 141005392 reads in 968 ms 
INFO  00:36:35,682 MuTect - [MUTECT] Processed 142005464 reads in 635 ms 
INFO  00:36:36,307 MuTect - [MUTECT] Inspected 63000 potential candidates 
INFO  00:36:36,439 MuTect - [MUTECT] Processed 143005544 reads in 757 ms 
INFO  00:36:37,467 MuTect - [MUTECT] Processed 144005573 reads in 1028 ms 
INFO  00:36:38,192 MuTect - [MUTECT] Processed 145005573 reads in 725 ms 
INFO  00:36:38,340 MuTect - [MUTECT] Inspected 64000 potential candidates 
INFO  00:36:38,862 MuTect - [MUTECT] Processed 146005613 reads in 670 ms 
INFO  00:36:39,426 MuTect - [MUTECT] Processed 147005644 reads in 564 ms 
INFO  00:36:39,774 MuTect - [MUTECT] Inspected 65000 potential candidates 
INFO  00:36:39,958 MuTect - [MUTECT] Processed 148005727 reads in 532 ms 
INFO  00:36:40,515 MuTect - [MUTECT] Processed 149005814 reads in 557 ms 
INFO  00:36:41,006 MuTect - [MUTECT] Processed 150005831 reads in 491 ms 
INFO  00:36:41,111 MuTect - [MUTECT] Inspected 66000 potential candidates 
INFO  00:36:41,576 MuTect - [MUTECT] Processed 151005836 reads in 570 ms 
INFO  00:36:42,073 MuTect - [MUTECT] Processed 152005839 reads in 497 ms 
INFO  00:36:42,694 MuTect - [MUTECT] Inspected 67000 potential candidates 
INFO  00:36:42,785 MuTect - [MUTECT] Processed 153005881 reads in 712 ms 
INFO  00:36:43,424 MuTect - [MUTECT] Processed 154005883 reads in 638 ms 
INFO  00:36:43,919 MuTect - [MUTECT] Processed 155005920 reads in 496 ms 
INFO  00:36:44,083 MuTect - [MUTECT] Inspected 68000 potential candidates 
INFO  00:36:44,523 MuTect - [MUTECT] Processed 156005935 reads in 604 ms 
INFO  00:36:45,098 MuTect - [MUTECT] Processed 157006002 reads in 575 ms 
INFO  00:36:45,543 MuTect - [MUTECT] Processed 158006006 reads in 445 ms 
INFO  00:36:45,569 MuTect - [MUTECT] Inspected 69000 potential candidates 
INFO  00:36:46,054 MuTect - [MUTECT] Processed 159006083 reads in 511 ms 
INFO  00:36:46,518 MuTect - [MUTECT] Processed 160006146 reads in 464 ms 
INFO  00:36:46,859 MuTect - [MUTECT] Inspected 70000 potential candidates 
INFO  00:36:47,030 MuTect - [MUTECT] Processed 161006161 reads in 512 ms 
INFO  00:36:47,495 MuTect - [MUTECT] Processed 162006199 reads in 465 ms 
INFO  00:36:48,144 MuTect - [MUTECT] Processed 163006201 reads in 649 ms 
INFO  00:36:48,240 MuTect - [MUTECT] Inspected 71000 potential candidates 
INFO  00:36:48,835 MuTect - [MUTECT] Processed 164006281 reads in 691 ms 
INFO  00:36:49,613 MuTect - [MUTECT] Processed 165006287 reads in 778 ms 
INFO  00:36:49,956 MuTect - [MUTECT] Inspected 72000 potential candidates 
INFO  00:36:51,116 MuTect - [MUTECT] Processed 166006334 reads in 1503 ms 
INFO  00:36:53,624 MuTect - [MUTECT] Processed 167006339 reads in 2508 ms 
INFO  00:36:53,840 MuTect - [MUTECT] Inspected 73000 potential candidates 
INFO  00:36:54,352 MuTect - [MUTECT] Processed 168006406 reads in 728 ms 
INFO  00:36:55,474 MuTect - [MUTECT] Processed 169006407 reads in 1122 ms 
INFO  00:36:56,288 MuTect - [MUTECT] Inspected 74000 potential candidates 
INFO  00:36:56,752 MuTect - [MUTECT] Processed 170006423 reads in 1278 ms 
INFO  00:36:57,721 MuTect - [MUTECT] Processed 171006488 reads in 969 ms 
INFO  00:36:58,618 MuTect - [MUTECT] Inspected 75000 potential candidates 
INFO  00:36:58,659 MuTect - [MUTECT] Processed 172006549 reads in 938 ms 
INFO  00:36:59,473 MuTect - [MUTECT] Processed 173006639 reads in 814 ms 
INFO  00:37:00,541 MuTect - [MUTECT] Processed 174006655 reads in 1068 ms 
INFO  00:37:00,570 MuTect - [MUTECT] Inspected 76000 potential candidates 
INFO  00:37:01,200 MuTect - [MUTECT] Processed 175006655 reads in 659 ms 
INFO  00:37:01,740 MuTect - [MUTECT] Processed 176006683 reads in 540 ms 
INFO  00:37:02,145 MuTect - [MUTECT] Inspected 77000 potential candidates 
INFO  00:37:02,464 MuTect - [MUTECT] Processed 177006736 reads in 724 ms 
INFO  00:37:03,080 MuTect - [MUTECT] Processed 178006741 reads in 616 ms 
INFO  00:37:03,731 MuTect - [MUTECT] Inspected 78000 potential candidates 
INFO  00:37:03,866 MuTect - [MUTECT] Processed 179006744 reads in 786 ms 
INFO  00:37:04,739 MuTect - [MUTECT] Processed 180006768 reads in 873 ms 
INFO  00:37:05,073 ProgressMeter -  chr5:151212737        1.03e+09   12.0 m        0.0 s     32.0%        37.6 m    25.5 m 
INFO  00:37:05,671 MuTect - [MUTECT] Inspected 79000 potential candidates 
INFO  00:37:05,698 MuTect - [MUTECT] Processed 181006776 reads in 959 ms 
INFO  00:37:06,295 MuTect - [MUTECT] Processed 182006783 reads in 596 ms 
INFO  00:37:06,993 MuTect - [MUTECT] Processed 183006873 reads in 699 ms 
INFO  00:37:07,477 MuTect - [MUTECT] Inspected 80000 potential candidates 
INFO  00:37:09,138 MuTect - [MUTECT] Processed 184006916 reads in 2145 ms 
INFO  00:37:10,411 MuTect - [MUTECT] Processed 185006948 reads in 1273 ms 
INFO  00:37:10,830 MuTect - [MUTECT] Inspected 81000 potential candidates 
INFO  00:37:11,119 MuTect - [MUTECT] Processed 186006995 reads in 708 ms 
INFO  00:37:13,170 MuTect - [MUTECT] Processed 187006998 reads in 2051 ms 
INFO  00:37:13,804 MuTect - [MUTECT] Inspected 82000 potential candidates 
INFO  00:37:13,971 MuTect - [MUTECT] Processed 188007004 reads in 801 ms 
INFO  00:37:14,735 MuTect - [MUTECT] Processed 189007032 reads in 764 ms 
INFO  00:37:15,487 MuTect - [MUTECT] Processed 190007127 reads in 752 ms 
INFO  00:37:15,812 MuTect - [MUTECT] Inspected 83000 potential candidates 
INFO  00:37:17,262 MuTect - [MUTECT] Processed 191007201 reads in 1775 ms 
INFO  00:37:18,471 MuTect - [MUTECT] Processed 192007305 reads in 1209 ms 
INFO  00:37:19,253 MuTect - [MUTECT] Inspected 84000 potential candidates 
INFO  00:37:19,292 MuTect - [MUTECT] Processed 193007305 reads in 821 ms 
INFO  00:37:20,003 MuTect - [MUTECT] Processed 194007345 reads in 711 ms 
INFO  00:37:21,255 MuTect - [MUTECT] Processed 195007377 reads in 1252 ms 
INFO  00:37:22,895 MuTect - [MUTECT] Inspected 85000 potential candidates 
INFO  00:37:23,321 MuTect - [MUTECT] Processed 196007378 reads in 2066 ms 
INFO  00:37:26,758 MuTect - [MUTECT] Processed 197007380 reads in 3437 ms 
INFO  00:37:28,337 MuTect - [MUTECT] Processed 198007472 reads in 1579 ms 
INFO  00:37:28,463 MuTect - [MUTECT] Inspected 86000 potential candidates 
INFO  00:37:29,072 MuTect - [MUTECT] Processed 199007581 reads in 735 ms 
INFO  00:37:29,847 MuTect - [MUTECT] Processed 200007630 reads in 775 ms 
INFO  00:37:31,104 MuTect - [MUTECT] Processed 201007639 reads in 1257 ms 
INFO  00:37:31,252 MuTect - [MUTECT] Inspected 87000 potential candidates 
INFO  00:37:31,908 MuTect - [MUTECT] Processed 202007658 reads in 804 ms 
INFO  00:37:32,709 MuTect - [MUTECT] Processed 203007659 reads in 801 ms 
INFO  00:37:33,639 MuTect - [MUTECT] Processed 204007671 reads in 930 ms 
INFO  00:37:33,781 MuTect - [MUTECT] Inspected 88000 potential candidates 
INFO  00:37:34,627 MuTect - [MUTECT] Processed 205007695 reads in 988 ms 
INFO  00:37:35,074 ProgressMeter -  chr5:171709521        1.05e+09   12.5 m        0.0 s     32.7%        38.4 m    25.8 m 
INFO  00:37:35,695 MuTect - [MUTECT] Processed 206007701 reads in 1068 ms 
INFO  00:37:36,421 MuTect - [MUTECT] Inspected 89000 potential candidates 
INFO  00:37:36,587 MuTect - [MUTECT] Processed 207007705 reads in 892 ms 
INFO  00:37:37,674 MuTect - [MUTECT] Processed 208007753 reads in 1087 ms 
INFO  00:37:38,683 MuTect - [MUTECT] Processed 209007809 reads in 1009 ms 
INFO  00:37:39,356 MuTect - [MUTECT] Inspected 90000 potential candidates 
INFO  00:37:40,531 MuTect - [MUTECT] Processed 210007842 reads in 1847 ms 
INFO  00:37:42,153 MuTect - [MUTECT] Processed 211007932 reads in 1623 ms 
INFO  00:37:42,803 MuTect - [MUTECT] Processed 212007942 reads in 650 ms 
INFO  00:37:43,284 MuTect - [MUTECT] Inspected 91000 potential candidates 
INFO  00:37:43,597 MuTect - [MUTECT] Processed 213007958 reads in 794 ms 
INFO  00:37:44,308 MuTect - [MUTECT] Processed 214007960 reads in 711 ms 
INFO  00:37:44,955 MuTect - [MUTECT] Processed 215007960 reads in 647 ms 
INFO  00:37:45,079 MuTect - [MUTECT] Inspected 92000 potential candidates 
INFO  00:37:45,803 MuTect - [MUTECT] Processed 216007968 reads in 848 ms 
INFO  00:37:46,549 MuTect - [MUTECT] Processed 217007968 reads in 746 ms 
INFO  00:37:47,184 MuTect - [MUTECT] Processed 218008265 reads in 635 ms 
INFO  00:37:47,544 MuTect - [MUTECT] Inspected 93000 potential candidates 
INFO  00:37:47,689 MuTect - [MUTECT] Processed 219008325 reads in 505 ms 
INFO  00:37:48,294 MuTect - [MUTECT] Processed 220008407 reads in 605 ms 
INFO  00:37:48,944 MuTect - [MUTECT] Processed 221008499 reads in 650 ms 
INFO  00:37:49,372 MuTect - [MUTECT] Inspected 94000 potential candidates 
INFO  00:37:49,594 MuTect - [MUTECT] Processed 222008513 reads in 650 ms 
INFO  00:37:50,083 MuTect - [MUTECT] Processed 223008661 reads in 489 ms 
INFO  00:37:50,729 MuTect - [MUTECT] Processed 224008661 reads in 646 ms 
INFO  00:37:51,563 MuTect - [MUTECT] Processed 225008696 reads in 834 ms 
INFO  00:37:52,050 MuTect - [MUTECT] Inspected 95000 potential candidates 
INFO  00:37:52,492 MuTect - [MUTECT] Processed 226008708 reads in 929 ms 
INFO  00:37:53,396 MuTect - [MUTECT] Processed 227008724 reads in 904 ms 
INFO  00:37:54,292 MuTect - [MUTECT] Processed 228008792 reads in 896 ms 
INFO  00:37:54,507 MuTect - [MUTECT] Inspected 96000 potential candidates 
INFO  00:37:54,958 MuTect - [MUTECT] Processed 229008891 reads in 666 ms 
INFO  00:37:56,055 MuTect - [MUTECT] Processed 230008893 reads in 1097 ms 
INFO  00:37:56,718 MuTect - [MUTECT] Processed 231008956 reads in 663 ms 
INFO  00:37:56,740 MuTect - [MUTECT] Inspected 97000 potential candidates 
INFO  00:37:57,389 MuTect - [MUTECT] Processed 232008983 reads in 671 ms 
INFO  00:37:57,966 MuTect - [MUTECT] Processed 233009031 reads in 577 ms 
INFO  00:37:58,731 MuTect - [MUTECT] Processed 234009073 reads in 765 ms 
INFO  00:37:58,747 MuTect - [MUTECT] Inspected 98000 potential candidates 
INFO  00:37:59,832 MuTect - [MUTECT] Processed 235009080 reads in 1101 ms 
INFO  00:38:00,342 MuTect - [MUTECT] Processed 236009149 reads in 509 ms 
INFO  00:38:00,843 MuTect - [MUTECT] Inspected 99000 potential candidates 
INFO  00:38:01,186 MuTect - [MUTECT] Processed 237009161 reads in 845 ms 
INFO  00:38:01,811 MuTect - [MUTECT] Processed 238009162 reads in 625 ms 
INFO  00:38:02,763 MuTect - [MUTECT] Processed 239009226 reads in 952 ms 
INFO  00:38:06,337 ProgressMeter -     chr6:371701        1.06e+09   13.1 m        0.0 s     33.0%        39.6 m    26.5 m 
INFO  00:38:36,346 ProgressMeter -   chr6:51728401        1.06e+09   13.6 m        0.0 s     34.6%        39.2 m    25.6 m 
INFO  00:39:06,382 ProgressMeter -  chr6:108312101        1.06e+09   14.1 m        0.0 s     36.4%        38.7 m    24.6 m 
INFO  00:39:36,384 ProgressMeter -  chr6:163236701        1.06e+09   14.6 m        0.0 s     38.1%        38.2 m    23.7 m 
INFO  00:40:06,412 ProgressMeter -   chr7:42046601        1.23e+09   15.1 m        0.0 s     39.6%        38.0 m    23.0 m 
INFO  00:40:36,415 ProgressMeter -   chr7:96219501        1.23e+09   15.6 m        0.0 s     41.3%        37.7 m    22.1 m 
INFO  00:41:06,534 ProgressMeter -  chr7:149704001        1.23e+09   16.1 m        0.0 s     42.9%        37.4 m    21.3 m 
INFO  00:41:36,612 ProgressMeter -   chr8:36170001        1.39e+09   16.6 m        0.0 s     44.4%        37.3 m    20.8 m 
INFO  00:42:06,613 ProgressMeter -   chr8:90209101        1.39e+09   17.1 m        0.0 s     46.0%        37.0 m    20.0 m 
INFO  00:42:36,615 ProgressMeter -  chr8:143389501        1.39e+09   17.6 m        0.0 s     47.7%        36.8 m    19.2 m 
INFO  00:43:06,720 ProgressMeter -   chr9:48052401        1.54e+09   18.1 m        0.0 s     49.2%        36.7 m    18.6 m 
INFO  00:43:36,722 ProgressMeter -  chr9:104168701        1.54e+09   18.6 m        0.0 s     51.0%        36.4 m    17.8 m 
INFO  00:44:06,724 ProgressMeter -  chr10:11326601        1.67e+09   19.1 m        0.0 s     52.4%        36.4 m    17.3 m 
INFO  00:44:36,733 ProgressMeter -  chr10:65213301        1.67e+09   19.6 m        0.0 s     54.1%        36.2 m    16.6 m 
INFO  00:45:06,756 ProgressMeter - chr10:119059401        1.67e+09   20.1 m        0.0 s     55.8%        36.0 m    15.9 m 
INFO  00:45:37,173 ProgressMeter -  chr11:34903301        1.81e+09   20.6 m        0.0 s     57.3%        35.9 m    15.3 m 
INFO  00:46:07,250 ProgressMeter -  chr11:88185601        1.81e+09   21.1 m        0.0 s     59.0%        35.7 m    14.7 m 
INFO  00:46:37,252 ProgressMeter -   chr12:5227501        1.94e+09   21.6 m        0.0 s     60.6%        35.6 m    14.0 m 
INFO  00:47:07,254 ProgressMeter -  chr12:58055701        1.94e+09   22.1 m        0.0 s     62.2%        35.5 m    13.4 m 
INFO  00:47:37,288 ProgressMeter - chr12:112891101        1.94e+09   22.6 m        0.0 s     63.9%        35.3 m    12.7 m 
INFO  00:48:07,343 ProgressMeter -  chr13:33237101        2.08e+09   23.1 m        0.0 s     65.6%        35.2 m    12.1 m 
INFO  00:48:37,344 ProgressMeter -  chr13:85836801        2.08e+09   23.6 m        0.0 s     67.2%        35.1 m    11.5 m 
INFO  00:49:07,369 ProgressMeter -  chr14:27321401        2.19e+09   24.1 m        0.0 s     69.0%        34.9 m    10.8 m 
INFO  00:49:37,455 ProgressMeter -  chr14:79211901        2.19e+09   24.6 m        0.0 s     70.6%        34.8 m    10.2 m 
INFO  00:50:07,484 ProgressMeter -  chr15:28540401        2.30e+09   25.1 m        0.0 s     72.3%        34.7 m     9.6 m 
INFO  00:50:37,592 ProgressMeter -  chr15:80980701        2.30e+09   25.6 m        0.0 s     74.0%        34.6 m     9.0 m 
INFO  00:51:07,663 ProgressMeter -  chr16:27333201        2.40e+09   26.1 m        0.0 s     75.5%        34.6 m     8.5 m 
INFO  00:51:37,665 ProgressMeter -  chr16:81859001        2.40e+09   26.6 m        0.0 s     77.2%        34.5 m     7.9 m 
INFO  00:52:07,862 ProgressMeter -  chr17:41920401        2.49e+09   27.1 m        0.0 s     78.7%        34.4 m     7.3 m 
INFO  00:52:38,003 ProgressMeter -   chr18:9059901        2.57e+09   27.6 m        0.0 s     80.3%        34.4 m     6.8 m 
INFO  00:53:08,091 ProgressMeter -  chr18:62196601        2.57e+09   28.1 m        0.0 s     81.9%        34.3 m     6.2 m 
INFO  00:53:38,126 ProgressMeter -  chr19:22578401        2.65e+09   28.6 m        0.0 s     83.2%        34.4 m     5.8 m 
INFO  00:54:08,128 ProgressMeter -  chr20:13511301        2.71e+09   29.1 m        0.0 s     84.7%        34.3 m     5.2 m 
INFO  00:54:38,129 ProgressMeter -   chr21:8444101        2.78e+09   29.6 m        0.0 s     86.6%        34.2 m     4.6 m 
INFO  00:55:08,179 ProgressMeter -  chr22:20462401        2.82e+09   30.1 m        0.0 s     88.4%        34.0 m     3.9 m 
INFO  00:55:38,180 ProgressMeter -   chrX:24057701        2.88e+09   30.6 m        0.0 s     90.1%        33.9 m     3.4 m 
INFO  00:56:08,181 ProgressMeter -   chrX:86130201        2.88e+09   31.1 m        0.0 s     92.0%        33.8 m     2.7 m 
INFO  00:56:38,263 ProgressMeter -  chrX:146689001        2.88e+09   31.6 m        0.0 s     93.9%        33.6 m     2.0 m 
INFO  00:57:08,324 ProgressMeter - chrUn_KI270442v1:136101        3.10e+09   32.1 m        0.0 s     96.2%        33.3 m    75.0 s 
INFO  00:57:38,383 ProgressMeter - chr6_GL000254v2_alt:3409301        3.19e+09   32.6 m        0.0 s     99.2%        32.8 m    14.0 s 
INFO  00:57:48,477 Walker - [REDUCE RESULT] Traversal result is: 0 
INFO  00:57:48,681 ProgressMeter -            done        3.22e+09   32.8 m        0.0 s    100.0%        32.8 m     0.0 s 
INFO  00:57:48,681 ProgressMeter - Total runtime 1966.03 secs, 32.77 min, 0.55 hours 
INFO  00:57:48,736 MicroScheduler - 77667 reads were filtered out during the traversal out of approximately 1819519 total reads (4.27%) 
INFO  00:57:48,736 MicroScheduler -   -> 0 reads (0.00% of total) failing BadCigarFilter 
INFO  00:57:48,736 MicroScheduler -   -> 75227 reads (4.13% of total) failing DuplicateReadFilter 
INFO  00:57:48,736 MicroScheduler -   -> 0 reads (0.00% of total) failing FailsVendorQualityCheckFilter 
INFO  00:57:48,736 MicroScheduler -   -> 0 reads (0.00% of total) failing MalformedReadFilter 
INFO  00:57:48,736 MicroScheduler -   -> 1363 reads (0.07% of total) failing NotPrimaryAlignmentFilter 
INFO  00:57:48,736 MicroScheduler -   -> 1077 reads (0.06% of total) failing UnmappedReadFilter 
[Sat Mar 13 00:57:51 2021]
Finished job 0.
1 of 1 steps (100%) done
{'Sample10_ARK1_S37.test': '--variant:strelka /spin1/scratch/tandonm/pipeline_out/tn_test_1/somatic/SNP_Indels/strelka_out/vcf/Sample10_ARK1_S37.test.FINAL.vcf --variant:vardict /spin1/scratch/tandonm/pipeline_out/tn_test_1/somatic/SNP_Indels/vardict_out/vcf/Sample10_ARK1_S37.test.FINAL.vcf --variant:mutect2 /spin1/scratch/tandonm/pipeline_out/tn_test_1/somatic/SNP_Indels/mutect2_out/vcf/Sample10_ARK1_S37.test.FINAL.vcf --variant:varscan /spin1/scratch/tandonm/pipeline_out/tn_test_1/somatic/SNP_Indels/varscan_out/vcf/Sample10_ARK1_S37.test.FINAL.vcf --variant:mutect /spin1/scratch/tandonm/pipeline_out/tn_test_1/somatic/SNP_Indels/mutect_out/vcf/Sample10_ARK1_S37.test.FINAL.vcf', 'Sample11_ACI_158_S38.test': '--variant:strelka /spin1/scratch/tandonm/pipeline_out/tn_test_1/somatic/SNP_Indels/strelka_out/vcf/Sample11_ACI_158_S38.test.FINAL.vcf --variant:vardict /spin1/scratch/tandonm/pipeline_out/tn_test_1/somatic/SNP_Indels/vardict_out/vcf/Sample11_ACI_158_S38.test.FINAL.vcf --variant:mutect2 /spin1/scratch/tandonm/pipeline_out/tn_test_1/somatic/SNP_Indels/mutect2_out/vcf/Sample11_ACI_158_S38.test.FINAL.vcf --variant:varscan /spin1/scratch/tandonm/pipeline_out/tn_test_1/somatic/SNP_Indels/varscan_out/vcf/Sample11_ACI_158_S38.test.FINAL.vcf --variant:mutect /spin1/scratch/tandonm/pipeline_out/tn_test_1/somatic/SNP_Indels/mutect_out/vcf/Sample11_ACI_158_S38.test.FINAL.vcf'}
