Building DAG of jobs...
Using shell: /usr/bin/bash
Provided cores: 4
Rules claiming more threads will be scaled down.
Job counts:
	count	jobs
	1	haplotypecaller
	1

[Sat Mar 13 00:20:36 2021]
rule haplotypecaller:
    input: /spin1/scratch/tandonm/pipeline_out/tn_test_1/bams/Sample11_ACI_158_S38.test.recal.bam
    output: /spin1/scratch/tandonm/pipeline_out/tn_test_1/germline/gVCFs/Sample11_ACI_158_S38.test.chr8.g.vcf.gz, /spin1/scratch/tandonm/pipeline_out/tn_test_1/germline/gVCFs/Sample11_ACI_158_S38.test.chr8.g.vcf.gz.tbi
    jobid: 0
    wildcards: samples=Sample11_ACI_158_S38.test, chroms=chr8

[+] Loading gcc  9.2.0  ... 
[+] Loading GSL 2.6 for GCC 9.2.0 ... 
[-] Unloading gcc  9.2.0  ... 
[+] Loading gcc  9.2.0  ... 
[+] Loading openmpi 3.1.4  for GCC 9.2.0 
[+] Loading ImageMagick  7.0.8  on cn2427 
[+] Loading HDF5  1.10.4 
[-] Unloading gcc  9.2.0  ... 
[+] Loading gcc  9.2.0  ... 
[+] Loading NetCDF 4.7.4_gcc9.2.0 
[+] Loading pandoc  2.11.4  on cn2427 
[+] Loading R 3.6.3 
[+] Loading GATK  4.1.4.1 

GATK/4 includes its own python environment. Loading a different python
environment
after the GATK module will result in some tools failing. Conversely, the python
environment included with GATK/4 will override any python modules you may
already
have loaded.


00:20:41.894 WARN  GATKAnnotationPluginDescriptor - Redundant enabled annotation group (StandardAnnotation) is enabled for this tool by default
Mar 13, 2021 12:20:42 AM shaded.cloud_nio.com.google.auth.oauth2.ComputeEngineCredentials runningOnComputeEngine
INFO: Failed to detect whether we are running on Google Compute Engine.
00:20:42.161 INFO  HaplotypeCaller - ------------------------------------------------------------
00:20:42.161 INFO  HaplotypeCaller - The Genome Analysis Toolkit (GATK) v4.1.4.1
00:20:42.161 INFO  HaplotypeCaller - For support and documentation go to https://software.broadinstitute.org/gatk/
00:20:42.161 INFO  HaplotypeCaller - Executing as tandonm@cn2427 on Linux v3.10.0-862.14.4.el7.x86_64 amd64
00:20:42.161 INFO  HaplotypeCaller - Java runtime: OpenJDK 64-Bit Server VM v1.8.0_181-b13
00:20:42.162 INFO  HaplotypeCaller - Start Date/Time: March 13, 2021 12:20:41 AM EST
00:20:42.162 INFO  HaplotypeCaller - ------------------------------------------------------------
00:20:42.162 INFO  HaplotypeCaller - ------------------------------------------------------------
00:20:42.162 INFO  HaplotypeCaller - HTSJDK Version: 2.21.0
00:20:42.162 INFO  HaplotypeCaller - Picard Version: 2.21.2
00:20:42.166 INFO  HaplotypeCaller - HTSJDK Defaults.COMPRESSION_LEVEL : 2
00:20:42.167 INFO  HaplotypeCaller - HTSJDK Defaults.USE_ASYNC_IO_READ_FOR_SAMTOOLS : false
00:20:42.167 INFO  HaplotypeCaller - HTSJDK Defaults.USE_ASYNC_IO_WRITE_FOR_SAMTOOLS : true
00:20:42.167 INFO  HaplotypeCaller - HTSJDK Defaults.USE_ASYNC_IO_WRITE_FOR_TRIBBLE : false
00:20:42.168 INFO  HaplotypeCaller - Deflater: JdkDeflater
00:20:42.168 INFO  HaplotypeCaller - Inflater: JdkInflater
00:20:42.169 INFO  HaplotypeCaller - GCS max retries/reopens: 20
00:20:42.169 INFO  HaplotypeCaller - Requester pays: disabled
00:20:42.169 INFO  HaplotypeCaller - Initializing engine
00:20:42.851 INFO  FeatureManager - Using codec VCFCodec to read file file:///fdb/GATK_resource_bundle/hg38bundle/dbsnp_138.hg38.vcf.gz
00:20:43.093 INFO  IntervalArgumentCollection - Processing 145138636 bp from intervals
00:20:43.154 INFO  HaplotypeCaller - Done initializing engine
00:20:43.157 INFO  HaplotypeCallerEngine - Tool is in reference confidence mode and the annotation, the following changes will be made to any specified annotations: 'StrandBiasBySample' will be enabled. 'ChromosomeCounts', 'FisherStrand', 'StrandOddsRatio' and 'QualByDepth' annotations have been disabled
00:20:43.239 INFO  HaplotypeCallerEngine - Standard Emitting and Calling confidence set to 0.0 for reference-model confidence output
00:20:43.239 INFO  HaplotypeCallerEngine - All sites annotated with PLs forced to true for reference-model confidence output
00:20:43.255 INFO  NativeLibraryLoader - Loading libgkl_utils.so from jar:file:/usr/local/apps/GATK/4.1.4.1/gatk-package-4.1.4.1-local.jar!/com/intel/gkl/native/libgkl_utils.so
00:20:43.258 INFO  NativeLibraryLoader - Loading libgkl_pairhmm_omp.so from jar:file:/usr/local/apps/GATK/4.1.4.1/gatk-package-4.1.4.1-local.jar!/com/intel/gkl/native/libgkl_pairhmm_omp.so
00:20:43.312 INFO  IntelPairHmm - Using CPU-supported AVX-512 instructions
00:20:43.312 INFO  IntelPairHmm - Flush-to-zero (FTZ) is enabled when running PairHMM
00:20:43.312 INFO  IntelPairHmm - Available threads: 1
00:20:43.312 INFO  IntelPairHmm - Requested threads: 4
00:20:43.313 WARN  IntelPairHmm - Using 1 available threads, but 4 were requested
00:20:43.313 INFO  PairHMM - Using the OpenMP multi-threaded AVX-accelerated native PairHMM implementation
00:20:43.397 INFO  ProgressMeter - Starting traversal
00:20:43.398 INFO  ProgressMeter -        Current Locus  Elapsed Minutes     Regions Processed   Regions/Minute
00:20:44.331 WARN  InbreedingCoeff - InbreedingCoeff will not be calculated; at least 10 samples must have called genotypes
00:20:53.419 INFO  ProgressMeter -         chr8:3409977              0.2                 11570          69274.5
00:21:03.428 INFO  ProgressMeter -         chr8:8342902              0.3                 28590          85641.5
00:21:13.429 INFO  ProgressMeter -        chr8:13268261              0.5                 45960          91825.1
00:21:15.611 WARN  DepthPerSampleHC - Annotation will not be calculated, genotype is not called or alleleLikelihoodMap is null
00:21:15.612 WARN  StrandBiasBySample - Annotation will not be calculated, genotype is not called or alleleLikelihoodMap is null
00:21:23.434 INFO  ProgressMeter -        chr8:19374030              0.7                 67100         100559.5
00:21:33.437 INFO  ProgressMeter -        chr8:23914795              0.8                 83240          99810.1
00:21:43.438 INFO  ProgressMeter -        chr8:30043925              1.0                104730         104660.2
00:21:49.032 WARN  StrandBiasBySample - Annotation will not be calculated, genotype is not called or alleleLikelihoodMap is null
00:21:53.442 INFO  ProgressMeter -        chr8:37871143              1.2                131890         112977.6
00:22:03.442 INFO  ProgressMeter -        chr8:41741260              1.3                146170         109567.2
00:22:13.444 INFO  ProgressMeter -        chr8:46665351              1.5                163890         109204.2
00:22:23.455 INFO  ProgressMeter -        chr8:52536834              1.7                184760         110792.8
00:22:33.457 INFO  ProgressMeter -        chr8:57682152              1.8                203260         110809.7
00:22:43.472 INFO  ProgressMeter -        chr8:63187074              2.0                222710         111286.4
00:22:53.472 INFO  ProgressMeter -        chr8:68246176              2.2                240910         111126.0
00:23:03.478 INFO  ProgressMeter -        chr8:73825630              2.3                260810         111711.9
00:23:13.486 INFO  ProgressMeter -        chr8:80319286              2.5                283770         113441.4
00:23:16.751 WARN  StrandBiasBySample - Annotation will not be calculated, genotype is not called or alleleLikelihoodMap is null
00:23:23.492 INFO  ProgressMeter -        chr8:85444830              2.7                302100         113221.0
00:23:33.492 INFO  ProgressMeter -        chr8:90256598              2.8                319300         112631.8
00:23:43.495 INFO  ProgressMeter -        chr8:95212319              3.0                337060         112292.8
00:23:53.501 INFO  ProgressMeter -        chr8:99987385              3.2                354410         111858.3
00:24:03.511 INFO  ProgressMeter -       chr8:103376989              3.3                367020         110043.8
00:24:13.517 INFO  ProgressMeter -       chr8:109240204              3.5                387870         110757.2
00:24:18.367 WARN  StrandBiasBySample - Annotation will not be calculated, genotype is not called or alleleLikelihoodMap is null
00:24:23.532 INFO  ProgressMeter -       chr8:116863656              3.7                414150         112881.2
00:24:33.547 INFO  ProgressMeter -       chr8:123428140              3.8                437160         113967.9
00:24:43.548 INFO  ProgressMeter -       chr8:130313495              4.0                461310         115255.5
00:24:53.560 INFO  ProgressMeter -       chr8:138812851              4.2                490630         117675.4
00:24:58.525 WARN  StrandBiasBySample - Annotation will not be calculated, genotype is not called or alleleLikelihoodMap is null
00:25:00.768 WARN  StrandBiasBySample - Annotation will not be calculated, genotype is not called or alleleLikelihoodMap is null
00:25:03.573 INFO  ProgressMeter -       chr8:144410826              4.3                510420         117710.0
00:25:05.733 INFO  HaplotypeCaller - 52588 read(s) filtered by: ((((((((MappingQualityReadFilter AND MappingQualityAvailableReadFilter) AND MappedReadFilter) AND NotSecondaryAlignmentReadFilter) AND NotDuplicateReadFilter) AND PassesVendorQualityCheckReadFilter) AND NonZeroReferenceLengthAlignmentReadFilter) AND GoodCigarReadFilter) AND WellformedReadFilter)
  52588 read(s) filtered by: (((((((MappingQualityReadFilter AND MappingQualityAvailableReadFilter) AND MappedReadFilter) AND NotSecondaryAlignmentReadFilter) AND NotDuplicateReadFilter) AND PassesVendorQualityCheckReadFilter) AND NonZeroReferenceLengthAlignmentReadFilter) AND GoodCigarReadFilter)
      52588 read(s) filtered by: ((((((MappingQualityReadFilter AND MappingQualityAvailableReadFilter) AND MappedReadFilter) AND NotSecondaryAlignmentReadFilter) AND NotDuplicateReadFilter) AND PassesVendorQualityCheckReadFilter) AND NonZeroReferenceLengthAlignmentReadFilter)
          52588 read(s) filtered by: (((((MappingQualityReadFilter AND MappingQualityAvailableReadFilter) AND MappedReadFilter) AND NotSecondaryAlignmentReadFilter) AND NotDuplicateReadFilter) AND PassesVendorQualityCheckReadFilter)
              52588 read(s) filtered by: ((((MappingQualityReadFilter AND MappingQualityAvailableReadFilter) AND MappedReadFilter) AND NotSecondaryAlignmentReadFilter) AND NotDuplicateReadFilter)
                  23984 read(s) filtered by: (((MappingQualityReadFilter AND MappingQualityAvailableReadFilter) AND MappedReadFilter) AND NotSecondaryAlignmentReadFilter)
                      23686 read(s) filtered by: ((MappingQualityReadFilter AND MappingQualityAvailableReadFilter) AND MappedReadFilter)
                          23686 read(s) filtered by: (MappingQualityReadFilter AND MappingQualityAvailableReadFilter)
                              23686 read(s) filtered by: MappingQualityReadFilter 
                      298 read(s) filtered by: NotSecondaryAlignmentReadFilter 
                  28604 read(s) filtered by: NotDuplicateReadFilter 

00:25:05.733 INFO  ProgressMeter -       chr8:145136307              4.4                513107         117355.4
00:25:05.733 INFO  ProgressMeter - Traversal complete. Processed 513107 total regions in 4.4 minutes.
00:25:05.758 INFO  VectorLoglessPairHMM - Time spent in setup for JNI call : 0.056630776
00:25:05.758 INFO  PairHMM - Total compute time in PairHMM computeLogLikelihoods() : 5.158410843
00:25:05.758 INFO  SmithWatermanAligner - Total compute time in java Smith-Waterman : 5.35 sec
00:25:05.758 INFO  HaplotypeCaller - Shutting down engine
[March 13, 2021 12:25:05 AM EST] org.broadinstitute.hellbender.tools.walkers.haplotypecaller.HaplotypeCaller done. Elapsed time: 4.40 minutes.
Runtime.totalMemory()=1984954368
Using GATK jar /usr/local/apps/GATK/4.1.4.1/gatk-package-4.1.4.1-local.jar
Running:
    java -Dsamjdk.use_async_io_read_samtools=false -Dsamjdk.use_async_io_write_samtools=true -Dsamjdk.use_async_io_write_tribble=false -Dsamjdk.compression_level=2 -Xmx24g -jar /usr/local/apps/GATK/4.1.4.1/gatk-package-4.1.4.1-local.jar HaplotypeCaller --reference /data/tandonm/pl_test_data/human/genome/hg38/Homo_sapiens_assembly38.fasta --input /spin1/scratch/tandonm/pipeline_out/tn_test_1/bams/Sample11_ACI_158_S38.test.recal.bam --use-jdk-inflater --use-jdk-deflater --emit-ref-confidence GVCF --annotation-group StandardAnnotation --annotation-group AS_StandardAnnotation --dbsnp /fdb/GATK_resource_bundle/hg38bundle/dbsnp_138.hg38.vcf.gz --output /spin1/scratch/tandonm/pipeline_out/tn_test_1/germline/gVCFs/Sample11_ACI_158_S38.test.chr8.g.vcf.gz --intervals chr8 --max-alternate-alleles 3
[Sat Mar 13 00:25:06 2021]
Finished job 0.
1 of 1 steps (100%) done
{'Sample10_ARK1_S37.test': '--variant:mutect2 /spin1/scratch/tandonm/pipeline_out/tn_test_1/somatic/SNP_Indels/mutect2_out/vcf/Sample10_ARK1_S37.test.FINAL.vcf --variant:vardict /spin1/scratch/tandonm/pipeline_out/tn_test_1/somatic/SNP_Indels/vardict_out/vcf/Sample10_ARK1_S37.test.FINAL.vcf --variant:varscan /spin1/scratch/tandonm/pipeline_out/tn_test_1/somatic/SNP_Indels/varscan_out/vcf/Sample10_ARK1_S37.test.FINAL.vcf --variant:strelka /spin1/scratch/tandonm/pipeline_out/tn_test_1/somatic/SNP_Indels/strelka_out/vcf/Sample10_ARK1_S37.test.FINAL.vcf --variant:mutect /spin1/scratch/tandonm/pipeline_out/tn_test_1/somatic/SNP_Indels/mutect_out/vcf/Sample10_ARK1_S37.test.FINAL.vcf', 'Sample11_ACI_158_S38.test': '--variant:mutect2 /spin1/scratch/tandonm/pipeline_out/tn_test_1/somatic/SNP_Indels/mutect2_out/vcf/Sample11_ACI_158_S38.test.FINAL.vcf --variant:vardict /spin1/scratch/tandonm/pipeline_out/tn_test_1/somatic/SNP_Indels/vardict_out/vcf/Sample11_ACI_158_S38.test.FINAL.vcf --variant:varscan /spin1/scratch/tandonm/pipeline_out/tn_test_1/somatic/SNP_Indels/varscan_out/vcf/Sample11_ACI_158_S38.test.FINAL.vcf --variant:strelka /spin1/scratch/tandonm/pipeline_out/tn_test_1/somatic/SNP_Indels/strelka_out/vcf/Sample11_ACI_158_S38.test.FINAL.vcf --variant:mutect /spin1/scratch/tandonm/pipeline_out/tn_test_1/somatic/SNP_Indels/mutect_out/vcf/Sample11_ACI_158_S38.test.FINAL.vcf'}
