Building DAG of jobs...
Using shell: /usr/bin/bash
Provided cores: 4
Rules claiming more threads will be scaled down.
Job counts:
	count	jobs
	1	gatk_mutect2
	1

[Sat Mar 13 00:25:01 2021]
rule gatk_mutect2:
    input: /spin1/scratch/tandonm/pipeline_out/tn_test_1/bams/chrom_split/Sample4_CRL1622_S31.test.chr19.split.bam, /spin1/scratch/tandonm/pipeline_out/tn_test_1/bams/chrom_split/Sample10_ARK1_S37.test.chr19.split.bam
    output: /spin1/scratch/tandonm/pipeline_out/tn_test_1/somatic/SNP_Indels/mutect2_out/chrom_split/Sample10_ARK1_S37.test.chr19.vcf, /spin1/scratch/tandonm/pipeline_out/tn_test_1/somatic/SNP_Indels/mutect2_out/chrom_split/Sample10_ARK1_S37.test.chr19.f1r2.tar.gz, /spin1/scratch/tandonm/pipeline_out/tn_test_1/somatic/SNP_Indels/mutect2_out/chrom_split/Sample10_ARK1_S37.test.chr19.vcf.stats
    jobid: 0
    wildcards: samples=Sample10_ARK1_S37.test, chroms=chr19
    threads: 2

[+] Loading gcc  9.2.0  ... 
[+] Loading GSL 2.6 for GCC 9.2.0 ... 
[-] Unloading gcc  9.2.0  ... 
[+] Loading gcc  9.2.0  ... 
[+] Loading openmpi 3.1.4  for GCC 9.2.0 
[+] Loading ImageMagick  7.0.8  on cn2420 
[+] Loading HDF5  1.10.4 
[-] Unloading gcc  9.2.0  ... 
[+] Loading gcc  9.2.0  ... 
[+] Loading NetCDF 4.7.4_gcc9.2.0 
[+] Loading pandoc  2.11.4  on cn2420 
[+] Loading R 3.6.3 
[+] Loading GATK  4.1.4.1 

GATK/4 includes its own python environment. Loading a different python
environment
after the GATK module will result in some tools failing. Conversely, the python
environment included with GATK/4 will override any python modules you may
already
have loaded.


00:25:05.086 INFO  NativeLibraryLoader - Loading libgkl_compression.so from jar:file:/usr/local/apps/GATK/4.1.4.1/gatk-package-4.1.4.1-local.jar!/com/intel/gkl/native/libgkl_compression.so
Mar 13, 2021 12:25:05 AM shaded.cloud_nio.com.google.auth.oauth2.ComputeEngineCredentials runningOnComputeEngine
INFO: Failed to detect whether we are running on Google Compute Engine.
00:25:05.319 INFO  Mutect2 - ------------------------------------------------------------
00:25:05.320 INFO  Mutect2 - The Genome Analysis Toolkit (GATK) v4.1.4.1
00:25:05.320 INFO  Mutect2 - For support and documentation go to https://software.broadinstitute.org/gatk/
00:25:05.320 INFO  Mutect2 - Executing as tandonm@cn2420 on Linux v3.10.0-862.14.4.el7.x86_64 amd64
00:25:05.320 INFO  Mutect2 - Java runtime: OpenJDK 64-Bit Server VM v1.8.0_181-b13
00:25:05.320 INFO  Mutect2 - Start Date/Time: March 13, 2021 12:25:05 AM EST
00:25:05.320 INFO  Mutect2 - ------------------------------------------------------------
00:25:05.320 INFO  Mutect2 - ------------------------------------------------------------
00:25:05.321 INFO  Mutect2 - HTSJDK Version: 2.21.0
00:25:05.321 INFO  Mutect2 - Picard Version: 2.21.2
00:25:05.321 INFO  Mutect2 - HTSJDK Defaults.COMPRESSION_LEVEL : 2
00:25:05.321 INFO  Mutect2 - HTSJDK Defaults.USE_ASYNC_IO_READ_FOR_SAMTOOLS : false
00:25:05.321 INFO  Mutect2 - HTSJDK Defaults.USE_ASYNC_IO_WRITE_FOR_SAMTOOLS : true
00:25:05.321 INFO  Mutect2 - HTSJDK Defaults.USE_ASYNC_IO_WRITE_FOR_TRIBBLE : false
00:25:05.321 INFO  Mutect2 - Deflater: IntelDeflater
00:25:05.321 INFO  Mutect2 - Inflater: IntelInflater
00:25:05.321 INFO  Mutect2 - GCS max retries/reopens: 20
00:25:05.321 INFO  Mutect2 - Requester pays: disabled
00:25:05.321 INFO  Mutect2 - Initializing engine
00:25:06.071 INFO  FeatureManager - Using codec VCFCodec to read file file:///data/CCBR_Pipeliner/db/PipeDB/lib/hg38.noCOSMIC_ClinVar.pon.vcf.gz
00:25:06.252 INFO  FeatureManager - Using codec VCFCodec to read file file:///data/MA_shared/justin_wes_pipe/somatic-hg38-af-only-gnomad.hg38.vcf.gz
00:25:06.454 INFO  IntervalArgumentCollection - Processing 58617616 bp from intervals
00:25:06.549 INFO  Mutect2 - Done initializing engine
00:25:06.672 INFO  NativeLibraryLoader - Loading libgkl_utils.so from jar:file:/usr/local/apps/GATK/4.1.4.1/gatk-package-4.1.4.1-local.jar!/com/intel/gkl/native/libgkl_utils.so
00:25:06.674 INFO  NativeLibraryLoader - Loading libgkl_pairhmm_omp.so from jar:file:/usr/local/apps/GATK/4.1.4.1/gatk-package-4.1.4.1-local.jar!/com/intel/gkl/native/libgkl_pairhmm_omp.so
00:25:06.734 INFO  IntelPairHmm - Using CPU-supported AVX-512 instructions
00:25:06.734 INFO  IntelPairHmm - Flush-to-zero (FTZ) is enabled when running PairHMM
00:25:06.735 INFO  IntelPairHmm - Available threads: 2
00:25:06.735 INFO  IntelPairHmm - Requested threads: 4
00:25:06.735 WARN  IntelPairHmm - Using 2 available threads, but 4 were requested
00:25:06.735 INFO  PairHMM - Using the OpenMP multi-threaded AVX-accelerated native PairHMM implementation
00:25:06.905 INFO  ProgressMeter - Starting traversal
00:25:06.905 INFO  ProgressMeter -        Current Locus  Elapsed Minutes     Regions Processed   Regions/Minute
00:25:16.911 INFO  ProgressMeter -         chr19:762620              0.2                  2780          16670.0
00:25:26.936 INFO  ProgressMeter -        chr19:1535630              0.3                  5820          17433.0
00:25:36.979 INFO  ProgressMeter -        chr19:3545060              0.5                 13290          26514.6
00:25:46.979 INFO  ProgressMeter -        chr19:5098280              0.7                 19290          28881.6
00:25:56.992 INFO  ProgressMeter -        chr19:7032165              0.8                 26560          31816.6
00:26:07.001 INFO  ProgressMeter -        chr19:8627047              1.0                 32750          32697.7
00:26:17.007 INFO  ProgressMeter -       chr19:10367538              1.2                 39280          33619.6
00:26:27.041 INFO  ProgressMeter -       chr19:12148342              1.3                 46180          34576.2
00:26:37.048 INFO  ProgressMeter -       chr19:14094527              1.5                 53600          35676.6
00:26:47.057 INFO  ProgressMeter -       chr19:15896072              1.7                 60340          36149.1
00:26:57.087 INFO  ProgressMeter -       chr19:17721215              1.8                 67320          36659.3
00:27:07.087 INFO  ProgressMeter -       chr19:19535883              2.0                 74240          37063.8
00:27:17.089 INFO  ProgressMeter -       chr19:23280427              2.2                 87670          40405.9
00:27:27.089 INFO  ProgressMeter -       chr19:32809257              2.3                120490          51570.8
00:27:37.146 INFO  ProgressMeter -       chr19:35638331              2.5                130770          52224.1
00:27:47.181 INFO  ProgressMeter -       chr19:37613424              2.7                138080          51691.2
00:27:57.186 INFO  ProgressMeter -       chr19:39051907              2.8                143570          50588.1
00:28:07.200 INFO  ProgressMeter -       chr19:40579976              3.0                149300          49685.2
00:28:17.210 INFO  ProgressMeter -       chr19:42321266              3.2                155790          49118.0
00:28:27.230 INFO  ProgressMeter -       chr19:44081340              3.3                162290          48608.0
00:28:37.247 INFO  ProgressMeter -       chr19:45829814              3.5                168920          48184.4
00:28:47.249 INFO  ProgressMeter -       chr19:48384787              3.7                178440          48589.5
00:28:57.265 INFO  ProgressMeter -       chr19:49761760              3.8                183830          47880.7
00:29:07.267 INFO  ProgressMeter -       chr19:51716590              4.0                191060          47693.3
00:29:17.301 INFO  ProgressMeter -       chr19:53407854              4.2                197320          47281.9
00:29:27.483 INFO  ProgressMeter -       chr19:55763855              4.3                205840          47396.2
00:29:37.511 INFO  ProgressMeter -       chr19:57721603              4.5                212960          47218.5
00:29:43.019 INFO  Mutect2 - 153341 read(s) filtered by: (((((((((((MappingQualityReadFilter AND MappingQualityAvailableReadFilter) AND MappingQualityNotZeroReadFilter) AND MappedReadFilter) AND NotSecondaryAlignmentReadFilter) AND NotDuplicateReadFilter) AND PassesVendorQualityCheckReadFilter) AND NonChimericOriginalAlignmentReadFilter) AND NonZeroReferenceLengthAlignmentReadFilter) AND ReadLengthReadFilter) AND GoodCigarReadFilter) AND WellformedReadFilter)
  153341 read(s) filtered by: ((((((((((MappingQualityReadFilter AND MappingQualityAvailableReadFilter) AND MappingQualityNotZeroReadFilter) AND MappedReadFilter) AND NotSecondaryAlignmentReadFilter) AND NotDuplicateReadFilter) AND PassesVendorQualityCheckReadFilter) AND NonChimericOriginalAlignmentReadFilter) AND NonZeroReferenceLengthAlignmentReadFilter) AND ReadLengthReadFilter) AND GoodCigarReadFilter)
      153341 read(s) filtered by: (((((((((MappingQualityReadFilter AND MappingQualityAvailableReadFilter) AND MappingQualityNotZeroReadFilter) AND MappedReadFilter) AND NotSecondaryAlignmentReadFilter) AND NotDuplicateReadFilter) AND PassesVendorQualityCheckReadFilter) AND NonChimericOriginalAlignmentReadFilter) AND NonZeroReferenceLengthAlignmentReadFilter) AND ReadLengthReadFilter)
          143380 read(s) filtered by: ((((((((MappingQualityReadFilter AND MappingQualityAvailableReadFilter) AND MappingQualityNotZeroReadFilter) AND MappedReadFilter) AND NotSecondaryAlignmentReadFilter) AND NotDuplicateReadFilter) AND PassesVendorQualityCheckReadFilter) AND NonChimericOriginalAlignmentReadFilter) AND NonZeroReferenceLengthAlignmentReadFilter)
              143380 read(s) filtered by: (((((((MappingQualityReadFilter AND MappingQualityAvailableReadFilter) AND MappingQualityNotZeroReadFilter) AND MappedReadFilter) AND NotSecondaryAlignmentReadFilter) AND NotDuplicateReadFilter) AND PassesVendorQualityCheckReadFilter) AND NonChimericOriginalAlignmentReadFilter)
                  143380 read(s) filtered by: ((((((MappingQualityReadFilter AND MappingQualityAvailableReadFilter) AND MappingQualityNotZeroReadFilter) AND MappedReadFilter) AND NotSecondaryAlignmentReadFilter) AND NotDuplicateReadFilter) AND PassesVendorQualityCheckReadFilter)
                      143380 read(s) filtered by: (((((MappingQualityReadFilter AND MappingQualityAvailableReadFilter) AND MappingQualityNotZeroReadFilter) AND MappedReadFilter) AND NotSecondaryAlignmentReadFilter) AND NotDuplicateReadFilter)
                          54769 read(s) filtered by: ((((MappingQualityReadFilter AND MappingQualityAvailableReadFilter) AND MappingQualityNotZeroReadFilter) AND MappedReadFilter) AND NotSecondaryAlignmentReadFilter)
                              54127 read(s) filtered by: (((MappingQualityReadFilter AND MappingQualityAvailableReadFilter) AND MappingQualityNotZeroReadFilter) AND MappedReadFilter)
                                  54127 read(s) filtered by: ((MappingQualityReadFilter AND MappingQualityAvailableReadFilter) AND MappingQualityNotZeroReadFilter)
                                      54127 read(s) filtered by: (MappingQualityReadFilter AND MappingQualityAvailableReadFilter)
                                          54127 read(s) filtered by: MappingQualityReadFilter 
                              642 read(s) filtered by: NotSecondaryAlignmentReadFilter 
                          88611 read(s) filtered by: NotDuplicateReadFilter 
          9961 read(s) filtered by: ReadLengthReadFilter 

00:29:43.019 INFO  ProgressMeter -       chr19:58616368              4.6                216324          47007.5
00:29:43.019 INFO  ProgressMeter - Traversal complete. Processed 216324 total regions in 4.6 minutes.
00:29:43.243 INFO  VectorLoglessPairHMM - Time spent in setup for JNI call : 0.123853297
00:29:43.244 INFO  PairHMM - Total compute time in PairHMM computeLogLikelihoods() : 8.423363512
00:29:43.244 INFO  SmithWatermanAligner - Total compute time in java Smith-Waterman : 19.57 sec
00:29:43.244 INFO  Mutect2 - Shutting down engine
[March 13, 2021 12:29:43 AM EST] org.broadinstitute.hellbender.tools.walkers.mutect.Mutect2 done. Elapsed time: 4.64 minutes.
Runtime.totalMemory()=1866465280
Tool returned:
SUCCESS
Using GATK jar /usr/local/apps/GATK/4.1.4.1/gatk-package-4.1.4.1-local.jar
Running:
    java -Dsamjdk.use_async_io_read_samtools=false -Dsamjdk.use_async_io_write_samtools=true -Dsamjdk.use_async_io_write_tribble=false -Dsamjdk.compression_level=2 -jar /usr/local/apps/GATK/4.1.4.1/gatk-package-4.1.4.1-local.jar Mutect2 -R /data/tandonm/pl_test_data/human/genome/hg38/Homo_sapiens_assembly38.fasta -I /spin1/scratch/tandonm/pipeline_out/tn_test_1/bams/chrom_split/Sample10_ARK1_S37.test.chr19.split.bam -I /spin1/scratch/tandonm/pipeline_out/tn_test_1/bams/chrom_split/Sample4_CRL1622_S31.test.chr19.split.bam -normal Sample4_CRL1622_S31.test --panel-of-normals /data/CCBR_Pipeliner/db/PipeDB/lib/hg38.noCOSMIC_ClinVar.pon.vcf.gz --germline-resource /data/MA_shared/justin_wes_pipe/somatic-hg38-af-only-gnomad.hg38.vcf.gz -L chr19 -O /spin1/scratch/tandonm/pipeline_out/tn_test_1/somatic/SNP_Indels/mutect2_out/chrom_split/Sample10_ARK1_S37.test.chr19.vcf --f1r2-tar-gz /spin1/scratch/tandonm/pipeline_out/tn_test_1/somatic/SNP_Indels/mutect2_out/chrom_split/Sample10_ARK1_S37.test.chr19.f1r2.tar.gz --independent-mates
[Sat Mar 13 00:29:43 2021]
Finished job 0.
1 of 1 steps (100%) done
{'Sample10_ARK1_S37.test': '--variant:vardict /spin1/scratch/tandonm/pipeline_out/tn_test_1/somatic/SNP_Indels/vardict_out/vcf/Sample10_ARK1_S37.test.FINAL.vcf --variant:mutect2 /spin1/scratch/tandonm/pipeline_out/tn_test_1/somatic/SNP_Indels/mutect2_out/vcf/Sample10_ARK1_S37.test.FINAL.vcf --variant:mutect /spin1/scratch/tandonm/pipeline_out/tn_test_1/somatic/SNP_Indels/mutect_out/vcf/Sample10_ARK1_S37.test.FINAL.vcf --variant:strelka /spin1/scratch/tandonm/pipeline_out/tn_test_1/somatic/SNP_Indels/strelka_out/vcf/Sample10_ARK1_S37.test.FINAL.vcf --variant:varscan /spin1/scratch/tandonm/pipeline_out/tn_test_1/somatic/SNP_Indels/varscan_out/vcf/Sample10_ARK1_S37.test.FINAL.vcf', 'Sample11_ACI_158_S38.test': '--variant:vardict /spin1/scratch/tandonm/pipeline_out/tn_test_1/somatic/SNP_Indels/vardict_out/vcf/Sample11_ACI_158_S38.test.FINAL.vcf --variant:mutect2 /spin1/scratch/tandonm/pipeline_out/tn_test_1/somatic/SNP_Indels/mutect2_out/vcf/Sample11_ACI_158_S38.test.FINAL.vcf --variant:mutect /spin1/scratch/tandonm/pipeline_out/tn_test_1/somatic/SNP_Indels/mutect_out/vcf/Sample11_ACI_158_S38.test.FINAL.vcf --variant:strelka /spin1/scratch/tandonm/pipeline_out/tn_test_1/somatic/SNP_Indels/strelka_out/vcf/Sample11_ACI_158_S38.test.FINAL.vcf --variant:varscan /spin1/scratch/tandonm/pipeline_out/tn_test_1/somatic/SNP_Indels/varscan_out/vcf/Sample11_ACI_158_S38.test.FINAL.vcf'}
