Building DAG of jobs...
Using shell: /usr/bin/bash
Provided cores: 4
Rules claiming more threads will be scaled down.
Job counts:
	count	jobs
	1	haplotypecaller
	1

[Sat Mar 13 00:18:51 2021]
rule haplotypecaller:
    input: /spin1/scratch/tandonm/pipeline_out/tn_test_1/bams/Sample11_ACI_158_S38.test.recal.bam
    output: /spin1/scratch/tandonm/pipeline_out/tn_test_1/germline/gVCFs/Sample11_ACI_158_S38.test.chr1.g.vcf.gz, /spin1/scratch/tandonm/pipeline_out/tn_test_1/germline/gVCFs/Sample11_ACI_158_S38.test.chr1.g.vcf.gz.tbi
    jobid: 0
    wildcards: samples=Sample11_ACI_158_S38.test, chroms=chr1

[+] Loading gcc  9.2.0  ... 
[+] Loading GSL 2.6 for GCC 9.2.0 ... 
[-] Unloading gcc  9.2.0  ... 
[+] Loading gcc  9.2.0  ... 
[+] Loading openmpi 3.1.4  for GCC 9.2.0 
[+] Loading ImageMagick  7.0.8  on cn2402 
[+] Loading HDF5  1.10.4 
[-] Unloading gcc  9.2.0  ... 
[+] Loading gcc  9.2.0  ... 
[+] Loading NetCDF 4.7.4_gcc9.2.0 
[+] Loading pandoc  2.11.4  on cn2402 
[+] Loading R 3.6.3 
[+] Loading GATK  4.1.4.1 

GATK/4 includes its own python environment. Loading a different python
environment
after the GATK module will result in some tools failing. Conversely, the python
environment included with GATK/4 will override any python modules you may
already
have loaded.


00:18:56.457 WARN  GATKAnnotationPluginDescriptor - Redundant enabled annotation group (StandardAnnotation) is enabled for this tool by default
Mar 13, 2021 12:18:56 AM shaded.cloud_nio.com.google.auth.oauth2.ComputeEngineCredentials runningOnComputeEngine
INFO: Failed to detect whether we are running on Google Compute Engine.
00:18:56.809 INFO  HaplotypeCaller - ------------------------------------------------------------
00:18:56.810 INFO  HaplotypeCaller - The Genome Analysis Toolkit (GATK) v4.1.4.1
00:18:56.810 INFO  HaplotypeCaller - For support and documentation go to https://software.broadinstitute.org/gatk/
00:18:56.810 INFO  HaplotypeCaller - Executing as tandonm@cn2402 on Linux v3.10.0-862.14.4.el7.x86_64 amd64
00:18:56.810 INFO  HaplotypeCaller - Java runtime: OpenJDK 64-Bit Server VM v1.8.0_181-b13
00:18:56.810 INFO  HaplotypeCaller - Start Date/Time: March 13, 2021 12:18:56 AM EST
00:18:56.810 INFO  HaplotypeCaller - ------------------------------------------------------------
00:18:56.810 INFO  HaplotypeCaller - ------------------------------------------------------------
00:18:56.811 INFO  HaplotypeCaller - HTSJDK Version: 2.21.0
00:18:56.811 INFO  HaplotypeCaller - Picard Version: 2.21.2
00:18:56.816 INFO  HaplotypeCaller - HTSJDK Defaults.COMPRESSION_LEVEL : 2
00:18:56.816 INFO  HaplotypeCaller - HTSJDK Defaults.USE_ASYNC_IO_READ_FOR_SAMTOOLS : false
00:18:56.816 INFO  HaplotypeCaller - HTSJDK Defaults.USE_ASYNC_IO_WRITE_FOR_SAMTOOLS : true
00:18:56.816 INFO  HaplotypeCaller - HTSJDK Defaults.USE_ASYNC_IO_WRITE_FOR_TRIBBLE : false
00:18:56.817 INFO  HaplotypeCaller - Deflater: JdkDeflater
00:18:56.818 INFO  HaplotypeCaller - Inflater: JdkInflater
00:18:56.818 INFO  HaplotypeCaller - GCS max retries/reopens: 20
00:18:56.818 INFO  HaplotypeCaller - Requester pays: disabled
00:18:56.818 INFO  HaplotypeCaller - Initializing engine
WARNING	2021-03-13 00:18:57	SamFiles	The index file /gpfs/gsfs7/users/tandonm/pl_test_data/human/bams/Sample11_ACI_158_S38.test.recal.bai was found by resolving the canonical path of a symlink: /spin1/scratch/tandonm/pipeline_out/tn_test_1/bams/Sample11_ACI_158_S38.test.recal.bam -> /gpfs/gsfs7/users/tandonm/pl_test_data/human/bams/Sample11_ACI_158_S38.test.recal.bam
WARNING: BAM index file /gpfs/gsfs7/users/tandonm/pl_test_data/human/bams/Sample11_ACI_158_S38.test.recal.bai is older than BAM /spin1/scratch/tandonm/pipeline_out/tn_test_1/bams/Sample11_ACI_158_S38.test.recal.bam
00:18:57.506 INFO  FeatureManager - Using codec VCFCodec to read file file:///fdb/GATK_resource_bundle/hg38bundle/dbsnp_138.hg38.vcf.gz
00:18:57.689 INFO  IntervalArgumentCollection - Processing 248956422 bp from intervals
00:18:57.746 INFO  HaplotypeCaller - Done initializing engine
00:18:57.749 INFO  HaplotypeCallerEngine - Tool is in reference confidence mode and the annotation, the following changes will be made to any specified annotations: 'StrandBiasBySample' will be enabled. 'ChromosomeCounts', 'FisherStrand', 'StrandOddsRatio' and 'QualByDepth' annotations have been disabled
00:18:57.831 INFO  HaplotypeCallerEngine - Standard Emitting and Calling confidence set to 0.0 for reference-model confidence output
00:18:57.832 INFO  HaplotypeCallerEngine - All sites annotated with PLs forced to true for reference-model confidence output
00:18:57.848 INFO  NativeLibraryLoader - Loading libgkl_utils.so from jar:file:/usr/local/apps/GATK/4.1.4.1/gatk-package-4.1.4.1-local.jar!/com/intel/gkl/native/libgkl_utils.so
00:18:57.851 INFO  NativeLibraryLoader - Loading libgkl_pairhmm_omp.so from jar:file:/usr/local/apps/GATK/4.1.4.1/gatk-package-4.1.4.1-local.jar!/com/intel/gkl/native/libgkl_pairhmm_omp.so
00:18:57.911 INFO  IntelPairHmm - Using CPU-supported AVX-512 instructions
00:18:57.911 INFO  IntelPairHmm - Flush-to-zero (FTZ) is enabled when running PairHMM
00:18:57.911 INFO  IntelPairHmm - Available threads: 1
00:18:57.911 INFO  IntelPairHmm - Requested threads: 4
00:18:57.911 WARN  IntelPairHmm - Using 1 available threads, but 4 were requested
00:18:57.911 INFO  PairHMM - Using the OpenMP multi-threaded AVX-accelerated native PairHMM implementation
00:18:57.995 INFO  ProgressMeter - Starting traversal
00:18:57.995 INFO  ProgressMeter -        Current Locus  Elapsed Minutes     Regions Processed   Regions/Minute
00:18:58.713 WARN  InbreedingCoeff - InbreedingCoeff will not be calculated; at least 10 samples must have called genotypes
00:19:08.059 INFO  ProgressMeter -         chr1:1287953              0.2                  4620          27543.7
00:19:18.063 INFO  ProgressMeter -         chr1:2225457              0.3                  8570          25624.2
00:19:26.080 WARN  DepthPerSampleHC - Annotation will not be calculated, genotype is not called or alleleLikelihoodMap is null
00:19:26.081 WARN  StrandBiasBySample - Annotation will not be calculated, genotype is not called or alleleLikelihoodMap is null
00:19:28.077 INFO  ProgressMeter -         chr1:5905284              0.5                 21800          43481.2
00:19:38.082 INFO  ProgressMeter -         chr1:8893161              0.7                 32930          49287.8
00:19:48.104 INFO  ProgressMeter -        chr1:11793924              0.8                 43930          52601.3
00:19:58.105 INFO  ProgressMeter -        chr1:15368279              1.0                 56830          56726.9
00:20:08.597 INFO  ProgressMeter -        chr1:16582296              1.2                 61610          52358.3
00:20:19.041 INFO  ProgressMeter -        chr1:16759595              1.4                 62420          46210.8
00:20:29.047 INFO  ProgressMeter -        chr1:19281836              1.5                 71780          47300.4
00:20:39.056 INFO  ProgressMeter -        chr1:22127196              1.7                 82550          49010.5
00:20:49.073 INFO  ProgressMeter -        chr1:27012818              1.9                100270          54161.9
00:20:59.079 INFO  ProgressMeter -        chr1:31915515              2.0                118130          58536.2
00:21:09.085 INFO  ProgressMeter -        chr1:35752472              2.2                132190          60503.5
00:21:19.085 INFO  ProgressMeter -        chr1:38885294              2.4                143860          61178.0
00:21:25.567 WARN  StrandBiasBySample - Annotation will not be calculated, genotype is not called or alleleLikelihoodMap is null
00:21:29.086 INFO  ProgressMeter -        chr1:41707086              2.5                154460          61337.9
00:21:39.095 INFO  ProgressMeter -        chr1:44776979              2.7                165840          61765.4
00:21:49.096 INFO  ProgressMeter -        chr1:47376722              2.9                175720          61619.7
00:21:59.097 INFO  ProgressMeter -        chr1:52442188              3.0                193930          64250.0
00:22:09.097 INFO  ProgressMeter -        chr1:55138192              3.2                204350          64159.5
00:22:14.061 WARN  StrandBiasBySample - Annotation will not be calculated, genotype is not called or alleleLikelihoodMap is null
00:22:14.062 WARN  StrandBiasBySample - Annotation will not be calculated, genotype is not called or alleleLikelihoodMap is null
00:22:18.485 WARN  StrandBiasBySample - Annotation will not be calculated, genotype is not called or alleleLikelihoodMap is null
00:22:19.122 INFO  ProgressMeter -        chr1:61427273              3.4                226400          67539.4
00:22:29.126 INFO  ProgressMeter -        chr1:65617807              3.5                241800          68715.6
00:22:39.127 INFO  ProgressMeter -        chr1:71569787              3.7                262830          71314.0
00:22:49.133 INFO  ProgressMeter -        chr1:77993430              3.9                285290          74057.1
00:22:59.159 INFO  ProgressMeter -        chr1:85129721              4.0                310200          77175.7
00:23:03.134 WARN  StrandBiasBySample - Annotation will not be calculated, genotype is not called or alleleLikelihoodMap is null
00:23:09.160 INFO  ProgressMeter -        chr1:90068201              4.2                327840          78316.6
00:23:19.165 INFO  ProgressMeter -        chr1:94483114              4.4                344010          79031.3
00:23:29.169 INFO  ProgressMeter -       chr1:100657173              4.5                365780          80932.5
00:23:39.170 INFO  ProgressMeter -       chr1:108452266              4.7                392850          83830.4
00:23:41.453 WARN  StrandBiasBySample - Annotation will not be calculated, genotype is not called or alleleLikelihoodMap is null
00:23:49.953 INFO  ProgressMeter -       chr1:111315101              4.9                403600          82943.4
00:23:59.953 INFO  ProgressMeter -       chr1:115691282              5.0                419490          83354.0
00:24:09.954 INFO  ProgressMeter -       chr1:120373430              5.2                436170          83889.9
00:24:19.954 INFO  ProgressMeter -       chr1:130002124              5.4                468610          87329.8
00:24:29.956 INFO  ProgressMeter -       chr1:143763521              5.5                514610          93012.7
00:24:42.213 INFO  ProgressMeter -       chr1:146989996              5.7                526040          91693.1
00:24:51.592 WARN  StrandBiasBySample - Annotation will not be calculated, genotype is not called or alleleLikelihoodMap is null
00:24:52.217 INFO  ProgressMeter -       chr1:150485581              5.9                538700          91247.9
00:24:53.480 WARN  StrandBiasBySample - Annotation will not be calculated, genotype is not called or alleleLikelihoodMap is null
00:25:02.942 INFO  ProgressMeter -       chr1:152304730              6.1                545800          89733.8
00:25:12.954 INFO  ProgressMeter -       chr1:153549252              6.2                550310          88059.2
00:25:22.973 INFO  ProgressMeter -       chr1:155786058              6.4                558940          87112.5
00:25:32.983 INFO  ProgressMeter -       chr1:158087499              6.6                567830          86255.3
00:25:43.002 INFO  ProgressMeter -       chr1:160895382              6.8                578100          85643.0
00:25:51.640 WARN  StrandBiasBySample - Annotation will not be calculated, genotype is not called or alleleLikelihoodMap is null
00:25:53.002 INFO  ProgressMeter -       chr1:165736383              6.9                595450          86087.7
00:26:03.002 INFO  ProgressMeter -       chr1:170444082              7.1                612320          86443.8
00:26:13.004 INFO  ProgressMeter -       chr1:175185778              7.3                629430          86816.1
00:26:23.004 INFO  ProgressMeter -       chr1:180426624              7.4                648200          87396.0
00:26:33.004 INFO  ProgressMeter -       chr1:184773196              7.6                663890          87544.2
00:26:43.006 INFO  ProgressMeter -       chr1:192215199              7.8                689680          88989.1
00:26:53.010 INFO  ProgressMeter -       chr1:198731992              7.9                712290          89970.6
00:27:03.041 INFO  ProgressMeter -       chr1:201878118              8.1                723790          89532.5
00:27:13.066 INFO  ProgressMeter -       chr1:204963201              8.3                735480          89136.3
00:27:23.070 INFO  ProgressMeter -       chr1:208218366              8.4                747450          88792.8
00:27:24.227 WARN  StrandBiasBySample - Annotation will not be calculated, genotype is not called or alleleLikelihoodMap is null
00:27:33.071 INFO  ProgressMeter -       chr1:213330074              8.6                765880          89215.6
00:27:43.073 INFO  ProgressMeter -       chr1:218548033              8.8                784170          89606.1
00:27:53.074 INFO  ProgressMeter -       chr1:224061554              8.9                803780          90130.2
00:28:03.109 INFO  ProgressMeter -       chr1:227816304              9.1                817800          90014.2
00:28:13.114 INFO  ProgressMeter -       chr1:231855247              9.3                832410          89971.0
00:28:23.126 INFO  ProgressMeter -       chr1:236574395              9.4                849390          90179.8
00:28:27.569 WARN  StrandBiasBySample - Annotation will not be calculated, genotype is not called or alleleLikelihoodMap is null
00:28:30.723 WARN  StrandBiasBySample - Annotation will not be calculated, genotype is not called or alleleLikelihoodMap is null
00:28:32.310 WARN  StrandBiasBySample - Annotation will not be calculated, genotype is not called or alleleLikelihoodMap is null
00:28:33.127 INFO  ProgressMeter -       chr1:242362408              9.6                869930          90754.5
00:28:42.653 WARN  StrandBiasBySample - Annotation will not be calculated, genotype is not called or alleleLikelihoodMap is null
00:28:43.169 INFO  ProgressMeter -       chr1:247898092              9.8                889530          91206.7
00:28:47.160 INFO  HaplotypeCaller - 294203 read(s) filtered by: ((((((((MappingQualityReadFilter AND MappingQualityAvailableReadFilter) AND MappedReadFilter) AND NotSecondaryAlignmentReadFilter) AND NotDuplicateReadFilter) AND PassesVendorQualityCheckReadFilter) AND NonZeroReferenceLengthAlignmentReadFilter) AND GoodCigarReadFilter) AND WellformedReadFilter)
  294203 read(s) filtered by: (((((((MappingQualityReadFilter AND MappingQualityAvailableReadFilter) AND MappedReadFilter) AND NotSecondaryAlignmentReadFilter) AND NotDuplicateReadFilter) AND PassesVendorQualityCheckReadFilter) AND NonZeroReferenceLengthAlignmentReadFilter) AND GoodCigarReadFilter)
      294203 read(s) filtered by: ((((((MappingQualityReadFilter AND MappingQualityAvailableReadFilter) AND MappedReadFilter) AND NotSecondaryAlignmentReadFilter) AND NotDuplicateReadFilter) AND PassesVendorQualityCheckReadFilter) AND NonZeroReferenceLengthAlignmentReadFilter)
          294203 read(s) filtered by: (((((MappingQualityReadFilter AND MappingQualityAvailableReadFilter) AND MappedReadFilter) AND NotSecondaryAlignmentReadFilter) AND NotDuplicateReadFilter) AND PassesVendorQualityCheckReadFilter)
              294203 read(s) filtered by: ((((MappingQualityReadFilter AND MappingQualityAvailableReadFilter) AND MappedReadFilter) AND NotSecondaryAlignmentReadFilter) AND NotDuplicateReadFilter)
                  210998 read(s) filtered by: (((MappingQualityReadFilter AND MappingQualityAvailableReadFilter) AND MappedReadFilter) AND NotSecondaryAlignmentReadFilter)
                      210326 read(s) filtered by: ((MappingQualityReadFilter AND MappingQualityAvailableReadFilter) AND MappedReadFilter)
                          210326 read(s) filtered by: (MappingQualityReadFilter AND MappingQualityAvailableReadFilter)
                              210326 read(s) filtered by: MappingQualityReadFilter 
                      672 read(s) filtered by: NotSecondaryAlignmentReadFilter 
                  83205 read(s) filtered by: NotDuplicateReadFilter 

00:28:47.161 INFO  ProgressMeter -       chr1:248954196              9.8                893277          90970.3
00:28:47.161 INFO  ProgressMeter - Traversal complete. Processed 893277 total regions in 9.8 minutes.
00:28:47.224 INFO  VectorLoglessPairHMM - Time spent in setup for JNI call : 0.19733439400000002
00:28:47.224 INFO  PairHMM - Total compute time in PairHMM computeLogLikelihoods() : 30.024204823
00:28:47.224 INFO  SmithWatermanAligner - Total compute time in java Smith-Waterman : 27.12 sec
00:28:47.224 INFO  HaplotypeCaller - Shutting down engine
[March 13, 2021 12:28:47 AM EST] org.broadinstitute.hellbender.tools.walkers.haplotypecaller.HaplotypeCaller done. Elapsed time: 9.85 minutes.
Runtime.totalMemory()=5883035648
Using GATK jar /usr/local/apps/GATK/4.1.4.1/gatk-package-4.1.4.1-local.jar
Running:
    java -Dsamjdk.use_async_io_read_samtools=false -Dsamjdk.use_async_io_write_samtools=true -Dsamjdk.use_async_io_write_tribble=false -Dsamjdk.compression_level=2 -Xmx24g -jar /usr/local/apps/GATK/4.1.4.1/gatk-package-4.1.4.1-local.jar HaplotypeCaller --reference /data/tandonm/pl_test_data/human/genome/hg38/Homo_sapiens_assembly38.fasta --input /spin1/scratch/tandonm/pipeline_out/tn_test_1/bams/Sample11_ACI_158_S38.test.recal.bam --use-jdk-inflater --use-jdk-deflater --emit-ref-confidence GVCF --annotation-group StandardAnnotation --annotation-group AS_StandardAnnotation --dbsnp /fdb/GATK_resource_bundle/hg38bundle/dbsnp_138.hg38.vcf.gz --output /spin1/scratch/tandonm/pipeline_out/tn_test_1/germline/gVCFs/Sample11_ACI_158_S38.test.chr1.g.vcf.gz --intervals chr1 --max-alternate-alleles 3
[Sat Mar 13 00:28:47 2021]
Finished job 0.
1 of 1 steps (100%) done
{'Sample10_ARK1_S37.test': '--variant:mutect /spin1/scratch/tandonm/pipeline_out/tn_test_1/somatic/SNP_Indels/mutect_out/vcf/Sample10_ARK1_S37.test.FINAL.vcf --variant:varscan /spin1/scratch/tandonm/pipeline_out/tn_test_1/somatic/SNP_Indels/varscan_out/vcf/Sample10_ARK1_S37.test.FINAL.vcf --variant:strelka /spin1/scratch/tandonm/pipeline_out/tn_test_1/somatic/SNP_Indels/strelka_out/vcf/Sample10_ARK1_S37.test.FINAL.vcf --variant:mutect2 /spin1/scratch/tandonm/pipeline_out/tn_test_1/somatic/SNP_Indels/mutect2_out/vcf/Sample10_ARK1_S37.test.FINAL.vcf --variant:vardict /spin1/scratch/tandonm/pipeline_out/tn_test_1/somatic/SNP_Indels/vardict_out/vcf/Sample10_ARK1_S37.test.FINAL.vcf', 'Sample11_ACI_158_S38.test': '--variant:mutect /spin1/scratch/tandonm/pipeline_out/tn_test_1/somatic/SNP_Indels/mutect_out/vcf/Sample11_ACI_158_S38.test.FINAL.vcf --variant:varscan /spin1/scratch/tandonm/pipeline_out/tn_test_1/somatic/SNP_Indels/varscan_out/vcf/Sample11_ACI_158_S38.test.FINAL.vcf --variant:strelka /spin1/scratch/tandonm/pipeline_out/tn_test_1/somatic/SNP_Indels/strelka_out/vcf/Sample11_ACI_158_S38.test.FINAL.vcf --variant:mutect2 /spin1/scratch/tandonm/pipeline_out/tn_test_1/somatic/SNP_Indels/mutect2_out/vcf/Sample11_ACI_158_S38.test.FINAL.vcf --variant:vardict /spin1/scratch/tandonm/pipeline_out/tn_test_1/somatic/SNP_Indels/vardict_out/vcf/Sample11_ACI_158_S38.test.FINAL.vcf'}
