Building DAG of jobs...
Using shell: /usr/bin/bash
Provided cores: 4
Rules claiming more threads will be scaled down.
Job counts:
	count	jobs
	1	mutect
	1

[Sat Mar 13 00:25:01 2021]
rule mutect:
    input: /spin1/scratch/tandonm/pipeline_out/tn_test_1/bams/chrom_split/Sample4_CRL1622_S31.test.chr6.split.bam, /spin1/scratch/tandonm/pipeline_out/tn_test_1/bams/chrom_split/Sample10_ARK1_S37.test.chr6.split.bam
    output: /spin1/scratch/tandonm/pipeline_out/tn_test_1/somatic/SNP_Indels/mutect_out/chrom_split/Sample10_ARK1_S37.test.chr6.vcf, /spin1/scratch/tandonm/pipeline_out/tn_test_1/somatic/SNP_Indels/mutect_out/chrom_split/Sample10_ARK1_S37.test.chr6.stats.out
    jobid: 0
    wildcards: samples=Sample10_ARK1_S37.test, chroms=chr6


  +--------------------------------------------------------------------------+
           muTect functionality has been merged with GATK since 2015.
                   Please consider using GATK instead.

                     For more information please see:

             https://software.broadinstitute.org/gatk/blog?id=6495
  +--------------------------------------------------------------------------+

[+] Loading java 1.7.0_80  ... 
[+] Loading mutect / 1.1.7  ... 
mem = 2g
tmpdir = /lscratch/10304399/muTect
INFO  00:25:07,606 HelpFormatter - -------------------------------------------------------------------------------- 
INFO  00:25:07,609 HelpFormatter - The Genome Analysis Toolkit (GATK) v3.1-0-g72492bb, Compiled 2014/12/15 20:09:26 
INFO  00:25:07,609 HelpFormatter - Copyright (c) 2010 The Broad Institute 
INFO  00:25:07,609 HelpFormatter - For support and documentation go to http://www.broadinstitute.org/gatk 
INFO  00:25:07,612 HelpFormatter - Program Args: --analysis_type MuTect --reference_sequence /data/tandonm/pl_test_data/human/genome/hg38/Homo_sapiens_assembly38.fasta --normal_panel /data/CCBR_Pipeliner/db/PipeDB/lib/hg38.noCOSMIC_ClinVar.pon.vcf.gz --vcf /spin1/scratch/tandonm/pipeline_out/tn_test_1/somatic/SNP_Indels/mutect_out/chrom_split/Sample10_ARK1_S37.test.chr6.vcf --cosmic /data/CCBR_Pipeliner/db/PipeDB/lib/COSMIC_82_hg38.vcf.gz --dbsnp /fdb/GATK_resource_bundle/hg38bundle/dbsnp_138.hg38.vcf.gz --disable_auto_index_creation_and_locking_when_reading_rods --input_file:normal /spin1/scratch/tandonm/pipeline_out/tn_test_1/bams/chrom_split/Sample4_CRL1622_S31.test.chr6.split.bam --input_file:tumor /spin1/scratch/tandonm/pipeline_out/tn_test_1/bams/chrom_split/Sample10_ARK1_S37.test.chr6.split.bam --out /spin1/scratch/tandonm/pipeline_out/tn_test_1/somatic/SNP_Indels/mutect_out/chrom_split/Sample10_ARK1_S37.test.chr6.stats.out -rf BadCigar 
INFO  00:25:07,616 HelpFormatter - Executing as tandonm@cn2427 on Linux 3.10.0-862.14.4.el7.x86_64 amd64; Java HotSpot(TM) 64-Bit Server VM 1.7.0_80-b15. 
INFO  00:25:07,616 HelpFormatter - Date/Time: 2021/03/13 00:25:07 
INFO  00:25:07,617 HelpFormatter - -------------------------------------------------------------------------------- 
INFO  00:25:07,617 HelpFormatter - -------------------------------------------------------------------------------- 
INFO  00:25:08,119 GenomeAnalysisEngine - Strictness is SILENT 
INFO  00:25:08,472 GenomeAnalysisEngine - Downsampling Settings: Method: BY_SAMPLE, Target Coverage: 1000 
INFO  00:25:08,479 SAMDataSource$SAMReaders - Initializing SAMRecords in serial 
INFO  00:25:08,605 SAMDataSource$SAMReaders - Done initializing BAM readers: total time 0.13 
WARN  00:25:09,438 IndexDictionaryUtils - Track dbsnp doesn't have a sequence dictionary built in, skipping dictionary validation 
WARN  00:25:09,439 IndexDictionaryUtils - Track cosmic doesn't have a sequence dictionary built in, skipping dictionary validation 
WARN  00:25:09,439 IndexDictionaryUtils - Track normal_panel doesn't have a sequence dictionary built in, skipping dictionary validation 
INFO  00:25:09,515 GenomeAnalysisEngine - Preparing for traversal over 2 BAM files 
INFO  00:25:09,609 GenomeAnalysisEngine - Done preparing for traversal 
INFO  00:25:09,610 ProgressMeter - [INITIALIZATION COMPLETE; STARTING PROCESSING] 
INFO  00:25:09,610 ProgressMeter -        Location processed.sites  runtime per.1M.sites completed total.runtime remaining 
INFO  00:25:09,611 MuTect - VERSION INFO: MuTect:1.1.6-4-g69b7a37 Gatk:3.1-0-g72492bb 
INFO  00:25:39,614 ProgressMeter -   chr1:40144601        0.00e+00   30.0 s       49.6 w      1.2%        40.1 m    39.6 m 
INFO  00:26:09,616 ProgressMeter -   chr1:93627801        0.00e+00   60.0 s       99.2 w      2.9%        34.4 m    33.4 m 
INFO  00:26:39,617 ProgressMeter -  chr1:155067501        0.00e+00   90.0 s      148.8 w      4.8%        31.1 m    29.6 m 
INFO  00:27:09,735 ProgressMeter -  chr1:207633901        0.00e+00  120.0 s      198.6 w      6.5%        31.0 m    29.0 m 
INFO  00:27:39,768 ProgressMeter -    chr2:5835201        2.49e+08    2.5 m        0.0 s      7.9%        31.6 m    29.1 m 
INFO  00:28:09,880 ProgressMeter -   chr2:57212801        2.49e+08    3.0 m        0.0 s      9.5%        31.5 m    28.5 m 
INFO  00:28:39,881 ProgressMeter -  chr2:112538501        2.49e+08    3.5 m        0.0 s     11.2%        31.2 m    27.7 m 
INFO  00:29:09,883 ProgressMeter -  chr2:164726201        2.49e+08    4.0 m        0.0 s     12.9%        31.1 m    27.1 m 
INFO  00:29:40,014 ProgressMeter -  chr2:218535201        2.49e+08    4.5 m        1.0 s     14.5%        31.0 m    26.5 m 
INFO  00:30:10,017 ProgressMeter -   chr3:24215801        4.91e+08    5.0 m        0.0 s     16.0%        31.2 m    26.2 m 
INFO  00:30:40,019 ProgressMeter -   chr3:76334801        4.91e+08    5.5 m        0.0 s     17.6%        31.2 m    25.7 m 
INFO  00:31:10,022 ProgressMeter -  chr3:129224101        4.91e+08    6.0 m        0.0 s     19.3%        31.1 m    25.1 m 
INFO  00:31:40,026 ProgressMeter -  chr3:182577101        4.91e+08    6.5 m        0.0 s     20.9%        31.0 m    24.5 m 
INFO  00:32:12,826 ProgressMeter -   chr4:32944001        6.89e+08    7.1 m        0.0 s     22.5%        31.4 m    24.3 m 
INFO  00:32:42,918 ProgressMeter -   chr4:84273201        6.89e+08    7.6 m        0.0 s     24.0%        31.4 m    23.8 m 
INFO  00:33:12,919 ProgressMeter -  chr4:137561701        6.89e+08    8.1 m        0.0 s     25.7%        31.3 m    23.3 m 
INFO  00:33:42,921 ProgressMeter -  chr4:189187201        6.89e+08    8.6 m        0.0 s     27.3%        31.3 m    22.8 m 
INFO  00:34:12,923 ProgressMeter -   chr5:43461901        8.80e+08    9.1 m        0.0 s     28.7%        31.5 m    22.5 m 
INFO  00:34:43,004 ProgressMeter -   chr5:97326601        8.80e+08    9.6 m        0.0 s     30.4%        31.4 m    21.9 m 
INFO  00:35:13,007 ProgressMeter -  chr5:147237201        8.80e+08   10.1 m        0.0 s     31.9%        31.5 m    21.4 m 
INFO  00:35:37,611 MuTect - [MUTECT] Processed 1000139 reads in 627889 ms 
INFO  00:35:39,949 MuTect - [MUTECT] Inspected 1000 potential candidates 
INFO  00:35:40,694 MuTect - [MUTECT] Processed 2000166 reads in 3082 ms 
INFO  00:35:42,565 MuTect - [MUTECT] Processed 3000274 reads in 1872 ms 
INFO  00:35:43,010 ProgressMeter -    chr6:2948937        1.06e+09   10.6 m        0.0 s     33.1%        31.9 m    21.3 m 
INFO  00:35:43,253 MuTect - [MUTECT] Inspected 2000 potential candidates 
INFO  00:35:43,709 MuTect - [MUTECT] Processed 4000349 reads in 1144 ms 
INFO  00:35:44,312 MuTect - [MUTECT] Processed 5000380 reads in 603 ms 
INFO  00:35:45,290 MuTect - [MUTECT] Inspected 3000 potential candidates 
INFO  00:35:45,946 MuTect - [MUTECT] Processed 6000426 reads in 1634 ms 
INFO  00:35:47,058 MuTect - [MUTECT] Processed 7000438 reads in 1112 ms 
INFO  00:35:48,210 MuTect - [MUTECT] Inspected 4000 potential candidates 
INFO  00:35:48,781 MuTect - [MUTECT] Processed 8000489 reads in 1722 ms 
INFO  00:35:50,673 MuTect - [MUTECT] Processed 9000631 reads in 1893 ms 
INFO  00:35:50,760 MuTect - [MUTECT] Inspected 5000 potential candidates 
INFO  00:35:52,268 MuTect - [MUTECT] Processed 10001065 reads in 1595 ms 
INFO  00:35:53,001 MuTect - [MUTECT] Inspected 6000 potential candidates 
INFO  00:35:53,004 MuTect - [MUTECT] Processed 11001077 reads in 736 ms 
INFO  00:35:53,793 MuTect - [MUTECT] Processed 12001148 reads in 789 ms 
INFO  00:35:54,369 MuTect - [MUTECT] Processed 13001459 reads in 576 ms 
INFO  00:35:54,953 MuTect - [MUTECT] Processed 14001922 reads in 584 ms 
INFO  00:35:55,717 MuTect - [MUTECT] Processed 15002289 reads in 764 ms 
INFO  00:35:56,417 MuTect - [MUTECT] Processed 16002617 reads in 700 ms 
INFO  00:35:56,447 MuTect - [MUTECT] Inspected 7000 potential candidates 
INFO  00:35:57,540 MuTect - [MUTECT] Processed 17002702 reads in 1123 ms 
INFO  00:35:59,840 MuTect - [MUTECT] Inspected 8000 potential candidates 
INFO  00:36:00,204 MuTect - [MUTECT] Processed 18002711 reads in 2664 ms 
INFO  00:36:01,392 MuTect - [MUTECT] Processed 19002717 reads in 1188 ms 
INFO  00:36:02,016 MuTect - [MUTECT] Inspected 9000 potential candidates 
INFO  00:36:02,168 MuTect - [MUTECT] Processed 20002745 reads in 776 ms 
INFO  00:36:03,004 MuTect - [MUTECT] Processed 21002843 reads in 836 ms 
INFO  00:36:04,239 MuTect - [MUTECT] Inspected 10000 potential candidates 
INFO  00:36:04,303 MuTect - [MUTECT] Processed 22002866 reads in 1299 ms 
INFO  00:36:05,968 MuTect - [MUTECT] Processed 23003049 reads in 1665 ms 
INFO  00:36:07,158 MuTect - [MUTECT] Processed 24003137 reads in 1190 ms 
INFO  00:36:07,244 MuTect - [MUTECT] Inspected 11000 potential candidates 
INFO  00:36:09,762 MuTect - [MUTECT] Processed 25003154 reads in 2604 ms 
INFO  00:36:11,414 MuTect - [MUTECT] Inspected 12000 potential candidates 
INFO  00:36:11,637 MuTect - [MUTECT] Processed 26003194 reads in 1874 ms 
INFO  00:36:12,449 MuTect - [MUTECT] Processed 27003197 reads in 813 ms 
INFO  00:36:13,012 ProgressMeter -   chr6:17952781        1.08e+09   11.1 m        0.0 s     33.5%        32.9 m    21.9 m 
INFO  00:36:13,531 MuTect - [MUTECT] Processed 28003197 reads in 1082 ms 
INFO  00:36:13,637 MuTect - [MUTECT] Inspected 13000 potential candidates 
INFO  00:36:16,159 MuTect - [MUTECT] Processed 29003214 reads in 2628 ms 
INFO  00:36:19,496 MuTect - [MUTECT] Inspected 14000 potential candidates 
INFO  00:36:20,135 MuTect - [MUTECT] Processed 30003216 reads in 3976 ms 
INFO  00:36:21,309 MuTect - [MUTECT] Processed 31003261 reads in 1174 ms 
INFO  00:36:22,184 MuTect - [MUTECT] Processed 32003282 reads in 875 ms 
INFO  00:36:22,804 MuTect - [MUTECT] Inspected 15000 potential candidates 
INFO  00:36:23,600 MuTect - [MUTECT] Processed 33003358 reads in 1416 ms 
INFO  00:36:24,616 MuTect - [MUTECT] Processed 34003358 reads in 1016 ms 
INFO  00:36:25,023 MuTect - [MUTECT] Inspected 16000 potential candidates 
INFO  00:36:25,358 MuTect - [MUTECT] Processed 35003405 reads in 742 ms 
INFO  00:36:26,106 MuTect - [MUTECT] Processed 36003454 reads in 748 ms 
INFO  00:36:26,657 MuTect - [MUTECT] Inspected 17000 potential candidates 
INFO  00:36:26,676 MuTect - [MUTECT] Processed 37003489 reads in 570 ms 
INFO  00:36:27,806 MuTect - [MUTECT] Processed 38003597 reads in 1130 ms 
INFO  00:36:28,651 MuTect - [MUTECT] Processed 39003599 reads in 845 ms 
INFO  00:36:29,167 MuTect - [MUTECT] Inspected 18000 potential candidates 
INFO  00:36:29,678 MuTect - [MUTECT] Processed 40003718 reads in 1027 ms 
INFO  00:36:30,454 MuTect - [MUTECT] Processed 41003738 reads in 776 ms 
INFO  00:36:30,887 MuTect - [MUTECT] Inspected 19000 potential candidates 
INFO  00:36:31,017 MuTect - [MUTECT] Processed 42003772 reads in 563 ms 
INFO  00:36:31,844 MuTect - [MUTECT] Processed 43003777 reads in 827 ms 
INFO  00:36:34,139 MuTect - [MUTECT] Processed 44003785 reads in 2295 ms 
INFO  00:36:35,776 MuTect - [MUTECT] Processed 45003792 reads in 1637 ms 
INFO  00:36:37,404 MuTect - [MUTECT] Processed 46003792 reads in 1628 ms 
INFO  00:36:38,288 MuTect - [MUTECT] Processed 47003793 reads in 884 ms 
INFO  00:36:40,482 MuTect - [MUTECT] Processed 48003806 reads in 2194 ms 
INFO  00:36:41,411 MuTect - [MUTECT] Processed 49003816 reads in 929 ms 
INFO  00:36:41,516 MuTect - [MUTECT] Inspected 20000 potential candidates 
INFO  00:36:42,354 MuTect - [MUTECT] Processed 50003884 reads in 943 ms 
INFO  00:36:43,013 ProgressMeter -   chr6:34418001        1.10e+09   11.6 m        0.0 s     34.1%        33.9 m    22.4 m 
INFO  00:36:43,708 MuTect - [MUTECT] Processed 51003909 reads in 1354 ms 
INFO  00:36:44,053 MuTect - [MUTECT] Inspected 21000 potential candidates 
INFO  00:36:44,709 MuTect - [MUTECT] Processed 52003920 reads in 1001 ms 
INFO  00:36:45,534 MuTect - [MUTECT] Processed 53003920 reads in 825 ms 
INFO  00:36:46,249 MuTect - [MUTECT] Inspected 22000 potential candidates 
INFO  00:36:46,388 MuTect - [MUTECT] Processed 54003926 reads in 854 ms 
INFO  00:36:47,245 MuTect - [MUTECT] Processed 55003927 reads in 857 ms 
INFO  00:36:48,117 MuTect - [MUTECT] Processed 56003956 reads in 872 ms 
INFO  00:36:48,513 MuTect - [MUTECT] Inspected 23000 potential candidates 
INFO  00:36:49,044 MuTect - [MUTECT] Processed 57004069 reads in 927 ms 
INFO  00:36:49,969 MuTect - [MUTECT] Processed 58004157 reads in 925 ms 
INFO  00:36:50,574 MuTect - [MUTECT] Inspected 24000 potential candidates 
INFO  00:36:50,992 MuTect - [MUTECT] Processed 59004183 reads in 1023 ms 
INFO  00:36:52,553 MuTect - [MUTECT] Processed 60004205 reads in 1561 ms 
INFO  00:36:53,304 MuTect - [MUTECT] Processed 61004293 reads in 751 ms 
INFO  00:36:53,674 MuTect - [MUTECT] Inspected 25000 potential candidates 
INFO  00:36:54,629 MuTect - [MUTECT] Processed 62004301 reads in 1325 ms 
INFO  00:36:56,172 MuTect - [MUTECT] Processed 63004346 reads in 1543 ms 
INFO  00:36:56,918 MuTect - [MUTECT] Inspected 26000 potential candidates 
INFO  00:36:57,271 MuTect - [MUTECT] Processed 64004360 reads in 1099 ms 
INFO  00:36:58,218 MuTect - [MUTECT] Processed 65004436 reads in 947 ms 
INFO  00:36:58,916 MuTect - [MUTECT] Inspected 27000 potential candidates 
INFO  00:36:59,260 MuTect - [MUTECT] Processed 66004457 reads in 1042 ms 
INFO  00:36:59,950 MuTect - [MUTECT] Processed 67004482 reads in 690 ms 
INFO  00:37:00,693 MuTect - [MUTECT] Processed 68004487 reads in 743 ms 
INFO  00:37:01,043 MuTect - [MUTECT] Inspected 28000 potential candidates 
INFO  00:37:01,318 MuTect - [MUTECT] Processed 69004522 reads in 625 ms 
INFO  00:37:01,912 MuTect - [MUTECT] Processed 70004533 reads in 594 ms 
INFO  00:37:02,508 MuTect - [MUTECT] Inspected 29000 potential candidates 
INFO  00:37:02,524 MuTect - [MUTECT] Processed 71004533 reads in 612 ms 
INFO  00:37:03,239 MuTect - [MUTECT] Processed 72004545 reads in 715 ms 
INFO  00:37:03,928 MuTect - [MUTECT] Processed 73004623 reads in 689 ms 
INFO  00:37:04,568 MuTect - [MUTECT] Inspected 30000 potential candidates 
INFO  00:37:04,838 MuTect - [MUTECT] Processed 74004652 reads in 910 ms 
INFO  00:37:05,605 MuTect - [MUTECT] Processed 75004658 reads in 767 ms 
INFO  00:37:06,683 MuTect - [MUTECT] Processed 76004668 reads in 1078 ms 
INFO  00:37:08,114 MuTect - [MUTECT] Inspected 31000 potential candidates 
INFO  00:37:08,631 MuTect - [MUTECT] Processed 77004674 reads in 1948 ms 
INFO  00:37:09,191 MuTect - [MUTECT] Processed 78004686 reads in 560 ms 
INFO  00:37:10,442 MuTect - [MUTECT] Processed 79004712 reads in 1251 ms 
INFO  00:37:12,146 MuTect - [MUTECT] Inspected 32000 potential candidates 
INFO  00:37:12,445 MuTect - [MUTECT] Processed 80004728 reads in 2003 ms 
INFO  00:37:13,076 ProgressMeter -   chr6:50008969        1.11e+09   12.1 m        0.0 s     34.5%        34.9 m    22.8 m 
INFO  00:37:14,375 MuTect - [MUTECT] Processed 81004772 reads in 1930 ms 
INFO  00:37:15,402 MuTect - [MUTECT] Processed 82004849 reads in 1026 ms 
INFO  00:37:16,026 MuTect - [MUTECT] Inspected 33000 potential candidates 
INFO  00:37:16,461 MuTect - [MUTECT] Processed 83004850 reads in 1060 ms 
INFO  00:37:17,322 MuTect - [MUTECT] Processed 84004885 reads in 861 ms 
INFO  00:37:18,722 MuTect - [MUTECT] Processed 85004934 reads in 1400 ms 
INFO  00:37:20,086 MuTect - [MUTECT] Inspected 34000 potential candidates 
INFO  00:37:20,781 MuTect - [MUTECT] Processed 86004971 reads in 2059 ms 
INFO  00:37:21,686 MuTect - [MUTECT] Processed 87004974 reads in 905 ms 
INFO  00:37:22,290 MuTect - [MUTECT] Processed 88005039 reads in 604 ms 
INFO  00:37:22,567 MuTect - [MUTECT] Inspected 35000 potential candidates 
INFO  00:37:22,725 MuTect - [MUTECT] Processed 89005064 reads in 435 ms 
INFO  00:37:23,732 MuTect - [MUTECT] Processed 90005086 reads in 1007 ms 
INFO  00:37:27,377 MuTect - [MUTECT] Processed 91005095 reads in 3645 ms 
INFO  00:37:28,756 MuTect - [MUTECT] Inspected 36000 potential candidates 
INFO  00:37:29,271 MuTect - [MUTECT] Processed 92005111 reads in 1894 ms 
INFO  00:37:30,980 MuTect - [MUTECT] Processed 93005164 reads in 1709 ms 
INFO  00:37:34,949 MuTect - [MUTECT] Processed 94005234 reads in 3969 ms 
INFO  00:37:36,223 MuTect - [MUTECT] Processed 95005236 reads in 1274 ms 
INFO  00:37:36,296 MuTect - [MUTECT] Inspected 37000 potential candidates 
INFO  00:37:37,345 MuTect - [MUTECT] Processed 96005244 reads in 1122 ms 
INFO  00:37:39,735 MuTect - [MUTECT] Processed 97005245 reads in 2390 ms 
INFO  00:37:40,697 MuTect - [MUTECT] Processed 98005245 reads in 962 ms 
INFO  00:37:41,233 MuTect - [MUTECT] Inspected 38000 potential candidates 
INFO  00:37:41,586 MuTect - [MUTECT] Processed 99005290 reads in 889 ms 
INFO  00:37:43,172 ProgressMeter -   chr6:75133441        1.14e+09   12.6 m        0.0 s     35.3%        35.5 m    23.0 m 
INFO  00:37:43,231 MuTect - [MUTECT] Processed 100005360 reads in 1645 ms 
INFO  00:37:43,863 MuTect - [MUTECT] Processed 101005427 reads in 632 ms 
INFO  00:37:45,029 MuTect - [MUTECT] Processed 102005471 reads in 1166 ms 
INFO  00:37:46,745 MuTect - [MUTECT] Inspected 39000 potential candidates 
INFO  00:37:47,774 MuTect - [MUTECT] Processed 103005516 reads in 2745 ms 
INFO  00:37:49,119 MuTect - [MUTECT] Processed 104005529 reads in 1345 ms 
INFO  00:37:51,620 MuTect - [MUTECT] Processed 105005536 reads in 2501 ms 
INFO  00:37:52,903 MuTect - [MUTECT] Processed 106005539 reads in 1283 ms 
INFO  00:37:52,940 MuTect - [MUTECT] Inspected 40000 potential candidates 
INFO  00:37:53,613 MuTect - [MUTECT] Processed 107005633 reads in 710 ms 
INFO  00:37:54,811 MuTect - [MUTECT] Processed 108005646 reads in 1197 ms 
INFO  00:37:56,615 MuTect - [MUTECT] Processed 109005668 reads in 1805 ms 
INFO  00:37:58,336 MuTect - [MUTECT] Inspected 41000 potential candidates 
INFO  00:37:58,493 MuTect - [MUTECT] Processed 110005759 reads in 1878 ms 
INFO  00:37:59,191 MuTect - [MUTECT] Processed 111005803 reads in 698 ms 
INFO  00:38:00,826 MuTect - [MUTECT] Processed 112005847 reads in 1635 ms 
INFO  00:38:01,939 MuTect - [MUTECT] Processed 113005849 reads in 1113 ms 
INFO  00:38:02,593 MuTect - [MUTECT] Inspected 42000 potential candidates 
INFO  00:38:02,805 MuTect - [MUTECT] Processed 114005899 reads in 866 ms 
INFO  00:38:03,431 MuTect - [MUTECT] Processed 115005944 reads in 626 ms 
INFO  00:38:04,119 MuTect - [MUTECT] Processed 116005989 reads in 688 ms 
INFO  00:38:08,946 MuTect - [MUTECT] Processed 117006025 reads in 4827 ms 
INFO  00:38:09,779 MuTect - [MUTECT] Inspected 43000 potential candidates 
INFO  00:38:10,758 MuTect - [MUTECT] Processed 118006045 reads in 1812 ms 
INFO  00:38:13,027 MuTect - [MUTECT] Processed 119006046 reads in 2269 ms 
INFO  00:38:13,258 ProgressMeter -   chr6:99508733        1.16e+09   13.1 m        0.0 s     36.1%        36.2 m    23.1 m 
INFO  00:38:14,265 MuTect - [MUTECT] Processed 120006049 reads in 1237 ms 
INFO  00:38:15,508 MuTect - [MUTECT] Inspected 44000 potential candidates 
INFO  00:38:15,966 MuTect - [MUTECT] Processed 121006050 reads in 1702 ms 
INFO  00:38:19,173 MuTect - [MUTECT] Processed 122006069 reads in 3207 ms 
INFO  00:38:20,682 MuTect - [MUTECT] Processed 123006150 reads in 1509 ms 
INFO  00:38:21,821 MuTect - [MUTECT] Processed 124006200 reads in 1139 ms 
INFO  00:38:22,161 MuTect - [MUTECT] Inspected 45000 potential candidates 
INFO  00:38:23,286 MuTect - [MUTECT] Processed 125006212 reads in 1465 ms 
INFO  00:38:24,596 MuTect - [MUTECT] Processed 126006225 reads in 1309 ms 
INFO  00:38:25,461 MuTect - [MUTECT] Processed 127006261 reads in 866 ms 
INFO  00:38:26,050 MuTect - [MUTECT] Inspected 46000 potential candidates 
INFO  00:38:26,125 MuTect - [MUTECT] Processed 128006372 reads in 664 ms 
INFO  00:38:27,255 MuTect - [MUTECT] Processed 129006372 reads in 1130 ms 
INFO  00:38:28,544 MuTect - [MUTECT] Processed 130006390 reads in 1289 ms 
INFO  00:38:29,528 MuTect - [MUTECT] Processed 131006417 reads in 984 ms 
INFO  00:38:29,844 MuTect - [MUTECT] Inspected 47000 potential candidates 
INFO  00:38:30,287 MuTect - [MUTECT] Processed 132006440 reads in 759 ms 
INFO  00:38:31,217 MuTect - [MUTECT] Processed 133006471 reads in 930 ms 
INFO  00:38:33,465 MuTect - [MUTECT] Processed 134006476 reads in 2248 ms 
INFO  00:38:35,648 MuTect - [MUTECT] Processed 135006477 reads in 2183 ms 
INFO  00:38:35,904 MuTect - [MUTECT] Inspected 48000 potential candidates 
INFO  00:38:36,493 MuTect - [MUTECT] Processed 136006484 reads in 845 ms 
INFO  00:38:37,585 MuTect - [MUTECT] Processed 137006525 reads in 1092 ms 
INFO  00:38:38,331 MuTect - [MUTECT] Processed 138006549 reads in 746 ms 
INFO  00:38:39,764 MuTect - [MUTECT] Inspected 49000 potential candidates 
INFO  00:38:39,777 MuTect - [MUTECT] Processed 139006605 reads in 1445 ms 
INFO  00:38:42,357 MuTect - [MUTECT] Processed 140006620 reads in 2581 ms 
INFO  00:38:43,259 ProgressMeter -  chr6:122155721        1.18e+09   13.6 m        0.0 s     36.8%        36.8 m    23.3 m 
INFO  00:38:44,261 MuTect - [MUTECT] Processed 141006634 reads in 1904 ms 
INFO  00:38:46,448 MuTect - [MUTECT] Processed 142006646 reads in 2187 ms 
INFO  00:38:46,958 MuTect - [MUTECT] Inspected 50000 potential candidates 
INFO  00:38:48,095 MuTect - [MUTECT] Processed 143006646 reads in 1647 ms 
INFO  00:38:49,310 MuTect - [MUTECT] Processed 144006647 reads in 1215 ms 
INFO  00:38:51,073 MuTect - [MUTECT] Processed 145006686 reads in 1763 ms 
INFO  00:38:52,237 MuTect - [MUTECT] Processed 146006707 reads in 1164 ms 
INFO  00:38:52,445 MuTect - [MUTECT] Inspected 51000 potential candidates 
INFO  00:38:53,499 MuTect - [MUTECT] Processed 147006707 reads in 1262 ms 
INFO  00:38:54,642 MuTect - [MUTECT] Processed 148006773 reads in 1143 ms 
INFO  00:38:55,354 MuTect - [MUTECT] Processed 149006823 reads in 712 ms 
INFO  00:38:56,396 MuTect - [MUTECT] Processed 150006851 reads in 1042 ms 
INFO  00:38:56,828 MuTect - [MUTECT] Inspected 52000 potential candidates 
INFO  00:38:57,726 MuTect - [MUTECT] Processed 151006948 reads in 1330 ms 
INFO  00:38:59,781 MuTect - [MUTECT] Processed 152007027 reads in 2055 ms 
INFO  00:39:00,649 MuTect - [MUTECT] Processed 153007087 reads in 868 ms 
INFO  00:39:01,869 MuTect - [MUTECT] Processed 154007094 reads in 1220 ms 
INFO  00:39:02,403 MuTect - [MUTECT] Inspected 53000 potential candidates 
INFO  00:39:02,985 MuTect - [MUTECT] Processed 155007143 reads in 1116 ms 
INFO  00:39:04,553 MuTect - [MUTECT] Processed 156007146 reads in 1568 ms 
INFO  00:39:05,462 MuTect - [MUTECT] Processed 157007253 reads in 909 ms 
INFO  00:39:06,436 MuTect - [MUTECT] Processed 158007281 reads in 974 ms 
INFO  00:39:06,792 MuTect - [MUTECT] Inspected 54000 potential candidates 
INFO  00:39:09,563 MuTect - [MUTECT] Processed 159007281 reads in 3127 ms 
INFO  00:39:10,459 MuTect - [MUTECT] Processed 160007295 reads in 896 ms 
INFO  00:39:11,999 MuTect - [MUTECT] Processed 161007306 reads in 1540 ms 
INFO  00:39:12,884 MuTect - [MUTECT] Inspected 55000 potential candidates 
INFO  00:39:13,087 MuTect - [MUTECT] Processed 162007348 reads in 1088 ms 
INFO  00:39:13,295 ProgressMeter -  chr6:144583517        1.21e+09   14.1 m        0.0 s     37.5%        37.5 m    23.4 m 
INFO  00:39:14,742 MuTect - [MUTECT] Processed 163007362 reads in 1655 ms 
INFO  00:39:15,761 MuTect - [MUTECT] Processed 164007395 reads in 1019 ms 
INFO  00:39:16,977 MuTect - [MUTECT] Processed 165007418 reads in 1216 ms 
INFO  00:39:18,351 MuTect - [MUTECT] Inspected 56000 potential candidates 
INFO  00:39:19,190 MuTect - [MUTECT] Processed 166007419 reads in 2213 ms 
INFO  00:39:20,167 MuTect - [MUTECT] Processed 167007456 reads in 977 ms 
INFO  00:39:21,079 MuTect - [MUTECT] Processed 168007463 reads in 912 ms 
INFO  00:39:22,469 MuTect - [MUTECT] Inspected 57000 potential candidates 
INFO  00:39:22,484 MuTect - [MUTECT] Processed 169007466 reads in 1405 ms 
INFO  00:39:23,426 MuTect - [MUTECT] Processed 170007467 reads in 942 ms 
INFO  00:39:24,595 MuTect - [MUTECT] Processed 171007467 reads in 1169 ms 
INFO  00:39:25,616 MuTect - [MUTECT] Processed 172007475 reads in 1021 ms 
INFO  00:39:25,863 MuTect - [MUTECT] Inspected 58000 potential candidates 
INFO  00:39:26,159 MuTect - [MUTECT] Processed 173007483 reads in 543 ms 
INFO  00:39:26,836 MuTect - [MUTECT] Processed 174007572 reads in 676 ms 
INFO  00:39:28,958 MuTect - [MUTECT] Processed 175007572 reads in 2123 ms 
INFO  00:39:30,431 MuTect - [MUTECT] Inspected 59000 potential candidates 
INFO  00:39:30,486 MuTect - [MUTECT] Processed 176007591 reads in 1528 ms 
INFO  00:39:32,502 MuTect - [MUTECT] Processed 177007591 reads in 2016 ms 
INFO  00:39:33,953 MuTect - [MUTECT] Processed 178007604 reads in 1451 ms 
INFO  00:39:34,835 MuTect - [MUTECT] Processed 179007604 reads in 882 ms 
INFO  00:39:34,976 MuTect - [MUTECT] Inspected 60000 potential candidates 
INFO  00:39:35,791 MuTect - [MUTECT] Processed 180007606 reads in 956 ms 
INFO  00:39:36,844 MuTect - [MUTECT] Processed 181007621 reads in 1053 ms 
INFO  00:39:37,954 MuTect - [MUTECT] Processed 182007627 reads in 1110 ms 
INFO  00:39:38,056 MuTect - [MUTECT] Inspected 61000 potential candidates 
INFO  00:39:38,730 MuTect - [MUTECT] Processed 183007641 reads in 776 ms 
INFO  00:39:39,649 MuTect - [MUTECT] Processed 184007662 reads in 918 ms 
INFO  00:39:40,208 MuTect - [MUTECT] Processed 185007687 reads in 560 ms 
INFO  00:39:41,034 MuTect - [MUTECT] Processed 186007752 reads in 826 ms 
INFO  00:39:42,186 MuTect - [MUTECT] Inspected 62000 potential candidates 
INFO  00:39:43,368 ProgressMeter -  chr6:163109069        1.22e+09   14.6 m        0.0 s     38.1%        38.2 m    23.7 m 
INFO  00:39:43,536 MuTect - [MUTECT] Processed 187007821 reads in 2502 ms 
INFO  00:39:46,532 MuTect - [MUTECT] Processed 188007867 reads in 2996 ms 
INFO  00:39:48,140 MuTect - [MUTECT] Processed 189007882 reads in 1608 ms 
INFO  00:39:48,344 MuTect - [MUTECT] Inspected 63000 potential candidates 
INFO  00:39:49,286 MuTect - [MUTECT] Processed 190007883 reads in 1146 ms 
INFO  00:39:50,213 MuTect - [MUTECT] Processed 191007934 reads in 927 ms 
INFO  00:39:51,984 MuTect - [MUTECT] Processed 192007942 reads in 1771 ms 
INFO  00:39:52,190 MuTect - [MUTECT] Inspected 64000 potential candidates 
INFO  00:39:53,191 MuTect - [MUTECT] Processed 193007997 reads in 1207 ms 
INFO  00:40:13,370 ProgressMeter -   chr7:29244901        1.23e+09   15.1 m        0.0 s     39.2%        38.4 m    23.3 m 
INFO  00:40:43,372 ProgressMeter -   chr7:80368901        1.23e+09   15.6 m        0.0 s     40.8%        38.1 m    22.6 m 
INFO  00:41:13,390 ProgressMeter -  chr7:132345201        1.23e+09   16.1 m        0.0 s     42.4%        37.8 m    21.8 m 
INFO  00:41:43,504 ProgressMeter -   chr8:17923101        1.39e+09   16.6 m        0.0 s     43.8%        37.8 m    21.2 m 
INFO  00:42:13,529 ProgressMeter -   chr8:69583901        1.39e+09   17.1 m        0.0 s     45.4%        37.5 m    20.5 m 
INFO  00:42:43,593 ProgressMeter -  chr8:122233301        1.39e+09   17.6 m        0.0 s     47.0%        37.3 m    19.8 m 
INFO  00:43:13,635 ProgressMeter -   chr9:23250301        1.54e+09   18.1 m        0.0 s     48.5%        37.3 m    19.2 m 
INFO  00:43:43,723 ProgressMeter -   chr9:81306101        1.54e+09   18.6 m        0.0 s     50.3%        36.9 m    18.4 m 
INFO  00:44:13,758 ProgressMeter -  chr9:131725901        1.54e+09   19.1 m        0.0 s     51.9%        36.8 m    17.7 m 
INFO  00:44:43,869 ProgressMeter -  chr10:41036201        1.67e+09   19.6 m        0.0 s     53.3%        36.7 m    17.1 m 
INFO  00:45:13,870 ProgressMeter -  chr10:91354001        1.67e+09   20.1 m        0.0 s     54.9%        36.6 m    16.5 m 
INFO  00:45:43,918 ProgressMeter -   chr11:2787201        1.81e+09   20.6 m        0.0 s     56.3%        36.5 m    16.0 m 
INFO  00:46:13,941 ProgressMeter -  chr11:51535101        1.81e+09   21.1 m        0.0 s     57.8%        36.4 m    15.4 m 
INFO  00:46:44,028 ProgressMeter - chr11:101237701        1.81e+09   21.6 m        0.0 s     59.4%        36.3 m    14.8 m 
INFO  00:47:14,105 ProgressMeter -  chr12:11060001        1.94e+09   22.1 m        0.0 s     60.8%        36.3 m    14.3 m 
INFO  00:47:44,162 ProgressMeter -  chr12:60698701        1.94e+09   22.6 m        0.0 s     62.3%        36.2 m    13.7 m 
INFO  00:48:14,163 ProgressMeter - chr12:111057701        1.94e+09   23.1 m        0.0 s     63.9%        36.1 m    13.1 m 
INFO  00:48:44,164 ProgressMeter -  chr13:28446401        2.08e+09   23.6 m        0.0 s     65.4%        36.0 m    12.4 m 
INFO  00:49:14,228 ProgressMeter -  chr13:77739901        2.08e+09   24.1 m        0.0 s     67.0%        35.9 m    11.9 m 
INFO  00:49:44,275 ProgressMeter -  chr14:13898001        2.19e+09   24.6 m        0.0 s     68.5%        35.8 m    11.3 m 
INFO  00:50:14,276 ProgressMeter -  chr14:63311001        2.19e+09   25.1 m        0.0 s     70.1%        35.8 m    10.7 m 
INFO  00:50:44,277 ProgressMeter -   chr15:1220601        2.30e+09   25.6 m        0.0 s     71.5%        35.8 m    10.2 m 
INFO  00:51:14,411 ProgressMeter -  chr15:55359901        2.30e+09   26.1 m        0.0 s     73.2%        35.6 m     9.6 m 
INFO  00:51:44,474 ProgressMeter -    chr16:126401        2.40e+09   26.6 m        0.0 s     74.6%        35.6 m     9.0 m 
INFO  00:52:14,489 ProgressMeter -  chr16:48415001        2.40e+09   27.1 m        0.0 s     76.1%        35.6 m     8.5 m 
INFO  00:52:44,490 ProgressMeter -   chr17:4900201        2.49e+09   27.6 m        0.0 s     77.6%        35.5 m     8.0 m 
INFO  00:53:14,491 ProgressMeter -  chr17:57302301        2.49e+09   28.1 m        0.0 s     79.2%        35.4 m     7.4 m 
INFO  00:53:44,567 ProgressMeter -  chr18:25587201        2.57e+09   28.6 m        0.0 s     80.8%        35.4 m     6.8 m 
INFO  00:54:14,568 ProgressMeter -  chr18:77266601        2.57e+09   29.1 m        0.0 s     82.4%        35.3 m     6.2 m 
INFO  00:54:44,595 ProgressMeter -  chr19:43595601        2.65e+09   29.6 m        0.0 s     83.9%        35.3 m     5.7 m 
INFO  00:55:14,679 ProgressMeter -  chr20:33776401        2.71e+09   30.1 m        0.0 s     85.4%        35.2 m     5.2 m 
INFO  00:55:44,682 ProgressMeter -  chr21:21428501        2.78e+09   30.6 m        0.0 s     87.0%        35.2 m     4.6 m 
INFO  00:56:14,764 ProgressMeter -  chr22:27417101        2.82e+09   31.1 m        0.0 s     88.6%        35.1 m     4.0 m 
INFO  00:56:44,970 ProgressMeter -   chrX:24728601        2.88e+09   31.6 m        0.0 s     90.1%        35.0 m     3.5 m 
INFO  00:57:15,029 ProgressMeter -   chrX:80700901        2.88e+09   32.1 m        0.0 s     91.9%        34.9 m     2.8 m 
INFO  00:57:45,031 ProgressMeter -  chrX:135228001        2.88e+09   32.6 m        0.0 s     93.6%        34.8 m     2.2 m 
INFO  00:58:15,159 ProgressMeter -   chrY:42118001        3.03e+09   33.1 m        0.0 s     95.5%        34.6 m    93.0 s 
INFO  00:58:45,271 ProgressMeter - chr19_KI270885v1_alt:125501        3.15e+09   33.6 m        0.0 s     98.1%        34.3 m    40.0 s 
INFO  00:59:09,184 Walker - [REDUCE RESULT] Traversal result is: 0 
INFO  00:59:09,416 ProgressMeter -            done        3.22e+09   34.0 m        0.0 s    100.0%        34.0 m     0.0 s 
INFO  00:59:09,416 ProgressMeter - Total runtime 2039.81 secs, 34.00 min, 0.57 hours 
INFO  00:59:09,484 MicroScheduler - 61812 reads were filtered out during the traversal out of approximately 1470601 total reads (4.20%) 
INFO  00:59:09,484 MicroScheduler -   -> 0 reads (0.00% of total) failing BadCigarFilter 
INFO  00:59:09,484 MicroScheduler -   -> 59824 reads (4.07% of total) failing DuplicateReadFilter 
INFO  00:59:09,484 MicroScheduler -   -> 0 reads (0.00% of total) failing FailsVendorQualityCheckFilter 
INFO  00:59:09,484 MicroScheduler -   -> 0 reads (0.00% of total) failing MalformedReadFilter 
INFO  00:59:09,484 MicroScheduler -   -> 1098 reads (0.07% of total) failing NotPrimaryAlignmentFilter 
INFO  00:59:09,484 MicroScheduler -   -> 890 reads (0.06% of total) failing UnmappedReadFilter 
[Sat Mar 13 00:59:13 2021]
Finished job 0.
1 of 1 steps (100%) done
{'Sample10_ARK1_S37.test': '--variant:mutect2 /spin1/scratch/tandonm/pipeline_out/tn_test_1/somatic/SNP_Indels/mutect2_out/vcf/Sample10_ARK1_S37.test.FINAL.vcf --variant:strelka /spin1/scratch/tandonm/pipeline_out/tn_test_1/somatic/SNP_Indels/strelka_out/vcf/Sample10_ARK1_S37.test.FINAL.vcf --variant:vardict /spin1/scratch/tandonm/pipeline_out/tn_test_1/somatic/SNP_Indels/vardict_out/vcf/Sample10_ARK1_S37.test.FINAL.vcf --variant:mutect /spin1/scratch/tandonm/pipeline_out/tn_test_1/somatic/SNP_Indels/mutect_out/vcf/Sample10_ARK1_S37.test.FINAL.vcf --variant:varscan /spin1/scratch/tandonm/pipeline_out/tn_test_1/somatic/SNP_Indels/varscan_out/vcf/Sample10_ARK1_S37.test.FINAL.vcf', 'Sample11_ACI_158_S38.test': '--variant:mutect2 /spin1/scratch/tandonm/pipeline_out/tn_test_1/somatic/SNP_Indels/mutect2_out/vcf/Sample11_ACI_158_S38.test.FINAL.vcf --variant:strelka /spin1/scratch/tandonm/pipeline_out/tn_test_1/somatic/SNP_Indels/strelka_out/vcf/Sample11_ACI_158_S38.test.FINAL.vcf --variant:vardict /spin1/scratch/tandonm/pipeline_out/tn_test_1/somatic/SNP_Indels/vardict_out/vcf/Sample11_ACI_158_S38.test.FINAL.vcf --variant:mutect /spin1/scratch/tandonm/pipeline_out/tn_test_1/somatic/SNP_Indels/mutect_out/vcf/Sample11_ACI_158_S38.test.FINAL.vcf --variant:varscan /spin1/scratch/tandonm/pipeline_out/tn_test_1/somatic/SNP_Indels/varscan_out/vcf/Sample11_ACI_158_S38.test.FINAL.vcf'}
