Building DAG of jobs...
Using shell: /usr/bin/bash
Provided cores: 4
Rules claiming more threads will be scaled down.
Job counts:
	count	jobs
	1	haplotypecaller
	1

[Sat Mar 13 00:19:39 2021]
rule haplotypecaller:
    input: /spin1/scratch/tandonm/pipeline_out/tn_test_1/bams/Sample4_CRL1622_S31.test.recal.bam
    output: /spin1/scratch/tandonm/pipeline_out/tn_test_1/germline/gVCFs/Sample4_CRL1622_S31.test.chr13.g.vcf.gz, /spin1/scratch/tandonm/pipeline_out/tn_test_1/germline/gVCFs/Sample4_CRL1622_S31.test.chr13.g.vcf.gz.tbi
    jobid: 0
    wildcards: samples=Sample4_CRL1622_S31.test, chroms=chr13

[+] Loading gcc  9.2.0  ... 
[+] Loading GSL 2.6 for GCC 9.2.0 ... 
[-] Unloading gcc  9.2.0  ... 
[+] Loading gcc  9.2.0  ... 
[+] Loading openmpi 3.1.4  for GCC 9.2.0 
[+] Loading ImageMagick  7.0.8  on cn4515 
[+] Loading HDF5  1.10.4 
[-] Unloading gcc  9.2.0  ... 
[+] Loading gcc  9.2.0  ... 
[+] Loading NetCDF 4.7.4_gcc9.2.0 
[+] Loading pandoc  2.11.4  on cn4515 
[+] Loading R 3.6.3 
[+] Loading GATK  4.1.4.1 

GATK/4 includes its own python environment. Loading a different python
environment
after the GATK module will result in some tools failing. Conversely, the python
environment included with GATK/4 will override any python modules you may
already
have loaded.


00:19:45.933 WARN  GATKAnnotationPluginDescriptor - Redundant enabled annotation group (StandardAnnotation) is enabled for this tool by default
Mar 13, 2021 12:19:46 AM shaded.cloud_nio.com.google.auth.oauth2.ComputeEngineCredentials runningOnComputeEngine
INFO: Failed to detect whether we are running on Google Compute Engine.
00:19:46.206 INFO  HaplotypeCaller - ------------------------------------------------------------
00:19:46.206 INFO  HaplotypeCaller - The Genome Analysis Toolkit (GATK) v4.1.4.1
00:19:46.206 INFO  HaplotypeCaller - For support and documentation go to https://software.broadinstitute.org/gatk/
00:19:46.206 INFO  HaplotypeCaller - Executing as tandonm@cn4515 on Linux v3.10.0-862.14.4.el7.x86_64 amd64
00:19:46.206 INFO  HaplotypeCaller - Java runtime: OpenJDK 64-Bit Server VM v1.8.0_181-b13
00:19:46.207 INFO  HaplotypeCaller - Start Date/Time: March 13, 2021 12:19:45 AM EST
00:19:46.207 INFO  HaplotypeCaller - ------------------------------------------------------------
00:19:46.207 INFO  HaplotypeCaller - ------------------------------------------------------------
00:19:46.207 INFO  HaplotypeCaller - HTSJDK Version: 2.21.0
00:19:46.207 INFO  HaplotypeCaller - Picard Version: 2.21.2
00:19:46.211 INFO  HaplotypeCaller - HTSJDK Defaults.COMPRESSION_LEVEL : 2
00:19:46.211 INFO  HaplotypeCaller - HTSJDK Defaults.USE_ASYNC_IO_READ_FOR_SAMTOOLS : false
00:19:46.211 INFO  HaplotypeCaller - HTSJDK Defaults.USE_ASYNC_IO_WRITE_FOR_SAMTOOLS : true
00:19:46.211 INFO  HaplotypeCaller - HTSJDK Defaults.USE_ASYNC_IO_WRITE_FOR_TRIBBLE : false
00:19:46.212 INFO  HaplotypeCaller - Deflater: JdkDeflater
00:19:46.212 INFO  HaplotypeCaller - Inflater: JdkInflater
00:19:46.212 INFO  HaplotypeCaller - GCS max retries/reopens: 20
00:19:46.212 INFO  HaplotypeCaller - Requester pays: disabled
00:19:46.212 INFO  HaplotypeCaller - Initializing engine
WARNING	2021-03-13 00:19:46	SamFiles	The index file /gpfs/gsfs7/users/tandonm/pl_test_data/human/bams/Sample4_CRL1622_S31.test.recal.bai was found by resolving the canonical path of a symlink: /spin1/scratch/tandonm/pipeline_out/tn_test_1/bams/Sample4_CRL1622_S31.test.recal.bam -> /gpfs/gsfs7/users/tandonm/pl_test_data/human/bams/Sample4_CRL1622_S31.test.recal.bam
WARNING: BAM index file /gpfs/gsfs7/users/tandonm/pl_test_data/human/bams/Sample4_CRL1622_S31.test.recal.bai is older than BAM /spin1/scratch/tandonm/pipeline_out/tn_test_1/bams/Sample4_CRL1622_S31.test.recal.bam
00:19:47.042 INFO  FeatureManager - Using codec VCFCodec to read file file:///fdb/GATK_resource_bundle/hg38bundle/dbsnp_138.hg38.vcf.gz
00:19:47.307 INFO  IntervalArgumentCollection - Processing 114364328 bp from intervals
00:19:47.375 INFO  HaplotypeCaller - Done initializing engine
00:19:47.377 INFO  HaplotypeCallerEngine - Tool is in reference confidence mode and the annotation, the following changes will be made to any specified annotations: 'StrandBiasBySample' will be enabled. 'ChromosomeCounts', 'FisherStrand', 'StrandOddsRatio' and 'QualByDepth' annotations have been disabled
00:19:47.448 INFO  HaplotypeCallerEngine - Standard Emitting and Calling confidence set to 0.0 for reference-model confidence output
00:19:47.449 INFO  HaplotypeCallerEngine - All sites annotated with PLs forced to true for reference-model confidence output
00:19:47.467 INFO  NativeLibraryLoader - Loading libgkl_utils.so from jar:file:/usr/local/apps/GATK/4.1.4.1/gatk-package-4.1.4.1-local.jar!/com/intel/gkl/native/libgkl_utils.so
00:19:47.470 INFO  NativeLibraryLoader - Loading libgkl_pairhmm_omp.so from jar:file:/usr/local/apps/GATK/4.1.4.1/gatk-package-4.1.4.1-local.jar!/com/intel/gkl/native/libgkl_pairhmm_omp.so
00:19:47.532 INFO  IntelPairHmm - Flush-to-zero (FTZ) is enabled when running PairHMM
00:19:47.533 INFO  IntelPairHmm - Available threads: 1
00:19:47.533 INFO  IntelPairHmm - Requested threads: 4
00:19:47.533 WARN  IntelPairHmm - Using 1 available threads, but 4 were requested
00:19:47.533 INFO  PairHMM - Using the OpenMP multi-threaded AVX-accelerated native PairHMM implementation
00:19:47.641 INFO  ProgressMeter - Starting traversal
00:19:47.642 INFO  ProgressMeter -        Current Locus  Elapsed Minutes     Regions Processed   Regions/Minute
00:19:57.644 INFO  ProgressMeter -        chr13:8024701              0.2                 26750         160484.0
00:20:04.929 WARN  InbreedingCoeff - InbreedingCoeff will not be calculated; at least 10 samples must have called genotypes
00:20:07.647 INFO  ProgressMeter -       chr13:16637229              0.3                 55470         166368.4
00:20:17.660 INFO  ProgressMeter -       chr13:19166155              0.5                 64080         128083.2
00:20:20.126 WARN  DepthPerSampleHC - Annotation will not be calculated, genotype is not called or alleleLikelihoodMap is null
00:20:20.126 WARN  StrandBiasBySample - Annotation will not be calculated, genotype is not called or alleleLikelihoodMap is null
00:20:20.128 WARN  StrandBiasBySample - Annotation will not be calculated, genotype is not called or alleleLikelihoodMap is null
00:20:27.667 INFO  ProgressMeter -       chr13:20938118              0.7                 70570         105791.5
00:20:30.480 WARN  StrandBiasBySample - Annotation will not be calculated, genotype is not called or alleleLikelihoodMap is null
00:20:30.483 WARN  StrandBiasBySample - Annotation will not be calculated, genotype is not called or alleleLikelihoodMap is null
00:20:30.483 WARN  StrandBiasBySample - Annotation will not be calculated, genotype is not called or alleleLikelihoodMap is null
00:20:30.484 WARN  StrandBiasBySample - Annotation will not be calculated, genotype is not called or alleleLikelihoodMap is null
00:20:37.692 INFO  ProgressMeter -       chr13:24320194              0.8                 82470          98867.1
00:20:47.692 INFO  ProgressMeter -       chr13:27104249              1.0                 92340          92263.1
00:20:57.697 INFO  ProgressMeter -       chr13:31003509              1.2                105990          90777.2
00:21:07.701 INFO  ProgressMeter -       chr13:35452242              1.3                121550          91095.3
00:21:17.704 INFO  ProgressMeter -       chr13:41028726              1.5                140880          93855.3
00:21:27.715 INFO  ProgressMeter -       chr13:45745137              1.7                157440          94395.1
00:21:37.715 INFO  ProgressMeter -       chr13:51050952              1.8                175890          95876.4
00:21:47.716 INFO  ProgressMeter -       chr13:58589072              2.0                201640         100757.9
00:21:57.716 INFO  ProgressMeter -       chr13:66736481              2.2                229340         105789.0
00:22:07.716 INFO  ProgressMeter -       chr13:74577604              2.3                256080         109690.6
00:22:17.722 INFO  ProgressMeter -       chr13:80863553              2.5                277760         111045.5
00:22:27.723 INFO  ProgressMeter -       chr13:89808867              2.7                308100         115479.0
00:22:37.723 INFO  ProgressMeter -       chr13:96890512              2.8                332440         117275.9
00:22:47.724 INFO  ProgressMeter -      chr13:102512634              3.0                352150         117329.9
00:22:57.727 INFO  ProgressMeter -      chr13:109631624              3.2                376490         118838.4
00:23:07.748 INFO  ProgressMeter -      chr13:113671520              3.3                390790         117174.9
00:23:09.962 INFO  HaplotypeCaller - 15358 read(s) filtered by: ((((((((MappingQualityReadFilter AND MappingQualityAvailableReadFilter) AND MappedReadFilter) AND NotSecondaryAlignmentReadFilter) AND NotDuplicateReadFilter) AND PassesVendorQualityCheckReadFilter) AND NonZeroReferenceLengthAlignmentReadFilter) AND GoodCigarReadFilter) AND WellformedReadFilter)
  15358 read(s) filtered by: (((((((MappingQualityReadFilter AND MappingQualityAvailableReadFilter) AND MappedReadFilter) AND NotSecondaryAlignmentReadFilter) AND NotDuplicateReadFilter) AND PassesVendorQualityCheckReadFilter) AND NonZeroReferenceLengthAlignmentReadFilter) AND GoodCigarReadFilter)
      15358 read(s) filtered by: ((((((MappingQualityReadFilter AND MappingQualityAvailableReadFilter) AND MappedReadFilter) AND NotSecondaryAlignmentReadFilter) AND NotDuplicateReadFilter) AND PassesVendorQualityCheckReadFilter) AND NonZeroReferenceLengthAlignmentReadFilter)
          15358 read(s) filtered by: (((((MappingQualityReadFilter AND MappingQualityAvailableReadFilter) AND MappedReadFilter) AND NotSecondaryAlignmentReadFilter) AND NotDuplicateReadFilter) AND PassesVendorQualityCheckReadFilter)
              15358 read(s) filtered by: ((((MappingQualityReadFilter AND MappingQualityAvailableReadFilter) AND MappedReadFilter) AND NotSecondaryAlignmentReadFilter) AND NotDuplicateReadFilter)
                  4173 read(s) filtered by: (((MappingQualityReadFilter AND MappingQualityAvailableReadFilter) AND MappedReadFilter) AND NotSecondaryAlignmentReadFilter)
                      4029 read(s) filtered by: ((MappingQualityReadFilter AND MappingQualityAvailableReadFilter) AND MappedReadFilter)
                          4029 read(s) filtered by: (MappingQualityReadFilter AND MappingQualityAvailableReadFilter)
                              4029 read(s) filtered by: MappingQualityReadFilter 
                      144 read(s) filtered by: NotSecondaryAlignmentReadFilter 
                  11185 read(s) filtered by: NotDuplicateReadFilter 

00:23:09.962 INFO  ProgressMeter -      chr13:114363295              3.4                393233         116617.1
00:23:09.962 INFO  ProgressMeter - Traversal complete. Processed 393233 total regions in 3.4 minutes.
00:23:09.991 INFO  VectorLoglessPairHMM - Time spent in setup for JNI call : 0.028665727000000002
00:23:09.991 INFO  PairHMM - Total compute time in PairHMM computeLogLikelihoods() : 3.309542167
00:23:09.992 INFO  SmithWatermanAligner - Total compute time in java Smith-Waterman : 5.08 sec
00:23:09.992 INFO  HaplotypeCaller - Shutting down engine
[March 13, 2021 12:23:10 AM EST] org.broadinstitute.hellbender.tools.walkers.haplotypecaller.HaplotypeCaller done. Elapsed time: 3.40 minutes.
Runtime.totalMemory()=5585764352
Using GATK jar /usr/local/apps/GATK/4.1.4.1/gatk-package-4.1.4.1-local.jar
Running:
    java -Dsamjdk.use_async_io_read_samtools=false -Dsamjdk.use_async_io_write_samtools=true -Dsamjdk.use_async_io_write_tribble=false -Dsamjdk.compression_level=2 -Xmx24g -jar /usr/local/apps/GATK/4.1.4.1/gatk-package-4.1.4.1-local.jar HaplotypeCaller --reference /data/tandonm/pl_test_data/human/genome/hg38/Homo_sapiens_assembly38.fasta --input /spin1/scratch/tandonm/pipeline_out/tn_test_1/bams/Sample4_CRL1622_S31.test.recal.bam --use-jdk-inflater --use-jdk-deflater --emit-ref-confidence GVCF --annotation-group StandardAnnotation --annotation-group AS_StandardAnnotation --dbsnp /fdb/GATK_resource_bundle/hg38bundle/dbsnp_138.hg38.vcf.gz --output /spin1/scratch/tandonm/pipeline_out/tn_test_1/germline/gVCFs/Sample4_CRL1622_S31.test.chr13.g.vcf.gz --intervals chr13 --max-alternate-alleles 3
[Sat Mar 13 00:23:10 2021]
Finished job 0.
1 of 1 steps (100%) done
{'Sample10_ARK1_S37.test': '--variant:mutect2 /spin1/scratch/tandonm/pipeline_out/tn_test_1/somatic/SNP_Indels/mutect2_out/vcf/Sample10_ARK1_S37.test.FINAL.vcf --variant:vardict /spin1/scratch/tandonm/pipeline_out/tn_test_1/somatic/SNP_Indels/vardict_out/vcf/Sample10_ARK1_S37.test.FINAL.vcf --variant:strelka /spin1/scratch/tandonm/pipeline_out/tn_test_1/somatic/SNP_Indels/strelka_out/vcf/Sample10_ARK1_S37.test.FINAL.vcf --variant:mutect /spin1/scratch/tandonm/pipeline_out/tn_test_1/somatic/SNP_Indels/mutect_out/vcf/Sample10_ARK1_S37.test.FINAL.vcf --variant:varscan /spin1/scratch/tandonm/pipeline_out/tn_test_1/somatic/SNP_Indels/varscan_out/vcf/Sample10_ARK1_S37.test.FINAL.vcf', 'Sample11_ACI_158_S38.test': '--variant:mutect2 /spin1/scratch/tandonm/pipeline_out/tn_test_1/somatic/SNP_Indels/mutect2_out/vcf/Sample11_ACI_158_S38.test.FINAL.vcf --variant:vardict /spin1/scratch/tandonm/pipeline_out/tn_test_1/somatic/SNP_Indels/vardict_out/vcf/Sample11_ACI_158_S38.test.FINAL.vcf --variant:strelka /spin1/scratch/tandonm/pipeline_out/tn_test_1/somatic/SNP_Indels/strelka_out/vcf/Sample11_ACI_158_S38.test.FINAL.vcf --variant:mutect /spin1/scratch/tandonm/pipeline_out/tn_test_1/somatic/SNP_Indels/mutect_out/vcf/Sample11_ACI_158_S38.test.FINAL.vcf --variant:varscan /spin1/scratch/tandonm/pipeline_out/tn_test_1/somatic/SNP_Indels/varscan_out/vcf/Sample11_ACI_158_S38.test.FINAL.vcf'}
