Building DAG of jobs...
Using shell: /usr/bin/bash
Provided cores: 4
Rules claiming more threads will be scaled down.
Job counts:
	count	jobs
	1	haplotypecaller
	1

[Sat Mar 13 00:20:36 2021]
rule haplotypecaller:
    input: /spin1/scratch/tandonm/pipeline_out/tn_test_1/bams/Sample11_ACI_158_S38.test.recal.bam
    output: /spin1/scratch/tandonm/pipeline_out/tn_test_1/germline/gVCFs/Sample11_ACI_158_S38.test.chr11.g.vcf.gz, /spin1/scratch/tandonm/pipeline_out/tn_test_1/germline/gVCFs/Sample11_ACI_158_S38.test.chr11.g.vcf.gz.tbi
    jobid: 0
    wildcards: samples=Sample11_ACI_158_S38.test, chroms=chr11

[+] Loading gcc  9.2.0  ... 
[+] Loading GSL 2.6 for GCC 9.2.0 ... 
[-] Unloading gcc  9.2.0  ... 
[+] Loading gcc  9.2.0  ... 
[+] Loading openmpi 3.1.4  for GCC 9.2.0 
[+] Loading ImageMagick  7.0.8  on cn2425 
[+] Loading HDF5  1.10.4 
[-] Unloading gcc  9.2.0  ... 
[+] Loading gcc  9.2.0  ... 
[+] Loading NetCDF 4.7.4_gcc9.2.0 
[+] Loading pandoc  2.11.4  on cn2425 
[+] Loading R 3.6.3 
[+] Loading GATK  4.1.4.1 

GATK/4 includes its own python environment. Loading a different python
environment
after the GATK module will result in some tools failing. Conversely, the python
environment included with GATK/4 will override any python modules you may
already
have loaded.


00:20:41.691 WARN  GATKAnnotationPluginDescriptor - Redundant enabled annotation group (StandardAnnotation) is enabled for this tool by default
Mar 13, 2021 12:20:41 AM shaded.cloud_nio.com.google.auth.oauth2.ComputeEngineCredentials runningOnComputeEngine
INFO: Failed to detect whether we are running on Google Compute Engine.
00:20:41.896 INFO  HaplotypeCaller - ------------------------------------------------------------
00:20:41.896 INFO  HaplotypeCaller - The Genome Analysis Toolkit (GATK) v4.1.4.1
00:20:41.897 INFO  HaplotypeCaller - For support and documentation go to https://software.broadinstitute.org/gatk/
00:20:41.897 INFO  HaplotypeCaller - Executing as tandonm@cn2425 on Linux v3.10.0-862.14.4.el7.x86_64 amd64
00:20:41.897 INFO  HaplotypeCaller - Java runtime: OpenJDK 64-Bit Server VM v1.8.0_181-b13
00:20:41.897 INFO  HaplotypeCaller - Start Date/Time: March 13, 2021 12:20:41 AM EST
00:20:41.897 INFO  HaplotypeCaller - ------------------------------------------------------------
00:20:41.897 INFO  HaplotypeCaller - ------------------------------------------------------------
00:20:41.898 INFO  HaplotypeCaller - HTSJDK Version: 2.21.0
00:20:41.898 INFO  HaplotypeCaller - Picard Version: 2.21.2
00:20:41.901 INFO  HaplotypeCaller - HTSJDK Defaults.COMPRESSION_LEVEL : 2
00:20:41.901 INFO  HaplotypeCaller - HTSJDK Defaults.USE_ASYNC_IO_READ_FOR_SAMTOOLS : false
00:20:41.901 INFO  HaplotypeCaller - HTSJDK Defaults.USE_ASYNC_IO_WRITE_FOR_SAMTOOLS : true
00:20:41.901 INFO  HaplotypeCaller - HTSJDK Defaults.USE_ASYNC_IO_WRITE_FOR_TRIBBLE : false
00:20:41.902 INFO  HaplotypeCaller - Deflater: JdkDeflater
00:20:41.903 INFO  HaplotypeCaller - Inflater: JdkInflater
00:20:41.903 INFO  HaplotypeCaller - GCS max retries/reopens: 20
00:20:41.903 INFO  HaplotypeCaller - Requester pays: disabled
00:20:41.903 INFO  HaplotypeCaller - Initializing engine
00:20:42.470 INFO  FeatureManager - Using codec VCFCodec to read file file:///fdb/GATK_resource_bundle/hg38bundle/dbsnp_138.hg38.vcf.gz
00:20:42.629 INFO  IntervalArgumentCollection - Processing 135086622 bp from intervals
00:20:42.669 INFO  HaplotypeCaller - Done initializing engine
00:20:42.671 INFO  HaplotypeCallerEngine - Tool is in reference confidence mode and the annotation, the following changes will be made to any specified annotations: 'StrandBiasBySample' will be enabled. 'ChromosomeCounts', 'FisherStrand', 'StrandOddsRatio' and 'QualByDepth' annotations have been disabled
00:20:42.722 INFO  HaplotypeCallerEngine - Standard Emitting and Calling confidence set to 0.0 for reference-model confidence output
00:20:42.722 INFO  HaplotypeCallerEngine - All sites annotated with PLs forced to true for reference-model confidence output
00:20:42.733 INFO  NativeLibraryLoader - Loading libgkl_utils.so from jar:file:/usr/local/apps/GATK/4.1.4.1/gatk-package-4.1.4.1-local.jar!/com/intel/gkl/native/libgkl_utils.so
00:20:42.735 INFO  NativeLibraryLoader - Loading libgkl_pairhmm_omp.so from jar:file:/usr/local/apps/GATK/4.1.4.1/gatk-package-4.1.4.1-local.jar!/com/intel/gkl/native/libgkl_pairhmm_omp.so
00:20:42.784 INFO  IntelPairHmm - Using CPU-supported AVX-512 instructions
00:20:42.784 INFO  IntelPairHmm - Flush-to-zero (FTZ) is enabled when running PairHMM
00:20:42.785 INFO  IntelPairHmm - Available threads: 1
00:20:42.785 INFO  IntelPairHmm - Requested threads: 4
00:20:42.785 WARN  IntelPairHmm - Using 1 available threads, but 4 were requested
00:20:42.785 INFO  PairHMM - Using the OpenMP multi-threaded AVX-accelerated native PairHMM implementation
00:20:42.861 INFO  ProgressMeter - Starting traversal
00:20:42.861 INFO  ProgressMeter -        Current Locus  Elapsed Minutes     Regions Processed   Regions/Minute
00:20:43.929 WARN  InbreedingCoeff - InbreedingCoeff will not be calculated; at least 10 samples must have called genotypes
00:20:48.533 WARN  DepthPerSampleHC - Annotation will not be calculated, genotype is not called or alleleLikelihoodMap is null
00:20:48.534 WARN  StrandBiasBySample - Annotation will not be calculated, genotype is not called or alleleLikelihoodMap is null
00:20:48.537 WARN  StrandBiasBySample - Annotation will not be calculated, genotype is not called or alleleLikelihoodMap is null
00:20:52.861 INFO  ProgressMeter -        chr11:1889815              0.2                  6870          41220.0
00:21:02.864 INFO  ProgressMeter -        chr11:6603890              0.3                 23480          70429.4
00:21:12.868 INFO  ProgressMeter -       chr11:13965311              0.5                 48960          97897.2
00:21:22.880 INFO  ProgressMeter -       chr11:18719649              0.7                 65740          98563.2
00:21:32.896 INFO  ProgressMeter -       chr11:26395600              0.8                 92300         110682.5
00:21:42.913 INFO  ProgressMeter -       chr11:33352323              1.0                116660         116559.0
00:21:52.914 INFO  ProgressMeter -       chr11:41407359              1.2                144650         123891.9
00:22:02.926 INFO  ProgressMeter -       chr11:47337701              1.3                165690         124166.6
00:22:12.927 INFO  ProgressMeter -       chr11:54354625              1.5                190010         126580.5
00:22:22.952 INFO  ProgressMeter -       chr11:59212657              1.7                207160         124183.0
00:22:32.953 INFO  ProgressMeter -       chr11:62812434              1.8                220440         120139.5
00:22:42.960 INFO  ProgressMeter -       chr11:65712582              2.0                231580         115694.6
00:22:52.963 INFO  ProgressMeter -       chr11:68718276              2.2                243080         112103.7
00:23:02.962 INFO  ProgressMeter -       chr11:73405161              2.3                260180         111425.3
00:23:12.976 INFO  ProgressMeter -       chr11:78102841              2.5                277390         110871.0
00:23:22.983 INFO  ProgressMeter -       chr11:86338453              2.7                306030         114673.8
00:23:32.983 INFO  ProgressMeter -       chr11:94448215              2.8                334110         117836.6
00:23:39.353 WARN  StrandBiasBySample - Annotation will not be calculated, genotype is not called or alleleLikelihoodMap is null
00:23:42.986 INFO  ProgressMeter -      chr11:102332228              3.0                361370         120373.1
00:23:51.693 WARN  StrandBiasBySample - Annotation will not be calculated, genotype is not called or alleleLikelihoodMap is null
00:23:52.990 INFO  ProgressMeter -      chr11:108572136              3.2                383360         120978.9
00:24:02.994 INFO  ProgressMeter -      chr11:115176362              3.3                406580         121892.9
00:24:10.732 WARN  StrandBiasBySample - Annotation will not be calculated, genotype is not called or alleleLikelihoodMap is null
00:24:11.662 WARN  StrandBiasBySample - Annotation will not be calculated, genotype is not called or alleleLikelihoodMap is null
00:24:12.994 INFO  ProgressMeter -      chr11:119200488              3.5                421350         120309.5
00:24:23.833 INFO  ProgressMeter -      chr11:124225614              3.7                439360         119298.9
00:24:33.833 INFO  ProgressMeter -      chr11:130001205              3.8                459840         119453.4
00:24:40.715 INFO  HaplotypeCaller - 53547 read(s) filtered by: ((((((((MappingQualityReadFilter AND MappingQualityAvailableReadFilter) AND MappedReadFilter) AND NotSecondaryAlignmentReadFilter) AND NotDuplicateReadFilter) AND PassesVendorQualityCheckReadFilter) AND NonZeroReferenceLengthAlignmentReadFilter) AND GoodCigarReadFilter) AND WellformedReadFilter)
  53547 read(s) filtered by: (((((((MappingQualityReadFilter AND MappingQualityAvailableReadFilter) AND MappedReadFilter) AND NotSecondaryAlignmentReadFilter) AND NotDuplicateReadFilter) AND PassesVendorQualityCheckReadFilter) AND NonZeroReferenceLengthAlignmentReadFilter) AND GoodCigarReadFilter)
      53547 read(s) filtered by: ((((((MappingQualityReadFilter AND MappingQualityAvailableReadFilter) AND MappedReadFilter) AND NotSecondaryAlignmentReadFilter) AND NotDuplicateReadFilter) AND PassesVendorQualityCheckReadFilter) AND NonZeroReferenceLengthAlignmentReadFilter)
          53547 read(s) filtered by: (((((MappingQualityReadFilter AND MappingQualityAvailableReadFilter) AND MappedReadFilter) AND NotSecondaryAlignmentReadFilter) AND NotDuplicateReadFilter) AND PassesVendorQualityCheckReadFilter)
              53547 read(s) filtered by: ((((MappingQualityReadFilter AND MappingQualityAvailableReadFilter) AND MappedReadFilter) AND NotSecondaryAlignmentReadFilter) AND NotDuplicateReadFilter)
                  20728 read(s) filtered by: (((MappingQualityReadFilter AND MappingQualityAvailableReadFilter) AND MappedReadFilter) AND NotSecondaryAlignmentReadFilter)
                      20441 read(s) filtered by: ((MappingQualityReadFilter AND MappingQualityAvailableReadFilter) AND MappedReadFilter)
                          20441 read(s) filtered by: (MappingQualityReadFilter AND MappingQualityAvailableReadFilter)
                              20441 read(s) filtered by: MappingQualityReadFilter 
                      287 read(s) filtered by: NotSecondaryAlignmentReadFilter 
                  32819 read(s) filtered by: NotDuplicateReadFilter 

00:24:40.715 INFO  ProgressMeter -      chr11:135085657              4.0                477603         120478.0
00:24:40.715 INFO  ProgressMeter - Traversal complete. Processed 477603 total regions in 4.0 minutes.
00:24:40.741 INFO  VectorLoglessPairHMM - Time spent in setup for JNI call : 0.062471750000000006
00:24:40.741 INFO  PairHMM - Total compute time in PairHMM computeLogLikelihoods() : 5.60281256
00:24:40.741 INFO  SmithWatermanAligner - Total compute time in java Smith-Waterman : 5.79 sec
00:24:40.742 INFO  HaplotypeCaller - Shutting down engine
[March 13, 2021 12:24:40 AM EST] org.broadinstitute.hellbender.tools.walkers.haplotypecaller.HaplotypeCaller done. Elapsed time: 3.98 minutes.
Runtime.totalMemory()=2918711296
Using GATK jar /usr/local/apps/GATK/4.1.4.1/gatk-package-4.1.4.1-local.jar
Running:
    java -Dsamjdk.use_async_io_read_samtools=false -Dsamjdk.use_async_io_write_samtools=true -Dsamjdk.use_async_io_write_tribble=false -Dsamjdk.compression_level=2 -Xmx24g -jar /usr/local/apps/GATK/4.1.4.1/gatk-package-4.1.4.1-local.jar HaplotypeCaller --reference /data/tandonm/pl_test_data/human/genome/hg38/Homo_sapiens_assembly38.fasta --input /spin1/scratch/tandonm/pipeline_out/tn_test_1/bams/Sample11_ACI_158_S38.test.recal.bam --use-jdk-inflater --use-jdk-deflater --emit-ref-confidence GVCF --annotation-group StandardAnnotation --annotation-group AS_StandardAnnotation --dbsnp /fdb/GATK_resource_bundle/hg38bundle/dbsnp_138.hg38.vcf.gz --output /spin1/scratch/tandonm/pipeline_out/tn_test_1/germline/gVCFs/Sample11_ACI_158_S38.test.chr11.g.vcf.gz --intervals chr11 --max-alternate-alleles 3
[Sat Mar 13 00:24:41 2021]
Finished job 0.
1 of 1 steps (100%) done
{'Sample10_ARK1_S37.test': '--variant:mutect /spin1/scratch/tandonm/pipeline_out/tn_test_1/somatic/SNP_Indels/mutect_out/vcf/Sample10_ARK1_S37.test.FINAL.vcf --variant:mutect2 /spin1/scratch/tandonm/pipeline_out/tn_test_1/somatic/SNP_Indels/mutect2_out/vcf/Sample10_ARK1_S37.test.FINAL.vcf --variant:vardict /spin1/scratch/tandonm/pipeline_out/tn_test_1/somatic/SNP_Indels/vardict_out/vcf/Sample10_ARK1_S37.test.FINAL.vcf --variant:varscan /spin1/scratch/tandonm/pipeline_out/tn_test_1/somatic/SNP_Indels/varscan_out/vcf/Sample10_ARK1_S37.test.FINAL.vcf --variant:strelka /spin1/scratch/tandonm/pipeline_out/tn_test_1/somatic/SNP_Indels/strelka_out/vcf/Sample10_ARK1_S37.test.FINAL.vcf', 'Sample11_ACI_158_S38.test': '--variant:mutect /spin1/scratch/tandonm/pipeline_out/tn_test_1/somatic/SNP_Indels/mutect_out/vcf/Sample11_ACI_158_S38.test.FINAL.vcf --variant:mutect2 /spin1/scratch/tandonm/pipeline_out/tn_test_1/somatic/SNP_Indels/mutect2_out/vcf/Sample11_ACI_158_S38.test.FINAL.vcf --variant:vardict /spin1/scratch/tandonm/pipeline_out/tn_test_1/somatic/SNP_Indels/vardict_out/vcf/Sample11_ACI_158_S38.test.FINAL.vcf --variant:varscan /spin1/scratch/tandonm/pipeline_out/tn_test_1/somatic/SNP_Indels/varscan_out/vcf/Sample11_ACI_158_S38.test.FINAL.vcf --variant:strelka /spin1/scratch/tandonm/pipeline_out/tn_test_1/somatic/SNP_Indels/strelka_out/vcf/Sample11_ACI_158_S38.test.FINAL.vcf'}
