Building DAG of jobs...
Using shell: /usr/bin/bash
Provided cores: 4
Rules claiming more threads will be scaled down.
Job counts:
	count	jobs
	1	haplotypecaller
	1

[Sat Mar 13 00:19:40 2021]
rule haplotypecaller:
    input: /spin1/scratch/tandonm/pipeline_out/tn_test_1/bams/Sample4_CRL1622_S31.test.recal.bam
    output: /spin1/scratch/tandonm/pipeline_out/tn_test_1/germline/gVCFs/Sample4_CRL1622_S31.test.chr3.g.vcf.gz, /spin1/scratch/tandonm/pipeline_out/tn_test_1/germline/gVCFs/Sample4_CRL1622_S31.test.chr3.g.vcf.gz.tbi
    jobid: 0
    wildcards: samples=Sample4_CRL1622_S31.test, chroms=chr3

[+] Loading gcc  9.2.0  ... 
[+] Loading GSL 2.6 for GCC 9.2.0 ... 
[-] Unloading gcc  9.2.0  ... 
[+] Loading gcc  9.2.0  ... 
[+] Loading openmpi 3.1.4  for GCC 9.2.0 
[+] Loading ImageMagick  7.0.8  on cn2397 
[+] Loading HDF5  1.10.4 
[-] Unloading gcc  9.2.0  ... 
[+] Loading gcc  9.2.0  ... 
[+] Loading NetCDF 4.7.4_gcc9.2.0 
[+] Loading pandoc  2.11.4  on cn2397 
[+] Loading R 3.6.3 
[+] Loading GATK  4.1.4.1 

GATK/4 includes its own python environment. Loading a different python
environment
after the GATK module will result in some tools failing. Conversely, the python
environment included with GATK/4 will override any python modules you may
already
have loaded.


00:19:44.933 WARN  GATKAnnotationPluginDescriptor - Redundant enabled annotation group (StandardAnnotation) is enabled for this tool by default
Mar 13, 2021 12:19:45 AM shaded.cloud_nio.com.google.auth.oauth2.ComputeEngineCredentials runningOnComputeEngine
INFO: Failed to detect whether we are running on Google Compute Engine.
00:19:45.158 INFO  HaplotypeCaller - ------------------------------------------------------------
00:19:45.159 INFO  HaplotypeCaller - The Genome Analysis Toolkit (GATK) v4.1.4.1
00:19:45.159 INFO  HaplotypeCaller - For support and documentation go to https://software.broadinstitute.org/gatk/
00:19:45.159 INFO  HaplotypeCaller - Executing as tandonm@cn2397 on Linux v3.10.0-862.14.4.el7.x86_64 amd64
00:19:45.159 INFO  HaplotypeCaller - Java runtime: OpenJDK 64-Bit Server VM v1.8.0_181-b13
00:19:45.159 INFO  HaplotypeCaller - Start Date/Time: March 13, 2021 12:19:44 AM EST
00:19:45.159 INFO  HaplotypeCaller - ------------------------------------------------------------
00:19:45.159 INFO  HaplotypeCaller - ------------------------------------------------------------
00:19:45.160 INFO  HaplotypeCaller - HTSJDK Version: 2.21.0
00:19:45.160 INFO  HaplotypeCaller - Picard Version: 2.21.2
00:19:45.164 INFO  HaplotypeCaller - HTSJDK Defaults.COMPRESSION_LEVEL : 2
00:19:45.164 INFO  HaplotypeCaller - HTSJDK Defaults.USE_ASYNC_IO_READ_FOR_SAMTOOLS : false
00:19:45.164 INFO  HaplotypeCaller - HTSJDK Defaults.USE_ASYNC_IO_WRITE_FOR_SAMTOOLS : true
00:19:45.164 INFO  HaplotypeCaller - HTSJDK Defaults.USE_ASYNC_IO_WRITE_FOR_TRIBBLE : false
00:19:45.165 INFO  HaplotypeCaller - Deflater: JdkDeflater
00:19:45.165 INFO  HaplotypeCaller - Inflater: JdkInflater
00:19:45.165 INFO  HaplotypeCaller - GCS max retries/reopens: 20
00:19:45.165 INFO  HaplotypeCaller - Requester pays: disabled
00:19:45.166 INFO  HaplotypeCaller - Initializing engine
WARNING	2021-03-13 00:19:45	SamFiles	The index file /gpfs/gsfs7/users/tandonm/pl_test_data/human/bams/Sample4_CRL1622_S31.test.recal.bai was found by resolving the canonical path of a symlink: /spin1/scratch/tandonm/pipeline_out/tn_test_1/bams/Sample4_CRL1622_S31.test.recal.bam -> /gpfs/gsfs7/users/tandonm/pl_test_data/human/bams/Sample4_CRL1622_S31.test.recal.bam
WARNING: BAM index file /gpfs/gsfs7/users/tandonm/pl_test_data/human/bams/Sample4_CRL1622_S31.test.recal.bai is older than BAM /spin1/scratch/tandonm/pipeline_out/tn_test_1/bams/Sample4_CRL1622_S31.test.recal.bam
00:19:45.837 INFO  FeatureManager - Using codec VCFCodec to read file file:///fdb/GATK_resource_bundle/hg38bundle/dbsnp_138.hg38.vcf.gz
00:19:46.074 INFO  IntervalArgumentCollection - Processing 198295559 bp from intervals
00:19:46.131 INFO  HaplotypeCaller - Done initializing engine
00:19:46.134 INFO  HaplotypeCallerEngine - Tool is in reference confidence mode and the annotation, the following changes will be made to any specified annotations: 'StrandBiasBySample' will be enabled. 'ChromosomeCounts', 'FisherStrand', 'StrandOddsRatio' and 'QualByDepth' annotations have been disabled
00:19:46.203 INFO  HaplotypeCallerEngine - Standard Emitting and Calling confidence set to 0.0 for reference-model confidence output
00:19:46.203 INFO  HaplotypeCallerEngine - All sites annotated with PLs forced to true for reference-model confidence output
00:19:46.216 INFO  NativeLibraryLoader - Loading libgkl_utils.so from jar:file:/usr/local/apps/GATK/4.1.4.1/gatk-package-4.1.4.1-local.jar!/com/intel/gkl/native/libgkl_utils.so
00:19:46.218 INFO  NativeLibraryLoader - Loading libgkl_pairhmm_omp.so from jar:file:/usr/local/apps/GATK/4.1.4.1/gatk-package-4.1.4.1-local.jar!/com/intel/gkl/native/libgkl_pairhmm_omp.so
00:19:46.268 INFO  IntelPairHmm - Using CPU-supported AVX-512 instructions
00:19:46.268 INFO  IntelPairHmm - Flush-to-zero (FTZ) is enabled when running PairHMM
00:19:46.269 INFO  IntelPairHmm - Available threads: 1
00:19:46.269 INFO  IntelPairHmm - Requested threads: 4
00:19:46.269 WARN  IntelPairHmm - Using 1 available threads, but 4 were requested
00:19:46.269 INFO  PairHMM - Using the OpenMP multi-threaded AVX-accelerated native PairHMM implementation
00:19:46.349 INFO  ProgressMeter - Starting traversal
00:19:46.349 INFO  ProgressMeter -        Current Locus  Elapsed Minutes     Regions Processed   Regions/Minute
00:19:47.904 WARN  InbreedingCoeff - InbreedingCoeff will not be calculated; at least 10 samples must have called genotypes
00:19:56.352 INFO  ProgressMeter -         chr3:3437584              0.2                 11840          71018.7
00:20:06.371 INFO  ProgressMeter -         chr3:9382064              0.3                 32390          97068.1
00:20:16.381 INFO  ProgressMeter -        chr3:13379562              0.5                 46790          93480.3
00:20:24.942 WARN  DepthPerSampleHC - Annotation will not be calculated, genotype is not called or alleleLikelihoodMap is null
00:20:24.942 WARN  StrandBiasBySample - Annotation will not be calculated, genotype is not called or alleleLikelihoodMap is null
00:20:24.943 WARN  StrandBiasBySample - Annotation will not be calculated, genotype is not called or alleleLikelihoodMap is null
00:20:24.944 WARN  StrandBiasBySample - Annotation will not be calculated, genotype is not called or alleleLikelihoodMap is null
00:20:24.944 WARN  StrandBiasBySample - Annotation will not be calculated, genotype is not called or alleleLikelihoodMap is null
00:20:24.944 WARN  StrandBiasBySample - Annotation will not be calculated, genotype is not called or alleleLikelihoodMap is null
00:20:24.944 WARN  StrandBiasBySample - Annotation will not be calculated, genotype is not called or alleleLikelihoodMap is null
00:20:24.945 WARN  StrandBiasBySample - Annotation will not be calculated, genotype is not called or alleleLikelihoodMap is null
00:20:26.381 INFO  ProgressMeter -        chr3:20427275              0.7                 71290         106849.5
00:20:36.381 INFO  ProgressMeter -        chr3:30236097              0.8                104790         125667.6
00:20:46.381 INFO  ProgressMeter -        chr3:37930680              1.0                131450         131379.9
00:20:56.382 INFO  ProgressMeter -        chr3:43981898              1.2                152650         130781.2
00:21:06.393 INFO  ProgressMeter -        chr3:48644742              1.3                169470         127032.6
00:21:16.399 INFO  ProgressMeter -        chr3:52692780              1.5                184270         122778.5
00:21:26.400 INFO  ProgressMeter -        chr3:58925247              1.7                206380         123764.9
00:21:36.406 INFO  ProgressMeter -        chr3:69063185              1.8                241210         131500.9
00:21:46.697 INFO  ProgressMeter -        chr3:75666007              2.0                264070         131653.2
00:21:56.698 INFO  ProgressMeter -        chr3:85730521              2.2                298270         137295.5
00:22:06.697 INFO  ProgressMeter -        chr3:97154218              2.3                337160         144138.9
00:22:16.697 INFO  ProgressMeter -       chr3:102977812              2.5                357500         142669.0
00:22:20.867 WARN  StrandBiasBySample - Annotation will not be calculated, genotype is not called or alleleLikelihoodMap is null
00:22:26.697 INFO  ProgressMeter -       chr3:109754187              2.7                381300         142677.2
00:22:36.699 INFO  ProgressMeter -       chr3:114747573              2.8                399020         140541.2
00:22:46.712 INFO  ProgressMeter -       chr3:121645078              3.0                423120         140756.1
00:22:56.717 INFO  ProgressMeter -       chr3:125093991              3.2                435710         137326.7
00:23:06.747 INFO  ProgressMeter -       chr3:129496925              3.3                451750         135255.8
00:23:16.759 INFO  ProgressMeter -       chr3:133624682              3.5                466600         133054.5
00:23:26.763 INFO  ProgressMeter -       chr3:138756482              3.7                485040         132035.2
00:23:36.765 INFO  ProgressMeter -       chr3:144050299              3.8                503950         131227.9
00:23:43.619 WARN  StrandBiasBySample - Annotation will not be calculated, genotype is not called or alleleLikelihoodMap is null
00:23:46.776 INFO  ProgressMeter -       chr3:151201299              4.0                528930         131997.7
00:23:48.041 WARN  StrandBiasBySample - Annotation will not be calculated, genotype is not called or alleleLikelihoodMap is null
00:23:56.783 INFO  ProgressMeter -       chr3:158605034              4.2                554810         132923.6
00:24:06.787 INFO  ProgressMeter -       chr3:166646677              4.3                582620         134224.7
00:24:16.789 INFO  ProgressMeter -       chr3:172722152              4.5                604090         134023.8
00:24:26.792 INFO  ProgressMeter -       chr3:180006473              4.7                629610         134703.3
00:24:36.795 INFO  ProgressMeter -       chr3:184291747              4.8                645170         133278.5
00:24:46.796 INFO  ProgressMeter -       chr3:188621679              5.0                661000         132003.3
00:24:54.893 WARN  StrandBiasBySample - Annotation will not be calculated, genotype is not called or alleleLikelihoodMap is null
00:24:56.799 INFO  ProgressMeter -       chr3:195531908              5.2                685470         132479.3
00:25:04.220 INFO  HaplotypeCaller - 61550 read(s) filtered by: ((((((((MappingQualityReadFilter AND MappingQualityAvailableReadFilter) AND MappedReadFilter) AND NotSecondaryAlignmentReadFilter) AND NotDuplicateReadFilter) AND PassesVendorQualityCheckReadFilter) AND NonZeroReferenceLengthAlignmentReadFilter) AND GoodCigarReadFilter) AND WellformedReadFilter)
  61550 read(s) filtered by: (((((((MappingQualityReadFilter AND MappingQualityAvailableReadFilter) AND MappedReadFilter) AND NotSecondaryAlignmentReadFilter) AND NotDuplicateReadFilter) AND PassesVendorQualityCheckReadFilter) AND NonZeroReferenceLengthAlignmentReadFilter) AND GoodCigarReadFilter)
      61550 read(s) filtered by: ((((((MappingQualityReadFilter AND MappingQualityAvailableReadFilter) AND MappedReadFilter) AND NotSecondaryAlignmentReadFilter) AND NotDuplicateReadFilter) AND PassesVendorQualityCheckReadFilter) AND NonZeroReferenceLengthAlignmentReadFilter)
          61550 read(s) filtered by: (((((MappingQualityReadFilter AND MappingQualityAvailableReadFilter) AND MappedReadFilter) AND NotSecondaryAlignmentReadFilter) AND NotDuplicateReadFilter) AND PassesVendorQualityCheckReadFilter)
              61550 read(s) filtered by: ((((MappingQualityReadFilter AND MappingQualityAvailableReadFilter) AND MappedReadFilter) AND NotSecondaryAlignmentReadFilter) AND NotDuplicateReadFilter)
                  13798 read(s) filtered by: (((MappingQualityReadFilter AND MappingQualityAvailableReadFilter) AND MappedReadFilter) AND NotSecondaryAlignmentReadFilter)
                      13312 read(s) filtered by: ((MappingQualityReadFilter AND MappingQualityAvailableReadFilter) AND MappedReadFilter)
                          13312 read(s) filtered by: (MappingQualityReadFilter AND MappingQualityAvailableReadFilter)
                              13312 read(s) filtered by: MappingQualityReadFilter 
                      486 read(s) filtered by: NotSecondaryAlignmentReadFilter 
                  47752 read(s) filtered by: NotDuplicateReadFilter 

00:25:04.220 INFO  ProgressMeter -       chr3:198292588              5.3                695889         131353.1
00:25:04.220 INFO  ProgressMeter - Traversal complete. Processed 695889 total regions in 5.3 minutes.
00:25:04.251 INFO  VectorLoglessPairHMM - Time spent in setup for JNI call : 0.06690425
00:25:04.251 INFO  PairHMM - Total compute time in PairHMM computeLogLikelihoods() : 6.92999044
00:25:04.251 INFO  SmithWatermanAligner - Total compute time in java Smith-Waterman : 9.96 sec
00:25:04.251 INFO  HaplotypeCaller - Shutting down engine
[March 13, 2021 12:25:04 AM EST] org.broadinstitute.hellbender.tools.walkers.haplotypecaller.HaplotypeCaller done. Elapsed time: 5.32 minutes.
Runtime.totalMemory()=2499805184
Using GATK jar /usr/local/apps/GATK/4.1.4.1/gatk-package-4.1.4.1-local.jar
Running:
    java -Dsamjdk.use_async_io_read_samtools=false -Dsamjdk.use_async_io_write_samtools=true -Dsamjdk.use_async_io_write_tribble=false -Dsamjdk.compression_level=2 -Xmx24g -jar /usr/local/apps/GATK/4.1.4.1/gatk-package-4.1.4.1-local.jar HaplotypeCaller --reference /data/tandonm/pl_test_data/human/genome/hg38/Homo_sapiens_assembly38.fasta --input /spin1/scratch/tandonm/pipeline_out/tn_test_1/bams/Sample4_CRL1622_S31.test.recal.bam --use-jdk-inflater --use-jdk-deflater --emit-ref-confidence GVCF --annotation-group StandardAnnotation --annotation-group AS_StandardAnnotation --dbsnp /fdb/GATK_resource_bundle/hg38bundle/dbsnp_138.hg38.vcf.gz --output /spin1/scratch/tandonm/pipeline_out/tn_test_1/germline/gVCFs/Sample4_CRL1622_S31.test.chr3.g.vcf.gz --intervals chr3 --max-alternate-alleles 3
[Sat Mar 13 00:25:04 2021]
Finished job 0.
1 of 1 steps (100%) done
{'Sample10_ARK1_S37.test': '--variant:strelka /spin1/scratch/tandonm/pipeline_out/tn_test_1/somatic/SNP_Indels/strelka_out/vcf/Sample10_ARK1_S37.test.FINAL.vcf --variant:mutect /spin1/scratch/tandonm/pipeline_out/tn_test_1/somatic/SNP_Indels/mutect_out/vcf/Sample10_ARK1_S37.test.FINAL.vcf --variant:vardict /spin1/scratch/tandonm/pipeline_out/tn_test_1/somatic/SNP_Indels/vardict_out/vcf/Sample10_ARK1_S37.test.FINAL.vcf --variant:mutect2 /spin1/scratch/tandonm/pipeline_out/tn_test_1/somatic/SNP_Indels/mutect2_out/vcf/Sample10_ARK1_S37.test.FINAL.vcf --variant:varscan /spin1/scratch/tandonm/pipeline_out/tn_test_1/somatic/SNP_Indels/varscan_out/vcf/Sample10_ARK1_S37.test.FINAL.vcf', 'Sample11_ACI_158_S38.test': '--variant:strelka /spin1/scratch/tandonm/pipeline_out/tn_test_1/somatic/SNP_Indels/strelka_out/vcf/Sample11_ACI_158_S38.test.FINAL.vcf --variant:mutect /spin1/scratch/tandonm/pipeline_out/tn_test_1/somatic/SNP_Indels/mutect_out/vcf/Sample11_ACI_158_S38.test.FINAL.vcf --variant:vardict /spin1/scratch/tandonm/pipeline_out/tn_test_1/somatic/SNP_Indels/vardict_out/vcf/Sample11_ACI_158_S38.test.FINAL.vcf --variant:mutect2 /spin1/scratch/tandonm/pipeline_out/tn_test_1/somatic/SNP_Indels/mutect2_out/vcf/Sample11_ACI_158_S38.test.FINAL.vcf --variant:varscan /spin1/scratch/tandonm/pipeline_out/tn_test_1/somatic/SNP_Indels/varscan_out/vcf/Sample11_ACI_158_S38.test.FINAL.vcf'}
