Building DAG of jobs...
Using shell: /usr/bin/bash
Provided cores: 4
Rules claiming more threads will be scaled down.
Job counts:
	count	jobs
	1	haplotypecaller
	1

[Sat Mar 13 00:19:40 2021]
rule haplotypecaller:
    input: /spin1/scratch/tandonm/pipeline_out/tn_test_1/bams/Sample4_CRL1622_S31.test.recal.bam
    output: /spin1/scratch/tandonm/pipeline_out/tn_test_1/germline/gVCFs/Sample4_CRL1622_S31.test.chr17.g.vcf.gz, /spin1/scratch/tandonm/pipeline_out/tn_test_1/germline/gVCFs/Sample4_CRL1622_S31.test.chr17.g.vcf.gz.tbi
    jobid: 0
    wildcards: samples=Sample4_CRL1622_S31.test, chroms=chr17

[+] Loading gcc  9.2.0  ... 
[+] Loading GSL 2.6 for GCC 9.2.0 ... 
[-] Unloading gcc  9.2.0  ... 
[+] Loading gcc  9.2.0  ... 
[+] Loading openmpi 3.1.4  for GCC 9.2.0 
[+] Loading ImageMagick  7.0.8  on cn2397 
[+] Loading HDF5  1.10.4 
[-] Unloading gcc  9.2.0  ... 
[+] Loading gcc  9.2.0  ... 
[+] Loading NetCDF 4.7.4_gcc9.2.0 
[+] Loading pandoc  2.11.4  on cn2397 
[+] Loading R 3.6.3 
[+] Loading GATK  4.1.4.1 

GATK/4 includes its own python environment. Loading a different python
environment
after the GATK module will result in some tools failing. Conversely, the python
environment included with GATK/4 will override any python modules you may
already
have loaded.


00:19:44.671 WARN  GATKAnnotationPluginDescriptor - Redundant enabled annotation group (StandardAnnotation) is enabled for this tool by default
Mar 13, 2021 12:19:44 AM shaded.cloud_nio.com.google.auth.oauth2.ComputeEngineCredentials runningOnComputeEngine
INFO: Failed to detect whether we are running on Google Compute Engine.
00:19:44.926 INFO  HaplotypeCaller - ------------------------------------------------------------
00:19:44.926 INFO  HaplotypeCaller - The Genome Analysis Toolkit (GATK) v4.1.4.1
00:19:44.926 INFO  HaplotypeCaller - For support and documentation go to https://software.broadinstitute.org/gatk/
00:19:44.926 INFO  HaplotypeCaller - Executing as tandonm@cn2397 on Linux v3.10.0-862.14.4.el7.x86_64 amd64
00:19:44.926 INFO  HaplotypeCaller - Java runtime: OpenJDK 64-Bit Server VM v1.8.0_181-b13
00:19:44.927 INFO  HaplotypeCaller - Start Date/Time: March 13, 2021 12:19:44 AM EST
00:19:44.927 INFO  HaplotypeCaller - ------------------------------------------------------------
00:19:44.927 INFO  HaplotypeCaller - ------------------------------------------------------------
00:19:44.927 INFO  HaplotypeCaller - HTSJDK Version: 2.21.0
00:19:44.927 INFO  HaplotypeCaller - Picard Version: 2.21.2
00:19:44.931 INFO  HaplotypeCaller - HTSJDK Defaults.COMPRESSION_LEVEL : 2
00:19:44.931 INFO  HaplotypeCaller - HTSJDK Defaults.USE_ASYNC_IO_READ_FOR_SAMTOOLS : false
00:19:44.931 INFO  HaplotypeCaller - HTSJDK Defaults.USE_ASYNC_IO_WRITE_FOR_SAMTOOLS : true
00:19:44.931 INFO  HaplotypeCaller - HTSJDK Defaults.USE_ASYNC_IO_WRITE_FOR_TRIBBLE : false
00:19:44.932 INFO  HaplotypeCaller - Deflater: JdkDeflater
00:19:44.933 INFO  HaplotypeCaller - Inflater: JdkInflater
00:19:44.933 INFO  HaplotypeCaller - GCS max retries/reopens: 20
00:19:44.933 INFO  HaplotypeCaller - Requester pays: disabled
00:19:44.933 INFO  HaplotypeCaller - Initializing engine
WARNING	2021-03-13 00:19:45	SamFiles	The index file /gpfs/gsfs7/users/tandonm/pl_test_data/human/bams/Sample4_CRL1622_S31.test.recal.bai was found by resolving the canonical path of a symlink: /spin1/scratch/tandonm/pipeline_out/tn_test_1/bams/Sample4_CRL1622_S31.test.recal.bam -> /gpfs/gsfs7/users/tandonm/pl_test_data/human/bams/Sample4_CRL1622_S31.test.recal.bam
WARNING: BAM index file /gpfs/gsfs7/users/tandonm/pl_test_data/human/bams/Sample4_CRL1622_S31.test.recal.bai is older than BAM /spin1/scratch/tandonm/pipeline_out/tn_test_1/bams/Sample4_CRL1622_S31.test.recal.bam
00:19:45.536 INFO  FeatureManager - Using codec VCFCodec to read file file:///fdb/GATK_resource_bundle/hg38bundle/dbsnp_138.hg38.vcf.gz
00:19:45.700 INFO  IntervalArgumentCollection - Processing 83257441 bp from intervals
00:19:45.739 INFO  HaplotypeCaller - Done initializing engine
00:19:45.741 INFO  HaplotypeCallerEngine - Tool is in reference confidence mode and the annotation, the following changes will be made to any specified annotations: 'StrandBiasBySample' will be enabled. 'ChromosomeCounts', 'FisherStrand', 'StrandOddsRatio' and 'QualByDepth' annotations have been disabled
00:19:45.834 INFO  HaplotypeCallerEngine - Standard Emitting and Calling confidence set to 0.0 for reference-model confidence output
00:19:45.834 INFO  HaplotypeCallerEngine - All sites annotated with PLs forced to true for reference-model confidence output
00:19:45.849 INFO  NativeLibraryLoader - Loading libgkl_utils.so from jar:file:/usr/local/apps/GATK/4.1.4.1/gatk-package-4.1.4.1-local.jar!/com/intel/gkl/native/libgkl_utils.so
00:19:45.852 INFO  NativeLibraryLoader - Loading libgkl_pairhmm_omp.so from jar:file:/usr/local/apps/GATK/4.1.4.1/gatk-package-4.1.4.1-local.jar!/com/intel/gkl/native/libgkl_pairhmm_omp.so
00:19:45.907 INFO  IntelPairHmm - Using CPU-supported AVX-512 instructions
00:19:45.907 INFO  IntelPairHmm - Flush-to-zero (FTZ) is enabled when running PairHMM
00:19:45.907 INFO  IntelPairHmm - Available threads: 1
00:19:45.907 INFO  IntelPairHmm - Requested threads: 4
00:19:45.907 WARN  IntelPairHmm - Using 1 available threads, but 4 were requested
00:19:45.907 INFO  PairHMM - Using the OpenMP multi-threaded AVX-accelerated native PairHMM implementation
00:19:45.991 INFO  ProgressMeter - Starting traversal
00:19:45.992 INFO  ProgressMeter -        Current Locus  Elapsed Minutes     Regions Processed   Regions/Minute
00:19:47.227 WARN  InbreedingCoeff - InbreedingCoeff will not be calculated; at least 10 samples must have called genotypes
00:19:56.008 INFO  ProgressMeter -        chr17:1776671              0.2                  6350          38039.1
00:20:06.022 INFO  ProgressMeter -        chr17:4049846              0.3                 15080          45172.2
00:20:13.372 WARN  DepthPerSampleHC - Annotation will not be calculated, genotype is not called or alleleLikelihoodMap is null
00:20:13.372 WARN  StrandBiasBySample - Annotation will not be calculated, genotype is not called or alleleLikelihoodMap is null
00:20:16.031 INFO  ProgressMeter -        chr17:7016754              0.5                 26230          52391.9
00:20:23.361 WARN  StrandBiasBySample - Annotation will not be calculated, genotype is not called or alleleLikelihoodMap is null
00:20:23.363 WARN  StrandBiasBySample - Annotation will not be calculated, genotype is not called or alleleLikelihoodMap is null
00:20:23.363 WARN  StrandBiasBySample - Annotation will not be calculated, genotype is not called or alleleLikelihoodMap is null
00:20:26.032 INFO  ProgressMeter -        chr17:8595184              0.7                 32520          48731.3
00:20:36.036 INFO  ProgressMeter -       chr17:12945370              0.8                 48180          57765.2
00:20:46.040 INFO  ProgressMeter -       chr17:17279938              1.0                 63820          63769.0
00:20:56.041 INFO  ProgressMeter -       chr17:19971947              1.2                 73990          63375.6
00:21:05.004 WARN  StrandBiasBySample - Annotation will not be calculated, genotype is not called or alleleLikelihoodMap is null
00:21:06.123 INFO  ProgressMeter -       chr17:21705071              1.3                 80330          60149.0
00:21:16.132 INFO  ProgressMeter -       chr17:29055905              1.5                105820          70437.1
00:21:26.132 INFO  ProgressMeter -       chr17:34177174              1.7                124460          74571.6
00:21:36.133 INFO  ProgressMeter -       chr17:40162081              1.8                145610          79322.0
00:21:46.134 INFO  ProgressMeter -       chr17:42965350              2.0                156190          78002.7
00:21:50.940 WARN  StrandBiasBySample - Annotation will not be calculated, genotype is not called or alleleLikelihoodMap is null
00:21:56.134 INFO  ProgressMeter -       chr17:46588775              2.2                169650          78214.6
00:22:06.138 INFO  ProgressMeter -       chr17:50465548              2.3                184100          78817.8
00:22:12.122 WARN  StrandBiasBySample - Annotation will not be calculated, genotype is not called or alleleLikelihoodMap is null
00:22:16.153 INFO  ProgressMeter -       chr17:57258054              2.5                208000          83110.8
00:22:26.153 INFO  ProgressMeter -       chr17:61903070              2.7                224970          84278.9
00:22:33.251 WARN  StrandBiasBySample - Annotation will not be calculated, genotype is not called or alleleLikelihoodMap is null
00:22:36.157 INFO  ProgressMeter -       chr17:66196536              2.8                240630          84845.9
00:22:37.317 WARN  StrandBiasBySample - Annotation will not be calculated, genotype is not called or alleleLikelihoodMap is null
00:22:37.318 WARN  StrandBiasBySample - Annotation will not be calculated, genotype is not called or alleleLikelihoodMap is null
00:22:40.430 WARN  StrandBiasBySample - Annotation will not be calculated, genotype is not called or alleleLikelihoodMap is null
00:22:46.158 INFO  ProgressMeter -       chr17:72005182              3.0                261440          87066.9
00:22:48.050 WARN  StrandBiasBySample - Annotation will not be calculated, genotype is not called or alleleLikelihoodMap is null
00:22:54.473 WARN  StrandBiasBySample - Annotation will not be calculated, genotype is not called or alleleLikelihoodMap is null
00:22:56.165 INFO  ProgressMeter -       chr17:75595087              3.2                274880          86725.2
00:23:00.772 WARN  StrandBiasBySample - Annotation will not be calculated, genotype is not called or alleleLikelihoodMap is null
00:23:06.313 INFO  ProgressMeter -       chr17:78530855              3.3                286110          85695.5
00:23:16.084 WARN  StrandBiasBySample - Annotation will not be calculated, genotype is not called or alleleLikelihoodMap is null
00:23:16.085 WARN  StrandBiasBySample - Annotation will not be calculated, genotype is not called or alleleLikelihoodMap is null
00:23:16.085 WARN  StrandBiasBySample - Annotation will not be calculated, genotype is not called or alleleLikelihoodMap is null
00:23:16.313 INFO  ProgressMeter -       chr17:81607489              3.5                297640          84910.2
00:23:22.375 INFO  HaplotypeCaller - 113473 read(s) filtered by: ((((((((MappingQualityReadFilter AND MappingQualityAvailableReadFilter) AND MappedReadFilter) AND NotSecondaryAlignmentReadFilter) AND NotDuplicateReadFilter) AND PassesVendorQualityCheckReadFilter) AND NonZeroReferenceLengthAlignmentReadFilter) AND GoodCigarReadFilter) AND WellformedReadFilter)
  113473 read(s) filtered by: (((((((MappingQualityReadFilter AND MappingQualityAvailableReadFilter) AND MappedReadFilter) AND NotSecondaryAlignmentReadFilter) AND NotDuplicateReadFilter) AND PassesVendorQualityCheckReadFilter) AND NonZeroReferenceLengthAlignmentReadFilter) AND GoodCigarReadFilter)
      113473 read(s) filtered by: ((((((MappingQualityReadFilter AND MappingQualityAvailableReadFilter) AND MappedReadFilter) AND NotSecondaryAlignmentReadFilter) AND NotDuplicateReadFilter) AND PassesVendorQualityCheckReadFilter) AND NonZeroReferenceLengthAlignmentReadFilter)
          113473 read(s) filtered by: (((((MappingQualityReadFilter AND MappingQualityAvailableReadFilter) AND MappedReadFilter) AND NotSecondaryAlignmentReadFilter) AND NotDuplicateReadFilter) AND PassesVendorQualityCheckReadFilter)
              113473 read(s) filtered by: ((((MappingQualityReadFilter AND MappingQualityAvailableReadFilter) AND MappedReadFilter) AND NotSecondaryAlignmentReadFilter) AND NotDuplicateReadFilter)
                  70115 read(s) filtered by: (((MappingQualityReadFilter AND MappingQualityAvailableReadFilter) AND MappedReadFilter) AND NotSecondaryAlignmentReadFilter)
                      69804 read(s) filtered by: ((MappingQualityReadFilter AND MappingQualityAvailableReadFilter) AND MappedReadFilter)
                          69804 read(s) filtered by: (MappingQualityReadFilter AND MappingQualityAvailableReadFilter)
                              69804 read(s) filtered by: MappingQualityReadFilter 
                      311 read(s) filtered by: NotSecondaryAlignmentReadFilter 
                  43358 read(s) filtered by: NotDuplicateReadFilter 

00:23:22.375 INFO  ProgressMeter -       chr17:83254746              3.6                303928          84275.0
00:23:22.375 INFO  ProgressMeter - Traversal complete. Processed 303928 total regions in 3.6 minutes.
00:23:22.394 INFO  VectorLoglessPairHMM - Time spent in setup for JNI call : 0.06550307600000001
00:23:22.394 INFO  PairHMM - Total compute time in PairHMM computeLogLikelihoods() : 7.660006342000001
00:23:22.394 INFO  SmithWatermanAligner - Total compute time in java Smith-Waterman : 7.87 sec
00:23:22.394 INFO  HaplotypeCaller - Shutting down engine
[March 13, 2021 12:23:22 AM EST] org.broadinstitute.hellbender.tools.walkers.haplotypecaller.HaplotypeCaller done. Elapsed time: 3.63 minutes.
Runtime.totalMemory()=2741501952
Using GATK jar /usr/local/apps/GATK/4.1.4.1/gatk-package-4.1.4.1-local.jar
Running:
    java -Dsamjdk.use_async_io_read_samtools=false -Dsamjdk.use_async_io_write_samtools=true -Dsamjdk.use_async_io_write_tribble=false -Dsamjdk.compression_level=2 -Xmx24g -jar /usr/local/apps/GATK/4.1.4.1/gatk-package-4.1.4.1-local.jar HaplotypeCaller --reference /data/tandonm/pl_test_data/human/genome/hg38/Homo_sapiens_assembly38.fasta --input /spin1/scratch/tandonm/pipeline_out/tn_test_1/bams/Sample4_CRL1622_S31.test.recal.bam --use-jdk-inflater --use-jdk-deflater --emit-ref-confidence GVCF --annotation-group StandardAnnotation --annotation-group AS_StandardAnnotation --dbsnp /fdb/GATK_resource_bundle/hg38bundle/dbsnp_138.hg38.vcf.gz --output /spin1/scratch/tandonm/pipeline_out/tn_test_1/germline/gVCFs/Sample4_CRL1622_S31.test.chr17.g.vcf.gz --intervals chr17 --max-alternate-alleles 3
[Sat Mar 13 00:23:22 2021]
Finished job 0.
1 of 1 steps (100%) done
{'Sample10_ARK1_S37.test': '--variant:vardict /spin1/scratch/tandonm/pipeline_out/tn_test_1/somatic/SNP_Indels/vardict_out/vcf/Sample10_ARK1_S37.test.FINAL.vcf --variant:strelka /spin1/scratch/tandonm/pipeline_out/tn_test_1/somatic/SNP_Indels/strelka_out/vcf/Sample10_ARK1_S37.test.FINAL.vcf --variant:mutect2 /spin1/scratch/tandonm/pipeline_out/tn_test_1/somatic/SNP_Indels/mutect2_out/vcf/Sample10_ARK1_S37.test.FINAL.vcf --variant:varscan /spin1/scratch/tandonm/pipeline_out/tn_test_1/somatic/SNP_Indels/varscan_out/vcf/Sample10_ARK1_S37.test.FINAL.vcf --variant:mutect /spin1/scratch/tandonm/pipeline_out/tn_test_1/somatic/SNP_Indels/mutect_out/vcf/Sample10_ARK1_S37.test.FINAL.vcf', 'Sample11_ACI_158_S38.test': '--variant:vardict /spin1/scratch/tandonm/pipeline_out/tn_test_1/somatic/SNP_Indels/vardict_out/vcf/Sample11_ACI_158_S38.test.FINAL.vcf --variant:strelka /spin1/scratch/tandonm/pipeline_out/tn_test_1/somatic/SNP_Indels/strelka_out/vcf/Sample11_ACI_158_S38.test.FINAL.vcf --variant:mutect2 /spin1/scratch/tandonm/pipeline_out/tn_test_1/somatic/SNP_Indels/mutect2_out/vcf/Sample11_ACI_158_S38.test.FINAL.vcf --variant:varscan /spin1/scratch/tandonm/pipeline_out/tn_test_1/somatic/SNP_Indels/varscan_out/vcf/Sample11_ACI_158_S38.test.FINAL.vcf --variant:mutect /spin1/scratch/tandonm/pipeline_out/tn_test_1/somatic/SNP_Indels/mutect_out/vcf/Sample11_ACI_158_S38.test.FINAL.vcf'}
